[2019-03-27 20:34:17] [marian] Marian v1.7.8 02f2cbe 2019-03-27 14:50:43 +0100
[2019-03-27 20:34:17] [marian] Running on poseidon.lingea.cz as process 26787 with command line:
[2019-03-27 20:34:17] [marian] /home/large/data/models/marian/marian-doc/marian_voita/doc-marian/build/marian --model model/model.src1tgt0.doc.notpretrained.npz --type transformer-context --train-sets corp/opensub.en-fr.docs.train.en.bpe.src_prev corp/opensub.en-fr.docs.train.en.bpe.src corp/opensub.en-fr.docs.train.fr.bpe --max-length 55 --dim-vocabs 30000 30000 --vocabs corp/vocab.encz.opensub.new.yml corp/vocab.encz.opensub.new.yml corp/vocab.encz.opensub.new.yml --mini-batch-fit -w 9000 --mini-batch 1000 --maxi-batch 1000 --early-stopping 10 --valid-freq 5000 --save-freq 5000 --disp-freq 500 --valid-metrics cross-entropy perplexity translation --valid-sets corp/opensub.en-fr.docs.dev.en.bpe.src_prev corp/opensub.en-fr.docs.dev.en.bpe.src corp/opensub.en-fr.docs.dev.fr.bpe --valid-script-path ./val.sh --valid-translation-output data/valid.bpe.en.output --quiet-translation --valid-mini-batch 64 --beam-size 6 --normalize 0.6 --log model/train_trans.gate.log --valid-log model/valid_trans.gate.log --enc-depth 6 --dec-depth 6 --transformer-heads 8 --transformer-postprocess-emb d --transformer-postprocess dan --transformer-dropout 0.1 --label-smoothing 0.1 --learn-rate 0.0003 --lr-warmup 16000 --lr-decay-inv-sqrt 16000 --lr-report --optimizer-params 0.9 0.98 1e-09 --clip-norm 5 --tied-embeddings-all --optimizer-delay 4 --devices 0 1 --no-nccl --sync-sgd --seed 1111 --exponential-smoothing --no-restore-corpus
[2019-03-27 20:34:17] [config] after-batches: 0
[2019-03-27 20:34:17] [config] after-epochs: 0
[2019-03-27 20:34:17] [config] allow-unk: false
[2019-03-27 20:34:17] [config] beam-size: 6
[2019-03-27 20:34:17] [config] bert-class-symbol: "[CLS]"
[2019-03-27 20:34:17] [config] bert-mask-symbol: "[MASK]"
[2019-03-27 20:34:17] [config] bert-masking-fraction: 0.15
[2019-03-27 20:34:17] [config] bert-sep-symbol: "[SEP]"
[2019-03-27 20:34:17] [config] bert-train-type-embeddings: true
[2019-03-27 20:34:17] [config] bert-type-vocab-size: 2
[2019-03-27 20:34:17] [config] best-deep: false
[2019-03-27 20:34:17] [config] clip-gemm: 0
[2019-03-27 20:34:17] [config] clip-norm: 5
[2019-03-27 20:34:17] [config] context-enc-depth: 1
[2019-03-27 20:34:17] [config] cost-type: ce-mean
[2019-03-27 20:34:17] [config] cpu-threads: 0
[2019-03-27 20:34:17] [config] data-weighting: ""
[2019-03-27 20:34:17] [config] data-weighting-type: sentence
[2019-03-27 20:34:17] [config] dec-cell: gru
[2019-03-27 20:34:17] [config] dec-cell-base-depth: 2
[2019-03-27 20:34:17] [config] dec-cell-high-depth: 1
[2019-03-27 20:34:17] [config] dec-depth: 6
[2019-03-27 20:34:17] [config] devices:
[2019-03-27 20:34:17] [config]   - 0
[2019-03-27 20:34:17] [config]   - 1
[2019-03-27 20:34:17] [config] dim-emb: 512
[2019-03-27 20:34:17] [config] dim-rnn: 1024
[2019-03-27 20:34:17] [config] dim-vocabs:
[2019-03-27 20:34:17] [config]   - 30000
[2019-03-27 20:34:17] [config]   - 30000
[2019-03-27 20:34:17] [config] disp-first: 0
[2019-03-27 20:34:17] [config] disp-freq: 500
[2019-03-27 20:34:17] [config] disp-label-counts: false
[2019-03-27 20:34:17] [config] dropout-rnn: 0
[2019-03-27 20:34:17] [config] dropout-src: 0
[2019-03-27 20:34:17] [config] dropout-trg: 0
[2019-03-27 20:34:17] [config] dump-config: ""
[2019-03-27 20:34:17] [config] early-stopping: 10
[2019-03-27 20:34:17] [config] embedding-fix-src: false
[2019-03-27 20:34:17] [config] embedding-fix-trg: false
[2019-03-27 20:34:17] [config] embedding-normalization: false
[2019-03-27 20:34:17] [config] embedding-vectors:
[2019-03-27 20:34:17] [config]   []
[2019-03-27 20:34:17] [config] enc-cell: gru
[2019-03-27 20:34:17] [config] enc-cell-depth: 1
[2019-03-27 20:34:17] [config] enc-depth: 6
[2019-03-27 20:34:17] [config] enc-type: bidirectional
[2019-03-27 20:34:17] [config] exponential-smoothing: 0.0001
[2019-03-27 20:34:17] [config] grad-dropping-momentum: 0
[2019-03-27 20:34:17] [config] grad-dropping-rate: 0
[2019-03-27 20:34:17] [config] grad-dropping-warmup: 100
[2019-03-27 20:34:17] [config] guided-alignment: none
[2019-03-27 20:34:17] [config] guided-alignment-cost: mse
[2019-03-27 20:34:17] [config] guided-alignment-weight: 0.1
[2019-03-27 20:34:17] [config] hier-att: false
[2019-03-27 20:34:17] [config] ignore-model-config: false
[2019-03-27 20:34:17] [config] input-types:
[2019-03-27 20:34:17] [config]   []
[2019-03-27 20:34:17] [config] interpolate-env-vars: false
[2019-03-27 20:34:17] [config] keep-best: false
[2019-03-27 20:34:17] [config] label-smoothing: 0.1
[2019-03-27 20:34:17] [config] layer-normalization: false
[2019-03-27 20:34:17] [config] learn-rate: 0.0003
[2019-03-27 20:34:17] [config] log: model/train_trans.gate.log
[2019-03-27 20:34:17] [config] log-level: info
[2019-03-27 20:34:17] [config] log-time-zone: ""
[2019-03-27 20:34:17] [config] lr-decay: 0
[2019-03-27 20:34:17] [config] lr-decay-freq: 50000
[2019-03-27 20:34:17] [config] lr-decay-inv-sqrt:
[2019-03-27 20:34:17] [config]   - 16000
[2019-03-27 20:34:17] [config] lr-decay-repeat-warmup: false
[2019-03-27 20:34:17] [config] lr-decay-reset-optimizer: false
[2019-03-27 20:34:17] [config] lr-decay-start:
[2019-03-27 20:34:17] [config]   - 10
[2019-03-27 20:34:17] [config]   - 1
[2019-03-27 20:34:17] [config] lr-decay-strategy: epoch+stalled
[2019-03-27 20:34:17] [config] lr-report: true
[2019-03-27 20:34:17] [config] lr-warmup: 16000
[2019-03-27 20:34:17] [config] lr-warmup-at-reload: false
[2019-03-27 20:34:17] [config] lr-warmup-cycle: false
[2019-03-27 20:34:17] [config] lr-warmup-start-rate: 0
[2019-03-27 20:34:17] [config] max-length: 55
[2019-03-27 20:34:17] [config] max-length-crop: false
[2019-03-27 20:34:17] [config] max-length-factor: 3
[2019-03-27 20:34:17] [config] maxi-batch: 1000
[2019-03-27 20:34:17] [config] maxi-batch-sort: trg
[2019-03-27 20:34:17] [config] mini-batch: 1000
[2019-03-27 20:34:17] [config] mini-batch-fit: true
[2019-03-27 20:34:17] [config] mini-batch-fit-step: 10
[2019-03-27 20:34:17] [config] mini-batch-overstuff: 1
[2019-03-27 20:34:17] [config] mini-batch-track-lr: false
[2019-03-27 20:34:17] [config] mini-batch-understuff: 1
[2019-03-27 20:34:17] [config] mini-batch-warmup: 0
[2019-03-27 20:34:17] [config] mini-batch-words: 0
[2019-03-27 20:34:17] [config] mini-batch-words-ref: 0
[2019-03-27 20:34:17] [config] model: model/model.src1tgt0.doc.notpretrained.npz
[2019-03-27 20:34:17] [config] multi-loss-type: sum
[2019-03-27 20:34:17] [config] multi-node: false
[2019-03-27 20:34:17] [config] multi-node-overlap: true
[2019-03-27 20:34:17] [config] n-best: false
[2019-03-27 20:34:17] [config] no-nccl: true
[2019-03-27 20:34:17] [config] no-reload: false
[2019-03-27 20:34:17] [config] no-restore-corpus: true
[2019-03-27 20:34:17] [config] no-shuffle: false
[2019-03-27 20:34:17] [config] normalize: 0.6
[2019-03-27 20:34:17] [config] num-devices: 0
[2019-03-27 20:34:17] [config] optimizer: adam
[2019-03-27 20:34:17] [config] optimizer-delay: 4
[2019-03-27 20:34:17] [config] optimizer-params:
[2019-03-27 20:34:17] [config]   - 0.9
[2019-03-27 20:34:17] [config]   - 0.98
[2019-03-27 20:34:17] [config]   - 1e-09
[2019-03-27 20:34:17] [config] overwrite: false
[2019-03-27 20:34:17] [config] pretrained-model: ""
[2019-03-27 20:34:17] [config] quiet: false
[2019-03-27 20:34:17] [config] quiet-translation: true
[2019-03-27 20:34:17] [config] relative-paths: false
[2019-03-27 20:34:17] [config] right-left: false
[2019-03-27 20:34:17] [config] save-freq: 5000
[2019-03-27 20:34:17] [config] seed: 1111
[2019-03-27 20:34:17] [config] shuffle-in-ram: false
[2019-03-27 20:34:17] [config] skip: false
[2019-03-27 20:34:17] [config] sqlite: ""
[2019-03-27 20:34:17] [config] sqlite-drop: false
[2019-03-27 20:34:17] [config] sync-sgd: true
[2019-03-27 20:34:17] [config] tempdir: /tmp
[2019-03-27 20:34:17] [config] tied-embeddings: false
[2019-03-27 20:34:17] [config] tied-embeddings-all: true
[2019-03-27 20:34:17] [config] tied-embeddings-src: false
[2019-03-27 20:34:17] [config] train-sets:
[2019-03-27 20:34:17] [config]   - corp/opensub.en-fr.docs.train.en.bpe.src_prev
[2019-03-27 20:34:17] [config]   - corp/opensub.en-fr.docs.train.en.bpe.src
[2019-03-27 20:34:17] [config]   - corp/opensub.en-fr.docs.train.fr.bpe
[2019-03-27 20:34:17] [config] transformer-aan-activation: swish
[2019-03-27 20:34:17] [config] transformer-aan-depth: 2
[2019-03-27 20:34:17] [config] transformer-aan-nogate: false
[2019-03-27 20:34:17] [config] transformer-decoder-autoreg: self-attention
[2019-03-27 20:34:17] [config] transformer-dim-aan: 2048
[2019-03-27 20:34:17] [config] transformer-dim-ffn: 2048
[2019-03-27 20:34:17] [config] transformer-dropout: 0.1
[2019-03-27 20:34:17] [config] transformer-dropout-attention: 0
[2019-03-27 20:34:17] [config] transformer-dropout-ffn: 0
[2019-03-27 20:34:17] [config] transformer-ffn-activation: swish
[2019-03-27 20:34:17] [config] transformer-ffn-depth: 2
[2019-03-27 20:34:17] [config] transformer-guided-alignment-layer: last
[2019-03-27 20:34:17] [config] transformer-heads: 8
[2019-03-27 20:34:17] [config] transformer-no-projection: false
[2019-03-27 20:34:17] [config] transformer-postprocess: dan
[2019-03-27 20:34:17] [config] transformer-postprocess-emb: d
[2019-03-27 20:34:17] [config] transformer-preprocess: ""
[2019-03-27 20:34:17] [config] transformer-tied-layers:
[2019-03-27 20:34:17] [config]   []
[2019-03-27 20:34:17] [config] transformer-train-position-embeddings: false
[2019-03-27 20:34:17] [config] type: transformer-context
[2019-03-27 20:34:17] [config] ulr: false
[2019-03-27 20:34:17] [config] ulr-dim-emb: 0
[2019-03-27 20:34:17] [config] ulr-dropout: 0
[2019-03-27 20:34:17] [config] ulr-keys-vectors: ""
[2019-03-27 20:34:17] [config] ulr-query-vectors: ""
[2019-03-27 20:34:17] [config] ulr-softmax-temperature: 1
[2019-03-27 20:34:17] [config] ulr-trainable-transformation: false
[2019-03-27 20:34:17] [config] valid-freq: 5000
[2019-03-27 20:34:17] [config] valid-log: model/valid_trans.gate.log
[2019-03-27 20:34:17] [config] valid-max-length: 1000
[2019-03-27 20:34:17] [config] valid-metrics:
[2019-03-27 20:34:17] [config]   - cross-entropy
[2019-03-27 20:34:17] [config]   - perplexity
[2019-03-27 20:34:17] [config]   - translation
[2019-03-27 20:34:17] [config] valid-mini-batch: 64
[2019-03-27 20:34:17] [config] valid-script-path: ./val.sh
[2019-03-27 20:34:17] [config] valid-sets:
[2019-03-27 20:34:17] [config]   - corp/opensub.en-fr.docs.dev.en.bpe.src_prev
[2019-03-27 20:34:17] [config]   - corp/opensub.en-fr.docs.dev.en.bpe.src
[2019-03-27 20:34:17] [config]   - corp/opensub.en-fr.docs.dev.fr.bpe
[2019-03-27 20:34:17] [config] valid-translation-output: data/valid.bpe.en.output
[2019-03-27 20:34:17] [config] vocabs:
[2019-03-27 20:34:17] [config]   - corp/vocab.encz.opensub.new.yml
[2019-03-27 20:34:17] [config]   - corp/vocab.encz.opensub.new.yml
[2019-03-27 20:34:17] [config]   - corp/vocab.encz.opensub.new.yml
[2019-03-27 20:34:17] [config] word-penalty: 0
[2019-03-27 20:34:17] [config] workspace: 9000
[2019-03-27 20:34:17] [config] Model is being created with Marian v1.7.8 02f2cbe 2019-03-27 14:50:43 +0100
[2019-03-27 20:34:17] Using synchronous training
[2019-03-27 20:34:17] [data] Loading vocabulary from JSON/Yaml file corp/vocab.encz.opensub.new.yml
[2019-03-27 20:34:18] [data] Setting vocabulary size for input 0 to 30000
[2019-03-27 20:34:18] [data] Loading vocabulary from JSON/Yaml file corp/vocab.encz.opensub.new.yml
[2019-03-27 20:34:18] [data] Setting vocabulary size for input 1 to 30000
[2019-03-27 20:34:18] [data] Loading vocabulary from JSON/Yaml file corp/vocab.encz.opensub.new.yml
[2019-03-27 20:34:18] [data] Setting vocabulary size for input 2 to 30000
[2019-03-27 20:34:18] Compiled without MPI support. Falling back to FakeMPIWrapper
[2019-03-27 20:34:18] [batching] Collecting statistics for batch fitting with step size 10
[2019-03-27 20:34:20] [memory] Extending reserved space to 9088 MB (device gpu0)
[2019-03-27 20:34:20] [memory] Extending reserved space to 9088 MB (device gpu1)
[2019-03-27 20:34:20] [comm] NCCL communicator overridden
[2019-03-27 20:34:20] [training] Using 2 GPUs
[2019-03-27 20:34:20] [memory] Reserving 311 MB, device gpu0
[2019-03-27 20:34:20] [gpu] 16-bit TensorCores enabled for float32 matrix operations
[2019-03-27 20:34:22] [memory] Reserving 311 MB, device gpu0
[2019-03-27 20:34:33] [batching] Done. Typical MB size is 37200 target words
[2019-03-27 20:34:33] [memory] Extending reserved space to 9088 MB (device gpu0)
[2019-03-27 20:34:34] [memory] Extending reserved space to 9088 MB (device gpu1)
[2019-03-27 20:34:34] [comm] NCCL communicator overridden
[2019-03-27 20:34:34] [training] Using 2 GPUs
[2019-03-27 20:34:34] Training started
[2019-03-27 20:34:34] [data] Shuffling data
[2019-03-27 20:34:57] [data] Done reading 41736982 sentences
[2019-03-27 20:38:42] [data] Done shuffling 41736982 sentences to temp files
[2019-03-27 20:39:29] [training] Batches are processed as 1 process(es) x 2 devices/process
[2019-03-27 20:39:29] [memory] Reserving 311 MB, device gpu0
[2019-03-27 20:39:29] [memory] Reserving 311 MB, device gpu1
[2019-03-27 20:39:29] [memory] Reserving 311 MB, device gpu1
[2019-03-27 20:39:29] [memory] Reserving 311 MB, device gpu0
[2019-03-27 20:39:29] [memory] Reserving 155 MB, device gpu0
[2019-03-27 20:39:29] [memory] Reserving 155 MB, device gpu1
[2019-03-27 20:39:30] [memory] Reserving 155 MB, device gpu0
[2019-03-27 20:39:30] [memory] Reserving 155 MB, device gpu1
[2019-03-27 20:39:31] [memory] Reserving 311 MB, device gpu1
[2019-03-27 20:39:31] [memory] Reserving 311 MB, device gpu0
[2019-03-27 20:47:50] Ep. 1 : Up. 500 : Sen. 721,361 : Cost 81.86557007 : Time 811.87s : 8288.95 words/s : L.r. 9.3750e-06
[2019-03-27 20:56:24] Ep. 1 : Up. 1000 : Sen. 1,458,316 : Cost 68.96253967 : Time 513.82s : 13593.89 words/s : L.r. 1.8750e-05
[2019-03-27 21:04:46] Ep. 1 : Up. 1500 : Sen. 2,155,644 : Cost 69.16417694 : Time 501.56s : 13327.72 words/s : L.r. 2.8125e-05
[2019-03-27 21:13:08] Ep. 1 : Up. 2000 : Sen. 2,854,284 : Cost 67.97869873 : Time 502.00s : 13354.87 words/s : L.r. 3.7500e-05
[2019-03-27 21:21:38] Ep. 1 : Up. 2500 : Sen. 3,589,014 : Cost 66.01515961 : Time 510.81s : 13500.88 words/s : L.r. 4.6875e-05
[2019-03-27 21:30:08] Ep. 1 : Up. 3000 : Sen. 4,320,021 : Cost 65.38050842 : Time 509.50s : 13345.68 words/s : L.r. 5.6250e-05
[2019-03-27 21:38:31] Ep. 1 : Up. 3500 : Sen. 5,021,774 : Cost 67.96662903 : Time 502.73s : 13378.65 words/s : L.r. 6.5625e-05
[2019-03-27 21:46:50] Ep. 1 : Up. 4000 : Sen. 5,729,505 : Cost 66.91831970 : Time 499.83s : 13277.86 words/s : L.r. 7.5000e-05
[2019-03-27 21:55:19] Ep. 1 : Up. 4500 : Sen. 6,457,822 : Cost 68.00549316 : Time 508.07s : 13521.27 words/s : L.r. 8.4375e-05
[2019-03-27 22:03:43] Ep. 1 : Up. 5000 : Sen. 7,166,030 : Cost 69.23775482 : Time 504.00s : 13307.77 words/s : L.r. 9.3750e-05
[2019-03-27 22:03:43] Saving model weights and runtime parameters to model/model.src1tgt0.doc.notpretrained.npz.orig.npz
[2019-03-27 22:03:48] Saving model weights and runtime parameters to model/model.src1tgt0.doc.notpretrained.iter5000.npz
[2019-03-27 22:03:54] Saving model weights and runtime parameters to model/model.src1tgt0.doc.notpretrained.npz
[2019-03-27 22:04:02] Saving Adam parameters to model/model.src1tgt0.doc.notpretrained.npz.optimizer.npz
[2019-03-27 22:04:16] [valid] Ep. 1 : Up. 5000 : cross-entropy : 89.4788 : new best
[2019-03-27 22:04:19] [valid] Ep. 1 : Up. 5000 : perplexity : 1035.29 : new best
Detokenizer Version $Revision: 4134 $
Language: en
[2019-03-27 22:04:52] [valid] Ep. 1 : Up. 5000 : translation : 0 : new best
[2019-03-27 22:13:12] Ep. 1 : Up. 5500 : Sen. 7,872,418 : Cost 70.03377533 : Time 569.17s : 11744.84 words/s : L.r. 1.0313e-04
[2019-03-27 22:21:40] Ep. 1 : Up. 6000 : Sen. 8,609,528 : Cost 69.50207520 : Time 508.71s : 13517.54 words/s : L.r. 1.1250e-04
[2019-03-27 22:30:05] Ep. 1 : Up. 6500 : Sen. 9,318,155 : Cost 72.01624298 : Time 504.57s : 13337.60 words/s : L.r. 1.2188e-04
