[2019-02-21 20:07:40] [marian] Marian v1.7.8 63e1cfe4 2019-02-11 21:04:00 -0800
[2019-02-21 20:07:40] [marian] Running on spider3.lingea.cz as process 4765 with command line:
[2019-02-21 20:07:40] [marian] /home/large/data/models/marian/marian-doc/marian-dev/build//marian --model model/model.src1tgt0.dual.doc.npz --type transformer-context --train-sets corp/opensub.en-fr.docs.train.en.bpe.src_prev corp/opensub.en-fr.docs.train.en.bpe.src corp/opensub.en-fr.docs.train.fr.bpe --max-length 55 --dim-vocabs 30000 30000 --vocabs corp/vocab.encz.opensub.new.yml corp/vocab.encz.opensub.new.yml corp/vocab.encz.opensub.new.yml --mini-batch-fit -w 9000 --mini-batch 1000 --maxi-batch 1000 --early-stopping 10 --valid-freq 5000 --save-freq 5000 --disp-freq 500 --valid-metrics cross-entropy perplexity translation --valid-sets corp/opensub.en-fr.docs.dev.en.bpe.src_prev corp/opensub.en-fr.docs.dev.en.bpe.src corp/opensub.en-fr.docs.dev.fr.bpe --valid-script-path ./val.sh --valid-translation-output data/valid.bpe.en.output --quiet-translation --valid-mini-batch 64 --beam-size 6 --normalize 0.6 --log model/train_trans.newvocab.log --valid-log model/valid_trans.newvocab.log --enc-depth 6 --dec-depth 6 --transformer-heads 8 --transformer-postprocess-emb d --transformer-postprocess dan --transformer-dropout 0.1 --label-smoothing 0.1 --learn-rate 0.0003 --lr-warmup 16000 --lr-decay-inv-sqrt 16000 --lr-report --optimizer-params 0.9 0.98 1e-09 --clip-norm 5 --tied-embeddings-all --optimizer-delay 4 --devices 0 1 --sync-sgd --seed 1111 --no-nccl --exponential-smoothing --no-restore-corpus
[2019-02-21 20:07:40] [config] after-batches: 0
[2019-02-21 20:07:40] [config] after-epochs: 0
[2019-02-21 20:07:40] [config] allow-unk: false
[2019-02-21 20:07:40] [config] beam-size: 6
[2019-02-21 20:07:40] [config] bert-class-symbol: "[CLS]"
[2019-02-21 20:07:40] [config] bert-mask-symbol: "[MASK]"
[2019-02-21 20:07:40] [config] bert-masking-fraction: 0.15
[2019-02-21 20:07:40] [config] bert-sep-symbol: "[SEP]"
[2019-02-21 20:07:40] [config] bert-train-type-embeddings: true
[2019-02-21 20:07:40] [config] bert-type-vocab-size: 2
[2019-02-21 20:07:40] [config] best-deep: false
[2019-02-21 20:07:40] [config] clip-gemm: 0
[2019-02-21 20:07:40] [config] clip-norm: 5
[2019-02-21 20:07:40] [config] cost-type: ce-mean
[2019-02-21 20:07:40] [config] cpu-threads: 0
[2019-02-21 20:07:40] [config] data-weighting: ""
[2019-02-21 20:07:40] [config] data-weighting-type: sentence
[2019-02-21 20:07:40] [config] dec-cell: gru
[2019-02-21 20:07:40] [config] dec-cell-base-depth: 2
[2019-02-21 20:07:40] [config] dec-cell-high-depth: 1
[2019-02-21 20:07:40] [config] dec-depth: 6
[2019-02-21 20:07:40] [config] devices:
[2019-02-21 20:07:40] [config]   - 0
[2019-02-21 20:07:40] [config]   - 1
[2019-02-21 20:07:40] [config] dim-emb: 512
[2019-02-21 20:07:40] [config] dim-rnn: 1024
[2019-02-21 20:07:40] [config] dim-vocabs:
[2019-02-21 20:07:40] [config]   - 30000
[2019-02-21 20:07:40] [config]   - 30000
[2019-02-21 20:07:40] [config] disp-first: 0
[2019-02-21 20:07:40] [config] disp-freq: 500
[2019-02-21 20:07:40] [config] disp-label-counts: false
[2019-02-21 20:07:40] [config] dropout-rnn: 0
[2019-02-21 20:07:40] [config] dropout-src: 0
[2019-02-21 20:07:40] [config] dropout-trg: 0
[2019-02-21 20:07:40] [config] dump-config: ""
[2019-02-21 20:07:40] [config] early-stopping: 10
[2019-02-21 20:07:40] [config] embedding-fix-src: false
[2019-02-21 20:07:40] [config] embedding-fix-trg: false
[2019-02-21 20:07:40] [config] embedding-normalization: false
[2019-02-21 20:07:40] [config] embedding-vectors:
[2019-02-21 20:07:40] [config]   []
[2019-02-21 20:07:40] [config] enc-cell: gru
[2019-02-21 20:07:40] [config] enc-cell-depth: 1
[2019-02-21 20:07:40] [config] enc-depth: 6
[2019-02-21 20:07:40] [config] enc-type: bidirectional
[2019-02-21 20:07:40] [config] exponential-smoothing: 0.0001
[2019-02-21 20:07:40] [config] grad-dropping-momentum: 0
[2019-02-21 20:07:40] [config] grad-dropping-rate: 0
[2019-02-21 20:07:40] [config] grad-dropping-warmup: 100
[2019-02-21 20:07:40] [config] guided-alignment: none
[2019-02-21 20:07:40] [config] guided-alignment-cost: mse
[2019-02-21 20:07:40] [config] guided-alignment-weight: 0.1
[2019-02-21 20:07:40] [config] ignore-model-config: false
[2019-02-21 20:07:40] [config] input-types:
[2019-02-21 20:07:40] [config]   []
[2019-02-21 20:07:40] [config] interpolate-env-vars: false
[2019-02-21 20:07:40] [config] keep-best: false
[2019-02-21 20:07:40] [config] label-smoothing: 0.1
[2019-02-21 20:07:40] [config] layer-normalization: false
[2019-02-21 20:07:40] [config] learn-rate: 0.0003
[2019-02-21 20:07:40] [config] log: model/train_trans.newvocab.log
[2019-02-21 20:07:40] [config] log-level: info
[2019-02-21 20:07:40] [config] log-time-zone: ""
[2019-02-21 20:07:40] [config] lr-decay: 0
[2019-02-21 20:07:40] [config] lr-decay-freq: 50000
[2019-02-21 20:07:40] [config] lr-decay-inv-sqrt:
[2019-02-21 20:07:40] [config]   - 16000
[2019-02-21 20:07:40] [config] lr-decay-repeat-warmup: false
[2019-02-21 20:07:40] [config] lr-decay-reset-optimizer: false
[2019-02-21 20:07:40] [config] lr-decay-start:
[2019-02-21 20:07:40] [config]   - 10
[2019-02-21 20:07:40] [config]   - 1
[2019-02-21 20:07:40] [config] lr-decay-strategy: epoch+stalled
[2019-02-21 20:07:40] [config] lr-report: true
[2019-02-21 20:07:40] [config] lr-warmup: 16000
[2019-02-21 20:07:40] [config] lr-warmup-at-reload: false
[2019-02-21 20:07:40] [config] lr-warmup-cycle: false
[2019-02-21 20:07:40] [config] lr-warmup-start-rate: 0
[2019-02-21 20:07:40] [config] max-length: 55
[2019-02-21 20:07:40] [config] max-length-crop: false
[2019-02-21 20:07:40] [config] max-length-factor: 3
[2019-02-21 20:07:40] [config] maxi-batch: 1000
[2019-02-21 20:07:40] [config] maxi-batch-sort: trg
[2019-02-21 20:07:40] [config] mini-batch: 1000
[2019-02-21 20:07:40] [config] mini-batch-fit: true
[2019-02-21 20:07:40] [config] mini-batch-fit-step: 10
[2019-02-21 20:07:40] [config] mini-batch-overstuff: 1
[2019-02-21 20:07:40] [config] mini-batch-track-lr: false
[2019-02-21 20:07:40] [config] mini-batch-understuff: 1
[2019-02-21 20:07:40] [config] mini-batch-warmup: 0
[2019-02-21 20:07:40] [config] mini-batch-words: 0
[2019-02-21 20:07:40] [config] mini-batch-words-ref: 0
[2019-02-21 20:07:40] [config] model: model/model.src1tgt0.dual.doc.npz
[2019-02-21 20:07:40] [config] multi-loss-type: sum
[2019-02-21 20:07:40] [config] multi-node: false
[2019-02-21 20:07:40] [config] multi-node-overlap: true
[2019-02-21 20:07:40] [config] n-best: false
[2019-02-21 20:07:40] [config] no-nccl: true
[2019-02-21 20:07:40] [config] no-reload: false
[2019-02-21 20:07:40] [config] no-restore-corpus: true
[2019-02-21 20:07:40] [config] no-shuffle: false
[2019-02-21 20:07:40] [config] normalize: 0.6
[2019-02-21 20:07:40] [config] num-devices: 0
[2019-02-21 20:07:40] [config] optimizer: adam
[2019-02-21 20:07:40] [config] optimizer-delay: 4
[2019-02-21 20:07:40] [config] optimizer-params:
[2019-02-21 20:07:40] [config]   - 0.9
[2019-02-21 20:07:40] [config]   - 0.98
[2019-02-21 20:07:40] [config]   - 1e-09
[2019-02-21 20:07:40] [config] overwrite: false
[2019-02-21 20:07:40] [config] pretrained-model: ""
[2019-02-21 20:07:40] [config] quiet: false
[2019-02-21 20:07:40] [config] quiet-translation: true
[2019-02-21 20:07:40] [config] relative-paths: false
[2019-02-21 20:07:40] [config] right-left: false
[2019-02-21 20:07:40] [config] save-freq: 5000
[2019-02-21 20:07:40] [config] seed: 1111
[2019-02-21 20:07:40] [config] shuffle-in-ram: false
[2019-02-21 20:07:40] [config] skip: false
[2019-02-21 20:07:40] [config] sqlite: ""
[2019-02-21 20:07:40] [config] sqlite-drop: false
[2019-02-21 20:07:40] [config] sync-sgd: true
[2019-02-21 20:07:40] [config] tempdir: /tmp
[2019-02-21 20:07:40] [config] tied-embeddings: false
[2019-02-21 20:07:40] [config] tied-embeddings-all: true
[2019-02-21 20:07:40] [config] tied-embeddings-src: false
[2019-02-21 20:07:40] [config] train-sets:
[2019-02-21 20:07:40] [config]   - corp/opensub.en-fr.docs.train.en.bpe.src_prev
[2019-02-21 20:07:40] [config]   - corp/opensub.en-fr.docs.train.en.bpe.src
[2019-02-21 20:07:40] [config]   - corp/opensub.en-fr.docs.train.fr.bpe
[2019-02-21 20:07:40] [config] transformer-aan-activation: swish
[2019-02-21 20:07:40] [config] transformer-aan-depth: 2
[2019-02-21 20:07:40] [config] transformer-aan-nogate: false
[2019-02-21 20:07:40] [config] transformer-decoder-autoreg: self-attention
[2019-02-21 20:07:40] [config] transformer-dim-aan: 2048
[2019-02-21 20:07:40] [config] transformer-dim-ffn: 2048
[2019-02-21 20:07:40] [config] transformer-dropout: 0.1
[2019-02-21 20:07:40] [config] transformer-dropout-attention: 0
[2019-02-21 20:07:40] [config] transformer-dropout-ffn: 0
[2019-02-21 20:07:40] [config] transformer-ffn-activation: swish
[2019-02-21 20:07:40] [config] transformer-ffn-depth: 2
[2019-02-21 20:07:40] [config] transformer-guided-alignment-layer: last
[2019-02-21 20:07:40] [config] transformer-heads: 8
[2019-02-21 20:07:40] [config] transformer-no-projection: false
[2019-02-21 20:07:40] [config] transformer-postprocess: dan
[2019-02-21 20:07:40] [config] transformer-postprocess-emb: d
[2019-02-21 20:07:40] [config] transformer-preprocess: ""
[2019-02-21 20:07:40] [config] transformer-tied-layers:
[2019-02-21 20:07:40] [config]   []
[2019-02-21 20:07:40] [config] transformer-train-position-embeddings: false
[2019-02-21 20:07:40] [config] type: transformer-context
[2019-02-21 20:07:40] [config] ulr: false
[2019-02-21 20:07:40] [config] ulr-dim-emb: 0
[2019-02-21 20:07:40] [config] ulr-dropout: 0
[2019-02-21 20:07:40] [config] ulr-keys-vectors: ""
[2019-02-21 20:07:40] [config] ulr-query-vectors: ""
[2019-02-21 20:07:40] [config] ulr-softmax-temperature: 1
[2019-02-21 20:07:40] [config] ulr-trainable-transformation: false
[2019-02-21 20:07:40] [config] valid-freq: 5000
[2019-02-21 20:07:40] [config] valid-log: model/valid_trans.newvocab.log
[2019-02-21 20:07:40] [config] valid-max-length: 1000
[2019-02-21 20:07:40] [config] valid-metrics:
[2019-02-21 20:07:40] [config]   - cross-entropy
[2019-02-21 20:07:40] [config]   - perplexity
[2019-02-21 20:07:40] [config]   - translation
[2019-02-21 20:07:40] [config] valid-mini-batch: 64
[2019-02-21 20:07:40] [config] valid-script-path: ./val.sh
[2019-02-21 20:07:40] [config] valid-sets:
[2019-02-21 20:07:40] [config]   - corp/opensub.en-fr.docs.dev.en.bpe.src_prev
[2019-02-21 20:07:40] [config]   - corp/opensub.en-fr.docs.dev.en.bpe.src
[2019-02-21 20:07:40] [config]   - corp/opensub.en-fr.docs.dev.fr.bpe
[2019-02-21 20:07:40] [config] valid-translation-output: data/valid.bpe.en.output
[2019-02-21 20:07:40] [config] vocabs:
[2019-02-21 20:07:40] [config]   - corp/vocab.encz.opensub.new.yml
[2019-02-21 20:07:40] [config]   - corp/vocab.encz.opensub.new.yml
[2019-02-21 20:07:40] [config]   - corp/vocab.encz.opensub.new.yml
[2019-02-21 20:07:40] [config] word-penalty: 0
[2019-02-21 20:07:40] [config] workspace: 9000
[2019-02-21 20:07:40] [config] Model is being created with Marian v1.7.8 63e1cfe4 2019-02-11 21:04:00 -0800
[2019-02-21 20:07:40] Using synchronous training
[2019-02-21 20:07:40] [data] Loading vocabulary from JSON/Yaml file corp/vocab.encz.opensub.new.yml
[2019-02-21 20:07:40] [data] Setting vocabulary size for input 0 to 30000
[2019-02-21 20:07:40] [data] Loading vocabulary from JSON/Yaml file corp/vocab.encz.opensub.new.yml
[2019-02-21 20:07:40] [data] Setting vocabulary size for input 1 to 30000
[2019-02-21 20:07:40] [data] Loading vocabulary from JSON/Yaml file corp/vocab.encz.opensub.new.yml
[2019-02-21 20:07:41] [data] Setting vocabulary size for input 2 to 30000
[2019-02-21 20:07:41] Compiled without MPI support. Falling back to FakeMPIWrapper
[2019-02-21 20:07:41] [batching] Collecting statistics for batch fitting with step size 10
[2019-02-21 20:07:43] [memory] Extending reserved space to 9088 MB (device gpu0)
[2019-02-21 20:07:44] [memory] Extending reserved space to 9088 MB (device gpu1)
[2019-02-21 20:07:44] [comm] NCCL communicator overridden
[2019-02-21 20:07:44] [training] Using 2 GPUs
[2019-02-21 20:07:44] [memory] Reserving 345 MB, device gpu0
[2019-02-21 20:07:44] [gpu] 16-bit TensorCores enabled for float32 matrix operations
[2019-02-21 20:07:44] [memory] Reserving 345 MB, device gpu0
[2019-02-21 20:07:54] [batching] Done. Typical MB size is 40786 target words
[2019-02-21 20:07:55] [memory] Extending reserved space to 9088 MB (device gpu0)
[2019-02-21 20:07:55] [memory] Extending reserved space to 9088 MB (device gpu1)
[2019-02-21 20:07:55] [comm] NCCL communicator overridden
[2019-02-21 20:07:55] [training] Using 2 GPUs
[2019-02-21 20:07:55] Training started
[2019-02-21 20:07:55] [data] Shuffling data
[2019-02-21 20:08:17] [data] Done reading 41736982 sentences
[2019-02-21 20:13:34] [data] Done shuffling 41736982 sentences to temp files
[2019-02-21 20:14:18] [training] Batches are processed as 1 process(es) x 2 devices/process
[2019-02-21 20:14:18] [memory] Reserving 345 MB, device gpu0
[2019-02-21 20:14:18] [memory] Reserving 345 MB, device gpu1
[2019-02-21 20:14:18] [memory] Reserving 345 MB, device gpu0
[2019-02-21 20:14:18] [memory] Reserving 345 MB, device gpu1
[2019-02-21 20:14:18] [memory] Reserving 172 MB, device gpu0
[2019-02-21 20:14:18] [memory] Reserving 172 MB, device gpu1
[2019-02-21 20:14:19] [memory] Reserving 172 MB, device gpu0
[2019-02-21 20:14:19] [memory] Reserving 172 MB, device gpu1
[2019-02-21 20:14:19] [memory] Reserving 345 MB, device gpu0
[2019-02-21 20:14:19] [memory] Reserving 345 MB, device gpu1
[2019-02-21 20:23:28] Ep. 1 : Up. 500 : Sen. 792,175 : Cost 83.94679260 : Time 947.39s : 7787.04 words/s : L.r. 9.3750e-06
[2019-02-21 20:32:31] Ep. 1 : Up. 1000 : Sen. 1,537,470 : Cost 71.42373657 : Time 542.97s : 13176.58 words/s : L.r. 1.8750e-05
[2019-02-21 20:41:53] Ep. 1 : Up. 1500 : Sen. 2,339,918 : Cost 67.46269226 : Time 562.06s : 13336.85 words/s : L.r. 2.8125e-05
[2019-02-21 20:51:07] Ep. 1 : Up. 2000 : Sen. 3,100,213 : Cost 69.69620514 : Time 553.41s : 13250.82 words/s : L.r. 3.7500e-05
[2019-02-21 21:00:07] Ep. 1 : Up. 2500 : Sen. 3,858,080 : Cost 66.77688599 : Time 540.27s : 13212.16 words/s : L.r. 4.6875e-05
[2019-02-21 21:09:22] Ep. 1 : Up. 3000 : Sen. 4,612,122 : Cost 70.63011169 : Time 554.78s : 13256.15 words/s : L.r. 5.6250e-05
[2019-02-21 21:18:42] Ep. 1 : Up. 3500 : Sen. 5,417,062 : Cost 66.33265686 : Time 560.63s : 13086.45 words/s : L.r. 6.5625e-05
[2019-02-21 21:28:00] Ep. 1 : Up. 4000 : Sen. 6,196,095 : Cost 69.16375732 : Time 557.23s : 13196.43 words/s : L.r. 7.5000e-05
[2019-02-21 21:37:09] Ep. 1 : Up. 4500 : Sen. 6,971,035 : Cost 68.52389526 : Time 548.98s : 13272.75 words/s : L.r. 8.4375e-05
[2019-02-21 21:46:28] Ep. 1 : Up. 5000 : Sen. 7,747,109 : Cost 71.57814026 : Time 559.00s : 13336.81 words/s : L.r. 9.3750e-05
[2019-02-21 21:46:28] Saving model weights and runtime parameters to model/model.src1tgt0.dual.doc.npz.orig.npz
[2019-02-21 21:46:33] Saving model weights and runtime parameters to model/model.src1tgt0.dual.doc.iter5000.npz
[2019-02-21 21:46:39] Saving model weights and runtime parameters to model/model.src1tgt0.dual.doc.npz
[2019-02-21 21:46:45] Saving Adam parameters to model/model.src1tgt0.dual.doc.npz.optimizer.npz
[2019-02-21 21:46:59] [valid] Ep. 1 : Up. 5000 : cross-entropy : 83.8737 : new best
[2019-02-21 21:47:03] [valid] Ep. 1 : Up. 5000 : perplexity : 1089.24 : new best
Detokenizer Version $Revision: 4134 $
Language: en
[2019-02-21 21:47:28] [valid] Ep. 1 : Up. 5000 : translation : 0 : new best
[2019-02-21 21:56:31] Ep. 1 : Up. 5500 : Sen. 8,492,403 : Cost 72.33894348 : Time 603.03s : 11618.99 words/s : L.r. 1.0313e-04
[2019-02-21 22:05:50] Ep. 1 : Up. 6000 : Sen. 9,303,251 : Cost 70.23432922 : Time 559.86s : 13541.66 words/s : L.r. 1.1250e-04
[2019-02-21 22:14:52] Ep. 1 : Up. 6500 : Sen. 10,038,118 : Cost 75.93054199 : Time 541.64s : 13120.61 words/s : L.r. 1.2188e-04
[2019-02-21 22:23:54] Ep. 1 : Up. 7000 : Sen. 10,789,277 : Cost 74.93484497 : Time 542.01s : 13146.89 words/s : L.r. 1.3125e-04
[2019-02-21 22:33:05] Ep. 1 : Up. 7500 : Sen. 11,574,791 : Cost 73.50296783 : Time 551.31s : 13104.17 words/s : L.r. 1.4063e-04
[2019-02-21 22:42:12] Ep. 1 : Up. 8000 : Sen. 12,340,531 : Cost 75.90693665 : Time 546.45s : 13240.24 words/s : L.r. 1.5000e-04
[2019-02-21 22:51:25] Ep. 1 : Up. 8500 : Sen. 13,112,420 : Cost 76.37377167 : Time 553.60s : 13369.85 words/s : L.r. 1.5938e-04
[2019-02-21 23:00:33] Ep. 1 : Up. 9000 : Sen. 13,882,483 : Cost 75.64533234 : Time 547.23s : 13309.10 words/s : L.r. 1.6875e-04
[2019-02-21 23:09:50] Ep. 1 : Up. 9500 : Sen. 14,649,471 : Cost 79.89680481 : Time 557.72s : 13199.07 words/s : L.r. 1.7813e-04
[2019-02-21 23:18:55] Ep. 1 : Up. 10000 : Sen. 15,427,865 : Cost 76.36011505 : Time 544.83s : 13303.46 words/s : L.r. 1.8750e-04
[2019-02-21 23:18:55] Saving model weights and runtime parameters to model/model.src1tgt0.dual.doc.npz.orig.npz
[2019-02-21 23:19:01] Saving model weights and runtime parameters to model/model.src1tgt0.dual.doc.iter10000.npz
[2019-02-21 23:19:07] Saving model weights and runtime parameters to model/model.src1tgt0.dual.doc.npz
[2019-02-21 23:19:13] Saving Adam parameters to model/model.src1tgt0.dual.doc.npz.optimizer.npz
[2019-02-21 23:19:28] [valid] Ep. 1 : Up. 10000 : cross-entropy : 92.5147 : stalled 1 times (last best: 83.8737)
[2019-02-21 23:19:32] [valid] Ep. 1 : Up. 10000 : perplexity : 2238.84 : stalled 1 times (last best: 1089.24)
Detokenizer Version $Revision: 4134 $
Language: en
[2019-02-21 23:19:55] [valid] Ep. 1 : Up. 10000 : translation : 0 : stalled 1 times (last best: 0)
train_trans_dual_doc.sh: line 28:  4765 Terminated              $marian_home/marian --model model/model.src1tgt0.dual.doc.npz --type transformer-context --train-sets corp/opensub.en-fr.docs.train.en.bpe.src_prev corp/opensub.en-fr.docs.train.en.bpe.src corp/opensub.en-fr.docs.train.fr.bpe --max-length 55 --dim-vocabs 30000 30000 --vocabs corp/vocab.encz.opensub.new.yml corp/vocab.encz.opensub.new.yml corp/vocab.encz.opensub.new.yml --mini-batch-fit -w 9000 --mini-batch 1000 --maxi-batch 1000 --early-stopping 10 --valid-freq 5000 --save-freq 5000 --disp-freq 500 --valid-metrics cross-entropy perplexity translation --valid-sets corp/opensub.en-fr.docs.dev.en.bpe.src_prev corp/opensub.en-fr.docs.dev.en.bpe.src corp/opensub.en-fr.docs.dev.fr.bpe --valid-script-path ./val.sh --valid-translation-output data/valid.bpe.en.output --quiet-translation --valid-mini-batch 64 --beam-size 6 --normalize 0.6 --log model/train_trans.newvocab.log --valid-log model/valid_trans.newvocab.log --enc-depth 6 --dec-depth 6 --transformer-heads 8 --transformer-postprocess-emb d --transformer-postprocess dan --transformer-dropout 0.1 --label-smoothing 0.1 --learn-rate 0.0003 --lr-warmup 16000 --lr-decay-inv-sqrt 16000 --lr-report --optimizer-params 0.9 0.98 1e-09 --clip-norm 5 --tied-embeddings-all --optimizer-delay 4 --devices 0 1 --sync-sgd --seed 1111 --no-nccl --exponential-smoothing --no-restore-corpus
