[2019-03-27 22:37:22] [marian] Marian v1.7.8 63e1cfe4 2019-02-11 21:04:00 -0800
[2019-03-27 22:37:22] [marian] Running on poseidon.lingea.cz as process 18542 with command line:
[2019-03-27 22:37:22] [marian] /home/large/data/models/marian/marian-doc/same_emb_no_transpose_run1/marian-dev/build//marian --model model/model.src1tgt0.doc.notpretrained.old.npz --type transformer-context --train-sets corp/opensub.en-fr.docs.train.en.bpe.src_prev corp/opensub.en-fr.docs.train.en.bpe.src corp/opensub.en-fr.docs.train.fr.bpe --max-length 55 --dim-vocabs 30000 30000 --vocabs corp/vocab.encz.opensub.new.yml corp/vocab.encz.opensub.new.yml corp/vocab.encz.opensub.new.yml --mini-batch-fit -w 9000 --mini-batch 1000 --maxi-batch 1000 --early-stopping 10 --valid-freq 5000 --save-freq 5000 --disp-freq 500 --valid-metrics cross-entropy perplexity translation --valid-sets corp/opensub.en-fr.docs.dev.en.bpe.src_prev corp/opensub.en-fr.docs.dev.en.bpe.src corp/opensub.en-fr.docs.dev.fr.bpe --valid-script-path ./val.sh --valid-translation-output data/valid.bpe.en.output --quiet-translation --valid-mini-batch 64 --beam-size 6 --normalize 0.6 --log model/train_trans.gate.log --valid-log model/valid_trans.gate.log --enc-depth 6 --dec-depth 6 --transformer-heads 8 --transformer-postprocess-emb d --transformer-postprocess dan --transformer-dropout 0.1 --label-smoothing 0.1 --learn-rate 0.0003 --lr-warmup 16000 --lr-decay-inv-sqrt 16000 --lr-report --optimizer-params 0.9 0.98 1e-09 --clip-norm 5 --tied-embeddings-all --optimizer-delay 4 --devices 0 1 --no-nccl --sync-sgd --seed 1111 --exponential-smoothing --no-restore-corpus
[2019-03-27 22:37:22] [config] after-batches: 0
[2019-03-27 22:37:22] [config] after-epochs: 0
[2019-03-27 22:37:22] [config] allow-unk: false
[2019-03-27 22:37:22] [config] beam-size: 6
[2019-03-27 22:37:22] [config] bert-class-symbol: "[CLS]"
[2019-03-27 22:37:22] [config] bert-mask-symbol: "[MASK]"
[2019-03-27 22:37:22] [config] bert-masking-fraction: 0.15
[2019-03-27 22:37:22] [config] bert-sep-symbol: "[SEP]"
[2019-03-27 22:37:22] [config] bert-train-type-embeddings: true
[2019-03-27 22:37:22] [config] bert-type-vocab-size: 2
[2019-03-27 22:37:22] [config] best-deep: false
[2019-03-27 22:37:22] [config] clip-gemm: 0
[2019-03-27 22:37:22] [config] clip-norm: 5
[2019-03-27 22:37:22] [config] cost-type: ce-mean
[2019-03-27 22:37:22] [config] cpu-threads: 0
[2019-03-27 22:37:22] [config] data-weighting: ""
[2019-03-27 22:37:22] [config] data-weighting-type: sentence
[2019-03-27 22:37:22] [config] dec-cell: gru
[2019-03-27 22:37:22] [config] dec-cell-base-depth: 2
[2019-03-27 22:37:22] [config] dec-cell-high-depth: 1
[2019-03-27 22:37:22] [config] dec-depth: 6
[2019-03-27 22:37:22] [config] devices:
[2019-03-27 22:37:22] [config]   - 0
[2019-03-27 22:37:22] [config]   - 1
[2019-03-27 22:37:22] [config] dim-emb: 512
[2019-03-27 22:37:22] [config] dim-rnn: 1024
[2019-03-27 22:37:22] [config] dim-vocabs:
[2019-03-27 22:37:22] [config]   - 30000
[2019-03-27 22:37:22] [config]   - 30000
[2019-03-27 22:37:22] [config] disp-first: 0
[2019-03-27 22:37:22] [config] disp-freq: 500
[2019-03-27 22:37:22] [config] disp-label-counts: false
[2019-03-27 22:37:22] [config] dropout-rnn: 0
[2019-03-27 22:37:22] [config] dropout-src: 0
[2019-03-27 22:37:22] [config] dropout-trg: 0
[2019-03-27 22:37:22] [config] dump-config: ""
[2019-03-27 22:37:22] [config] early-stopping: 10
[2019-03-27 22:37:22] [config] embedding-fix-src: false
[2019-03-27 22:37:22] [config] embedding-fix-trg: false
[2019-03-27 22:37:22] [config] embedding-normalization: false
[2019-03-27 22:37:22] [config] embedding-vectors:
[2019-03-27 22:37:22] [config]   []
[2019-03-27 22:37:22] [config] enc-cell: gru
[2019-03-27 22:37:22] [config] enc-cell-depth: 1
[2019-03-27 22:37:22] [config] enc-depth: 6
[2019-03-27 22:37:22] [config] enc-type: bidirectional
[2019-03-27 22:37:22] [config] exponential-smoothing: 0.0001
[2019-03-27 22:37:22] [config] grad-dropping-momentum: 0
[2019-03-27 22:37:22] [config] grad-dropping-rate: 0
[2019-03-27 22:37:22] [config] grad-dropping-warmup: 100
[2019-03-27 22:37:22] [config] guided-alignment: none
[2019-03-27 22:37:22] [config] guided-alignment-cost: mse
[2019-03-27 22:37:22] [config] guided-alignment-weight: 0.1
[2019-03-27 22:37:22] [config] ignore-model-config: false
[2019-03-27 22:37:22] [config] input-types:
[2019-03-27 22:37:22] [config]   []
[2019-03-27 22:37:22] [config] interpolate-env-vars: false
[2019-03-27 22:37:22] [config] keep-best: false
[2019-03-27 22:37:22] [config] label-smoothing: 0.1
[2019-03-27 22:37:22] [config] layer-normalization: false
[2019-03-27 22:37:22] [config] learn-rate: 0.0003
[2019-03-27 22:37:22] [config] log: model/train_trans.gate.log
[2019-03-27 22:37:22] [config] log-level: info
[2019-03-27 22:37:22] [config] log-time-zone: ""
[2019-03-27 22:37:22] [config] lr-decay: 0
[2019-03-27 22:37:22] [config] lr-decay-freq: 50000
[2019-03-27 22:37:22] [config] lr-decay-inv-sqrt:
[2019-03-27 22:37:22] [config]   - 16000
[2019-03-27 22:37:22] [config] lr-decay-repeat-warmup: false
[2019-03-27 22:37:22] [config] lr-decay-reset-optimizer: false
[2019-03-27 22:37:22] [config] lr-decay-start:
[2019-03-27 22:37:22] [config]   - 10
[2019-03-27 22:37:22] [config]   - 1
[2019-03-27 22:37:22] [config] lr-decay-strategy: epoch+stalled
[2019-03-27 22:37:22] [config] lr-report: true
[2019-03-27 22:37:22] [config] lr-warmup: 16000
[2019-03-27 22:37:22] [config] lr-warmup-at-reload: false
[2019-03-27 22:37:22] [config] lr-warmup-cycle: false
[2019-03-27 22:37:22] [config] lr-warmup-start-rate: 0
[2019-03-27 22:37:22] [config] max-length: 55
[2019-03-27 22:37:22] [config] max-length-crop: false
[2019-03-27 22:37:22] [config] max-length-factor: 3
[2019-03-27 22:37:22] [config] maxi-batch: 1000
[2019-03-27 22:37:22] [config] maxi-batch-sort: trg
[2019-03-27 22:37:22] [config] mini-batch: 1000
[2019-03-27 22:37:22] [config] mini-batch-fit: true
[2019-03-27 22:37:22] [config] mini-batch-fit-step: 10
[2019-03-27 22:37:22] [config] mini-batch-overstuff: 1
[2019-03-27 22:37:22] [config] mini-batch-track-lr: false
[2019-03-27 22:37:22] [config] mini-batch-understuff: 1
[2019-03-27 22:37:22] [config] mini-batch-warmup: 0
[2019-03-27 22:37:22] [config] mini-batch-words: 0
[2019-03-27 22:37:22] [config] mini-batch-words-ref: 0
[2019-03-27 22:37:22] [config] model: model/model.src1tgt0.doc.notpretrained.old.npz
[2019-03-27 22:37:22] [config] multi-loss-type: sum
[2019-03-27 22:37:22] [config] multi-node: false
[2019-03-27 22:37:22] [config] multi-node-overlap: true
[2019-03-27 22:37:22] [config] n-best: false
[2019-03-27 22:37:22] [config] no-nccl: true
[2019-03-27 22:37:22] [config] no-reload: false
[2019-03-27 22:37:22] [config] no-restore-corpus: true
[2019-03-27 22:37:22] [config] no-shuffle: false
[2019-03-27 22:37:22] [config] normalize: 0.6
[2019-03-27 22:37:22] [config] num-devices: 0
[2019-03-27 22:37:22] [config] optimizer: adam
[2019-03-27 22:37:22] [config] optimizer-delay: 4
[2019-03-27 22:37:22] [config] optimizer-params:
[2019-03-27 22:37:22] [config]   - 0.9
[2019-03-27 22:37:22] [config]   - 0.98
[2019-03-27 22:37:22] [config]   - 1e-09
[2019-03-27 22:37:22] [config] overwrite: false
[2019-03-27 22:37:22] [config] pretrained-model: ""
[2019-03-27 22:37:22] [config] quiet: false
[2019-03-27 22:37:22] [config] quiet-translation: true
[2019-03-27 22:37:22] [config] relative-paths: false
[2019-03-27 22:37:22] [config] right-left: false
[2019-03-27 22:37:22] [config] save-freq: 5000
[2019-03-27 22:37:22] [config] seed: 1111
[2019-03-27 22:37:22] [config] shuffle-in-ram: false
[2019-03-27 22:37:22] [config] skip: false
[2019-03-27 22:37:22] [config] sqlite: ""
[2019-03-27 22:37:22] [config] sqlite-drop: false
[2019-03-27 22:37:22] [config] sync-sgd: true
[2019-03-27 22:37:22] [config] tempdir: /tmp
[2019-03-27 22:37:22] [config] tied-embeddings: false
[2019-03-27 22:37:22] [config] tied-embeddings-all: true
[2019-03-27 22:37:22] [config] tied-embeddings-src: false
[2019-03-27 22:37:22] [config] train-sets:
[2019-03-27 22:37:22] [config]   - corp/opensub.en-fr.docs.train.en.bpe.src_prev
[2019-03-27 22:37:22] [config]   - corp/opensub.en-fr.docs.train.en.bpe.src
[2019-03-27 22:37:22] [config]   - corp/opensub.en-fr.docs.train.fr.bpe
[2019-03-27 22:37:22] [config] transformer-aan-activation: swish
[2019-03-27 22:37:22] [config] transformer-aan-depth: 2
[2019-03-27 22:37:22] [config] transformer-aan-nogate: false
[2019-03-27 22:37:22] [config] transformer-decoder-autoreg: self-attention
[2019-03-27 22:37:22] [config] transformer-dim-aan: 2048
[2019-03-27 22:37:22] [config] transformer-dim-ffn: 2048
[2019-03-27 22:37:22] [config] transformer-dropout: 0.1
[2019-03-27 22:37:22] [config] transformer-dropout-attention: 0
[2019-03-27 22:37:22] [config] transformer-dropout-ffn: 0
[2019-03-27 22:37:22] [config] transformer-ffn-activation: swish
[2019-03-27 22:37:22] [config] transformer-ffn-depth: 2
[2019-03-27 22:37:22] [config] transformer-guided-alignment-layer: last
[2019-03-27 22:37:22] [config] transformer-heads: 8
[2019-03-27 22:37:22] [config] transformer-no-projection: false
[2019-03-27 22:37:22] [config] transformer-postprocess: dan
[2019-03-27 22:37:22] [config] transformer-postprocess-emb: d
[2019-03-27 22:37:22] [config] transformer-preprocess: ""
[2019-03-27 22:37:22] [config] transformer-tied-layers:
[2019-03-27 22:37:22] [config]   []
[2019-03-27 22:37:22] [config] transformer-train-position-embeddings: false
[2019-03-27 22:37:22] [config] type: transformer-context
[2019-03-27 22:37:22] [config] ulr: false
[2019-03-27 22:37:22] [config] ulr-dim-emb: 0
[2019-03-27 22:37:22] [config] ulr-dropout: 0
[2019-03-27 22:37:22] [config] ulr-keys-vectors: ""
[2019-03-27 22:37:22] [config] ulr-query-vectors: ""
[2019-03-27 22:37:22] [config] ulr-softmax-temperature: 1
[2019-03-27 22:37:22] [config] ulr-trainable-transformation: false
[2019-03-27 22:37:22] [config] valid-freq: 5000
[2019-03-27 22:37:22] [config] valid-log: model/valid_trans.gate.log
[2019-03-27 22:37:22] [config] valid-max-length: 1000
[2019-03-27 22:37:22] [config] valid-metrics:
[2019-03-27 22:37:22] [config]   - cross-entropy
[2019-03-27 22:37:22] [config]   - perplexity
[2019-03-27 22:37:22] [config]   - translation
[2019-03-27 22:37:22] [config] valid-mini-batch: 64
[2019-03-27 22:37:22] [config] valid-script-path: ./val.sh
[2019-03-27 22:37:22] [config] valid-sets:
[2019-03-27 22:37:22] [config]   - corp/opensub.en-fr.docs.dev.en.bpe.src_prev
[2019-03-27 22:37:22] [config]   - corp/opensub.en-fr.docs.dev.en.bpe.src
[2019-03-27 22:37:22] [config]   - corp/opensub.en-fr.docs.dev.fr.bpe
[2019-03-27 22:37:22] [config] valid-translation-output: data/valid.bpe.en.output
[2019-03-27 22:37:22] [config] vocabs:
[2019-03-27 22:37:22] [config]   - corp/vocab.encz.opensub.new.yml
[2019-03-27 22:37:22] [config]   - corp/vocab.encz.opensub.new.yml
[2019-03-27 22:37:22] [config]   - corp/vocab.encz.opensub.new.yml
[2019-03-27 22:37:22] [config] word-penalty: 0
[2019-03-27 22:37:22] [config] workspace: 9000
[2019-03-27 22:37:22] [config] Model is being created with Marian v1.7.8 63e1cfe4 2019-02-11 21:04:00 -0800
[2019-03-27 22:37:22] Using synchronous training
[2019-03-27 22:37:22] [data] Loading vocabulary from JSON/Yaml file corp/vocab.encz.opensub.new.yml
[2019-03-27 22:37:22] [data] Setting vocabulary size for input 0 to 30000
[2019-03-27 22:37:22] [data] Loading vocabulary from JSON/Yaml file corp/vocab.encz.opensub.new.yml
[2019-03-27 22:37:22] [data] Setting vocabulary size for input 1 to 30000
[2019-03-27 22:37:22] [data] Loading vocabulary from JSON/Yaml file corp/vocab.encz.opensub.new.yml
[2019-03-27 22:37:23] [data] Setting vocabulary size for input 2 to 30000
[2019-03-27 22:37:23] Compiled without MPI support. Falling back to FakeMPIWrapper
[2019-03-27 22:37:23] [batching] Collecting statistics for batch fitting with step size 10
[2019-03-27 22:37:24] [memory] Extending reserved space to 9088 MB (device gpu0)
[2019-03-27 22:37:25] [memory] Extending reserved space to 9088 MB (device gpu1)
[2019-03-27 22:37:25] [comm] NCCL communicator overridden
[2019-03-27 22:37:25] [training] Using 2 GPUs
[2019-03-27 22:37:25] [memory] Reserving 287 MB, device gpu0
[2019-03-27 22:37:25] [gpu] 16-bit TensorCores enabled for float32 matrix operations
[2019-03-27 22:37:27] [memory] Reserving 287 MB, device gpu0
[2019-03-27 22:37:38] [batching] Done. Typical MB size is 40786 target words
[2019-03-27 22:37:38] [memory] Extending reserved space to 9088 MB (device gpu0)
[2019-03-27 22:37:39] [memory] Extending reserved space to 9088 MB (device gpu1)
[2019-03-27 22:37:39] [comm] NCCL communicator overridden
[2019-03-27 22:37:39] [training] Using 2 GPUs
[2019-03-27 22:37:39] Training started
[2019-03-27 22:37:39] [data] Shuffling data
[2019-03-27 22:38:01] [data] Done reading 41736982 sentences
[2019-03-27 22:41:46] [data] Done shuffling 41736982 sentences to temp files
[2019-03-27 22:42:33] [training] Batches are processed as 1 process(es) x 2 devices/process
[2019-03-27 22:42:33] [memory] Reserving 287 MB, device gpu1
[2019-03-27 22:42:33] [memory] Reserving 287 MB, device gpu0
[2019-03-27 22:42:33] [memory] Reserving 287 MB, device gpu1
[2019-03-27 22:42:33] [memory] Reserving 287 MB, device gpu0
[2019-03-27 22:42:33] [memory] Reserving 143 MB, device gpu0
[2019-03-27 22:42:33] [memory] Reserving 143 MB, device gpu1
[2019-03-27 22:42:34] [memory] Reserving 143 MB, device gpu0
[2019-03-27 22:42:34] [memory] Reserving 143 MB, device gpu1
[2019-03-27 22:42:34] [memory] Reserving 287 MB, device gpu0
[2019-03-27 22:42:34] [memory] Reserving 287 MB, device gpu1
[2019-03-27 22:50:49] Ep. 1 : Up. 500 : Sen. 792,175 : Cost 81.78952026 : Time 806.62s : 9146.09 words/s : L.r. 9.3750e-06
[2019-03-27 22:58:56] Ep. 1 : Up. 1000 : Sen. 1,537,470 : Cost 69.81759644 : Time 486.84s : 14695.88 words/s : L.r. 1.8750e-05
[2019-03-27 23:07:21] Ep. 1 : Up. 1500 : Sen. 2,339,918 : Cost 66.87347412 : Time 504.71s : 14852.36 words/s : L.r. 2.8125e-05
[2019-03-27 23:15:37] Ep. 1 : Up. 2000 : Sen. 3,100,213 : Cost 68.18412018 : Time 496.05s : 14783.09 words/s : L.r. 3.7500e-05
[2019-03-27 23:23:43] Ep. 1 : Up. 2500 : Sen. 3,858,080 : Cost 66.10404205 : Time 486.60s : 14669.13 words/s : L.r. 4.6875e-05
[2019-03-27 23:31:59] Ep. 1 : Up. 3000 : Sen. 4,612,122 : Cost 68.88823700 : Time 495.90s : 14830.12 words/s : L.r. 5.6250e-05
[2019-03-27 23:40:19] Ep. 1 : Up. 3500 : Sen. 5,417,062 : Cost 64.22846222 : Time 500.12s : 14669.81 words/s : L.r. 6.5625e-05
[2019-03-27 23:48:38] Ep. 1 : Up. 4000 : Sen. 6,196,095 : Cost 67.37754059 : Time 498.73s : 14744.48 words/s : L.r. 7.5000e-05
[2019-03-27 23:56:51] Ep. 1 : Up. 4500 : Sen. 6,971,035 : Cost 67.92409515 : Time 493.06s : 14778.11 words/s : L.r. 8.4375e-05
[2019-03-28 00:05:12] Ep. 1 : Up. 5000 : Sen. 7,747,109 : Cost 70.49395752 : Time 500.37s : 14899.29 words/s : L.r. 9.3750e-05
[2019-03-28 00:05:12] Saving model weights and runtime parameters to model/model.src1tgt0.doc.notpretrained.old.npz.orig.npz
[2019-03-28 00:05:17] Saving model weights and runtime parameters to model/model.src1tgt0.doc.notpretrained.old.iter5000.npz
[2019-03-28 00:05:21] Saving model weights and runtime parameters to model/model.src1tgt0.doc.notpretrained.old.npz
[2019-03-28 00:05:26] Saving Adam parameters to model/model.src1tgt0.doc.notpretrained.old.npz.optimizer.npz
[2019-03-28 00:05:38] [valid] Ep. 1 : Up. 5000 : cross-entropy : 89.0102 : new best
[2019-03-28 00:05:41] [valid] Ep. 1 : Up. 5000 : perplexity : 998.322 : new best
Detokenizer Version $Revision: 4134 $
Language: en
[2019-03-28 00:06:08] [valid] Ep. 1 : Up. 5000 : translation : 0 : new best
[2019-03-28 00:14:12] Ep. 1 : Up. 5500 : Sen. 8,492,403 : Cost 69.99825287 : Time 540.30s : 12968.04 words/s : L.r. 1.0313e-04
[2019-03-28 00:22:38] Ep. 1 : Up. 6000 : Sen. 9,303,251 : Cost 70.26046753 : Time 505.76s : 14990.31 words/s : L.r. 1.1250e-04
[2019-03-28 00:30:42] Ep. 1 : Up. 6500 : Sen. 10,038,118 : Cost 74.32812500 : Time 484.69s : 14662.35 words/s : L.r. 1.2188e-04
[2019-03-28 00:38:48] Ep. 1 : Up. 7000 : Sen. 10,789,277 : Cost 73.56690216 : Time 485.26s : 14684.52 words/s : L.r. 1.3125e-04
[2019-03-28 00:47:00] Ep. 1 : Up. 7500 : Sen. 11,574,791 : Cost 71.65066528 : Time 492.30s : 14675.06 words/s : L.r. 1.4063e-04
[2019-03-28 00:55:10] Ep. 1 : Up. 8000 : Sen. 12,340,531 : Cost 74.16844177 : Time 490.45s : 14751.82 words/s : L.r. 1.5000e-04
[2019-03-28 01:03:27] Ep. 1 : Up. 8500 : Sen. 13,112,420 : Cost 75.40162659 : Time 496.87s : 14896.29 words/s : L.r. 1.5938e-04
[2019-03-28 01:11:39] Ep. 1 : Up. 9000 : Sen. 13,882,483 : Cost 74.91445160 : Time 491.54s : 14817.00 words/s : L.r. 1.6875e-04
[2019-03-28 01:19:56] Ep. 1 : Up. 9500 : Sen. 14,649,471 : Cost 77.42792511 : Time 496.86s : 14815.73 words/s : L.r. 1.7813e-04
[2019-03-28 01:28:06] Ep. 1 : Up. 10000 : Sen. 15,427,865 : Cost 75.94542694 : Time 490.17s : 14786.82 words/s : L.r. 1.8750e-04
[2019-03-28 01:28:06] Saving model weights and runtime parameters to model/model.src1tgt0.doc.notpretrained.old.npz.orig.npz
[2019-03-28 01:28:10] Saving model weights and runtime parameters to model/model.src1tgt0.doc.notpretrained.old.iter10000.npz
[2019-03-28 01:28:16] Saving model weights and runtime parameters to model/model.src1tgt0.doc.notpretrained.old.npz
[2019-03-28 01:28:23] Saving Adam parameters to model/model.src1tgt0.doc.notpretrained.old.npz.optimizer.npz
[2019-03-28 01:28:38] [valid] Ep. 1 : Up. 10000 : cross-entropy : 98.532 : stalled 1 times (last best: 89.0102)
[2019-03-28 01:28:41] [valid] Ep. 1 : Up. 10000 : perplexity : 2089.85 : stalled 1 times (last best: 998.322)
Detokenizer Version $Revision: 4134 $
Language: en
[2019-03-28 01:29:09] [valid] Ep. 1 : Up. 10000 : translation : 0 : stalled 1 times (last best: 0)
[2019-03-28 01:37:27] Ep. 1 : Up. 10500 : Sen. 16,221,316 : Cost 78.19902802 : Time 561.06s : 13234.34 words/s : L.r. 1.9688e-04
[2019-03-28 01:45:31] Ep. 1 : Up. 11000 : Sen. 16,967,485 : Cost 95.92922974 : Time 483.73s : 14790.34 words/s : L.r. 2.0625e-04
[2019-03-28 01:53:46] Ep. 1 : Up. 11500 : Sen. 17,751,010 : Cost 91.94563293 : Time 495.41s : 14925.11 words/s : L.r. 2.1563e-04
[2019-03-28 02:02:04] Ep. 1 : Up. 12000 : Sen. 18,507,340 : Cost 104.97960663 : Time 497.83s : 14997.95 words/s : L.r. 2.2500e-04
[2019-03-28 02:10:15] Ep. 1 : Up. 12500 : Sen. 19,298,319 : Cost 130.73126221 : Time 491.60s : 14723.73 words/s : L.r. 2.3438e-04
[2019-03-28 02:18:25] Ep. 1 : Up. 13000 : Sen. 20,075,094 : Cost 129.52450562 : Time 489.11s : 14736.89 words/s : L.r. 2.4375e-04
train_doc_nopre.sh: line 29: 18542 Terminated              $marian_home/marian --model model/model.src1tgt0.doc.notpretrained.old.npz --type transformer-context --train-sets corp/opensub.en-fr.docs.train.en.bpe.src_prev corp/opensub.en-fr.docs.train.en.bpe.src corp/opensub.en-fr.docs.train.fr.bpe --max-length 55 --dim-vocabs 30000 30000 --vocabs corp/vocab.encz.opensub.new.yml corp/vocab.encz.opensub.new.yml corp/vocab.encz.opensub.new.yml --mini-batch-fit -w 9000 --mini-batch 1000 --maxi-batch 1000 --early-stopping 10 --valid-freq 5000 --save-freq 5000 --disp-freq 500 --valid-metrics cross-entropy perplexity translation --valid-sets corp/opensub.en-fr.docs.dev.en.bpe.src_prev corp/opensub.en-fr.docs.dev.en.bpe.src corp/opensub.en-fr.docs.dev.fr.bpe --valid-script-path ./val.sh --valid-translation-output data/valid.bpe.en.output --quiet-translation --valid-mini-batch 64 --beam-size 6 --normalize 0.6 --log model/train_trans.gate.log --valid-log model/valid_trans.gate.log --enc-depth 6 --dec-depth 6 --transformer-heads 8 --transformer-postprocess-emb d --transformer-postprocess dan --transformer-dropout 0.1 --label-smoothing 0.1 --learn-rate 0.0003 --lr-warmup 16000 --lr-decay-inv-sqrt 16000 --lr-report --optimizer-params 0.9 0.98 1e-09 --clip-norm 5 --tied-embeddings-all --optimizer-delay 4 --devices 0 1 --no-nccl --sync-sgd --seed 1111 --exponential-smoothing --no-restore-corpus
