[2019-05-09 13:31:49] [marian] Marian v1.7.8 12fc6fc 2019-05-08 22:41:02 +0200
[2019-05-09 13:31:49] [marian] Running on bakchus.lingea.cz as process 2595 with command line:
[2019-05-09 13:31:49] [marian] /home/large/data/models/marian/marian-doc/doc-marian3/build/marian --model model/model.doc.gate2.npz --pretrained-model ../src0tgt0_fr/model/model.src0tgt0.newvocab.iter630000.npz --type transformer-context --train-sets corp/opensub.en-fr.docs.train.en.bpe.src_prev corp/opensub.en-fr.docs.train.en.bpe.src corp/opensub.en-fr.docs.train.fr.bpe --max-length 55 --dim-vocabs 30000 30000 --vocabs corp/vocab.encz.opensub.new.yml corp/vocab.encz.opensub.new.yml corp/vocab.encz.opensub.new.yml --mini-batch-fit -w 9300 --mini-batch 1000 --maxi-batch 1000 --early-stopping 10 --valid-freq 5000 --save-freq 5000 --disp-freq 500 --valid-metrics cross-entropy perplexity translation --valid-sets corp/opensub.en-fr.docs.dev.en.bpe.src_prev corp/opensub.en-fr.docs.dev.en.bpe.src corp/opensub.en-fr.docs.dev.fr.bpe --valid-script-path ./val.sh --valid-translation-output data/valid.bpe.en.output --quiet-translation --valid-mini-batch 64 --beam-size 6 --normalize 0.6 --log model/train_trans.gate.log --valid-log model/valid_trans.gate.log --enc-depth 6 --dec-depth 6 --transformer-heads 8 --transformer-postprocess-emb d --transformer-postprocess dn --transformer-dropout 0.1 --label-smoothing 0.1 --learn-rate 0.0001 --lr-warmup 16000 --lr-decay-inv-sqrt 16000 --lr-report --optimizer-params 0.9 0.98 1e-09 --clip-norm 5 --tied-embeddings-all --optimizer-delay 8 --devices 0 --sync-sgd --seed 1111 --exponential-smoothing --no-restore-corpus
[2019-05-09 13:31:49] [config] after-batches: 0
[2019-05-09 13:31:49] [config] after-epochs: 0
[2019-05-09 13:31:49] [config] allow-unk: false
[2019-05-09 13:31:49] [config] beam-size: 6
[2019-05-09 13:31:49] [config] bert-class-symbol: "[CLS]"
[2019-05-09 13:31:49] [config] bert-mask-symbol: "[MASK]"
[2019-05-09 13:31:49] [config] bert-masking-fraction: 0.15
[2019-05-09 13:31:49] [config] bert-sep-symbol: "[SEP]"
[2019-05-09 13:31:49] [config] bert-train-type-embeddings: true
[2019-05-09 13:31:49] [config] bert-type-vocab-size: 2
[2019-05-09 13:31:49] [config] best-deep: false
[2019-05-09 13:31:49] [config] clip-gemm: 0
[2019-05-09 13:31:49] [config] clip-norm: 5
[2019-05-09 13:31:49] [config] context-enc-depth: 1
[2019-05-09 13:31:49] [config] cost-type: ce-mean
[2019-05-09 13:31:49] [config] cpu-threads: 0
[2019-05-09 13:31:49] [config] data-weighting: ""
[2019-05-09 13:31:49] [config] data-weighting-type: sentence
[2019-05-09 13:31:49] [config] dec-cell: gru
[2019-05-09 13:31:49] [config] dec-cell-base-depth: 2
[2019-05-09 13:31:49] [config] dec-cell-high-depth: 1
[2019-05-09 13:31:49] [config] dec-depth: 6
[2019-05-09 13:31:49] [config] devices:
[2019-05-09 13:31:49] [config]   - 0
[2019-05-09 13:31:49] [config] dim-emb: 512
[2019-05-09 13:31:49] [config] dim-rnn: 1024
[2019-05-09 13:31:49] [config] dim-vocabs:
[2019-05-09 13:31:49] [config]   - 30000
[2019-05-09 13:31:49] [config]   - 30000
[2019-05-09 13:31:49] [config] disp-first: 0
[2019-05-09 13:31:49] [config] disp-freq: 500
[2019-05-09 13:31:49] [config] disp-label-counts: false
[2019-05-09 13:31:49] [config] dropout-rnn: 0
[2019-05-09 13:31:49] [config] dropout-src: 0
[2019-05-09 13:31:49] [config] dropout-trg: 0
[2019-05-09 13:31:49] [config] dump-config: ""
[2019-05-09 13:31:49] [config] early-stopping: 10
[2019-05-09 13:31:49] [config] embedding-fix-src: false
[2019-05-09 13:31:49] [config] embedding-fix-trg: false
[2019-05-09 13:31:49] [config] embedding-normalization: false
[2019-05-09 13:31:49] [config] embedding-vectors:
[2019-05-09 13:31:49] [config]   []
[2019-05-09 13:31:49] [config] enc-cell: gru
[2019-05-09 13:31:49] [config] enc-cell-depth: 1
[2019-05-09 13:31:49] [config] enc-depth: 6
[2019-05-09 13:31:49] [config] enc-type: bidirectional
[2019-05-09 13:31:49] [config] exponential-smoothing: 0.0001
[2019-05-09 13:31:49] [config] freeze: false
[2019-05-09 13:31:49] [config] grad-dropping-momentum: 0
[2019-05-09 13:31:49] [config] grad-dropping-rate: 0
[2019-05-09 13:31:49] [config] grad-dropping-warmup: 100
[2019-05-09 13:31:49] [config] guided-alignment: none
[2019-05-09 13:31:49] [config] guided-alignment-cost: mse
[2019-05-09 13:31:49] [config] guided-alignment-weight: 0.1
[2019-05-09 13:31:49] [config] ignore-model-config: false
[2019-05-09 13:31:49] [config] input-types:
[2019-05-09 13:31:49] [config]   []
[2019-05-09 13:31:49] [config] interpolate-env-vars: false
[2019-05-09 13:31:49] [config] keep-best: false
[2019-05-09 13:31:49] [config] label-smoothing: 0.1
[2019-05-09 13:31:49] [config] layer-normalization: false
[2019-05-09 13:31:49] [config] learn-rate: 0.0001
[2019-05-09 13:31:49] [config] log: model/train_trans.gate.log
[2019-05-09 13:31:49] [config] log-level: info
[2019-05-09 13:31:49] [config] log-time-zone: ""
[2019-05-09 13:31:49] [config] lr-decay: 0
[2019-05-09 13:31:49] [config] lr-decay-freq: 50000
[2019-05-09 13:31:49] [config] lr-decay-inv-sqrt:
[2019-05-09 13:31:49] [config]   - 16000
[2019-05-09 13:31:49] [config] lr-decay-repeat-warmup: false
[2019-05-09 13:31:49] [config] lr-decay-reset-optimizer: false
[2019-05-09 13:31:49] [config] lr-decay-start:
[2019-05-09 13:31:49] [config]   - 10
[2019-05-09 13:31:49] [config]   - 1
[2019-05-09 13:31:49] [config] lr-decay-strategy: epoch+stalled
[2019-05-09 13:31:49] [config] lr-report: true
[2019-05-09 13:31:49] [config] lr-warmup: 16000
[2019-05-09 13:31:49] [config] lr-warmup-at-reload: false
[2019-05-09 13:31:49] [config] lr-warmup-cycle: false
[2019-05-09 13:31:49] [config] lr-warmup-start-rate: 0
[2019-05-09 13:31:49] [config] max-length: 55
[2019-05-09 13:31:49] [config] max-length-crop: false
[2019-05-09 13:31:49] [config] max-length-factor: 3
[2019-05-09 13:31:49] [config] maxi-batch: 1000
[2019-05-09 13:31:49] [config] maxi-batch-sort: trg
[2019-05-09 13:31:49] [config] mini-batch: 1000
[2019-05-09 13:31:49] [config] mini-batch-fit: true
[2019-05-09 13:31:49] [config] mini-batch-fit-step: 10
[2019-05-09 13:31:49] [config] mini-batch-overstuff: 1
[2019-05-09 13:31:49] [config] mini-batch-track-lr: false
[2019-05-09 13:31:49] [config] mini-batch-understuff: 1
[2019-05-09 13:31:49] [config] mini-batch-warmup: 0
[2019-05-09 13:31:49] [config] mini-batch-words: 0
[2019-05-09 13:31:49] [config] mini-batch-words-ref: 0
[2019-05-09 13:31:49] [config] model: model/model.doc.gate2.npz
[2019-05-09 13:31:49] [config] multi-loss-type: sum
[2019-05-09 13:31:49] [config] multi-node: false
[2019-05-09 13:31:49] [config] multi-node-overlap: true
[2019-05-09 13:31:49] [config] n-best: false
[2019-05-09 13:31:49] [config] no-nccl: false
[2019-05-09 13:31:49] [config] no-reload: false
[2019-05-09 13:31:49] [config] no-restore-corpus: true
[2019-05-09 13:31:49] [config] no-shuffle: false
[2019-05-09 13:31:49] [config] normalize: 0.6
[2019-05-09 13:31:49] [config] num-devices: 0
[2019-05-09 13:31:49] [config] optimizer: adam
[2019-05-09 13:31:49] [config] optimizer-delay: 8
[2019-05-09 13:31:49] [config] optimizer-params:
[2019-05-09 13:31:49] [config]   - 0.9
[2019-05-09 13:31:49] [config]   - 0.98
[2019-05-09 13:31:49] [config]   - 1e-09
[2019-05-09 13:31:49] [config] overwrite: false
[2019-05-09 13:31:49] [config] pretrained-model: ../src0tgt0_fr/model/model.src0tgt0.newvocab.iter630000.npz
[2019-05-09 13:31:49] [config] quiet: false
[2019-05-09 13:31:49] [config] quiet-translation: true
[2019-05-09 13:31:49] [config] relative-paths: false
[2019-05-09 13:31:49] [config] right-left: false
[2019-05-09 13:31:49] [config] save-freq: 5000
[2019-05-09 13:31:49] [config] seed: 1111
[2019-05-09 13:31:49] [config] shuffle-in-ram: false
[2019-05-09 13:31:49] [config] skip: false
[2019-05-09 13:31:49] [config] sqlite: ""
[2019-05-09 13:31:49] [config] sqlite-drop: false
[2019-05-09 13:31:49] [config] sync-sgd: true
[2019-05-09 13:31:49] [config] tempdir: /tmp
[2019-05-09 13:31:49] [config] tied-embeddings: false
[2019-05-09 13:31:49] [config] tied-embeddings-all: true
[2019-05-09 13:31:49] [config] tied-embeddings-src: false
[2019-05-09 13:31:49] [config] train-sets:
[2019-05-09 13:31:49] [config]   - corp/opensub.en-fr.docs.train.en.bpe.src_prev
[2019-05-09 13:31:49] [config]   - corp/opensub.en-fr.docs.train.en.bpe.src
[2019-05-09 13:31:49] [config]   - corp/opensub.en-fr.docs.train.fr.bpe
[2019-05-09 13:31:49] [config] transformer-aan-activation: swish
[2019-05-09 13:31:49] [config] transformer-aan-depth: 2
[2019-05-09 13:31:49] [config] transformer-aan-nogate: false
[2019-05-09 13:31:49] [config] transformer-decoder-autoreg: self-attention
[2019-05-09 13:31:49] [config] transformer-dim-aan: 2048
[2019-05-09 13:31:49] [config] transformer-dim-ffn: 2048
[2019-05-09 13:31:49] [config] transformer-dropout: 0.1
[2019-05-09 13:31:49] [config] transformer-dropout-attention: 0
[2019-05-09 13:31:49] [config] transformer-dropout-ffn: 0
[2019-05-09 13:31:49] [config] transformer-ffn-activation: swish
[2019-05-09 13:31:49] [config] transformer-ffn-depth: 2
[2019-05-09 13:31:49] [config] transformer-guided-alignment-layer: last
[2019-05-09 13:31:49] [config] transformer-heads: 8
[2019-05-09 13:31:49] [config] transformer-no-projection: false
[2019-05-09 13:31:49] [config] transformer-postprocess: dn
[2019-05-09 13:31:49] [config] transformer-postprocess-emb: d
[2019-05-09 13:31:49] [config] transformer-preprocess: ""
[2019-05-09 13:31:49] [config] transformer-tied-layers:
[2019-05-09 13:31:49] [config]   []
[2019-05-09 13:31:49] [config] transformer-train-position-embeddings: false
[2019-05-09 13:31:49] [config] type: transformer-context
[2019-05-09 13:31:49] [config] ulr: false
[2019-05-09 13:31:49] [config] ulr-dim-emb: 0
[2019-05-09 13:31:49] [config] ulr-dropout: 0
[2019-05-09 13:31:49] [config] ulr-keys-vectors: ""
[2019-05-09 13:31:49] [config] ulr-query-vectors: ""
[2019-05-09 13:31:49] [config] ulr-softmax-temperature: 1
[2019-05-09 13:31:49] [config] ulr-trainable-transformation: false
[2019-05-09 13:31:49] [config] valid-freq: 5000
[2019-05-09 13:31:49] [config] valid-log: model/valid_trans.gate.log
[2019-05-09 13:31:49] [config] valid-max-length: 1000
[2019-05-09 13:31:49] [config] valid-metrics:
[2019-05-09 13:31:49] [config]   - cross-entropy
[2019-05-09 13:31:49] [config]   - perplexity
[2019-05-09 13:31:49] [config]   - translation
[2019-05-09 13:31:49] [config] valid-mini-batch: 64
[2019-05-09 13:31:49] [config] valid-script-path: ./val.sh
[2019-05-09 13:31:49] [config] valid-sets:
[2019-05-09 13:31:49] [config]   - corp/opensub.en-fr.docs.dev.en.bpe.src_prev
[2019-05-09 13:31:49] [config]   - corp/opensub.en-fr.docs.dev.en.bpe.src
[2019-05-09 13:31:49] [config]   - corp/opensub.en-fr.docs.dev.fr.bpe
[2019-05-09 13:31:49] [config] valid-translation-output: data/valid.bpe.en.output
[2019-05-09 13:31:49] [config] vocabs:
[2019-05-09 13:31:49] [config]   - corp/vocab.encz.opensub.new.yml
[2019-05-09 13:31:49] [config]   - corp/vocab.encz.opensub.new.yml
[2019-05-09 13:31:49] [config]   - corp/vocab.encz.opensub.new.yml
[2019-05-09 13:31:49] [config] word-penalty: 0
[2019-05-09 13:31:49] [config] workspace: 9300
[2019-05-09 13:31:49] [config] Model is being created with Marian v1.7.8 12fc6fc 2019-05-08 22:41:02 +0200
[2019-05-09 13:31:49] Using synchronous training
[2019-05-09 13:31:49] [data] Loading vocabulary from JSON/Yaml file corp/vocab.encz.opensub.new.yml
[2019-05-09 13:31:49] [data] Setting vocabulary size for input 0 to 30000
[2019-05-09 13:31:49] [data] Loading vocabulary from JSON/Yaml file corp/vocab.encz.opensub.new.yml
[2019-05-09 13:31:49] [data] Setting vocabulary size for input 1 to 30000
[2019-05-09 13:31:49] [data] Loading vocabulary from JSON/Yaml file corp/vocab.encz.opensub.new.yml
[2019-05-09 13:31:50] [data] Setting vocabulary size for input 2 to 30000
[2019-05-09 13:31:50] Compiled without MPI support. Falling back to FakeMPIWrapper
[2019-05-09 13:31:50] [batching] Collecting statistics for batch fitting with step size 10
[2019-05-09 13:31:50] [memory] Extending reserved space to 9344 MB (device gpu0)
[2019-05-09 13:31:50] [comm] Using NCCL 2.4.2 for GPU communication
[2019-05-09 13:31:51] [comm] NCCLCommunicator constructed successfully.
[2019-05-09 13:31:51] [training] Using 1 GPUs
[2019-05-09 13:31:51] [memory] Reserving 311 MB, device gpu0
[2019-05-09 13:31:51] [gpu] 16-bit TensorCores enabled for float32 matrix operations
[2019-05-09 13:31:52] [memory] Reserving 311 MB, device gpu0
[2019-05-09 13:32:04] [batching] Done. Typical MB size is 38453 target words
[2019-05-09 13:32:04] [memory] Extending reserved space to 9344 MB (device gpu0)
[2019-05-09 13:32:04] [comm] Using NCCL 2.4.2 for GPU communication
[2019-05-09 13:32:04] [comm] NCCLCommunicator constructed successfully.
[2019-05-09 13:32:04] [training] Using 1 GPUs
[2019-05-09 13:32:04] [training] Initializing model weights with the pre-trained model ../src0tgt0_fr/model/model.src0tgt0.newvocab.iter630000.npz
[2019-05-09 13:32:04] Loading model from ../src0tgt0_fr/model/model.src0tgt0.newvocab.iter630000.npz
[2019-05-09 13:32:06] Training started
[2019-05-09 13:32:06] [data] Shuffling data
[2019-05-09 13:32:47] [data] Done reading 41736982 sentences
[2019-05-09 13:36:16] [data] Done shuffling 41736982 sentences to temp files
[2019-05-09 13:36:49] [training] Batches are processed as 1 process(es) x 1 devices/process
[2019-05-09 13:36:49] [memory] Reserving 311 MB, device gpu0
[2019-05-09 13:36:49] [memory] Reserving 311 MB, device gpu0
[2019-05-09 13:36:49] [memory] Reserving 311 MB, device gpu0
[2019-05-09 13:36:52] [memory] Reserving 622 MB, device gpu0
[2019-05-09 13:51:18] Ep. 1 : Up. 500 : Sen. 742,728 : Cost 80.49272919 : Time 1168.22s : 5862.47 words/s : L.r. 3.1250e-06
[2019-05-09 14:06:12] Ep. 1 : Up. 1000 : Sen. 1,480,052 : Cost 70.87695312 : Time 894.59s : 7942.40 words/s : L.r. 6.2500e-06
[2019-05-09 14:20:54] Ep. 1 : Up. 1500 : Sen. 2,212,658 : Cost 69.20537567 : Time 881.25s : 7991.14 words/s : L.r. 9.3750e-06
[2019-05-09 14:35:33] Ep. 1 : Up. 2000 : Sen. 2,950,150 : Cost 66.71254730 : Time 879.72s : 7855.16 words/s : L.r. 1.2500e-05
[2019-05-09 14:49:50] Ep. 1 : Up. 2500 : Sen. 3,657,779 : Cost 66.69818115 : Time 856.65s : 7841.05 words/s : L.r. 1.5625e-05
[2019-05-09 15:04:38] Ep. 1 : Up. 3000 : Sen. 4,422,399 : Cost 63.61788177 : Time 887.65s : 7915.77 words/s : L.r. 1.8750e-05
[2019-05-09 15:19:15] Ep. 1 : Up. 3500 : Sen. 5,134,335 : Cost 68.00752258 : Time 877.06s : 7936.17 words/s : L.r. 2.1875e-05
[2019-05-09 15:33:49] Ep. 1 : Up. 4000 : Sen. 5,877,365 : Cost 63.76476669 : Time 874.65s : 7893.58 words/s : L.r. 2.5000e-05
[2019-05-09 15:48:13] Ep. 1 : Up. 4500 : Sen. 6,605,006 : Cost 64.02937317 : Time 864.08s : 7883.65 words/s : L.r. 2.8125e-05
[2019-05-09 16:03:14] Ep. 1 : Up. 5000 : Sen. 7,362,747 : Cost 64.27006531 : Time 900.81s : 7933.70 words/s : L.r. 3.1250e-05
[2019-05-09 16:03:14] Saving model weights and runtime parameters to model/model.doc.gate2.npz.orig.npz
[2019-05-09 16:03:20] Saving model weights and runtime parameters to model/model.doc.gate2.iter5000.npz
[2019-05-09 16:03:25] Saving model weights and runtime parameters to model/model.doc.gate2.npz
[2019-05-09 16:03:30] Saving Adam parameters to model/model.doc.gate2.npz.optimizer.npz
[2019-05-09 16:03:46] [valid] Ep. 1 : Up. 5000 : cross-entropy : 106.358 : new best
[2019-05-09 16:03:52] [valid] Ep. 1 : Up. 5000 : perplexity : 3835.5 : new best
Detokenizer Version $Revision: 4134 $
Language: en
[2019-05-09 16:14:48] [valid] Ep. 1 : Up. 5000 : translation : 0 : new best
[2019-05-09 16:29:24] Ep. 1 : Up. 5500 : Sen. 8,085,269 : Cost 65.29164124 : Time 1569.43s : 4435.72 words/s : L.r. 3.4375e-05
[2019-05-09 16:43:56] Ep. 1 : Up. 6000 : Sen. 8,815,409 : Cost 63.69532394 : Time 871.81s : 7867.97 words/s : L.r. 3.7500e-05
[2019-05-09 16:58:36] Ep. 1 : Up. 6500 : Sen. 9,549,692 : Cost 64.11593628 : Time 880.73s : 7925.18 words/s : L.r. 4.0625e-05
[2019-05-09 17:13:28] Ep. 1 : Up. 7000 : Sen. 10,283,033 : Cost 65.39134979 : Time 891.38s : 7966.38 words/s : L.r. 4.3750e-05
[2019-05-09 17:27:42] Ep. 1 : Up. 7500 : Sen. 11,004,313 : Cost 62.19240189 : Time 853.90s : 7839.56 words/s : L.r. 4.6875e-05
[2019-05-09 17:42:24] Ep. 1 : Up. 8000 : Sen. 11,737,035 : Cost 64.11290741 : Time 882.84s : 7944.74 words/s : L.r. 5.0000e-05
[2019-05-09 17:57:02] Ep. 1 : Up. 8500 : Sen. 12,480,216 : Cost 62.89433670 : Time 877.29s : 7920.87 words/s : L.r. 5.3125e-05
[2019-05-09 18:11:36] Ep. 1 : Up. 9000 : Sen. 13,194,992 : Cost 65.15755463 : Time 874.43s : 7871.58 words/s : L.r. 5.6250e-05
[2019-05-09 18:26:17] Ep. 1 : Up. 9500 : Sen. 13,944,039 : Cost 62.38344955 : Time 881.36s : 7910.63 words/s : L.r. 5.9375e-05
[2019-05-09 18:41:01] Ep. 1 : Up. 10000 : Sen. 14,667,523 : Cost 64.76465607 : Time 883.92s : 7943.87 words/s : L.r. 6.2500e-05
[2019-05-09 18:41:01] Saving model weights and runtime parameters to model/model.doc.gate2.npz.orig.npz
[2019-05-09 18:41:07] Saving model weights and runtime parameters to model/model.doc.gate2.iter10000.npz
[2019-05-09 18:41:12] Saving model weights and runtime parameters to model/model.doc.gate2.npz
[2019-05-09 18:41:18] Saving Adam parameters to model/model.doc.gate2.npz.optimizer.npz
[2019-05-09 18:41:34] [valid] Ep. 1 : Up. 10000 : cross-entropy : 106.646 : stalled 1 times (last best: 106.358)
[2019-05-09 18:41:40] [valid] Ep. 1 : Up. 10000 : perplexity : 3922.06 : stalled 1 times (last best: 3835.5)
Detokenizer Version $Revision: 4134 $
Language: en
[2019-05-09 18:52:37] [valid] Ep. 1 : Up. 10000 : translation : 0 : stalled 1 times (last best: 0)
[2019-05-09 19:07:07] Ep. 1 : Up. 10500 : Sen. 15,399,215 : Cost 62.33108902 : Time 1565.50s : 4382.16 words/s : L.r. 6.5625e-05
[2019-05-09 19:22:00] Ep. 1 : Up. 11000 : Sen. 16,161,438 : Cost 61.94768906 : Time 892.75s : 7961.09 words/s : L.r. 6.8750e-05
[2019-05-09 19:36:28] Ep. 1 : Up. 11500 : Sen. 16,889,564 : Cost 62.64135742 : Time 868.20s : 7847.01 words/s : L.r. 7.1875e-05
[2019-05-09 19:51:16] Ep. 1 : Up. 12000 : Sen. 17,634,799 : Cost 63.43413925 : Time 888.04s : 7958.70 words/s : L.r. 7.5000e-05
[2019-05-09 20:05:50] Ep. 1 : Up. 12500 : Sen. 18,362,930 : Cost 62.87997437 : Time 874.02s : 7832.23 words/s : L.r. 7.8125e-05
[2019-05-09 20:20:45] Ep. 1 : Up. 13000 : Sen. 19,120,066 : Cost 62.71051788 : Time 895.38s : 7945.35 words/s : L.r. 8.1250e-05
[2019-05-09 20:35:23] Ep. 1 : Up. 13500 : Sen. 19,840,758 : Cost 63.93301010 : Time 877.90s : 7887.50 words/s : L.r. 8.4375e-05
[2019-05-09 20:50:02] Ep. 1 : Up. 14000 : Sen. 20,593,541 : Cost 60.44127274 : Time 879.04s : 7834.72 words/s : L.r. 8.7500e-05
[2019-05-09 21:04:49] Ep. 1 : Up. 14500 : Sen. 21,315,971 : Cost 65.48226166 : Time 886.54s : 7975.90 words/s : L.r. 9.0625e-05
[2019-05-09 21:19:15] Ep. 1 : Up. 15000 : Sen. 22,036,600 : Cost 63.06845093 : Time 866.56s : 7876.34 words/s : L.r. 9.3750e-05
[2019-05-09 21:19:15] Saving model weights and runtime parameters to model/model.doc.gate2.npz.orig.npz
[2019-05-09 21:19:21] Saving model weights and runtime parameters to model/model.doc.gate2.iter15000.npz
[2019-05-09 21:19:25] Saving model weights and runtime parameters to model/model.doc.gate2.npz
[2019-05-09 21:19:31] Saving Adam parameters to model/model.doc.gate2.npz.optimizer.npz
[2019-05-09 21:19:48] [valid] Ep. 1 : Up. 15000 : cross-entropy : 107.088 : stalled 2 times (last best: 106.358)
[2019-05-09 21:19:54] [valid] Ep. 1 : Up. 15000 : perplexity : 4059.03 : stalled 2 times (last best: 3835.5)
Detokenizer Version $Revision: 4134 $
Language: en
[2019-05-09 21:30:49] [valid] Ep. 1 : Up. 15000 : translation : 0 : stalled 2 times (last best: 0)
[2019-05-09 21:45:32] Ep. 1 : Up. 15500 : Sen. 22,776,858 : Cost 62.82854843 : Time 1576.55s : 4434.33 words/s : L.r. 9.6875e-05
[2019-05-09 22:00:26] Ep. 1 : Up. 16000 : Sen. 23,505,475 : Cost 64.36284637 : Time 893.74s : 7902.91 words/s : L.r. 1.0000e-04
[2019-05-09 22:15:13] Ep. 1 : Up. 16500 : Sen. 24,267,633 : Cost 60.66790390 : Time 887.75s : 7887.55 words/s : L.r. 9.8473e-05
[2019-05-09 22:29:47] Ep. 1 : Up. 17000 : Sen. 25,000,000 : Cost 62.44427109 : Time 873.96s : 7905.26 words/s : L.r. 9.7014e-05
[2019-05-09 22:44:26] Ep. 1 : Up. 17500 : Sen. 25,737,627 : Cost 62.37075806 : Time 879.03s : 7898.42 words/s : L.r. 9.5618e-05
train_doc_gated_new.sh: line 30:  2595 Terminated              $marian_home/marian --model model/model.doc.gate2.npz --pretrained-model ../src0tgt0_fr/model/model.src0tgt0.newvocab.iter630000.npz --type transformer-context --train-sets corp/opensub.en-fr.docs.train.en.bpe.src_prev corp/opensub.en-fr.docs.train.en.bpe.src corp/opensub.en-fr.docs.train.fr.bpe --max-length 55 --dim-vocabs 30000 30000 --vocabs corp/vocab.encz.opensub.new.yml corp/vocab.encz.opensub.new.yml corp/vocab.encz.opensub.new.yml --mini-batch-fit -w 9300 --mini-batch 1000 --maxi-batch 1000 --early-stopping 10 --valid-freq 5000 --save-freq 5000 --disp-freq 500 --valid-metrics cross-entropy perplexity translation --valid-sets corp/opensub.en-fr.docs.dev.en.bpe.src_prev corp/opensub.en-fr.docs.dev.en.bpe.src corp/opensub.en-fr.docs.dev.fr.bpe --valid-script-path ./val.sh --valid-translation-output data/valid.bpe.en.output --quiet-translation --valid-mini-batch 64 --beam-size 6 --normalize 0.6 --log model/train_trans.gate.log --valid-log model/valid_trans.gate.log --enc-depth 6 --dec-depth 6 --transformer-heads 8 --transformer-postprocess-emb d --transformer-postprocess dn --transformer-dropout 0.1 --label-smoothing 0.1 --learn-rate 0.0001 --lr-warmup 16000 --lr-decay-inv-sqrt 16000 --lr-report --optimizer-params 0.9 0.98 1e-09 --clip-norm 5 --tied-embeddings-all --optimizer-delay 8 --devices 0 --sync-sgd --seed 1111 --exponential-smoothing --no-restore-corpus
