[2019-05-03 11:36:54] [marian] Marian v1.7.8 1fcb013 2019-05-03 03:15:04 +0200
[2019-05-03 11:36:54] [marian] Running on bakchus.lingea.cz as process 21626 with command line:
[2019-05-03 11:36:54] [marian] /home/large/data/models/marian/marian-doc/marian_voita/doc-marian/build/marian --model model/model.voita.gate.npz --pretrained-model ../src0tgt0_fr/model/model.src0tgt0.newvocab.iter630000.npz --type transformer-voita --train-sets corp/opensub.en-fr.docs.train.en.bpe.src_prev corp/opensub.en-fr.docs.train.en.bpe.src corp/opensub.en-fr.docs.train.fr.bpe --max-length 55 --dim-vocabs 30000 30000 --vocabs corp/vocab.encz.opensub.new.yml corp/vocab.encz.opensub.new.yml corp/vocab.encz.opensub.new.yml --mini-batch-fit -w 9300 --mini-batch 1000 --maxi-batch 1000 --early-stopping 10 --valid-freq 5000 --save-freq 5000 --disp-freq 500 --valid-metrics cross-entropy perplexity translation --valid-sets corp/opensub.en-fr.docs.dev.en.bpe.src_prev corp/opensub.en-fr.docs.dev.en.bpe.src corp/opensub.en-fr.docs.dev.fr.bpe --valid-script-path ./val.sh --valid-translation-output data/valid.bpe.en.output --quiet-translation --valid-mini-batch 64 --beam-size 6 --normalize 0.6 --log model/train_trans.gate.log --valid-log model/valid_trans.gate.log --enc-depth 6 --dec-depth 6 --transformer-heads 8 --transformer-postprocess-emb d --transformer-postprocess dan --transformer-dropout 0.1 --label-smoothing 0.1 --learn-rate 0.0002 --lr-warmup 16000 --lr-decay-inv-sqrt 16000 --lr-report --optimizer-params 0.9 0.98 1e-09 --clip-norm 5 --tied-embeddings-all --optimizer-delay 4 --devices 0 --sync-sgd --seed 1111 --exponential-smoothing --no-restore-corpus
[2019-05-03 11:36:54] [config] after-batches: 0
[2019-05-03 11:36:54] [config] after-epochs: 0
[2019-05-03 11:36:54] [config] allow-unk: false
[2019-05-03 11:36:54] [config] beam-size: 6
[2019-05-03 11:36:54] [config] bert-class-symbol: "[CLS]"
[2019-05-03 11:36:54] [config] bert-mask-symbol: "[MASK]"
[2019-05-03 11:36:54] [config] bert-masking-fraction: 0.15
[2019-05-03 11:36:54] [config] bert-sep-symbol: "[SEP]"
[2019-05-03 11:36:54] [config] bert-train-type-embeddings: true
[2019-05-03 11:36:54] [config] bert-type-vocab-size: 2
[2019-05-03 11:36:54] [config] best-deep: false
[2019-05-03 11:36:54] [config] clip-gemm: 0
[2019-05-03 11:36:54] [config] clip-norm: 5
[2019-05-03 11:36:54] [config] context-enc-depth: 1
[2019-05-03 11:36:54] [config] cost-type: ce-mean
[2019-05-03 11:36:54] [config] cpu-threads: 0
[2019-05-03 11:36:54] [config] data-weighting: ""
[2019-05-03 11:36:54] [config] data-weighting-type: sentence
[2019-05-03 11:36:54] [config] dec-cell: gru
[2019-05-03 11:36:54] [config] dec-cell-base-depth: 2
[2019-05-03 11:36:54] [config] dec-cell-high-depth: 1
[2019-05-03 11:36:54] [config] dec-depth: 6
[2019-05-03 11:36:54] [config] devices:
[2019-05-03 11:36:54] [config]   - 0
[2019-05-03 11:36:54] [config] dim-emb: 512
[2019-05-03 11:36:54] [config] dim-rnn: 1024
[2019-05-03 11:36:54] [config] dim-vocabs:
[2019-05-03 11:36:54] [config]   - 30000
[2019-05-03 11:36:54] [config]   - 30000
[2019-05-03 11:36:54] [config] disp-first: 0
[2019-05-03 11:36:54] [config] disp-freq: 500
[2019-05-03 11:36:54] [config] disp-label-counts: false
[2019-05-03 11:36:54] [config] dropout-rnn: 0
[2019-05-03 11:36:54] [config] dropout-src: 0
[2019-05-03 11:36:54] [config] dropout-trg: 0
[2019-05-03 11:36:54] [config] dump-config: ""
[2019-05-03 11:36:54] [config] early-stopping: 10
[2019-05-03 11:36:54] [config] embedding-fix-src: false
[2019-05-03 11:36:54] [config] embedding-fix-trg: false
[2019-05-03 11:36:54] [config] embedding-normalization: false
[2019-05-03 11:36:54] [config] embedding-vectors:
[2019-05-03 11:36:54] [config]   []
[2019-05-03 11:36:54] [config] enc-cell: gru
[2019-05-03 11:36:54] [config] enc-cell-depth: 1
[2019-05-03 11:36:54] [config] enc-depth: 6
[2019-05-03 11:36:54] [config] enc-type: bidirectional
[2019-05-03 11:36:54] [config] exponential-smoothing: 0.0001
[2019-05-03 11:36:54] [config] freeze: false
[2019-05-03 11:36:54] [config] grad-dropping-momentum: 0
[2019-05-03 11:36:54] [config] grad-dropping-rate: 0
[2019-05-03 11:36:54] [config] grad-dropping-warmup: 100
[2019-05-03 11:36:54] [config] guided-alignment: none
[2019-05-03 11:36:54] [config] guided-alignment-cost: mse
[2019-05-03 11:36:54] [config] guided-alignment-weight: 0.1
[2019-05-03 11:36:54] [config] hier-att: false
[2019-05-03 11:36:54] [config] ignore-model-config: false
[2019-05-03 11:36:54] [config] input-types:
[2019-05-03 11:36:54] [config]   []
[2019-05-03 11:36:54] [config] interpolate-env-vars: false
[2019-05-03 11:36:54] [config] keep-best: false
[2019-05-03 11:36:54] [config] label-smoothing: 0.1
[2019-05-03 11:36:54] [config] layer-normalization: false
[2019-05-03 11:36:54] [config] learn-rate: 0.0002
[2019-05-03 11:36:54] [config] log: model/train_trans.gate.log
[2019-05-03 11:36:54] [config] log-level: info
[2019-05-03 11:36:54] [config] log-time-zone: ""
[2019-05-03 11:36:54] [config] lr-decay: 0
[2019-05-03 11:36:54] [config] lr-decay-freq: 50000
[2019-05-03 11:36:54] [config] lr-decay-inv-sqrt:
[2019-05-03 11:36:54] [config]   - 16000
[2019-05-03 11:36:54] [config] lr-decay-repeat-warmup: false
[2019-05-03 11:36:54] [config] lr-decay-reset-optimizer: false
[2019-05-03 11:36:54] [config] lr-decay-start:
[2019-05-03 11:36:54] [config]   - 10
[2019-05-03 11:36:54] [config]   - 1
[2019-05-03 11:36:54] [config] lr-decay-strategy: epoch+stalled
[2019-05-03 11:36:54] [config] lr-report: true
[2019-05-03 11:36:54] [config] lr-warmup: 16000
[2019-05-03 11:36:54] [config] lr-warmup-at-reload: false
[2019-05-03 11:36:54] [config] lr-warmup-cycle: false
[2019-05-03 11:36:54] [config] lr-warmup-start-rate: 0
[2019-05-03 11:36:54] [config] max-length: 55
[2019-05-03 11:36:54] [config] max-length-crop: false
[2019-05-03 11:36:54] [config] max-length-factor: 3
[2019-05-03 11:36:54] [config] maxi-batch: 1000
[2019-05-03 11:36:54] [config] maxi-batch-sort: trg
[2019-05-03 11:36:54] [config] mini-batch: 1000
[2019-05-03 11:36:54] [config] mini-batch-fit: true
[2019-05-03 11:36:54] [config] mini-batch-fit-step: 10
[2019-05-03 11:36:54] [config] mini-batch-overstuff: 1
[2019-05-03 11:36:54] [config] mini-batch-track-lr: false
[2019-05-03 11:36:54] [config] mini-batch-understuff: 1
[2019-05-03 11:36:54] [config] mini-batch-warmup: 0
[2019-05-03 11:36:54] [config] mini-batch-words: 0
[2019-05-03 11:36:54] [config] mini-batch-words-ref: 0
[2019-05-03 11:36:54] [config] model: model/model.voita.gate.npz
[2019-05-03 11:36:54] [config] multi-loss-type: sum
[2019-05-03 11:36:54] [config] multi-node: false
[2019-05-03 11:36:54] [config] multi-node-overlap: true
[2019-05-03 11:36:54] [config] n-best: false
[2019-05-03 11:36:54] [config] no-nccl: false
[2019-05-03 11:36:54] [config] no-reload: false
[2019-05-03 11:36:54] [config] no-restore-corpus: true
[2019-05-03 11:36:54] [config] no-shuffle: false
[2019-05-03 11:36:54] [config] normalize: 0.6
[2019-05-03 11:36:54] [config] num-devices: 0
[2019-05-03 11:36:54] [config] optimizer: adam
[2019-05-03 11:36:54] [config] optimizer-delay: 4
[2019-05-03 11:36:54] [config] optimizer-params:
[2019-05-03 11:36:54] [config]   - 0.9
[2019-05-03 11:36:54] [config]   - 0.98
[2019-05-03 11:36:54] [config]   - 1e-09
[2019-05-03 11:36:54] [config] overwrite: false
[2019-05-03 11:36:54] [config] pretrained-model: ../src0tgt0_fr/model/model.src0tgt0.newvocab.iter630000.npz
[2019-05-03 11:36:54] [config] quiet: false
[2019-05-03 11:36:54] [config] quiet-translation: true
[2019-05-03 11:36:54] [config] relative-paths: false
[2019-05-03 11:36:54] [config] right-left: false
[2019-05-03 11:36:54] [config] save-freq: 5000
[2019-05-03 11:36:54] [config] seed: 1111
[2019-05-03 11:36:54] [config] shuffle-in-ram: false
[2019-05-03 11:36:54] [config] skip: false
[2019-05-03 11:36:54] [config] sqlite: ""
[2019-05-03 11:36:54] [config] sqlite-drop: false
[2019-05-03 11:36:54] [config] sync-sgd: true
[2019-05-03 11:36:54] [config] tempdir: /tmp
[2019-05-03 11:36:54] [config] tied-embeddings: false
[2019-05-03 11:36:54] [config] tied-embeddings-all: true
[2019-05-03 11:36:54] [config] tied-embeddings-src: false
[2019-05-03 11:36:54] [config] train-sets:
[2019-05-03 11:36:54] [config]   - corp/opensub.en-fr.docs.train.en.bpe.src_prev
[2019-05-03 11:36:54] [config]   - corp/opensub.en-fr.docs.train.en.bpe.src
[2019-05-03 11:36:54] [config]   - corp/opensub.en-fr.docs.train.fr.bpe
[2019-05-03 11:36:54] [config] transformer-aan-activation: swish
[2019-05-03 11:36:54] [config] transformer-aan-depth: 2
[2019-05-03 11:36:54] [config] transformer-aan-nogate: false
[2019-05-03 11:36:54] [config] transformer-decoder-autoreg: self-attention
[2019-05-03 11:36:54] [config] transformer-dim-aan: 2048
[2019-05-03 11:36:54] [config] transformer-dim-ffn: 2048
[2019-05-03 11:36:54] [config] transformer-dropout: 0.1
[2019-05-03 11:36:54] [config] transformer-dropout-attention: 0
[2019-05-03 11:36:54] [config] transformer-dropout-ffn: 0
[2019-05-03 11:36:54] [config] transformer-ffn-activation: swish
[2019-05-03 11:36:54] [config] transformer-ffn-depth: 2
[2019-05-03 11:36:54] [config] transformer-guided-alignment-layer: last
[2019-05-03 11:36:54] [config] transformer-heads: 8
[2019-05-03 11:36:54] [config] transformer-no-projection: false
[2019-05-03 11:36:54] [config] transformer-postprocess: dan
[2019-05-03 11:36:54] [config] transformer-postprocess-emb: d
[2019-05-03 11:36:54] [config] transformer-preprocess: ""
[2019-05-03 11:36:54] [config] transformer-tied-layers:
[2019-05-03 11:36:54] [config]   []
[2019-05-03 11:36:54] [config] transformer-train-position-embeddings: false
[2019-05-03 11:36:54] [config] type: transformer-voita
[2019-05-03 11:36:54] [config] ulr: false
[2019-05-03 11:36:54] [config] ulr-dim-emb: 0
[2019-05-03 11:36:54] [config] ulr-dropout: 0
[2019-05-03 11:36:54] [config] ulr-keys-vectors: ""
[2019-05-03 11:36:54] [config] ulr-query-vectors: ""
[2019-05-03 11:36:54] [config] ulr-softmax-temperature: 1
[2019-05-03 11:36:54] [config] ulr-trainable-transformation: false
[2019-05-03 11:36:54] [config] valid-freq: 5000
[2019-05-03 11:36:54] [config] valid-log: model/valid_trans.gate.log
[2019-05-03 11:36:54] [config] valid-max-length: 1000
[2019-05-03 11:36:54] [config] valid-metrics:
[2019-05-03 11:36:54] [config]   - cross-entropy
[2019-05-03 11:36:54] [config]   - perplexity
[2019-05-03 11:36:54] [config]   - translation
[2019-05-03 11:36:54] [config] valid-mini-batch: 64
[2019-05-03 11:36:54] [config] valid-script-path: ./val.sh
[2019-05-03 11:36:54] [config] valid-sets:
[2019-05-03 11:36:54] [config]   - corp/opensub.en-fr.docs.dev.en.bpe.src_prev
[2019-05-03 11:36:54] [config]   - corp/opensub.en-fr.docs.dev.en.bpe.src
[2019-05-03 11:36:54] [config]   - corp/opensub.en-fr.docs.dev.fr.bpe
[2019-05-03 11:36:54] [config] valid-translation-output: data/valid.bpe.en.output
[2019-05-03 11:36:54] [config] vocabs:
[2019-05-03 11:36:54] [config]   - corp/vocab.encz.opensub.new.yml
[2019-05-03 11:36:54] [config]   - corp/vocab.encz.opensub.new.yml
[2019-05-03 11:36:54] [config]   - corp/vocab.encz.opensub.new.yml
[2019-05-03 11:36:54] [config] word-penalty: 0
[2019-05-03 11:36:54] [config] workspace: 9300
[2019-05-03 11:36:54] [config] Model is being created with Marian v1.7.8 1fcb013 2019-05-03 03:15:04 +0200
[2019-05-03 11:36:54] Using synchronous training
[2019-05-03 11:36:54] [data] Loading vocabulary from JSON/Yaml file corp/vocab.encz.opensub.new.yml
[2019-05-03 11:36:54] [data] Setting vocabulary size for input 0 to 30000
[2019-05-03 11:36:54] [data] Loading vocabulary from JSON/Yaml file corp/vocab.encz.opensub.new.yml
[2019-05-03 11:36:54] [data] Setting vocabulary size for input 1 to 30000
[2019-05-03 11:36:54] [data] Loading vocabulary from JSON/Yaml file corp/vocab.encz.opensub.new.yml
[2019-05-03 11:36:55] [data] Setting vocabulary size for input 2 to 30000
[2019-05-03 11:36:55] Compiled without MPI support. Falling back to FakeMPIWrapper
[2019-05-03 11:36:55] [batching] Collecting statistics for batch fitting with step size 10
[2019-05-03 11:36:58] [memory] Extending reserved space to 9344 MB (device gpu0)
[2019-05-03 11:36:58] [comm] Using NCCL 2.4.2 for GPU communication
[2019-05-03 11:36:58] [comm] NCCLCommunicator constructed successfully.
[2019-05-03 11:36:58] [training] Using 1 GPUs
[2019-05-03 11:36:58] [memory] Reserving 237 MB, device gpu0
[2019-05-03 11:36:58] [gpu] 16-bit TensorCores enabled for float32 matrix operations
[2019-05-03 11:36:58] [memory] Reserving 237 MB, device gpu0
[2019-05-03 11:37:09] [batching] Done. Typical MB size is 21840 target words
[2019-05-03 11:37:09] [memory] Extending reserved space to 9344 MB (device gpu0)
[2019-05-03 11:37:10] [comm] Using NCCL 2.4.2 for GPU communication
[2019-05-03 11:37:10] [comm] NCCLCommunicator constructed successfully.
[2019-05-03 11:37:10] [training] Using 1 GPUs
[2019-05-03 11:37:10] [training] Initializing model weights with the pre-trained model ../src0tgt0_fr/model/model.src0tgt0.newvocab.iter630000.npz
[2019-05-03 11:37:10] Loading model from ../src0tgt0_fr/model/model.src0tgt0.newvocab.iter630000.npz
[2019-05-03 11:37:12] Training started
[2019-05-03 11:37:12] [data] Shuffling data
[2019-05-03 11:37:54] [data] Done reading 41736982 sentences
[2019-05-03 11:41:20] [data] Done shuffling 41736982 sentences to temp files
[2019-05-03 11:42:00] [training] Batches are processed as 1 process(es) x 1 devices/process
[2019-05-03 11:42:00] [memory] Reserving 249 MB, device gpu0
[2019-05-03 11:42:01] [memory] Reserving 249 MB, device gpu0
[2019-05-03 11:42:01] [memory] Reserving 249 MB, device gpu0
[2019-05-03 11:42:02] [memory] Reserving 498 MB, device gpu0
[2019-05-03 11:50:40] Ep. 1 : Up. 500 : Sen. 481,176 : Cost 61.22902298 : Time 824.80s : 5387.20 words/s : L.r. 6.2500e-06
[2019-05-03 11:59:29] Ep. 1 : Up. 1000 : Sen. 948,383 : Cost 15.71686172 : Time 529.49s : 8484.29 words/s : L.r. 1.2500e-05
[2019-05-03 12:08:23] Ep. 1 : Up. 1500 : Sen. 1,430,450 : Cost 14.20425415 : Time 534.07s : 8435.88 words/s : L.r. 1.8750e-05
[2019-05-03 12:17:11] Ep. 1 : Up. 2000 : Sen. 1,901,686 : Cost 14.00831795 : Time 527.64s : 8526.38 words/s : L.r. 2.5000e-05
[2019-05-03 12:26:08] Ep. 1 : Up. 2500 : Sen. 2,378,288 : Cost 14.00450039 : Time 536.85s : 8463.68 words/s : L.r. 3.1250e-05
[2019-05-03 12:34:44] Ep. 1 : Up. 3000 : Sen. 2,843,733 : Cost 13.60863018 : Time 516.65s : 8501.06 words/s : L.r. 3.7500e-05
[2019-05-03 12:43:27] Ep. 1 : Up. 3500 : Sen. 3,299,767 : Cost 13.88059044 : Time 522.77s : 8511.69 words/s : L.r. 4.3750e-05
[2019-05-03 12:52:23] Ep. 1 : Up. 4000 : Sen. 3,782,479 : Cost 13.47089005 : Time 536.18s : 8267.01 words/s : L.r. 5.0000e-05
[2019-05-03 13:01:14] Ep. 1 : Up. 4500 : Sen. 4,260,777 : Cost 13.59271812 : Time 531.19s : 8432.18 words/s : L.r. 5.6250e-05
[2019-05-03 13:10:05] Ep. 1 : Up. 5000 : Sen. 4,725,790 : Cost 13.84714699 : Time 530.95s : 8450.00 words/s : L.r. 6.2500e-05
[2019-05-03 13:10:05] Saving model weights and runtime parameters to model/model.voita.gate.npz.orig.npz
[2019-05-03 13:10:10] Saving model weights and runtime parameters to model/model.voita.gate.iter5000.npz
[2019-05-03 13:10:14] Saving model weights and runtime parameters to model/model.voita.gate.npz
[2019-05-03 13:10:18] Saving Adam parameters to model/model.voita.gate.npz.optimizer.npz
[2019-05-03 13:10:32] [valid] Ep. 1 : Up. 5000 : cross-entropy : 0.964868 : new best
[2019-05-03 13:10:39] [valid] Ep. 1 : Up. 5000 : perplexity : 1.08377 : new best
Detokenizer Version $Revision: 4134 $
Language: en
[2019-05-03 13:11:45] [valid] Ep. 1 : Up. 5000 : translation : 2.2 : new best
[2019-05-03 13:20:26] Ep. 1 : Up. 5500 : Sen. 5,204,499 : Cost 13.15281010 : Time 620.69s : 7063.32 words/s : L.r. 6.8750e-05
[2019-05-03 13:29:23] Ep. 1 : Up. 6000 : Sen. 5,671,244 : Cost 13.98969555 : Time 536.53s : 8448.56 words/s : L.r. 7.5000e-05
[2019-05-03 13:38:08] Ep. 1 : Up. 6500 : Sen. 6,136,632 : Cost 13.80554008 : Time 525.76s : 8570.04 words/s : L.r. 8.1250e-05
[2019-05-03 13:47:08] Ep. 1 : Up. 7000 : Sen. 6,613,609 : Cost 13.70696354 : Time 539.32s : 8347.31 words/s : L.r. 8.7500e-05
[2019-05-03 13:55:49] Ep. 1 : Up. 7500 : Sen. 7,091,964 : Cost 13.03916550 : Time 521.35s : 8540.06 words/s : L.r. 9.3750e-05
[2019-05-03 14:04:39] Ep. 1 : Up. 8000 : Sen. 7,556,491 : Cost 13.75297451 : Time 529.70s : 8329.41 words/s : L.r. 1.0000e-04
[2019-05-03 14:13:34] Ep. 1 : Up. 8500 : Sen. 8,037,273 : Cost 13.56027699 : Time 535.51s : 8476.50 words/s : L.r. 1.0625e-04
[2019-05-03 14:22:22] Ep. 1 : Up. 9000 : Sen. 8,517,143 : Cost 13.38855362 : Time 528.06s : 8478.57 words/s : L.r. 1.1250e-04
[2019-05-03 14:31:13] Ep. 1 : Up. 9500 : Sen. 8,989,896 : Cost 13.52568436 : Time 530.27s : 8421.25 words/s : L.r. 1.1875e-04
[2019-05-03 14:39:49] Ep. 1 : Up. 10000 : Sen. 9,447,976 : Cost 13.50526524 : Time 516.53s : 8270.63 words/s : L.r. 1.2500e-04
[2019-05-03 14:39:49] Saving model weights and runtime parameters to model/model.voita.gate.npz.orig.npz
[2019-05-03 14:39:54] Saving model weights and runtime parameters to model/model.voita.gate.iter10000.npz
[2019-05-03 14:39:58] Saving model weights and runtime parameters to model/model.voita.gate.npz
[2019-05-03 14:40:03] Saving Adam parameters to model/model.voita.gate.npz.optimizer.npz
[2019-05-03 14:40:18] [valid] Ep. 1 : Up. 10000 : cross-entropy : 0.941081 : new best
[2019-05-03 14:40:24] [valid] Ep. 1 : Up. 10000 : perplexity : 1.08163 : new best
Detokenizer Version $Revision: 4134 $
Language: en
[2019-05-03 14:41:29] [valid] Ep. 1 : Up. 10000 : translation : 2.2 : stalled 1 times (last best: 2.2)
[2019-05-03 14:50:24] Ep. 1 : Up. 10500 : Sen. 9,922,221 : Cost 13.77564716 : Time 635.07s : 7175.28 words/s : L.r. 1.3125e-04
[2019-05-03 14:59:10] Ep. 1 : Up. 11000 : Sen. 10,390,666 : Cost 13.57942867 : Time 526.11s : 8397.86 words/s : L.r. 1.3750e-04
[2019-05-03 15:07:54] Ep. 1 : Up. 11500 : Sen. 10,865,770 : Cost 13.25596428 : Time 523.91s : 8442.84 words/s : L.r. 1.4375e-04
[2019-05-03 15:16:41] Ep. 1 : Up. 12000 : Sen. 11,332,027 : Cost 13.68493462 : Time 526.92s : 8466.56 words/s : L.r. 1.5000e-04
[2019-05-03 15:25:34] Ep. 1 : Up. 12500 : Sen. 11,800,518 : Cost 13.72979450 : Time 532.57s : 8414.77 words/s : L.r. 1.5625e-04
[2019-05-03 15:34:20] Ep. 1 : Up. 13000 : Sen. 12,266,446 : Cost 13.63468838 : Time 526.66s : 8314.89 words/s : L.r. 1.6250e-04
[2019-05-03 15:43:17] Ep. 1 : Up. 13500 : Sen. 12,745,591 : Cost 13.54286575 : Time 536.14s : 8496.22 words/s : L.r. 1.6875e-04
[2019-05-03 15:52:03] Ep. 1 : Up. 14000 : Sen. 13,214,452 : Cost 13.55859566 : Time 526.44s : 8450.78 words/s : L.r. 1.7500e-04
[2019-05-03 16:00:50] Ep. 1 : Up. 14500 : Sen. 13,687,367 : Cost 13.53976440 : Time 527.33s : 8377.13 words/s : L.r. 1.8125e-04
[2019-05-03 16:09:37] Ep. 1 : Up. 15000 : Sen. 14,146,402 : Cost 13.93799973 : Time 526.81s : 8538.42 words/s : L.r. 1.8750e-04
[2019-05-03 16:09:37] Saving model weights and runtime parameters to model/model.voita.gate.npz.orig.npz
[2019-05-03 16:09:42] Saving model weights and runtime parameters to model/model.voita.gate.iter15000.npz
[2019-05-03 16:09:45] Saving model weights and runtime parameters to model/model.voita.gate.npz
[2019-05-03 16:09:50] Saving Adam parameters to model/model.voita.gate.npz.optimizer.npz
[2019-05-03 16:10:05] [valid] Ep. 1 : Up. 15000 : cross-entropy : 0.95386 : stalled 1 times (last best: 0.941081)
[2019-05-03 16:10:11] [valid] Ep. 1 : Up. 15000 : perplexity : 1.08278 : stalled 1 times (last best: 1.08163)
Detokenizer Version $Revision: 4134 $
Language: en
[2019-05-03 16:11:15] [valid] Ep. 1 : Up. 15000 : translation : 2.2 : stalled 2 times (last best: 2.2)
[2019-05-03 16:20:09] Ep. 1 : Up. 15500 : Sen. 14,629,058 : Cost 13.36314964 : Time 632.16s : 7081.45 words/s : L.r. 1.9375e-04
train_voita_gated.sh: line 30: 21626 Terminated              $marian_home/marian --model model/model.voita.gate.npz --pretrained-model ../src0tgt0_fr/model/model.src0tgt0.newvocab.iter630000.npz --type transformer-voita --train-sets corp/opensub.en-fr.docs.train.en.bpe.src_prev corp/opensub.en-fr.docs.train.en.bpe.src corp/opensub.en-fr.docs.train.fr.bpe --max-length 55 --dim-vocabs 30000 30000 --vocabs corp/vocab.encz.opensub.new.yml corp/vocab.encz.opensub.new.yml corp/vocab.encz.opensub.new.yml --mini-batch-fit -w 9300 --mini-batch 1000 --maxi-batch 1000 --early-stopping 10 --valid-freq 5000 --save-freq 5000 --disp-freq 500 --valid-metrics cross-entropy perplexity translation --valid-sets corp/opensub.en-fr.docs.dev.en.bpe.src_prev corp/opensub.en-fr.docs.dev.en.bpe.src corp/opensub.en-fr.docs.dev.fr.bpe --valid-script-path ./val.sh --valid-translation-output data/valid.bpe.en.output --quiet-translation --valid-mini-batch 64 --beam-size 6 --normalize 0.6 --log model/train_trans.gate.log --valid-log model/valid_trans.gate.log --enc-depth 6 --dec-depth 6 --transformer-heads 8 --transformer-postprocess-emb d --transformer-postprocess dan --transformer-dropout 0.1 --label-smoothing 0.1 --learn-rate 0.0002 --lr-warmup 16000 --lr-decay-inv-sqrt 16000 --lr-report --optimizer-params 0.9 0.98 1e-09 --clip-norm 5 --tied-embeddings-all --optimizer-delay 4 --devices 0 --sync-sgd --seed 1111 --exponential-smoothing --no-restore-corpus
