[2019-05-02 20:05:40] [marian] Marian v1.7.8 7824caf 2019-05-02 19:47:16 +0200
[2019-05-02 20:05:40] [marian] Running on bakchus.lingea.cz as process 18568 with command line:
[2019-05-02 20:05:40] [marian] /home/large/data/models/marian/marian-doc/marian_voita/doc-marian/build/marian --model model/model.voita.npz --pretrained-model ../src0tgt0_fr/model/model.src0tgt0.newvocab.iter630000.npz --type transformer-context --train-sets corp/opensub.en-fr.docs.train.en.bpe.src_prev corp/opensub.en-fr.docs.train.en.bpe.src corp/opensub.en-fr.docs.train.fr.bpe --max-length 55 --dim-vocabs 30000 30000 --vocabs corp/vocab.encz.opensub.new.yml corp/vocab.encz.opensub.new.yml corp/vocab.encz.opensub.new.yml --mini-batch-fit -w 9300 --mini-batch 1000 --maxi-batch 1000 --early-stopping 10 --valid-freq 5000 --save-freq 5000 --disp-freq 500 --valid-metrics cross-entropy perplexity translation --valid-sets corp/opensub.en-fr.docs.dev.en.bpe.src_prev corp/opensub.en-fr.docs.dev.en.bpe.src corp/opensub.en-fr.docs.dev.fr.bpe --valid-script-path ./val.sh --valid-translation-output data/valid.bpe.en.output --quiet-translation --valid-mini-batch 64 --beam-size 6 --normalize 0.6 --log model/train_trans.gate.log --valid-log model/valid_trans.gate.log --enc-depth 6 --dec-depth 6 --context-enc-depth 4 --transformer-heads 8 --transformer-postprocess-emb d --transformer-postprocess dan --transformer-dropout 0.1 --label-smoothing 0.1 --learn-rate 0.0002 --lr-warmup 16000 --lr-decay-inv-sqrt 16000 --lr-report --optimizer-params 0.9 0.98 1e-09 --clip-norm 5 --tied-embeddings-all --optimizer-delay 4 --devices 0 --sync-sgd --seed 1111 --exponential-smoothing --no-restore-corpus
[2019-05-02 20:05:40] [config] after-batches: 0
[2019-05-02 20:05:40] [config] after-epochs: 0
[2019-05-02 20:05:40] [config] allow-unk: false
[2019-05-02 20:05:40] [config] beam-size: 6
[2019-05-02 20:05:40] [config] bert-class-symbol: "[CLS]"
[2019-05-02 20:05:40] [config] bert-mask-symbol: "[MASK]"
[2019-05-02 20:05:40] [config] bert-masking-fraction: 0.15
[2019-05-02 20:05:40] [config] bert-sep-symbol: "[SEP]"
[2019-05-02 20:05:40] [config] bert-train-type-embeddings: true
[2019-05-02 20:05:40] [config] bert-type-vocab-size: 2
[2019-05-02 20:05:40] [config] best-deep: false
[2019-05-02 20:05:40] [config] clip-gemm: 0
[2019-05-02 20:05:40] [config] clip-norm: 5
[2019-05-02 20:05:40] [config] context-enc-depth: 4
[2019-05-02 20:05:40] [config] cost-type: ce-mean
[2019-05-02 20:05:40] [config] cpu-threads: 0
[2019-05-02 20:05:40] [config] data-weighting: ""
[2019-05-02 20:05:40] [config] data-weighting-type: sentence
[2019-05-02 20:05:40] [config] dec-cell: gru
[2019-05-02 20:05:40] [config] dec-cell-base-depth: 2
[2019-05-02 20:05:40] [config] dec-cell-high-depth: 1
[2019-05-02 20:05:40] [config] dec-depth: 6
[2019-05-02 20:05:40] [config] devices:
[2019-05-02 20:05:40] [config]   - 0
[2019-05-02 20:05:40] [config] dim-emb: 512
[2019-05-02 20:05:40] [config] dim-rnn: 1024
[2019-05-02 20:05:40] [config] dim-vocabs:
[2019-05-02 20:05:40] [config]   - 30000
[2019-05-02 20:05:40] [config]   - 30000
[2019-05-02 20:05:40] [config] disp-first: 0
[2019-05-02 20:05:40] [config] disp-freq: 500
[2019-05-02 20:05:40] [config] disp-label-counts: false
[2019-05-02 20:05:40] [config] dropout-rnn: 0
[2019-05-02 20:05:40] [config] dropout-src: 0
[2019-05-02 20:05:40] [config] dropout-trg: 0
[2019-05-02 20:05:40] [config] dump-config: ""
[2019-05-02 20:05:40] [config] early-stopping: 10
[2019-05-02 20:05:40] [config] embedding-fix-src: false
[2019-05-02 20:05:40] [config] embedding-fix-trg: false
[2019-05-02 20:05:40] [config] embedding-normalization: false
[2019-05-02 20:05:40] [config] embedding-vectors:
[2019-05-02 20:05:40] [config]   []
[2019-05-02 20:05:40] [config] enc-cell: gru
[2019-05-02 20:05:40] [config] enc-cell-depth: 1
[2019-05-02 20:05:40] [config] enc-depth: 6
[2019-05-02 20:05:40] [config] enc-type: bidirectional
[2019-05-02 20:05:40] [config] exponential-smoothing: 0.0001
[2019-05-02 20:05:40] [config] freeze: false
[2019-05-02 20:05:40] [config] grad-dropping-momentum: 0
[2019-05-02 20:05:40] [config] grad-dropping-rate: 0
[2019-05-02 20:05:40] [config] grad-dropping-warmup: 100
[2019-05-02 20:05:40] [config] guided-alignment: none
[2019-05-02 20:05:40] [config] guided-alignment-cost: mse
[2019-05-02 20:05:40] [config] guided-alignment-weight: 0.1
[2019-05-02 20:05:40] [config] hier-att: false
[2019-05-02 20:05:40] [config] ignore-model-config: false
[2019-05-02 20:05:40] [config] input-types:
[2019-05-02 20:05:40] [config]   []
[2019-05-02 20:05:40] [config] interpolate-env-vars: false
[2019-05-02 20:05:40] [config] keep-best: false
[2019-05-02 20:05:40] [config] label-smoothing: 0.1
[2019-05-02 20:05:40] [config] layer-normalization: false
[2019-05-02 20:05:40] [config] learn-rate: 0.0002
[2019-05-02 20:05:40] [config] log: model/train_trans.gate.log
[2019-05-02 20:05:40] [config] log-level: info
[2019-05-02 20:05:40] [config] log-time-zone: ""
[2019-05-02 20:05:40] [config] lr-decay: 0
[2019-05-02 20:05:40] [config] lr-decay-freq: 50000
[2019-05-02 20:05:40] [config] lr-decay-inv-sqrt:
[2019-05-02 20:05:40] [config]   - 16000
[2019-05-02 20:05:40] [config] lr-decay-repeat-warmup: false
[2019-05-02 20:05:40] [config] lr-decay-reset-optimizer: false
[2019-05-02 20:05:40] [config] lr-decay-start:
[2019-05-02 20:05:40] [config]   - 10
[2019-05-02 20:05:40] [config]   - 1
[2019-05-02 20:05:40] [config] lr-decay-strategy: epoch+stalled
[2019-05-02 20:05:40] [config] lr-report: true
[2019-05-02 20:05:40] [config] lr-warmup: 16000
[2019-05-02 20:05:40] [config] lr-warmup-at-reload: false
[2019-05-02 20:05:40] [config] lr-warmup-cycle: false
[2019-05-02 20:05:40] [config] lr-warmup-start-rate: 0
[2019-05-02 20:05:40] [config] max-length: 55
[2019-05-02 20:05:40] [config] max-length-crop: false
[2019-05-02 20:05:40] [config] max-length-factor: 3
[2019-05-02 20:05:40] [config] maxi-batch: 1000
[2019-05-02 20:05:40] [config] maxi-batch-sort: trg
[2019-05-02 20:05:40] [config] mini-batch: 1000
[2019-05-02 20:05:40] [config] mini-batch-fit: true
[2019-05-02 20:05:40] [config] mini-batch-fit-step: 10
[2019-05-02 20:05:40] [config] mini-batch-overstuff: 1
[2019-05-02 20:05:40] [config] mini-batch-track-lr: false
[2019-05-02 20:05:40] [config] mini-batch-understuff: 1
[2019-05-02 20:05:40] [config] mini-batch-warmup: 0
[2019-05-02 20:05:40] [config] mini-batch-words: 0
[2019-05-02 20:05:40] [config] mini-batch-words-ref: 0
[2019-05-02 20:05:40] [config] model: model/model.voita.npz
[2019-05-02 20:05:40] [config] multi-loss-type: sum
[2019-05-02 20:05:40] [config] multi-node: false
[2019-05-02 20:05:40] [config] multi-node-overlap: true
[2019-05-02 20:05:40] [config] n-best: false
[2019-05-02 20:05:40] [config] no-nccl: false
[2019-05-02 20:05:40] [config] no-reload: false
[2019-05-02 20:05:40] [config] no-restore-corpus: true
[2019-05-02 20:05:40] [config] no-shuffle: false
[2019-05-02 20:05:40] [config] normalize: 0.6
[2019-05-02 20:05:40] [config] num-devices: 0
[2019-05-02 20:05:40] [config] optimizer: adam
[2019-05-02 20:05:40] [config] optimizer-delay: 4
[2019-05-02 20:05:40] [config] optimizer-params:
[2019-05-02 20:05:40] [config]   - 0.9
[2019-05-02 20:05:40] [config]   - 0.98
[2019-05-02 20:05:40] [config]   - 1e-09
[2019-05-02 20:05:40] [config] overwrite: false
[2019-05-02 20:05:40] [config] pretrained-model: ../src0tgt0_fr/model/model.src0tgt0.newvocab.iter630000.npz
[2019-05-02 20:05:40] [config] quiet: false
[2019-05-02 20:05:40] [config] quiet-translation: true
[2019-05-02 20:05:40] [config] relative-paths: false
[2019-05-02 20:05:40] [config] right-left: false
[2019-05-02 20:05:40] [config] save-freq: 5000
[2019-05-02 20:05:40] [config] seed: 1111
[2019-05-02 20:05:40] [config] shuffle-in-ram: false
[2019-05-02 20:05:40] [config] skip: false
[2019-05-02 20:05:40] [config] sqlite: ""
[2019-05-02 20:05:40] [config] sqlite-drop: false
[2019-05-02 20:05:40] [config] sync-sgd: true
[2019-05-02 20:05:40] [config] tempdir: /tmp
[2019-05-02 20:05:40] [config] tied-embeddings: false
[2019-05-02 20:05:40] [config] tied-embeddings-all: true
[2019-05-02 20:05:40] [config] tied-embeddings-src: false
[2019-05-02 20:05:40] [config] train-sets:
[2019-05-02 20:05:40] [config]   - corp/opensub.en-fr.docs.train.en.bpe.src_prev
[2019-05-02 20:05:40] [config]   - corp/opensub.en-fr.docs.train.en.bpe.src
[2019-05-02 20:05:40] [config]   - corp/opensub.en-fr.docs.train.fr.bpe
[2019-05-02 20:05:40] [config] transformer-aan-activation: swish
[2019-05-02 20:05:40] [config] transformer-aan-depth: 2
[2019-05-02 20:05:40] [config] transformer-aan-nogate: false
[2019-05-02 20:05:40] [config] transformer-decoder-autoreg: self-attention
[2019-05-02 20:05:40] [config] transformer-dim-aan: 2048
[2019-05-02 20:05:40] [config] transformer-dim-ffn: 2048
[2019-05-02 20:05:40] [config] transformer-dropout: 0.1
[2019-05-02 20:05:40] [config] transformer-dropout-attention: 0
[2019-05-02 20:05:40] [config] transformer-dropout-ffn: 0
[2019-05-02 20:05:40] [config] transformer-ffn-activation: swish
[2019-05-02 20:05:40] [config] transformer-ffn-depth: 2
[2019-05-02 20:05:40] [config] transformer-guided-alignment-layer: last
[2019-05-02 20:05:40] [config] transformer-heads: 8
[2019-05-02 20:05:40] [config] transformer-no-projection: false
[2019-05-02 20:05:40] [config] transformer-postprocess: dan
[2019-05-02 20:05:40] [config] transformer-postprocess-emb: d
[2019-05-02 20:05:40] [config] transformer-preprocess: ""
[2019-05-02 20:05:40] [config] transformer-tied-layers:
[2019-05-02 20:05:40] [config]   []
[2019-05-02 20:05:40] [config] transformer-train-position-embeddings: false
[2019-05-02 20:05:40] [config] type: transformer-context
[2019-05-02 20:05:40] [config] ulr: false
[2019-05-02 20:05:40] [config] ulr-dim-emb: 0
[2019-05-02 20:05:40] [config] ulr-dropout: 0
[2019-05-02 20:05:40] [config] ulr-keys-vectors: ""
[2019-05-02 20:05:40] [config] ulr-query-vectors: ""
[2019-05-02 20:05:40] [config] ulr-softmax-temperature: 1
[2019-05-02 20:05:40] [config] ulr-trainable-transformation: false
[2019-05-02 20:05:40] [config] valid-freq: 5000
[2019-05-02 20:05:40] [config] valid-log: model/valid_trans.gate.log
[2019-05-02 20:05:40] [config] valid-max-length: 1000
[2019-05-02 20:05:40] [config] valid-metrics:
[2019-05-02 20:05:40] [config]   - cross-entropy
[2019-05-02 20:05:40] [config]   - perplexity
[2019-05-02 20:05:40] [config]   - translation
[2019-05-02 20:05:40] [config] valid-mini-batch: 64
[2019-05-02 20:05:40] [config] valid-script-path: ./val.sh
[2019-05-02 20:05:40] [config] valid-sets:
[2019-05-02 20:05:40] [config]   - corp/opensub.en-fr.docs.dev.en.bpe.src_prev
[2019-05-02 20:05:40] [config]   - corp/opensub.en-fr.docs.dev.en.bpe.src
[2019-05-02 20:05:40] [config]   - corp/opensub.en-fr.docs.dev.fr.bpe
[2019-05-02 20:05:40] [config] valid-translation-output: data/valid.bpe.en.output
[2019-05-02 20:05:40] [config] vocabs:
[2019-05-02 20:05:40] [config]   - corp/vocab.encz.opensub.new.yml
[2019-05-02 20:05:40] [config]   - corp/vocab.encz.opensub.new.yml
[2019-05-02 20:05:40] [config]   - corp/vocab.encz.opensub.new.yml
[2019-05-02 20:05:40] [config] word-penalty: 0
[2019-05-02 20:05:40] [config] workspace: 9300
[2019-05-02 20:05:40] [config] Model is being created with Marian v1.7.8 7824caf 2019-05-02 19:47:16 +0200
[2019-05-02 20:05:40] Using synchronous training
[2019-05-02 20:05:40] [data] Loading vocabulary from JSON/Yaml file corp/vocab.encz.opensub.new.yml
[2019-05-02 20:05:41] [data] Setting vocabulary size for input 0 to 30000
[2019-05-02 20:05:41] [data] Loading vocabulary from JSON/Yaml file corp/vocab.encz.opensub.new.yml
[2019-05-02 20:05:41] [data] Setting vocabulary size for input 1 to 30000
[2019-05-02 20:05:41] [data] Loading vocabulary from JSON/Yaml file corp/vocab.encz.opensub.new.yml
[2019-05-02 20:05:41] [data] Setting vocabulary size for input 2 to 30000
[2019-05-02 20:05:41] Compiled without MPI support. Falling back to FakeMPIWrapper
[2019-05-02 20:05:41] [batching] Collecting statistics for batch fitting with step size 10
[2019-05-02 20:05:42] [memory] Extending reserved space to 9344 MB (device gpu0)
[2019-05-02 20:05:42] [comm] Using NCCL 2.4.2 for GPU communication
[2019-05-02 20:05:42] [comm] NCCLCommunicator constructed successfully.
[2019-05-02 20:05:42] [training] Using 1 GPUs
[2019-05-02 20:05:42] [memory] Reserving 235 MB, device gpu0
[2019-05-02 20:05:42] [gpu] 16-bit TensorCores enabled for float32 matrix operations
[2019-05-02 20:05:44] [memory] Reserving 235 MB, device gpu0
[2019-05-02 20:05:56] [batching] Done. Typical MB size is 21840 target words
[2019-05-02 20:05:56] [memory] Extending reserved space to 9344 MB (device gpu0)
[2019-05-02 20:05:56] [comm] Using NCCL 2.4.2 for GPU communication
[2019-05-02 20:05:56] [comm] NCCLCommunicator constructed successfully.
[2019-05-02 20:05:56] [training] Using 1 GPUs
[2019-05-02 20:05:56] [training] Initializing model weights with the pre-trained model ../src0tgt0_fr/model/model.src0tgt0.newvocab.iter630000.npz
[2019-05-02 20:05:56] Loading model from ../src0tgt0_fr/model/model.src0tgt0.newvocab.iter630000.npz
[2019-05-02 20:05:57] Training started
[2019-05-02 20:05:57] [data] Shuffling data
[2019-05-02 20:06:36] [data] Done reading 41736982 sentences
[2019-05-02 20:10:02] [data] Done shuffling 41736982 sentences to temp files
[2019-05-02 20:10:38] [training] Batches are processed as 1 process(es) x 1 devices/process
[2019-05-02 20:10:38] [memory] Reserving 247 MB, device gpu0
[2019-05-02 20:10:39] [memory] Reserving 247 MB, device gpu0
[2019-05-02 20:10:39] [memory] Reserving 247 MB, device gpu0
[2019-05-02 20:10:40] [memory] Reserving 494 MB, device gpu0
[2019-05-02 20:19:03] Ep. 1 : Up. 500 : Sen. 467,958 : Cost 78.59073639 : Time 801.69s : 5502.33 words/s : L.r. 6.2500e-06
[2019-05-02 20:27:41] Ep. 1 : Up. 1000 : Sen. 951,372 : Cost 50.19769669 : Time 518.03s : 8809.90 words/s : L.r. 1.2500e-05
[2019-05-02 20:36:16] Ep. 1 : Up. 1500 : Sen. 1,431,674 : Cost 35.20762634 : Time 515.25s : 8842.38 words/s : L.r. 1.8750e-05
[2019-05-02 20:44:56] Ep. 1 : Up. 2000 : Sen. 1,908,786 : Cost 25.85649490 : Time 519.53s : 8676.27 words/s : L.r. 2.5000e-05
[2019-05-02 20:53:40] Ep. 1 : Up. 2500 : Sen. 2,398,023 : Cost 24.77247810 : Time 524.17s : 8889.57 words/s : L.r. 3.1250e-05
[2019-05-02 21:02:18] Ep. 1 : Up. 3000 : Sen. 2,870,958 : Cost 24.64451981 : Time 518.51s : 8729.20 words/s : L.r. 3.7500e-05
[2019-05-02 21:10:47] Ep. 1 : Up. 3500 : Sen. 3,326,332 : Cost 25.09932327 : Time 508.97s : 8696.86 words/s : L.r. 4.3750e-05
[2019-05-02 21:19:27] Ep. 1 : Up. 4000 : Sen. 3,815,085 : Cost 23.48909378 : Time 520.18s : 8715.47 words/s : L.r. 5.0000e-05
[2019-05-02 21:27:59] Ep. 1 : Up. 4500 : Sen. 4,293,639 : Cost 23.21301270 : Time 511.83s : 8566.15 words/s : L.r. 5.6250e-05
[2019-05-02 21:36:42] Ep. 1 : Up. 5000 : Sen. 4,775,049 : Cost 24.04207611 : Time 522.87s : 8796.10 words/s : L.r. 6.2500e-05
[2019-05-02 21:36:42] Saving model weights and runtime parameters to model/model.voita.npz.orig.npz
[2019-05-02 21:36:47] Saving model weights and runtime parameters to model/model.voita.iter5000.npz
[2019-05-02 21:36:51] Saving model weights and runtime parameters to model/model.voita.npz
[2019-05-02 21:36:56] Saving Adam parameters to model/model.voita.npz.optimizer.npz
[2019-05-02 21:37:10] [valid] Ep. 1 : Up. 5000 : cross-entropy : 19.2631 : new best
[2019-05-02 21:37:16] [valid] Ep. 1 : Up. 5000 : perplexity : 4.45743 : new best
Detokenizer Version $Revision: 4134 $
Language: en
[2019-05-02 21:38:22] [valid] Ep. 1 : Up. 5000 : translation : 34.24 : new best
[2019-05-02 21:46:54] Ep. 1 : Up. 5500 : Sen. 5,253,387 : Cost 23.58184242 : Time 611.38s : 7274.90 words/s : L.r. 6.8750e-05
[2019-05-02 21:55:31] Ep. 1 : Up. 6000 : Sen. 5,723,481 : Cost 24.18843460 : Time 517.32s : 8657.07 words/s : L.r. 7.5000e-05
[2019-05-02 22:04:13] Ep. 1 : Up. 6500 : Sen. 6,196,781 : Cost 24.58854675 : Time 522.12s : 8828.64 words/s : L.r. 8.1250e-05
[2019-05-02 22:12:45] Ep. 1 : Up. 7000 : Sen. 6,670,313 : Cost 23.76025009 : Time 511.77s : 8644.56 words/s : L.r. 8.7500e-05
[2019-05-02 22:21:30] Ep. 1 : Up. 7500 : Sen. 7,154,151 : Cost 24.04152298 : Time 525.27s : 8828.53 words/s : L.r. 9.3750e-05
[2019-05-02 22:30:19] Ep. 1 : Up. 8000 : Sen. 7,656,304 : Cost 23.34458542 : Time 528.64s : 8800.53 words/s : L.r. 1.0000e-04
[2019-05-02 22:38:43] Ep. 1 : Up. 8500 : Sen. 8,111,780 : Cost 23.99662018 : Time 504.66s : 8487.10 words/s : L.r. 1.0625e-04
[2019-05-02 22:47:16] Ep. 1 : Up. 9000 : Sen. 8,576,068 : Cost 24.58003044 : Time 513.10s : 8703.86 words/s : L.r. 1.1250e-04
[2019-05-02 22:56:02] Ep. 1 : Up. 9500 : Sen. 9,066,772 : Cost 23.55017471 : Time 525.24s : 8749.22 words/s : L.r. 1.1875e-04
[2019-05-02 23:04:30] Ep. 1 : Up. 10000 : Sen. 9,544,472 : Cost 23.49003792 : Time 507.87s : 8665.96 words/s : L.r. 1.2500e-04
[2019-05-02 23:04:30] Saving model weights and runtime parameters to model/model.voita.npz.orig.npz
[2019-05-02 23:04:35] Saving model weights and runtime parameters to model/model.voita.iter10000.npz
[2019-05-02 23:04:39] Saving model weights and runtime parameters to model/model.voita.npz
[2019-05-02 23:04:44] Saving Adam parameters to model/model.voita.npz.optimizer.npz
[2019-05-02 23:04:59] [valid] Ep. 1 : Up. 10000 : cross-entropy : 19.2529 : new best
[2019-05-02 23:05:05] [valid] Ep. 1 : Up. 10000 : perplexity : 4.45393 : new best
Detokenizer Version $Revision: 4134 $
Language: en
[2019-05-02 23:06:10] [valid] Ep. 1 : Up. 10000 : translation : 34.17 : stalled 1 times (last best: 34.24)
[2019-05-02 23:14:43] Ep. 1 : Up. 10500 : Sen. 10,007,270 : Cost 24.65386200 : Time 613.33s : 7309.60 words/s : L.r. 1.3125e-04
[2019-05-02 23:23:10] Ep. 1 : Up. 11000 : Sen. 10,476,347 : Cost 23.70251083 : Time 507.31s : 8616.58 words/s : L.r. 1.3750e-04
[2019-05-02 23:31:55] Ep. 1 : Up. 11500 : Sen. 10,958,987 : Cost 24.35145569 : Time 524.39s : 8773.98 words/s : L.r. 1.4375e-04
[2019-05-02 23:40:25] Ep. 1 : Up. 12000 : Sen. 11,431,105 : Cost 24.38219643 : Time 510.80s : 8841.50 words/s : L.r. 1.5000e-04
[2019-05-02 23:49:03] Ep. 1 : Up. 12500 : Sen. 11,914,264 : Cost 23.54121971 : Time 517.55s : 8594.94 words/s : L.r. 1.5625e-04
[2019-05-02 23:57:39] Ep. 1 : Up. 13000 : Sen. 12,392,562 : Cost 23.85836792 : Time 515.76s : 8705.28 words/s : L.r. 1.6250e-04
[2019-05-03 00:06:23] Ep. 1 : Up. 13500 : Sen. 12,873,227 : Cost 24.55881310 : Time 524.72s : 8770.05 words/s : L.r. 1.6875e-04
[2019-05-03 00:14:55] Ep. 1 : Up. 14000 : Sen. 13,350,988 : Cost 23.80500984 : Time 512.08s : 8665.82 words/s : L.r. 1.7500e-04
[2019-05-03 00:23:30] Ep. 1 : Up. 14500 : Sen. 13,815,672 : Cost 25.09602928 : Time 514.30s : 8758.57 words/s : L.r. 1.8125e-04
[2019-05-03 00:32:11] Ep. 1 : Up. 15000 : Sen. 14,292,630 : Cost 24.49298286 : Time 521.32s : 8722.94 words/s : L.r. 1.8750e-04
[2019-05-03 00:32:11] Saving model weights and runtime parameters to model/model.voita.npz.orig.npz
[2019-05-03 00:32:16] Saving model weights and runtime parameters to model/model.voita.iter15000.npz
[2019-05-03 00:32:20] Saving model weights and runtime parameters to model/model.voita.npz
[2019-05-03 00:32:25] Saving Adam parameters to model/model.voita.npz.optimizer.npz
[2019-05-03 00:32:39] [valid] Ep. 1 : Up. 15000 : cross-entropy : 19.3269 : stalled 1 times (last best: 19.2529)
[2019-05-03 00:32:45] [valid] Ep. 1 : Up. 15000 : perplexity : 4.47957 : stalled 1 times (last best: 4.45393)
Detokenizer Version $Revision: 4134 $
Language: en
[2019-05-03 00:33:54] [valid] Ep. 1 : Up. 15000 : translation : 34.25 : new best
[2019-05-03 00:42:24] Ep. 1 : Up. 15500 : Sen. 14,771,986 : Cost 23.67521667 : Time 612.50s : 7216.15 words/s : L.r. 1.9375e-04
[2019-05-03 00:51:00] Ep. 1 : Up. 16000 : Sen. 15,243,694 : Cost 24.75360870 : Time 516.59s : 8675.28 words/s : L.r. 2.0000e-04
[2019-05-03 00:59:27] Ep. 1 : Up. 16500 : Sen. 15,700,262 : Cost 24.85979462 : Time 507.04s : 8696.82 words/s : L.r. 1.9695e-04
[2019-05-03 01:08:25] Ep. 1 : Up. 17000 : Sen. 16,206,081 : Cost 24.14517021 : Time 537.42s : 8859.40 words/s : L.r. 1.9403e-04
[2019-05-03 01:16:56] Ep. 1 : Up. 17500 : Sen. 16,677,518 : Cost 24.24876022 : Time 511.76s : 8655.84 words/s : L.r. 1.9124e-04
[2019-05-03 01:25:36] Ep. 1 : Up. 18000 : Sen. 17,158,978 : Cost 24.14652443 : Time 519.81s : 8726.84 words/s : L.r. 1.8856e-04
[2019-05-03 01:34:11] Ep. 1 : Up. 18500 : Sen. 17,641,695 : Cost 23.74208832 : Time 514.79s : 8648.18 words/s : L.r. 1.8600e-04
[2019-05-03 01:42:46] Ep. 1 : Up. 19000 : Sen. 18,092,550 : Cost 25.86725044 : Time 515.23s : 8749.97 words/s : L.r. 1.8353e-04
[2019-05-03 01:51:27] Ep. 1 : Up. 19500 : Sen. 18,578,477 : Cost 24.13055038 : Time 521.22s : 8749.71 words/s : L.r. 1.8116e-04
[2019-05-03 02:00:06] Ep. 1 : Up. 20000 : Sen. 19,052,262 : Cost 24.32531166 : Time 518.96s : 8593.28 words/s : L.r. 1.7889e-04
[2019-05-03 02:00:06] Saving model weights and runtime parameters to model/model.voita.npz.orig.npz
[2019-05-03 02:00:11] Saving model weights and runtime parameters to model/model.voita.iter20000.npz
[2019-05-03 02:00:15] Saving model weights and runtime parameters to model/model.voita.npz
[2019-05-03 02:00:20] Saving Adam parameters to model/model.voita.npz.optimizer.npz
[2019-05-03 02:00:35] [valid] Ep. 1 : Up. 20000 : cross-entropy : 19.4716 : stalled 2 times (last best: 19.2529)
[2019-05-03 02:00:41] [valid] Ep. 1 : Up. 20000 : perplexity : 4.53014 : stalled 2 times (last best: 4.45393)
Detokenizer Version $Revision: 4134 $
Language: en
[2019-05-03 02:01:46] [valid] Ep. 1 : Up. 20000 : translation : 33.98 : stalled 1 times (last best: 34.25)
train_voita.sh: line 30: 18568 Terminated              $marian_home/marian --model model/model.voita.npz --pretrained-model ../src0tgt0_fr/model/model.src0tgt0.newvocab.iter630000.npz --type transformer-context --train-sets corp/opensub.en-fr.docs.train.en.bpe.src_prev corp/opensub.en-fr.docs.train.en.bpe.src corp/opensub.en-fr.docs.train.fr.bpe --max-length 55 --dim-vocabs 30000 30000 --vocabs corp/vocab.encz.opensub.new.yml corp/vocab.encz.opensub.new.yml corp/vocab.encz.opensub.new.yml --mini-batch-fit -w 9300 --mini-batch 1000 --maxi-batch 1000 --early-stopping 10 --valid-freq 5000 --save-freq 5000 --disp-freq 500 --valid-metrics cross-entropy perplexity translation --valid-sets corp/opensub.en-fr.docs.dev.en.bpe.src_prev corp/opensub.en-fr.docs.dev.en.bpe.src corp/opensub.en-fr.docs.dev.fr.bpe --valid-script-path ./val.sh --valid-translation-output data/valid.bpe.en.output --quiet-translation --valid-mini-batch 64 --beam-size 6 --normalize 0.6 --log model/train_trans.gate.log --valid-log model/valid_trans.gate.log --enc-depth 6 --dec-depth 6 --context-enc-depth 4 --transformer-heads 8 --transformer-postprocess-emb d --transformer-postprocess dan --transformer-dropout 0.1 --label-smoothing 0.1 --learn-rate 0.0002 --lr-warmup 16000 --lr-decay-inv-sqrt 16000 --lr-report --optimizer-params 0.9 0.98 1e-09 --clip-norm 5 --tied-embeddings-all --optimizer-delay 4 --devices 0 --sync-sgd --seed 1111 --exponential-smoothing --no-restore-corpus
