[2019-03-28 13:42:46] [marian] Marian v1.7.8 02f2cbe 2019-03-27 14:50:43 +0100
[2019-03-28 13:42:46] [marian] Running on bakchus.lingea.cz as process 28619 with command line:
[2019-03-28 13:42:46] [marian] /home/large/data/models/marian/marian-doc/marian_voita/doc-marian/build/marian --model model/model.src1tgt0.doc.notpretrained.bakchus.npz --type transformer-context --train-sets corp/opensub.en-fr.docs.train.en.bpe.src_prev corp/opensub.en-fr.docs.train.en.bpe.src corp/opensub.en-fr.docs.train.fr.bpe --max-length 55 --dim-vocabs 30000 30000 --vocabs corp/vocab.encz.opensub.new.yml corp/vocab.encz.opensub.new.yml corp/vocab.encz.opensub.new.yml --mini-batch-fit -w 8200 --mini-batch 1000 --maxi-batch 1000 --early-stopping 10 --valid-freq 5000 --save-freq 5000 --disp-freq 500 --valid-metrics cross-entropy perplexity translation --valid-sets corp/opensub.en-fr.docs.dev.en.bpe.src_prev corp/opensub.en-fr.docs.dev.en.bpe.src corp/opensub.en-fr.docs.dev.fr.bpe --valid-script-path ./val.sh --valid-translation-output data/valid.bpe.en.output --quiet-translation --valid-mini-batch 64 --beam-size 6 --normalize 0.6 --log model/train_trans.gate.log --valid-log model/valid_trans.gate.log --enc-depth 6 --dec-depth 6 --transformer-heads 8 --transformer-postprocess-emb d --transformer-postprocess dan --transformer-dropout 0.1 --label-smoothing 0.1 --learn-rate 0.0002 --lr-warmup 16000 --lr-decay-inv-sqrt 16000 --lr-report --optimizer-params 0.9 0.98 1e-09 --clip-norm 5 --tied-embeddings-all --optimizer-delay 4 --devices 0 --no-nccl --sync-sgd --seed 1111 --exponential-smoothing --no-restore-corpus
[2019-03-28 13:42:46] [config] after-batches: 0
[2019-03-28 13:42:46] [config] after-epochs: 0
[2019-03-28 13:42:46] [config] allow-unk: false
[2019-03-28 13:42:46] [config] beam-size: 6
[2019-03-28 13:42:46] [config] bert-class-symbol: "[CLS]"
[2019-03-28 13:42:46] [config] bert-mask-symbol: "[MASK]"
[2019-03-28 13:42:46] [config] bert-masking-fraction: 0.15
[2019-03-28 13:42:46] [config] bert-sep-symbol: "[SEP]"
[2019-03-28 13:42:46] [config] bert-train-type-embeddings: true
[2019-03-28 13:42:46] [config] bert-type-vocab-size: 2
[2019-03-28 13:42:46] [config] best-deep: false
[2019-03-28 13:42:46] [config] clip-gemm: 0
[2019-03-28 13:42:46] [config] clip-norm: 5
[2019-03-28 13:42:46] [config] context-enc-depth: 1
[2019-03-28 13:42:46] [config] cost-type: ce-mean
[2019-03-28 13:42:46] [config] cpu-threads: 0
[2019-03-28 13:42:46] [config] data-weighting: ""
[2019-03-28 13:42:46] [config] data-weighting-type: sentence
[2019-03-28 13:42:46] [config] dec-cell: gru
[2019-03-28 13:42:46] [config] dec-cell-base-depth: 2
[2019-03-28 13:42:46] [config] dec-cell-high-depth: 1
[2019-03-28 13:42:46] [config] dec-depth: 6
[2019-03-28 13:42:46] [config] devices:
[2019-03-28 13:42:46] [config]   - 0
[2019-03-28 13:42:46] [config] dim-emb: 512
[2019-03-28 13:42:46] [config] dim-rnn: 1024
[2019-03-28 13:42:46] [config] dim-vocabs:
[2019-03-28 13:42:46] [config]   - 30000
[2019-03-28 13:42:46] [config]   - 30000
[2019-03-28 13:42:46] [config] disp-first: 0
[2019-03-28 13:42:46] [config] disp-freq: 500
[2019-03-28 13:42:46] [config] disp-label-counts: false
[2019-03-28 13:42:46] [config] dropout-rnn: 0
[2019-03-28 13:42:46] [config] dropout-src: 0
[2019-03-28 13:42:46] [config] dropout-trg: 0
[2019-03-28 13:42:46] [config] dump-config: ""
[2019-03-28 13:42:46] [config] early-stopping: 10
[2019-03-28 13:42:46] [config] embedding-fix-src: false
[2019-03-28 13:42:46] [config] embedding-fix-trg: false
[2019-03-28 13:42:46] [config] embedding-normalization: false
[2019-03-28 13:42:46] [config] embedding-vectors:
[2019-03-28 13:42:46] [config]   []
[2019-03-28 13:42:46] [config] enc-cell: gru
[2019-03-28 13:42:46] [config] enc-cell-depth: 1
[2019-03-28 13:42:46] [config] enc-depth: 6
[2019-03-28 13:42:46] [config] enc-type: bidirectional
[2019-03-28 13:42:46] [config] exponential-smoothing: 0.0001
[2019-03-28 13:42:46] [config] grad-dropping-momentum: 0
[2019-03-28 13:42:46] [config] grad-dropping-rate: 0
[2019-03-28 13:42:46] [config] grad-dropping-warmup: 100
[2019-03-28 13:42:46] [config] guided-alignment: none
[2019-03-28 13:42:46] [config] guided-alignment-cost: mse
[2019-03-28 13:42:46] [config] guided-alignment-weight: 0.1
[2019-03-28 13:42:46] [config] hier-att: false
[2019-03-28 13:42:46] [config] ignore-model-config: false
[2019-03-28 13:42:46] [config] input-types:
[2019-03-28 13:42:46] [config]   []
[2019-03-28 13:42:46] [config] interpolate-env-vars: false
[2019-03-28 13:42:46] [config] keep-best: false
[2019-03-28 13:42:46] [config] label-smoothing: 0.1
[2019-03-28 13:42:46] [config] layer-normalization: false
[2019-03-28 13:42:46] [config] learn-rate: 0.0002
[2019-03-28 13:42:46] [config] log: model/train_trans.gate.log
[2019-03-28 13:42:46] [config] log-level: info
[2019-03-28 13:42:46] [config] log-time-zone: ""
[2019-03-28 13:42:46] [config] lr-decay: 0
[2019-03-28 13:42:46] [config] lr-decay-freq: 50000
[2019-03-28 13:42:46] [config] lr-decay-inv-sqrt:
[2019-03-28 13:42:46] [config]   - 16000
[2019-03-28 13:42:46] [config] lr-decay-repeat-warmup: false
[2019-03-28 13:42:46] [config] lr-decay-reset-optimizer: false
[2019-03-28 13:42:46] [config] lr-decay-start:
[2019-03-28 13:42:46] [config]   - 10
[2019-03-28 13:42:46] [config]   - 1
[2019-03-28 13:42:46] [config] lr-decay-strategy: epoch+stalled
[2019-03-28 13:42:46] [config] lr-report: true
[2019-03-28 13:42:46] [config] lr-warmup: 16000
[2019-03-28 13:42:46] [config] lr-warmup-at-reload: false
[2019-03-28 13:42:46] [config] lr-warmup-cycle: false
[2019-03-28 13:42:46] [config] lr-warmup-start-rate: 0
[2019-03-28 13:42:46] [config] max-length: 55
[2019-03-28 13:42:46] [config] max-length-crop: false
[2019-03-28 13:42:46] [config] max-length-factor: 3
[2019-03-28 13:42:46] [config] maxi-batch: 1000
[2019-03-28 13:42:46] [config] maxi-batch-sort: trg
[2019-03-28 13:42:46] [config] mini-batch: 1000
[2019-03-28 13:42:46] [config] mini-batch-fit: true
[2019-03-28 13:42:46] [config] mini-batch-fit-step: 10
[2019-03-28 13:42:46] [config] mini-batch-overstuff: 1
[2019-03-28 13:42:46] [config] mini-batch-track-lr: false
[2019-03-28 13:42:46] [config] mini-batch-understuff: 1
[2019-03-28 13:42:46] [config] mini-batch-warmup: 0
[2019-03-28 13:42:46] [config] mini-batch-words: 0
[2019-03-28 13:42:46] [config] mini-batch-words-ref: 0
[2019-03-28 13:42:46] [config] model: model/model.src1tgt0.doc.notpretrained.bakchus.npz
[2019-03-28 13:42:46] [config] multi-loss-type: sum
[2019-03-28 13:42:46] [config] multi-node: false
[2019-03-28 13:42:46] [config] multi-node-overlap: true
[2019-03-28 13:42:46] [config] n-best: false
[2019-03-28 13:42:46] [config] no-nccl: true
[2019-03-28 13:42:46] [config] no-reload: false
[2019-03-28 13:42:46] [config] no-restore-corpus: true
[2019-03-28 13:42:46] [config] no-shuffle: false
[2019-03-28 13:42:46] [config] normalize: 0.6
[2019-03-28 13:42:46] [config] num-devices: 0
[2019-03-28 13:42:46] [config] optimizer: adam
[2019-03-28 13:42:46] [config] optimizer-delay: 4
[2019-03-28 13:42:46] [config] optimizer-params:
[2019-03-28 13:42:46] [config]   - 0.9
[2019-03-28 13:42:46] [config]   - 0.98
[2019-03-28 13:42:46] [config]   - 1e-09
[2019-03-28 13:42:46] [config] overwrite: false
[2019-03-28 13:42:46] [config] pretrained-model: ""
[2019-03-28 13:42:46] [config] quiet: false
[2019-03-28 13:42:46] [config] quiet-translation: true
[2019-03-28 13:42:46] [config] relative-paths: false
[2019-03-28 13:42:46] [config] right-left: false
[2019-03-28 13:42:46] [config] save-freq: 5000
[2019-03-28 13:42:46] [config] seed: 1111
[2019-03-28 13:42:46] [config] shuffle-in-ram: false
[2019-03-28 13:42:46] [config] skip: false
[2019-03-28 13:42:46] [config] sqlite: ""
[2019-03-28 13:42:46] [config] sqlite-drop: false
[2019-03-28 13:42:46] [config] sync-sgd: true
[2019-03-28 13:42:46] [config] tempdir: /tmp
[2019-03-28 13:42:46] [config] tied-embeddings: false
[2019-03-28 13:42:46] [config] tied-embeddings-all: true
[2019-03-28 13:42:46] [config] tied-embeddings-src: false
[2019-03-28 13:42:46] [config] train-sets:
[2019-03-28 13:42:46] [config]   - corp/opensub.en-fr.docs.train.en.bpe.src_prev
[2019-03-28 13:42:46] [config]   - corp/opensub.en-fr.docs.train.en.bpe.src
[2019-03-28 13:42:46] [config]   - corp/opensub.en-fr.docs.train.fr.bpe
[2019-03-28 13:42:46] [config] transformer-aan-activation: swish
[2019-03-28 13:42:46] [config] transformer-aan-depth: 2
[2019-03-28 13:42:46] [config] transformer-aan-nogate: false
[2019-03-28 13:42:46] [config] transformer-decoder-autoreg: self-attention
[2019-03-28 13:42:46] [config] transformer-dim-aan: 2048
[2019-03-28 13:42:46] [config] transformer-dim-ffn: 2048
[2019-03-28 13:42:46] [config] transformer-dropout: 0.1
[2019-03-28 13:42:46] [config] transformer-dropout-attention: 0
[2019-03-28 13:42:46] [config] transformer-dropout-ffn: 0
[2019-03-28 13:42:46] [config] transformer-ffn-activation: swish
[2019-03-28 13:42:46] [config] transformer-ffn-depth: 2
[2019-03-28 13:42:46] [config] transformer-guided-alignment-layer: last
[2019-03-28 13:42:46] [config] transformer-heads: 8
[2019-03-28 13:42:46] [config] transformer-no-projection: false
[2019-03-28 13:42:46] [config] transformer-postprocess: dan
[2019-03-28 13:42:46] [config] transformer-postprocess-emb: d
[2019-03-28 13:42:46] [config] transformer-preprocess: ""
[2019-03-28 13:42:46] [config] transformer-tied-layers:
[2019-03-28 13:42:46] [config]   []
[2019-03-28 13:42:46] [config] transformer-train-position-embeddings: false
[2019-03-28 13:42:46] [config] type: transformer-context
[2019-03-28 13:42:46] [config] ulr: false
[2019-03-28 13:42:46] [config] ulr-dim-emb: 0
[2019-03-28 13:42:46] [config] ulr-dropout: 0
[2019-03-28 13:42:46] [config] ulr-keys-vectors: ""
[2019-03-28 13:42:46] [config] ulr-query-vectors: ""
[2019-03-28 13:42:46] [config] ulr-softmax-temperature: 1
[2019-03-28 13:42:46] [config] ulr-trainable-transformation: false
[2019-03-28 13:42:46] [config] valid-freq: 5000
[2019-03-28 13:42:46] [config] valid-log: model/valid_trans.gate.log
[2019-03-28 13:42:46] [config] valid-max-length: 1000
[2019-03-28 13:42:46] [config] valid-metrics:
[2019-03-28 13:42:46] [config]   - cross-entropy
[2019-03-28 13:42:46] [config]   - perplexity
[2019-03-28 13:42:46] [config]   - translation
[2019-03-28 13:42:46] [config] valid-mini-batch: 64
[2019-03-28 13:42:46] [config] valid-script-path: ./val.sh
[2019-03-28 13:42:46] [config] valid-sets:
[2019-03-28 13:42:46] [config]   - corp/opensub.en-fr.docs.dev.en.bpe.src_prev
[2019-03-28 13:42:46] [config]   - corp/opensub.en-fr.docs.dev.en.bpe.src
[2019-03-28 13:42:46] [config]   - corp/opensub.en-fr.docs.dev.fr.bpe
[2019-03-28 13:42:46] [config] valid-translation-output: data/valid.bpe.en.output
[2019-03-28 13:42:46] [config] vocabs:
[2019-03-28 13:42:46] [config]   - corp/vocab.encz.opensub.new.yml
[2019-03-28 13:42:46] [config]   - corp/vocab.encz.opensub.new.yml
[2019-03-28 13:42:46] [config]   - corp/vocab.encz.opensub.new.yml
[2019-03-28 13:42:46] [config] word-penalty: 0
[2019-03-28 13:42:46] [config] workspace: 8200
[2019-03-28 13:42:46] [config] Model is being created with Marian v1.7.8 02f2cbe 2019-03-27 14:50:43 +0100
[2019-03-28 13:42:46] Using synchronous training
[2019-03-28 13:42:46] [data] Loading vocabulary from JSON/Yaml file corp/vocab.encz.opensub.new.yml
[2019-03-28 13:42:46] [data] Setting vocabulary size for input 0 to 30000
[2019-03-28 13:42:46] [data] Loading vocabulary from JSON/Yaml file corp/vocab.encz.opensub.new.yml
[2019-03-28 13:42:46] [data] Setting vocabulary size for input 1 to 30000
[2019-03-28 13:42:46] [data] Loading vocabulary from JSON/Yaml file corp/vocab.encz.opensub.new.yml
[2019-03-28 13:42:46] [data] Setting vocabulary size for input 2 to 30000
[2019-03-28 13:42:46] Compiled without MPI support. Falling back to FakeMPIWrapper
[2019-03-28 13:42:46] [batching] Collecting statistics for batch fitting with step size 10
[2019-03-28 13:42:50] [memory] Extending reserved space to 8320 MB (device gpu0)
[2019-03-28 13:42:50] [comm] NCCL communicator overridden
[2019-03-28 13:42:50] [training] Using 1 GPUs
[2019-03-28 13:42:50] [memory] Reserving 311 MB, device gpu0
[2019-03-28 13:42:50] [gpu] 16-bit TensorCores enabled for float32 matrix operations
[2019-03-28 13:42:50] [memory] Reserving 311 MB, device gpu0
[2019-03-28 13:43:00] [batching] Done. Typical MB size is 17133 target words
[2019-03-28 13:43:00] [memory] Extending reserved space to 8320 MB (device gpu0)
[2019-03-28 13:43:00] [comm] NCCL communicator overridden
[2019-03-28 13:43:00] [training] Using 1 GPUs
[2019-03-28 13:43:00] Training started
[2019-03-28 13:43:00] [data] Shuffling data
[2019-03-28 13:43:41] [data] Done reading 41736982 sentences
[2019-03-28 13:47:10] [data] Done shuffling 41736982 sentences to temp files
[2019-03-28 13:47:43] [training] Batches are processed as 1 process(es) x 1 devices/process
[2019-03-28 13:47:43] [memory] Reserving 311 MB, device gpu0
[2019-03-28 13:47:44] [memory] Reserving 311 MB, device gpu0
[2019-03-28 13:47:44] [memory] Reserving 311 MB, device gpu0
[2019-03-28 13:47:44] [memory] Reserving 311 MB, device gpu0
[2019-03-28 13:47:44] [memory] Reserving 622 MB, device gpu0
[2019-03-28 13:55:33] Ep. 1 : Up. 500 : Sen. 400,384 : Cost 83.96068573 : Time 767.03s : 4895.13 words/s : L.r. 6.2500e-06
[2019-03-28 14:03:29] Ep. 1 : Up. 1000 : Sen. 802,131 : Cost 68.02404022 : Time 475.72s : 8042.08 words/s : L.r. 1.2500e-05
[2019-03-28 14:11:09] Ep. 1 : Up. 1500 : Sen. 1,183,181 : Cost 60.22883606 : Time 459.37s : 7838.20 words/s : L.r. 1.8750e-05
[2019-03-28 14:18:53] Ep. 1 : Up. 2000 : Sen. 1,574,565 : Cost 56.42221832 : Time 464.88s : 7934.71 words/s : L.r. 2.5000e-05
[2019-03-28 14:26:41] Ep. 1 : Up. 2500 : Sen. 1,958,663 : Cost 55.12321854 : Time 467.17s : 7899.01 words/s : L.r. 3.1250e-05
[2019-03-28 14:34:35] Ep. 1 : Up. 3000 : Sen. 2,353,809 : Cost 51.97584534 : Time 474.16s : 7950.77 words/s : L.r. 3.7500e-05
[2019-03-28 14:42:16] Ep. 1 : Up. 3500 : Sen. 2,736,211 : Cost 50.15560150 : Time 461.49s : 7921.18 words/s : L.r. 4.3750e-05
[2019-03-28 14:50:23] Ep. 1 : Up. 4000 : Sen. 3,141,355 : Cost 45.78166962 : Time 486.23s : 7574.16 words/s : L.r. 5.0000e-05
[2019-03-28 14:58:10] Ep. 1 : Up. 4500 : Sen. 3,532,352 : Cost 46.28891373 : Time 467.07s : 7904.63 words/s : L.r. 5.6250e-05
[2019-03-28 15:06:07] Ep. 1 : Up. 5000 : Sen. 3,928,711 : Cost 45.88629150 : Time 477.19s : 7925.99 words/s : L.r. 6.2500e-05
[2019-03-28 15:06:07] Saving model weights and runtime parameters to model/model.src1tgt0.doc.notpretrained.bakchus.npz.orig.npz
[2019-03-28 15:06:11] Saving model weights and runtime parameters to model/model.src1tgt0.doc.notpretrained.bakchus.iter5000.npz
[2019-03-28 15:06:16] Saving model weights and runtime parameters to model/model.src1tgt0.doc.notpretrained.bakchus.npz
[2019-03-28 15:06:20] Saving Adam parameters to model/model.src1tgt0.doc.notpretrained.bakchus.npz.optimizer.npz
[2019-03-28 15:07:04] [valid] Ep. 1 : Up. 5000 : cross-entropy : 59.7574 : new best
[2019-03-28 15:07:10] [valid] Ep. 1 : Up. 5000 : perplexity : 103.175 : new best
Detokenizer Version $Revision: 4134 $
Language: en
Traceback (most recent call last):
  File "/home/big_maggie/usr/sacrebleu/sacrebleu.py", line 35, in <module>
    from typing import List, Iterable, Tuple
ImportError: No module named 'typing'
[2019-03-28 15:09:46] [valid] Ep. 1 : Up. 5000 : translation : 0 : new best
