[2019-03-28 12:33:17] [marian] Marian v1.7.8 02f2cbe 2019-03-27 14:50:43 +0100
[2019-03-28 12:33:17] [marian] Running on bakchus.lingea.cz as process 28210 with command line:
[2019-03-28 12:33:17] [marian] /home/large/data/models/marian/marian-doc/marian_voita/doc-marian/build/marian --model model/model.src1tgt0.doc.pretrained.npz --pretrained-model ../src0tgt0_fr/model/model.src0tgt0.newvocab.iter195000.npz --type transformer-context --train-sets corp/opensub.en-fr.docs.train.en.bpe.src_prev corp/opensub.en-fr.docs.train.en.bpe.src corp/opensub.en-fr.docs.train.fr.bpe --max-length 55 --dim-vocabs 30000 30000 --vocabs corp/vocab.encz.opensub.new.yml corp/vocab.encz.opensub.new.yml corp/vocab.encz.opensub.new.yml --mini-batch-fit -w 8400 --mini-batch 1000 --maxi-batch 1000 --early-stopping 10 --valid-freq 5000 --save-freq 5000 --disp-freq 500 --valid-metrics cross-entropy perplexity translation --valid-sets corp/opensub.en-fr.docs.dev.en.bpe.src_prev corp/opensub.en-fr.docs.dev.en.bpe.src corp/opensub.en-fr.docs.dev.fr.bpe --valid-script-path ./val.sh --valid-translation-output data/valid.bpe.en.output --quiet-translation --valid-mini-batch 64 --beam-size 6 --normalize 0.6 --log model/train_trans.gate.log --valid-log model/valid_trans.gate.log --enc-depth 6 --dec-depth 6 --transformer-heads 8 --transformer-postprocess-emb d --transformer-postprocess dan --transformer-dropout 0.1 --label-smoothing 0.1 --learn-rate 0.0003 --lr-warmup 16000 --lr-decay-inv-sqrt 16000 --lr-report --optimizer-params 0.9 0.98 1e-09 --clip-norm 5 --tied-embeddings-all --optimizer-delay 4 --devices 0 --no-nccl --sync-sgd --seed 1111 --exponential-smoothing --no-restore-corpus
[2019-03-28 12:33:17] [config] after-batches: 0
[2019-03-28 12:33:17] [config] after-epochs: 0
[2019-03-28 12:33:17] [config] allow-unk: false
[2019-03-28 12:33:17] [config] beam-size: 6
[2019-03-28 12:33:17] [config] bert-class-symbol: "[CLS]"
[2019-03-28 12:33:17] [config] bert-mask-symbol: "[MASK]"
[2019-03-28 12:33:17] [config] bert-masking-fraction: 0.15
[2019-03-28 12:33:17] [config] bert-sep-symbol: "[SEP]"
[2019-03-28 12:33:17] [config] bert-train-type-embeddings: true
[2019-03-28 12:33:17] [config] bert-type-vocab-size: 2
[2019-03-28 12:33:17] [config] best-deep: false
[2019-03-28 12:33:17] [config] clip-gemm: 0
[2019-03-28 12:33:17] [config] clip-norm: 5
[2019-03-28 12:33:17] [config] context-enc-depth: 1
[2019-03-28 12:33:17] [config] cost-type: ce-mean
[2019-03-28 12:33:17] [config] cpu-threads: 0
[2019-03-28 12:33:17] [config] data-weighting: ""
[2019-03-28 12:33:17] [config] data-weighting-type: sentence
[2019-03-28 12:33:17] [config] dec-cell: gru
[2019-03-28 12:33:17] [config] dec-cell-base-depth: 2
[2019-03-28 12:33:17] [config] dec-cell-high-depth: 1
[2019-03-28 12:33:17] [config] dec-depth: 6
[2019-03-28 12:33:17] [config] devices:
[2019-03-28 12:33:17] [config]   - 0
[2019-03-28 12:33:17] [config] dim-emb: 512
[2019-03-28 12:33:17] [config] dim-rnn: 1024
[2019-03-28 12:33:17] [config] dim-vocabs:
[2019-03-28 12:33:17] [config]   - 30000
[2019-03-28 12:33:17] [config]   - 30000
[2019-03-28 12:33:17] [config]   - 30000
[2019-03-28 12:33:17] [config] disp-first: 0
[2019-03-28 12:33:17] [config] disp-freq: 500
[2019-03-28 12:33:17] [config] disp-label-counts: false
[2019-03-28 12:33:17] [config] dropout-rnn: 0
[2019-03-28 12:33:17] [config] dropout-src: 0
[2019-03-28 12:33:17] [config] dropout-trg: 0
[2019-03-28 12:33:17] [config] dump-config: ""
[2019-03-28 12:33:17] [config] early-stopping: 10
[2019-03-28 12:33:17] [config] embedding-fix-src: false
[2019-03-28 12:33:17] [config] embedding-fix-trg: false
[2019-03-28 12:33:17] [config] embedding-normalization: false
[2019-03-28 12:33:17] [config] embedding-vectors:
[2019-03-28 12:33:17] [config]   []
[2019-03-28 12:33:17] [config] enc-cell: gru
[2019-03-28 12:33:17] [config] enc-cell-depth: 1
[2019-03-28 12:33:17] [config] enc-depth: 6
[2019-03-28 12:33:17] [config] enc-type: bidirectional
[2019-03-28 12:33:17] [config] exponential-smoothing: 0.0001
[2019-03-28 12:33:17] [config] grad-dropping-momentum: 0
[2019-03-28 12:33:17] [config] grad-dropping-rate: 0
[2019-03-28 12:33:17] [config] grad-dropping-warmup: 100
[2019-03-28 12:33:17] [config] guided-alignment: none
[2019-03-28 12:33:17] [config] guided-alignment-cost: mse
[2019-03-28 12:33:17] [config] guided-alignment-weight: 0.1
[2019-03-28 12:33:17] [config] hier-att: false
[2019-03-28 12:33:17] [config] ignore-model-config: false
[2019-03-28 12:33:17] [config] input-types:
[2019-03-28 12:33:17] [config]   []
[2019-03-28 12:33:17] [config] interpolate-env-vars: false
[2019-03-28 12:33:17] [config] keep-best: false
[2019-03-28 12:33:17] [config] label-smoothing: 0.1
[2019-03-28 12:33:17] [config] layer-normalization: false
[2019-03-28 12:33:17] [config] learn-rate: 0.0003
[2019-03-28 12:33:17] [config] log: model/train_trans.gate.log
[2019-03-28 12:33:17] [config] log-level: info
[2019-03-28 12:33:17] [config] log-time-zone: ""
[2019-03-28 12:33:17] [config] lr-decay: 0
[2019-03-28 12:33:17] [config] lr-decay-freq: 50000
[2019-03-28 12:33:17] [config] lr-decay-inv-sqrt:
[2019-03-28 12:33:17] [config]   - 16000
[2019-03-28 12:33:17] [config] lr-decay-repeat-warmup: false
[2019-03-28 12:33:17] [config] lr-decay-reset-optimizer: false
[2019-03-28 12:33:17] [config] lr-decay-start:
[2019-03-28 12:33:17] [config]   - 10
[2019-03-28 12:33:17] [config]   - 1
[2019-03-28 12:33:17] [config] lr-decay-strategy: epoch+stalled
[2019-03-28 12:33:17] [config] lr-report: true
[2019-03-28 12:33:17] [config] lr-warmup: 16000
[2019-03-28 12:33:17] [config] lr-warmup-at-reload: false
[2019-03-28 12:33:17] [config] lr-warmup-cycle: false
[2019-03-28 12:33:17] [config] lr-warmup-start-rate: 0
[2019-03-28 12:33:17] [config] max-length: 55
[2019-03-28 12:33:17] [config] max-length-crop: false
[2019-03-28 12:33:17] [config] max-length-factor: 3
[2019-03-28 12:33:17] [config] maxi-batch: 1000
[2019-03-28 12:33:17] [config] maxi-batch-sort: trg
[2019-03-28 12:33:17] [config] mini-batch: 1000
[2019-03-28 12:33:17] [config] mini-batch-fit: true
[2019-03-28 12:33:17] [config] mini-batch-fit-step: 10
[2019-03-28 12:33:17] [config] mini-batch-overstuff: 1
[2019-03-28 12:33:17] [config] mini-batch-track-lr: false
[2019-03-28 12:33:17] [config] mini-batch-understuff: 1
[2019-03-28 12:33:17] [config] mini-batch-warmup: 0
[2019-03-28 12:33:17] [config] mini-batch-words: 0
[2019-03-28 12:33:17] [config] mini-batch-words-ref: 0
[2019-03-28 12:33:17] [config] model: model/model.src1tgt0.doc.pretrained.npz
[2019-03-28 12:33:17] [config] multi-loss-type: sum
[2019-03-28 12:33:17] [config] multi-node: false
[2019-03-28 12:33:17] [config] multi-node-overlap: true
[2019-03-28 12:33:17] [config] n-best: false
[2019-03-28 12:33:17] [config] no-nccl: true
[2019-03-28 12:33:17] [config] no-reload: false
[2019-03-28 12:33:17] [config] no-restore-corpus: true
[2019-03-28 12:33:17] [config] no-shuffle: false
[2019-03-28 12:33:17] [config] normalize: 0.6
[2019-03-28 12:33:17] [config] num-devices: 0
[2019-03-28 12:33:17] [config] optimizer: adam
[2019-03-28 12:33:17] [config] optimizer-delay: 4
[2019-03-28 12:33:17] [config] optimizer-params:
[2019-03-28 12:33:17] [config]   - 0.9
[2019-03-28 12:33:17] [config]   - 0.98
[2019-03-28 12:33:17] [config]   - 1e-09
[2019-03-28 12:33:17] [config] overwrite: false
[2019-03-28 12:33:17] [config] pretrained-model: ../src0tgt0_fr/model/model.src0tgt0.newvocab.iter195000.npz
[2019-03-28 12:33:17] [config] quiet: false
[2019-03-28 12:33:17] [config] quiet-translation: true
[2019-03-28 12:33:17] [config] relative-paths: false
[2019-03-28 12:33:17] [config] right-left: false
[2019-03-28 12:33:17] [config] save-freq: 5000
[2019-03-28 12:33:17] [config] seed: 1111
[2019-03-28 12:33:17] [config] shuffle-in-ram: false
[2019-03-28 12:33:17] [config] skip: false
[2019-03-28 12:33:17] [config] sqlite: ""
[2019-03-28 12:33:17] [config] sqlite-drop: false
[2019-03-28 12:33:17] [config] sync-sgd: true
[2019-03-28 12:33:17] [config] tempdir: /tmp
[2019-03-28 12:33:17] [config] tied-embeddings: false
[2019-03-28 12:33:17] [config] tied-embeddings-all: true
[2019-03-28 12:33:17] [config] tied-embeddings-src: false
[2019-03-28 12:33:17] [config] train-sets:
[2019-03-28 12:33:17] [config]   - corp/opensub.en-fr.docs.train.en.bpe.src_prev
[2019-03-28 12:33:17] [config]   - corp/opensub.en-fr.docs.train.en.bpe.src
[2019-03-28 12:33:17] [config]   - corp/opensub.en-fr.docs.train.fr.bpe
[2019-03-28 12:33:17] [config] transformer-aan-activation: swish
[2019-03-28 12:33:17] [config] transformer-aan-depth: 2
[2019-03-28 12:33:17] [config] transformer-aan-nogate: false
[2019-03-28 12:33:17] [config] transformer-decoder-autoreg: self-attention
[2019-03-28 12:33:17] [config] transformer-dim-aan: 2048
[2019-03-28 12:33:17] [config] transformer-dim-ffn: 2048
[2019-03-28 12:33:17] [config] transformer-dropout: 0.1
[2019-03-28 12:33:17] [config] transformer-dropout-attention: 0
[2019-03-28 12:33:17] [config] transformer-dropout-ffn: 0
[2019-03-28 12:33:17] [config] transformer-ffn-activation: swish
[2019-03-28 12:33:17] [config] transformer-ffn-depth: 2
[2019-03-28 12:33:17] [config] transformer-guided-alignment-layer: last
[2019-03-28 12:33:17] [config] transformer-heads: 8
[2019-03-28 12:33:17] [config] transformer-no-projection: false
[2019-03-28 12:33:17] [config] transformer-postprocess: dan
[2019-03-28 12:33:17] [config] transformer-postprocess-emb: d
[2019-03-28 12:33:17] [config] transformer-preprocess: ""
[2019-03-28 12:33:17] [config] transformer-tied-layers:
[2019-03-28 12:33:17] [config]   []
[2019-03-28 12:33:17] [config] transformer-train-position-embeddings: false
[2019-03-28 12:33:17] [config] type: transformer-context
[2019-03-28 12:33:17] [config] ulr: false
[2019-03-28 12:33:17] [config] ulr-dim-emb: 0
[2019-03-28 12:33:17] [config] ulr-dropout: 0
[2019-03-28 12:33:17] [config] ulr-keys-vectors: ""
[2019-03-28 12:33:17] [config] ulr-query-vectors: ""
[2019-03-28 12:33:17] [config] ulr-softmax-temperature: 1
[2019-03-28 12:33:17] [config] ulr-trainable-transformation: false
[2019-03-28 12:33:17] [config] valid-freq: 5000
[2019-03-28 12:33:17] [config] valid-log: model/valid_trans.gate.log
[2019-03-28 12:33:17] [config] valid-max-length: 1000
[2019-03-28 12:33:17] [config] valid-metrics:
[2019-03-28 12:33:17] [config]   - cross-entropy
[2019-03-28 12:33:17] [config]   - perplexity
[2019-03-28 12:33:17] [config]   - translation
[2019-03-28 12:33:17] [config] valid-mini-batch: 64
[2019-03-28 12:33:17] [config] valid-script-path: ./val.sh
[2019-03-28 12:33:17] [config] valid-sets:
[2019-03-28 12:33:17] [config]   - corp/opensub.en-fr.docs.dev.en.bpe.src_prev
[2019-03-28 12:33:17] [config]   - corp/opensub.en-fr.docs.dev.en.bpe.src
[2019-03-28 12:33:17] [config]   - corp/opensub.en-fr.docs.dev.fr.bpe
[2019-03-28 12:33:17] [config] valid-translation-output: data/valid.bpe.en.output
[2019-03-28 12:33:17] [config] version: v1.7.8 02f2cbe 2019-03-27 14:50:43 +0100
[2019-03-28 12:33:17] [config] vocabs:
[2019-03-28 12:33:17] [config]   - corp/vocab.encz.opensub.new.yml
[2019-03-28 12:33:17] [config]   - corp/vocab.encz.opensub.new.yml
[2019-03-28 12:33:17] [config]   - corp/vocab.encz.opensub.new.yml
[2019-03-28 12:33:17] [config] word-penalty: 0
[2019-03-28 12:33:17] [config] workspace: 8400
[2019-03-28 12:33:17] [config] Loaded model has been created with Marian v1.7.8 02f2cbe 2019-03-27 14:50:43 +0100
[2019-03-28 12:33:17] Using synchronous training
[2019-03-28 12:33:17] [data] Loading vocabulary from JSON/Yaml file corp/vocab.encz.opensub.new.yml
[2019-03-28 12:33:18] [data] Setting vocabulary size for input 0 to 30000
[2019-03-28 12:33:18] [data] Loading vocabulary from JSON/Yaml file corp/vocab.encz.opensub.new.yml
[2019-03-28 12:33:18] [data] Setting vocabulary size for input 1 to 30000
[2019-03-28 12:33:18] [data] Loading vocabulary from JSON/Yaml file corp/vocab.encz.opensub.new.yml
[2019-03-28 12:33:18] [data] Setting vocabulary size for input 2 to 30000
[2019-03-28 12:33:18] Compiled without MPI support. Falling back to FakeMPIWrapper
[2019-03-28 12:33:18] [batching] Collecting statistics for batch fitting with step size 10
[2019-03-28 12:33:21] [memory] Extending reserved space to 8448 MB (device gpu0)
[2019-03-28 12:33:22] [comm] NCCL communicator overridden
[2019-03-28 12:33:22] [training] Using 1 GPUs
[2019-03-28 12:33:22] [memory] Reserving 311 MB, device gpu0
[2019-03-28 12:33:22] [gpu] 16-bit TensorCores enabled for float32 matrix operations
[2019-03-28 12:33:22] [memory] Reserving 311 MB, device gpu0
[2019-03-28 12:33:31] [batching] Done. Typical MB size is 17473 target words
[2019-03-28 12:33:31] [memory] Extending reserved space to 8448 MB (device gpu0)
[2019-03-28 12:33:31] [comm] NCCL communicator overridden
[2019-03-28 12:33:31] [training] Using 1 GPUs
[2019-03-28 12:33:31] Loading model from model/model.src1tgt0.doc.pretrained.npz.orig.npz
[2019-03-28 12:33:35] Loading Adam parameters from model/model.src1tgt0.doc.pretrained.npz.optimizer.npz
[2019-03-28 12:33:42] [memory] Reserving 766 MB, device gpu0
[2019-03-28 12:33:43] [training] Model reloaded from model/model.src1tgt0.doc.pretrained.npz
[2019-03-28 12:33:43] Training started
[2019-03-28 12:33:43] [data] Shuffling data
[2019-03-28 12:35:02] [data] Done reading 41736982 sentences
[2019-03-28 12:38:29] [data] Done shuffling 41736982 sentences to temp files
[2019-03-28 12:39:02] [training] Batches are processed as 1 process(es) x 1 devices/process
[2019-03-28 12:39:02] [memory] Reserving 383 MB, device gpu0
[2019-03-28 12:39:03] [memory] Reserving 383 MB, device gpu0
[2019-03-28 12:39:03] Loading model from model/model.src1tgt0.doc.pretrained.npz
[2019-03-28 12:39:06] [memory] Reserving 383 MB, device cpu0
[2019-03-28 12:39:06] [memory] Reserving 383 MB, device gpu0
[2019-03-28 12:39:07] [memory] Reserving 383 MB, device gpu0
[2019-03-28 12:46:47] Ep. 1 : Up. 15500 : Sen. 395,616 : Cost 76.28981781 : Time 808.66s : 4546.63 words/s : L.r. 2.9063e-04
[2019-03-28 12:54:32] Ep. 1 : Up. 16000 : Sen. 780,361 : Cost 71.83213806 : Time 465.09s : 7982.89 words/s : L.r. 3.0000e-04
[2019-03-28 13:02:32] Ep. 1 : Up. 16500 : Sen. 1,191,064 : Cost 67.89075470 : Time 480.01s : 8048.04 words/s : L.r. 2.9542e-04
[2019-03-28 13:10:24] Ep. 1 : Up. 17000 : Sen. 1,597,818 : Cost 65.56727600 : Time 472.00s : 7943.80 words/s : L.r. 2.9104e-04
[2019-03-28 13:18:09] Ep. 1 : Up. 17500 : Sen. 1,976,975 : Cost 69.02272034 : Time 465.24s : 7919.47 words/s : L.r. 2.8685e-04
[2019-03-28 13:26:01] Ep. 1 : Up. 18000 : Sen. 2,356,257 : Cost 70.34054565 : Time 472.14s : 7968.26 words/s : L.r. 2.8284e-04
