[2019-03-12 14:14:12] [marian] Marian v1.7.8 79e16ce 2019-03-09 20:08:18 +0100
[2019-03-12 14:14:12] [marian] Running on pcknot5 as process 18322 with command line:
[2019-03-12 14:14:12] [marian] /mnt/minerva1/nlp/projects/nmt/marian-doc-transpose/doc-marian/build/marian --model model/model.src1tgt0_to_tgt1.doc.npz --type transformer-context --train-sets corp/europarl.cs-en.docs.train.en.bpe.src_prev corp/europarl.cs-en.docs.train.en.bpe.src corp/europarl.cs-en.docs.train.cz.bpe --max-length 80 --dim-vocabs 30000 30000 --vocabs corp/vocab.encs.europarl.yml corp/vocab.encs.europarl.yml corp/vocab.encs.europarl.yml --mini-batch-fit -w 8700 --mini-batch 1000 --maxi-batch 1000 --early-stopping 10 --valid-freq 5000 --save-freq 5000 --disp-freq 500 --valid-metrics cross-entropy perplexity translation --valid-sets corp/europarl.cs-en.docs.dev.en.bpe.src_prev corp/europarl.cs-en.docs.train.en.bpe.src corp/europarl.cs-en.docs.dev.cz.bpe --valid-script-path ./val.sh --valid-translation-output data/valid.bpe.en.output --quiet-translation --valid-mini-batch 64 --beam-size 3 --normalize 0.6 --log model/train_trans.doc.log --valid-log model/valid_trans.doc.log --enc-depth 6 --dec-depth 6 --transformer-heads 8 --transformer-postprocess-emb d --transformer-postprocess dan --transformer-dropout 0.1 --label-smoothing 0.1 --learn-rate 0.0003 --lr-warmup 16000 --lr-decay-inv-sqrt 16000 --lr-report --optimizer-params 0.9 0.98 1e-09 --clip-norm 5 --tied-embeddings-all --optimizer-delay 4 --devices 0 --sync-sgd --seed 1111 --exponential-smoothing --no-restore-corpus --no-nccl
[2019-03-12 14:14:12] [config] after-batches: 0
[2019-03-12 14:14:12] [config] after-epochs: 0
[2019-03-12 14:14:12] [config] allow-unk: false
[2019-03-12 14:14:12] [config] beam-size: 3
[2019-03-12 14:14:12] [config] bert-class-symbol: "[CLS]"
[2019-03-12 14:14:12] [config] bert-mask-symbol: "[MASK]"
[2019-03-12 14:14:12] [config] bert-masking-fraction: 0.15
[2019-03-12 14:14:12] [config] bert-sep-symbol: "[SEP]"
[2019-03-12 14:14:12] [config] bert-train-type-embeddings: true
[2019-03-12 14:14:12] [config] bert-type-vocab-size: 2
[2019-03-12 14:14:12] [config] best-deep: false
[2019-03-12 14:14:12] [config] clip-gemm: 0
[2019-03-12 14:14:12] [config] clip-norm: 5
[2019-03-12 14:14:12] [config] cost-type: ce-mean
[2019-03-12 14:14:12] [config] cpu-threads: 0
[2019-03-12 14:14:12] [config] data-weighting: ""
[2019-03-12 14:14:12] [config] data-weighting-type: sentence
[2019-03-12 14:14:12] [config] dec-cell: gru
[2019-03-12 14:14:12] [config] dec-cell-base-depth: 2
[2019-03-12 14:14:12] [config] dec-cell-high-depth: 1
[2019-03-12 14:14:12] [config] dec-depth: 6
[2019-03-12 14:14:12] [config] devices:
[2019-03-12 14:14:12] [config]   - 0
[2019-03-12 14:14:12] [config] dim-emb: 512
[2019-03-12 14:14:12] [config] dim-rnn: 1024
[2019-03-12 14:14:12] [config] dim-vocabs:
[2019-03-12 14:14:12] [config]   - 30000
[2019-03-12 14:14:12] [config]   - 30000
[2019-03-12 14:14:12] [config] disp-first: 0
[2019-03-12 14:14:12] [config] disp-freq: 500
[2019-03-12 14:14:12] [config] disp-label-counts: false
[2019-03-12 14:14:12] [config] dropout-rnn: 0
[2019-03-12 14:14:12] [config] dropout-src: 0
[2019-03-12 14:14:12] [config] dropout-trg: 0
[2019-03-12 14:14:12] [config] dump-config: ""
[2019-03-12 14:14:12] [config] early-stopping: 10
[2019-03-12 14:14:12] [config] embedding-fix-src: false
[2019-03-12 14:14:12] [config] embedding-fix-trg: false
[2019-03-12 14:14:12] [config] embedding-normalization: false
[2019-03-12 14:14:12] [config] embedding-vectors:
[2019-03-12 14:14:12] [config]   []
[2019-03-12 14:14:12] [config] enc-cell: gru
[2019-03-12 14:14:12] [config] enc-cell-depth: 1
[2019-03-12 14:14:12] [config] enc-depth: 6
[2019-03-12 14:14:12] [config] enc-type: bidirectional
[2019-03-12 14:14:12] [config] exponential-smoothing: 0.0001
[2019-03-12 14:14:12] [config] grad-dropping-momentum: 0
[2019-03-12 14:14:12] [config] grad-dropping-rate: 0
[2019-03-12 14:14:12] [config] grad-dropping-warmup: 100
[2019-03-12 14:14:12] [config] guided-alignment: none
[2019-03-12 14:14:12] [config] guided-alignment-cost: mse
[2019-03-12 14:14:12] [config] guided-alignment-weight: 0.1
[2019-03-12 14:14:12] [config] ignore-model-config: false
[2019-03-12 14:14:12] [config] input-types:
[2019-03-12 14:14:12] [config]   []
[2019-03-12 14:14:12] [config] interpolate-env-vars: false
[2019-03-12 14:14:12] [config] keep-best: false
[2019-03-12 14:14:12] [config] label-smoothing: 0.1
[2019-03-12 14:14:12] [config] layer-normalization: false
[2019-03-12 14:14:12] [config] learn-rate: 0.0003
[2019-03-12 14:14:12] [config] log: model/train_trans.doc.log
[2019-03-12 14:14:12] [config] log-level: info
[2019-03-12 14:14:12] [config] log-time-zone: ""
[2019-03-12 14:14:12] [config] lr-decay: 0
[2019-03-12 14:14:12] [config] lr-decay-freq: 50000
[2019-03-12 14:14:12] [config] lr-decay-inv-sqrt:
[2019-03-12 14:14:12] [config]   - 16000
[2019-03-12 14:14:12] [config] lr-decay-repeat-warmup: false
[2019-03-12 14:14:12] [config] lr-decay-reset-optimizer: false
[2019-03-12 14:14:12] [config] lr-decay-start:
[2019-03-12 14:14:12] [config]   - 10
[2019-03-12 14:14:12] [config]   - 1
[2019-03-12 14:14:12] [config] lr-decay-strategy: epoch+stalled
[2019-03-12 14:14:12] [config] lr-report: true
[2019-03-12 14:14:12] [config] lr-warmup: 16000
[2019-03-12 14:14:12] [config] lr-warmup-at-reload: false
[2019-03-12 14:14:12] [config] lr-warmup-cycle: false
[2019-03-12 14:14:12] [config] lr-warmup-start-rate: 0
[2019-03-12 14:14:12] [config] max-length: 80
[2019-03-12 14:14:12] [config] max-length-crop: false
[2019-03-12 14:14:12] [config] max-length-factor: 3
[2019-03-12 14:14:12] [config] maxi-batch: 1000
[2019-03-12 14:14:12] [config] maxi-batch-sort: trg
[2019-03-12 14:14:12] [config] mini-batch: 1000
[2019-03-12 14:14:12] [config] mini-batch-fit: true
[2019-03-12 14:14:12] [config] mini-batch-fit-step: 10
[2019-03-12 14:14:12] [config] mini-batch-overstuff: 1
[2019-03-12 14:14:12] [config] mini-batch-track-lr: false
[2019-03-12 14:14:12] [config] mini-batch-understuff: 1
[2019-03-12 14:14:12] [config] mini-batch-warmup: 0
[2019-03-12 14:14:12] [config] mini-batch-words: 0
[2019-03-12 14:14:12] [config] mini-batch-words-ref: 0
[2019-03-12 14:14:12] [config] model: model/model.src1tgt0_to_tgt1.doc.npz
[2019-03-12 14:14:12] [config] multi-loss-type: sum
[2019-03-12 14:14:12] [config] multi-node: false
[2019-03-12 14:14:12] [config] multi-node-overlap: true
[2019-03-12 14:14:12] [config] n-best: false
[2019-03-12 14:14:12] [config] no-nccl: true
[2019-03-12 14:14:12] [config] no-reload: false
[2019-03-12 14:14:12] [config] no-restore-corpus: true
[2019-03-12 14:14:12] [config] no-shuffle: false
[2019-03-12 14:14:12] [config] normalize: 0.6
[2019-03-12 14:14:12] [config] num-devices: 0
[2019-03-12 14:14:12] [config] optimizer: adam
[2019-03-12 14:14:12] [config] optimizer-delay: 4
[2019-03-12 14:14:12] [config] optimizer-params:
[2019-03-12 14:14:12] [config]   - 0.9
[2019-03-12 14:14:12] [config]   - 0.98
[2019-03-12 14:14:12] [config]   - 1e-09
[2019-03-12 14:14:12] [config] overwrite: false
[2019-03-12 14:14:12] [config] pretrained-model: ""
[2019-03-12 14:14:12] [config] quiet: false
[2019-03-12 14:14:12] [config] quiet-translation: true
[2019-03-12 14:14:12] [config] relative-paths: false
[2019-03-12 14:14:12] [config] right-left: false
[2019-03-12 14:14:12] [config] save-freq: 5000
[2019-03-12 14:14:12] [config] seed: 1111
[2019-03-12 14:14:12] [config] shuffle-in-ram: false
[2019-03-12 14:14:12] [config] skip: false
[2019-03-12 14:14:12] [config] sqlite: ""
[2019-03-12 14:14:12] [config] sqlite-drop: false
[2019-03-12 14:14:12] [config] sync-sgd: true
[2019-03-12 14:14:12] [config] tempdir: /tmp
[2019-03-12 14:14:12] [config] tied-embeddings: false
[2019-03-12 14:14:12] [config] tied-embeddings-all: true
[2019-03-12 14:14:12] [config] tied-embeddings-src: false
[2019-03-12 14:14:12] [config] train-sets:
[2019-03-12 14:14:12] [config]   - corp/europarl.cs-en.docs.train.en.bpe.src_prev
[2019-03-12 14:14:12] [config]   - corp/europarl.cs-en.docs.train.en.bpe.src
[2019-03-12 14:14:12] [config]   - corp/europarl.cs-en.docs.train.cz.bpe
[2019-03-12 14:14:12] [config] transformer-aan-activation: swish
[2019-03-12 14:14:12] [config] transformer-aan-depth: 2
[2019-03-12 14:14:12] [config] transformer-aan-nogate: false
[2019-03-12 14:14:12] [config] transformer-decoder-autoreg: self-attention
[2019-03-12 14:14:12] [config] transformer-dim-aan: 2048
[2019-03-12 14:14:12] [config] transformer-dim-ffn: 2048
[2019-03-12 14:14:12] [config] transformer-dropout: 0.1
[2019-03-12 14:14:12] [config] transformer-dropout-attention: 0
[2019-03-12 14:14:12] [config] transformer-dropout-ffn: 0
[2019-03-12 14:14:12] [config] transformer-ffn-activation: swish
[2019-03-12 14:14:12] [config] transformer-ffn-depth: 2
[2019-03-12 14:14:12] [config] transformer-guided-alignment-layer: last
[2019-03-12 14:14:12] [config] transformer-heads: 8
[2019-03-12 14:14:12] [config] transformer-no-projection: false
[2019-03-12 14:14:12] [config] transformer-postprocess: dan
[2019-03-12 14:14:12] [config] transformer-postprocess-emb: d
[2019-03-12 14:14:12] [config] transformer-preprocess: ""
[2019-03-12 14:14:12] [config] transformer-tied-layers:
[2019-03-12 14:14:12] [config]   []
[2019-03-12 14:14:12] [config] transformer-train-position-embeddings: false
[2019-03-12 14:14:12] [config] type: transformer-context
[2019-03-12 14:14:12] [config] ulr: false
[2019-03-12 14:14:12] [config] ulr-dim-emb: 0
[2019-03-12 14:14:12] [config] ulr-dropout: 0
[2019-03-12 14:14:12] [config] ulr-keys-vectors: ""
[2019-03-12 14:14:12] [config] ulr-query-vectors: ""
[2019-03-12 14:14:12] [config] ulr-softmax-temperature: 1
[2019-03-12 14:14:12] [config] ulr-trainable-transformation: false
[2019-03-12 14:14:12] [config] valid-freq: 5000
[2019-03-12 14:14:12] [config] valid-log: model/valid_trans.doc.log
[2019-03-12 14:14:12] [config] valid-max-length: 1000
[2019-03-12 14:14:12] [config] valid-metrics:
[2019-03-12 14:14:12] [config]   - cross-entropy
[2019-03-12 14:14:12] [config]   - perplexity
[2019-03-12 14:14:12] [config]   - translation
[2019-03-12 14:14:12] [config] valid-mini-batch: 64
[2019-03-12 14:14:12] [config] valid-script-path: ./val.sh
[2019-03-12 14:14:12] [config] valid-sets:
[2019-03-12 14:14:12] [config]   - corp/europarl.cs-en.docs.dev.en.bpe.src_prev
[2019-03-12 14:14:12] [config]   - corp/europarl.cs-en.docs.train.en.bpe.src
[2019-03-12 14:14:12] [config]   - corp/europarl.cs-en.docs.dev.cz.bpe
[2019-03-12 14:14:12] [config] valid-translation-output: data/valid.bpe.en.output
[2019-03-12 14:14:12] [config] vocabs:
[2019-03-12 14:14:12] [config]   - corp/vocab.encs.europarl.yml
[2019-03-12 14:14:12] [config]   - corp/vocab.encs.europarl.yml
[2019-03-12 14:14:12] [config]   - corp/vocab.encs.europarl.yml
[2019-03-12 14:14:12] [config] word-penalty: 0
[2019-03-12 14:14:12] [config] workspace: 8700
[2019-03-12 14:14:12] [config] Model is being created with Marian v1.7.8 79e16ce 2019-03-09 20:08:18 +0100
[2019-03-12 14:14:12] Using synchronous training
[2019-03-12 14:14:12] [data] Loading vocabulary from JSON/Yaml file corp/vocab.encs.europarl.yml
[2019-03-12 14:14:12] [data] Setting vocabulary size for input 0 to 30000
[2019-03-12 14:14:12] [data] Loading vocabulary from JSON/Yaml file corp/vocab.encs.europarl.yml
[2019-03-12 14:14:12] [data] Setting vocabulary size for input 1 to 30000
[2019-03-12 14:14:12] [data] Loading vocabulary from JSON/Yaml file corp/vocab.encs.europarl.yml
[2019-03-12 14:14:12] [data] Setting vocabulary size for input 2 to 30000
[2019-03-12 14:14:12] Compiled without MPI support. Falling back to FakeMPIWrapper
[2019-03-12 14:14:12] [batching] Collecting statistics for batch fitting with step size 10
[2019-03-12 14:14:13] [memory] Extending reserved space to 8704 MB (device gpu0)
[2019-03-12 14:14:13] [comm] NCCL communicator overridden
[2019-03-12 14:14:13] [training] Using 1 GPUs
[2019-03-12 14:14:13] [memory] Reserving 311 MB, device gpu0
[2019-03-12 14:14:13] [gpu] 16-bit TensorCores enabled for float32 matrix operations
[2019-03-12 14:14:13] [memory] Reserving 311 MB, device gpu0
[2019-03-12 14:14:20] [batching] Done. Typical MB size is 17485 target words
[2019-03-12 14:14:20] [memory] Extending reserved space to 8704 MB (device gpu0)
[2019-03-12 14:14:20] [comm] NCCL communicator overridden
[2019-03-12 14:14:20] [training] Using 1 GPUs
[2019-03-12 14:14:20] Training started
[2019-03-12 14:14:20] [data] Shuffling data
[2019-03-12 14:14:20] [data] Done reading 620637 sentences
[2019-03-12 14:14:23] [data] Done shuffling 620637 sentences to temp files
[2019-03-12 14:14:49] [training] Batches are processed as 1 process(es) x 1 devices/process
[2019-03-12 14:14:49] [memory] Reserving 311 MB, device gpu0
[2019-03-12 14:14:49] [memory] Reserving 311 MB, device gpu0
[2019-03-12 14:14:49] [memory] Reserving 311 MB, device gpu0
[2019-03-12 14:14:50] [memory] Reserving 311 MB, device gpu0
[2019-03-12 14:14:50] [memory] Reserving 622 MB, device gpu0
[2019-03-12 14:21:02] Ep. 1 : Up. 500 : Sen. 142,240 : Cost 475.21057129 : Time 409.29s : 17582.51 words/s : L.r. 9.3750e-06
[2019-03-12 14:27:16] Ep. 1 : Up. 1000 : Sen. 282,043 : Cost 408.39926147 : Time 374.48s : 19233.79 words/s : L.r. 1.8750e-05
[2019-03-12 14:33:34] Ep. 1 : Up. 1500 : Sen. 423,674 : Cost 385.94839478 : Time 378.03s : 19202.02 words/s : L.r. 2.8125e-05
[2019-03-12 14:36:54] Seen 496771 samples
[2019-03-12 14:36:54] Starting epoch 2
[2019-03-12 14:36:54] [data] Shuffling data
[2019-03-12 14:36:55] [data] Done reading 620637 sentences
[2019-03-12 14:36:57] [data] Done shuffling 620637 sentences to temp files
[2019-03-12 14:40:19] Ep. 2 : Up. 2000 : Sen. 67,371 : Cost 371.70037842 : Time 404.32s : 17887.07 words/s : L.r. 3.7500e-05
[2019-03-12 14:46:39] Ep. 2 : Up. 2500 : Sen. 208,692 : Cost 348.34011841 : Time 380.56s : 19152.03 words/s : L.r. 4.6875e-05
[2019-03-12 14:52:55] Ep. 2 : Up. 3000 : Sen. 349,837 : Cost 322.83993530 : Time 375.88s : 19227.46 words/s : L.r. 5.6250e-05
[2019-03-12 14:59:10] Ep. 2 : Up. 3500 : Sen. 487,607 : Cost 307.06991577 : Time 374.85s : 19169.59 words/s : L.r. 6.5625e-05
[2019-03-12 14:59:33] Seen 496771 samples
[2019-03-12 14:59:33] Starting epoch 3
[2019-03-12 14:59:33] [data] Shuffling data
[2019-03-12 14:59:34] [data] Done reading 620637 sentences
[2019-03-12 14:59:36] [data] Done shuffling 620637 sentences to temp files
[2019-03-12 15:05:55] Ep. 3 : Up. 4000 : Sen. 133,078 : Cost 279.90823364 : Time 405.29s : 17884.61 words/s : L.r. 7.5000e-05
[2019-03-12 15:12:12] Ep. 3 : Up. 4500 : Sen. 271,584 : Cost 269.63778687 : Time 376.38s : 19066.06 words/s : L.r. 8.4375e-05
[2019-03-12 15:18:26] Ep. 3 : Up. 5000 : Sen. 412,939 : Cost 250.84509277 : Time 374.26s : 19220.54 words/s : L.r. 9.3750e-05
[2019-03-12 15:18:26] Saving model weights and runtime parameters to model/model.src1tgt0_to_tgt1.doc.npz.orig.npz
[2019-03-12 15:18:30] Saving model weights and runtime parameters to model/model.src1tgt0_to_tgt1.doc.iter5000.npz
[2019-03-12 15:18:34] Saving model weights and runtime parameters to model/model.src1tgt0_to_tgt1.doc.npz
[2019-03-12 15:18:39] Saving Adam parameters to model/model.src1tgt0_to_tgt1.doc.npz.optimizer.npz
[2019-03-12 15:18:48] Error: not all input files have the same number of lines
[2019-03-12 15:18:48] Error: Aborted from virtual marian::data::SentenceTuple marian::data::Corpus::next() in /mnt/minerva1/nlp/projects/nmt/marian-doc-transpose/doc-marian/src/data/corpus.cpp:64

[CALL STACK]
[0x5559b4822b4f]                                                       + 0x1fcb4f
[0x5559b48126cd]                                                       + 0x1ec6cd
[0x5559b4789644]                                                       + 0x163644
[0x5559b478a55b]                                                       + 0x16455b
[0x5559b478ae30]                                                       + 0x164e30
[0x5559b46ad069]                                                       + 0x87069
[0x7f47f7211827]                                                       + 0xf827
[0x5559b46a7bb4]                                                       + 0x81bb4
[0x5559b46ae783]                                                       + 0x88783
[0x5559b46b09d5]                                                       + 0x8a9d5
[0x7f47f6d2e57f]                                                       + 0xbd57f
[0x7f47f72096db]                                                       + 0x76db
[0x7f47f61c188f]    clone                                              + 0x3f

train_dual_doc.sh: řádek 27: 18322 Neúspěšně ukončen (SIGABRT)        (core dumped [obraz paměti uložen]) $marian_home/marian --model model/model.src1tgt0_to_tgt1.doc.npz --type transformer-context --train-sets corp/europarl.cs-en.docs.train.en.bpe.src_prev corp/europarl.cs-en.docs.train.en.bpe.src corp/europarl.cs-en.docs.train.cz.bpe --max-length 80 --dim-vocabs 30000 30000 --vocabs corp/vocab.encs.europarl.yml corp/vocab.encs.europarl.yml corp/vocab.encs.europarl.yml --mini-batch-fit -w 8700 --mini-batch 1000 --maxi-batch 1000 --early-stopping 10 --valid-freq 5000 --save-freq 5000 --disp-freq 500 --valid-metrics cross-entropy perplexity translation --valid-sets corp/europarl.cs-en.docs.dev.en.bpe.src_prev corp/europarl.cs-en.docs.train.en.bpe.src corp/europarl.cs-en.docs.dev.cz.bpe --valid-script-path ./val.sh --valid-translation-output data/valid.bpe.en.output --quiet-translation --valid-mini-batch 64 --beam-size 3 --normalize 0.6 --log model/train_trans.doc.log --valid-log model/valid_trans.doc.log --enc-depth 6 --dec-depth 6 --transformer-heads 8 --transformer-postprocess-emb d --transformer-postprocess dan --transformer-dropout 0.1 --label-smoothing 0.1 --learn-rate 0.0003 --lr-warmup 16000 --lr-decay-inv-sqrt 16000 --lr-report --optimizer-params 0.9 0.98 1e-09 --clip-norm 5 --tied-embeddings-all --optimizer-delay 4 --devices 0 --sync-sgd --seed 1111 --exponential-smoothing --no-restore-corpus --no-nccl
