[2019-03-28 16:13:06] [marian] Marian v1.7.8 3c5b881 2019-03-28 16:08:24 +0100
[2019-03-28 16:13:06] [marian] Running on pcknot4 as process 922 with command line:
[2019-03-28 16:13:06] [marian] /mnt/minerva1/nlp/projects/nmt/doc-marian/build/marian --model model/model.src1tgt0.docnew.enc_depth.pretrained.frozen.npz --pretrained-model ../src0tgt0/model/model.src0tgt0_to_tgt0.newbase.160.npz.best-perplexity.npz --type transformer-context --train-sets corp/europarl.cs-en.docs.train.en.bpe.src_prev corp/europarl.cs-en.docs.train.en.bpe.src corp/europarl.cs-en.docs.train.cz.bpe --max-length 55 --dim-vocabs 30000 30000 --vocabs corp/vocab.encz.opensub.new.yml corp/vocab.encz.opensub.new.yml corp/vocab.encz.opensub.new.yml --mini-batch-fit -w 8000 --mini-batch 1000 --maxi-batch 1000 --early-stopping 10 --freeze --valid-freq 5000 --save-freq 5000 --disp-freq 500 --valid-metrics cross-entropy perplexity translation --valid-sets corp/europarl.cs-en.docs.dev.en.bpe.src_prev corp/europarl.cs-en.docs.dev.en.bpe.src corp/europarl.cs-en.docs.dev.cz.bpe --valid-script-path ./val.sh --valid-translation-output data/valid.bpe.en.output --quiet-translation --valid-mini-batch 16 --beam-size 6 --normalize 0.6 --log model/train_trans.gate.log --valid-log model/valid_trans.gate.log --enc-depth 6 --dec-depth 6 --transformer-heads 8 --transformer-postprocess-emb d --transformer-postprocess dan --transformer-dropout 0.1 --label-smoothing 0.1 --learn-rate 0.0003 --lr-warmup 16000 --lr-decay-inv-sqrt 16000 --lr-report --optimizer-params 0.9 0.98 1e-09 --clip-norm 5 --tied-embeddings-all --optimizer-delay 4 --devices 0 --no-nccl --sync-sgd --seed 1111 --exponential-smoothing --no-restore-corpus
[2019-03-28 16:13:06] [config] after-batches: 0
[2019-03-28 16:13:06] [config] after-epochs: 0
[2019-03-28 16:13:06] [config] allow-unk: false
[2019-03-28 16:13:06] [config] beam-size: 6
[2019-03-28 16:13:06] [config] bert-class-symbol: "[CLS]"
[2019-03-28 16:13:06] [config] bert-mask-symbol: "[MASK]"
[2019-03-28 16:13:06] [config] bert-masking-fraction: 0.15
[2019-03-28 16:13:06] [config] bert-sep-symbol: "[SEP]"
[2019-03-28 16:13:06] [config] bert-train-type-embeddings: true
[2019-03-28 16:13:06] [config] bert-type-vocab-size: 2
[2019-03-28 16:13:06] [config] best-deep: false
[2019-03-28 16:13:06] [config] clip-gemm: 0
[2019-03-28 16:13:06] [config] clip-norm: 5
[2019-03-28 16:13:06] [config] context-enc-depth: 1
[2019-03-28 16:13:06] [config] cost-type: ce-mean
[2019-03-28 16:13:06] [config] cpu-threads: 0
[2019-03-28 16:13:06] [config] data-weighting: ""
[2019-03-28 16:13:06] [config] data-weighting-type: sentence
[2019-03-28 16:13:06] [config] dec-cell: gru
[2019-03-28 16:13:06] [config] dec-cell-base-depth: 2
[2019-03-28 16:13:06] [config] dec-cell-high-depth: 1
[2019-03-28 16:13:06] [config] dec-depth: 6
[2019-03-28 16:13:06] [config] devices:
[2019-03-28 16:13:06] [config]   - 0
[2019-03-28 16:13:06] [config] dim-emb: 512
[2019-03-28 16:13:06] [config] dim-rnn: 1024
[2019-03-28 16:13:06] [config] dim-vocabs:
[2019-03-28 16:13:06] [config]   - 30000
[2019-03-28 16:13:06] [config]   - 30000
[2019-03-28 16:13:06] [config] disp-first: 0
[2019-03-28 16:13:06] [config] disp-freq: 500
[2019-03-28 16:13:06] [config] disp-label-counts: false
[2019-03-28 16:13:06] [config] dropout-rnn: 0
[2019-03-28 16:13:06] [config] dropout-src: 0
[2019-03-28 16:13:06] [config] dropout-trg: 0
[2019-03-28 16:13:06] [config] dump-config: ""
[2019-03-28 16:13:06] [config] early-stopping: 10
[2019-03-28 16:13:06] [config] embedding-fix-src: false
[2019-03-28 16:13:06] [config] embedding-fix-trg: false
[2019-03-28 16:13:06] [config] embedding-normalization: false
[2019-03-28 16:13:06] [config] embedding-vectors:
[2019-03-28 16:13:06] [config]   []
[2019-03-28 16:13:06] [config] enc-cell: gru
[2019-03-28 16:13:06] [config] enc-cell-depth: 1
[2019-03-28 16:13:06] [config] enc-depth: 6
[2019-03-28 16:13:06] [config] enc-type: bidirectional
[2019-03-28 16:13:06] [config] exponential-smoothing: 0.0001
[2019-03-28 16:13:06] [config] freeze: true
[2019-03-28 16:13:06] [config] grad-dropping-momentum: 0
[2019-03-28 16:13:06] [config] grad-dropping-rate: 0
[2019-03-28 16:13:06] [config] grad-dropping-warmup: 100
[2019-03-28 16:13:06] [config] guided-alignment: none
[2019-03-28 16:13:06] [config] guided-alignment-cost: mse
[2019-03-28 16:13:06] [config] guided-alignment-weight: 0.1
[2019-03-28 16:13:06] [config] hier-att: false
[2019-03-28 16:13:06] [config] ignore-model-config: false
[2019-03-28 16:13:06] [config] input-types:
[2019-03-28 16:13:06] [config]   []
[2019-03-28 16:13:06] [config] interpolate-env-vars: false
[2019-03-28 16:13:06] [config] keep-best: false
[2019-03-28 16:13:06] [config] label-smoothing: 0.1
[2019-03-28 16:13:06] [config] layer-normalization: false
[2019-03-28 16:13:06] [config] learn-rate: 0.0003
[2019-03-28 16:13:06] [config] log: model/train_trans.gate.log
[2019-03-28 16:13:06] [config] log-level: info
[2019-03-28 16:13:06] [config] log-time-zone: ""
[2019-03-28 16:13:06] [config] lr-decay: 0
[2019-03-28 16:13:06] [config] lr-decay-freq: 50000
[2019-03-28 16:13:06] [config] lr-decay-inv-sqrt:
[2019-03-28 16:13:06] [config]   - 16000
[2019-03-28 16:13:06] [config] lr-decay-repeat-warmup: false
[2019-03-28 16:13:06] [config] lr-decay-reset-optimizer: false
[2019-03-28 16:13:06] [config] lr-decay-start:
[2019-03-28 16:13:06] [config]   - 10
[2019-03-28 16:13:06] [config]   - 1
[2019-03-28 16:13:06] [config] lr-decay-strategy: epoch+stalled
[2019-03-28 16:13:06] [config] lr-report: true
[2019-03-28 16:13:06] [config] lr-warmup: 16000
[2019-03-28 16:13:06] [config] lr-warmup-at-reload: false
[2019-03-28 16:13:06] [config] lr-warmup-cycle: false
[2019-03-28 16:13:06] [config] lr-warmup-start-rate: 0
[2019-03-28 16:13:06] [config] max-length: 55
[2019-03-28 16:13:06] [config] max-length-crop: false
[2019-03-28 16:13:06] [config] max-length-factor: 3
[2019-03-28 16:13:06] [config] maxi-batch: 1000
[2019-03-28 16:13:06] [config] maxi-batch-sort: trg
[2019-03-28 16:13:06] [config] mini-batch: 1000
[2019-03-28 16:13:06] [config] mini-batch-fit: true
[2019-03-28 16:13:06] [config] mini-batch-fit-step: 10
[2019-03-28 16:13:06] [config] mini-batch-overstuff: 1
[2019-03-28 16:13:06] [config] mini-batch-track-lr: false
[2019-03-28 16:13:06] [config] mini-batch-understuff: 1
[2019-03-28 16:13:06] [config] mini-batch-warmup: 0
[2019-03-28 16:13:06] [config] mini-batch-words: 0
[2019-03-28 16:13:06] [config] mini-batch-words-ref: 0
[2019-03-28 16:13:06] [config] model: model/model.src1tgt0.docnew.enc_depth.pretrained.frozen.npz
[2019-03-28 16:13:06] [config] multi-loss-type: sum
[2019-03-28 16:13:06] [config] multi-node: false
[2019-03-28 16:13:06] [config] multi-node-overlap: true
[2019-03-28 16:13:06] [config] n-best: false
[2019-03-28 16:13:06] [config] no-nccl: true
[2019-03-28 16:13:06] [config] no-reload: false
[2019-03-28 16:13:06] [config] no-restore-corpus: true
[2019-03-28 16:13:06] [config] no-shuffle: false
[2019-03-28 16:13:06] [config] normalize: 0.6
[2019-03-28 16:13:06] [config] num-devices: 0
[2019-03-28 16:13:06] [config] optimizer: adam
[2019-03-28 16:13:06] [config] optimizer-delay: 4
[2019-03-28 16:13:06] [config] optimizer-params:
[2019-03-28 16:13:06] [config]   - 0.9
[2019-03-28 16:13:06] [config]   - 0.98
[2019-03-28 16:13:06] [config]   - 1e-09
[2019-03-28 16:13:06] [config] overwrite: false
[2019-03-28 16:13:06] [config] pretrained-model: ../src0tgt0/model/model.src0tgt0_to_tgt0.newbase.160.npz.best-perplexity.npz
[2019-03-28 16:13:06] [config] quiet: false
[2019-03-28 16:13:06] [config] quiet-translation: true
[2019-03-28 16:13:06] [config] relative-paths: false
[2019-03-28 16:13:06] [config] right-left: false
[2019-03-28 16:13:06] [config] save-freq: 5000
[2019-03-28 16:13:06] [config] seed: 1111
[2019-03-28 16:13:06] [config] shuffle-in-ram: false
[2019-03-28 16:13:06] [config] skip: false
[2019-03-28 16:13:06] [config] sqlite: ""
[2019-03-28 16:13:06] [config] sqlite-drop: false
[2019-03-28 16:13:06] [config] sync-sgd: true
[2019-03-28 16:13:06] [config] tempdir: /tmp
[2019-03-28 16:13:06] [config] tied-embeddings: false
[2019-03-28 16:13:06] [config] tied-embeddings-all: true
[2019-03-28 16:13:06] [config] tied-embeddings-src: false
[2019-03-28 16:13:06] [config] train-sets:
[2019-03-28 16:13:06] [config]   - corp/europarl.cs-en.docs.train.en.bpe.src_prev
[2019-03-28 16:13:06] [config]   - corp/europarl.cs-en.docs.train.en.bpe.src
[2019-03-28 16:13:06] [config]   - corp/europarl.cs-en.docs.train.cz.bpe
[2019-03-28 16:13:06] [config] transformer-aan-activation: swish
[2019-03-28 16:13:06] [config] transformer-aan-depth: 2
[2019-03-28 16:13:06] [config] transformer-aan-nogate: false
[2019-03-28 16:13:06] [config] transformer-decoder-autoreg: self-attention
[2019-03-28 16:13:06] [config] transformer-dim-aan: 2048
[2019-03-28 16:13:06] [config] transformer-dim-ffn: 2048
[2019-03-28 16:13:06] [config] transformer-dropout: 0.1
[2019-03-28 16:13:06] [config] transformer-dropout-attention: 0
[2019-03-28 16:13:06] [config] transformer-dropout-ffn: 0
[2019-03-28 16:13:06] [config] transformer-ffn-activation: swish
[2019-03-28 16:13:06] [config] transformer-ffn-depth: 2
[2019-03-28 16:13:06] [config] transformer-guided-alignment-layer: last
[2019-03-28 16:13:06] [config] transformer-heads: 8
[2019-03-28 16:13:06] [config] transformer-no-projection: false
[2019-03-28 16:13:06] [config] transformer-postprocess: dan
[2019-03-28 16:13:06] [config] transformer-postprocess-emb: d
[2019-03-28 16:13:06] [config] transformer-preprocess: ""
[2019-03-28 16:13:06] [config] transformer-tied-layers:
[2019-03-28 16:13:06] [config]   []
[2019-03-28 16:13:06] [config] transformer-train-position-embeddings: false
[2019-03-28 16:13:06] [config] type: transformer-context
[2019-03-28 16:13:06] [config] ulr: false
[2019-03-28 16:13:06] [config] ulr-dim-emb: 0
[2019-03-28 16:13:06] [config] ulr-dropout: 0
[2019-03-28 16:13:06] [config] ulr-keys-vectors: ""
[2019-03-28 16:13:06] [config] ulr-query-vectors: ""
[2019-03-28 16:13:06] [config] ulr-softmax-temperature: 1
[2019-03-28 16:13:06] [config] ulr-trainable-transformation: false
[2019-03-28 16:13:06] [config] valid-freq: 5000
[2019-03-28 16:13:06] [config] valid-log: model/valid_trans.gate.log
[2019-03-28 16:13:06] [config] valid-max-length: 1000
[2019-03-28 16:13:06] [config] valid-metrics:
[2019-03-28 16:13:06] [config]   - cross-entropy
[2019-03-28 16:13:06] [config]   - perplexity
[2019-03-28 16:13:06] [config]   - translation
[2019-03-28 16:13:06] [config] valid-mini-batch: 16
[2019-03-28 16:13:06] [config] valid-script-path: ./val.sh
[2019-03-28 16:13:06] [config] valid-sets:
[2019-03-28 16:13:06] [config]   - corp/europarl.cs-en.docs.dev.en.bpe.src_prev
[2019-03-28 16:13:06] [config]   - corp/europarl.cs-en.docs.dev.en.bpe.src
[2019-03-28 16:13:06] [config]   - corp/europarl.cs-en.docs.dev.cz.bpe
[2019-03-28 16:13:06] [config] valid-translation-output: data/valid.bpe.en.output
[2019-03-28 16:13:06] [config] vocabs:
[2019-03-28 16:13:06] [config]   - corp/vocab.encz.opensub.new.yml
[2019-03-28 16:13:06] [config]   - corp/vocab.encz.opensub.new.yml
[2019-03-28 16:13:06] [config]   - corp/vocab.encz.opensub.new.yml
[2019-03-28 16:13:06] [config] word-penalty: 0
[2019-03-28 16:13:06] [config] workspace: 8000
[2019-03-28 16:13:06] [config] Model is being created with Marian v1.7.8 3c5b881 2019-03-28 16:08:24 +0100
[2019-03-28 16:13:06] Using synchronous training
[2019-03-28 16:13:06] [data] Loading vocabulary from JSON/Yaml file corp/vocab.encz.opensub.new.yml
[2019-03-28 16:13:06] [data] Setting vocabulary size for input 0 to 30000
[2019-03-28 16:13:06] [data] Loading vocabulary from JSON/Yaml file corp/vocab.encz.opensub.new.yml
[2019-03-28 16:13:06] [data] Setting vocabulary size for input 1 to 30000
[2019-03-28 16:13:06] [data] Loading vocabulary from JSON/Yaml file corp/vocab.encz.opensub.new.yml
[2019-03-28 16:13:06] [data] Setting vocabulary size for input 2 to 30000
[2019-03-28 16:13:06] Compiled without MPI support. Falling back to FakeMPIWrapper
[2019-03-28 16:13:06] [batching] Collecting statistics for batch fitting with step size 10
[2019-03-28 16:13:07] [memory] Extending reserved space to 8064 MB (device gpu0)
[2019-03-28 16:13:07] [comm] NCCL communicator overridden
[2019-03-28 16:13:07] [training] Using 1 GPUs
[2019-03-28 16:13:07] [memory] Reserving 311 MB, device gpu0
[2019-03-28 16:13:07] [gpu] 16-bit TensorCores enabled for float32 matrix operations
[2019-03-28 16:13:07] [memory] Reserving 311 MB, device gpu0
[2019-03-28 16:13:12] [batching] Done. Typical MB size is 16560 target words
[2019-03-28 16:13:12] [memory] Extending reserved space to 8064 MB (device gpu0)
[2019-03-28 16:13:12] [comm] NCCL communicator overridden
[2019-03-28 16:13:12] [training] Using 1 GPUs
[2019-03-28 16:13:12] [training] Initializing model weights with the pre-trained model ../src0tgt0/model/model.src0tgt0_to_tgt0.newbase.160.npz.best-perplexity.npz
[2019-03-28 16:13:12] Loading model from ../src0tgt0/model/model.src0tgt0_to_tgt0.newbase.160.npz.best-perplexity.npz
[2019-03-28 16:13:13] Training started
[2019-03-28 16:13:13] [data] Shuffling data
[2019-03-28 16:13:13] [data] Done reading 620637 sentences
[2019-03-28 16:13:15] [data] Done shuffling 620637 sentences to temp files
[2019-03-28 16:13:35] [training] Batches are processed as 1 process(es) x 1 devices/process
[2019-03-28 16:13:35] [memory] Reserving 383 MB, device gpu0
[2019-03-28 16:13:35] [memory] Reserving 383 MB, device gpu0
[2019-03-28 16:13:35] [memory] Reserving 383 MB, device gpu0
[2019-03-28 16:13:36] [memory] Reserving 383 MB, device gpu0
[2019-03-28 16:13:36] [memory] Reserving 766 MB, device gpu0
[2019-03-28 16:18:18] Ep. 1 : Up. 500 : Sen. 155,907 : Cost 257.90780640 : Time 311.16s : 13518.43 words/s : L.r. 9.3750e-06
[2019-03-28 16:23:01] Ep. 1 : Up. 1000 : Sen. 317,925 : Cost 211.29269409 : Time 282.97s : 14804.86 words/s : L.r. 1.8750e-05
[2019-03-28 16:27:49] Ep. 1 : Up. 1500 : Sen. 480,124 : Cost 210.59411621 : Time 288.77s : 14813.22 words/s : L.r. 2.8125e-05
[2019-03-28 16:28:55] Seen 515211 samples
[2019-03-28 16:28:55] Starting epoch 2
[2019-03-28 16:28:55] [data] Shuffling data
[2019-03-28 16:28:56] [data] Done reading 620637 sentences
[2019-03-28 16:28:58] [data] Done shuffling 620637 sentences to temp files
[2019-03-28 16:33:05] Ep. 2 : Up. 2000 : Sen. 121,985 : Cost 220.31855774 : Time 315.68s : 13807.81 words/s : L.r. 3.7500e-05
[2019-03-28 16:37:50] Ep. 2 : Up. 2500 : Sen. 280,766 : Cost 207.63706970 : Time 284.59s : 14687.87 words/s : L.r. 4.6875e-05
[2019-03-28 16:42:33] Ep. 2 : Up. 3000 : Sen. 443,160 : Cost 201.69851685 : Time 283.76s : 14724.48 words/s : L.r. 5.6250e-05
[2019-03-28 16:44:43] Seen 515211 samples
[2019-03-28 16:44:43] Starting epoch 3
[2019-03-28 16:44:43] [data] Shuffling data
[2019-03-28 16:44:43] [data] Done reading 620637 sentences
[2019-03-28 16:44:45] [data] Done shuffling 620637 sentences to temp files
[2019-03-28 16:47:42] Ep. 3 : Up. 3500 : Sen. 87,574 : Cost 205.64144897 : Time 308.47s : 13617.05 words/s : L.r. 6.5625e-05
[2019-03-28 16:52:30] Ep. 3 : Up. 4000 : Sen. 248,108 : Cost 206.73425293 : Time 288.61s : 14777.06 words/s : L.r. 7.5000e-05
[2019-03-28 16:57:17] Ep. 3 : Up. 4500 : Sen. 406,525 : Cost 206.84432983 : Time 286.60s : 14712.60 words/s : L.r. 8.4375e-05
[2019-03-28 17:00:31] Seen 515211 samples
[2019-03-28 17:00:31] Starting epoch 4
[2019-03-28 17:00:31] [data] Shuffling data
[2019-03-28 17:00:31] [data] Done reading 620637 sentences
[2019-03-28 17:00:33] [data] Done shuffling 620637 sentences to temp files
[2019-03-28 17:02:29] Ep. 4 : Up. 5000 : Sen. 52,609 : Cost 205.35099792 : Time 312.36s : 13687.39 words/s : L.r. 9.3750e-05
[2019-03-28 17:02:29] Saving model weights and runtime parameters to model/model.src1tgt0.docnew.enc_depth.pretrained.frozen.npz.orig.npz
[2019-03-28 17:02:35] Saving model weights and runtime parameters to model/model.src1tgt0.docnew.enc_depth.pretrained.frozen.iter5000.npz
[2019-03-28 17:02:40] Saving model weights and runtime parameters to model/model.src1tgt0.docnew.enc_depth.pretrained.frozen.npz
[2019-03-28 17:02:45] Saving Adam parameters to model/model.src1tgt0.docnew.enc_depth.pretrained.frozen.npz.optimizer.npz
[2019-03-28 17:03:05] [valid] Ep. 4 : Up. 5000 : cross-entropy : 225.194 : new best
[2019-03-28 17:03:14] [valid] Ep. 4 : Up. 5000 : perplexity : 1443.2 : new best
Detokenizer Version $Revision: 4134 $
Language: en
[2019-03-28 17:22:36] [valid] Ep. 4 : Up. 5000 : translation : 0 : new best
[2019-03-28 17:27:22] Ep. 4 : Up. 5500 : Sen. 214,825 : Cost 201.01950073 : Time 1492.52s : 2827.56 words/s : L.r. 1.0313e-04
[2019-03-28 17:32:12] Ep. 4 : Up. 6000 : Sen. 371,384 : Cost 212.51144409 : Time 289.98s : 14838.59 words/s : L.r. 1.1250e-04
[2019-03-28 17:36:26] Seen 515211 samples
[2019-03-28 17:36:26] Starting epoch 5
[2019-03-28 17:36:26] [data] Shuffling data
[2019-03-28 17:36:26] [data] Done reading 620637 sentences
[2019-03-28 17:36:29] [data] Done shuffling 620637 sentences to temp files
[2019-03-28 17:37:20] Ep. 5 : Up. 6500 : Sen. 16,341 : Cost 199.80360413 : Time 307.65s : 13504.46 words/s : L.r. 1.2188e-04
[2019-03-28 17:42:08] Ep. 5 : Up. 7000 : Sen. 176,898 : Cost 203.81437683 : Time 288.16s : 14756.47 words/s : L.r. 1.3125e-04
[2019-03-28 17:46:51] Ep. 5 : Up. 7500 : Sen. 336,096 : Cost 199.70550537 : Time 282.86s : 14621.77 words/s : L.r. 1.4063e-04
[2019-03-28 17:51:41] Ep. 5 : Up. 8000 : Sen. 496,074 : Cost 206.12391663 : Time 290.17s : 14780.03 words/s : L.r. 1.5000e-04
[2019-03-28 17:52:16] Seen 515211 samples
[2019-03-28 17:52:16] Starting epoch 6
[2019-03-28 17:52:16] [data] Shuffling data
[2019-03-28 17:52:16] [data] Done reading 620637 sentences
[2019-03-28 17:52:18] [data] Done shuffling 620637 sentences to temp files
[2019-03-28 17:56:54] Ep. 6 : Up. 8500 : Sen. 142,581 : Cost 202.15228271 : Time 313.05s : 13613.24 words/s : L.r. 1.5938e-04
[2019-03-28 18:01:36] Ep. 6 : Up. 9000 : Sen. 298,121 : Cost 203.37684631 : Time 282.03s : 14624.87 words/s : L.r. 1.6875e-04
[2019-03-28 18:06:26] Ep. 6 : Up. 9500 : Sen. 459,322 : Cost 203.59776306 : Time 289.83s : 14778.50 words/s : L.r. 1.7813e-04
[2019-03-28 18:08:06] Seen 515211 samples
[2019-03-28 18:08:06] Starting epoch 7
[2019-03-28 18:08:06] [data] Shuffling data
[2019-03-28 18:08:06] [data] Done reading 620637 sentences
[2019-03-28 18:08:09] [data] Done shuffling 620637 sentences to temp files
[2019-03-28 18:11:44] Ep. 7 : Up. 10000 : Sen. 103,283 : Cost 211.83441162 : Time 317.85s : 13838.29 words/s : L.r. 1.8750e-04
[2019-03-28 18:11:44] Saving model weights and runtime parameters to model/model.src1tgt0.docnew.enc_depth.pretrained.frozen.npz.orig.npz
[2019-03-28 18:11:49] Saving model weights and runtime parameters to model/model.src1tgt0.docnew.enc_depth.pretrained.frozen.iter10000.npz
[2019-03-28 18:11:54] Saving model weights and runtime parameters to model/model.src1tgt0.docnew.enc_depth.pretrained.frozen.npz
[2019-03-28 18:12:00] Saving Adam parameters to model/model.src1tgt0.docnew.enc_depth.pretrained.frozen.npz.optimizer.npz
[2019-03-28 18:12:20] [valid] Ep. 7 : Up. 10000 : cross-entropy : 220.265 : new best
[2019-03-28 18:12:29] [valid] Ep. 7 : Up. 10000 : perplexity : 1230.8 : new best
Detokenizer Version $Revision: 4134 $
Language: en
[2019-03-28 18:31:00] [valid] Ep. 7 : Up. 10000 : translation : 0.1 : new best
[2019-03-28 18:35:45] Ep. 7 : Up. 10500 : Sen. 260,941 : Cost 204.20307922 : Time 1441.68s : 2918.01 words/s : L.r. 1.9688e-04
[2019-03-28 18:40:27] Ep. 7 : Up. 11000 : Sen. 421,936 : Cost 194.97277832 : Time 281.51s : 14595.66 words/s : L.r. 2.0625e-04
[2019-03-28 18:43:12] Seen 515211 samples
[2019-03-28 18:43:12] Starting epoch 8
[2019-03-28 18:43:12] [data] Shuffling data
[2019-03-28 18:43:12] [data] Done reading 620637 sentences
[2019-03-28 18:43:14] [data] Done shuffling 620637 sentences to temp files
[2019-03-28 18:45:40] Ep. 8 : Up. 11500 : Sen. 68,088 : Cost 202.22760010 : Time 313.14s : 13628.99 words/s : L.r. 2.1563e-04
[2019-03-28 18:50:25] Ep. 8 : Up. 12000 : Sen. 231,079 : Cost 196.20599365 : Time 285.35s : 14693.89 words/s : L.r. 2.2500e-04
[2019-03-28 18:55:13] Ep. 8 : Up. 12500 : Sen. 390,056 : Cost 202.93556213 : Time 287.70s : 14685.05 words/s : L.r. 2.3438e-04
[2019-03-28 18:59:02] Seen 515211 samples
[2019-03-28 18:59:02] Starting epoch 9
[2019-03-28 18:59:02] [data] Shuffling data
[2019-03-28 18:59:02] [data] Done reading 620637 sentences
[2019-03-28 18:59:05] [data] Done shuffling 620637 sentences to temp files
[2019-03-28 19:00:26] Ep. 9 : Up. 13000 : Sen. 33,152 : Cost 207.24497986 : Time 313.50s : 13694.28 words/s : L.r. 2.4375e-04
[2019-03-28 19:05:11] Ep. 9 : Up. 13500 : Sen. 190,056 : Cost 202.93206787 : Time 284.42s : 14670.53 words/s : L.r. 2.5313e-04
[2019-03-28 19:10:01] Ep. 9 : Up. 14000 : Sen. 351,171 : Cost 203.09039307 : Time 290.62s : 14754.26 words/s : L.r. 2.6250e-04
[2019-03-28 19:14:48] Ep. 9 : Up. 14500 : Sen. 512,362 : Cost 199.17604065 : Time 286.48s : 14694.46 words/s : L.r. 2.7188e-04
[2019-03-28 19:14:53] Seen 515211 samples
[2019-03-28 19:14:53] Starting epoch 10
[2019-03-28 19:14:53] [data] Shuffling data
[2019-03-28 19:14:53] [data] Done reading 620637 sentences
[2019-03-28 19:14:55] [data] Done shuffling 620637 sentences to temp files
[2019-03-28 19:19:56] Ep. 10 : Up. 15000 : Sen. 157,856 : Cost 198.92054749 : Time 308.51s : 13601.21 words/s : L.r. 2.8125e-04
[2019-03-28 19:19:56] Saving model weights and runtime parameters to model/model.src1tgt0.docnew.enc_depth.pretrained.frozen.npz.orig.npz
[2019-03-28 19:20:02] Saving model weights and runtime parameters to model/model.src1tgt0.docnew.enc_depth.pretrained.frozen.iter15000.npz
[2019-03-28 19:20:07] Saving model weights and runtime parameters to model/model.src1tgt0.docnew.enc_depth.pretrained.frozen.npz
[2019-03-28 19:20:12] Saving Adam parameters to model/model.src1tgt0.docnew.enc_depth.pretrained.frozen.npz.optimizer.npz
[2019-03-28 19:20:33] [valid] Ep. 10 : Up. 15000 : cross-entropy : 218.451 : new best
[2019-03-28 19:20:42] [valid] Ep. 10 : Up. 15000 : perplexity : 1160.73 : new best
Detokenizer Version $Revision: 4134 $
Language: en
sacreBLEU: The input and reference stream(s) were of different lengths.

[2019-03-28 19:38:46] [valid] Ep. 10 : Up. 15000 : translation : 0 : stalled 1 times (last best: 0.1)
[2019-03-28 19:43:36] Ep. 10 : Up. 15500 : Sen. 319,859 : Cost 201.73429871 : Time 1419.79s : 3018.16 words/s : L.r. 2.9063e-04
[2019-03-28 19:48:24] Ep. 10 : Up. 16000 : Sen. 478,186 : Cost 204.72950745 : Time 287.71s : 14756.40 words/s : L.r. 3.0000e-04
[2019-03-28 19:49:31] Seen 515211 samples
[2019-03-28 19:49:31] Starting epoch 11
[2019-03-28 19:49:31] [data] Shuffling data
[2019-03-28 19:49:31] [data] Done reading 620637 sentences
[2019-03-28 19:49:34] [data] Done shuffling 620637 sentences to temp files
[2019-03-28 19:53:33] Ep. 11 : Up. 16500 : Sen. 120,687 : Cost 204.54103088 : Time 309.26s : 13667.45 words/s : L.r. 2.9542e-04
[2019-03-28 19:58:24] Ep. 11 : Up. 17000 : Sen. 285,296 : Cost 198.97084045 : Time 291.18s : 14761.86 words/s : L.r. 2.9104e-04
[2019-03-28 20:03:12] Ep. 11 : Up. 17500 : Sen. 443,033 : Cost 204.62045288 : Time 287.95s : 14694.25 words/s : L.r. 2.8685e-04
[2019-03-28 20:05:22] Seen 515211 samples
[2019-03-28 20:05:22] Starting epoch 12
[2019-03-28 20:05:22] [data] Shuffling data
[2019-03-28 20:05:22] [data] Done reading 620637 sentences
[2019-03-28 20:05:24] [data] Done shuffling 620637 sentences to temp files
[2019-03-28 20:08:17] Ep. 12 : Up. 18000 : Sen. 82,658 : Cost 202.29243469 : Time 304.59s : 13484.42 words/s : L.r. 2.8284e-04
[2019-03-28 20:13:08] Ep. 12 : Up. 18500 : Sen. 244,759 : Cost 200.14183044 : Time 290.66s : 14640.88 words/s : L.r. 2.7899e-04
[2019-03-28 20:17:56] Ep. 12 : Up. 19000 : Sen. 404,435 : Cost 203.65518188 : Time 288.21s : 14800.12 words/s : L.r. 2.7530e-04
[2019-03-28 20:21:13] Seen 515211 samples
[2019-03-28 20:21:13] Starting epoch 13
[2019-03-28 20:21:13] [data] Shuffling data
[2019-03-28 20:21:13] [data] Done reading 620637 sentences
[2019-03-28 20:21:15] [data] Done shuffling 620637 sentences to temp files
[2019-03-28 20:23:04] Ep. 13 : Up. 19500 : Sen. 51,254 : Cost 197.00196838 : Time 308.63s : 13575.67 words/s : L.r. 2.7175e-04
[2019-03-28 20:27:50] Ep. 13 : Up. 20000 : Sen. 212,594 : Cost 198.30142212 : Time 285.49s : 14708.55 words/s : L.r. 2.6833e-04
[2019-03-28 20:27:50] Saving model weights and runtime parameters to model/model.src1tgt0.docnew.enc_depth.pretrained.frozen.npz.orig.npz
[2019-03-28 20:27:55] Saving model weights and runtime parameters to model/model.src1tgt0.docnew.enc_depth.pretrained.frozen.iter20000.npz
[2019-03-28 20:28:00] Saving model weights and runtime parameters to model/model.src1tgt0.docnew.enc_depth.pretrained.frozen.npz
[2019-03-28 20:28:06] Saving Adam parameters to model/model.src1tgt0.docnew.enc_depth.pretrained.frozen.npz.optimizer.npz
[2019-03-28 20:28:26] [valid] Ep. 13 : Up. 20000 : cross-entropy : 218.113 : new best
[2019-03-28 20:28:35] [valid] Ep. 13 : Up. 20000 : perplexity : 1148.14 : new best
Detokenizer Version $Revision: 4134 $
Language: en
[2019-03-28 20:40:00] [valid] Ep. 13 : Up. 20000 : translation : 0.3 : new best
[2019-03-28 20:44:49] Ep. 13 : Up. 20500 : Sen. 372,566 : Cost 202.85842896 : Time 1019.29s : 4173.31 words/s : L.r. 2.6504e-04
[2019-03-28 20:49:12] Seen 515211 samples
[2019-03-28 20:49:12] Starting epoch 14
[2019-03-28 20:49:12] [data] Shuffling data
[2019-03-28 20:49:12] [data] Done reading 620637 sentences
[2019-03-28 20:49:14] [data] Done shuffling 620637 sentences to temp files
[2019-03-28 20:50:01] Ep. 14 : Up. 21000 : Sen. 14,573 : Cost 208.35261536 : Time 312.02s : 13748.09 words/s : L.r. 2.6186e-04
[2019-03-28 20:54:52] Ep. 14 : Up. 21500 : Sen. 178,080 : Cost 200.44125366 : Time 291.12s : 14768.82 words/s : L.r. 2.5880e-04
[2019-03-28 20:59:38] Ep. 14 : Up. 22000 : Sen. 335,530 : Cost 203.64604187 : Time 286.10s : 14694.13 words/s : L.r. 2.5584e-04
[2019-03-28 21:04:25] Ep. 14 : Up. 22500 : Sen. 494,926 : Cost 200.29185486 : Time 286.31s : 14626.88 words/s : L.r. 2.5298e-04
[2019-03-28 21:05:03] Seen 515211 samples
[2019-03-28 21:05:03] Starting epoch 15
[2019-03-28 21:05:03] [data] Shuffling data
[2019-03-28 21:05:03] [data] Done reading 620637 sentences
[2019-03-28 21:05:05] [data] Done shuffling 620637 sentences to temp files
[2019-03-28 21:09:38] Ep. 15 : Up. 23000 : Sen. 138,248 : Cost 206.88043213 : Time 313.72s : 13703.18 words/s : L.r. 2.5022e-04
[2019-03-28 21:14:26] Ep. 15 : Up. 23500 : Sen. 300,826 : Cost 197.09463501 : Time 287.36s : 14634.18 words/s : L.r. 2.4754e-04
[2019-03-28 21:19:09] Ep. 15 : Up. 24000 : Sen. 458,064 : Cost 201.90516663 : Time 283.57s : 14680.32 words/s : L.r. 2.4495e-04
[2019-03-28 21:20:54] Seen 515211 samples
[2019-03-28 21:20:54] Starting epoch 16
[2019-03-28 21:20:54] [data] Shuffling data
[2019-03-28 21:20:54] [data] Done reading 620637 sentences
[2019-03-28 21:20:57] [data] Done shuffling 620637 sentences to temp files
[2019-03-28 21:24:17] Ep. 16 : Up. 24500 : Sen. 103,391 : Cost 195.95643616 : Time 307.44s : 13438.66 words/s : L.r. 2.4244e-04
[2019-03-28 21:29:04] Ep. 16 : Up. 25000 : Sen. 260,806 : Cost 206.69891357 : Time 287.26s : 14844.54 words/s : L.r. 2.4000e-04
[2019-03-28 21:29:04] Saving model weights and runtime parameters to model/model.src1tgt0.docnew.enc_depth.pretrained.frozen.npz.orig.npz
[2019-03-28 21:29:10] Saving model weights and runtime parameters to model/model.src1tgt0.docnew.enc_depth.pretrained.frozen.iter25000.npz
[2019-03-28 21:29:15] Saving model weights and runtime parameters to model/model.src1tgt0.docnew.enc_depth.pretrained.frozen.npz
[2019-03-28 21:29:21] Saving Adam parameters to model/model.src1tgt0.docnew.enc_depth.pretrained.frozen.npz.optimizer.npz
[2019-03-28 21:29:41] [valid] Ep. 16 : Up. 25000 : cross-entropy : 218.01 : new best
[2019-03-28 21:29:50] [valid] Ep. 16 : Up. 25000 : perplexity : 1144.33 : new best
Detokenizer Version $Revision: 4134 $
Language: en
[2019-03-28 21:39:15] [valid] Ep. 16 : Up. 25000 : translation : 0.3 : stalled 1 times (last best: 0.3)
[2019-03-28 21:44:07] Ep. 16 : Up. 25500 : Sen. 420,933 : Cost 206.09735107 : Time 903.32s : 4784.67 words/s : L.r. 2.3764e-04
[2019-03-28 21:46:54] Seen 515211 samples
[2019-03-28 21:46:54] Starting epoch 17
[2019-03-28 21:46:54] [data] Shuffling data
[2019-03-28 21:46:55] [data] Done reading 620637 sentences
[2019-03-28 21:46:57] [data] Done shuffling 620637 sentences to temp files
[2019-03-28 21:49:17] Ep. 17 : Up. 26000 : Sen. 70,543 : Cost 195.16094971 : Time 310.01s : 13623.51 words/s : L.r. 2.3534e-04
[2019-03-28 21:54:07] Ep. 17 : Up. 26500 : Sen. 227,595 : Cost 209.05256653 : Time 289.98s : 14833.34 words/s : L.r. 2.3311e-04
[2019-03-28 21:58:57] Ep. 17 : Up. 27000 : Sen. 387,928 : Cost 202.17234802 : Time 289.61s : 14667.69 words/s : L.r. 2.3094e-04
[2019-03-28 22:02:46] Seen 515211 samples
[2019-03-28 22:02:46] Starting epoch 18
[2019-03-28 22:02:46] [data] Shuffling data
[2019-03-28 22:02:46] [data] Done reading 620637 sentences
[2019-03-28 22:02:48] [data] Done shuffling 620637 sentences to temp files
[2019-03-28 22:04:05] Ep. 18 : Up. 27500 : Sen. 31,286 : Cost 200.77153015 : Time 307.58s : 13575.44 words/s : L.r. 2.2883e-04
[2019-03-28 22:08:49] Ep. 18 : Up. 28000 : Sen. 190,271 : Cost 199.26208496 : Time 284.29s : 14615.94 words/s : L.r. 2.2678e-04
[2019-03-28 22:13:35] Ep. 18 : Up. 28500 : Sen. 349,700 : Cost 199.48661804 : Time 285.96s : 14578.88 words/s : L.r. 2.2478e-04
[2019-03-28 22:18:27] Ep. 18 : Up. 29000 : Sen. 509,927 : Cost 206.64178467 : Time 292.46s : 14806.59 words/s : L.r. 2.2283e-04
[2019-03-28 22:18:37] Seen 515211 samples
[2019-03-28 22:18:37] Starting epoch 19
[2019-03-28 22:18:37] [data] Shuffling data
[2019-03-28 22:18:37] [data] Done reading 620637 sentences
[2019-03-28 22:18:40] [data] Done shuffling 620637 sentences to temp files
[2019-03-28 22:23:37] Ep. 19 : Up. 29500 : Sen. 155,040 : Cost 201.37074280 : Time 309.97s : 13644.98 words/s : L.r. 2.2094e-04
[2019-03-28 22:28:23] Ep. 19 : Up. 30000 : Sen. 317,737 : Cost 195.06546021 : Time 285.26s : 14584.01 words/s : L.r. 2.1909e-04
[2019-03-28 22:28:23] Saving model weights and runtime parameters to model/model.src1tgt0.docnew.enc_depth.pretrained.frozen.npz.orig.npz
[2019-03-28 22:28:28] Saving model weights and runtime parameters to model/model.src1tgt0.docnew.enc_depth.pretrained.frozen.iter30000.npz
[2019-03-28 22:28:33] Saving model weights and runtime parameters to model/model.src1tgt0.docnew.enc_depth.pretrained.frozen.npz
[2019-03-28 22:28:38] Saving Adam parameters to model/model.src1tgt0.docnew.enc_depth.pretrained.frozen.npz.optimizer.npz
[2019-03-28 22:28:58] [valid] Ep. 19 : Up. 30000 : cross-entropy : 218.423 : stalled 1 times (last best: 218.01)
[2019-03-28 22:29:08] [valid] Ep. 19 : Up. 30000 : perplexity : 1159.67 : stalled 1 times (last best: 1144.33)
Detokenizer Version $Revision: 4134 $
Language: en
[2019-03-28 22:35:16] [valid] Ep. 19 : Up. 30000 : translation : 0.2 : stalled 2 times (last best: 0.3)
[2019-03-28 22:40:07] Ep. 19 : Up. 30500 : Sen. 474,668 : Cost 211.19563293 : Time 704.94s : 6143.82 words/s : L.r. 2.1729e-04
[2019-03-28 22:41:20] Seen 515211 samples
[2019-03-28 22:41:20] Starting epoch 20
[2019-03-28 22:41:20] [data] Shuffling data
[2019-03-28 22:41:20] [data] Done reading 620637 sentences
[2019-03-28 22:41:23] [data] Done shuffling 620637 sentences to temp files
[2019-03-28 22:45:11] Ep. 20 : Up. 31000 : Sen. 116,296 : Cost 200.88145447 : Time 304.02s : 13575.68 words/s : L.r. 2.1553e-04
[2019-03-28 22:50:01] Ep. 20 : Up. 31500 : Sen. 278,396 : Cost 201.71984863 : Time 289.31s : 14785.43 words/s : L.r. 2.1381e-04
[2019-03-28 22:54:50] Ep. 20 : Up. 32000 : Sen. 437,879 : Cost 204.38819885 : Time 289.60s : 14716.10 words/s : L.r. 2.1213e-04
[2019-03-28 22:57:11] Seen 515211 samples
[2019-03-28 22:57:11] Starting epoch 21
[2019-03-28 22:57:11] [data] Shuffling data
[2019-03-28 22:57:11] [data] Done reading 620637 sentences
[2019-03-28 22:57:13] [data] Done shuffling 620637 sentences to temp files
[2019-03-28 23:00:03] Ep. 21 : Up. 32500 : Sen. 83,631 : Cost 200.98094177 : Time 312.49s : 13545.28 words/s : L.r. 2.1049e-04
[2019-03-28 23:04:50] Ep. 21 : Up. 33000 : Sen. 241,349 : Cost 203.83085632 : Time 287.01s : 14647.57 words/s : L.r. 2.0889e-04
[2019-03-28 23:09:42] Ep. 21 : Up. 33500 : Sen. 402,457 : Cost 204.58703613 : Time 291.78s : 14761.87 words/s : L.r. 2.0733e-04
[2019-03-28 23:13:02] Seen 515211 samples
[2019-03-28 23:13:02] Starting epoch 22
[2019-03-28 23:13:02] [data] Shuffling data
[2019-03-28 23:13:02] [data] Done reading 620637 sentences
[2019-03-28 23:13:05] [data] Done shuffling 620637 sentences to temp files
[2019-03-28 23:14:52] Ep. 22 : Up. 34000 : Sen. 48,492 : Cost 200.80303955 : Time 310.20s : 13663.07 words/s : L.r. 2.0580e-04
[2019-03-28 23:19:40] Ep. 22 : Up. 34500 : Sen. 207,565 : Cost 205.12007141 : Time 288.41s : 14794.32 words/s : L.r. 2.0430e-04
[2019-03-28 23:24:25] Ep. 22 : Up. 35000 : Sen. 365,678 : Cost 201.51013184 : Time 284.54s : 14647.60 words/s : L.r. 2.0284e-04
[2019-03-28 23:24:25] Saving model weights and runtime parameters to model/model.src1tgt0.docnew.enc_depth.pretrained.frozen.npz.orig.npz
[2019-03-28 23:24:30] Saving model weights and runtime parameters to model/model.src1tgt0.docnew.enc_depth.pretrained.frozen.iter35000.npz
[2019-03-28 23:24:35] Saving model weights and runtime parameters to model/model.src1tgt0.docnew.enc_depth.pretrained.frozen.npz
[2019-03-28 23:24:41] Saving Adam parameters to model/model.src1tgt0.docnew.enc_depth.pretrained.frozen.npz.optimizer.npz
[2019-03-28 23:25:01] [valid] Ep. 22 : Up. 35000 : cross-entropy : 219.127 : stalled 2 times (last best: 218.01)
[2019-03-28 23:25:10] [valid] Ep. 22 : Up. 35000 : perplexity : 1186.34 : stalled 2 times (last best: 1144.33)
Detokenizer Version $Revision: 4134 $
Language: en
[2019-03-28 23:32:08] [valid] Ep. 22 : Up. 35000 : translation : 0.1 : stalled 3 times (last best: 0.3)
[2019-03-28 23:36:34] Seen 515211 samples
[2019-03-28 23:36:34] Starting epoch 23
[2019-03-28 23:36:34] [data] Shuffling data
[2019-03-28 23:36:35] [data] Done reading 620637 sentences
[2019-03-28 23:36:37] [data] Done shuffling 620637 sentences to temp files
[2019-03-28 23:37:19] Ep. 23 : Up. 35500 : Sen. 10,137 : Cost 203.19494629 : Time 773.93s : 5478.27 words/s : L.r. 2.0140e-04
[2019-03-28 23:42:04] Ep. 23 : Up. 36000 : Sen. 170,431 : Cost 199.64468384 : Time 285.46s : 14666.20 words/s : L.r. 2.0000e-04
[2019-03-28 23:46:55] Ep. 23 : Up. 36500 : Sen. 331,176 : Cost 203.31900024 : Time 290.63s : 14699.39 words/s : L.r. 1.9863e-04
[2019-03-28 23:51:40] Ep. 23 : Up. 37000 : Sen. 491,529 : Cost 200.18949890 : Time 285.49s : 14704.42 words/s : L.r. 1.9728e-04
[2019-03-28 23:52:25] Seen 515211 samples
[2019-03-28 23:52:25] Starting epoch 24
[2019-03-28 23:52:25] [data] Shuffling data
[2019-03-28 23:52:25] [data] Done reading 620637 sentences
[2019-03-28 23:52:28] [data] Done shuffling 620637 sentences to temp files
[2019-03-28 23:56:52] Ep. 24 : Up. 37500 : Sen. 139,226 : Cost 200.21276855 : Time 311.77s : 13689.48 words/s : L.r. 1.9596e-04
[2019-03-29 00:01:42] Ep. 24 : Up. 38000 : Sen. 295,157 : Cost 209.90199280 : Time 289.64s : 14754.77 words/s : L.r. 1.9467e-04
train_doc_docnew_enc_depth_pretrain_freeze.sh: řádek 29:   922 Ukončen (SIGTERM)      $marian_home/marian --model model/model.src1tgt0.docnew.enc_depth.pretrained.frozen.npz --pretrained-model ../src0tgt0/model/model.src0tgt0_to_tgt0.newbase.160.npz.best-perplexity.npz --type transformer-context --train-sets corp/europarl.cs-en.docs.train.en.bpe.src_prev corp/europarl.cs-en.docs.train.en.bpe.src corp/europarl.cs-en.docs.train.cz.bpe --max-length 55 --dim-vocabs 30000 30000 --vocabs corp/vocab.encz.opensub.new.yml corp/vocab.encz.opensub.new.yml corp/vocab.encz.opensub.new.yml --mini-batch-fit -w 8000 --mini-batch 1000 --maxi-batch 1000 --early-stopping 10 --freeze --valid-freq 5000 --save-freq 5000 --disp-freq 500 --valid-metrics cross-entropy perplexity translation --valid-sets corp/europarl.cs-en.docs.dev.en.bpe.src_prev corp/europarl.cs-en.docs.dev.en.bpe.src corp/europarl.cs-en.docs.dev.cz.bpe --valid-script-path ./val.sh --valid-translation-output data/valid.bpe.en.output --quiet-translation --valid-mini-batch 16 --beam-size 6 --normalize 0.6 --log model/train_trans.gate.log --valid-log model/valid_trans.gate.log --enc-depth 6 --dec-depth 6 --transformer-heads 8 --transformer-postprocess-emb d --transformer-postprocess dan --transformer-dropout 0.1 --label-smoothing 0.1 --learn-rate 0.0003 --lr-warmup 16000 --lr-decay-inv-sqrt 16000 --lr-report --optimizer-params 0.9 0.98 1e-09 --clip-norm 5 --tied-embeddings-all --optimizer-delay 4 --devices 0 --no-nccl --sync-sgd --seed 1111 --exponential-smoothing --no-restore-corpus
