[2019-02-27 12:45:27] [marian] Marian v1.7.8 63e1cfe4 2019-02-11 21:04:00 -0800
[2019-02-27 12:45:27] [marian] Running on cosmas.lingea.cz as process 86346 with command line:
[2019-02-27 12:45:27] [marian] /home/large/data/models/marian/marian-doc/marian-dev/build/marian --model model/model.src1tgt0.dual.doc.npz --type transformer-context --train-sets corp/europarl.cs-en.docs.train.en.bpe.src_prev corp/europarl.cs-en.docs.train.en.bpe.src corp/europarl.cs-en.docs.train.cz.bpe --max-length 100 --vocabs corp/vocab.encs.europarl.yml corp/vocab.encs.europarl.yml corp/vocab.encs.europarl.yml --mini-batch-fit -w 9500 --mini-batch 1000 --maxi-batch 1000 --valid-freq 5000 --save-freq 5000 --disp-freq 500 --valid-metrics ce-mean-words perplexity translation --valid-sets corp/europarl.cs-en.docs.dev.en.bpe.src_prev corp/europarl.cs-en.docs.dev.en.bpe.src corp/europarl.cs-en.docs.dev.cz.bpe --valid-script-path ./val.sh --valid-translation-output data/valid.len.bpe.en.output --quiet-translation --beam-size 6 --normalize=1 --valid-mini-batch 64 --overwrite --keep-best --early-stopping 5 --cost-type=ce-mean-words --log model/train.dual.log --valid-log model/valid.dual.log --enc-type bidirectional --enc-depth 1 --enc-cell-depth 4 --dec-depth 1 --dec-cell-base-depth 8 --dec-cell-high-depth 1 --tied-embeddings-all --layer-normalization --dropout-rnn 0.1 --label-smoothing 0.1 --learn-rate 0.0003 --lr-decay-inv-sqrt 16000 --lr-report --optimizer-params 0.9 0.98 1e-09 --clip-norm 5 --devices 0 1 --sync-sgd --seed 1234 --no-nccl --exponential-smoothing
[2019-02-27 12:45:27] [config] after-batches: 0
[2019-02-27 12:45:27] [config] after-epochs: 0
[2019-02-27 12:45:27] [config] allow-unk: false
[2019-02-27 12:45:27] [config] beam-size: 6
[2019-02-27 12:45:27] [config] bert-class-symbol: "[CLS]"
[2019-02-27 12:45:27] [config] bert-mask-symbol: "[MASK]"
[2019-02-27 12:45:27] [config] bert-masking-fraction: 0.15
[2019-02-27 12:45:27] [config] bert-sep-symbol: "[SEP]"
[2019-02-27 12:45:27] [config] bert-train-type-embeddings: true
[2019-02-27 12:45:27] [config] bert-type-vocab-size: 2
[2019-02-27 12:45:27] [config] best-deep: false
[2019-02-27 12:45:27] [config] clip-gemm: 0
[2019-02-27 12:45:27] [config] clip-norm: 5
[2019-02-27 12:45:27] [config] cost-type: ce-mean-words
[2019-02-27 12:45:27] [config] cpu-threads: 0
[2019-02-27 12:45:27] [config] data-weighting: ""
[2019-02-27 12:45:27] [config] data-weighting-type: sentence
[2019-02-27 12:45:27] [config] dec-cell: gru
[2019-02-27 12:45:27] [config] dec-cell-base-depth: 8
[2019-02-27 12:45:27] [config] dec-cell-high-depth: 1
[2019-02-27 12:45:27] [config] dec-depth: 1
[2019-02-27 12:45:27] [config] devices:
[2019-02-27 12:45:27] [config]   - 0
[2019-02-27 12:45:27] [config]   - 1
[2019-02-27 12:45:27] [config] dim-emb: 512
[2019-02-27 12:45:27] [config] dim-rnn: 1024
[2019-02-27 12:45:27] [config] dim-vocabs:
[2019-02-27 12:45:27] [config]   - 0
[2019-02-27 12:45:27] [config]   - 0
[2019-02-27 12:45:27] [config] disp-first: 0
[2019-02-27 12:45:27] [config] disp-freq: 500
[2019-02-27 12:45:27] [config] disp-label-counts: false
[2019-02-27 12:45:27] [config] dropout-rnn: 0.1
[2019-02-27 12:45:27] [config] dropout-src: 0
[2019-02-27 12:45:27] [config] dropout-trg: 0
[2019-02-27 12:45:27] [config] dump-config: ""
[2019-02-27 12:45:27] [config] early-stopping: 5
[2019-02-27 12:45:27] [config] embedding-fix-src: false
[2019-02-27 12:45:27] [config] embedding-fix-trg: false
[2019-02-27 12:45:27] [config] embedding-normalization: false
[2019-02-27 12:45:27] [config] embedding-vectors:
[2019-02-27 12:45:27] [config]   []
[2019-02-27 12:45:27] [config] enc-cell: gru
[2019-02-27 12:45:27] [config] enc-cell-depth: 4
[2019-02-27 12:45:27] [config] enc-depth: 1
[2019-02-27 12:45:27] [config] enc-type: bidirectional
[2019-02-27 12:45:27] [config] exponential-smoothing: 0.0001
[2019-02-27 12:45:27] [config] grad-dropping-momentum: 0
[2019-02-27 12:45:27] [config] grad-dropping-rate: 0
[2019-02-27 12:45:27] [config] grad-dropping-warmup: 100
[2019-02-27 12:45:27] [config] guided-alignment: none
[2019-02-27 12:45:27] [config] guided-alignment-cost: mse
[2019-02-27 12:45:27] [config] guided-alignment-weight: 0.1
[2019-02-27 12:45:27] [config] ignore-model-config: false
[2019-02-27 12:45:27] [config] input-types:
[2019-02-27 12:45:27] [config]   []
[2019-02-27 12:45:27] [config] interpolate-env-vars: false
[2019-02-27 12:45:27] [config] keep-best: true
[2019-02-27 12:45:27] [config] label-smoothing: 0.1
[2019-02-27 12:45:27] [config] layer-normalization: true
[2019-02-27 12:45:27] [config] learn-rate: 0.0003
[2019-02-27 12:45:27] [config] log: model/train.dual.log
[2019-02-27 12:45:27] [config] log-level: info
[2019-02-27 12:45:27] [config] log-time-zone: ""
[2019-02-27 12:45:27] [config] lr-decay: 0
[2019-02-27 12:45:27] [config] lr-decay-freq: 50000
[2019-02-27 12:45:27] [config] lr-decay-inv-sqrt:
[2019-02-27 12:45:27] [config]   - 16000
[2019-02-27 12:45:27] [config] lr-decay-repeat-warmup: false
[2019-02-27 12:45:27] [config] lr-decay-reset-optimizer: false
[2019-02-27 12:45:27] [config] lr-decay-start:
[2019-02-27 12:45:27] [config]   - 10
[2019-02-27 12:45:27] [config]   - 1
[2019-02-27 12:45:27] [config] lr-decay-strategy: epoch+stalled
[2019-02-27 12:45:27] [config] lr-report: true
[2019-02-27 12:45:27] [config] lr-warmup: 0
[2019-02-27 12:45:27] [config] lr-warmup-at-reload: false
[2019-02-27 12:45:27] [config] lr-warmup-cycle: false
[2019-02-27 12:45:27] [config] lr-warmup-start-rate: 0
[2019-02-27 12:45:27] [config] max-length: 100
[2019-02-27 12:45:27] [config] max-length-crop: false
[2019-02-27 12:45:27] [config] max-length-factor: 3
[2019-02-27 12:45:27] [config] maxi-batch: 1000
[2019-02-27 12:45:27] [config] maxi-batch-sort: trg
[2019-02-27 12:45:27] [config] mini-batch: 1000
[2019-02-27 12:45:27] [config] mini-batch-fit: true
[2019-02-27 12:45:27] [config] mini-batch-fit-step: 10
[2019-02-27 12:45:27] [config] mini-batch-overstuff: 1
[2019-02-27 12:45:27] [config] mini-batch-track-lr: false
[2019-02-27 12:45:27] [config] mini-batch-understuff: 1
[2019-02-27 12:45:27] [config] mini-batch-warmup: 0
[2019-02-27 12:45:27] [config] mini-batch-words: 0
[2019-02-27 12:45:27] [config] mini-batch-words-ref: 0
[2019-02-27 12:45:27] [config] model: model/model.src1tgt0.dual.doc.npz
[2019-02-27 12:45:27] [config] multi-loss-type: sum
[2019-02-27 12:45:27] [config] multi-node: false
[2019-02-27 12:45:27] [config] multi-node-overlap: true
[2019-02-27 12:45:27] [config] n-best: false
[2019-02-27 12:45:27] [config] no-nccl: true
[2019-02-27 12:45:27] [config] no-reload: false
[2019-02-27 12:45:27] [config] no-restore-corpus: false
[2019-02-27 12:45:27] [config] no-shuffle: false
[2019-02-27 12:45:27] [config] normalize: 1
[2019-02-27 12:45:27] [config] num-devices: 0
[2019-02-27 12:45:27] [config] optimizer: adam
[2019-02-27 12:45:27] [config] optimizer-delay: 1
[2019-02-27 12:45:27] [config] optimizer-params:
[2019-02-27 12:45:27] [config]   - 0.9
[2019-02-27 12:45:27] [config]   - 0.98
[2019-02-27 12:45:27] [config]   - 1e-09
[2019-02-27 12:45:27] [config] overwrite: true
[2019-02-27 12:45:27] [config] pretrained-model: ""
[2019-02-27 12:45:27] [config] quiet: false
[2019-02-27 12:45:27] [config] quiet-translation: true
[2019-02-27 12:45:27] [config] relative-paths: false
[2019-02-27 12:45:27] [config] right-left: false
[2019-02-27 12:45:27] [config] save-freq: 5000
[2019-02-27 12:45:27] [config] seed: 1234
[2019-02-27 12:45:27] [config] shuffle-in-ram: false
[2019-02-27 12:45:27] [config] skip: false
[2019-02-27 12:45:27] [config] sqlite: ""
[2019-02-27 12:45:27] [config] sqlite-drop: false
[2019-02-27 12:45:27] [config] sync-sgd: true
[2019-02-27 12:45:27] [config] tempdir: /tmp
[2019-02-27 12:45:27] [config] tied-embeddings: false
[2019-02-27 12:45:27] [config] tied-embeddings-all: true
[2019-02-27 12:45:27] [config] tied-embeddings-src: false
[2019-02-27 12:45:27] [config] train-sets:
[2019-02-27 12:45:27] [config]   - corp/europarl.cs-en.docs.train.en.bpe.src_prev
[2019-02-27 12:45:27] [config]   - corp/europarl.cs-en.docs.train.en.bpe.src
[2019-02-27 12:45:27] [config]   - corp/europarl.cs-en.docs.train.cz.bpe
[2019-02-27 12:45:27] [config] transformer-aan-activation: swish
[2019-02-27 12:45:27] [config] transformer-aan-depth: 2
[2019-02-27 12:45:27] [config] transformer-aan-nogate: false
[2019-02-27 12:45:27] [config] transformer-decoder-autoreg: self-attention
[2019-02-27 12:45:27] [config] transformer-dim-aan: 2048
[2019-02-27 12:45:27] [config] transformer-dim-ffn: 2048
[2019-02-27 12:45:27] [config] transformer-dropout: 0
[2019-02-27 12:45:27] [config] transformer-dropout-attention: 0
[2019-02-27 12:45:27] [config] transformer-dropout-ffn: 0
[2019-02-27 12:45:27] [config] transformer-ffn-activation: swish
[2019-02-27 12:45:27] [config] transformer-ffn-depth: 2
[2019-02-27 12:45:27] [config] transformer-guided-alignment-layer: last
[2019-02-27 12:45:27] [config] transformer-heads: 8
[2019-02-27 12:45:27] [config] transformer-no-projection: false
[2019-02-27 12:45:27] [config] transformer-postprocess: dan
[2019-02-27 12:45:27] [config] transformer-postprocess-emb: d
[2019-02-27 12:45:27] [config] transformer-preprocess: ""
[2019-02-27 12:45:27] [config] transformer-tied-layers:
[2019-02-27 12:45:27] [config]   []
[2019-02-27 12:45:27] [config] transformer-train-position-embeddings: false
[2019-02-27 12:45:27] [config] type: transformer-context
[2019-02-27 12:45:27] [config] ulr: false
[2019-02-27 12:45:27] [config] ulr-dim-emb: 0
[2019-02-27 12:45:27] [config] ulr-dropout: 0
[2019-02-27 12:45:27] [config] ulr-keys-vectors: ""
[2019-02-27 12:45:27] [config] ulr-query-vectors: ""
[2019-02-27 12:45:27] [config] ulr-softmax-temperature: 1
[2019-02-27 12:45:27] [config] ulr-trainable-transformation: false
[2019-02-27 12:45:27] [config] valid-freq: 5000
[2019-02-27 12:45:27] [config] valid-log: model/valid.dual.log
[2019-02-27 12:45:27] [config] valid-max-length: 1000
[2019-02-27 12:45:27] [config] valid-metrics:
[2019-02-27 12:45:27] [config]   - ce-mean-words
[2019-02-27 12:45:27] [config]   - perplexity
[2019-02-27 12:45:27] [config]   - translation
[2019-02-27 12:45:27] [config] valid-mini-batch: 64
[2019-02-27 12:45:27] [config] valid-script-path: ./val.sh
[2019-02-27 12:45:27] [config] valid-sets:
[2019-02-27 12:45:27] [config]   - corp/europarl.cs-en.docs.dev.en.bpe.src_prev
[2019-02-27 12:45:27] [config]   - corp/europarl.cs-en.docs.dev.en.bpe.src
[2019-02-27 12:45:27] [config]   - corp/europarl.cs-en.docs.dev.cz.bpe
[2019-02-27 12:45:27] [config] valid-translation-output: data/valid.len.bpe.en.output
[2019-02-27 12:45:27] [config] vocabs:
[2019-02-27 12:45:27] [config]   - corp/vocab.encs.europarl.yml
[2019-02-27 12:45:27] [config]   - corp/vocab.encs.europarl.yml
[2019-02-27 12:45:27] [config]   - corp/vocab.encs.europarl.yml
[2019-02-27 12:45:27] [config] word-penalty: 0
[2019-02-27 12:45:27] [config] workspace: 9500
[2019-02-27 12:45:27] [config] Model is being created with Marian v1.7.8 63e1cfe4 2019-02-11 21:04:00 -0800
[2019-02-27 12:45:27] Using synchronous training
[2019-02-27 12:45:27] [data] Loading vocabulary from JSON/Yaml file corp/vocab.encs.europarl.yml
[2019-02-27 12:45:27] [data] Setting vocabulary size for input 0 to 32000
[2019-02-27 12:45:27] [data] Loading vocabulary from JSON/Yaml file corp/vocab.encs.europarl.yml
[2019-02-27 12:45:27] [data] Setting vocabulary size for input 1 to 32000
[2019-02-27 12:45:27] [data] Loading vocabulary from JSON/Yaml file corp/vocab.encs.europarl.yml
[2019-02-27 12:45:27] [data] Setting vocabulary size for input 2 to 32000
[2019-02-27 12:45:27] Compiled without MPI support. Falling back to FakeMPIWrapper
[2019-02-27 12:45:27] [batching] Collecting statistics for batch fitting with step size 10
[2019-02-27 12:45:29] [memory] Extending reserved space to 9600 MB (device gpu0)
[2019-02-27 12:45:29] [memory] Extending reserved space to 9600 MB (device gpu1)
[2019-02-27 12:45:29] [comm] NCCL communicator overridden
[2019-02-27 12:45:29] [training] Using 2 GPUs
[2019-02-27 12:45:29] [memory] Reserving 110 MB, device gpu0
[2019-02-27 12:45:29] [gpu] 16-bit TensorCores enabled for float32 matrix operations
[2019-02-27 12:45:29] [memory] Reserving 110 MB, device gpu0
[2019-02-27 12:45:47] [batching] Done. Typical MB size is 25310 target words
[2019-02-27 12:45:47] [memory] Extending reserved space to 9600 MB (device gpu0)
[2019-02-27 12:45:47] [memory] Extending reserved space to 9600 MB (device gpu1)
[2019-02-27 12:45:47] [comm] NCCL communicator overridden
[2019-02-27 12:45:47] [training] Using 2 GPUs
[2019-02-27 12:45:47] Training started
[2019-02-27 12:45:47] [data] Shuffling data
[2019-02-27 12:45:48] [data] Done reading 620637 sentences
[2019-02-27 12:45:50] [data] Done shuffling 620637 sentences to temp files
