[2019-03-31 18:02:28] [marian] Marian v1.7.8 acb2c2e 2019-03-31 15:01:15 +0200
[2019-03-31 18:02:28] [marian] Running on pcknot5 as process 16375 with command line:
[2019-03-31 18:02:28] [marian] /mnt/minerva1/nlp/projects/nmt/doc-marian/build/marian --model model/model.src1tgt0.docnew.enc_depth.pretrained.frozen2.fix_emb8.npz --pretrained-model ../src0tgt0/model/model.src0tgt0_to_tgt0.newbase.160.npz.best-perplexity.npz --type transformer-context --train-sets corp/europarl.cs-en.docs.train.en.bpe.src_prev corp/europarl.cs-en.docs.train.en.bpe.src corp/europarl.cs-en.docs.train.cz.bpe --max-length 160 --dim-vocabs 30000 30000 --embedding-fix-src --embedding-fix-trg --vocabs corp/vocab.encz.opensub.new.yml corp/vocab.encz.opensub.new.yml corp/vocab.encz.opensub.new.yml --mini-batch-fit -w 7800 --mini-batch 1000 --maxi-batch 1000 --early-stopping 10 --freeze --valid-freq 10000 --save-freq 1000 --disp-freq 1000 --valid-metrics cross-entropy perplexity translation --valid-sets corp/europarl.cs-en.docs.dev.en.bpe.src_prev corp/europarl.cs-en.docs.dev.en.bpe.src corp/europarl.cs-en.docs.dev.cz.bpe --valid-script-path ./val.sh --valid-translation-output data/valid.bpe.en.output --quiet-translation --valid-mini-batch 16 --keep-best --beam-size 6 --normalize 0.6 --log model/train_trans.gate.log --valid-log model/valid_trans.gate.log --enc-depth 6 --dec-depth 6 --transformer-heads 8 --transformer-postprocess-emb d --transformer-postprocess dan --transformer-dropout 0.1 --label-smoothing 0.1 --learn-rate 0.0002 --lr-warmup 16000 --lr-decay-inv-sqrt 16000 --lr-report --optimizer-params 0.9 0.98 1e-09 --clip-norm 5 --tied-embeddings-all --optimizer-delay 4 --devices 0 --no-nccl --sync-sgd --seed 1111 --exponential-smoothing --no-restore-corpus
[2019-03-31 18:02:28] [config] after-batches: 0
[2019-03-31 18:02:28] [config] after-epochs: 0
[2019-03-31 18:02:28] [config] allow-unk: false
[2019-03-31 18:02:28] [config] beam-size: 6
[2019-03-31 18:02:28] [config] bert-class-symbol: "[CLS]"
[2019-03-31 18:02:28] [config] bert-mask-symbol: "[MASK]"
[2019-03-31 18:02:28] [config] bert-masking-fraction: 0.15
[2019-03-31 18:02:28] [config] bert-sep-symbol: "[SEP]"
[2019-03-31 18:02:28] [config] bert-train-type-embeddings: true
[2019-03-31 18:02:28] [config] bert-type-vocab-size: 2
[2019-03-31 18:02:28] [config] best-deep: false
[2019-03-31 18:02:28] [config] clip-gemm: 0
[2019-03-31 18:02:28] [config] clip-norm: 5
[2019-03-31 18:02:28] [config] context-enc-depth: 1
[2019-03-31 18:02:28] [config] cost-type: ce-mean
[2019-03-31 18:02:28] [config] cpu-threads: 0
[2019-03-31 18:02:28] [config] data-weighting: ""
[2019-03-31 18:02:28] [config] data-weighting-type: sentence
[2019-03-31 18:02:28] [config] dec-cell: gru
[2019-03-31 18:02:28] [config] dec-cell-base-depth: 2
[2019-03-31 18:02:28] [config] dec-cell-high-depth: 1
[2019-03-31 18:02:28] [config] dec-depth: 6
[2019-03-31 18:02:28] [config] devices:
[2019-03-31 18:02:28] [config]   - 0
[2019-03-31 18:02:28] [config] dim-emb: 512
[2019-03-31 18:02:28] [config] dim-rnn: 1024
[2019-03-31 18:02:28] [config] dim-vocabs:
[2019-03-31 18:02:28] [config]   - 30000
[2019-03-31 18:02:28] [config]   - 30000
[2019-03-31 18:02:28] [config] disp-first: 0
[2019-03-31 18:02:28] [config] disp-freq: 1000
[2019-03-31 18:02:28] [config] disp-label-counts: false
[2019-03-31 18:02:28] [config] dropout-rnn: 0
[2019-03-31 18:02:28] [config] dropout-src: 0
[2019-03-31 18:02:28] [config] dropout-trg: 0
[2019-03-31 18:02:28] [config] dump-config: ""
[2019-03-31 18:02:28] [config] early-stopping: 10
[2019-03-31 18:02:28] [config] embedding-fix-src: true
[2019-03-31 18:02:28] [config] embedding-fix-trg: true
[2019-03-31 18:02:28] [config] embedding-normalization: false
[2019-03-31 18:02:28] [config] embedding-vectors:
[2019-03-31 18:02:28] [config]   []
[2019-03-31 18:02:28] [config] enc-cell: gru
[2019-03-31 18:02:28] [config] enc-cell-depth: 1
[2019-03-31 18:02:28] [config] enc-depth: 6
[2019-03-31 18:02:28] [config] enc-type: bidirectional
[2019-03-31 18:02:28] [config] exponential-smoothing: 0.0001
[2019-03-31 18:02:28] [config] freeze: true
[2019-03-31 18:02:28] [config] grad-dropping-momentum: 0
[2019-03-31 18:02:28] [config] grad-dropping-rate: 0
[2019-03-31 18:02:28] [config] grad-dropping-warmup: 100
[2019-03-31 18:02:28] [config] guided-alignment: none
[2019-03-31 18:02:28] [config] guided-alignment-cost: mse
[2019-03-31 18:02:28] [config] guided-alignment-weight: 0.1
[2019-03-31 18:02:28] [config] hier-att: false
[2019-03-31 18:02:28] [config] ignore-model-config: false
[2019-03-31 18:02:28] [config] input-types:
[2019-03-31 18:02:28] [config]   []
[2019-03-31 18:02:28] [config] interpolate-env-vars: false
[2019-03-31 18:02:28] [config] keep-best: true
[2019-03-31 18:02:28] [config] label-smoothing: 0.1
[2019-03-31 18:02:28] [config] layer-normalization: false
[2019-03-31 18:02:28] [config] learn-rate: 0.0002
[2019-03-31 18:02:28] [config] log: model/train_trans.gate.log
[2019-03-31 18:02:28] [config] log-level: info
[2019-03-31 18:02:28] [config] log-time-zone: ""
[2019-03-31 18:02:28] [config] lr-decay: 0
[2019-03-31 18:02:28] [config] lr-decay-freq: 50000
[2019-03-31 18:02:28] [config] lr-decay-inv-sqrt:
[2019-03-31 18:02:28] [config]   - 16000
[2019-03-31 18:02:28] [config] lr-decay-repeat-warmup: false
[2019-03-31 18:02:28] [config] lr-decay-reset-optimizer: false
[2019-03-31 18:02:28] [config] lr-decay-start:
[2019-03-31 18:02:28] [config]   - 10
[2019-03-31 18:02:28] [config]   - 1
[2019-03-31 18:02:28] [config] lr-decay-strategy: epoch+stalled
[2019-03-31 18:02:28] [config] lr-report: true
[2019-03-31 18:02:28] [config] lr-warmup: 16000
[2019-03-31 18:02:28] [config] lr-warmup-at-reload: false
[2019-03-31 18:02:28] [config] lr-warmup-cycle: false
[2019-03-31 18:02:28] [config] lr-warmup-start-rate: 0
[2019-03-31 18:02:28] [config] max-length: 160
[2019-03-31 18:02:28] [config] max-length-crop: false
[2019-03-31 18:02:28] [config] max-length-factor: 3
[2019-03-31 18:02:28] [config] maxi-batch: 1000
[2019-03-31 18:02:28] [config] maxi-batch-sort: trg
[2019-03-31 18:02:28] [config] mini-batch: 1000
[2019-03-31 18:02:28] [config] mini-batch-fit: true
[2019-03-31 18:02:28] [config] mini-batch-fit-step: 10
[2019-03-31 18:02:28] [config] mini-batch-overstuff: 1
[2019-03-31 18:02:28] [config] mini-batch-track-lr: false
[2019-03-31 18:02:28] [config] mini-batch-understuff: 1
[2019-03-31 18:02:28] [config] mini-batch-warmup: 0
[2019-03-31 18:02:28] [config] mini-batch-words: 0
[2019-03-31 18:02:28] [config] mini-batch-words-ref: 0
[2019-03-31 18:02:28] [config] model: model/model.src1tgt0.docnew.enc_depth.pretrained.frozen2.fix_emb8.npz
[2019-03-31 18:02:28] [config] multi-loss-type: sum
[2019-03-31 18:02:28] [config] multi-node: false
[2019-03-31 18:02:28] [config] multi-node-overlap: true
[2019-03-31 18:02:28] [config] n-best: false
[2019-03-31 18:02:28] [config] no-nccl: true
[2019-03-31 18:02:28] [config] no-reload: false
[2019-03-31 18:02:28] [config] no-restore-corpus: true
[2019-03-31 18:02:28] [config] no-shuffle: false
[2019-03-31 18:02:28] [config] normalize: 0.6
[2019-03-31 18:02:28] [config] num-devices: 0
[2019-03-31 18:02:28] [config] optimizer: adam
[2019-03-31 18:02:28] [config] optimizer-delay: 4
[2019-03-31 18:02:28] [config] optimizer-params:
[2019-03-31 18:02:28] [config]   - 0.9
[2019-03-31 18:02:28] [config]   - 0.98
[2019-03-31 18:02:28] [config]   - 1e-09
[2019-03-31 18:02:28] [config] overwrite: false
[2019-03-31 18:02:28] [config] pretrained-model: ../src0tgt0/model/model.src0tgt0_to_tgt0.newbase.160.npz.best-perplexity.npz
[2019-03-31 18:02:28] [config] quiet: false
[2019-03-31 18:02:28] [config] quiet-translation: true
[2019-03-31 18:02:28] [config] relative-paths: false
[2019-03-31 18:02:28] [config] right-left: false
[2019-03-31 18:02:28] [config] save-freq: 1000
[2019-03-31 18:02:28] [config] seed: 1111
[2019-03-31 18:02:28] [config] shuffle-in-ram: false
[2019-03-31 18:02:28] [config] skip: false
[2019-03-31 18:02:28] [config] sqlite: ""
[2019-03-31 18:02:28] [config] sqlite-drop: false
[2019-03-31 18:02:28] [config] sync-sgd: true
[2019-03-31 18:02:28] [config] tempdir: /tmp
[2019-03-31 18:02:28] [config] tied-embeddings: false
[2019-03-31 18:02:28] [config] tied-embeddings-all: true
[2019-03-31 18:02:28] [config] tied-embeddings-src: false
[2019-03-31 18:02:28] [config] train-sets:
[2019-03-31 18:02:28] [config]   - corp/europarl.cs-en.docs.train.en.bpe.src_prev
[2019-03-31 18:02:28] [config]   - corp/europarl.cs-en.docs.train.en.bpe.src
[2019-03-31 18:02:28] [config]   - corp/europarl.cs-en.docs.train.cz.bpe
[2019-03-31 18:02:28] [config] transformer-aan-activation: swish
[2019-03-31 18:02:28] [config] transformer-aan-depth: 2
[2019-03-31 18:02:28] [config] transformer-aan-nogate: false
[2019-03-31 18:02:28] [config] transformer-decoder-autoreg: self-attention
[2019-03-31 18:02:28] [config] transformer-dim-aan: 2048
[2019-03-31 18:02:28] [config] transformer-dim-ffn: 2048
[2019-03-31 18:02:28] [config] transformer-dropout: 0.1
[2019-03-31 18:02:28] [config] transformer-dropout-attention: 0
[2019-03-31 18:02:28] [config] transformer-dropout-ffn: 0
[2019-03-31 18:02:28] [config] transformer-ffn-activation: swish
[2019-03-31 18:02:28] [config] transformer-ffn-depth: 2
[2019-03-31 18:02:28] [config] transformer-guided-alignment-layer: last
[2019-03-31 18:02:28] [config] transformer-heads: 8
[2019-03-31 18:02:28] [config] transformer-no-projection: false
[2019-03-31 18:02:28] [config] transformer-postprocess: dan
[2019-03-31 18:02:28] [config] transformer-postprocess-emb: d
[2019-03-31 18:02:28] [config] transformer-preprocess: ""
[2019-03-31 18:02:28] [config] transformer-tied-layers:
[2019-03-31 18:02:28] [config]   []
[2019-03-31 18:02:28] [config] transformer-train-position-embeddings: false
[2019-03-31 18:02:28] [config] type: transformer-context
[2019-03-31 18:02:28] [config] ulr: false
[2019-03-31 18:02:28] [config] ulr-dim-emb: 0
[2019-03-31 18:02:28] [config] ulr-dropout: 0
[2019-03-31 18:02:28] [config] ulr-keys-vectors: ""
[2019-03-31 18:02:28] [config] ulr-query-vectors: ""
[2019-03-31 18:02:28] [config] ulr-softmax-temperature: 1
[2019-03-31 18:02:28] [config] ulr-trainable-transformation: false
[2019-03-31 18:02:28] [config] valid-freq: 10000
[2019-03-31 18:02:28] [config] valid-log: model/valid_trans.gate.log
[2019-03-31 18:02:28] [config] valid-max-length: 1000
[2019-03-31 18:02:28] [config] valid-metrics:
[2019-03-31 18:02:28] [config]   - cross-entropy
[2019-03-31 18:02:28] [config]   - perplexity
[2019-03-31 18:02:28] [config]   - translation
[2019-03-31 18:02:28] [config] valid-mini-batch: 16
[2019-03-31 18:02:28] [config] valid-script-path: ./val.sh
[2019-03-31 18:02:28] [config] valid-sets:
[2019-03-31 18:02:28] [config]   - corp/europarl.cs-en.docs.dev.en.bpe.src_prev
[2019-03-31 18:02:28] [config]   - corp/europarl.cs-en.docs.dev.en.bpe.src
[2019-03-31 18:02:28] [config]   - corp/europarl.cs-en.docs.dev.cz.bpe
[2019-03-31 18:02:28] [config] valid-translation-output: data/valid.bpe.en.output
[2019-03-31 18:02:28] [config] vocabs:
[2019-03-31 18:02:28] [config]   - corp/vocab.encz.opensub.new.yml
[2019-03-31 18:02:28] [config]   - corp/vocab.encz.opensub.new.yml
[2019-03-31 18:02:28] [config]   - corp/vocab.encz.opensub.new.yml
[2019-03-31 18:02:28] [config] word-penalty: 0
[2019-03-31 18:02:28] [config] workspace: 7800
[2019-03-31 18:02:28] [config] Model is being created with Marian v1.7.8 acb2c2e 2019-03-31 15:01:15 +0200
[2019-03-31 18:02:28] Using synchronous training
[2019-03-31 18:02:28] [data] Loading vocabulary from JSON/Yaml file corp/vocab.encz.opensub.new.yml
[2019-03-31 18:02:28] [data] Setting vocabulary size for input 0 to 30000
[2019-03-31 18:02:28] [data] Loading vocabulary from JSON/Yaml file corp/vocab.encz.opensub.new.yml
[2019-03-31 18:02:28] [data] Setting vocabulary size for input 1 to 30000
[2019-03-31 18:02:28] [data] Loading vocabulary from JSON/Yaml file corp/vocab.encz.opensub.new.yml
[2019-03-31 18:02:28] [data] Setting vocabulary size for input 2 to 30000
[2019-03-31 18:02:28] Compiled without MPI support. Falling back to FakeMPIWrapper
[2019-03-31 18:02:28] [batching] Collecting statistics for batch fitting with step size 10
[2019-03-31 18:02:29] [memory] Extending reserved space to 7808 MB (device gpu0)
[2019-03-31 18:02:29] [comm] NCCL communicator overridden
[2019-03-31 18:02:29] [training] Using 1 GPUs
[2019-03-31 18:02:29] [memory] Reserving 311 MB, device gpu0
[2019-03-31 18:02:29] [gpu] 16-bit TensorCores enabled for float32 matrix operations
[2019-03-31 18:02:29] [memory] Reserving 311 MB, device gpu0
[2019-03-31 18:02:35] [batching] Done. Typical MB size is 10685 target words
[2019-03-31 18:02:35] [memory] Extending reserved space to 7808 MB (device gpu0)
[2019-03-31 18:02:35] [comm] NCCL communicator overridden
[2019-03-31 18:02:35] [training] Using 1 GPUs
[2019-03-31 18:02:35] [training] Initializing model weights with the pre-trained model ../src0tgt0/model/model.src0tgt0_to_tgt0.newbase.160.npz.best-perplexity.npz
[2019-03-31 18:02:35] Loading model from ../src0tgt0/model/model.src0tgt0_to_tgt0.newbase.160.npz.best-perplexity.npz
[2019-03-31 18:02:36] Training started
[2019-03-31 18:02:36] [data] Shuffling data
[2019-03-31 18:02:36] [data] Done reading 620637 sentences
[2019-03-31 18:02:38] [data] Done shuffling 620637 sentences to temp files
[2019-03-31 18:03:01] [training] Batches are processed as 1 process(es) x 1 devices/process
[2019-03-31 18:03:01] [memory] Reserving 311 MB, device gpu0
[2019-03-31 18:03:01] [memory] Reserving 311 MB, device gpu0
[2019-03-31 18:03:01] [memory] Reserving 311 MB, device gpu0
[2019-03-31 18:03:01] [memory] Reserving 311 MB, device gpu0
[2019-03-31 18:03:01] [memory] Reserving 622 MB, device gpu0
[2019-03-31 18:08:28] Ep. 1 : Up. 1000 : Sen. 164,505 : Cost 272.53308105 : Time 359.81s : 14044.76 words/s : L.r. 1.2500e-05
[2019-03-31 18:08:28] Saving model weights and runtime parameters to model/model.src1tgt0.docnew.enc_depth.pretrained.frozen2.fix_emb8.npz.orig.npz
[2019-03-31 18:08:32] Saving model weights and runtime parameters to model/model.src1tgt0.docnew.enc_depth.pretrained.frozen2.fix_emb8.iter1000.npz
[2019-03-31 18:08:37] Saving model weights and runtime parameters to model/model.src1tgt0.docnew.enc_depth.pretrained.frozen2.fix_emb8.npz
[2019-03-31 18:08:41] Saving Adam parameters to model/model.src1tgt0.docnew.enc_depth.pretrained.frozen2.fix_emb8.npz.optimizer.npz
[2019-03-31 18:14:26] Ep. 1 : Up. 2000 : Sen. 334,195 : Cost 257.24249268 : Time 357.93s : 14678.10 words/s : L.r. 2.5000e-05
[2019-03-31 18:14:26] Saving model weights and runtime parameters to model/model.src1tgt0.docnew.enc_depth.pretrained.frozen2.fix_emb8.npz.orig.npz
[2019-03-31 18:14:30] Saving model weights and runtime parameters to model/model.src1tgt0.docnew.enc_depth.pretrained.frozen2.fix_emb8.iter2000.npz
[2019-03-31 18:14:34] Saving model weights and runtime parameters to model/model.src1tgt0.docnew.enc_depth.pretrained.frozen2.fix_emb8.npz
[2019-03-31 18:14:39] Saving Adam parameters to model/model.src1tgt0.docnew.enc_depth.pretrained.frozen2.fix_emb8.npz.optimizer.npz
[2019-03-31 18:20:20] Ep. 1 : Up. 3000 : Sen. 505,507 : Cost 242.54399109 : Time 353.70s : 14451.84 words/s : L.r. 3.7500e-05
[2019-03-31 18:20:20] Saving model weights and runtime parameters to model/model.src1tgt0.docnew.enc_depth.pretrained.frozen2.fix_emb8.npz.orig.npz
[2019-03-31 18:20:24] Saving model weights and runtime parameters to model/model.src1tgt0.docnew.enc_depth.pretrained.frozen2.fix_emb8.iter3000.npz
[2019-03-31 18:20:28] Saving model weights and runtime parameters to model/model.src1tgt0.docnew.enc_depth.pretrained.frozen2.fix_emb8.npz
[2019-03-31 18:20:32] Saving Adam parameters to model/model.src1tgt0.docnew.enc_depth.pretrained.frozen2.fix_emb8.npz.optimizer.npz
[2019-03-31 18:24:32] Seen 620307 samples
[2019-03-31 18:24:32] Starting epoch 2
[2019-03-31 18:24:32] [data] Shuffling data
[2019-03-31 18:24:32] [data] Done reading 620637 sentences
[2019-03-31 18:24:34] [data] Done shuffling 620637 sentences to temp files
[2019-03-31 18:26:40] Ep. 2 : Up. 4000 : Sen. 51,969 : Cost 243.64691162 : Time 379.91s : 13532.08 words/s : L.r. 5.0000e-05
[2019-03-31 18:26:40] Saving model weights and runtime parameters to model/model.src1tgt0.docnew.enc_depth.pretrained.frozen2.fix_emb8.npz.orig.npz
[2019-03-31 18:26:44] Saving model weights and runtime parameters to model/model.src1tgt0.docnew.enc_depth.pretrained.frozen2.fix_emb8.iter4000.npz
[2019-03-31 18:26:48] Saving model weights and runtime parameters to model/model.src1tgt0.docnew.enc_depth.pretrained.frozen2.fix_emb8.npz
[2019-03-31 18:26:53] Saving Adam parameters to model/model.src1tgt0.docnew.enc_depth.pretrained.frozen2.fix_emb8.npz.optimizer.npz
[2019-03-31 18:32:39] Ep. 2 : Up. 5000 : Sen. 223,074 : Cost 237.13389587 : Time 359.80s : 14678.79 words/s : L.r. 6.2500e-05
[2019-03-31 18:32:39] Saving model weights and runtime parameters to model/model.src1tgt0.docnew.enc_depth.pretrained.frozen2.fix_emb8.npz.orig.npz
[2019-03-31 18:32:44] Saving model weights and runtime parameters to model/model.src1tgt0.docnew.enc_depth.pretrained.frozen2.fix_emb8.iter5000.npz
[2019-03-31 18:32:48] Saving model weights and runtime parameters to model/model.src1tgt0.docnew.enc_depth.pretrained.frozen2.fix_emb8.npz
[2019-03-31 18:32:53] Saving Adam parameters to model/model.src1tgt0.docnew.enc_depth.pretrained.frozen2.fix_emb8.npz.optimizer.npz
[2019-03-31 18:38:34] Ep. 2 : Up. 6000 : Sen. 388,765 : Cost 232.35989380 : Time 354.38s : 14478.38 words/s : L.r. 7.5000e-05
[2019-03-31 18:38:34] Saving model weights and runtime parameters to model/model.src1tgt0.docnew.enc_depth.pretrained.frozen2.fix_emb8.npz.orig.npz
[2019-03-31 18:38:38] Saving model weights and runtime parameters to model/model.src1tgt0.docnew.enc_depth.pretrained.frozen2.fix_emb8.iter6000.npz
[2019-03-31 18:38:42] Saving model weights and runtime parameters to model/model.src1tgt0.docnew.enc_depth.pretrained.frozen2.fix_emb8.npz
[2019-03-31 18:38:47] Saving Adam parameters to model/model.src1tgt0.docnew.enc_depth.pretrained.frozen2.fix_emb8.npz.optimizer.npz
[2019-03-31 18:44:28] Ep. 2 : Up. 7000 : Sen. 557,397 : Cost 224.14706421 : Time 353.88s : 14582.53 words/s : L.r. 8.7500e-05
[2019-03-31 18:44:28] Saving model weights and runtime parameters to model/model.src1tgt0.docnew.enc_depth.pretrained.frozen2.fix_emb8.npz.orig.npz
[2019-03-31 18:44:32] Saving model weights and runtime parameters to model/model.src1tgt0.docnew.enc_depth.pretrained.frozen2.fix_emb8.iter7000.npz
[2019-03-31 18:44:36] Saving model weights and runtime parameters to model/model.src1tgt0.docnew.enc_depth.pretrained.frozen2.fix_emb8.npz
[2019-03-31 18:44:41] Saving Adam parameters to model/model.src1tgt0.docnew.enc_depth.pretrained.frozen2.fix_emb8.npz.optimizer.npz
[2019-03-31 18:46:51] Seen 620307 samples
[2019-03-31 18:46:51] Starting epoch 3
[2019-03-31 18:46:51] [data] Shuffling data
[2019-03-31 18:46:51] [data] Done reading 620637 sentences
[2019-03-31 18:46:53] [data] Done shuffling 620637 sentences to temp files
[2019-03-31 18:50:47] Ep. 3 : Up. 8000 : Sen. 110,521 : Cost 210.73237610 : Time 378.82s : 13478.43 words/s : L.r. 1.0000e-04
[2019-03-31 18:50:47] Saving model weights and runtime parameters to model/model.src1tgt0.docnew.enc_depth.pretrained.frozen2.fix_emb8.npz.orig.npz
[2019-03-31 18:50:51] Saving model weights and runtime parameters to model/model.src1tgt0.docnew.enc_depth.pretrained.frozen2.fix_emb8.iter8000.npz
[2019-03-31 18:50:55] Saving model weights and runtime parameters to model/model.src1tgt0.docnew.enc_depth.pretrained.frozen2.fix_emb8.npz
[2019-03-31 18:50:59] Saving Adam parameters to model/model.src1tgt0.docnew.enc_depth.pretrained.frozen2.fix_emb8.npz.optimizer.npz
[2019-03-31 18:56:46] Ep. 3 : Up. 9000 : Sen. 281,544 : Cost 217.19743347 : Time 359.91s : 14657.99 words/s : L.r. 1.1250e-04
[2019-03-31 18:56:46] Saving model weights and runtime parameters to model/model.src1tgt0.docnew.enc_depth.pretrained.frozen2.fix_emb8.npz.orig.npz
[2019-03-31 18:56:51] Saving model weights and runtime parameters to model/model.src1tgt0.docnew.enc_depth.pretrained.frozen2.fix_emb8.iter9000.npz
[2019-03-31 18:56:55] Saving model weights and runtime parameters to model/model.src1tgt0.docnew.enc_depth.pretrained.frozen2.fix_emb8.npz
[2019-03-31 18:57:00] Saving Adam parameters to model/model.src1tgt0.docnew.enc_depth.pretrained.frozen2.fix_emb8.npz.optimizer.npz
[2019-03-31 19:02:40] Ep. 3 : Up. 10000 : Sen. 447,429 : Cost 213.78045654 : Time 353.22s : 14471.22 words/s : L.r. 1.2500e-04
[2019-03-31 19:02:40] Saving model weights and runtime parameters to model/model.src1tgt0.docnew.enc_depth.pretrained.frozen2.fix_emb8.npz.orig.npz
[2019-03-31 19:02:44] Saving model weights and runtime parameters to model/model.src1tgt0.docnew.enc_depth.pretrained.frozen2.fix_emb8.iter10000.npz
[2019-03-31 19:02:48] Saving model weights and runtime parameters to model/model.src1tgt0.docnew.enc_depth.pretrained.frozen2.fix_emb8.npz
[2019-03-31 19:02:53] Saving Adam parameters to model/model.src1tgt0.docnew.enc_depth.pretrained.frozen2.fix_emb8.npz.optimizer.npz
[2019-03-31 19:03:11] Saving model weights and runtime parameters to model/model.src1tgt0.docnew.enc_depth.pretrained.frozen2.fix_emb8.npz.best-cross-entropy.npz
[2019-03-31 19:03:15] [valid] Ep. 3 : Up. 10000 : cross-entropy : 197.284 : new best
[2019-03-31 19:03:25] Saving model weights and runtime parameters to model/model.src1tgt0.docnew.enc_depth.pretrained.frozen2.fix_emb8.npz.best-perplexity.npz
[2019-03-31 19:03:29] [valid] Ep. 3 : Up. 10000 : perplexity : 585.825 : new best
Detokenizer Version $Revision: 4134 $
Language: en
[2019-03-31 19:08:21] Saving model weights and runtime parameters to model/model.src1tgt0.docnew.enc_depth.pretrained.frozen2.fix_emb8.npz.best-translation.npz
[2019-03-31 19:08:25] [valid] Ep. 3 : Up. 10000 : translation : 4 : new best
[2019-03-31 19:13:55] Ep. 3 : Up. 11000 : Sen. 612,963 : Cost 209.82241821 : Time 675.66s : 7534.46 words/s : L.r. 1.3750e-04
[2019-03-31 19:13:55] Saving model weights and runtime parameters to model/model.src1tgt0.docnew.enc_depth.pretrained.frozen2.fix_emb8.npz.orig.npz
train_doc_docnew_enc_depth_pretrain_freeze2.sh: řádek 29: 16375 Ukončen (SIGTERM)      $marian_home/marian --model model/model.src1tgt0.docnew.enc_depth.pretrained.frozen2.fix_emb8.npz --pretrained-model ../src0tgt0/model/model.src0tgt0_to_tgt0.newbase.160.npz.best-perplexity.npz --type transformer-context --train-sets corp/europarl.cs-en.docs.train.en.bpe.src_prev corp/europarl.cs-en.docs.train.en.bpe.src corp/europarl.cs-en.docs.train.cz.bpe --max-length 160 --dim-vocabs 30000 30000 --embedding-fix-src --embedding-fix-trg --vocabs corp/vocab.encz.opensub.new.yml corp/vocab.encz.opensub.new.yml corp/vocab.encz.opensub.new.yml --mini-batch-fit -w 7800 --mini-batch 1000 --maxi-batch 1000 --early-stopping 10 --freeze --valid-freq 10000 --save-freq 1000 --disp-freq 1000 --valid-metrics cross-entropy perplexity translation --valid-sets corp/europarl.cs-en.docs.dev.en.bpe.src_prev corp/europarl.cs-en.docs.dev.en.bpe.src corp/europarl.cs-en.docs.dev.cz.bpe --valid-script-path ./val.sh --valid-translation-output data/valid.bpe.en.output --quiet-translation --valid-mini-batch 16 --keep-best --beam-size 6 --normalize 0.6 --log model/train_trans.gate.log --valid-log model/valid_trans.gate.log --enc-depth 6 --dec-depth 6 --transformer-heads 8 --transformer-postprocess-emb d --transformer-postprocess dan --transformer-dropout 0.1 --label-smoothing 0.1 --learn-rate 0.0002 --lr-warmup 16000 --lr-decay-inv-sqrt 16000 --lr-report --optimizer-params 0.9 0.98 1e-09 --clip-norm 5 --tied-embeddings-all --optimizer-delay 4 --devices 0 --no-nccl --sync-sgd --seed 1111 --exponential-smoothing --no-restore-corpus
