[2019-02-27 11:38:53] [marian] Marian v1.7.8 63e1cfe4 2019-02-11 21:04:00 -0800
[2019-02-27 11:38:53] [marian] Running on pcknot5 as process 18162 with command line:
[2019-02-27 11:38:53] [marian] /mnt/minerva1/nlp/projects/nmt/marian-doc/marian-dev/build/marian --model model/model.src1tgt0.dual.doc.same_embedding.npz --type multi-transformer --train-sets corp/europarl.cs-en.docs.train.en.bpe.src_prev corp/europarl.cs-en.docs.train.en.bpe.src corp/europarl.cs-en.docs.train.cz.bpe --max-length 55 --dim-vocabs 30000 30000 --vocabs corp/vocab.encs.europarl.yml corp/vocab.encs.europarl.yml corp/vocab.encs.europarl.yml --mini-batch-fit -w 8900 --mini-batch 1000 --maxi-batch 1000 --early-stopping 10 --valid-freq 5000 --save-freq 5000 --disp-freq 500 --valid-metrics cross-entropy perplexity translation --valid-sets corp/europarl.cs-en.docs.dev.en.bpe.src_prev corp/europarl.cs-en.docs.dev.en.bpe.src corp/europarl.cs-en.docs.dev.cz.bpe --valid-script-path ./val.sh --valid-translation-output data/valid.bpe.en.output --quiet-translation --valid-mini-batch 16 --beam-size 6 --normalize 0.6 --log model/train_trans.doc.log --valid-log model/valid_trans.doc.log --enc-depth 6 --dec-depth 6 --transformer-heads 8 --transformer-postprocess-emb d --transformer-postprocess dan --transformer-dropout 0.1 --label-smoothing 0.1 --learn-rate 0.0003 --lr-warmup 16000 --lr-decay-inv-sqrt 16000 --lr-report --optimizer-params 0.9 0.98 1e-09 --clip-norm 5 --tied-embeddings-all --optimizer-delay 8 --devices 0 --sync-sgd --seed 1111 --exponential-smoothing --no-restore-corpus
[2019-02-27 11:38:53] [config] after-batches: 0
[2019-02-27 11:38:53] [config] after-epochs: 0
[2019-02-27 11:38:53] [config] allow-unk: false
[2019-02-27 11:38:53] [config] beam-size: 6
[2019-02-27 11:38:53] [config] bert-class-symbol: "[CLS]"
[2019-02-27 11:38:53] [config] bert-mask-symbol: "[MASK]"
[2019-02-27 11:38:53] [config] bert-masking-fraction: 0.15
[2019-02-27 11:38:53] [config] bert-sep-symbol: "[SEP]"
[2019-02-27 11:38:53] [config] bert-train-type-embeddings: true
[2019-02-27 11:38:53] [config] bert-type-vocab-size: 2
[2019-02-27 11:38:53] [config] best-deep: false
[2019-02-27 11:38:53] [config] clip-gemm: 0
[2019-02-27 11:38:53] [config] clip-norm: 5
[2019-02-27 11:38:53] [config] cost-type: ce-mean
[2019-02-27 11:38:53] [config] cpu-threads: 0
[2019-02-27 11:38:53] [config] data-weighting: ""
[2019-02-27 11:38:53] [config] data-weighting-type: sentence
[2019-02-27 11:38:53] [config] dec-cell: gru
[2019-02-27 11:38:53] [config] dec-cell-base-depth: 2
[2019-02-27 11:38:53] [config] dec-cell-high-depth: 1
[2019-02-27 11:38:53] [config] dec-depth: 6
[2019-02-27 11:38:53] [config] devices:
[2019-02-27 11:38:53] [config]   - 0
[2019-02-27 11:38:53] [config] dim-emb: 512
[2019-02-27 11:38:53] [config] dim-rnn: 1024
[2019-02-27 11:38:53] [config] dim-vocabs:
[2019-02-27 11:38:53] [config]   - 30000
[2019-02-27 11:38:53] [config]   - 30000
[2019-02-27 11:38:53] [config]   - 30000
[2019-02-27 11:38:53] [config] disp-first: 0
[2019-02-27 11:38:53] [config] disp-freq: 500
[2019-02-27 11:38:53] [config] disp-label-counts: false
[2019-02-27 11:38:53] [config] dropout-rnn: 0
[2019-02-27 11:38:53] [config] dropout-src: 0
[2019-02-27 11:38:53] [config] dropout-trg: 0
[2019-02-27 11:38:53] [config] dump-config: ""
[2019-02-27 11:38:53] [config] early-stopping: 10
[2019-02-27 11:38:53] [config] embedding-fix-src: false
[2019-02-27 11:38:53] [config] embedding-fix-trg: false
[2019-02-27 11:38:53] [config] embedding-normalization: false
[2019-02-27 11:38:53] [config] embedding-vectors:
[2019-02-27 11:38:53] [config]   []
[2019-02-27 11:38:53] [config] enc-cell: gru
[2019-02-27 11:38:53] [config] enc-cell-depth: 1
[2019-02-27 11:38:53] [config] enc-depth: 6
[2019-02-27 11:38:53] [config] enc-type: bidirectional
[2019-02-27 11:38:53] [config] exponential-smoothing: 0.0001
[2019-02-27 11:38:53] [config] grad-dropping-momentum: 0
[2019-02-27 11:38:53] [config] grad-dropping-rate: 0
[2019-02-27 11:38:53] [config] grad-dropping-warmup: 100
[2019-02-27 11:38:53] [config] guided-alignment: none
[2019-02-27 11:38:53] [config] guided-alignment-cost: mse
[2019-02-27 11:38:53] [config] guided-alignment-weight: 0.1
[2019-02-27 11:38:53] [config] ignore-model-config: false
[2019-02-27 11:38:53] [config] input-types:
[2019-02-27 11:38:53] [config]   []
[2019-02-27 11:38:53] [config] interpolate-env-vars: false
[2019-02-27 11:38:53] [config] keep-best: true
[2019-02-27 11:38:53] [config] label-smoothing: 0.1
[2019-02-27 11:38:53] [config] layer-normalization: false
[2019-02-27 11:38:53] [config] learn-rate: 0.0003
[2019-02-27 11:38:53] [config] log: model/train_trans.doc.log
[2019-02-27 11:38:53] [config] log-level: info
[2019-02-27 11:38:53] [config] log-time-zone: ""
[2019-02-27 11:38:53] [config] lr-decay: 0
[2019-02-27 11:38:53] [config] lr-decay-freq: 50000
[2019-02-27 11:38:53] [config] lr-decay-inv-sqrt:
[2019-02-27 11:38:53] [config]   - 16000
[2019-02-27 11:38:53] [config] lr-decay-repeat-warmup: false
[2019-02-27 11:38:53] [config] lr-decay-reset-optimizer: false
[2019-02-27 11:38:53] [config] lr-decay-start:
[2019-02-27 11:38:53] [config]   - 10
[2019-02-27 11:38:53] [config]   - 1
[2019-02-27 11:38:53] [config] lr-decay-strategy: epoch+stalled
[2019-02-27 11:38:53] [config] lr-report: true
[2019-02-27 11:38:53] [config] lr-warmup: 16000
[2019-02-27 11:38:53] [config] lr-warmup-at-reload: false
[2019-02-27 11:38:53] [config] lr-warmup-cycle: false
[2019-02-27 11:38:53] [config] lr-warmup-start-rate: 0
[2019-02-27 11:38:53] [config] max-length: 55
[2019-02-27 11:38:53] [config] max-length-crop: false
[2019-02-27 11:38:53] [config] max-length-factor: 3
[2019-02-27 11:38:53] [config] maxi-batch: 1000
[2019-02-27 11:38:53] [config] maxi-batch-sort: trg
[2019-02-27 11:38:53] [config] mini-batch: 1000
[2019-02-27 11:38:53] [config] mini-batch-fit: true
[2019-02-27 11:38:53] [config] mini-batch-fit-step: 10
[2019-02-27 11:38:53] [config] mini-batch-overstuff: 1
[2019-02-27 11:38:53] [config] mini-batch-track-lr: false
[2019-02-27 11:38:53] [config] mini-batch-understuff: 1
[2019-02-27 11:38:53] [config] mini-batch-warmup: 0
[2019-02-27 11:38:53] [config] mini-batch-words: 0
[2019-02-27 11:38:53] [config] mini-batch-words-ref: 0
[2019-02-27 11:38:53] [config] model: model/model.src1tgt0.dual.doc.same_embedding.npz
[2019-02-27 11:38:53] [config] multi-loss-type: sum
[2019-02-27 11:38:53] [config] multi-node: false
[2019-02-27 11:38:53] [config] multi-node-overlap: true
[2019-02-27 11:38:53] [config] n-best: false
[2019-02-27 11:38:53] [config] no-nccl: false
[2019-02-27 11:38:53] [config] no-reload: false
[2019-02-27 11:38:53] [config] no-restore-corpus: true
[2019-02-27 11:38:53] [config] no-shuffle: false
[2019-02-27 11:38:53] [config] normalize: 0.6
[2019-02-27 11:38:53] [config] num-devices: 0
[2019-02-27 11:38:53] [config] optimizer: adam
[2019-02-27 11:38:53] [config] optimizer-delay: 8
[2019-02-27 11:38:53] [config] optimizer-params:
[2019-02-27 11:38:53] [config]   - 0.9
[2019-02-27 11:38:53] [config]   - 0.98
[2019-02-27 11:38:53] [config]   - 1e-09
[2019-02-27 11:38:53] [config] overwrite: true
[2019-02-27 11:38:53] [config] pretrained-model: ""
[2019-02-27 11:38:53] [config] quiet: false
[2019-02-27 11:38:53] [config] quiet-translation: true
[2019-02-27 11:38:53] [config] relative-paths: false
[2019-02-27 11:38:53] [config] right-left: false
[2019-02-27 11:38:53] [config] save-freq: 5000
[2019-02-27 11:38:53] [config] seed: 1111
[2019-02-27 11:38:53] [config] shuffle-in-ram: false
[2019-02-27 11:38:53] [config] skip: false
[2019-02-27 11:38:53] [config] sqlite: ""
[2019-02-27 11:38:53] [config] sqlite-drop: false
[2019-02-27 11:38:53] [config] sync-sgd: true
[2019-02-27 11:38:53] [config] tempdir: /tmp
[2019-02-27 11:38:53] [config] tied-embeddings: false
[2019-02-27 11:38:53] [config] tied-embeddings-all: true
[2019-02-27 11:38:53] [config] tied-embeddings-src: false
[2019-02-27 11:38:53] [config] train-sets:
[2019-02-27 11:38:53] [config]   - corp/europarl.cs-en.docs.train.en.bpe.src_prev
[2019-02-27 11:38:53] [config]   - corp/europarl.cs-en.docs.train.en.bpe.src
[2019-02-27 11:38:53] [config]   - corp/europarl.cs-en.docs.train.cz.bpe
[2019-02-27 11:38:53] [config] transformer-aan-activation: swish
[2019-02-27 11:38:53] [config] transformer-aan-depth: 2
[2019-02-27 11:38:53] [config] transformer-aan-nogate: false
[2019-02-27 11:38:53] [config] transformer-decoder-autoreg: self-attention
[2019-02-27 11:38:53] [config] transformer-dim-aan: 2048
[2019-02-27 11:38:53] [config] transformer-dim-ffn: 2048
[2019-02-27 11:38:53] [config] transformer-dropout: 0.1
[2019-02-27 11:38:53] [config] transformer-dropout-attention: 0
[2019-02-27 11:38:53] [config] transformer-dropout-ffn: 0
[2019-02-27 11:38:53] [config] transformer-ffn-activation: swish
[2019-02-27 11:38:53] [config] transformer-ffn-depth: 2
[2019-02-27 11:38:53] [config] transformer-guided-alignment-layer: last
[2019-02-27 11:38:53] [config] transformer-heads: 8
[2019-02-27 11:38:53] [config] transformer-no-projection: false
[2019-02-27 11:38:53] [config] transformer-postprocess: dan
[2019-02-27 11:38:53] [config] transformer-postprocess-emb: d
[2019-02-27 11:38:53] [config] transformer-preprocess: ""
[2019-02-27 11:38:53] [config] transformer-tied-layers:
[2019-02-27 11:38:53] [config]   []
[2019-02-27 11:38:53] [config] transformer-train-position-embeddings: false
[2019-02-27 11:38:53] [config] type: transformer-context
[2019-02-27 11:38:53] [config] ulr: false
[2019-02-27 11:38:53] [config] ulr-dim-emb: 0
[2019-02-27 11:38:53] [config] ulr-dropout: 0
[2019-02-27 11:38:53] [config] ulr-keys-vectors: ""
[2019-02-27 11:38:53] [config] ulr-query-vectors: ""
[2019-02-27 11:38:53] [config] ulr-softmax-temperature: 1
[2019-02-27 11:38:53] [config] ulr-trainable-transformation: false
[2019-02-27 11:38:53] [config] valid-freq: 5000
[2019-02-27 11:38:53] [config] valid-log: model/valid_trans.doc.log
[2019-02-27 11:38:53] [config] valid-max-length: 1000
[2019-02-27 11:38:53] [config] valid-metrics:
[2019-02-27 11:38:53] [config]   - cross-entropy
[2019-02-27 11:38:53] [config]   - perplexity
[2019-02-27 11:38:53] [config]   - translation
[2019-02-27 11:38:53] [config] valid-mini-batch: 16
[2019-02-27 11:38:53] [config] valid-script-path: ./val.sh
[2019-02-27 11:38:53] [config] valid-sets:
[2019-02-27 11:38:53] [config]   - corp/europarl.cs-en.docs.dev.en.bpe.src_prev
[2019-02-27 11:38:53] [config]   - corp/europarl.cs-en.docs.dev.en.bpe.src
[2019-02-27 11:38:53] [config]   - corp/europarl.cs-en.docs.dev.cz.bpe
[2019-02-27 11:38:53] [config] valid-translation-output: data/valid.bpe.en.output
[2019-02-27 11:38:53] [config] version: v1.7.8 63e1cfe4 2019-02-11 21:04:00 -0800
[2019-02-27 11:38:53] [config] vocabs:
[2019-02-27 11:38:53] [config]   - corp/vocab.encs.europarl.yml
[2019-02-27 11:38:53] [config]   - corp/vocab.encs.europarl.yml
[2019-02-27 11:38:53] [config]   - corp/vocab.encs.europarl.yml
[2019-02-27 11:38:53] [config] word-penalty: 0
[2019-02-27 11:38:53] [config] workspace: 8900
[2019-02-27 11:38:53] [config] Loaded model has been created with Marian v1.7.8 63e1cfe4 2019-02-11 21:04:00 -0800
[2019-02-27 11:38:53] Using synchronous training
[2019-02-27 11:38:53] [data] Loading vocabulary from JSON/Yaml file corp/vocab.encs.europarl.yml
[2019-02-27 11:38:54] [data] Setting vocabulary size for input 0 to 30000
[2019-02-27 11:38:54] [data] Loading vocabulary from JSON/Yaml file corp/vocab.encs.europarl.yml
[2019-02-27 11:38:54] [data] Setting vocabulary size for input 1 to 30000
[2019-02-27 11:38:54] [data] Loading vocabulary from JSON/Yaml file corp/vocab.encs.europarl.yml
[2019-02-27 11:38:54] [data] Setting vocabulary size for input 2 to 30000
[2019-02-27 11:38:54] Compiled without MPI support. Falling back to FakeMPIWrapper
[2019-02-27 11:38:54] [batching] Collecting statistics for batch fitting with step size 10
[2019-02-27 11:38:54] [memory] Extending reserved space to 8960 MB (device gpu0)
[2019-02-27 11:38:55] [comm] Using NCCL 2.4.2 for GPU communication
[2019-02-27 11:38:55] [comm] NCCLCommunicator constructed successfully.
[2019-02-27 11:38:55] [training] Using 1 GPUs
[2019-02-27 11:38:55] [memory] Reserving 287 MB, device gpu0
[2019-02-27 11:38:55] [gpu] 16-bit TensorCores enabled for float32 matrix operations
[2019-02-27 11:38:55] [memory] Reserving 287 MB, device gpu0
[2019-02-27 11:39:00] [batching] Done. Typical MB size is 40333 target words
[2019-02-27 11:39:00] [memory] Extending reserved space to 8960 MB (device gpu0)
[2019-02-27 11:39:01] [comm] Using NCCL 2.4.2 for GPU communication
[2019-02-27 11:39:01] [comm] NCCLCommunicator constructed successfully.
[2019-02-27 11:39:01] [training] Using 1 GPUs
[2019-02-27 11:39:01] Loading model from model/model.src1tgt0.dual.doc.same_embedding.npz.orig.npz
[2019-02-27 11:39:04] Loading Adam parameters from model/model.src1tgt0.dual.doc.same_embedding.npz.optimizer.npz
[2019-02-27 11:39:09] [memory] Reserving 574 MB, device gpu0
[2019-02-27 11:39:10] [training] Model reloaded from model/model.src1tgt0.dual.doc.same_embedding.npz
[2019-02-27 11:39:10] Training started
[2019-02-27 11:39:10] [data] Shuffling data
[2019-02-27 11:39:10] [data] Done reading 620637 sentences
[2019-02-27 11:39:12] [data] Done shuffling 620637 sentences to temp files
[2019-02-27 11:39:32] [training] Batches are processed as 1 process(es) x 1 devices/process
[2019-02-27 11:39:32] [memory] Reserving 287 MB, device gpu0
[2019-02-27 11:39:33] [memory] Reserving 287 MB, device gpu0
[2019-02-27 11:39:33] Loading model from model/model.src1tgt0.dual.doc.same_embedding.npz
[2019-02-27 11:39:35] [memory] Reserving 287 MB, device cpu0
[2019-02-27 11:39:35] [memory] Reserving 287 MB, device gpu0
[2019-02-27 11:49:01] Ep. 47 : Up. 35500 : Sen. 331,519 : Cost 52.19229507 : Time 606.95s : 14556.85 words/s : L.r. 2.0140e-04
[2019-02-27 11:54:10] Seen 515211 samples
[2019-02-27 11:54:10] Starting epoch 48
[2019-02-27 11:54:10] [data] Shuffling data
[2019-02-27 11:54:11] [data] Done reading 620637 sentences
[2019-02-27 11:54:13] [data] Done shuffling 620637 sentences to temp files
[2019-02-27 11:58:38] Ep. 48 : Up. 36000 : Sen. 143,644 : Cost 51.40594864 : Time 576.71s : 14895.47 words/s : L.r. 2.0000e-04
[2019-02-27 12:08:09] Ep. 48 : Up. 36500 : Sen. 475,672 : Cost 52.63211060 : Time 571.34s : 15586.78 words/s : L.r. 1.9863e-04
[2019-02-27 12:09:12] Seen 515211 samples
[2019-02-27 12:09:12] Starting epoch 49
[2019-02-27 12:09:12] [data] Shuffling data
[2019-02-27 12:09:13] [data] Done reading 620637 sentences
[2019-02-27 12:09:15] [data] Done shuffling 620637 sentences to temp files
[2019-02-27 12:18:03] Ep. 49 : Up. 37000 : Sen. 292,199 : Cost 51.86839676 : Time 594.17s : 14911.11 words/s : L.r. 1.9728e-04
[2019-02-27 12:24:15] Seen 515211 samples
[2019-02-27 12:24:15] Starting epoch 50
[2019-02-27 12:24:15] [data] Shuffling data
[2019-02-27 12:24:16] [data] Done reading 620637 sentences
[2019-02-27 12:24:18] [data] Done shuffling 620637 sentences to temp files
[2019-02-27 12:27:37] Ep. 50 : Up. 37500 : Sen. 106,269 : Cost 50.05513382 : Time 573.66s : 14805.17 words/s : L.r. 1.9596e-04
[2019-02-27 12:37:10] Ep. 50 : Up. 38000 : Sen. 440,875 : Cost 51.72608566 : Time 573.25s : 15584.92 words/s : L.r. 1.9467e-04
[2019-02-27 12:39:18] Seen 515211 samples
[2019-02-27 12:39:18] Starting epoch 51
[2019-02-27 12:39:18] [data] Shuffling data
[2019-02-27 12:39:18] [data] Done reading 620637 sentences
[2019-02-27 12:39:20] [data] Done shuffling 620637 sentences to temp files
[2019-02-27 12:46:49] Ep. 51 : Up. 38500 : Sen. 252,788 : Cost 50.77249146 : Time 579.41s : 14889.45 words/s : L.r. 1.9340e-04
[2019-02-27 12:54:20] Seen 515211 samples
[2019-02-27 12:54:20] Starting epoch 52
[2019-02-27 12:54:20] [data] Shuffling data
[2019-02-27 12:54:21] [data] Done reading 620637 sentences
[2019-02-27 12:54:23] [data] Done shuffling 620637 sentences to temp files
[2019-02-27 12:56:40] Ep. 52 : Up. 39000 : Sen. 67,896 : Cost 51.22192001 : Time 590.18s : 14857.90 words/s : L.r. 1.9215e-04
[2019-02-27 13:06:11] Ep. 52 : Up. 39500 : Sen. 401,500 : Cost 51.40945053 : Time 571.13s : 15615.89 words/s : L.r. 1.9093e-04
[2019-02-27 13:09:23] Seen 515211 samples
[2019-02-27 13:09:23] Starting epoch 53
[2019-02-27 13:09:23] [data] Shuffling data
[2019-02-27 13:09:23] [data] Done reading 620637 sentences
[2019-02-27 13:09:25] [data] Done shuffling 620637 sentences to temp files
[2019-02-27 13:16:00] Ep. 53 : Up. 40000 : Sen. 216,286 : Cost 50.79796982 : Time 588.76s : 14926.81 words/s : L.r. 1.8974e-04
[2019-02-27 13:16:00] Saving model weights and runtime parameters to model/model.src1tgt0.dual.doc.same_embedding.npz.orig.npz
[2019-02-27 13:16:05] Saving model weights and runtime parameters to model/model.src1tgt0.dual.doc.same_embedding.npz
[2019-02-27 13:16:09] Saving Adam parameters to model/model.src1tgt0.dual.doc.same_embedding.npz.optimizer.npz
[2019-02-27 13:16:27] [valid] Ep. 53 : Up. 40000 : cross-entropy : 52.5297 : stalled 2 times (last best: 48.7626)
[2019-02-27 13:16:36] [valid] Ep. 53 : Up. 40000 : perplexity : 5.45706 : stalled 2 times (last best: 4.8318)
Detokenizer Version $Revision: 4134 $
Language: en
[2019-02-27 13:19:41] [valid] Ep. 53 : Up. 40000 : translation : 27.6 : stalled 2 times (last best: 28.1)
[2019-02-27 13:28:06] Seen 515211 samples
[2019-02-27 13:28:06] Starting epoch 54
[2019-02-27 13:28:06] [data] Shuffling data
[2019-02-27 13:28:06] [data] Done reading 620637 sentences
[2019-02-27 13:28:09] [data] Done shuffling 620637 sentences to temp files
[2019-02-27 13:29:25] Ep. 54 : Up. 40500 : Sen. 31,791 : Cost 50.20962906 : Time 805.59s : 10767.10 words/s : L.r. 1.8856e-04
[2019-02-27 13:38:42] Ep. 54 : Up. 41000 : Sen. 359,277 : Cost 49.75008774 : Time 556.63s : 15450.65 words/s : L.r. 1.8741e-04
[2019-02-27 13:43:07] Seen 515211 samples
[2019-02-27 13:43:07] Starting epoch 55
[2019-02-27 13:43:07] [data] Shuffling data
[2019-02-27 13:43:08] [data] Done reading 620637 sentences
[2019-02-27 13:43:10] [data] Done shuffling 620637 sentences to temp files
[2019-02-27 13:48:31] Ep. 55 : Up. 41500 : Sen. 176,048 : Cost 50.44240189 : Time 589.41s : 14962.35 words/s : L.r. 1.8628e-04
[2019-02-27 13:57:57] Ep. 55 : Up. 42000 : Sen. 507,815 : Cost 50.67822266 : Time 565.86s : 15584.77 words/s : L.r. 1.8516e-04
[2019-02-27 13:58:09] Seen 515211 samples
[2019-02-27 13:58:09] Starting epoch 56
[2019-02-27 13:58:09] [data] Shuffling data
[2019-02-27 13:58:09] [data] Done reading 620637 sentences
[2019-02-27 13:58:11] [data] Done shuffling 620637 sentences to temp files
[2019-02-27 14:07:46] Ep. 56 : Up. 42500 : Sen. 322,528 : Cost 50.08839798 : Time 589.04s : 14943.78 words/s : L.r. 1.8407e-04
[2019-02-27 14:13:10] Seen 515211 samples
[2019-02-27 14:13:10] Starting epoch 57
[2019-02-27 14:13:10] [data] Shuffling data
[2019-02-27 14:13:10] [data] Done reading 620637 sentences
[2019-02-27 14:13:12] [data] Done shuffling 620637 sentences to temp files
[2019-02-27 14:17:31] Ep. 57 : Up. 43000 : Sen. 140,582 : Cost 49.30952072 : Time 584.62s : 14927.14 words/s : L.r. 1.8300e-04
[2019-02-27 14:26:54] Ep. 57 : Up. 43500 : Sen. 470,434 : Cost 50.04777145 : Time 563.55s : 15514.93 words/s : L.r. 1.8194e-04
[2019-02-27 14:28:10] Seen 515211 samples
[2019-02-27 14:28:10] Starting epoch 58
[2019-02-27 14:28:10] [data] Shuffling data
[2019-02-27 14:28:10] [data] Done reading 620637 sentences
[2019-02-27 14:28:12] [data] Done shuffling 620637 sentences to temp files
[2019-02-27 14:36:42] Ep. 58 : Up. 44000 : Sen. 285,384 : Cost 49.84865952 : Time 587.62s : 14997.82 words/s : L.r. 1.8091e-04
[2019-02-27 14:43:11] Seen 515211 samples
[2019-02-27 14:43:11] Starting epoch 59
[2019-02-27 14:43:11] [data] Shuffling data
[2019-02-27 14:43:11] [data] Done reading 620637 sentences
[2019-02-27 14:43:13] [data] Done shuffling 620637 sentences to temp files
[2019-02-27 14:46:20] Ep. 59 : Up. 44500 : Sen. 100,241 : Cost 48.44597626 : Time 578.33s : 14776.14 words/s : L.r. 1.7989e-04
[2019-02-27 14:55:48] Ep. 59 : Up. 45000 : Sen. 431,274 : Cost 50.07192612 : Time 567.47s : 15630.74 words/s : L.r. 1.7889e-04
[2019-02-27 14:55:48] Saving model weights and runtime parameters to model/model.src1tgt0.dual.doc.same_embedding.npz.orig.npz
[2019-02-27 14:55:54] Saving model weights and runtime parameters to model/model.src1tgt0.dual.doc.same_embedding.npz
[2019-02-27 14:55:59] Saving Adam parameters to model/model.src1tgt0.dual.doc.same_embedding.npz.optimizer.npz
[2019-02-27 14:56:17] [valid] Ep. 59 : Up. 45000 : cross-entropy : 53.8301 : stalled 3 times (last best: 48.7626)
[2019-02-27 14:56:26] [valid] Ep. 59 : Up. 45000 : perplexity : 5.69118 : stalled 3 times (last best: 4.8318)
Detokenizer Version $Revision: 4134 $
Language: en
[2019-02-27 14:59:32] [valid] Ep. 59 : Up. 45000 : translation : 27.4 : stalled 3 times (last best: 28.1)
[2019-02-27 15:01:56] Seen 515211 samples
[2019-02-27 15:01:56] Starting epoch 60
[2019-02-27 15:01:56] [data] Shuffling data
[2019-02-27 15:01:56] [data] Done reading 620637 sentences
[2019-02-27 15:01:58] [data] Done shuffling 620637 sentences to temp files
[2019-02-27 15:09:15] Ep. 60 : Up. 45500 : Sen. 246,488 : Cost 48.83301163 : Time 807.58s : 10765.51 words/s : L.r. 1.7790e-04
[2019-02-27 15:16:56] Seen 515211 samples
[2019-02-27 15:16:56] Starting epoch 61
[2019-02-27 15:16:56] [data] Shuffling data
[2019-02-27 15:16:56] [data] Done reading 620637 sentences
[2019-02-27 15:16:59] [data] Done shuffling 620637 sentences to temp files
[2019-02-27 15:19:06] Ep. 61 : Up. 46000 : Sen. 61,612 : Cost 50.10560226 : Time 590.64s : 15009.81 words/s : L.r. 1.7693e-04
[2019-02-27 15:28:32] Ep. 61 : Up. 46500 : Sen. 390,336 : Cost 49.68395996 : Time 566.25s : 15552.25 words/s : L.r. 1.7598e-04
[2019-02-27 15:31:56] Seen 515211 samples
[2019-02-27 15:31:56] Starting epoch 62
[2019-02-27 15:31:56] [data] Shuffling data
[2019-02-27 15:31:57] [data] Done reading 620637 sentences
[2019-02-27 15:31:59] [data] Done shuffling 620637 sentences to temp files
[2019-02-27 15:38:13] Ep. 62 : Up. 47000 : Sen. 207,271 : Cost 48.39073563 : Time 581.16s : 14959.20 words/s : L.r. 1.7504e-04
[2019-02-27 15:46:58] Seen 515211 samples
[2019-02-27 15:46:58] Starting epoch 63
[2019-02-27 15:46:58] [data] Shuffling data
[2019-02-27 15:46:59] [data] Done reading 620637 sentences
[2019-02-27 15:47:01] [data] Done shuffling 620637 sentences to temp files
[2019-02-27 15:48:04] Ep. 63 : Up. 47500 : Sen. 23,942 : Cost 49.09555817 : Time 591.16s : 14907.81 words/s : L.r. 1.7411e-04
[2019-02-27 15:57:26] Ep. 63 : Up. 48000 : Sen. 352,427 : Cost 48.37345505 : Time 561.47s : 15445.94 words/s : L.r. 1.7321e-04
[2019-02-27 16:02:00] Seen 515211 samples
[2019-02-27 16:02:00] Starting epoch 64
[2019-02-27 16:02:00] [data] Shuffling data
[2019-02-27 16:02:01] [data] Done reading 620637 sentences
[2019-02-27 16:02:03] [data] Done shuffling 620637 sentences to temp files
[2019-02-27 16:07:12] Ep. 64 : Up. 48500 : Sen. 173,214 : Cost 47.86714554 : Time 586.10s : 14942.19 words/s : L.r. 1.7231e-04
[2019-02-27 16:16:38] Ep. 64 : Up. 49000 : Sen. 500,345 : Cost 49.66194534 : Time 565.96s : 15543.00 words/s : L.r. 1.7143e-04
[2019-02-27 16:17:03] Seen 515211 samples
[2019-02-27 16:17:03] Starting epoch 65
[2019-02-27 16:17:03] [data] Shuffling data
[2019-02-27 16:17:03] [data] Done reading 620637 sentences
[2019-02-27 16:17:05] [data] Done shuffling 620637 sentences to temp files
[2019-02-27 16:26:21] Ep. 65 : Up. 49500 : Sen. 315,626 : Cost 47.61676025 : Time 583.48s : 14833.77 words/s : L.r. 1.7056e-04
[2019-02-27 16:32:04] Seen 515211 samples
[2019-02-27 16:32:04] Starting epoch 66
[2019-02-27 16:32:04] [data] Shuffling data
[2019-02-27 16:32:05] [data] Done reading 620637 sentences
[2019-02-27 16:32:07] [data] Done shuffling 620637 sentences to temp files
[2019-02-27 16:36:14] Ep. 66 : Up. 50000 : Sen. 130,519 : Cost 49.50254822 : Time 592.81s : 15026.28 words/s : L.r. 1.6971e-04
[2019-02-27 16:36:14] Saving model weights and runtime parameters to model/model.src1tgt0.dual.doc.same_embedding.npz.orig.npz
[2019-02-27 16:36:20] Saving model weights and runtime parameters to model/model.src1tgt0.dual.doc.same_embedding.npz
[2019-02-27 16:36:25] Saving Adam parameters to model/model.src1tgt0.dual.doc.same_embedding.npz.optimizer.npz
[2019-02-27 16:36:42] [valid] Ep. 66 : Up. 50000 : cross-entropy : 55.0545 : stalled 4 times (last best: 48.7626)
[2019-02-27 16:36:51] [valid] Ep. 66 : Up. 50000 : perplexity : 5.9208 : stalled 4 times (last best: 4.8318)
Detokenizer Version $Revision: 4134 $
Language: en
[2019-02-27 16:39:57] [valid] Ep. 66 : Up. 50000 : translation : 27.3 : stalled 4 times (last best: 28.1)
[2019-02-27 16:49:19] Ep. 66 : Up. 50500 : Sen. 463,184 : Cost 47.69509506 : Time 784.33s : 11085.15 words/s : L.r. 1.6886e-04
[2019-02-27 16:50:50] Seen 515211 samples
[2019-02-27 16:50:50] Starting epoch 67
[2019-02-27 16:50:50] [data] Shuffling data
[2019-02-27 16:50:50] [data] Done reading 620637 sentences
[2019-02-27 16:50:52] [data] Done shuffling 620637 sentences to temp files
[2019-02-27 16:59:11] Ep. 67 : Up. 51000 : Sen. 277,663 : Cost 48.94866562 : Time 592.82s : 14963.35 words/s : L.r. 1.6803e-04
[2019-02-27 17:05:53] Seen 515211 samples
[2019-02-27 17:05:53] Starting epoch 68
[2019-02-27 17:05:53] [data] Shuffling data
[2019-02-27 17:05:53] [data] Done reading 620637 sentences
[2019-02-27 17:05:55] [data] Done shuffling 620637 sentences to temp files
[2019-02-27 17:08:52] Ep. 68 : Up. 51500 : Sen. 94,523 : Cost 47.05886459 : Time 580.87s : 14821.79 words/s : L.r. 1.6722e-04
[2019-02-27 17:18:19] Ep. 68 : Up. 52000 : Sen. 423,784 : Cost 48.54013443 : Time 566.32s : 15549.27 words/s : L.r. 1.6641e-04
[2019-02-27 17:20:55] Seen 515211 samples
[2019-02-27 17:20:55] Starting epoch 69
[2019-02-27 17:20:55] [data] Shuffling data
[2019-02-27 17:20:55] [data] Done reading 620637 sentences
[2019-02-27 17:20:57] [data] Done shuffling 620637 sentences to temp files
[2019-02-27 17:28:13] Ep. 69 : Up. 52500 : Sen. 238,183 : Cost 48.79809952 : Time 594.02s : 14929.44 words/s : L.r. 1.6562e-04
[2019-02-27 17:35:56] Seen 515211 samples
[2019-02-27 17:35:56] Starting epoch 70
[2019-02-27 17:35:56] [data] Shuffling data
[2019-02-27 17:35:57] [data] Done reading 620637 sentences
[2019-02-27 17:35:59] [data] Done shuffling 620637 sentences to temp files
[2019-02-27 17:37:54] Ep. 70 : Up. 53000 : Sen. 53,811 : Cost 47.32395935 : Time 581.49s : 14906.75 words/s : L.r. 1.6483e-04
[2019-02-27 17:47:20] Ep. 70 : Up. 53500 : Sen. 385,358 : Cost 47.72238922 : Time 565.92s : 15524.72 words/s : L.r. 1.6406e-04
[2019-02-27 17:50:58] Seen 515211 samples
[2019-02-27 17:50:58] Starting epoch 71
[2019-02-27 17:50:58] [data] Shuffling data
[2019-02-27 17:50:58] [data] Done reading 620637 sentences
[2019-02-27 17:51:00] [data] Done shuffling 620637 sentences to temp files
[2019-02-27 17:57:01] Ep. 71 : Up. 54000 : Sen. 204,898 : Cost 46.39513016 : Time 580.91s : 14866.52 words/s : L.r. 1.6330e-04
[2019-02-27 18:05:59] Seen 515211 samples
[2019-02-27 18:05:59] Starting epoch 72
[2019-02-27 18:05:59] [data] Shuffling data
[2019-02-27 18:06:00] [data] Done reading 620637 sentences
[2019-02-27 18:06:02] [data] Done shuffling 620637 sentences to temp files
[2019-02-27 18:06:49] Ep. 72 : Up. 54500 : Sen. 16,505 : Cost 48.68994141 : Time 588.52s : 14955.21 words/s : L.r. 1.6255e-04
[2019-02-27 18:16:16] Ep. 72 : Up. 55000 : Sen. 346,229 : Cost 47.98709488 : Time 566.38s : 15614.35 words/s : L.r. 1.6181e-04
[2019-02-27 18:16:16] Saving model weights and runtime parameters to model/model.src1tgt0.dual.doc.same_embedding.npz.orig.npz
[2019-02-27 18:16:22] Saving model weights and runtime parameters to model/model.src1tgt0.dual.doc.same_embedding.npz
[2019-02-27 18:16:27] Saving Adam parameters to model/model.src1tgt0.dual.doc.same_embedding.npz.optimizer.npz
[2019-02-27 18:16:45] [valid] Ep. 72 : Up. 55000 : cross-entropy : 56.2029 : stalled 5 times (last best: 48.7626)
[2019-02-27 18:16:53] [valid] Ep. 72 : Up. 55000 : perplexity : 6.14458 : stalled 5 times (last best: 4.8318)
Detokenizer Version $Revision: 4134 $
Language: en
[2019-02-27 18:20:03] [valid] Ep. 72 : Up. 55000 : translation : 27.2 : stalled 5 times (last best: 28.1)
[2019-02-27 18:24:48] Seen 515211 samples
[2019-02-27 18:24:48] Starting epoch 73
[2019-02-27 18:24:48] [data] Shuffling data
[2019-02-27 18:24:49] [data] Done reading 620637 sentences
[2019-02-27 18:24:51] [data] Done shuffling 620637 sentences to temp files
[2019-02-27 18:29:44] Ep. 73 : Up. 55500 : Sen. 162,751 : Cost 46.26784515 : Time 808.12s : 10622.06 words/s : L.r. 1.6108e-04
[2019-02-27 18:39:14] Ep. 73 : Up. 56000 : Sen. 493,894 : Cost 48.32084274 : Time 570.47s : 15580.08 words/s : L.r. 1.6036e-04
[2019-02-27 18:39:51] Seen 515211 samples
[2019-02-27 18:39:51] Starting epoch 74
[2019-02-27 18:39:51] [data] Shuffling data
[2019-02-27 18:39:51] [data] Done reading 620637 sentences
[2019-02-27 18:39:54] [data] Done shuffling 620637 sentences to temp files
[2019-02-27 18:48:58] Ep. 74 : Up. 56500 : Sen. 309,272 : Cost 46.69340897 : Time 583.73s : 14858.60 words/s : L.r. 1.5965e-04
[2019-02-27 18:54:53] Seen 515211 samples
[2019-02-27 18:54:53] Starting epoch 75
[2019-02-27 18:54:53] [data] Shuffling data
[2019-02-27 18:54:54] [data] Done reading 620637 sentences
[2019-02-27 18:54:56] [data] Done shuffling 620637 sentences to temp files
[2019-02-27 18:58:47] Ep. 75 : Up. 57000 : Sen. 125,534 : Cost 47.07126236 : Time 588.39s : 14893.28 words/s : L.r. 1.5894e-04
[2019-02-27 19:08:11] Ep. 75 : Up. 57500 : Sen. 457,629 : Cost 47.26728821 : Time 564.38s : 15579.95 words/s : L.r. 1.5825e-04
[2019-02-27 19:09:55] Seen 515211 samples
[2019-02-27 19:09:55] Starting epoch 76
[2019-02-27 19:09:55] [data] Shuffling data
[2019-02-27 19:09:55] [data] Done reading 620637 sentences
[2019-02-27 19:09:57] [data] Done shuffling 620637 sentences to temp files
[2019-02-27 19:18:00] Ep. 76 : Up. 58000 : Sen. 266,150 : Cost 48.65887451 : Time 589.49s : 14989.15 words/s : L.r. 1.5757e-04
[2019-02-27 19:24:56] Seen 515211 samples
[2019-02-27 19:24:56] Starting epoch 77
[2019-02-27 19:24:56] [data] Shuffling data
[2019-02-27 19:24:56] [data] Done reading 620637 sentences
[2019-02-27 19:24:59] [data] Done shuffling 620637 sentences to temp files
[2019-02-27 19:27:46] Ep. 77 : Up. 58500 : Sen. 86,187 : Cost 46.27458191 : Time 585.05s : 14918.80 words/s : L.r. 1.5689e-04
[2019-02-27 19:37:09] Ep. 77 : Up. 59000 : Sen. 418,374 : Cost 46.53382492 : Time 563.29s : 15486.56 words/s : L.r. 1.5623e-04
[2019-02-27 19:39:58] Seen 515211 samples
[2019-02-27 19:39:58] Starting epoch 78
[2019-02-27 19:39:58] [data] Shuffling data
[2019-02-27 19:39:58] [data] Done reading 620637 sentences
[2019-02-27 19:40:00] [data] Done shuffling 620637 sentences to temp files
[2019-02-27 19:47:03] Ep. 78 : Up. 59500 : Sen. 234,193 : Cost 47.50241852 : Time 593.80s : 14965.80 words/s : L.r. 1.5557e-04
[2019-02-27 19:55:00] Seen 515211 samples
[2019-02-27 19:55:00] Starting epoch 79
[2019-02-27 19:55:00] [data] Shuffling data
[2019-02-27 19:55:00] [data] Done reading 620637 sentences
[2019-02-27 19:55:02] [data] Done shuffling 620637 sentences to temp files
[2019-02-27 19:56:41] Ep. 79 : Up. 60000 : Sen. 47,776 : Cost 46.04271317 : Time 577.94s : 14821.42 words/s : L.r. 1.5492e-04
[2019-02-27 19:56:41] Saving model weights and runtime parameters to model/model.src1tgt0.dual.doc.same_embedding.npz.orig.npz
[2019-02-27 19:56:46] Saving model weights and runtime parameters to model/model.src1tgt0.dual.doc.same_embedding.npz
[2019-02-27 19:56:51] Saving Adam parameters to model/model.src1tgt0.dual.doc.same_embedding.npz.optimizer.npz
[2019-02-27 19:57:09] [valid] Ep. 79 : Up. 60000 : cross-entropy : 57.2009 : stalled 6 times (last best: 48.7626)
[2019-02-27 19:57:18] [valid] Ep. 79 : Up. 60000 : perplexity : 6.34589 : stalled 6 times (last best: 4.8318)
Detokenizer Version $Revision: 4134 $
Language: en
[2019-02-27 20:00:27] [valid] Ep. 79 : Up. 60000 : translation : 27.1 : stalled 6 times (last best: 28.1)
[2019-02-27 20:09:56] Ep. 79 : Up. 60500 : Sen. 375,819 : Cost 47.70419312 : Time 795.35s : 11133.87 words/s : L.r. 1.5428e-04
[2019-02-27 20:13:49] Seen 515211 samples
[2019-02-27 20:13:49] Starting epoch 80
[2019-02-27 20:13:49] [data] Shuffling data
[2019-02-27 20:13:49] [data] Done reading 620637 sentences
[2019-02-27 20:13:51] [data] Done shuffling 620637 sentences to temp files
[2019-02-27 20:19:46] Ep. 80 : Up. 61000 : Sen. 190,170 : Cost 47.00509262 : Time 590.43s : 14877.05 words/s : L.r. 1.5364e-04
[2019-02-27 20:28:51] Seen 515211 samples
[2019-02-27 20:28:51] Starting epoch 81
[2019-02-27 20:28:51] [data] Shuffling data
[2019-02-27 20:28:51] [data] Done reading 620637 sentences
[2019-02-27 20:28:53] [data] Done shuffling 620637 sentences to temp files
[2019-02-27 20:29:27] Ep. 81 : Up. 61500 : Sen. 8,400 : Cost 45.72807312 : Time 580.39s : 14895.66 words/s : L.r. 1.5302e-04
[2019-02-27 20:38:51] Ep. 81 : Up. 62000 : Sen. 340,874 : Cost 46.24968719 : Time 564.75s : 15549.47 words/s : L.r. 1.5240e-04
[2019-02-27 20:43:52] Seen 515211 samples
[2019-02-27 20:43:52] Starting epoch 82
[2019-02-27 20:43:52] [data] Shuffling data
[2019-02-27 20:43:52] [data] Done reading 620637 sentences
[2019-02-27 20:43:54] [data] Done shuffling 620637 sentences to temp files
[2019-02-27 20:48:32] Ep. 82 : Up. 62500 : Sen. 155,849 : Cost 46.03494263 : Time 580.27s : 14894.65 words/s : L.r. 1.5179e-04
[2019-02-27 20:58:01] Ep. 82 : Up. 63000 : Sen. 484,620 : Cost 47.39066696 : Time 569.54s : 15548.79 words/s : L.r. 1.5119e-04
[2019-02-27 20:58:53] Seen 515211 samples
[2019-02-27 20:58:53] Starting epoch 83
[2019-02-27 20:58:53] [data] Shuffling data
[2019-02-27 20:58:54] [data] Done reading 620637 sentences
[2019-02-27 20:58:56] [data] Done shuffling 620637 sentences to temp files
[2019-02-27 21:07:52] Ep. 83 : Up. 63500 : Sen. 299,946 : Cost 46.59327698 : Time 590.78s : 14958.08 words/s : L.r. 1.5059e-04
[2019-02-27 21:13:55] Seen 515211 samples
[2019-02-27 21:13:55] Starting epoch 84
[2019-02-27 21:13:55] [data] Shuffling data
[2019-02-27 21:13:55] [data] Done reading 620637 sentences
[2019-02-27 21:13:57] [data] Done shuffling 620637 sentences to temp files
[2019-02-27 21:17:39] Ep. 84 : Up. 64000 : Sen. 118,231 : Cost 46.17218018 : Time 587.36s : 14934.69 words/s : L.r. 1.5000e-04
[2019-02-27 21:26:54] Ep. 84 : Up. 64500 : Sen. 446,793 : Cost 45.57124710 : Time 554.78s : 15455.06 words/s : L.r. 1.4942e-04
[2019-02-27 21:28:56] Seen 515211 samples
[2019-02-27 21:28:56] Starting epoch 85
[2019-02-27 21:28:56] [data] Shuffling data
[2019-02-27 21:28:56] [data] Done reading 620637 sentences
[2019-02-27 21:28:58] [data] Done shuffling 620637 sentences to temp files
[2019-02-27 21:36:41] Ep. 85 : Up. 65000 : Sen. 264,370 : Cost 45.91416931 : Time 586.33s : 14976.92 words/s : L.r. 1.4884e-04
[2019-02-27 21:36:41] Saving model weights and runtime parameters to model/model.src1tgt0.dual.doc.same_embedding.npz.orig.npz
[2019-02-27 21:36:46] Saving model weights and runtime parameters to model/model.src1tgt0.dual.doc.same_embedding.npz
[2019-02-27 21:36:51] Saving Adam parameters to model/model.src1tgt0.dual.doc.same_embedding.npz.optimizer.npz
[2019-02-27 21:37:09] [valid] Ep. 85 : Up. 65000 : cross-entropy : 58.1225 : stalled 7 times (last best: 48.7626)
[2019-02-27 21:37:18] [valid] Ep. 85 : Up. 65000 : perplexity : 6.53767 : stalled 7 times (last best: 4.8318)
Detokenizer Version $Revision: 4134 $
Language: en
[2019-02-27 21:40:28] [valid] Ep. 85 : Up. 65000 : translation : 27 : stalled 7 times (last best: 28.1)
[2019-02-27 21:47:44] Seen 515211 samples
[2019-02-27 21:47:44] Starting epoch 86
[2019-02-27 21:47:44] [data] Shuffling data
[2019-02-27 21:47:45] [data] Done reading 620637 sentences
[2019-02-27 21:47:47] [data] Done shuffling 620637 sentences to temp files
[2019-02-27 21:50:23] Ep. 86 : Up. 65500 : Sen. 79,372 : Cost 47.06285477 : Time 822.06s : 10804.97 words/s : L.r. 1.4827e-04
[2019-02-27 21:59:46] Ep. 86 : Up. 66000 : Sen. 411,262 : Cost 46.00409317 : Time 563.62s : 15558.35 words/s : L.r. 1.4771e-04
[2019-02-27 22:02:45] Seen 515211 samples
[2019-02-27 22:02:45] Starting epoch 87
[2019-02-27 22:02:45] [data] Shuffling data
[2019-02-27 22:02:45] [data] Done reading 620637 sentences
[2019-02-27 22:02:48] [data] Done shuffling 620637 sentences to temp files
[2019-02-27 22:09:31] Ep. 87 : Up. 66500 : Sen. 225,687 : Cost 45.97644424 : Time 585.16s : 14920.17 words/s : L.r. 1.4715e-04
[2019-02-27 22:17:46] Seen 515211 samples
[2019-02-27 22:17:46] Starting epoch 88
[2019-02-27 22:17:46] [data] Shuffling data
[2019-02-27 22:17:46] [data] Done reading 620637 sentences
[2019-02-27 22:17:48] [data] Done shuffling 620637 sentences to temp files
[2019-02-27 22:19:20] Ep. 88 : Up. 67000 : Sen. 39,321 : Cost 46.87770462 : Time 588.20s : 15020.34 words/s : L.r. 1.4660e-04
[2019-02-27 22:28:47] Ep. 88 : Up. 67500 : Sen. 368,884 : Cost 46.65624619 : Time 567.09s : 15614.09 words/s : L.r. 1.4606e-04
[2019-02-27 22:32:46] Seen 515211 samples
[2019-02-27 22:32:46] Starting epoch 89
[2019-02-27 22:32:46] [data] Shuffling data
[2019-02-27 22:32:46] [data] Done reading 620637 sentences
[2019-02-27 22:32:49] [data] Done shuffling 620637 sentences to temp files
[2019-02-27 22:38:22] Ep. 89 : Up. 68000 : Sen. 187,611 : Cost 43.79121017 : Time 575.25s : 14760.35 words/s : L.r. 1.4552e-04
[2019-02-27 22:47:46] Seen 515211 samples
[2019-02-27 22:47:46] Starting epoch 90
[2019-02-27 22:47:46] [data] Shuffling data
[2019-02-27 22:47:47] [data] Done reading 620637 sentences
[2019-02-27 22:47:49] [data] Done shuffling 620637 sentences to temp files
[2019-02-27 22:48:12] Ep. 90 : Up. 68500 : Sen. 1,800 : Cost 46.84780502 : Time 590.59s : 15005.51 words/s : L.r. 1.4499e-04
[2019-02-27 22:57:32] Ep. 90 : Up. 69000 : Sen. 334,497 : Cost 44.78406525 : Time 559.38s : 15494.72 words/s : L.r. 1.4446e-04
[2019-02-27 23:02:46] Seen 515211 samples
[2019-02-27 23:02:46] Starting epoch 91
[2019-02-27 23:02:46] [data] Shuffling data
[2019-02-27 23:02:47] [data] Done reading 620637 sentences
[2019-02-27 23:02:49] [data] Done shuffling 620637 sentences to temp files
[2019-02-27 23:07:19] Ep. 91 : Up. 69500 : Sen. 150,275 : Cost 46.08473587 : Time 587.15s : 15016.73 words/s : L.r. 1.4394e-04
[2019-02-27 23:16:43] Ep. 91 : Up. 70000 : Sen. 479,590 : Cost 45.96307373 : Time 563.95s : 15522.91 words/s : L.r. 1.4343e-04
[2019-02-27 23:16:43] Saving model weights and runtime parameters to model/model.src1tgt0.dual.doc.same_embedding.npz.orig.npz
[2019-02-27 23:16:47] Saving model weights and runtime parameters to model/model.src1tgt0.dual.doc.same_embedding.npz
[2019-02-27 23:16:53] Saving Adam parameters to model/model.src1tgt0.dual.doc.same_embedding.npz.optimizer.npz
[2019-02-27 23:17:10] [valid] Ep. 91 : Up. 70000 : cross-entropy : 58.9496 : stalled 8 times (last best: 48.7626)
[2019-02-27 23:17:19] [valid] Ep. 91 : Up. 70000 : perplexity : 6.7147 : stalled 8 times (last best: 4.8318)
Detokenizer Version $Revision: 4134 $
Language: en
[2019-02-27 23:20:28] [valid] Ep. 91 : Up. 70000 : translation : 26.8 : stalled 8 times (last best: 28.1)
[2019-02-27 23:21:32] Seen 515211 samples
[2019-02-27 23:21:32] Starting epoch 92
[2019-02-27 23:21:32] [data] Shuffling data
[2019-02-27 23:21:32] [data] Done reading 620637 sentences
[2019-02-27 23:21:34] [data] Done shuffling 620637 sentences to temp files
[2019-02-27 23:30:12] Ep. 92 : Up. 70500 : Sen. 292,192 : Cost 45.86837387 : Time 809.03s : 10800.60 words/s : L.r. 1.4292e-04
[2019-02-27 23:36:31] Seen 515211 samples
[2019-02-27 23:36:31] Starting epoch 93
[2019-02-27 23:36:31] [data] Shuffling data
[2019-02-27 23:36:31] [data] Done reading 620637 sentences
[2019-02-27 23:36:34] [data] Done shuffling 620637 sentences to temp files
[2019-02-27 23:39:54] Ep. 93 : Up. 71000 : Sen. 110,976 : Cost 44.57669830 : Time 581.92s : 14878.92 words/s : L.r. 1.4241e-04
[2019-02-27 23:49:24] Ep. 93 : Up. 71500 : Sen. 441,526 : Cost 46.71438217 : Time 569.65s : 15704.55 words/s : L.r. 1.4191e-04
[2019-02-27 23:51:29] Seen 515211 samples
[2019-02-27 23:51:29] Starting epoch 94
[2019-02-27 23:51:29] [data] Shuffling data
[2019-02-27 23:51:29] [data] Done reading 620637 sentences
[2019-02-27 23:51:31] [data] Done shuffling 620637 sentences to temp files
[2019-02-27 23:59:17] Ep. 94 : Up. 72000 : Sen. 249,885 : Cost 47.62410736 : Time 593.41s : 15084.04 words/s : L.r. 1.4142e-04
[2019-02-28 00:06:27] Seen 515211 samples
[2019-02-28 00:06:27] Starting epoch 95
[2019-02-28 00:06:27] [data] Shuffling data
[2019-02-28 00:06:27] [data] Done reading 620637 sentences
[2019-02-28 00:06:29] [data] Done shuffling 620637 sentences to temp files
[2019-02-28 00:08:50] Ep. 95 : Up. 72500 : Sen. 70,090 : Cost 43.52394104 : Time 573.22s : 14868.00 words/s : L.r. 1.4093e-04
[2019-02-28 00:18:12] Ep. 95 : Up. 73000 : Sen. 403,483 : Cost 44.93697357 : Time 561.69s : 15572.42 words/s : L.r. 1.4045e-04
[2019-02-28 00:21:25] Seen 515211 samples
[2019-02-28 00:21:25] Starting epoch 96
[2019-02-28 00:21:25] [data] Shuffling data
[2019-02-28 00:21:25] [data] Done reading 620637 sentences
[2019-02-28 00:21:28] [data] Done shuffling 620637 sentences to temp files
[2019-02-28 00:28:09] Ep. 96 : Up. 73500 : Sen. 216,915 : Cost 46.92137146 : Time 596.68s : 15040.28 words/s : L.r. 1.3997e-04
[2019-02-28 00:36:24] Seen 515211 samples
[2019-02-28 00:36:24] Starting epoch 97
[2019-02-28 00:36:24] [data] Shuffling data
[2019-02-28 00:36:24] [data] Done reading 620637 sentences
[2019-02-28 00:36:27] [data] Done shuffling 620637 sentences to temp files
[2019-02-28 00:37:41] Ep. 97 : Up. 74000 : Sen. 33,054 : Cost 44.02182007 : Time 572.74s : 14876.42 words/s : L.r. 1.3950e-04
[2019-02-28 00:46:59] Ep. 97 : Up. 74500 : Sen. 362,021 : Cost 45.04345703 : Time 557.70s : 15547.14 words/s : L.r. 1.3903e-04
[2019-02-28 00:51:24] Seen 515211 samples
[2019-02-28 00:51:24] Starting epoch 98
[2019-02-28 00:51:24] [data] Shuffling data
[2019-02-28 00:51:24] [data] Done reading 620637 sentences
[2019-02-28 00:51:26] [data] Done shuffling 620637 sentences to temp files
[2019-02-28 00:56:49] Ep. 98 : Up. 75000 : Sen. 179,792 : Cost 45.26578140 : Time 590.09s : 14986.12 words/s : L.r. 1.3856e-04
[2019-02-28 00:56:49] Saving model weights and runtime parameters to model/model.src1tgt0.dual.doc.same_embedding.npz.orig.npz
[2019-02-28 00:56:54] Saving model weights and runtime parameters to model/model.src1tgt0.dual.doc.same_embedding.npz
[2019-02-28 00:57:00] Saving Adam parameters to model/model.src1tgt0.dual.doc.same_embedding.npz.optimizer.npz
[2019-02-28 00:57:18] [valid] Ep. 98 : Up. 75000 : cross-entropy : 59.6906 : stalled 9 times (last best: 48.7626)
[2019-02-28 00:57:26] [valid] Ep. 98 : Up. 75000 : perplexity : 6.87737 : stalled 9 times (last best: 4.8318)
Detokenizer Version $Revision: 4134 $
Language: en
[2019-02-28 01:00:41] [valid] Ep. 98 : Up. 75000 : translation : 26.8 : stalled 9 times (last best: 28.1)
[2019-02-28 01:10:08] Ep. 98 : Up. 75500 : Sen. 509,847 : Cost 45.93806839 : Time 798.57s : 11063.08 words/s : L.r. 1.3810e-04
[2019-02-28 01:10:16] Seen 515211 samples
[2019-02-28 01:10:16] Starting epoch 99
[2019-02-28 01:10:16] [data] Shuffling data
[2019-02-28 01:10:16] [data] Done reading 620637 sentences
[2019-02-28 01:10:18] [data] Done shuffling 620637 sentences to temp files
[2019-02-28 01:19:49] Ep. 99 : Up. 76000 : Sen. 328,277 : Cost 43.73414993 : Time 581.73s : 14835.91 words/s : L.r. 1.3765e-04
[2019-02-28 01:25:15] Seen 515211 samples
[2019-02-28 01:25:15] Starting epoch 100
[2019-02-28 01:25:15] [data] Shuffling data
[2019-02-28 01:25:16] [data] Done reading 620637 sentences
[2019-02-28 01:25:18] [data] Done shuffling 620637 sentences to temp files
[2019-02-28 01:29:40] Ep. 100 : Up. 76500 : Sen. 141,446 : Cost 46.34252930 : Time 590.90s : 15060.51 words/s : L.r. 1.3720e-04
[2019-02-28 01:39:03] Ep. 100 : Up. 77000 : Sen. 469,928 : Cost 45.43582153 : Time 562.93s : 15517.94 words/s : L.r. 1.3675e-04
[2019-02-28 01:40:17] Seen 515211 samples
[2019-02-28 01:40:17] Starting epoch 101
[2019-02-28 01:40:17] [data] Shuffling data
[2019-02-28 01:40:17] [data] Done reading 620637 sentences
[2019-02-28 01:40:19] [data] Done shuffling 620637 sentences to temp files
[2019-02-28 01:48:55] Ep. 101 : Up. 77500 : Sen. 282,400 : Cost 46.26684570 : Time 591.56s : 15029.28 words/s : L.r. 1.3631e-04
[2019-02-28 01:55:18] Seen 515211 samples
[2019-02-28 01:55:18] Starting epoch 102
[2019-02-28 01:55:18] [data] Shuffling data
[2019-02-28 01:55:19] [data] Done reading 620637 sentences
[2019-02-28 01:55:21] [data] Done shuffling 620637 sentences to temp files
[2019-02-28 01:58:39] Ep. 102 : Up. 78000 : Sen. 103,100 : Cost 43.84033966 : Time 584.44s : 14868.47 words/s : L.r. 1.3587e-04
[2019-02-28 02:08:03] Ep. 102 : Up. 78500 : Sen. 434,548 : Cost 44.75667191 : Time 563.65s : 15506.77 words/s : L.r. 1.3544e-04
[2019-02-28 02:10:20] Seen 515211 samples
[2019-02-28 02:10:20] Starting epoch 103
[2019-02-28 02:10:20] [data] Shuffling data
[2019-02-28 02:10:21] [data] Done reading 620637 sentences
[2019-02-28 02:10:23] [data] Done shuffling 620637 sentences to temp files
[2019-02-28 02:17:44] Ep. 103 : Up. 79000 : Sen. 248,778 : Cost 44.40246201 : Time 581.45s : 14873.84 words/s : L.r. 1.3501e-04
[2019-02-28 02:25:22] Seen 515211 samples
[2019-02-28 02:25:22] Starting epoch 104
[2019-02-28 02:25:22] [data] Shuffling data
[2019-02-28 02:25:22] [data] Done reading 620637 sentences
[2019-02-28 02:25:25] [data] Done shuffling 620637 sentences to temp files
[2019-02-28 02:27:35] Ep. 104 : Up. 79500 : Sen. 64,579 : Cost 45.31763077 : Time 590.65s : 14938.19 words/s : L.r. 1.3459e-04
[2019-02-28 02:36:55] Ep. 104 : Up. 80000 : Sen. 395,180 : Cost 44.47519302 : Time 559.65s : 15532.72 words/s : L.r. 1.3416e-04
[2019-02-28 02:36:55] Saving model weights and runtime parameters to model/model.src1tgt0.dual.doc.same_embedding.npz.orig.npz
[2019-02-28 02:37:00] Saving model weights and runtime parameters to model/model.src1tgt0.dual.doc.same_embedding.npz
[2019-02-28 02:37:05] Saving Adam parameters to model/model.src1tgt0.dual.doc.same_embedding.npz.optimizer.npz
[2019-02-28 02:37:23] [valid] Ep. 104 : Up. 80000 : cross-entropy : 60.3758 : stalled 10 times (last best: 48.7626)
[2019-02-28 02:37:31] [valid] Ep. 104 : Up. 80000 : perplexity : 7.0313 : stalled 10 times (last best: 4.8318)
Detokenizer Version $Revision: 4134 $
Language: en
[2019-02-28 02:40:39] [valid] Ep. 104 : Up. 80000 : translation : 26.6 : stalled 10 times (last best: 28.1)
[2019-02-28 02:40:39] Training finished
[2019-02-28 02:40:40] Saving model weights and runtime parameters to model/model.src1tgt0.dual.doc.same_embedding.npz.orig.npz
[2019-02-28 02:40:45] Saving model weights and runtime parameters to model/model.src1tgt0.dual.doc.same_embedding.npz
[2019-02-28 02:40:51] Saving Adam parameters to model/model.src1tgt0.dual.doc.same_embedding.npz.optimizer.npz
