[2018-11-19 18:13:37] [config] after-batches: 0
[2018-11-19 18:13:37] [config] after-epochs: 0
[2018-11-19 18:13:37] [config] allow-unk: false
[2018-11-19 18:13:37] [config] batch-flexible-lr: false
[2018-11-19 18:13:37] [config] batch-normal-words: 1920
[2018-11-19 18:13:37] [config] beam-size: 6
[2018-11-19 18:13:37] [config] best-deep: false
[2018-11-19 18:13:37] [config] clip-gemm: 0
[2018-11-19 18:13:37] [config] clip-norm: 5
[2018-11-19 18:13:37] [config] cost-type: ce-mean
[2018-11-19 18:13:37] [config] cpu-threads: 0
[2018-11-19 18:13:37] [config] data-weighting-type: sentence
[2018-11-19 18:13:37] [config] dec-cell: gru
[2018-11-19 18:13:37] [config] dec-cell-base-depth: 2
[2018-11-19 18:13:37] [config] dec-cell-high-depth: 1
[2018-11-19 18:13:37] [config] dec-depth: 6
[2018-11-19 18:13:37] [config] devices:
[2018-11-19 18:13:37] [config]   - 0
[2018-11-19 18:13:37] [config] dim-emb: 512
[2018-11-19 18:13:37] [config] dim-rnn: 1024
[2018-11-19 18:13:37] [config] dim-vocabs:
[2018-11-19 18:13:37] [config]   - 0
[2018-11-19 18:13:37] [config]   - 0
[2018-11-19 18:13:37] [config] disp-freq: 500
[2018-11-19 18:13:37] [config] disp-label-counts: false
[2018-11-19 18:13:37] [config] dropout-rnn: 0
[2018-11-19 18:13:37] [config] dropout-src: 0
[2018-11-19 18:13:37] [config] dropout-trg: 0
[2018-11-19 18:13:37] [config] dump-config: false
[2018-11-19 18:13:37] [config] early-stopping: 10
[2018-11-19 18:13:37] [config] embedding-fix-src: false
[2018-11-19 18:13:37] [config] embedding-fix-trg: false
[2018-11-19 18:13:37] [config] embedding-normalization: false
[2018-11-19 18:13:37] [config] enc-cell: gru
[2018-11-19 18:13:37] [config] enc-cell-depth: 1
[2018-11-19 18:13:37] [config] enc-depth: 6
[2018-11-19 18:13:37] [config] enc-type: bidirectional
[2018-11-19 18:13:37] [config] exponential-smoothing: 0.0001
[2018-11-19 18:13:37] [config] grad-dropping-momentum: 0
[2018-11-19 18:13:37] [config] grad-dropping-rate: 0
[2018-11-19 18:13:37] [config] grad-dropping-warmup: 100
[2018-11-19 18:13:37] [config] guided-alignment-cost: ce
[2018-11-19 18:13:37] [config] guided-alignment-weight: 1
[2018-11-19 18:13:37] [config] ignore-model-config: false
[2018-11-19 18:13:37] [config] interpolate-env-vars: false
[2018-11-19 18:13:37] [config] keep-best: false
[2018-11-19 18:13:37] [config] label-smoothing: 0.1
[2018-11-19 18:13:37] [config] layer-normalization: false
[2018-11-19 18:13:37] [config] learn-rate: 0.0003
[2018-11-19 18:13:37] [config] log: model/train_trans.log
[2018-11-19 18:13:37] [config] log-level: info
[2018-11-19 18:13:37] [config] lr-decay: 0
[2018-11-19 18:13:37] [config] lr-decay-freq: 50000
[2018-11-19 18:13:37] [config] lr-decay-inv-sqrt: 16000
[2018-11-19 18:13:37] [config] lr-decay-repeat-warmup: false
[2018-11-19 18:13:37] [config] lr-decay-reset-optimizer: false
[2018-11-19 18:13:37] [config] lr-decay-start:
[2018-11-19 18:13:37] [config]   - 10
[2018-11-19 18:13:37] [config]   - 1
[2018-11-19 18:13:37] [config] lr-decay-strategy: epoch+stalled
[2018-11-19 18:13:37] [config] lr-report: true
[2018-11-19 18:13:37] [config] lr-warmup: 16000
[2018-11-19 18:13:37] [config] lr-warmup-at-reload: false
[2018-11-19 18:13:37] [config] lr-warmup-cycle: false
[2018-11-19 18:13:37] [config] lr-warmup-start-rate: 0
[2018-11-19 18:13:37] [config] max-length: 160
[2018-11-19 18:13:37] [config] max-length-crop: false
[2018-11-19 18:13:37] [config] max-length-factor: 3
[2018-11-19 18:13:37] [config] maxi-batch: 1000
[2018-11-19 18:13:37] [config] maxi-batch-sort: trg
[2018-11-19 18:13:37] [config] mini-batch: 64
[2018-11-19 18:13:37] [config] mini-batch-fit: true
[2018-11-19 18:13:37] [config] mini-batch-fit-step: 10
[2018-11-19 18:13:37] [config] mini-batch-words: 0
[2018-11-19 18:13:37] [config] model: model/model.src1tgt0.trans.npz
[2018-11-19 18:13:37] [config] multi-node: false
[2018-11-19 18:13:37] [config] multi-node-overlap: true
[2018-11-19 18:13:37] [config] n-best: false
[2018-11-19 18:13:37] [config] no-reload: false
[2018-11-19 18:13:37] [config] no-restore-corpus: false
[2018-11-19 18:13:37] [config] no-shuffle: false
[2018-11-19 18:13:37] [config] normalize: 0.6
[2018-11-19 18:13:37] [config] optimizer: adam
[2018-11-19 18:13:37] [config] optimizer-delay: 4
[2018-11-19 18:13:37] [config] optimizer-params:
[2018-11-19 18:13:37] [config]   - 0.9
[2018-11-19 18:13:37] [config]   - 0.98
[2018-11-19 18:13:37] [config]   - 1e-09
[2018-11-19 18:13:37] [config] overwrite: false
[2018-11-19 18:13:37] [config] quiet: false
[2018-11-19 18:13:37] [config] quiet-translation: true
[2018-11-19 18:13:37] [config] relative-paths: false
[2018-11-19 18:13:37] [config] right-left: false
[2018-11-19 18:13:37] [config] save-freq: 5000
[2018-11-19 18:13:37] [config] seed: 1111
[2018-11-19 18:13:37] [config] skip: false
[2018-11-19 18:13:37] [config] sqlite: ""
[2018-11-19 18:13:37] [config] sqlite-drop: false
[2018-11-19 18:13:37] [config] sync-sgd: true
[2018-11-19 18:13:37] [config] tempdir: /tmp
[2018-11-19 18:13:37] [config] tied-embeddings: false
[2018-11-19 18:13:37] [config] tied-embeddings-all: true
[2018-11-19 18:13:37] [config] tied-embeddings-src: false
[2018-11-19 18:13:37] [config] train-sets:
[2018-11-19 18:13:37] [config]   - corp/europarl.cs-en.docs.train.en.bpe
[2018-11-19 18:13:37] [config]   - corp/europarl.cs-en.docs.train.cz.bpe
[2018-11-19 18:13:37] [config] transformer-aan-activation: swish
[2018-11-19 18:13:37] [config] transformer-aan-depth: 2
[2018-11-19 18:13:37] [config] transformer-aan-nogate: false
[2018-11-19 18:13:37] [config] transformer-decoder-autoreg: self-attention
[2018-11-19 18:13:37] [config] transformer-dim-aan: 2048
[2018-11-19 18:13:37] [config] transformer-dim-ffn: 2048
[2018-11-19 18:13:37] [config] transformer-dropout: 0.1
[2018-11-19 18:13:37] [config] transformer-dropout-attention: 0
[2018-11-19 18:13:37] [config] transformer-dropout-ffn: 0
[2018-11-19 18:13:37] [config] transformer-ffn-activation: swish
[2018-11-19 18:13:37] [config] transformer-ffn-depth: 2
[2018-11-19 18:13:37] [config] transformer-guided-alignment-layer: last
[2018-11-19 18:13:37] [config] transformer-heads: 8
[2018-11-19 18:13:37] [config] transformer-no-projection: false
[2018-11-19 18:13:37] [config] transformer-postprocess: dan
[2018-11-19 18:13:37] [config] transformer-postprocess-emb: d
[2018-11-19 18:13:37] [config] transformer-preprocess: ""
[2018-11-19 18:13:37] [config] transformer-tied-layers:
[2018-11-19 18:13:37] [config]   []
[2018-11-19 18:13:37] [config] type: transformer
[2018-11-19 18:13:37] [config] valid-freq: 5000
[2018-11-19 18:13:37] [config] valid-log: model/valid_trans.log
[2018-11-19 18:13:37] [config] valid-max-length: 1000
[2018-11-19 18:13:37] [config] valid-metrics:
[2018-11-19 18:13:37] [config]   - cross-entropy
[2018-11-19 18:13:37] [config]   - perplexity
[2018-11-19 18:13:37] [config]   - translation
[2018-11-19 18:13:37] [config] valid-mini-batch: 64
[2018-11-19 18:13:37] [config] valid-script-path: ./val.sh
[2018-11-19 18:13:37] [config] valid-sets:
[2018-11-19 18:13:37] [config]   - corp/europarl.cs-en.docs.dev.en.bpe
[2018-11-19 18:13:37] [config]   - corp/europarl.cs-en.docs.dev.cz.bpe
[2018-11-19 18:13:37] [config] valid-translation-output: data/valid.bpe.en.output
[2018-11-19 18:13:37] [config] version: false
[2018-11-19 18:13:37] [config] vocabs:
[2018-11-19 18:13:37] [config]   - corp/vocab.encs.europarl.yml
[2018-11-19 18:13:37] [config]   - corp/vocab.encs.europarl.yml
[2018-11-19 18:13:37] [config] word-penalty: 0
[2018-11-19 18:13:37] [config] workspace: 9200
[2018-11-19 18:13:37] [config] Model created with Marian false
[2018-11-19 18:13:37] [data] Loading vocabulary from JSON/Yaml file corp/vocab.encs.europarl.yml
[2018-11-19 18:13:38] [data] Setting vocabulary size for input 0 to 32000
[2018-11-19 18:13:38] [data] Loading vocabulary from JSON/Yaml file corp/vocab.encs.europarl.yml
[2018-11-19 18:13:38] [data] Setting vocabulary size for input 1 to 32000
[2018-11-19 18:13:38] [batching] Collecting statistics for batch fitting with step size 10
[2018-11-19 18:13:40] [memory] Extending reserved space to 9216 MB (device gpu0)
[2018-11-19 18:13:40] [memory] Reserving 230 MB, device gpu0
[2018-11-19 18:13:40] [memory] Reserving 230 MB, device gpu0
[2018-11-19 18:13:58] [batching] Done
[2018-11-19 18:13:58] [memory] Extending reserved space to 9216 MB (device gpu0)
[2018-11-19 18:13:58] Training started
[2018-11-19 18:13:58] [data] Shuffling files
[2018-11-19 18:14:02] [data] Done
[2018-11-19 18:14:09] [memory] Reserving 230 MB, device gpu0
[2018-11-19 18:14:10] [memory] Reserving 230 MB, device gpu0
[2018-11-19 18:14:10] [memory] Reserving 461 MB, device gpu0
[2018-11-19 18:14:10] [memory] Reserving 230 MB, device gpu0
[2018-11-19 18:16:12] Ep. 1 : Up. 500 : Sen. 38098 : Cost 297.07 : Time 134.56s : 8541.54 words/s : L.r. 9.3750e-06
[2018-11-19 18:18:15] Ep. 1 : Up. 1000 : Sen. 74481 : Cost 262.70 : Time 123.20s : 9214.82 words/s : L.r. 1.8750e-05
[2018-11-19 18:20:17] Ep. 1 : Up. 1500 : Sen. 112074 : Cost 236.67 : Time 121.51s : 9305.09 words/s : L.r. 2.8125e-05
[2018-11-19 18:22:21] Ep. 1 : Up. 2000 : Sen. 150555 : Cost 225.06 : Time 123.75s : 9192.17 words/s : L.r. 3.7500e-05
[2018-11-19 18:24:24] Ep. 1 : Up. 2500 : Sen. 187154 : Cost 229.20 : Time 123.05s : 9306.39 words/s : L.r. 4.6875e-05
[2018-11-19 18:26:27] Ep. 1 : Up. 3000 : Sen. 225798 : Cost 206.64 : Time 122.73s : 9260.57 words/s : L.r. 5.6250e-05
[2018-11-19 18:28:29] Ep. 1 : Up. 3500 : Sen. 261411 : Cost 215.07 : Time 122.20s : 9234.14 words/s : L.r. 6.5625e-05
[2018-11-19 18:30:34] Ep. 1 : Up. 4000 : Sen. 299578 : Cost 197.23 : Time 125.12s : 9175.74 words/s : L.r. 7.5000e-05
[2018-11-19 18:32:37] Ep. 1 : Up. 4500 : Sen. 337057 : Cost 195.32 : Time 123.35s : 9341.56 words/s : L.r. 8.4375e-05
[2018-11-19 18:34:38] Ep. 1 : Up. 5000 : Sen. 373825 : Cost 184.81 : Time 120.98s : 9121.80 words/s : L.r. 9.3750e-05
[2018-11-19 18:34:38] Saving model weights and runtime parameters to model/model.src1tgt0.trans.npz.orig.npz
[2018-11-19 18:34:42] Saving model weights and runtime parameters to model/model.src1tgt0.trans.iter5000.npz
[2018-11-19 18:34:46] Saving model weights and runtime parameters to model/model.src1tgt0.trans.npz
[2018-11-19 18:34:51] Saving Adam parameters to model/model.src1tgt0.trans.npz.optimizer.npz
[2018-11-19 18:35:09] [valid] Ep. 1 : Up. 5000 : cross-entropy : 171.639 : new best
[2018-11-19 18:35:19] [valid] Ep. 1 : Up. 5000 : perplexity : 255.853 : new best
[2018-11-19 19:06:19] Error: out of memory - /home/big_maggie/usr/marian_spider/marian_1.6.0/marian-dev/src/tensors/gpu/device.cu:30
train_trans.sh: line 26: 23183 Aborted                 (core dumped) $marian_home/marian --model model/model.src1tgt0.trans.npz --type transformer --train-sets corp/europarl.cs-en.docs.train.en.bpe corp/europarl.cs-en.docs.train.cz.bpe --max-length 160 --vocabs corp/vocab.encs.europarl.yml corp/vocab.encs.europarl.yml --mini-batch-fit -w 9200 --maxi-batch 1000 --early-stopping 10 --valid-freq 5000 --save-freq 5000 --disp-freq 500 --valid-metrics cross-entropy perplexity translation --valid-sets corp/europarl.cs-en.docs.dev.en.bpe corp/europarl.cs-en.docs.dev.cz.bpe --valid-script-path ./val.sh --valid-translation-output data/valid.bpe.en.output --quiet-translation --valid-mini-batch 64 --beam-size 6 --normalize 0.6 --log model/train_trans.log --valid-log model/valid_trans.log --enc-depth 6 --dec-depth 6 --transformer-heads 8 --transformer-postprocess-emb d --transformer-postprocess dan --transformer-dropout 0.1 --label-smoothing 0.1 --learn-rate 0.0003 --lr-warmup 16000 --lr-decay-inv-sqrt 16000 --lr-report --optimizer-params 0.9 0.98 1e-09 --clip-norm 5 --tied-embeddings-all --optimizer-delay 4 --devices 0 --sync-sgd --seed 1111 --exponential-smoothing
