[2019-03-01 22:58:34] [marian] Marian v1.7.8 63e1cfe4 2019-02-11 21:04:00 -0800
[2019-03-01 22:58:34] [marian] Running on poseidon.lingea.cz as process 29000 with command line:
[2019-03-01 22:58:34] [marian] /home/large/data/models/marian/marian-doc/marian-dev/build/marian --model model/model.src1tgt0.doc.gate.diff_emb2.npz --type transformer-context --train-sets corp/europarl.cs-en.docs.train.en.bpe.src_prev corp/europarl.cs-en.docs.train.en.bpe.src corp/europarl.cs-en.docs.train.cz.bpe --max-length 100 --dim-vocabs 30000 30000 --vocabs corp/vocab.encs.europarl.yml corp/vocab.encs.europarl.yml corp/vocab.encs.europarl.yml --mini-batch-fit -w 8900 --mini-batch 1000 --maxi-batch 1000 --early-stopping 10 --valid-freq 5000 --save-freq 5000 --disp-freq 500 --valid-metrics cross-entropy perplexity translation --valid-sets corp/europarl.cs-en.docs.dev.en.bpe.src_prev corp/europarl.cs-en.docs.dev.en.bpe.src corp/europarl.cs-en.docs.dev.cz.bpe --valid-script-path ./val.sh --valid-translation-output data/valid.bpe.en.output --quiet-translation --valid-mini-batch 16 --beam-size 6 --normalize 0.6 --log model/train_trans.doc.log --valid-log model/valid_trans.doc.log --enc-depth 6 --dec-depth 6 --transformer-heads 8 --transformer-postprocess-emb d --transformer-postprocess dan --transformer-dropout 0.1 --label-smoothing 0.1 --learn-rate 0.0003 --lr-warmup 16000 --lr-decay-inv-sqrt 16000 --lr-report --optimizer-params 0.9 0.98 1e-09 --clip-norm 5 --tied-embeddings-all --devices 0 1 --sync-sgd --seed 1111 --exponential-smoothing --no-restore-corpus
[2019-03-01 22:58:34] [config] after-batches: 0
[2019-03-01 22:58:34] [config] after-epochs: 0
[2019-03-01 22:58:34] [config] allow-unk: false
[2019-03-01 22:58:34] [config] beam-size: 6
[2019-03-01 22:58:34] [config] bert-class-symbol: "[CLS]"
[2019-03-01 22:58:34] [config] bert-mask-symbol: "[MASK]"
[2019-03-01 22:58:34] [config] bert-masking-fraction: 0.15
[2019-03-01 22:58:34] [config] bert-sep-symbol: "[SEP]"
[2019-03-01 22:58:34] [config] bert-train-type-embeddings: true
[2019-03-01 22:58:34] [config] bert-type-vocab-size: 2
[2019-03-01 22:58:34] [config] best-deep: false
[2019-03-01 22:58:34] [config] clip-gemm: 0
[2019-03-01 22:58:34] [config] clip-norm: 5
[2019-03-01 22:58:34] [config] cost-type: ce-mean
[2019-03-01 22:58:34] [config] cpu-threads: 0
[2019-03-01 22:58:34] [config] data-weighting: ""
[2019-03-01 22:58:34] [config] data-weighting-type: sentence
[2019-03-01 22:58:34] [config] dec-cell: gru
[2019-03-01 22:58:34] [config] dec-cell-base-depth: 2
[2019-03-01 22:58:34] [config] dec-cell-high-depth: 1
[2019-03-01 22:58:34] [config] dec-depth: 6
[2019-03-01 22:58:34] [config] devices:
[2019-03-01 22:58:34] [config]   - 0
[2019-03-01 22:58:34] [config]   - 1
[2019-03-01 22:58:34] [config] dim-emb: 512
[2019-03-01 22:58:34] [config] dim-rnn: 1024
[2019-03-01 22:58:34] [config] dim-vocabs:
[2019-03-01 22:58:34] [config]   - 30000
[2019-03-01 22:58:34] [config]   - 30000
[2019-03-01 22:58:34] [config] disp-first: 0
[2019-03-01 22:58:34] [config] disp-freq: 500
[2019-03-01 22:58:34] [config] disp-label-counts: false
[2019-03-01 22:58:34] [config] dropout-rnn: 0
[2019-03-01 22:58:34] [config] dropout-src: 0
[2019-03-01 22:58:34] [config] dropout-trg: 0
[2019-03-01 22:58:34] [config] dump-config: ""
[2019-03-01 22:58:34] [config] early-stopping: 10
[2019-03-01 22:58:34] [config] embedding-fix-src: false
[2019-03-01 22:58:34] [config] embedding-fix-trg: false
[2019-03-01 22:58:34] [config] embedding-normalization: false
[2019-03-01 22:58:34] [config] embedding-vectors:
[2019-03-01 22:58:34] [config]   []
[2019-03-01 22:58:34] [config] enc-cell: gru
[2019-03-01 22:58:34] [config] enc-cell-depth: 1
[2019-03-01 22:58:34] [config] enc-depth: 6
[2019-03-01 22:58:34] [config] enc-type: bidirectional
[2019-03-01 22:58:34] [config] exponential-smoothing: 0.0001
[2019-03-01 22:58:34] [config] grad-dropping-momentum: 0
[2019-03-01 22:58:34] [config] grad-dropping-rate: 0
[2019-03-01 22:58:34] [config] grad-dropping-warmup: 100
[2019-03-01 22:58:34] [config] guided-alignment: none
[2019-03-01 22:58:34] [config] guided-alignment-cost: mse
[2019-03-01 22:58:34] [config] guided-alignment-weight: 0.1
[2019-03-01 22:58:34] [config] ignore-model-config: false
[2019-03-01 22:58:34] [config] input-types:
[2019-03-01 22:58:34] [config]   []
[2019-03-01 22:58:34] [config] interpolate-env-vars: false
[2019-03-01 22:58:34] [config] keep-best: false
[2019-03-01 22:58:34] [config] label-smoothing: 0.1
[2019-03-01 22:58:34] [config] layer-normalization: false
[2019-03-01 22:58:34] [config] learn-rate: 0.0003
[2019-03-01 22:58:34] [config] log: model/train_trans.doc.log
[2019-03-01 22:58:34] [config] log-level: info
[2019-03-01 22:58:34] [config] log-time-zone: ""
[2019-03-01 22:58:34] [config] lr-decay: 0
[2019-03-01 22:58:34] [config] lr-decay-freq: 50000
[2019-03-01 22:58:34] [config] lr-decay-inv-sqrt:
[2019-03-01 22:58:34] [config]   - 16000
[2019-03-01 22:58:34] [config] lr-decay-repeat-warmup: false
[2019-03-01 22:58:34] [config] lr-decay-reset-optimizer: false
[2019-03-01 22:58:34] [config] lr-decay-start:
[2019-03-01 22:58:34] [config]   - 10
[2019-03-01 22:58:34] [config]   - 1
[2019-03-01 22:58:34] [config] lr-decay-strategy: epoch+stalled
[2019-03-01 22:58:34] [config] lr-report: true
[2019-03-01 22:58:34] [config] lr-warmup: 16000
[2019-03-01 22:58:34] [config] lr-warmup-at-reload: false
[2019-03-01 22:58:34] [config] lr-warmup-cycle: false
[2019-03-01 22:58:34] [config] lr-warmup-start-rate: 0
[2019-03-01 22:58:34] [config] max-length: 100
[2019-03-01 22:58:34] [config] max-length-crop: false
[2019-03-01 22:58:34] [config] max-length-factor: 3
[2019-03-01 22:58:34] [config] maxi-batch: 1000
[2019-03-01 22:58:34] [config] maxi-batch-sort: trg
[2019-03-01 22:58:34] [config] mini-batch: 1000
[2019-03-01 22:58:34] [config] mini-batch-fit: true
[2019-03-01 22:58:34] [config] mini-batch-fit-step: 10
[2019-03-01 22:58:34] [config] mini-batch-overstuff: 1
[2019-03-01 22:58:34] [config] mini-batch-track-lr: false
[2019-03-01 22:58:34] [config] mini-batch-understuff: 1
[2019-03-01 22:58:34] [config] mini-batch-warmup: 0
[2019-03-01 22:58:34] [config] mini-batch-words: 0
[2019-03-01 22:58:34] [config] mini-batch-words-ref: 0
[2019-03-01 22:58:34] [config] model: model/model.src1tgt0.doc.gate.diff_emb2.npz
[2019-03-01 22:58:34] [config] multi-loss-type: sum
[2019-03-01 22:58:34] [config] multi-node: false
[2019-03-01 22:58:34] [config] multi-node-overlap: true
[2019-03-01 22:58:34] [config] n-best: false
[2019-03-01 22:58:34] [config] no-nccl: false
[2019-03-01 22:58:34] [config] no-reload: false
[2019-03-01 22:58:34] [config] no-restore-corpus: true
[2019-03-01 22:58:34] [config] no-shuffle: false
[2019-03-01 22:58:34] [config] normalize: 0.6
[2019-03-01 22:58:34] [config] num-devices: 0
[2019-03-01 22:58:34] [config] optimizer: adam
[2019-03-01 22:58:34] [config] optimizer-delay: 1
[2019-03-01 22:58:34] [config] optimizer-params:
[2019-03-01 22:58:34] [config]   - 0.9
[2019-03-01 22:58:34] [config]   - 0.98
[2019-03-01 22:58:34] [config]   - 1e-09
[2019-03-01 22:58:34] [config] overwrite: false
[2019-03-01 22:58:34] [config] pretrained-model: ""
[2019-03-01 22:58:34] [config] quiet: false
[2019-03-01 22:58:34] [config] quiet-translation: true
[2019-03-01 22:58:34] [config] relative-paths: false
[2019-03-01 22:58:34] [config] right-left: false
[2019-03-01 22:58:34] [config] save-freq: 5000
[2019-03-01 22:58:34] [config] seed: 1111
[2019-03-01 22:58:34] [config] shuffle-in-ram: false
[2019-03-01 22:58:34] [config] skip: false
[2019-03-01 22:58:34] [config] sqlite: ""
[2019-03-01 22:58:34] [config] sqlite-drop: false
[2019-03-01 22:58:34] [config] sync-sgd: true
[2019-03-01 22:58:34] [config] tempdir: /tmp
[2019-03-01 22:58:34] [config] tied-embeddings: false
[2019-03-01 22:58:34] [config] tied-embeddings-all: true
[2019-03-01 22:58:34] [config] tied-embeddings-src: false
[2019-03-01 22:58:34] [config] train-sets:
[2019-03-01 22:58:34] [config]   - corp/europarl.cs-en.docs.train.en.bpe.src_prev
[2019-03-01 22:58:34] [config]   - corp/europarl.cs-en.docs.train.en.bpe.src
[2019-03-01 22:58:34] [config]   - corp/europarl.cs-en.docs.train.cz.bpe
[2019-03-01 22:58:34] [config] transformer-aan-activation: swish
[2019-03-01 22:58:34] [config] transformer-aan-depth: 2
[2019-03-01 22:58:34] [config] transformer-aan-nogate: false
[2019-03-01 22:58:34] [config] transformer-decoder-autoreg: self-attention
[2019-03-01 22:58:34] [config] transformer-dim-aan: 2048
[2019-03-01 22:58:34] [config] transformer-dim-ffn: 2048
[2019-03-01 22:58:34] [config] transformer-dropout: 0.1
[2019-03-01 22:58:34] [config] transformer-dropout-attention: 0
[2019-03-01 22:58:34] [config] transformer-dropout-ffn: 0
[2019-03-01 22:58:34] [config] transformer-ffn-activation: swish
[2019-03-01 22:58:34] [config] transformer-ffn-depth: 2
[2019-03-01 22:58:34] [config] transformer-guided-alignment-layer: last
[2019-03-01 22:58:34] [config] transformer-heads: 8
[2019-03-01 22:58:34] [config] transformer-no-projection: false
[2019-03-01 22:58:34] [config] transformer-postprocess: dan
[2019-03-01 22:58:34] [config] transformer-postprocess-emb: d
[2019-03-01 22:58:34] [config] transformer-preprocess: ""
[2019-03-01 22:58:34] [config] transformer-tied-layers:
[2019-03-01 22:58:34] [config]   []
[2019-03-01 22:58:34] [config] transformer-train-position-embeddings: false
[2019-03-01 22:58:34] [config] type: transformer-context
[2019-03-01 22:58:34] [config] ulr: false
[2019-03-01 22:58:34] [config] ulr-dim-emb: 0
[2019-03-01 22:58:34] [config] ulr-dropout: 0
[2019-03-01 22:58:34] [config] ulr-keys-vectors: ""
[2019-03-01 22:58:34] [config] ulr-query-vectors: ""
[2019-03-01 22:58:34] [config] ulr-softmax-temperature: 1
[2019-03-01 22:58:34] [config] ulr-trainable-transformation: false
[2019-03-01 22:58:34] [config] valid-freq: 5000
[2019-03-01 22:58:34] [config] valid-log: model/valid_trans.doc.log
[2019-03-01 22:58:34] [config] valid-max-length: 1000
[2019-03-01 22:58:34] [config] valid-metrics:
[2019-03-01 22:58:34] [config]   - cross-entropy
[2019-03-01 22:58:34] [config]   - perplexity
[2019-03-01 22:58:34] [config]   - translation
[2019-03-01 22:58:34] [config] valid-mini-batch: 16
[2019-03-01 22:58:34] [config] valid-script-path: ./val.sh
[2019-03-01 22:58:34] [config] valid-sets:
[2019-03-01 22:58:34] [config]   - corp/europarl.cs-en.docs.dev.en.bpe.src_prev
[2019-03-01 22:58:34] [config]   - corp/europarl.cs-en.docs.dev.en.bpe.src
[2019-03-01 22:58:34] [config]   - corp/europarl.cs-en.docs.dev.cz.bpe
[2019-03-01 22:58:34] [config] valid-translation-output: data/valid.bpe.en.output
[2019-03-01 22:58:34] [config] vocabs:
[2019-03-01 22:58:34] [config]   - corp/vocab.encs.europarl.yml
[2019-03-01 22:58:34] [config]   - corp/vocab.encs.europarl.yml
[2019-03-01 22:58:34] [config]   - corp/vocab.encs.europarl.yml
[2019-03-01 22:58:34] [config] word-penalty: 0
[2019-03-01 22:58:34] [config] workspace: 8900
[2019-03-01 22:58:34] [config] Model is being created with Marian v1.7.8 63e1cfe4 2019-02-11 21:04:00 -0800
[2019-03-01 22:58:34] Using synchronous training
[2019-03-01 22:58:34] [data] Loading vocabulary from JSON/Yaml file corp/vocab.encs.europarl.yml
[2019-03-01 22:58:34] [data] Setting vocabulary size for input 0 to 30000
[2019-03-01 22:58:34] [data] Loading vocabulary from JSON/Yaml file corp/vocab.encs.europarl.yml
[2019-03-01 22:58:35] [data] Setting vocabulary size for input 1 to 30000
[2019-03-01 22:58:35] [data] Loading vocabulary from JSON/Yaml file corp/vocab.encs.europarl.yml
[2019-03-01 22:58:35] [data] Setting vocabulary size for input 2 to 30000
[2019-03-01 22:58:35] Compiled without MPI support. Falling back to FakeMPIWrapper
[2019-03-01 22:58:35] [batching] Collecting statistics for batch fitting with step size 10
[2019-03-01 22:58:36] [memory] Extending reserved space to 8960 MB (device gpu0)
[2019-03-01 22:58:37] [memory] Extending reserved space to 8960 MB (device gpu1)
[2019-03-01 22:58:37] [comm] Using NCCL 2.4.2 for GPU communication
[2019-03-01 22:58:37] [comm] NCCLCommunicator constructed successfully.
[2019-03-01 22:58:37] [training] Using 2 GPUs
[2019-03-01 22:58:37] [memory] Reserving 371 MB, device gpu0
[2019-03-01 22:58:37] [gpu] 16-bit TensorCores enabled for float32 matrix operations
[2019-03-01 22:58:39] [memory] Reserving 371 MB, device gpu0
[2019-03-01 22:58:53] [batching] Done. Typical MB size is 8720 target words
[2019-03-01 22:58:54] [memory] Extending reserved space to 8960 MB (device gpu0)
[2019-03-01 22:58:54] [memory] Extending reserved space to 8960 MB (device gpu1)
[2019-03-01 22:58:54] [comm] Using NCCL 2.4.2 for GPU communication
[2019-03-01 22:58:54] [comm] NCCLCommunicator constructed successfully.
[2019-03-01 22:58:54] [training] Using 2 GPUs
[2019-03-01 22:58:54] Training started
[2019-03-01 22:58:54] [data] Shuffling data
[2019-03-01 22:58:54] [data] Done reading 620637 sentences
[2019-03-01 22:58:58] [data] Done shuffling 620637 sentences to temp files
[2019-03-01 22:59:53] [training] Batches are processed as 1 process(es) x 2 devices/process
[2019-03-01 22:59:53] [memory] Reserving 371 MB, device gpu1
[2019-03-01 22:59:53] [memory] Reserving 371 MB, device gpu0
[2019-03-01 22:59:53] [memory] Reserving 371 MB, device gpu1
[2019-03-01 22:59:53] [memory] Reserving 371 MB, device gpu0
[2019-03-01 22:59:53] [memory] Reserving 185 MB, device gpu0
[2019-03-01 22:59:53] [memory] Reserving 185 MB, device gpu1
[2019-03-01 22:59:53] [memory] Reserving 371 MB, device gpu0
[2019-03-01 22:59:53] [memory] Reserving 371 MB, device gpu1
[2019-03-01 23:03:35] Ep. 1 : Up. 500 : Sen. 74,155 : Cost 292.35955811 : Time 299.79s : 7579.87 words/s : L.r. 9.3750e-06
[2019-03-01 23:07:15] Ep. 1 : Up. 1000 : Sen. 148,919 : Cost 247.19749451 : Time 220.47s : 10215.43 words/s : L.r. 1.8750e-05
[2019-03-01 23:10:55] Ep. 1 : Up. 1500 : Sen. 221,842 : Cost 243.73725891 : Time 219.96s : 10137.68 words/s : L.r. 2.8125e-05
[2019-03-01 23:14:34] Ep. 1 : Up. 2000 : Sen. 295,427 : Cost 239.01782227 : Time 218.98s : 10083.79 words/s : L.r. 3.7500e-05
[2019-03-01 23:18:14] Ep. 1 : Up. 2500 : Sen. 369,161 : Cost 240.65708923 : Time 220.09s : 10121.85 words/s : L.r. 4.6875e-05
[2019-03-01 23:21:51] Ep. 1 : Up. 3000 : Sen. 440,044 : Cost 241.19367981 : Time 216.75s : 9915.01 words/s : L.r. 5.6250e-05
[2019-03-01 23:25:30] Ep. 1 : Up. 3500 : Sen. 514,501 : Cost 236.88015747 : Time 219.36s : 10109.89 words/s : L.r. 6.5625e-05
[2019-03-01 23:29:09] Ep. 1 : Up. 4000 : Sen. 587,539 : Cost 239.05961609 : Time 218.68s : 10046.26 words/s : L.r. 7.5000e-05
[2019-03-01 23:30:35] Seen 615313 samples
[2019-03-01 23:30:35] Starting epoch 2
[2019-03-01 23:30:35] [data] Shuffling data
[2019-03-01 23:30:36] [data] Done reading 620637 sentences
[2019-03-01 23:30:39] [data] Done shuffling 620637 sentences to temp files
[2019-03-01 23:33:35] Ep. 2 : Up. 4500 : Sen. 42,350 : Cost 247.29241943 : Time 265.62s : 8246.90 words/s : L.r. 8.4375e-05
[2019-03-01 23:37:15] Ep. 2 : Up. 5000 : Sen. 112,856 : Cost 250.58264160 : Time 220.28s : 10168.14 words/s : L.r. 9.3750e-05
[2019-03-01 23:37:15] Saving model weights and runtime parameters to model/model.src1tgt0.doc.gate.diff_emb2.npz.orig.npz
[2019-03-01 23:37:23] Saving model weights and runtime parameters to model/model.src1tgt0.doc.gate.diff_emb2.iter5000.npz
[2019-03-01 23:37:29] Saving model weights and runtime parameters to model/model.src1tgt0.doc.gate.diff_emb2.npz
[2019-03-01 23:37:37] Saving Adam parameters to model/model.src1tgt0.doc.gate.diff_emb2.npz.optimizer.npz
[2019-03-01 23:38:01] [valid] Ep. 2 : Up. 5000 : cross-entropy : 238.73 : new best
[2019-03-01 23:38:09] [valid] Ep. 2 : Up. 5000 : perplexity : 2234.81 : new best
Detokenizer Version $Revision: 4134 $
Language: en
[2019-03-02 00:05:03] [valid] Ep. 2 : Up. 5000 : translation : 0 : new best
[2019-03-02 00:08:46] Ep. 2 : Up. 5500 : Sen. 184,229 : Cost 248.72705078 : Time 1891.12s : 1193.22 words/s : L.r. 1.0313e-04
[2019-03-02 00:12:24] Ep. 2 : Up. 6000 : Sen. 257,824 : Cost 232.45855713 : Time 218.03s : 10004.69 words/s : L.r. 1.1250e-04
[2019-03-02 00:16:03] Ep. 2 : Up. 6500 : Sen. 331,128 : Cost 232.75007629 : Time 218.93s : 9954.56 words/s : L.r. 1.2188e-04
[2019-03-02 00:19:42] Ep. 2 : Up. 7000 : Sen. 405,217 : Cost 232.09364319 : Time 218.57s : 10065.17 words/s : L.r. 1.3125e-04
[2019-03-02 00:23:21] Ep. 2 : Up. 7500 : Sen. 481,016 : Cost 226.61975098 : Time 219.01s : 10052.44 words/s : L.r. 1.4063e-04
[2019-03-02 00:27:01] Ep. 2 : Up. 8000 : Sen. 555,113 : Cost 234.98611450 : Time 220.24s : 10129.72 words/s : L.r. 1.5000e-04
[2019-03-02 00:29:55] Seen 615313 samples
[2019-03-02 00:29:55] Starting epoch 3
[2019-03-02 00:29:55] [data] Shuffling data
[2019-03-02 00:29:56] [data] Done reading 620637 sentences
[2019-03-02 00:29:59] [data] Done shuffling 620637 sentences to temp files
[2019-03-02 00:31:31] Ep. 3 : Up. 8500 : Sen. 16,882 : Cost 228.88139343 : Time 269.66s : 8404.53 words/s : L.r. 1.5938e-04
[2019-03-02 00:35:09] Ep. 3 : Up. 9000 : Sen. 90,484 : Cost 231.37571716 : Time 217.89s : 10049.45 words/s : L.r. 1.6875e-04
[2019-03-02 00:38:46] Ep. 3 : Up. 9500 : Sen. 161,322 : Cost 239.62426758 : Time 217.66s : 10027.46 words/s : L.r. 1.7813e-04
[2019-03-02 00:42:28] Ep. 3 : Up. 10000 : Sen. 235,041 : Cost 239.10543823 : Time 221.50s : 10239.65 words/s : L.r. 1.8750e-04
[2019-03-02 00:42:28] Saving model weights and runtime parameters to model/model.src1tgt0.doc.gate.diff_emb2.npz.orig.npz
[2019-03-02 00:42:36] Saving model weights and runtime parameters to model/model.src1tgt0.doc.gate.diff_emb2.iter10000.npz
[2019-03-02 00:42:43] Saving model weights and runtime parameters to model/model.src1tgt0.doc.gate.diff_emb2.npz
[2019-03-02 00:42:52] Saving Adam parameters to model/model.src1tgt0.doc.gate.diff_emb2.npz.optimizer.npz
[2019-03-02 00:43:16] [valid] Ep. 3 : Up. 10000 : cross-entropy : 271.716 : stalled 1 times (last best: 238.73)
[2019-03-02 00:43:24] [valid] Ep. 3 : Up. 10000 : perplexity : 6486.38 : stalled 1 times (last best: 2234.81)
Detokenizer Version $Revision: 4134 $
Language: en
[2019-03-02 01:10:03] [valid] Ep. 3 : Up. 10000 : translation : 0 : stalled 1 times (last best: 0)
[2019-03-02 01:13:42] Ep. 3 : Up. 10500 : Sen. 306,875 : Cost 232.01538086 : Time 1874.07s : 1146.89 words/s : L.r. 1.9688e-04
[2019-03-02 01:17:22] Ep. 3 : Up. 11000 : Sen. 381,661 : Cost 231.93814087 : Time 220.50s : 10159.28 words/s : L.r. 2.0625e-04
[2019-03-02 01:21:03] Ep. 3 : Up. 11500 : Sen. 455,400 : Cost 236.13088989 : Time 220.89s : 10178.93 words/s : L.r. 2.1563e-04
[2019-03-02 01:24:40] Ep. 3 : Up. 12000 : Sen. 526,499 : Cost 235.30575562 : Time 216.93s : 9969.97 words/s : L.r. 2.2500e-04
[2019-03-02 01:28:21] Ep. 3 : Up. 12500 : Sen. 601,635 : Cost 230.47425842 : Time 220.94s : 10146.50 words/s : L.r. 2.3438e-04
[2019-03-02 01:29:02] Seen 615313 samples
[2019-03-02 01:29:02] Starting epoch 4
[2019-03-02 01:29:02] [data] Shuffling data
[2019-03-02 01:29:03] [data] Done reading 620637 sentences
[2019-03-02 01:29:07] [data] Done shuffling 620637 sentences to temp files
[2019-03-02 01:32:47] Ep. 4 : Up. 13000 : Sen. 58,816 : Cost 233.67147827 : Time 266.34s : 8237.82 words/s : L.r. 2.4375e-04
[2019-03-02 01:36:26] Ep. 4 : Up. 13500 : Sen. 132,353 : Cost 229.66607666 : Time 218.58s : 10031.36 words/s : L.r. 2.5313e-04
[2019-03-02 01:40:08] Ep. 4 : Up. 14000 : Sen. 208,574 : Cost 233.07589722 : Time 222.37s : 10354.61 words/s : L.r. 2.6250e-04
[2019-03-02 01:43:47] Ep. 4 : Up. 14500 : Sen. 282,171 : Cost 229.91915894 : Time 219.02s : 10020.66 words/s : L.r. 2.7188e-04
[2019-03-02 01:47:27] Ep. 4 : Up. 15000 : Sen. 353,870 : Cost 240.28370667 : Time 219.82s : 10152.12 words/s : L.r. 2.8125e-04
[2019-03-02 01:47:27] Saving model weights and runtime parameters to model/model.src1tgt0.doc.gate.diff_emb2.npz.orig.npz
[2019-03-02 01:47:35] Saving model weights and runtime parameters to model/model.src1tgt0.doc.gate.diff_emb2.iter15000.npz
[2019-03-02 01:47:42] Saving model weights and runtime parameters to model/model.src1tgt0.doc.gate.diff_emb2.npz
[2019-03-02 01:47:50] Saving Adam parameters to model/model.src1tgt0.doc.gate.diff_emb2.npz.optimizer.npz
[2019-03-02 01:48:13] [valid] Ep. 4 : Up. 15000 : cross-entropy : 266.21 : stalled 2 times (last best: 238.73)
[2019-03-02 01:48:21] [valid] Ep. 4 : Up. 15000 : perplexity : 5429.6 : stalled 2 times (last best: 2234.81)
Detokenizer Version $Revision: 4134 $
Language: en
[2019-03-02 02:15:41] [valid] Ep. 4 : Up. 15000 : translation : 0 : stalled 2 times (last best: 0)
[2019-03-02 02:19:22] Ep. 4 : Up. 15500 : Sen. 426,325 : Cost 233.70370483 : Time 1914.64s : 1146.76 words/s : L.r. 2.9063e-04
[2019-03-02 02:23:00] Ep. 4 : Up. 16000 : Sen. 498,444 : Cost 233.82212830 : Time 217.74s : 10050.99 words/s : L.r. 3.0000e-04
[2019-03-02 02:26:40] Ep. 4 : Up. 16500 : Sen. 571,049 : Cost 237.76045227 : Time 220.24s : 10167.10 words/s : L.r. 2.9542e-04
[2019-03-02 02:28:48] Seen 615313 samples
[2019-03-02 02:28:48] Starting epoch 5
[2019-03-02 02:28:48] [data] Shuffling data
[2019-03-02 02:28:49] [data] Done reading 620637 sentences
[2019-03-02 02:28:53] [data] Done shuffling 620637 sentences to temp files
[2019-03-02 02:31:07] Ep. 5 : Up. 17000 : Sen. 29,856 : Cost 228.07522583 : Time 266.75s : 8243.69 words/s : L.r. 2.9104e-04
[2019-03-02 02:34:47] Ep. 5 : Up. 17500 : Sen. 105,472 : Cost 228.15025330 : Time 220.45s : 10199.01 words/s : L.r. 2.8685e-04
[2019-03-02 02:38:27] Ep. 5 : Up. 18000 : Sen. 180,980 : Cost 228.13493347 : Time 219.80s : 10210.24 words/s : L.r. 2.8284e-04
[2019-03-02 02:42:09] Ep. 5 : Up. 18500 : Sen. 253,309 : Cost 245.19973755 : Time 222.31s : 10371.19 words/s : L.r. 2.7899e-04
[2019-03-02 02:45:46] Ep. 5 : Up. 19000 : Sen. 323,200 : Cost 234.68885803 : Time 216.69s : 9862.86 words/s : L.r. 2.7530e-04
[2019-03-02 02:49:25] Ep. 5 : Up. 19500 : Sen. 392,789 : Cost 242.15129089 : Time 219.10s : 10002.75 words/s : L.r. 2.7175e-04
[2019-03-02 02:53:05] Ep. 5 : Up. 20000 : Sen. 469,808 : Cost 220.25793457 : Time 219.95s : 10075.34 words/s : L.r. 2.6833e-04
[2019-03-02 02:53:05] Saving model weights and runtime parameters to model/model.src1tgt0.doc.gate.diff_emb2.npz.orig.npz
[2019-03-02 02:53:13] Saving model weights and runtime parameters to model/model.src1tgt0.doc.gate.diff_emb2.iter20000.npz
[2019-03-02 02:53:19] Saving model weights and runtime parameters to model/model.src1tgt0.doc.gate.diff_emb2.npz
[2019-03-02 02:53:27] Saving Adam parameters to model/model.src1tgt0.doc.gate.diff_emb2.npz.optimizer.npz
[2019-03-02 02:53:51] [valid] Ep. 5 : Up. 20000 : cross-entropy : 268.692 : stalled 3 times (last best: 238.73)
[2019-03-02 02:53:59] [valid] Ep. 5 : Up. 20000 : perplexity : 5882.86 : stalled 3 times (last best: 2234.81)
Detokenizer Version $Revision: 4134 $
Language: en
[2019-03-02 03:21:00] [valid] Ep. 5 : Up. 20000 : translation : 0 : stalled 3 times (last best: 0)
[2019-03-02 03:24:40] Ep. 5 : Up. 20500 : Sen. 540,973 : Cost 237.48370361 : Time 1895.65s : 1161.57 words/s : L.r. 2.6504e-04
[2019-03-02 03:28:15] Seen 615313 samples
[2019-03-02 03:28:15] Starting epoch 6
[2019-03-02 03:28:15] [data] Shuffling data
[2019-03-02 03:28:15] [data] Done reading 620637 sentences
[2019-03-02 03:28:19] [data] Done shuffling 620637 sentences to temp files
[2019-03-02 03:29:08] Ep. 6 : Up. 21000 : Sen. 1,480 : Cost 220.60644531 : Time 267.09s : 8178.84 words/s : L.r. 2.6186e-04
[2019-03-02 03:32:47] Ep. 6 : Up. 21500 : Sen. 73,838 : Cost 235.53401184 : Time 219.22s : 10163.74 words/s : L.r. 2.5880e-04
[2019-03-02 03:36:27] Ep. 6 : Up. 22000 : Sen. 147,646 : Cost 229.82283020 : Time 219.99s : 10083.78 words/s : L.r. 2.5584e-04
[2019-03-02 03:40:07] Ep. 6 : Up. 22500 : Sen. 221,636 : Cost 228.30293274 : Time 220.49s : 10025.40 words/s : L.r. 2.5298e-04
[2019-03-02 03:43:47] Ep. 6 : Up. 23000 : Sen. 293,639 : Cost 231.97760010 : Time 219.42s : 9950.56 words/s : L.r. 2.5022e-04
[2019-03-02 03:47:27] Ep. 6 : Up. 23500 : Sen. 368,298 : Cost 229.36320496 : Time 220.36s : 10174.12 words/s : L.r. 2.4754e-04
[2019-03-02 03:51:07] Ep. 6 : Up. 24000 : Sen. 441,040 : Cost 235.21038818 : Time 220.04s : 10170.82 words/s : L.r. 2.4495e-04
[2019-03-02 03:54:48] Ep. 6 : Up. 24500 : Sen. 514,632 : Cost 231.87226868 : Time 220.78s : 10111.16 words/s : L.r. 2.4244e-04
[2019-03-02 03:58:26] Ep. 6 : Up. 25000 : Sen. 587,335 : Cost 230.08370972 : Time 218.36s : 10024.62 words/s : L.r. 2.4000e-04
[2019-03-02 03:58:26] Saving model weights and runtime parameters to model/model.src1tgt0.doc.gate.diff_emb2.npz.orig.npz
[2019-03-02 03:58:34] Saving model weights and runtime parameters to model/model.src1tgt0.doc.gate.diff_emb2.iter25000.npz
[2019-03-02 03:58:40] Saving model weights and runtime parameters to model/model.src1tgt0.doc.gate.diff_emb2.npz
[2019-03-02 03:58:49] Saving Adam parameters to model/model.src1tgt0.doc.gate.diff_emb2.npz.optimizer.npz
[2019-03-02 03:59:12] [valid] Ep. 6 : Up. 25000 : cross-entropy : 270.464 : stalled 4 times (last best: 238.73)
[2019-03-02 03:59:20] [valid] Ep. 6 : Up. 25000 : perplexity : 6229.36 : stalled 4 times (last best: 2234.81)
Detokenizer Version $Revision: 4134 $
Language: en
[2019-03-02 04:25:52] [valid] Ep. 6 : Up. 25000 : translation : 0 : stalled 4 times (last best: 0)
[2019-03-02 04:27:16] Seen 615313 samples
[2019-03-02 04:27:16] Starting epoch 7
[2019-03-02 04:27:16] [data] Shuffling data
[2019-03-02 04:27:16] [data] Done reading 620637 sentences
[2019-03-02 04:27:20] [data] Done shuffling 620637 sentences to temp files
[2019-03-02 04:30:21] Ep. 7 : Up. 25500 : Sen. 46,230 : Cost 224.38658142 : Time 1914.43s : 1140.87 words/s : L.r. 2.3764e-04
[2019-03-02 04:34:01] Ep. 7 : Up. 26000 : Sen. 119,571 : Cost 233.31492615 : Time 220.37s : 10195.42 words/s : L.r. 2.3534e-04
[2019-03-02 04:37:41] Ep. 7 : Up. 26500 : Sen. 190,684 : Cost 238.16688538 : Time 220.43s : 10073.18 words/s : L.r. 2.3311e-04
[2019-03-02 04:41:19] Ep. 7 : Up. 27000 : Sen. 262,842 : Cost 230.72627258 : Time 217.91s : 10024.78 words/s : L.r. 2.3094e-04
[2019-03-02 04:45:00] Ep. 7 : Up. 27500 : Sen. 336,854 : Cost 228.73918152 : Time 220.13s : 10093.33 words/s : L.r. 2.2883e-04
[2019-03-02 04:48:41] Ep. 7 : Up. 28000 : Sen. 411,302 : Cost 234.40812683 : Time 221.96s : 10309.32 words/s : L.r. 2.2678e-04
[2019-03-02 04:52:19] Ep. 7 : Up. 28500 : Sen. 485,839 : Cost 221.74102783 : Time 217.87s : 9960.48 words/s : L.r. 2.2478e-04
[2019-03-02 04:55:58] Ep. 7 : Up. 29000 : Sen. 559,079 : Cost 230.00035095 : Time 218.49s : 10114.77 words/s : L.r. 2.2283e-04
[2019-03-02 04:58:46] Seen 615313 samples
[2019-03-02 04:58:46] Starting epoch 8
[2019-03-02 04:58:46] [data] Shuffling data
[2019-03-02 04:58:47] [data] Done reading 620637 sentences
[2019-03-02 04:58:51] [data] Done shuffling 620637 sentences to temp files
[2019-03-02 05:00:24] Ep. 8 : Up. 29500 : Sen. 16,730 : Cost 229.68305969 : Time 265.71s : 8283.36 words/s : L.r. 2.2094e-04
[2019-03-02 05:04:01] Ep. 8 : Up. 30000 : Sen. 85,901 : Cost 237.33200073 : Time 217.38s : 9939.59 words/s : L.r. 2.1909e-04
[2019-03-02 05:04:01] Saving model weights and runtime parameters to model/model.src1tgt0.doc.gate.diff_emb2.npz.orig.npz
[2019-03-02 05:04:09] Saving model weights and runtime parameters to model/model.src1tgt0.doc.gate.diff_emb2.iter30000.npz
[2019-03-02 05:04:16] Saving model weights and runtime parameters to model/model.src1tgt0.doc.gate.diff_emb2.npz
[2019-03-02 05:04:24] Saving Adam parameters to model/model.src1tgt0.doc.gate.diff_emb2.npz.optimizer.npz
[2019-03-02 05:04:49] [valid] Ep. 8 : Up. 30000 : cross-entropy : 271.445 : stalled 5 times (last best: 238.73)
[2019-03-02 05:04:57] [valid] Ep. 8 : Up. 30000 : perplexity : 6429.86 : stalled 5 times (last best: 2234.81)
Detokenizer Version $Revision: 4134 $
Language: en
[2019-03-02 05:31:44] [valid] Ep. 8 : Up. 30000 : translation : 0 : stalled 5 times (last best: 0)
[2019-03-02 05:35:28] Ep. 8 : Up. 30500 : Sen. 160,537 : Cost 232.62364197 : Time 1886.83s : 1210.28 words/s : L.r. 2.1729e-04
[2019-03-02 05:39:07] Ep. 8 : Up. 31000 : Sen. 236,913 : Cost 219.13455200 : Time 219.44s : 10055.67 words/s : L.r. 2.1553e-04
[2019-03-02 05:42:44] Ep. 8 : Up. 31500 : Sen. 307,301 : Cost 232.90010071 : Time 216.89s : 9938.70 words/s : L.r. 2.1381e-04
[2019-03-02 05:46:23] Ep. 8 : Up. 32000 : Sen. 380,862 : Cost 227.19261169 : Time 218.47s : 10060.29 words/s : L.r. 2.1213e-04
[2019-03-02 05:50:03] Ep. 8 : Up. 32500 : Sen. 455,193 : Cost 228.43009949 : Time 220.87s : 10110.03 words/s : L.r. 2.1049e-04
[2019-03-02 05:53:44] Ep. 8 : Up. 33000 : Sen. 528,780 : Cost 231.81800842 : Time 220.77s : 10153.17 words/s : L.r. 2.0889e-04
[2019-03-02 05:57:25] Ep. 8 : Up. 33500 : Sen. 601,518 : Cost 235.03395081 : Time 220.58s : 10177.96 words/s : L.r. 2.0733e-04
[2019-03-02 05:58:02] Seen 615313 samples
[2019-03-02 05:58:02] Starting epoch 9
[2019-03-02 05:58:02] [data] Shuffling data
[2019-03-02 05:58:02] [data] Done reading 620637 sentences
[2019-03-02 05:58:06] [data] Done shuffling 620637 sentences to temp files
[2019-03-02 06:01:51] Ep. 9 : Up. 34000 : Sen. 58,582 : Cost 228.38183594 : Time 266.10s : 8195.33 words/s : L.r. 2.0580e-04
[2019-03-02 06:05:31] Ep. 9 : Up. 34500 : Sen. 132,873 : Cost 225.44131470 : Time 220.29s : 10035.49 words/s : L.r. 2.0430e-04
[2019-03-02 06:09:11] Ep. 9 : Up. 35000 : Sen. 206,768 : Cost 225.74691772 : Time 219.52s : 10034.12 words/s : L.r. 2.0284e-04
[2019-03-02 06:09:11] Saving model weights and runtime parameters to model/model.src1tgt0.doc.gate.diff_emb2.npz.orig.npz
[2019-03-02 06:09:19] Saving model weights and runtime parameters to model/model.src1tgt0.doc.gate.diff_emb2.iter35000.npz
[2019-03-02 06:09:26] Saving model weights and runtime parameters to model/model.src1tgt0.doc.gate.diff_emb2.npz
[2019-03-02 06:09:35] Saving Adam parameters to model/model.src1tgt0.doc.gate.diff_emb2.npz.optimizer.npz
[2019-03-02 06:09:59] [valid] Ep. 9 : Up. 35000 : cross-entropy : 276.88 : stalled 6 times (last best: 238.73)
[2019-03-02 06:10:07] [valid] Ep. 9 : Up. 35000 : perplexity : 7664.07 : stalled 6 times (last best: 2234.81)
Detokenizer Version $Revision: 4134 $
Language: en
[2019-03-02 06:37:00] [valid] Ep. 9 : Up. 35000 : translation : 0 : stalled 6 times (last best: 0)
[2019-03-02 06:40:41] Ep. 9 : Up. 35500 : Sen. 281,074 : Cost 225.65492249 : Time 1889.84s : 1170.84 words/s : L.r. 2.0140e-04
[2019-03-02 06:44:23] Ep. 9 : Up. 36000 : Sen. 355,700 : Cost 231.97764587 : Time 222.13s : 10269.75 words/s : L.r. 2.0000e-04
[2019-03-02 06:48:00] Ep. 9 : Up. 36500 : Sen. 427,015 : Cost 231.19836426 : Time 217.57s : 9987.49 words/s : L.r. 1.9863e-04
[2019-03-02 06:51:41] Ep. 9 : Up. 37000 : Sen. 502,044 : Cost 224.61535645 : Time 220.63s : 10074.00 words/s : L.r. 1.9728e-04
[2019-03-02 06:55:22] Ep. 9 : Up. 37500 : Sen. 576,527 : Cost 231.61267090 : Time 221.40s : 10247.63 words/s : L.r. 1.9596e-04
[2019-03-02 06:57:25] Seen 615313 samples
[2019-03-02 06:57:25] Starting epoch 10
[2019-03-02 06:57:25] [data] Shuffling data
[2019-03-02 06:57:25] [data] Done reading 620637 sentences
[2019-03-02 06:57:29] [data] Done shuffling 620637 sentences to temp files
[2019-03-02 06:59:49] Ep. 10 : Up. 38000 : Sen. 32,989 : Cost 234.96936035 : Time 266.91s : 8336.65 words/s : L.r. 1.9467e-04
[2019-03-02 07:03:28] Ep. 10 : Up. 38500 : Sen. 106,477 : Cost 225.46157837 : Time 219.01s : 10015.03 words/s : L.r. 1.9340e-04
[2019-03-02 07:07:08] Ep. 10 : Up. 39000 : Sen. 177,901 : Cost 237.34503174 : Time 220.06s : 10168.80 words/s : L.r. 1.9215e-04
[2019-03-02 07:10:47] Ep. 10 : Up. 39500 : Sen. 250,762 : Cost 227.22738647 : Time 219.05s : 9999.88 words/s : L.r. 1.9093e-04
[2019-03-02 07:14:29] Ep. 10 : Up. 40000 : Sen. 323,595 : Cost 237.49137878 : Time 221.86s : 10271.92 words/s : L.r. 1.8974e-04
[2019-03-02 07:14:29] Saving model weights and runtime parameters to model/model.src1tgt0.doc.gate.diff_emb2.npz.orig.npz
[2019-03-02 07:14:38] Saving model weights and runtime parameters to model/model.src1tgt0.doc.gate.diff_emb2.iter40000.npz
[2019-03-02 07:14:44] Saving model weights and runtime parameters to model/model.src1tgt0.doc.gate.diff_emb2.npz
[2019-03-02 07:14:53] Saving Adam parameters to model/model.src1tgt0.doc.gate.diff_emb2.npz.optimizer.npz
[2019-03-02 07:15:17] [valid] Ep. 10 : Up. 40000 : cross-entropy : 279.777 : stalled 7 times (last best: 238.73)
[2019-03-02 07:15:25] [valid] Ep. 10 : Up. 40000 : perplexity : 8415.77 : stalled 7 times (last best: 2234.81)
Detokenizer Version $Revision: 4134 $
Language: en
[2019-03-02 07:42:28] [valid] Ep. 10 : Up. 40000 : translation : 0 : stalled 7 times (last best: 0)
[2019-03-02 07:46:12] Ep. 10 : Up. 40500 : Sen. 398,202 : Cost 228.65832520 : Time 1902.37s : 1183.13 words/s : L.r. 1.8856e-04
[2019-03-02 07:49:53] Ep. 10 : Up. 41000 : Sen. 473,647 : Cost 224.45722961 : Time 221.18s : 10117.87 words/s : L.r. 1.8741e-04
[2019-03-02 07:53:31] Ep. 10 : Up. 41500 : Sen. 546,792 : Cost 227.07371521 : Time 218.73s : 10022.02 words/s : L.r. 1.8628e-04
[2019-03-02 07:56:58] Seen 615313 samples
[2019-03-02 07:56:58] Starting epoch 11
[2019-03-02 07:56:58] [data] Shuffling data
[2019-03-02 07:56:59] [data] Done reading 620637 sentences
[2019-03-02 07:57:03] [data] Done shuffling 620637 sentences to temp files
[2019-03-02 07:57:55] Ep. 11 : Up. 42000 : Sen. 2,980 : Cost 223.33532715 : Time 263.22s : 8012.96 words/s : L.r. 1.8516e-04
[2019-03-02 08:01:34] Ep. 11 : Up. 42500 : Sen. 72,736 : Cost 240.11517334 : Time 218.92s : 10123.99 words/s : L.r. 1.8407e-04
[2019-03-02 08:05:09] Ep. 11 : Up. 43000 : Sen. 144,712 : Cost 223.36087036 : Time 215.51s : 9887.75 words/s : L.r. 1.8300e-04
[2019-03-02 08:08:46] Ep. 11 : Up. 43500 : Sen. 216,842 : Cost 226.57478333 : Time 217.18s : 9964.98 words/s : L.r. 1.8194e-04
[2019-03-02 08:12:26] Ep. 11 : Up. 44000 : Sen. 294,858 : Cost 214.12948608 : Time 219.51s : 10101.77 words/s : L.r. 1.8091e-04
[2019-03-02 08:16:03] Ep. 11 : Up. 44500 : Sen. 368,822 : Cost 223.43153381 : Time 217.48s : 10066.06 words/s : L.r. 1.7989e-04
[2019-03-02 08:19:42] Ep. 11 : Up. 45000 : Sen. 442,294 : Cost 227.65792847 : Time 219.00s : 10096.66 words/s : L.r. 1.7889e-04
[2019-03-02 08:19:42] Saving model weights and runtime parameters to model/model.src1tgt0.doc.gate.diff_emb2.npz.orig.npz
[2019-03-02 08:19:51] Saving model weights and runtime parameters to model/model.src1tgt0.doc.gate.diff_emb2.iter45000.npz
[2019-03-02 08:19:57] Saving model weights and runtime parameters to model/model.src1tgt0.doc.gate.diff_emb2.npz
[2019-03-02 08:20:06] Saving Adam parameters to model/model.src1tgt0.doc.gate.diff_emb2.npz.optimizer.npz
[2019-03-02 08:20:31] [valid] Ep. 11 : Up. 45000 : cross-entropy : 278.426 : stalled 8 times (last best: 238.73)
[2019-03-02 08:20:39] [valid] Ep. 11 : Up. 45000 : perplexity : 8056.4 : stalled 8 times (last best: 2234.81)
Detokenizer Version $Revision: 4134 $
Language: en
[2019-03-02 08:47:23] [valid] Ep. 11 : Up. 45000 : translation : 0 : stalled 8 times (last best: 0)
[2019-03-02 08:51:04] Ep. 11 : Up. 45500 : Sen. 514,041 : Cost 236.18252563 : Time 1881.64s : 1190.46 words/s : L.r. 1.7790e-04
[2019-03-02 08:54:47] Ep. 11 : Up. 46000 : Sen. 590,470 : Cost 230.97535706 : Time 223.56s : 10428.99 words/s : L.r. 1.7693e-04
[2019-03-02 08:56:07] Seen 615313 samples
[2019-03-02 08:56:07] Starting epoch 12
[2019-03-02 08:56:07] [data] Shuffling data
[2019-03-02 08:56:07] [data] Done reading 620637 sentences
[2019-03-02 08:56:11] [data] Done shuffling 620637 sentences to temp files
[2019-03-02 08:59:13] Ep. 12 : Up. 46500 : Sen. 48,948 : Cost 223.31596375 : Time 265.94s : 8223.52 words/s : L.r. 1.7598e-04
[2019-03-02 09:02:58] Ep. 12 : Up. 47000 : Sen. 124,022 : Cost 234.30639648 : Time 224.88s : 10364.91 words/s : L.r. 1.7504e-04
[2019-03-02 09:06:39] Ep. 12 : Up. 47500 : Sen. 196,546 : Cost 234.88310242 : Time 220.57s : 10232.88 words/s : L.r. 1.7411e-04
[2019-03-02 09:10:18] Ep. 12 : Up. 48000 : Sen. 270,745 : Cost 227.05104065 : Time 219.39s : 10172.17 words/s : L.r. 1.7321e-04
[2019-03-02 09:13:58] Ep. 12 : Up. 48500 : Sen. 344,371 : Cost 230.06361389 : Time 219.93s : 10209.95 words/s : L.r. 1.7231e-04
[2019-03-02 09:17:37] Ep. 12 : Up. 49000 : Sen. 417,953 : Cost 228.18748474 : Time 219.03s : 10148.58 words/s : L.r. 1.7143e-04
[2019-03-02 09:21:16] Ep. 12 : Up. 49500 : Sen. 489,474 : Cost 235.35400391 : Time 219.02s : 10169.30 words/s : L.r. 1.7056e-04
[2019-03-02 09:24:51] Ep. 12 : Up. 50000 : Sen. 560,706 : Cost 225.29170227 : Time 215.09s : 9892.30 words/s : L.r. 1.6971e-04
[2019-03-02 09:24:51] Saving model weights and runtime parameters to model/model.src1tgt0.doc.gate.diff_emb2.npz.orig.npz
[2019-03-02 09:25:00] Saving model weights and runtime parameters to model/model.src1tgt0.doc.gate.diff_emb2.iter50000.npz
[2019-03-02 09:25:06] Saving model weights and runtime parameters to model/model.src1tgt0.doc.gate.diff_emb2.npz
[2019-03-02 09:25:15] Saving Adam parameters to model/model.src1tgt0.doc.gate.diff_emb2.npz.optimizer.npz
[2019-03-02 09:25:40] [valid] Ep. 12 : Up. 50000 : cross-entropy : 277.113 : stalled 9 times (last best: 238.73)
[2019-03-02 09:25:48] [valid] Ep. 12 : Up. 50000 : perplexity : 7721.93 : stalled 9 times (last best: 2234.81)
Detokenizer Version $Revision: 4134 $
Language: en
[2019-03-02 09:52:39] [valid] Ep. 12 : Up. 50000 : translation : 0 : stalled 9 times (last best: 0)
[2019-03-02 09:55:21] Seen 615313 samples
[2019-03-02 09:55:21] Starting epoch 13
[2019-03-02 09:55:21] [data] Shuffling data
[2019-03-02 09:55:22] [data] Done reading 620637 sentences
[2019-03-02 09:55:25] [data] Done shuffling 620637 sentences to temp files
[2019-03-02 09:57:04] Ep. 13 : Up. 50500 : Sen. 19,480 : Cost 218.72366333 : Time 1932.68s : 1112.59 words/s : L.r. 1.6886e-04
train_dual_doc.diff_emb.sh: line 27: 29000 Terminated              $marian_home/marian --model model/model.src1tgt0.doc.gate.diff_emb2.npz --type transformer-context --train-sets corp/europarl.cs-en.docs.train.en.bpe.src_prev corp/europarl.cs-en.docs.train.en.bpe.src corp/europarl.cs-en.docs.train.cz.bpe --max-length 100 --dim-vocabs 30000 30000 --vocabs corp/vocab.encs.europarl.yml corp/vocab.encs.europarl.yml corp/vocab.encs.europarl.yml --mini-batch-fit -w 8900 --mini-batch 1000 --maxi-batch 1000 --early-stopping 10 --valid-freq 5000 --save-freq 5000 --disp-freq 500 --valid-metrics cross-entropy perplexity translation --valid-sets corp/europarl.cs-en.docs.dev.en.bpe.src_prev corp/europarl.cs-en.docs.dev.en.bpe.src corp/europarl.cs-en.docs.dev.cz.bpe --valid-script-path ./val.sh --valid-translation-output data/valid.bpe.en.output --quiet-translation --valid-mini-batch 16 --beam-size 6 --normalize 0.6 --log model/train_trans.doc.log --valid-log model/valid_trans.doc.log --enc-depth 6 --dec-depth 6 --transformer-heads 8 --transformer-postprocess-emb d --transformer-postprocess dan --transformer-dropout 0.1 --label-smoothing 0.1 --learn-rate 0.0003 --lr-warmup 16000 --lr-decay-inv-sqrt 16000 --lr-report --optimizer-params 0.9 0.98 1e-09 --clip-norm 5 --tied-embeddings-all --devices 0 1 --sync-sgd --seed 1111 --exponential-smoothing --no-restore-corpus
