[2018-11-16 12:06:36] [config] after-batches: 0
[2018-11-16 12:06:36] [config] after-epochs: 0
[2018-11-16 12:06:36] [config] allow-unk: false
[2018-11-16 12:06:36] [config] beam-size: 6
[2018-11-16 12:06:36] [config] best-deep: false
[2018-11-16 12:06:36] [config] clip-gemm: 0
[2018-11-16 12:06:36] [config] clip-norm: 5
[2018-11-16 12:06:36] [config] cost-type: ce-mean-words
[2018-11-16 12:06:36] [config] cpu-threads: 0
[2018-11-16 12:06:36] [config] data-weighting-type: sentence
[2018-11-16 12:06:36] [config] dec-cell: gru
[2018-11-16 12:06:36] [config] dec-cell-base-depth: 8
[2018-11-16 12:06:36] [config] dec-cell-high-depth: 1
[2018-11-16 12:06:36] [config] dec-depth: 1
[2018-11-16 12:06:36] [config] devices:
[2018-11-16 12:06:36] [config]   - 2
[2018-11-16 12:06:36] [config] dim-emb: 512
[2018-11-16 12:06:36] [config] dim-rnn: 1024
[2018-11-16 12:06:36] [config] dim-vocabs:
[2018-11-16 12:06:36] [config]   - 0
[2018-11-16 12:06:36] [config]   - 0
[2018-11-16 12:06:36] [config] disp-freq: 500
[2018-11-16 12:06:36] [config] disp-label-counts: false
[2018-11-16 12:06:36] [config] dropout-rnn: 0.1
[2018-11-16 12:06:36] [config] dropout-src: 0
[2018-11-16 12:06:36] [config] dropout-trg: 0
[2018-11-16 12:06:36] [config] dump-config: false
[2018-11-16 12:06:36] [config] early-stopping: 5
[2018-11-16 12:06:36] [config] embedding-fix-src: false
[2018-11-16 12:06:36] [config] embedding-fix-trg: false
[2018-11-16 12:06:36] [config] embedding-normalization: false
[2018-11-16 12:06:36] [config] enc-cell: gru
[2018-11-16 12:06:36] [config] enc-cell-depth: 4
[2018-11-16 12:06:36] [config] enc-depth: 1
[2018-11-16 12:06:36] [config] enc-type: bidirectional
[2018-11-16 12:06:36] [config] exponential-smoothing: 0.0001
[2018-11-16 12:06:36] [config] grad-dropping-momentum: 0
[2018-11-16 12:06:36] [config] grad-dropping-rate: 0
[2018-11-16 12:06:36] [config] grad-dropping-warmup: 100
[2018-11-16 12:06:36] [config] guided-alignment-cost: ce
[2018-11-16 12:06:36] [config] guided-alignment-weight: 1
[2018-11-16 12:06:36] [config] ignore-model-config: false
[2018-11-16 12:06:36] [config] interpolate-env-vars: false
[2018-11-16 12:06:36] [config] keep-best: true
[2018-11-16 12:06:36] [config] label-smoothing: 0.1
[2018-11-16 12:06:36] [config] layer-normalization: true
[2018-11-16 12:06:36] [config] learn-rate: 0.0003
[2018-11-16 12:06:36] [config] log: model/train.2.len.log
[2018-11-16 12:06:36] [config] log-level: info
[2018-11-16 12:06:36] [config] lr-decay: 0
[2018-11-16 12:06:36] [config] lr-decay-freq: 50000
[2018-11-16 12:06:36] [config] lr-decay-inv-sqrt: 16000
[2018-11-16 12:06:36] [config] lr-decay-repeat-warmup: false
[2018-11-16 12:06:36] [config] lr-decay-reset-optimizer: false
[2018-11-16 12:06:36] [config] lr-decay-start:
[2018-11-16 12:06:36] [config]   - 10
[2018-11-16 12:06:36] [config]   - 1
[2018-11-16 12:06:36] [config] lr-decay-strategy: epoch+stalled
[2018-11-16 12:06:36] [config] lr-report: true
[2018-11-16 12:06:36] [config] lr-warmup: 0
[2018-11-16 12:06:36] [config] lr-warmup-at-reload: false
[2018-11-16 12:06:36] [config] lr-warmup-cycle: false
[2018-11-16 12:06:36] [config] lr-warmup-start-rate: 0
[2018-11-16 12:06:36] [config] max-length: 200
[2018-11-16 12:06:36] [config] max-length-crop: false
[2018-11-16 12:06:36] [config] max-length-factor: 3
[2018-11-16 12:06:36] [config] maxi-batch: 1000
[2018-11-16 12:06:36] [config] maxi-batch-sort: trg
[2018-11-16 12:06:36] [config] mini-batch: 1000
[2018-11-16 12:06:36] [config] mini-batch-fit: true
[2018-11-16 12:06:36] [config] mini-batch-fit-step: 10
[2018-11-16 12:06:36] [config] mini-batch-words: 0
[2018-11-16 12:06:36] [config] model: model/model.src1tgt0.2.len.npz
[2018-11-16 12:06:36] [config] multi-node: false
[2018-11-16 12:06:36] [config] multi-node-overlap: true
[2018-11-16 12:06:36] [config] n-best: false
[2018-11-16 12:06:36] [config] no-nccl: false
[2018-11-16 12:06:36] [config] no-reload: false
[2018-11-16 12:06:36] [config] no-restore-corpus: false
[2018-11-16 12:06:36] [config] no-shuffle: false
[2018-11-16 12:06:36] [config] normalize: 1
[2018-11-16 12:06:36] [config] optimizer: adam
[2018-11-16 12:06:36] [config] optimizer-delay: 1
[2018-11-16 12:06:36] [config] optimizer-params:
[2018-11-16 12:06:36] [config]   - 0.9
[2018-11-16 12:06:36] [config]   - 0.98
[2018-11-16 12:06:36] [config]   - 1e-09
[2018-11-16 12:06:36] [config] overwrite: true
[2018-11-16 12:06:36] [config] quiet: false
[2018-11-16 12:06:36] [config] quiet-translation: true
[2018-11-16 12:06:36] [config] relative-paths: false
[2018-11-16 12:06:36] [config] right-left: false
[2018-11-16 12:06:36] [config] save-freq: 5000
[2018-11-16 12:06:36] [config] seed: 1234
[2018-11-16 12:06:36] [config] skip: false
[2018-11-16 12:06:36] [config] sqlite: ""
[2018-11-16 12:06:36] [config] sqlite-drop: false
[2018-11-16 12:06:36] [config] sync-sgd: true
[2018-11-16 12:06:36] [config] tempdir: /tmp
[2018-11-16 12:06:36] [config] tied-embeddings: false
[2018-11-16 12:06:36] [config] tied-embeddings-all: true
[2018-11-16 12:06:36] [config] tied-embeddings-src: false
[2018-11-16 12:06:36] [config] train-sets:
[2018-11-16 12:06:36] [config]   - corp/europarl.cs-en.docs.train.en.bpe
[2018-11-16 12:06:36] [config]   - corp/europarl.cs-en.docs.train.cz.bpe
[2018-11-16 12:06:36] [config] transformer-aan-activation: swish
[2018-11-16 12:06:36] [config] transformer-aan-depth: 2
[2018-11-16 12:06:36] [config] transformer-aan-nogate: false
[2018-11-16 12:06:36] [config] transformer-decoder-autoreg: self-attention
[2018-11-16 12:06:36] [config] transformer-dim-aan: 2048
[2018-11-16 12:06:36] [config] transformer-dim-ffn: 2048
[2018-11-16 12:06:36] [config] transformer-dropout: 0
[2018-11-16 12:06:36] [config] transformer-dropout-attention: 0
[2018-11-16 12:06:36] [config] transformer-dropout-ffn: 0
[2018-11-16 12:06:36] [config] transformer-ffn-activation: swish
[2018-11-16 12:06:36] [config] transformer-ffn-depth: 2
[2018-11-16 12:06:36] [config] transformer-guided-alignment-layer: last
[2018-11-16 12:06:36] [config] transformer-heads: 8
[2018-11-16 12:06:36] [config] transformer-no-projection: false
[2018-11-16 12:06:36] [config] transformer-postprocess: dan
[2018-11-16 12:06:36] [config] transformer-postprocess-emb: d
[2018-11-16 12:06:36] [config] transformer-preprocess: ""
[2018-11-16 12:06:36] [config] transformer-tied-layers:
[2018-11-16 12:06:36] [config]   []
[2018-11-16 12:06:36] [config] type: s2s
[2018-11-16 12:06:36] [config] valid-freq: 5000
[2018-11-16 12:06:36] [config] valid-log: model/valid.2.len.log
[2018-11-16 12:06:36] [config] valid-max-length: 1000
[2018-11-16 12:06:36] [config] valid-metrics:
[2018-11-16 12:06:36] [config]   - ce-mean-words
[2018-11-16 12:06:36] [config]   - perplexity
[2018-11-16 12:06:36] [config]   - translation
[2018-11-16 12:06:36] [config] valid-mini-batch: 64
[2018-11-16 12:06:36] [config] valid-script-path: ./val.sh
[2018-11-16 12:06:36] [config] valid-sets:
[2018-11-16 12:06:36] [config]   - corp/europarl.cs-en.docs.dev.en.bpe
[2018-11-16 12:06:36] [config]   - corp/europarl.cs-en.docs.dev.cz.bpe
[2018-11-16 12:06:36] [config] valid-translation-output: data/valid.len.bpe.en.output
[2018-11-16 12:06:36] [config] vocabs:
[2018-11-16 12:06:36] [config]   - corp/vocab.encs.europarl.yml
[2018-11-16 12:06:36] [config]   - corp/vocab.encs.europarl.yml
[2018-11-16 12:06:36] [config] word-penalty: 0
[2018-11-16 12:06:36] [config] workspace: 8500
[2018-11-16 12:06:36] [config] Model is being created with Marian v1.6.0+59e69a8
[2018-11-16 12:06:36] [data] Loading vocabulary from JSON/Yaml file corp/vocab.encs.europarl.yml
[2018-11-16 12:06:37] [data] Setting vocabulary size for input 0 to 32000
[2018-11-16 12:06:37] [data] Loading vocabulary from JSON/Yaml file corp/vocab.encs.europarl.yml
[2018-11-16 12:06:37] [data] Setting vocabulary size for input 1 to 32000
[2018-11-16 12:06:37] [batching] Collecting statistics for batch fitting with step size 10
[2018-11-16 12:06:37] [memory] Extending reserved space to 8576 MB (device gpu2)
[2018-11-16 12:06:37] [memory] Reserving 336 MB, device gpu2
[2018-11-16 12:06:38] [memory] Reserving 336 MB, device gpu2
[2018-11-16 12:07:39] [batching] Done
[2018-11-16 12:07:39] [memory] Extending reserved space to 8576 MB (device gpu2)
[2018-11-16 12:07:39] Training started
[2018-11-16 12:07:39] [data] Shuffling files
[2018-11-16 12:07:41] [data] Done
[2018-11-16 12:08:09] [memory] Reserving 336 MB, device gpu2
[2018-11-16 12:08:10] [memory] Reserving 336 MB, device gpu2
[2018-11-16 12:08:10] [memory] Reserving 672 MB, device gpu2
[2018-11-16 12:08:10] [memory] Reserving 336 MB, device gpu2
[2018-11-16 12:14:47] Ep. 1 : Up. 500 : Sen. 46160 : Cost 7.04 : Time 428.55s : 3357.32 words/s : L.r. 3.0000e-04
[2018-11-16 12:21:18] Ep. 1 : Up. 1000 : Sen. 92995 : Cost 5.73 : Time 390.88s : 3607.37 words/s : L.r. 3.0000e-04
[2018-11-16 12:27:45] Ep. 1 : Up. 1500 : Sen. 140796 : Cost 5.09 : Time 387.44s : 3659.85 words/s : L.r. 3.0000e-04
[2018-11-16 12:34:27] Ep. 1 : Up. 2000 : Sen. 188584 : Cost 4.54 : Time 401.04s : 3664.35 words/s : L.r. 3.0000e-04
[2018-11-16 12:41:04] Ep. 1 : Up. 2500 : Sen. 235145 : Cost 4.12 : Time 397.90s : 3552.01 words/s : L.r. 3.0000e-04
[2018-11-16 12:47:48] Ep. 1 : Up. 3000 : Sen. 282363 : Cost 3.83 : Time 404.03s : 3676.97 words/s : L.r. 3.0000e-04
[2018-11-16 12:54:21] Ep. 1 : Up. 3500 : Sen. 330438 : Cost 3.63 : Time 392.72s : 3704.06 words/s : L.r. 3.0000e-04
[2018-11-16 13:00:53] Ep. 1 : Up. 4000 : Sen. 377581 : Cost 3.46 : Time 392.12s : 3558.87 words/s : L.r. 3.0000e-04
[2018-11-16 13:07:27] Ep. 1 : Up. 4500 : Sen. 424280 : Cost 3.36 : Time 393.76s : 3629.81 words/s : L.r. 3.0000e-04
[2018-11-16 13:14:08] Ep. 1 : Up. 5000 : Sen. 470450 : Cost 3.26 : Time 401.04s : 3590.57 words/s : L.r. 3.0000e-04
[2018-11-16 13:14:30] Saving model weights and runtime parameters to model/model.src1tgt0.2.len.npz.best-ce-mean-words.npz
[2018-11-16 13:14:33] [valid] Ep. 1 : Up. 5000 : ce-mean-words : 2.47789 : new best
[2018-11-16 13:14:55] Saving model weights and runtime parameters to model/model.src1tgt0.2.len.npz.best-perplexity.npz
[2018-11-16 13:14:56] [valid] Ep. 1 : Up. 5000 : perplexity : 11.9161 : new best
Detokenizer Version $Revision: 4134 $
Language: en
[2018-11-16 13:18:32] Saving model weights and runtime parameters to model/model.src1tgt0.2.len.npz.best-translation.npz
[2018-11-16 13:18:33] [valid] Ep. 1 : Up. 5000 : translation : 19.66 : new best
[2018-11-16 13:18:33] Saving model weights and runtime parameters to model/model.src1tgt0.2.len.npz.orig.npz
[2018-11-16 13:18:34] Saving model weights and runtime parameters to model/model.src1tgt0.2.len.npz
[2018-11-16 13:18:35] Saving Adam parameters to model/model.src1tgt0.2.len.npz.optimizer.npz
[2018-11-16 13:25:21] Ep. 1 : Up. 5500 : Sen. 517220 : Cost 3.19 : Time 673.37s : 2137.65 words/s : L.r. 3.0000e-04
[2018-11-16 13:31:54] Ep. 1 : Up. 6000 : Sen. 565756 : Cost 3.12 : Time 393.03s : 3720.43 words/s : L.r. 3.0000e-04
[2018-11-16 13:38:35] Ep. 1 : Up. 6500 : Sen. 612080 : Cost 3.09 : Time 400.92s : 3687.86 words/s : L.r. 3.0000e-04
[2018-11-16 13:39:46] Seen 620212 samples
[2018-11-16 13:39:46] Starting epoch 2
[2018-11-16 13:39:46] [data] Shuffling files
[2018-11-16 13:39:48] [data] Done
[2018-11-16 13:45:36] Ep. 2 : Up. 7000 : Sen. 39706 : Cost 2.99 : Time 420.22s : 3377.48 words/s : L.r. 3.0000e-04
[2018-11-16 13:52:05] Ep. 2 : Up. 7500 : Sen. 87637 : Cost 2.96 : Time 389.64s : 3674.38 words/s : L.r. 3.0000e-04
[2018-11-16 13:58:40] Ep. 2 : Up. 8000 : Sen. 134036 : Cost 2.92 : Time 394.85s : 3642.44 words/s : L.r. 3.0000e-04
[2018-11-16 14:05:13] Ep. 2 : Up. 8500 : Sen. 181332 : Cost 2.90 : Time 392.51s : 3612.88 words/s : L.r. 3.0000e-04
[2018-11-16 14:11:57] Ep. 2 : Up. 9000 : Sen. 225733 : Cost 2.91 : Time 404.60s : 3562.96 words/s : L.r. 3.0000e-04
[2018-11-16 14:18:32] Ep. 2 : Up. 9500 : Sen. 274064 : Cost 2.87 : Time 394.43s : 3662.91 words/s : L.r. 3.0000e-04
[2018-11-16 14:25:04] Ep. 2 : Up. 10000 : Sen. 320737 : Cost 2.86 : Time 391.99s : 3640.44 words/s : L.r. 3.0000e-04
[2018-11-16 14:25:26] Saving model weights and runtime parameters to model/model.src1tgt0.2.len.npz.best-ce-mean-words.npz
[2018-11-16 14:25:28] [valid] Ep. 2 : Up. 10000 : ce-mean-words : 2.0064 : new best
[2018-11-16 14:25:49] Saving model weights and runtime parameters to model/model.src1tgt0.2.len.npz.best-perplexity.npz
[2018-11-16 14:25:51] [valid] Ep. 2 : Up. 10000 : perplexity : 7.43648 : new best
Detokenizer Version $Revision: 4134 $
Language: en
[2018-11-16 14:28:44] Saving model weights and runtime parameters to model/model.src1tgt0.2.len.npz.best-translation.npz
[2018-11-16 14:28:46] [valid] Ep. 2 : Up. 10000 : translation : 24.65 : new best
[2018-11-16 14:28:46] Saving model weights and runtime parameters to model/model.src1tgt0.2.len.npz.orig.npz
[2018-11-16 14:28:48] Saving model weights and runtime parameters to model/model.src1tgt0.2.len.npz
[2018-11-16 14:28:50] Saving Adam parameters to model/model.src1tgt0.2.len.npz.optimizer.npz
[2018-11-16 14:35:30] Ep. 2 : Up. 10500 : Sen. 368331 : Cost 2.81 : Time 625.90s : 2267.93 words/s : L.r. 3.0000e-04
[2018-11-16 14:41:58] Ep. 2 : Up. 11000 : Sen. 417247 : Cost 2.82 : Time 388.59s : 3688.65 words/s : L.r. 3.0000e-04
[2018-11-16 14:48:30] Ep. 2 : Up. 11500 : Sen. 463666 : Cost 2.81 : Time 392.04s : 3660.66 words/s : L.r. 3.0000e-04
[2018-11-16 14:55:09] Ep. 2 : Up. 12000 : Sen. 510677 : Cost 2.78 : Time 399.15s : 3675.81 words/s : L.r. 3.0000e-04
[2018-11-16 15:01:45] Ep. 2 : Up. 12500 : Sen. 557843 : Cost 2.78 : Time 396.07s : 3707.69 words/s : L.r. 3.0000e-04
[2018-11-16 15:08:27] Ep. 2 : Up. 13000 : Sen. 603551 : Cost 2.77 : Time 401.75s : 3664.52 words/s : L.r. 3.0000e-04
[2018-11-16 15:10:47] Seen 620212 samples
[2018-11-16 15:10:47] Starting epoch 3
[2018-11-16 15:10:47] [data] Shuffling files
[2018-11-16 15:10:49] [data] Done
[2018-11-16 15:15:29] Ep. 3 : Up. 13500 : Sen. 30671 : Cost 2.69 : Time 422.00s : 3370.31 words/s : L.r. 3.0000e-04
[2018-11-16 15:22:04] Ep. 3 : Up. 14000 : Sen. 76201 : Cost 2.68 : Time 394.99s : 3605.89 words/s : L.r. 3.0000e-04
[2018-11-16 15:28:34] Ep. 3 : Up. 14500 : Sen. 125308 : Cost 2.66 : Time 390.27s : 3697.66 words/s : L.r. 3.0000e-04
[2018-11-16 15:35:10] Ep. 3 : Up. 15000 : Sen. 172731 : Cost 2.68 : Time 395.18s : 3663.54 words/s : L.r. 3.0000e-04
[2018-11-16 15:35:32] Saving model weights and runtime parameters to model/model.src1tgt0.2.len.npz.best-ce-mean-words.npz
[2018-11-16 15:35:34] [valid] Ep. 3 : Up. 15000 : ce-mean-words : 1.83343 : new best
[2018-11-16 15:35:55] Saving model weights and runtime parameters to model/model.src1tgt0.2.len.npz.best-perplexity.npz
[2018-11-16 15:35:57] [valid] Ep. 3 : Up. 15000 : perplexity : 6.25531 : new best
Detokenizer Version $Revision: 4134 $
Language: en
[2018-11-16 15:38:06] Saving model weights and runtime parameters to model/model.src1tgt0.2.len.npz.best-translation.npz
[2018-11-16 15:38:09] [valid] Ep. 3 : Up. 15000 : translation : 26.23 : new best
[2018-11-16 15:38:09] Saving model weights and runtime parameters to model/model.src1tgt0.2.len.npz.orig.npz
[2018-11-16 15:38:11] Saving model weights and runtime parameters to model/model.src1tgt0.2.len.npz
[2018-11-16 15:38:13] Saving Adam parameters to model/model.src1tgt0.2.len.npz.optimizer.npz
[2018-11-16 15:44:52] Ep. 3 : Up. 15500 : Sen. 220109 : Cost 2.66 : Time 582.87s : 2468.36 words/s : L.r. 3.0000e-04
[2018-11-16 15:51:33] Ep. 3 : Up. 16000 : Sen. 267190 : Cost 2.66 : Time 400.67s : 3722.95 words/s : L.r. 3.0000e-04
[2018-11-16 15:58:10] Ep. 3 : Up. 16500 : Sen. 314659 : Cost 2.65 : Time 397.15s : 3615.58 words/s : L.r. 2.9542e-04
[2018-11-16 16:04:37] Ep. 3 : Up. 17000 : Sen. 361539 : Cost 2.64 : Time 387.02s : 3618.61 words/s : L.r. 2.9104e-04
[2018-11-16 16:11:09] Ep. 3 : Up. 17500 : Sen. 406594 : Cost 2.65 : Time 391.44s : 3593.57 words/s : L.r. 2.8685e-04
[2018-11-16 16:17:49] Ep. 3 : Up. 18000 : Sen. 454143 : Cost 2.64 : Time 400.18s : 3710.76 words/s : L.r. 2.8284e-04
[2018-11-16 16:24:24] Ep. 3 : Up. 18500 : Sen. 500769 : Cost 2.63 : Time 394.79s : 3665.93 words/s : L.r. 2.7899e-04
[2018-11-16 16:31:03] Ep. 3 : Up. 19000 : Sen. 547965 : Cost 2.63 : Time 399.63s : 3691.10 words/s : L.r. 2.7530e-04
[2018-11-16 16:37:37] Ep. 3 : Up. 19500 : Sen. 596463 : Cost 2.61 : Time 393.32s : 3674.65 words/s : L.r. 2.7175e-04
[2018-11-16 16:41:08] Seen 620212 samples
[2018-11-16 16:41:08] Starting epoch 4
[2018-11-16 16:41:08] [data] Shuffling files
[2018-11-16 16:41:10] [data] Done
[2018-11-16 16:44:47] Ep. 4 : Up. 20000 : Sen. 19983 : Cost 2.59 : Time 430.48s : 3231.59 words/s : L.r. 2.6833e-04
[2018-11-16 16:45:09] Saving model weights and runtime parameters to model/model.src1tgt0.2.len.npz.best-ce-mean-words.npz
[2018-11-16 16:45:11] [valid] Ep. 4 : Up. 20000 : ce-mean-words : 1.73916 : new best
[2018-11-16 16:45:33] Saving model weights and runtime parameters to model/model.src1tgt0.2.len.npz.best-perplexity.npz
[2018-11-16 16:45:35] [valid] Ep. 4 : Up. 20000 : perplexity : 5.69258 : new best
Detokenizer Version $Revision: 4134 $
Language: en
[2018-11-16 16:47:37] Saving model weights and runtime parameters to model/model.src1tgt0.2.len.npz.best-translation.npz
[2018-11-16 16:47:38] [valid] Ep. 4 : Up. 20000 : translation : 27.21 : new best
[2018-11-16 16:47:38] Saving model weights and runtime parameters to model/model.src1tgt0.2.len.npz.orig.npz
[2018-11-16 16:47:41] Saving model weights and runtime parameters to model/model.src1tgt0.2.len.npz
[2018-11-16 16:47:44] Saving Adam parameters to model/model.src1tgt0.2.len.npz.optimizer.npz
[2018-11-16 16:54:21] Ep. 4 : Up. 20500 : Sen. 66990 : Cost 2.52 : Time 573.77s : 2444.99 words/s : L.r. 2.6504e-04
[2018-11-16 17:00:53] Ep. 4 : Up. 21000 : Sen. 113903 : Cost 2.54 : Time 391.73s : 3638.28 words/s : L.r. 2.6186e-04
[2018-11-16 17:07:30] Ep. 4 : Up. 21500 : Sen. 160695 : Cost 2.54 : Time 397.24s : 3579.23 words/s : L.r. 2.5880e-04
[2018-11-16 17:14:09] Ep. 4 : Up. 22000 : Sen. 208363 : Cost 2.54 : Time 399.23s : 3695.51 words/s : L.r. 2.5584e-04
[2018-11-16 17:20:45] Ep. 4 : Up. 22500 : Sen. 255432 : Cost 2.54 : Time 396.35s : 3677.09 words/s : L.r. 2.5298e-04
[2018-11-16 17:27:22] Ep. 4 : Up. 23000 : Sen. 303236 : Cost 2.53 : Time 396.40s : 3703.50 words/s : L.r. 2.5022e-04
[2018-11-16 17:33:57] Ep. 4 : Up. 23500 : Sen. 350214 : Cost 2.53 : Time 395.27s : 3668.69 words/s : L.r. 2.4754e-04
[2018-11-16 17:40:25] Ep. 4 : Up. 24000 : Sen. 397722 : Cost 2.53 : Time 387.78s : 3694.56 words/s : L.r. 2.4495e-04
[2018-11-16 17:46:53] Ep. 4 : Up. 24500 : Sen. 447788 : Cost 2.49 : Time 387.92s : 3731.76 words/s : L.r. 2.4244e-04
[2018-11-16 17:53:22] Ep. 4 : Up. 25000 : Sen. 494415 : Cost 2.53 : Time 389.37s : 3682.72 words/s : L.r. 2.4000e-04
[2018-11-16 17:53:44] Saving model weights and runtime parameters to model/model.src1tgt0.2.len.npz.best-ce-mean-words.npz
[2018-11-16 17:53:46] [valid] Ep. 4 : Up. 25000 : ce-mean-words : 1.68848 : new best
[2018-11-16 17:54:08] Saving model weights and runtime parameters to model/model.src1tgt0.2.len.npz.best-perplexity.npz
[2018-11-16 17:54:10] [valid] Ep. 4 : Up. 25000 : perplexity : 5.41126 : new best
Detokenizer Version $Revision: 4134 $
Language: en
[2018-11-16 17:56:01] Saving model weights and runtime parameters to model/model.src1tgt0.2.len.npz.best-translation.npz
[2018-11-16 17:56:03] [valid] Ep. 4 : Up. 25000 : translation : 27.66 : new best
[2018-11-16 17:56:03] Saving model weights and runtime parameters to model/model.src1tgt0.2.len.npz.orig.npz
[2018-11-16 17:56:05] Saving model weights and runtime parameters to model/model.src1tgt0.2.len.npz
[2018-11-16 17:56:07] Saving Adam parameters to model/model.src1tgt0.2.len.npz.optimizer.npz
[2018-11-16 18:02:49] Ep. 4 : Up. 25500 : Sen. 539985 : Cost 2.53 : Time 566.37s : 2558.48 words/s : L.r. 2.3764e-04
[2018-11-16 18:09:16] Ep. 4 : Up. 26000 : Sen. 587592 : Cost 2.51 : Time 387.79s : 3681.49 words/s : L.r. 2.3534e-04
[2018-11-16 18:14:00] Seen 620212 samples
[2018-11-16 18:14:00] Starting epoch 5
[2018-11-16 18:14:00] [data] Shuffling files
[2018-11-16 18:14:02] [data] Done
[2018-11-16 18:16:20] Ep. 5 : Up. 26500 : Sen. 12942 : Cost 2.50 : Time 423.34s : 3358.50 words/s : L.r. 2.3311e-04
[2018-11-16 18:22:56] Ep. 5 : Up. 27000 : Sen. 59349 : Cost 2.45 : Time 396.23s : 3697.54 words/s : L.r. 2.3094e-04
[2018-11-16 18:29:30] Ep. 5 : Up. 27500 : Sen. 107034 : Cost 2.44 : Time 394.10s : 3719.17 words/s : L.r. 2.2883e-04
[2018-11-16 18:36:04] Ep. 5 : Up. 28000 : Sen. 154558 : Cost 2.44 : Time 393.72s : 3632.33 words/s : L.r. 2.2678e-04
[2018-11-16 18:42:35] Ep. 5 : Up. 28500 : Sen. 201623 : Cost 2.45 : Time 390.86s : 3684.47 words/s : L.r. 2.2478e-04
[2018-11-16 18:49:08] Ep. 5 : Up. 29000 : Sen. 248472 : Cost 2.46 : Time 393.41s : 3724.94 words/s : L.r. 2.2283e-04
[2018-11-16 18:55:36] Ep. 5 : Up. 29500 : Sen. 296135 : Cost 2.45 : Time 387.46s : 3621.61 words/s : L.r. 2.2094e-04
[2018-11-16 19:02:14] Ep. 5 : Up. 30000 : Sen. 341664 : Cost 2.46 : Time 398.15s : 3654.68 words/s : L.r. 2.1909e-04
[2018-11-16 19:02:36] Saving model weights and runtime parameters to model/model.src1tgt0.2.len.npz.best-ce-mean-words.npz
[2018-11-16 19:02:38] [valid] Ep. 5 : Up. 30000 : ce-mean-words : 1.65271 : new best
[2018-11-16 19:02:59] Saving model weights and runtime parameters to model/model.src1tgt0.2.len.npz.best-perplexity.npz
[2018-11-16 19:03:01] [valid] Ep. 5 : Up. 30000 : perplexity : 5.22114 : new best
Detokenizer Version $Revision: 4134 $
Language: en
[2018-11-16 19:04:55] Saving model weights and runtime parameters to model/model.src1tgt0.2.len.npz.best-translation.npz
[2018-11-16 19:04:59] [valid] Ep. 5 : Up. 30000 : translation : 27.91 : new best
[2018-11-16 19:04:59] Saving model weights and runtime parameters to model/model.src1tgt0.2.len.npz.orig.npz
[2018-11-16 19:05:01] Saving model weights and runtime parameters to model/model.src1tgt0.2.len.npz
[2018-11-16 19:05:03] Saving Adam parameters to model/model.src1tgt0.2.len.npz.optimizer.npz
[2018-11-16 19:11:30] Ep. 5 : Up. 30500 : Sen. 388760 : Cost 2.46 : Time 556.64s : 2486.40 words/s : L.r. 2.1729e-04
[2018-11-16 19:18:02] Ep. 5 : Up. 31000 : Sen. 437392 : Cost 2.45 : Time 392.04s : 3728.15 words/s : L.r. 2.1553e-04
[2018-11-16 19:24:36] Ep. 5 : Up. 31500 : Sen. 483555 : Cost 2.46 : Time 393.22s : 3659.54 words/s : L.r. 2.1381e-04
[2018-11-16 19:31:09] Ep. 5 : Up. 32000 : Sen. 530028 : Cost 2.45 : Time 393.38s : 3651.03 words/s : L.r. 2.1213e-04
[2018-11-16 19:37:43] Ep. 5 : Up. 32500 : Sen. 575533 : Cost 2.45 : Time 394.38s : 3567.60 words/s : L.r. 2.1049e-04
[2018-11-16 19:43:33] Seen 620212 samples
[2018-11-16 19:43:33] Starting epoch 6
[2018-11-16 19:43:33] [data] Shuffling files
[2018-11-16 19:43:35] [data] Done
[2018-11-16 19:44:47] Ep. 6 : Up. 33000 : Sen. 5022 : Cost 2.44 : Time 423.36s : 3555.92 words/s : L.r. 2.0889e-04
[2018-11-16 19:51:17] Ep. 6 : Up. 33500 : Sen. 51425 : Cost 2.37 : Time 390.55s : 3572.01 words/s : L.r. 2.0733e-04
[2018-11-16 19:57:51] Ep. 6 : Up. 34000 : Sen. 98266 : Cost 2.38 : Time 393.90s : 3701.87 words/s : L.r. 2.0580e-04
[2018-11-16 20:04:25] Ep. 6 : Up. 34500 : Sen. 144993 : Cost 2.38 : Time 394.24s : 3665.44 words/s : L.r. 2.0430e-04
[2018-11-16 20:10:51] Ep. 6 : Up. 35000 : Sen. 191909 : Cost 2.38 : Time 385.97s : 3665.17 words/s : L.r. 2.0284e-04
[2018-11-16 20:11:13] Saving model weights and runtime parameters to model/model.src1tgt0.2.len.npz.best-ce-mean-words.npz
[2018-11-16 20:11:15] [valid] Ep. 6 : Up. 35000 : ce-mean-words : 1.63014 : new best
[2018-11-16 20:11:37] Saving model weights and runtime parameters to model/model.src1tgt0.2.len.npz.best-perplexity.npz
[2018-11-16 20:11:39] [valid] Ep. 6 : Up. 35000 : perplexity : 5.10458 : new best
Detokenizer Version $Revision: 4134 $
Language: en
[2018-11-16 20:13:42] Saving model weights and runtime parameters to model/model.src1tgt0.2.len.npz.best-translation.npz
[2018-11-16 20:13:44] [valid] Ep. 6 : Up. 35000 : translation : 28.26 : new best
[2018-11-16 20:13:44] Saving model weights and runtime parameters to model/model.src1tgt0.2.len.npz.orig.npz
[2018-11-16 20:13:46] Saving model weights and runtime parameters to model/model.src1tgt0.2.len.npz
[2018-11-16 20:13:48] Saving Adam parameters to model/model.src1tgt0.2.len.npz.optimizer.npz
[2018-11-16 20:20:26] Ep. 6 : Up. 35500 : Sen. 238948 : Cost 2.40 : Time 574.75s : 2561.03 words/s : L.r. 2.0140e-04
[2018-11-16 20:26:51] Ep. 6 : Up. 36000 : Sen. 287387 : Cost 2.40 : Time 385.08s : 3705.94 words/s : L.r. 2.0000e-04
[2018-11-16 20:33:33] Ep. 6 : Up. 36500 : Sen. 333634 : Cost 2.41 : Time 402.17s : 3748.56 words/s : L.r. 1.9863e-04
[2018-11-16 20:40:00] Ep. 6 : Up. 37000 : Sen. 382066 : Cost 2.38 : Time 386.27s : 3653.81 words/s : L.r. 1.9728e-04
[2018-11-16 20:46:32] Ep. 6 : Up. 37500 : Sen. 430856 : Cost 2.40 : Time 392.61s : 3719.76 words/s : L.r. 1.9596e-04
[2018-11-16 20:53:03] Ep. 6 : Up. 38000 : Sen. 476629 : Cost 2.39 : Time 391.18s : 3562.63 words/s : L.r. 1.9467e-04
[2018-11-16 20:59:34] Ep. 6 : Up. 38500 : Sen. 523680 : Cost 2.40 : Time 391.07s : 3692.96 words/s : L.r. 1.9340e-04
[2018-11-16 21:06:08] Ep. 6 : Up. 39000 : Sen. 569269 : Cost 2.42 : Time 393.16s : 3637.77 words/s : L.r. 1.9215e-04
[2018-11-16 21:12:35] Ep. 6 : Up. 39500 : Sen. 617165 : Cost 2.41 : Time 387.30s : 3717.07 words/s : L.r. 1.9093e-04
[2018-11-16 21:13:03] Seen 620212 samples
[2018-11-16 21:13:03] Starting epoch 7
[2018-11-16 21:13:03] [data] Shuffling files
[2018-11-16 21:13:06] [data] Done
[2018-11-16 21:19:40] Ep. 7 : Up. 40000 : Sen. 43270 : Cost 2.34 : Time 424.71s : 3458.42 words/s : L.r. 1.8974e-04
[2018-11-16 21:20:02] Saving model weights and runtime parameters to model/model.src1tgt0.2.len.npz.best-ce-mean-words.npz
[2018-11-16 21:20:04] [valid] Ep. 7 : Up. 40000 : ce-mean-words : 1.61203 : new best
[2018-11-16 21:20:26] Saving model weights and runtime parameters to model/model.src1tgt0.2.len.npz.best-perplexity.npz
[2018-11-16 21:20:28] [valid] Ep. 7 : Up. 40000 : perplexity : 5.01296 : new best
Detokenizer Version $Revision: 4134 $
Language: en
[2018-11-16 21:22:26] Saving model weights and runtime parameters to model/model.src1tgt0.2.len.npz.best-translation.npz
[2018-11-16 21:22:28] [valid] Ep. 7 : Up. 40000 : translation : 28.34 : new best
[2018-11-16 21:22:28] Saving model weights and runtime parameters to model/model.src1tgt0.2.len.npz.orig.npz
[2018-11-16 21:22:30] Saving model weights and runtime parameters to model/model.src1tgt0.2.len.npz
[2018-11-16 21:22:32] Saving Adam parameters to model/model.src1tgt0.2.len.npz.optimizer.npz
[2018-11-16 21:29:03] Ep. 7 : Up. 40500 : Sen. 91586 : Cost 2.32 : Time 563.11s : 2535.67 words/s : L.r. 1.8856e-04
[2018-11-16 21:35:37] Ep. 7 : Up. 41000 : Sen. 138962 : Cost 2.33 : Time 394.50s : 3667.82 words/s : L.r. 1.8741e-04
[2018-11-16 21:42:08] Ep. 7 : Up. 41500 : Sen. 185497 : Cost 2.34 : Time 390.57s : 3631.88 words/s : L.r. 1.8628e-04
[2018-11-16 21:48:34] Ep. 7 : Up. 42000 : Sen. 233060 : Cost 2.34 : Time 385.95s : 3715.58 words/s : L.r. 1.8516e-04
[2018-11-16 21:55:04] Ep. 7 : Up. 42500 : Sen. 281767 : Cost 2.36 : Time 390.52s : 3844.18 words/s : L.r. 1.8407e-04
[2018-11-16 22:01:37] Ep. 7 : Up. 43000 : Sen. 327760 : Cost 2.35 : Time 392.45s : 3639.54 words/s : L.r. 1.8300e-04
[2018-11-16 22:08:08] Ep. 7 : Up. 43500 : Sen. 373850 : Cost 2.36 : Time 390.83s : 3697.56 words/s : L.r. 1.8194e-04
[2018-11-16 22:14:43] Ep. 7 : Up. 44000 : Sen. 419876 : Cost 2.34 : Time 395.28s : 3638.81 words/s : L.r. 1.8091e-04
[2018-11-16 22:21:15] Ep. 7 : Up. 44500 : Sen. 466382 : Cost 2.35 : Time 392.05s : 3663.43 words/s : L.r. 1.7989e-04
[2018-11-16 22:27:35] Ep. 7 : Up. 45000 : Sen. 514661 : Cost 2.35 : Time 380.59s : 3737.27 words/s : L.r. 1.7889e-04
[2018-11-16 22:27:57] Saving model weights and runtime parameters to model/model.src1tgt0.2.len.npz.best-ce-mean-words.npz
[2018-11-16 22:27:59] [valid] Ep. 7 : Up. 45000 : ce-mean-words : 1.60132 : new best
[2018-11-16 22:28:21] Saving model weights and runtime parameters to model/model.src1tgt0.2.len.npz.best-perplexity.npz
[2018-11-16 22:28:23] [valid] Ep. 7 : Up. 45000 : perplexity : 4.95956 : new best
Detokenizer Version $Revision: 4134 $
Language: en
utf8 "\xC3" does not map to Unicode at /home/big_maggie/usr/moses20161024/mosesdecoder//scripts/recaser/detruecase.perl line 52, <STDIN> line 4614.
utf8 "\xC3" does not map to Unicode at /home/big_maggie/usr/moses20161024/mosesdecoder//scripts/tokenizer/detokenizer.perl line 59, <STDIN> line 4614.
Traceback (most recent call last):
  File "/home/big_maggie/usr/sacrebleu/sacrebleu.py", line 1336, in <module>
    main()
  File "/home/big_maggie/usr/sacrebleu/sacrebleu.py", line 1289, in main
    system = inputfh.readlines()
  File "/usr/lib/python3.5/codecs.py", line 321, in decode
    (result, consumed) = self._buffer_decode(data, self.errors, final)
UnicodeDecodeError: 'utf-8' codec can't decode byte 0xc3 in position 3733: invalid continuation byte
[2018-11-16 22:30:20] [valid] Ep. 7 : Up. 45000 : translation : 0 : stalled 1 times
[2018-11-16 22:30:20] Saving model weights and runtime parameters to model/model.src1tgt0.2.len.npz.orig.npz
[2018-11-16 22:30:22] Saving model weights and runtime parameters to model/model.src1tgt0.2.len.npz
[2018-11-16 22:30:24] Saving Adam parameters to model/model.src1tgt0.2.len.npz.optimizer.npz
[2018-11-16 22:37:00] Ep. 7 : Up. 45500 : Sen. 562300 : Cost 2.35 : Time 564.58s : 2556.03 words/s : L.r. 1.7790e-04
[2018-11-16 22:43:33] Ep. 7 : Up. 46000 : Sen. 608713 : Cost 2.36 : Time 392.47s : 3628.80 words/s : L.r. 1.7693e-04
[2018-11-16 22:45:09] Seen 620212 samples
[2018-11-16 22:45:09] Starting epoch 8
[2018-11-16 22:45:09] [data] Shuffling files
[2018-11-16 22:45:11] [data] Done
[2018-11-16 22:50:33] Ep. 8 : Up. 46500 : Sen. 34413 : Cost 2.30 : Time 420.45s : 3335.65 words/s : L.r. 1.7598e-04
[2018-11-16 22:57:07] Ep. 8 : Up. 47000 : Sen. 79794 : Cost 2.30 : Time 393.65s : 3680.78 words/s : L.r. 1.7504e-04
[2018-11-16 23:03:39] Ep. 8 : Up. 47500 : Sen. 126267 : Cost 2.30 : Time 392.38s : 3677.79 words/s : L.r. 1.7411e-04
[2018-11-16 23:10:05] Ep. 8 : Up. 48000 : Sen. 174606 : Cost 2.30 : Time 385.90s : 3699.69 words/s : L.r. 1.7321e-04
[2018-11-16 23:16:35] Ep. 8 : Up. 48500 : Sen. 220337 : Cost 2.30 : Time 390.20s : 3617.05 words/s : L.r. 1.7231e-04
[2018-11-16 23:23:06] Ep. 8 : Up. 49000 : Sen. 267891 : Cost 2.31 : Time 390.89s : 3781.71 words/s : L.r. 1.7143e-04
[2018-11-16 23:29:38] Ep. 8 : Up. 49500 : Sen. 314714 : Cost 2.31 : Time 391.55s : 3685.28 words/s : L.r. 1.7056e-04
[2018-11-16 23:36:09] Ep. 8 : Up. 50000 : Sen. 361654 : Cost 2.32 : Time 391.00s : 3612.33 words/s : L.r. 1.6971e-04
[2018-11-16 23:36:30] Saving model weights and runtime parameters to model/model.src1tgt0.2.len.npz.best-ce-mean-words.npz
[2018-11-16 23:36:32] [valid] Ep. 8 : Up. 50000 : ce-mean-words : 1.59451 : new best
[2018-11-16 23:36:54] Saving model weights and runtime parameters to model/model.src1tgt0.2.len.npz.best-perplexity.npz
[2018-11-16 23:36:57] [valid] Ep. 8 : Up. 50000 : perplexity : 4.92591 : new best
Detokenizer Version $Revision: 4134 $
Language: en
[2018-11-16 23:38:46] Saving model weights and runtime parameters to model/model.src1tgt0.2.len.npz.best-translation.npz
[2018-11-16 23:38:48] [valid] Ep. 8 : Up. 50000 : translation : 28.65 : new best
[2018-11-16 23:38:48] Saving model weights and runtime parameters to model/model.src1tgt0.2.len.npz.orig.npz
[2018-11-16 23:38:50] Saving model weights and runtime parameters to model/model.src1tgt0.2.len.npz
[2018-11-16 23:38:52] Saving Adam parameters to model/model.src1tgt0.2.len.npz.optimizer.npz
[2018-11-16 23:45:31] Ep. 8 : Up. 50500 : Sen. 409807 : Cost 2.32 : Time 562.15s : 2597.22 words/s : L.r. 1.6886e-04
[2018-11-16 23:52:00] Ep. 8 : Up. 51000 : Sen. 457443 : Cost 2.32 : Time 389.28s : 3741.40 words/s : L.r. 1.6803e-04
[2018-11-16 23:58:27] Ep. 8 : Up. 51500 : Sen. 505293 : Cost 2.32 : Time 386.52s : 3707.74 words/s : L.r. 1.6722e-04
[2018-11-17 00:04:55] Ep. 8 : Up. 52000 : Sen. 551764 : Cost 2.33 : Time 388.37s : 3731.88 words/s : L.r. 1.6641e-04
[2018-11-17 00:11:22] Ep. 8 : Up. 52500 : Sen. 600176 : Cost 2.31 : Time 387.59s : 3772.38 words/s : L.r. 1.6562e-04
[2018-11-17 00:14:08] Seen 620212 samples
[2018-11-17 00:14:08] Starting epoch 9
[2018-11-17 00:14:08] [data] Shuffling files
[2018-11-17 00:14:10] [data] Done
[2018-11-17 00:18:24] Ep. 9 : Up. 53000 : Sen. 26703 : Cost 2.28 : Time 421.07s : 3417.15 words/s : L.r. 1.6483e-04
[2018-11-17 00:24:50] Ep. 9 : Up. 53500 : Sen. 74971 : Cost 2.25 : Time 386.61s : 3709.29 words/s : L.r. 1.6406e-04
[2018-11-17 00:31:23] Ep. 9 : Up. 54000 : Sen. 121457 : Cost 2.27 : Time 392.40s : 3701.20 words/s : L.r. 1.6330e-04
[2018-11-17 00:37:47] Ep. 9 : Up. 54500 : Sen. 168496 : Cost 2.26 : Time 384.90s : 3641.25 words/s : L.r. 1.6255e-04
[2018-11-17 00:44:13] Ep. 9 : Up. 55000 : Sen. 216515 : Cost 2.27 : Time 385.88s : 3703.40 words/s : L.r. 1.6181e-04
[2018-11-17 00:44:35] Saving model weights and runtime parameters to model/model.src1tgt0.2.len.npz.best-ce-mean-words.npz
[2018-11-17 00:44:37] [valid] Ep. 9 : Up. 55000 : ce-mean-words : 1.58957 : new best
[2018-11-17 00:44:59] Saving model weights and runtime parameters to model/model.src1tgt0.2.len.npz.best-perplexity.npz
[2018-11-17 00:45:01] [valid] Ep. 9 : Up. 55000 : perplexity : 4.90162 : new best
Detokenizer Version $Revision: 4134 $
Language: en
[2018-11-17 00:46:54] [valid] Ep. 9 : Up. 55000 : translation : 28.63 : stalled 1 times
[2018-11-17 00:46:54] Saving model weights and runtime parameters to model/model.src1tgt0.2.len.npz.orig.npz
[2018-11-17 00:46:56] Saving model weights and runtime parameters to model/model.src1tgt0.2.len.npz
[2018-11-17 00:46:58] Saving Adam parameters to model/model.src1tgt0.2.len.npz.optimizer.npz
[2018-11-17 00:53:33] Ep. 9 : Up. 55500 : Sen. 263302 : Cost 2.28 : Time 559.88s : 2545.39 words/s : L.r. 1.6108e-04
[2018-11-17 01:00:03] Ep. 9 : Up. 56000 : Sen. 311478 : Cost 2.28 : Time 389.30s : 3727.27 words/s : L.r. 1.6036e-04
[2018-11-17 01:06:32] Ep. 9 : Up. 56500 : Sen. 357796 : Cost 2.28 : Time 389.87s : 3647.03 words/s : L.r. 1.5965e-04
[2018-11-17 01:13:05] Ep. 9 : Up. 57000 : Sen. 403819 : Cost 2.30 : Time 393.06s : 3736.32 words/s : L.r. 1.5894e-04
[2018-11-17 01:19:35] Ep. 9 : Up. 57500 : Sen. 449347 : Cost 2.28 : Time 389.89s : 3601.01 words/s : L.r. 1.5825e-04
[2018-11-17 01:26:00] Ep. 9 : Up. 58000 : Sen. 498051 : Cost 2.28 : Time 384.83s : 3787.97 words/s : L.r. 1.5757e-04
[2018-11-17 01:32:27] Ep. 9 : Up. 58500 : Sen. 545572 : Cost 2.29 : Time 386.55s : 3777.01 words/s : L.r. 1.5689e-04
[2018-11-17 01:38:59] Ep. 9 : Up. 59000 : Sen. 590734 : Cost 2.30 : Time 392.68s : 3657.88 words/s : L.r. 1.5623e-04
[2018-11-17 01:42:59] Seen 620212 samples
[2018-11-17 01:42:59] Starting epoch 10
[2018-11-17 01:42:59] [data] Shuffling files
[2018-11-17 01:43:01] [data] Done
[2018-11-17 01:46:06] Ep. 10 : Up. 59500 : Sen. 18357 : Cost 2.28 : Time 426.74s : 3511.03 words/s : L.r. 1.5557e-04
[2018-11-17 01:52:28] Ep. 10 : Up. 60000 : Sen. 65477 : Cost 2.22 : Time 382.07s : 3669.49 words/s : L.r. 1.5492e-04
[2018-11-17 01:52:50] Saving model weights and runtime parameters to model/model.src1tgt0.2.len.npz.best-ce-mean-words.npz
[2018-11-17 01:52:52] [valid] Ep. 10 : Up. 60000 : ce-mean-words : 1.5862 : new best
[2018-11-17 01:53:13] Saving model weights and runtime parameters to model/model.src1tgt0.2.len.npz.best-perplexity.npz
[2018-11-17 01:53:15] [valid] Ep. 10 : Up. 60000 : perplexity : 4.88516 : new best
Detokenizer Version $Revision: 4134 $
Language: en
[2018-11-17 01:55:16] Saving model weights and runtime parameters to model/model.src1tgt0.2.len.npz.best-translation.npz
[2018-11-17 01:55:18] [valid] Ep. 10 : Up. 60000 : translation : 28.73 : new best
[2018-11-17 01:55:18] Saving model weights and runtime parameters to model/model.src1tgt0.2.len.npz.orig.npz
[2018-11-17 01:55:21] Saving model weights and runtime parameters to model/model.src1tgt0.2.len.npz
[2018-11-17 01:55:24] Saving Adam parameters to model/model.src1tgt0.2.len.npz.optimizer.npz
[2018-11-17 02:02:02] Ep. 10 : Up. 60500 : Sen. 112231 : Cost 2.25 : Time 573.78s : 2588.53 words/s : L.r. 1.5428e-04
[2018-11-17 02:08:39] Ep. 10 : Up. 61000 : Sen. 157635 : Cost 2.24 : Time 396.88s : 3651.13 words/s : L.r. 1.5364e-04
[2018-11-17 02:15:15] Ep. 10 : Up. 61500 : Sen. 203484 : Cost 2.25 : Time 395.78s : 3647.28 words/s : L.r. 1.5302e-04
[2018-11-17 02:21:36] Ep. 10 : Up. 62000 : Sen. 251437 : Cost 2.23 : Time 381.67s : 3656.85 words/s : L.r. 1.5240e-04
[2018-11-17 02:28:01] Ep. 10 : Up. 62500 : Sen. 299253 : Cost 2.24 : Time 385.07s : 3665.70 words/s : L.r. 1.5179e-04
[2018-11-17 02:34:35] Ep. 10 : Up. 63000 : Sen. 345316 : Cost 2.26 : Time 393.80s : 3710.45 words/s : L.r. 1.5119e-04
[2018-11-17 02:41:01] Ep. 10 : Up. 63500 : Sen. 392815 : Cost 2.25 : Time 385.39s : 3741.89 words/s : L.r. 1.5059e-04
[2018-11-17 02:47:30] Ep. 10 : Up. 64000 : Sen. 441073 : Cost 2.25 : Time 389.58s : 3702.15 words/s : L.r. 1.5000e-04
[2018-11-17 02:54:01] Ep. 10 : Up. 64500 : Sen. 487858 : Cost 2.27 : Time 390.51s : 3737.62 words/s : L.r. 1.4942e-04
[2018-11-17 03:00:27] Ep. 10 : Up. 65000 : Sen. 534784 : Cost 2.27 : Time 386.26s : 3707.59 words/s : L.r. 1.4884e-04
[2018-11-17 03:00:49] Saving model weights and runtime parameters to model/model.src1tgt0.2.len.npz.best-ce-mean-words.npz
[2018-11-17 03:00:51] [valid] Ep. 10 : Up. 65000 : ce-mean-words : 1.5847 : new best
[2018-11-17 03:01:13] Saving model weights and runtime parameters to model/model.src1tgt0.2.len.npz.best-perplexity.npz
[2018-11-17 03:01:15] [valid] Ep. 10 : Up. 65000 : perplexity : 4.87783 : new best
Detokenizer Version $Revision: 4134 $
Language: en
[2018-11-17 03:03:21] [valid] Ep. 10 : Up. 65000 : translation : 28.67 : stalled 1 times
[2018-11-17 03:03:21] Saving model weights and runtime parameters to model/model.src1tgt0.2.len.npz.orig.npz
[2018-11-17 03:03:23] Saving model weights and runtime parameters to model/model.src1tgt0.2.len.npz
[2018-11-17 03:03:25] Saving Adam parameters to model/model.src1tgt0.2.len.npz.optimizer.npz
[2018-11-17 03:10:04] Ep. 10 : Up. 65500 : Sen. 583652 : Cost 2.26 : Time 577.23s : 2535.89 words/s : L.r. 1.4827e-04
[2018-11-17 03:15:05] Seen 620212 samples
[2018-11-17 03:15:05] Starting epoch 11
[2018-11-17 03:15:05] [data] Shuffling files
[2018-11-17 03:15:07] [data] Done
[2018-11-17 03:17:00] Ep. 11 : Up. 66000 : Sen. 10952 : Cost 2.26 : Time 415.88s : 3486.61 words/s : L.r. 1.4771e-04
[2018-11-17 03:23:22] Ep. 11 : Up. 66500 : Sen. 59307 : Cost 2.19 : Time 382.14s : 3706.02 words/s : L.r. 1.4715e-04
[2018-11-17 03:29:54] Ep. 11 : Up. 67000 : Sen. 107617 : Cost 2.21 : Time 392.07s : 3684.22 words/s : L.r. 1.4660e-04
[2018-11-17 03:36:21] Ep. 11 : Up. 67500 : Sen. 155063 : Cost 2.21 : Time 386.63s : 3728.93 words/s : L.r. 1.4606e-04
[2018-11-17 03:42:45] Ep. 11 : Up. 68000 : Sen. 201766 : Cost 2.22 : Time 383.95s : 3660.71 words/s : L.r. 1.4552e-04
[2018-11-17 03:49:17] Ep. 11 : Up. 68500 : Sen. 247632 : Cost 2.23 : Time 392.51s : 3689.55 words/s : L.r. 1.4499e-04
[2018-11-17 03:55:54] Ep. 11 : Up. 69000 : Sen. 294479 : Cost 2.24 : Time 396.73s : 3712.96 words/s : L.r. 1.4446e-04
[2018-11-17 04:02:21] Ep. 11 : Up. 69500 : Sen. 341346 : Cost 2.23 : Time 387.40s : 3686.59 words/s : L.r. 1.4394e-04
[2018-11-17 04:08:52] Ep. 11 : Up. 70000 : Sen. 387814 : Cost 2.24 : Time 390.95s : 3654.65 words/s : L.r. 1.4343e-04
[2018-11-17 04:09:14] [valid] Ep. 11 : Up. 70000 : ce-mean-words : 1.58545 : stalled 1 times
[2018-11-17 04:09:35] [valid] Ep. 11 : Up. 70000 : perplexity : 4.88148 : stalled 1 times
Detokenizer Version $Revision: 4134 $
Language: en
[2018-11-17 04:11:34] Saving model weights and runtime parameters to model/model.src1tgt0.2.len.npz.best-translation.npz
[2018-11-17 04:11:37] [valid] Ep. 11 : Up. 70000 : translation : 28.78 : new best
[2018-11-17 04:11:37] Saving model weights and runtime parameters to model/model.src1tgt0.2.len.npz.orig.npz
[2018-11-17 04:11:39] Saving model weights and runtime parameters to model/model.src1tgt0.2.len.npz
[2018-11-17 04:11:41] Saving Adam parameters to model/model.src1tgt0.2.len.npz.optimizer.npz
[2018-11-17 04:18:11] Ep. 11 : Up. 70500 : Sen. 435590 : Cost 2.22 : Time 558.96s : 2554.75 words/s : L.r. 1.4292e-04
[2018-11-17 04:24:39] Ep. 11 : Up. 71000 : Sen. 483936 : Cost 2.24 : Time 387.40s : 3742.62 words/s : L.r. 1.4241e-04
[2018-11-17 04:31:07] Ep. 11 : Up. 71500 : Sen. 530293 : Cost 2.24 : Time 388.45s : 3690.22 words/s : L.r. 1.4191e-04
[2018-11-17 04:37:43] Ep. 11 : Up. 72000 : Sen. 576410 : Cost 2.25 : Time 395.89s : 3655.49 words/s : L.r. 1.4142e-04
[2018-11-17 04:44:01] Seen 620212 samples
[2018-11-17 04:44:01] Starting epoch 12
[2018-11-17 04:44:01] [data] Shuffling files
[2018-11-17 04:44:03] [data] Done
[2018-11-17 04:44:45] Ep. 12 : Up. 72500 : Sen. 1799 : Cost 2.24 : Time 422.39s : 3419.72 words/s : L.r. 1.4093e-04
[2018-11-17 04:51:16] Ep. 12 : Up. 73000 : Sen. 48959 : Cost 2.18 : Time 390.17s : 3682.87 words/s : L.r. 1.4045e-04
[2018-11-17 04:57:47] Ep. 12 : Up. 73500 : Sen. 97491 : Cost 2.18 : Time 391.28s : 3781.05 words/s : L.r. 1.3997e-04
[2018-11-17 05:04:13] Ep. 12 : Up. 74000 : Sen. 143729 : Cost 2.19 : Time 386.14s : 3674.78 words/s : L.r. 1.3950e-04
[2018-11-17 05:10:37] Ep. 12 : Up. 74500 : Sen. 192765 : Cost 2.19 : Time 383.79s : 3721.37 words/s : L.r. 1.3903e-04
[2018-11-17 05:17:06] Ep. 12 : Up. 75000 : Sen. 238456 : Cost 2.20 : Time 389.13s : 3670.91 words/s : L.r. 1.3856e-04
[2018-11-17 05:17:28] [valid] Ep. 12 : Up. 75000 : ce-mean-words : 1.58556 : stalled 2 times
[2018-11-17 05:17:49] [valid] Ep. 12 : Up. 75000 : perplexity : 4.88205 : stalled 2 times
Detokenizer Version $Revision: 4134 $
Language: en
[2018-11-17 05:19:46] [valid] Ep. 12 : Up. 75000 : translation : 28.78 : stalled 1 times
[2018-11-17 05:19:46] Saving model weights and runtime parameters to model/model.src1tgt0.2.len.npz.orig.npz
[2018-11-17 05:19:48] Saving model weights and runtime parameters to model/model.src1tgt0.2.len.npz
[2018-11-17 05:19:50] Saving Adam parameters to model/model.src1tgt0.2.len.npz.optimizer.npz
[2018-11-17 05:26:22] Ep. 12 : Up. 75500 : Sen. 285293 : Cost 2.20 : Time 555.82s : 2537.46 words/s : L.r. 1.3810e-04
[2018-11-17 05:32:52] Ep. 12 : Up. 76000 : Sen. 332514 : Cost 2.22 : Time 390.23s : 3757.82 words/s : L.r. 1.3765e-04
[2018-11-17 05:39:20] Ep. 12 : Up. 76500 : Sen. 379440 : Cost 2.21 : Time 387.76s : 3711.31 words/s : L.r. 1.3720e-04
[2018-11-17 05:45:49] Ep. 12 : Up. 77000 : Sen. 425800 : Cost 2.21 : Time 388.99s : 3655.62 words/s : L.r. 1.3675e-04
[2018-11-17 05:52:15] Ep. 12 : Up. 77500 : Sen. 473867 : Cost 2.21 : Time 386.68s : 3738.20 words/s : L.r. 1.3631e-04
[2018-11-17 05:58:44] Ep. 12 : Up. 78000 : Sen. 520557 : Cost 2.22 : Time 388.80s : 3663.53 words/s : L.r. 1.3587e-04
[2018-11-17 06:05:18] Ep. 12 : Up. 78500 : Sen. 567762 : Cost 2.22 : Time 393.76s : 3728.41 words/s : L.r. 1.3544e-04
[2018-11-17 06:11:54] Ep. 12 : Up. 79000 : Sen. 614129 : Cost 2.23 : Time 395.98s : 3697.83 words/s : L.r. 1.3501e-04
[2018-11-17 06:12:48] Seen 620212 samples
[2018-11-17 06:12:48] Starting epoch 13
[2018-11-17 06:12:48] [data] Shuffling files
[2018-11-17 06:12:50] [data] Done
[2018-11-17 06:18:56] Ep. 13 : Up. 79500 : Sen. 39545 : Cost 2.17 : Time 422.04s : 3432.87 words/s : L.r. 1.3459e-04
[2018-11-17 06:25:20] Ep. 13 : Up. 80000 : Sen. 85578 : Cost 2.16 : Time 383.69s : 3628.33 words/s : L.r. 1.3416e-04
[2018-11-17 06:25:42] [valid] Ep. 13 : Up. 80000 : ce-mean-words : 1.58626 : stalled 3 times
[2018-11-17 06:26:03] [valid] Ep. 13 : Up. 80000 : perplexity : 4.88544 : stalled 3 times
Detokenizer Version $Revision: 4134 $
Language: en
[2018-11-17 06:27:56] Saving model weights and runtime parameters to model/model.src1tgt0.2.len.npz.best-translation.npz
[2018-11-17 06:27:58] [valid] Ep. 13 : Up. 80000 : translation : 28.86 : new best
[2018-11-17 06:27:58] Saving model weights and runtime parameters to model/model.src1tgt0.2.len.npz.orig.npz
[2018-11-17 06:28:00] Saving model weights and runtime parameters to model/model.src1tgt0.2.len.npz
[2018-11-17 06:28:02] Saving Adam parameters to model/model.src1tgt0.2.len.npz.optimizer.npz
[2018-11-17 06:34:34] Ep. 13 : Up. 80500 : Sen. 134049 : Cost 2.16 : Time 553.79s : 2567.66 words/s : L.r. 1.3375e-04
[2018-11-17 06:41:07] Ep. 13 : Up. 81000 : Sen. 179165 : Cost 2.18 : Time 393.20s : 3623.83 words/s : L.r. 1.3333e-04
[2018-11-17 06:47:36] Ep. 13 : Up. 81500 : Sen. 226815 : Cost 2.18 : Time 389.06s : 3741.42 words/s : L.r. 1.3292e-04
[2018-11-17 06:53:57] Ep. 13 : Up. 82000 : Sen. 275590 : Cost 2.17 : Time 381.24s : 3733.64 words/s : L.r. 1.3252e-04
[2018-11-17 07:00:28] Ep. 13 : Up. 82500 : Sen. 321081 : Cost 2.19 : Time 391.40s : 3664.42 words/s : L.r. 1.3212e-04
[2018-11-17 07:06:58] Ep. 13 : Up. 83000 : Sen. 369105 : Cost 2.20 : Time 389.15s : 3788.84 words/s : L.r. 1.3172e-04
[2018-11-17 07:13:27] Ep. 13 : Up. 83500 : Sen. 416183 : Cost 2.19 : Time 389.26s : 3721.15 words/s : L.r. 1.3132e-04
[2018-11-17 07:20:02] Ep. 13 : Up. 84000 : Sen. 462827 : Cost 2.20 : Time 395.11s : 3755.47 words/s : L.r. 1.3093e-04
[2018-11-17 07:26:26] Ep. 13 : Up. 84500 : Sen. 509462 : Cost 2.20 : Time 384.10s : 3673.57 words/s : L.r. 1.3054e-04
[2018-11-17 07:32:45] Ep. 13 : Up. 85000 : Sen. 558549 : Cost 2.19 : Time 378.96s : 3726.35 words/s : L.r. 1.3016e-04
[2018-11-17 07:33:07] [valid] Ep. 13 : Up. 85000 : ce-mean-words : 1.58847 : stalled 4 times
[2018-11-17 07:33:29] [valid] Ep. 13 : Up. 85000 : perplexity : 4.89627 : stalled 4 times
Detokenizer Version $Revision: 4134 $
Language: en
[2018-11-17 07:35:22] [valid] Ep. 13 : Up. 85000 : translation : 28.85 : stalled 1 times
[2018-11-17 07:35:22] Saving model weights and runtime parameters to model/model.src1tgt0.2.len.npz.orig.npz
[2018-11-17 07:35:25] Saving model weights and runtime parameters to model/model.src1tgt0.2.len.npz
[2018-11-17 07:35:27] Saving Adam parameters to model/model.src1tgt0.2.len.npz.optimizer.npz
[2018-11-17 07:42:05] Ep. 13 : Up. 85500 : Sen. 605937 : Cost 2.22 : Time 560.48s : 2655.17 words/s : L.r. 1.2978e-04
[2018-11-17 07:44:09] Seen 620212 samples
[2018-11-17 07:44:09] Starting epoch 14
[2018-11-17 07:44:09] [data] Shuffling files
[2018-11-17 07:44:11] [data] Done
[2018-11-17 07:49:00] Ep. 14 : Up. 86000 : Sen. 32891 : Cost 2.15 : Time 414.49s : 3421.56 words/s : L.r. 1.2940e-04
[2018-11-17 07:55:27] Ep. 14 : Up. 86500 : Sen. 77489 : Cost 2.14 : Time 386.68s : 3531.63 words/s : L.r. 1.2902e-04
[2018-11-17 08:02:02] Ep. 14 : Up. 87000 : Sen. 123187 : Cost 2.16 : Time 395.27s : 3731.85 words/s : L.r. 1.2865e-04
[2018-11-17 08:08:34] Ep. 14 : Up. 87500 : Sen. 171717 : Cost 2.15 : Time 392.11s : 3756.93 words/s : L.r. 1.2829e-04
[2018-11-17 08:15:01] Ep. 14 : Up. 88000 : Sen. 219373 : Cost 2.17 : Time 387.40s : 3753.58 words/s : L.r. 1.2792e-04
[2018-11-17 08:21:24] Ep. 14 : Up. 88500 : Sen. 268146 : Cost 2.16 : Time 382.61s : 3751.57 words/s : L.r. 1.2756e-04
[2018-11-17 08:27:52] Ep. 14 : Up. 89000 : Sen. 315316 : Cost 2.17 : Time 387.84s : 3714.25 words/s : L.r. 1.2720e-04
[2018-11-17 08:34:27] Ep. 14 : Up. 89500 : Sen. 360406 : Cost 2.16 : Time 394.74s : 3604.90 words/s : L.r. 1.2684e-04
[2018-11-17 08:40:52] Ep. 14 : Up. 90000 : Sen. 408104 : Cost 2.18 : Time 385.41s : 3746.83 words/s : L.r. 1.2649e-04
[2018-11-17 08:41:14] [valid] Ep. 14 : Up. 90000 : ce-mean-words : 1.59046 : stalled 5 times
[2018-11-17 08:41:35] [valid] Ep. 14 : Up. 90000 : perplexity : 4.90599 : stalled 5 times
Detokenizer Version $Revision: 4134 $
Language: en
[2018-11-17 08:43:26] Saving model weights and runtime parameters to model/model.src1tgt0.2.len.npz.best-translation.npz
[2018-11-17 08:43:27] [valid] Ep. 14 : Up. 90000 : translation : 28.88 : new best
[2018-11-17 08:43:27] Saving model weights and runtime parameters to model/model.src1tgt0.2.len.npz.orig.npz
[2018-11-17 08:43:29] Saving model weights and runtime parameters to model/model.src1tgt0.2.len.npz
[2018-11-17 08:43:31] Saving Adam parameters to model/model.src1tgt0.2.len.npz.optimizer.npz
[2018-11-17 08:43:36] Training finished
[2018-11-17 08:43:36] Saving model weights and runtime parameters to model/model.src1tgt0.2.len.npz.orig.npz
[2018-11-17 08:43:38] Saving model weights and runtime parameters to model/model.src1tgt0.2.len.npz
[2018-11-17 08:43:40] Saving Adam parameters to model/model.src1tgt0.2.len.npz.optimizer.npz
