[2019-03-01 14:27:17] [marian] Marian v1.7.8 63e1cfe4 2019-02-11 21:04:00 -0800
[2019-03-01 14:27:17] [marian] Running on pcknot4 as process 26721 with command line:
[2019-03-01 14:27:17] [marian] /mnt/minerva1/nlp/projects/nmt/4/marian-dev/build/marian --model model/model.src1tgt0.dual.notc.len100.npz --type multi-transformer --train-sets corp/europarl.cs-en.docs.train.en.bpe.src_prev corp/europarl.cs-en.docs.train.en.bpe.src corp/europarl.cs-en.docs.train.cz.bpe --max-length 100 --dim-vocabs 30000 30000 --vocabs corp/vocab.encs.europarl.yml corp/vocab.encs.europarl.yml corp/vocab.encs.europarl.yml --mini-batch-fit -w 8900 --mini-batch 1000 --maxi-batch 1000 --early-stopping 10 --valid-freq 5000 --save-freq 5000 --disp-freq 500 --valid-metrics cross-entropy perplexity translation --valid-sets corp/europarl.cs-en.docs.dev.en.bpe.src_prev corp/europarl.cs-en.docs.dev.en.bpe.src corp/europarl.cs-en.docs.dev.cz.bpe --valid-script-path ./val.sh --valid-translation-output data/valid.bpe.en.output --quiet-translation --valid-mini-batch 16 --beam-size 6 --normalize 0.6 --log model/train_trans.dual.notc.log --valid-log model/valid_trans.dual.notc.log --enc-depth 6 --dec-depth 6 --transformer-heads 8 --transformer-postprocess-emb d --transformer-postprocess dan --transformer-dropout 0.1 --label-smoothing 0.1 --learn-rate 0.0003 --lr-warmup 16000 --lr-decay-inv-sqrt 16000 --lr-report --optimizer-params 0.9 0.98 1e-09 --clip-norm 5 --tied-embeddings-all --optimizer-delay 8 --devices 0 --sync-sgd --seed 1111 --exponential-smoothing --no-restore-corpus
[2019-03-01 14:27:17] [config] after-batches: 0
[2019-03-01 14:27:17] [config] after-epochs: 0
[2019-03-01 14:27:17] [config] allow-unk: false
[2019-03-01 14:27:17] [config] beam-size: 6
[2019-03-01 14:27:17] [config] bert-class-symbol: "[CLS]"
[2019-03-01 14:27:17] [config] bert-mask-symbol: "[MASK]"
[2019-03-01 14:27:17] [config] bert-masking-fraction: 0.15
[2019-03-01 14:27:17] [config] bert-sep-symbol: "[SEP]"
[2019-03-01 14:27:17] [config] bert-train-type-embeddings: true
[2019-03-01 14:27:17] [config] bert-type-vocab-size: 2
[2019-03-01 14:27:17] [config] best-deep: false
[2019-03-01 14:27:17] [config] clip-gemm: 0
[2019-03-01 14:27:17] [config] clip-norm: 5
[2019-03-01 14:27:17] [config] cost-type: ce-mean
[2019-03-01 14:27:17] [config] cpu-threads: 0
[2019-03-01 14:27:17] [config] data-weighting: ""
[2019-03-01 14:27:17] [config] data-weighting-type: sentence
[2019-03-01 14:27:17] [config] dec-cell: gru
[2019-03-01 14:27:17] [config] dec-cell-base-depth: 2
[2019-03-01 14:27:17] [config] dec-cell-high-depth: 1
[2019-03-01 14:27:17] [config] dec-depth: 6
[2019-03-01 14:27:17] [config] devices:
[2019-03-01 14:27:17] [config]   - 0
[2019-03-01 14:27:17] [config] dim-emb: 512
[2019-03-01 14:27:17] [config] dim-rnn: 1024
[2019-03-01 14:27:17] [config] dim-vocabs:
[2019-03-01 14:27:17] [config]   - 30000
[2019-03-01 14:27:17] [config]   - 30000
[2019-03-01 14:27:17] [config] disp-first: 0
[2019-03-01 14:27:17] [config] disp-freq: 500
[2019-03-01 14:27:17] [config] disp-label-counts: false
[2019-03-01 14:27:17] [config] dropout-rnn: 0
[2019-03-01 14:27:17] [config] dropout-src: 0
[2019-03-01 14:27:17] [config] dropout-trg: 0
[2019-03-01 14:27:17] [config] dump-config: ""
[2019-03-01 14:27:17] [config] early-stopping: 10
[2019-03-01 14:27:17] [config] embedding-fix-src: false
[2019-03-01 14:27:17] [config] embedding-fix-trg: false
[2019-03-01 14:27:17] [config] embedding-normalization: false
[2019-03-01 14:27:17] [config] embedding-vectors:
[2019-03-01 14:27:17] [config]   []
[2019-03-01 14:27:17] [config] enc-cell: gru
[2019-03-01 14:27:17] [config] enc-cell-depth: 1
[2019-03-01 14:27:17] [config] enc-depth: 6
[2019-03-01 14:27:17] [config] enc-type: bidirectional
[2019-03-01 14:27:17] [config] exponential-smoothing: 0.0001
[2019-03-01 14:27:17] [config] grad-dropping-momentum: 0
[2019-03-01 14:27:17] [config] grad-dropping-rate: 0
[2019-03-01 14:27:17] [config] grad-dropping-warmup: 100
[2019-03-01 14:27:17] [config] guided-alignment: none
[2019-03-01 14:27:17] [config] guided-alignment-cost: mse
[2019-03-01 14:27:17] [config] guided-alignment-weight: 0.1
[2019-03-01 14:27:17] [config] ignore-model-config: false
[2019-03-01 14:27:17] [config] input-types:
[2019-03-01 14:27:17] [config]   []
[2019-03-01 14:27:17] [config] interpolate-env-vars: false
[2019-03-01 14:27:17] [config] keep-best: false
[2019-03-01 14:27:17] [config] label-smoothing: 0.1
[2019-03-01 14:27:17] [config] layer-normalization: false
[2019-03-01 14:27:17] [config] learn-rate: 0.0003
[2019-03-01 14:27:17] [config] log: model/train_trans.dual.notc.log
[2019-03-01 14:27:17] [config] log-level: info
[2019-03-01 14:27:17] [config] log-time-zone: ""
[2019-03-01 14:27:17] [config] lr-decay: 0
[2019-03-01 14:27:17] [config] lr-decay-freq: 50000
[2019-03-01 14:27:17] [config] lr-decay-inv-sqrt:
[2019-03-01 14:27:17] [config]   - 16000
[2019-03-01 14:27:17] [config] lr-decay-repeat-warmup: false
[2019-03-01 14:27:17] [config] lr-decay-reset-optimizer: false
[2019-03-01 14:27:17] [config] lr-decay-start:
[2019-03-01 14:27:17] [config]   - 10
[2019-03-01 14:27:17] [config]   - 1
[2019-03-01 14:27:17] [config] lr-decay-strategy: epoch+stalled
[2019-03-01 14:27:17] [config] lr-report: true
[2019-03-01 14:27:17] [config] lr-warmup: 16000
[2019-03-01 14:27:17] [config] lr-warmup-at-reload: false
[2019-03-01 14:27:17] [config] lr-warmup-cycle: false
[2019-03-01 14:27:17] [config] lr-warmup-start-rate: 0
[2019-03-01 14:27:17] [config] max-length: 100
[2019-03-01 14:27:17] [config] max-length-crop: false
[2019-03-01 14:27:17] [config] max-length-factor: 3
[2019-03-01 14:27:17] [config] maxi-batch: 1000
[2019-03-01 14:27:17] [config] maxi-batch-sort: trg
[2019-03-01 14:27:17] [config] mini-batch: 1000
[2019-03-01 14:27:17] [config] mini-batch-fit: true
[2019-03-01 14:27:17] [config] mini-batch-fit-step: 10
[2019-03-01 14:27:17] [config] mini-batch-overstuff: 1
[2019-03-01 14:27:17] [config] mini-batch-track-lr: false
[2019-03-01 14:27:17] [config] mini-batch-understuff: 1
[2019-03-01 14:27:17] [config] mini-batch-warmup: 0
[2019-03-01 14:27:17] [config] mini-batch-words: 0
[2019-03-01 14:27:17] [config] mini-batch-words-ref: 0
[2019-03-01 14:27:17] [config] model: model/model.src1tgt0.dual.notc.len100.npz
[2019-03-01 14:27:17] [config] multi-loss-type: sum
[2019-03-01 14:27:17] [config] multi-node: false
[2019-03-01 14:27:17] [config] multi-node-overlap: true
[2019-03-01 14:27:17] [config] n-best: false
[2019-03-01 14:27:17] [config] no-nccl: false
[2019-03-01 14:27:17] [config] no-reload: false
[2019-03-01 14:27:17] [config] no-restore-corpus: true
[2019-03-01 14:27:17] [config] no-shuffle: false
[2019-03-01 14:27:17] [config] normalize: 0.6
[2019-03-01 14:27:17] [config] num-devices: 0
[2019-03-01 14:27:17] [config] optimizer: adam
[2019-03-01 14:27:17] [config] optimizer-delay: 8
[2019-03-01 14:27:17] [config] optimizer-params:
[2019-03-01 14:27:17] [config]   - 0.9
[2019-03-01 14:27:17] [config]   - 0.98
[2019-03-01 14:27:17] [config]   - 1e-09
[2019-03-01 14:27:17] [config] overwrite: false
[2019-03-01 14:27:17] [config] pretrained-model: ""
[2019-03-01 14:27:17] [config] quiet: false
[2019-03-01 14:27:17] [config] quiet-translation: true
[2019-03-01 14:27:17] [config] relative-paths: false
[2019-03-01 14:27:17] [config] right-left: false
[2019-03-01 14:27:17] [config] save-freq: 5000
[2019-03-01 14:27:17] [config] seed: 1111
[2019-03-01 14:27:17] [config] shuffle-in-ram: false
[2019-03-01 14:27:17] [config] skip: false
[2019-03-01 14:27:17] [config] sqlite: ""
[2019-03-01 14:27:17] [config] sqlite-drop: false
[2019-03-01 14:27:17] [config] sync-sgd: true
[2019-03-01 14:27:17] [config] tempdir: /tmp
[2019-03-01 14:27:17] [config] tied-embeddings: false
[2019-03-01 14:27:17] [config] tied-embeddings-all: true
[2019-03-01 14:27:17] [config] tied-embeddings-src: false
[2019-03-01 14:27:17] [config] train-sets:
[2019-03-01 14:27:17] [config]   - corp/europarl.cs-en.docs.train.en.bpe.src_prev
[2019-03-01 14:27:17] [config]   - corp/europarl.cs-en.docs.train.en.bpe.src
[2019-03-01 14:27:17] [config]   - corp/europarl.cs-en.docs.train.cz.bpe
[2019-03-01 14:27:17] [config] transformer-aan-activation: swish
[2019-03-01 14:27:17] [config] transformer-aan-depth: 2
[2019-03-01 14:27:17] [config] transformer-aan-nogate: false
[2019-03-01 14:27:17] [config] transformer-decoder-autoreg: self-attention
[2019-03-01 14:27:17] [config] transformer-dim-aan: 2048
[2019-03-01 14:27:17] [config] transformer-dim-ffn: 2048
[2019-03-01 14:27:17] [config] transformer-dropout: 0.1
[2019-03-01 14:27:17] [config] transformer-dropout-attention: 0
[2019-03-01 14:27:17] [config] transformer-dropout-ffn: 0
[2019-03-01 14:27:17] [config] transformer-ffn-activation: swish
[2019-03-01 14:27:17] [config] transformer-ffn-depth: 2
[2019-03-01 14:27:17] [config] transformer-guided-alignment-layer: last
[2019-03-01 14:27:17] [config] transformer-heads: 8
[2019-03-01 14:27:17] [config] transformer-no-projection: false
[2019-03-01 14:27:17] [config] transformer-postprocess: dan
[2019-03-01 14:27:17] [config] transformer-postprocess-emb: d
[2019-03-01 14:27:17] [config] transformer-preprocess: ""
[2019-03-01 14:27:17] [config] transformer-tied-layers:
[2019-03-01 14:27:17] [config]   []
[2019-03-01 14:27:17] [config] transformer-train-position-embeddings: false
[2019-03-01 14:27:17] [config] type: multi-transformer
[2019-03-01 14:27:17] [config] ulr: false
[2019-03-01 14:27:17] [config] ulr-dim-emb: 0
[2019-03-01 14:27:17] [config] ulr-dropout: 0
[2019-03-01 14:27:17] [config] ulr-keys-vectors: ""
[2019-03-01 14:27:17] [config] ulr-query-vectors: ""
[2019-03-01 14:27:17] [config] ulr-softmax-temperature: 1
[2019-03-01 14:27:17] [config] ulr-trainable-transformation: false
[2019-03-01 14:27:17] [config] valid-freq: 5000
[2019-03-01 14:27:17] [config] valid-log: model/valid_trans.dual.notc.log
[2019-03-01 14:27:17] [config] valid-max-length: 1000
[2019-03-01 14:27:17] [config] valid-metrics:
[2019-03-01 14:27:17] [config]   - cross-entropy
[2019-03-01 14:27:17] [config]   - perplexity
[2019-03-01 14:27:17] [config]   - translation
[2019-03-01 14:27:17] [config] valid-mini-batch: 16
[2019-03-01 14:27:17] [config] valid-script-path: ./val.sh
[2019-03-01 14:27:17] [config] valid-sets:
[2019-03-01 14:27:17] [config]   - corp/europarl.cs-en.docs.dev.en.bpe.src_prev
[2019-03-01 14:27:17] [config]   - corp/europarl.cs-en.docs.dev.en.bpe.src
[2019-03-01 14:27:17] [config]   - corp/europarl.cs-en.docs.dev.cz.bpe
[2019-03-01 14:27:17] [config] valid-translation-output: data/valid.bpe.en.output
[2019-03-01 14:27:17] [config] vocabs:
[2019-03-01 14:27:17] [config]   - corp/vocab.encs.europarl.yml
[2019-03-01 14:27:17] [config]   - corp/vocab.encs.europarl.yml
[2019-03-01 14:27:17] [config]   - corp/vocab.encs.europarl.yml
[2019-03-01 14:27:17] [config] word-penalty: 0
[2019-03-01 14:27:17] [config] workspace: 8900
[2019-03-01 14:27:17] [config] Model is being created with Marian v1.7.8 63e1cfe4 2019-02-11 21:04:00 -0800
[2019-03-01 14:27:17] Using synchronous training
[2019-03-01 14:27:17] [data] Loading vocabulary from JSON/Yaml file corp/vocab.encs.europarl.yml
[2019-03-01 14:27:17] [data] Setting vocabulary size for input 0 to 30000
[2019-03-01 14:27:17] [data] Loading vocabulary from JSON/Yaml file corp/vocab.encs.europarl.yml
[2019-03-01 14:27:17] [data] Setting vocabulary size for input 1 to 30000
[2019-03-01 14:27:17] [data] Loading vocabulary from JSON/Yaml file corp/vocab.encs.europarl.yml
[2019-03-01 14:27:18] [data] Setting vocabulary size for input 2 to 30000
[2019-03-01 14:27:18] Compiled without MPI support. Falling back to FakeMPIWrapper
[2019-03-01 14:27:18] [batching] Collecting statistics for batch fitting with step size 10
[2019-03-01 14:27:18] [memory] Extending reserved space to 8960 MB (device gpu0)
[2019-03-01 14:27:18] [comm] Using NCCL 2.4.2 for GPU communication
[2019-03-01 14:27:18] [comm] NCCLCommunicator constructed successfully.
[2019-03-01 14:27:18] [training] Using 1 GPUs
[2019-03-01 14:27:18] [memory] Reserving 323 MB, device gpu0
[2019-03-01 14:27:18] [gpu] 16-bit TensorCores enabled for float32 matrix operations
[2019-03-01 14:27:19] [memory] Reserving 323 MB, device gpu0
[2019-03-01 14:27:27] [batching] Done. Typical MB size is 36680 target words
[2019-03-01 14:27:27] [memory] Extending reserved space to 8960 MB (device gpu0)
[2019-03-01 14:27:27] [comm] Using NCCL 2.4.2 for GPU communication
[2019-03-01 14:27:27] [comm] NCCLCommunicator constructed successfully.
[2019-03-01 14:27:27] [training] Using 1 GPUs
[2019-03-01 14:27:27] Training started
[2019-03-01 14:27:27] [data] Shuffling data
[2019-03-01 14:27:27] [data] Done reading 620637 sentences
[2019-03-01 14:27:30] [data] Done shuffling 620637 sentences to temp files
[2019-03-01 14:27:53] [training] Batches are processed as 1 process(es) x 1 devices/process
[2019-03-01 14:27:53] [memory] Reserving 323 MB, device gpu0
[2019-03-01 14:27:53] [memory] Reserving 323 MB, device gpu0
[2019-03-01 14:27:53] [memory] Reserving 323 MB, device gpu0
[2019-03-01 14:27:54] [memory] Reserving 646 MB, device gpu0
[2019-03-01 14:36:08] Ep. 1 : Up. 500 : Sen. 221,066 : Cost 277.68533325 : Time 530.63s : 12362.99 words/s : L.r. 9.3750e-06
[2019-03-01 14:44:23] Ep. 1 : Up. 1000 : Sen. 435,785 : Cost 246.54978943 : Time 495.18s : 13271.84 words/s : L.r. 1.8750e-05
[2019-03-01 14:51:19] Seen 615313 samples
[2019-03-01 14:51:19] Starting epoch 2
[2019-03-01 14:51:19] [data] Shuffling data
[2019-03-01 14:51:20] [data] Done reading 620637 sentences
[2019-03-01 14:51:22] [data] Done shuffling 620637 sentences to temp files
[2019-03-01 14:53:06] Ep. 2 : Up. 1500 : Sen. 34,107 : Cost 232.61656189 : Time 522.26s : 12522.88 words/s : L.r. 2.8125e-05
[2019-03-01 15:01:23] Ep. 2 : Up. 2000 : Sen. 254,465 : Cost 217.30216980 : Time 497.15s : 13125.19 words/s : L.r. 3.7500e-05
[2019-03-01 15:09:44] Ep. 2 : Up. 2500 : Sen. 469,474 : Cost 215.19982910 : Time 501.42s : 13217.52 words/s : L.r. 4.6875e-05
[2019-03-01 15:15:16] Seen 615313 samples
[2019-03-01 15:15:16] Starting epoch 3
[2019-03-01 15:15:16] [data] Shuffling data
[2019-03-01 15:15:16] [data] Done reading 620637 sentences
[2019-03-01 15:15:18] [data] Done shuffling 620637 sentences to temp files
[2019-03-01 15:18:26] Ep. 3 : Up. 3000 : Sen. 74,934 : Cost 192.58798218 : Time 521.64s : 12530.31 words/s : L.r. 5.6250e-05
[2019-03-01 15:26:57] Ep. 3 : Up. 3500 : Sen. 292,981 : Cost 191.11830139 : Time 510.76s : 13356.90 words/s : L.r. 6.5625e-05
[2019-03-01 15:35:11] Ep. 3 : Up. 4000 : Sen. 511,092 : Cost 168.63171387 : Time 494.37s : 12991.29 words/s : L.r. 7.5000e-05
[2019-03-01 15:39:12] Seen 615313 samples
[2019-03-01 15:39:12] Starting epoch 4
[2019-03-01 15:39:12] [data] Shuffling data
[2019-03-01 15:39:12] [data] Done reading 620637 sentences
[2019-03-01 15:39:15] [data] Done shuffling 620637 sentences to temp files
[2019-03-01 15:43:48] Ep. 4 : Up. 4500 : Sen. 110,397 : Cost 163.45486450 : Time 516.85s : 12618.55 words/s : L.r. 8.4375e-05
[2019-03-01 15:52:10] Ep. 4 : Up. 5000 : Sen. 330,324 : Cost 151.58566284 : Time 502.40s : 13126.16 words/s : L.r. 9.3750e-05
[2019-03-01 15:52:10] Saving model weights and runtime parameters to model/model.src1tgt0.dual.notc.len100.npz.orig.npz
[2019-03-01 15:52:16] Saving model weights and runtime parameters to model/model.src1tgt0.dual.notc.len100.iter5000.npz
[2019-03-01 15:52:21] Saving model weights and runtime parameters to model/model.src1tgt0.dual.notc.len100.npz
[2019-03-01 15:52:26] Saving Adam parameters to model/model.src1tgt0.dual.notc.len100.npz.optimizer.npz
[2019-03-01 15:52:46] [valid] Ep. 4 : Up. 5000 : cross-entropy : 132.875 : new best
[2019-03-01 15:52:56] [valid] Ep. 4 : Up. 5000 : perplexity : 73.1392 : new best
Detokenizer Version $Revision: 4134 $
Language: en
[2019-03-01 16:00:06] [valid] Ep. 4 : Up. 5000 : translation : 4.9 : new best
[2019-03-01 16:08:26] Ep. 4 : Up. 5500 : Sen. 542,773 : Cost 147.78367615 : Time 975.38s : 6758.61 words/s : L.r. 1.0313e-04
[2019-03-01 16:11:04] Seen 615313 samples
[2019-03-01 16:11:04] Starting epoch 5
[2019-03-01 16:11:04] [data] Shuffling data
[2019-03-01 16:11:04] [data] Done reading 620637 sentences
[2019-03-01 16:11:07] [data] Done shuffling 620637 sentences to temp files
[2019-03-01 16:17:11] Ep. 5 : Up. 6000 : Sen. 147,394 : Cost 134.49441528 : Time 525.68s : 12588.11 words/s : L.r. 1.1250e-04
[2019-03-01 16:25:27] Ep. 5 : Up. 6500 : Sen. 362,940 : Cost 126.44511414 : Time 495.82s : 13022.01 words/s : L.r. 1.2188e-04
[2019-03-01 16:33:48] Ep. 5 : Up. 7000 : Sen. 585,467 : Cost 119.82532501 : Time 500.92s : 13280.23 words/s : L.r. 1.3125e-04
[2019-03-01 16:35:02] Seen 615313 samples
[2019-03-01 16:35:02] Starting epoch 6
[2019-03-01 16:35:02] [data] Shuffling data
[2019-03-01 16:35:02] [data] Done reading 620637 sentences
[2019-03-01 16:35:04] [data] Done shuffling 620637 sentences to temp files
[2019-03-01 16:42:34] Ep. 6 : Up. 7500 : Sen. 183,642 : Cost 117.68286133 : Time 525.57s : 12748.24 words/s : L.r. 1.4063e-04
[2019-03-01 16:50:45] Ep. 6 : Up. 8000 : Sen. 402,498 : Cost 103.89254761 : Time 491.17s : 12965.11 words/s : L.r. 1.5000e-04
[2019-03-01 16:58:58] Seen 615313 samples
[2019-03-01 16:58:58] Starting epoch 7
[2019-03-01 16:58:58] [data] Shuffling data
[2019-03-01 16:58:59] [data] Done reading 620637 sentences
[2019-03-01 16:59:01] [data] Done shuffling 620637 sentences to temp files
[2019-03-01 16:59:33] Ep. 7 : Up. 8500 : Sen. 4,947 : Cost 103.99071503 : Time 527.64s : 12552.52 words/s : L.r. 1.5938e-04
[2019-03-01 17:07:51] Ep. 7 : Up. 9000 : Sen. 228,378 : Cost 95.08251190 : Time 498.40s : 13093.96 words/s : L.r. 1.6875e-04
[2019-03-01 17:16:07] Ep. 7 : Up. 9500 : Sen. 442,632 : Cost 97.15972900 : Time 496.53s : 13181.56 words/s : L.r. 1.7813e-04
[2019-03-01 17:22:54] Seen 615313 samples
[2019-03-01 17:22:54] Starting epoch 8
[2019-03-01 17:22:54] [data] Shuffling data
[2019-03-01 17:22:54] [data] Done reading 620637 sentences
[2019-03-01 17:22:56] [data] Done shuffling 620637 sentences to temp files
[2019-03-01 17:24:55] Ep. 8 : Up. 10000 : Sen. 39,211 : Cost 97.88727570 : Time 527.40s : 12716.08 words/s : L.r. 1.8750e-04
[2019-03-01 17:24:55] Saving model weights and runtime parameters to model/model.src1tgt0.dual.notc.len100.npz.orig.npz
[2019-03-01 17:25:00] Saving model weights and runtime parameters to model/model.src1tgt0.dual.notc.len100.iter10000.npz
[2019-03-01 17:25:05] Saving model weights and runtime parameters to model/model.src1tgt0.dual.notc.len100.npz
[2019-03-01 17:25:10] Saving Adam parameters to model/model.src1tgt0.dual.notc.len100.npz.optimizer.npz
[2019-03-01 17:25:30] [valid] Ep. 8 : Up. 10000 : cross-entropy : 65.6844 : new best
[2019-03-01 17:25:39] [valid] Ep. 8 : Up. 10000 : perplexity : 8.34665 : new best
Detokenizer Version $Revision: 4134 $
Language: en
[2019-03-01 17:28:46] [valid] Ep. 8 : Up. 10000 : translation : 21.5 : new best
[2019-03-01 17:37:00] Ep. 8 : Up. 10500 : Sen. 257,320 : Cost 88.13833618 : Time 725.48s : 8876.88 words/s : L.r. 1.9688e-04
[2019-03-01 17:45:21] Ep. 8 : Up. 11000 : Sen. 474,799 : Cost 90.23826599 : Time 500.39s : 13271.65 words/s : L.r. 2.0625e-04
[2019-03-01 17:50:39] Seen 615313 samples
[2019-03-01 17:50:39] Starting epoch 9
[2019-03-01 17:50:39] [data] Shuffling data
[2019-03-01 17:50:39] [data] Done reading 620637 sentences
[2019-03-01 17:50:41] [data] Done shuffling 620637 sentences to temp files
[2019-03-01 17:54:00] Ep. 9 : Up. 11500 : Sen. 78,248 : Cost 85.99289703 : Time 519.60s : 12588.30 words/s : L.r. 2.1563e-04
[2019-03-01 18:02:14] Ep. 9 : Up. 12000 : Sen. 292,244 : Cost 86.12503052 : Time 493.53s : 13201.73 words/s : L.r. 2.2500e-04
[2019-03-01 18:10:38] Ep. 9 : Up. 12500 : Sen. 512,101 : Cost 85.60526276 : Time 504.18s : 13282.18 words/s : L.r. 2.3438e-04
[2019-03-01 18:14:33] Seen 615313 samples
[2019-03-01 18:14:33] Starting epoch 10
[2019-03-01 18:14:33] [data] Shuffling data
[2019-03-01 18:14:33] [data] Done reading 620637 sentences
[2019-03-01 18:14:36] [data] Done shuffling 620637 sentences to temp files
[2019-03-01 18:19:16] Ep. 10 : Up. 13000 : Sen. 113,439 : Cost 82.29306793 : Time 518.03s : 12500.35 words/s : L.r. 2.4375e-04
[2019-03-01 18:27:36] Ep. 10 : Up. 13500 : Sen. 330,565 : Cost 82.38381958 : Time 500.30s : 13189.38 words/s : L.r. 2.5313e-04
[2019-03-01 18:35:59] Ep. 10 : Up. 14000 : Sen. 547,016 : Cost 83.12104034 : Time 502.66s : 13187.86 words/s : L.r. 2.6250e-04
[2019-03-01 18:38:28] Seen 615313 samples
[2019-03-01 18:38:28] Starting epoch 11
[2019-03-01 18:38:28] [data] Shuffling data
[2019-03-01 18:38:28] [data] Done reading 620637 sentences
[2019-03-01 18:38:30] [data] Done shuffling 620637 sentences to temp files
[2019-03-01 18:44:43] Ep. 11 : Up. 14500 : Sen. 152,879 : Cost 79.11153412 : Time 524.41s : 12555.76 words/s : L.r. 2.7188e-04
[2019-03-01 18:52:57] Ep. 11 : Up. 15000 : Sen. 372,572 : Cost 78.62162781 : Time 493.72s : 13248.75 words/s : L.r. 2.8125e-04
[2019-03-01 18:52:57] Saving model weights and runtime parameters to model/model.src1tgt0.dual.notc.len100.npz.orig.npz
[2019-03-01 18:53:03] Saving model weights and runtime parameters to model/model.src1tgt0.dual.notc.len100.iter15000.npz
[2019-03-01 18:53:07] Saving model weights and runtime parameters to model/model.src1tgt0.dual.notc.len100.npz
[2019-03-01 18:53:12] Saving Adam parameters to model/model.src1tgt0.dual.notc.len100.npz.optimizer.npz
[2019-03-01 18:53:32] [valid] Ep. 11 : Up. 15000 : cross-entropy : 50.5986 : new best
[2019-03-01 18:53:41] [valid] Ep. 11 : Up. 15000 : perplexity : 5.12705 : new best
Detokenizer Version $Revision: 4134 $
Language: en
[2019-03-01 18:56:50] [valid] Ep. 11 : Up. 15000 : translation : 27 : new best
[2019-03-01 19:05:07] Ep. 11 : Up. 15500 : Sen. 587,614 : Cost 80.23753357 : Time 730.33s : 8947.73 words/s : L.r. 2.9063e-04
[2019-03-01 19:06:15] Seen 615313 samples
[2019-03-01 19:06:15] Starting epoch 12
[2019-03-01 19:06:15] [data] Shuffling data
[2019-03-01 19:06:15] [data] Done reading 620637 sentences
[2019-03-01 19:06:18] [data] Done shuffling 620637 sentences to temp files
[2019-03-01 19:13:47] Ep. 12 : Up. 16000 : Sen. 191,775 : Cost 76.68470001 : Time 519.41s : 12521.43 words/s : L.r. 3.0000e-04
[2019-03-01 19:22:14] Ep. 12 : Up. 16500 : Sen. 406,470 : Cost 81.15962982 : Time 506.85s : 13296.84 words/s : L.r. 2.9542e-04
[2019-03-01 19:30:10] Seen 615313 samples
[2019-03-01 19:30:10] Starting epoch 13
[2019-03-01 19:30:10] [data] Shuffling data
[2019-03-01 19:30:10] [data] Done reading 620637 sentences
[2019-03-01 19:30:12] [data] Done shuffling 620637 sentences to temp files
[2019-03-01 19:30:55] Ep. 13 : Up. 17000 : Sen. 9,404 : Cost 76.92986298 : Time 520.82s : 12546.98 words/s : L.r. 2.9104e-04
[2019-03-01 19:39:08] Ep. 13 : Up. 17500 : Sen. 224,701 : Cost 75.11171722 : Time 493.25s : 13033.35 words/s : L.r. 2.8685e-04
[2019-03-01 19:47:29] Ep. 13 : Up. 18000 : Sen. 445,907 : Cost 76.45199585 : Time 501.25s : 13402.05 words/s : L.r. 2.8284e-04
[2019-03-01 19:54:04] Seen 615313 samples
[2019-03-01 19:54:04] Starting epoch 14
[2019-03-01 19:54:04] [data] Shuffling data
[2019-03-01 19:54:05] [data] Done reading 620637 sentences
[2019-03-01 19:54:07] [data] Done shuffling 620637 sentences to temp files
[2019-03-01 19:56:08] Ep. 14 : Up. 18500 : Sen. 43,213 : Cost 76.05743408 : Time 518.60s : 12491.64 words/s : L.r. 2.7899e-04
[2019-03-01 20:04:30] Ep. 14 : Up. 19000 : Sen. 257,827 : Cost 76.64041901 : Time 501.91s : 13264.20 words/s : L.r. 2.7530e-04
[2019-03-01 20:12:48] Ep. 14 : Up. 19500 : Sen. 475,969 : Cost 74.41196442 : Time 498.45s : 13188.92 words/s : L.r. 2.7175e-04
[2019-03-01 20:18:00] Seen 615313 samples
[2019-03-01 20:18:00] Starting epoch 15
[2019-03-01 20:18:00] [data] Shuffling data
[2019-03-01 20:18:00] [data] Done reading 620637 sentences
[2019-03-01 20:18:02] [data] Done shuffling 620637 sentences to temp files
[2019-03-01 20:21:34] Ep. 15 : Up. 20000 : Sen. 81,859 : Cost 72.96394348 : Time 526.32s : 12602.96 words/s : L.r. 2.6833e-04
[2019-03-01 20:21:34] Saving model weights and runtime parameters to model/model.src1tgt0.dual.notc.len100.npz.orig.npz
[2019-03-01 20:21:40] Saving model weights and runtime parameters to model/model.src1tgt0.dual.notc.len100.iter20000.npz
[2019-03-01 20:21:45] Saving model weights and runtime parameters to model/model.src1tgt0.dual.notc.len100.npz
[2019-03-01 20:21:50] Saving Adam parameters to model/model.src1tgt0.dual.notc.len100.npz.optimizer.npz
[2019-03-01 20:22:11] [valid] Ep. 15 : Up. 20000 : cross-entropy : 45.5345 : new best
[2019-03-01 20:22:20] [valid] Ep. 15 : Up. 20000 : perplexity : 4.35332 : new best
Detokenizer Version $Revision: 4134 $
Language: en
[2019-03-01 20:25:23] [valid] Ep. 15 : Up. 20000 : translation : 28.9 : new best
[2019-03-01 20:33:41] Ep. 15 : Up. 20500 : Sen. 300,964 : Cost 71.56806183 : Time 726.60s : 8937.83 words/s : L.r. 2.6504e-04
[2019-03-01 20:42:01] Ep. 15 : Up. 21000 : Sen. 518,528 : Cost 74.04225159 : Time 500.34s : 13296.39 words/s : L.r. 2.6186e-04
[2019-03-01 20:45:43] Seen 615313 samples
[2019-03-01 20:45:43] Starting epoch 16
[2019-03-01 20:45:43] [data] Shuffling data
[2019-03-01 20:45:43] [data] Done reading 620637 sentences
[2019-03-01 20:45:45] [data] Done shuffling 620637 sentences to temp files
[2019-03-01 20:50:39] Ep. 16 : Up. 21500 : Sen. 124,276 : Cost 70.02214050 : Time 517.85s : 12491.90 words/s : L.r. 2.5880e-04
[2019-03-01 20:58:59] Ep. 16 : Up. 22000 : Sen. 343,526 : Cost 72.11788177 : Time 500.22s : 13278.64 words/s : L.r. 2.5584e-04
[2019-03-01 21:07:19] Ep. 16 : Up. 22500 : Sen. 558,695 : Cost 73.40532684 : Time 499.82s : 13184.03 words/s : L.r. 2.5298e-04
[2019-03-01 21:09:38] Seen 615313 samples
[2019-03-01 21:09:38] Starting epoch 17
[2019-03-01 21:09:38] [data] Shuffling data
[2019-03-01 21:09:38] [data] Done reading 620637 sentences
[2019-03-01 21:09:40] [data] Done shuffling 620637 sentences to temp files
[2019-03-01 21:16:05] Ep. 17 : Up. 23000 : Sen. 159,607 : Cost 71.56295776 : Time 525.60s : 12509.03 words/s : L.r. 2.5022e-04
[2019-03-01 21:24:28] Ep. 17 : Up. 23500 : Sen. 376,447 : Cost 72.46130371 : Time 503.52s : 13272.51 words/s : L.r. 2.4754e-04
[2019-03-01 21:32:39] Ep. 17 : Up. 24000 : Sen. 593,040 : Cost 70.08901215 : Time 490.37s : 13130.80 words/s : L.r. 2.4495e-04
[2019-03-01 21:33:33] Seen 615313 samples
[2019-03-01 21:33:33] Starting epoch 18
[2019-03-01 21:33:33] [data] Shuffling data
[2019-03-01 21:33:33] [data] Done reading 620637 sentences
[2019-03-01 21:33:36] [data] Done shuffling 620637 sentences to temp files
[2019-03-01 21:41:18] Ep. 18 : Up. 24500 : Sen. 194,192 : Cost 69.70797729 : Time 519.18s : 12562.99 words/s : L.r. 2.4244e-04
[2019-03-01 21:49:40] Ep. 18 : Up. 25000 : Sen. 408,156 : Cost 72.23903656 : Time 502.07s : 13190.35 words/s : L.r. 2.4000e-04
[2019-03-01 21:49:40] Saving model weights and runtime parameters to model/model.src1tgt0.dual.notc.len100.npz.orig.npz
[2019-03-01 21:49:45] Saving model weights and runtime parameters to model/model.src1tgt0.dual.notc.len100.iter25000.npz
[2019-03-01 21:49:50] Saving model weights and runtime parameters to model/model.src1tgt0.dual.notc.len100.npz
[2019-03-01 21:49:55] Saving Adam parameters to model/model.src1tgt0.dual.notc.len100.npz.optimizer.npz
[2019-03-01 21:50:15] [valid] Ep. 18 : Up. 25000 : cross-entropy : 43.4116 : new best
[2019-03-01 21:50:25] [valid] Ep. 18 : Up. 25000 : perplexity : 4.06478 : new best
Detokenizer Version $Revision: 4134 $
Language: en
[2019-03-01 21:53:28] [valid] Ep. 18 : Up. 25000 : translation : 29.7 : new best
[2019-03-01 22:01:16] Seen 615313 samples
[2019-03-01 22:01:16] Starting epoch 19
[2019-03-01 22:01:16] [data] Shuffling data
[2019-03-01 22:01:16] [data] Done reading 620637 sentences
[2019-03-01 22:01:18] [data] Done shuffling 620637 sentences to temp files
[2019-03-01 22:02:10] Ep. 19 : Up. 25500 : Sen. 11,433 : Cost 69.83341217 : Time 749.86s : 8754.10 words/s : L.r. 2.3764e-04
[2019-03-01 22:10:26] Ep. 19 : Up. 26000 : Sen. 228,091 : Cost 68.99334717 : Time 496.17s : 13178.69 words/s : L.r. 2.3534e-04
[2019-03-01 22:18:36] Ep. 19 : Up. 26500 : Sen. 444,381 : Cost 68.63839722 : Time 490.15s : 13148.67 words/s : L.r. 2.3311e-04
[2019-03-01 22:25:10] Seen 615313 samples
[2019-03-01 22:25:10] Starting epoch 20
[2019-03-01 22:25:10] [data] Shuffling data
[2019-03-01 22:25:11] [data] Done reading 620637 sentences
[2019-03-01 22:25:13] [data] Done shuffling 620637 sentences to temp files
[2019-03-01 22:27:30] Ep. 20 : Up. 27000 : Sen. 50,231 : Cost 70.29063416 : Time 533.85s : 12690.33 words/s : L.r. 2.3094e-04
[2019-03-01 22:35:37] Ep. 20 : Up. 27500 : Sen. 261,743 : Cost 67.38140869 : Time 487.39s : 12937.59 words/s : L.r. 2.2883e-04
[2019-03-01 22:44:06] Ep. 20 : Up. 28000 : Sen. 481,785 : Cost 70.75470734 : Time 508.94s : 13372.27 words/s : L.r. 2.2678e-04
[2019-03-01 22:49:06] Seen 615313 samples
[2019-03-01 22:49:06] Starting epoch 21
[2019-03-01 22:49:06] [data] Shuffling data
[2019-03-01 22:49:06] [data] Done reading 620637 sentences
[2019-03-01 22:49:09] [data] Done shuffling 620637 sentences to temp files
[2019-03-01 22:52:51] Ep. 21 : Up. 28500 : Sen. 83,664 : Cost 69.21794128 : Time 524.47s : 12613.19 words/s : L.r. 2.2478e-04
[2019-03-01 23:01:06] Ep. 21 : Up. 29000 : Sen. 295,504 : Cost 69.17117310 : Time 494.94s : 13140.46 words/s : L.r. 2.2283e-04
[2019-03-01 23:09:18] Ep. 21 : Up. 29500 : Sen. 521,678 : Cost 64.24980164 : Time 492.69s : 13096.55 words/s : L.r. 2.2094e-04
[2019-03-01 23:13:01] Seen 615313 samples
[2019-03-01 23:13:01] Starting epoch 22
[2019-03-01 23:13:01] [data] Shuffling data
[2019-03-01 23:13:01] [data] Done reading 620637 sentences
[2019-03-01 23:13:04] [data] Done shuffling 620637 sentences to temp files
[2019-03-01 23:18:11] Ep. 22 : Up. 30000 : Sen. 123,912 : Cost 70.19542694 : Time 533.00s : 12771.94 words/s : L.r. 2.1909e-04
[2019-03-01 23:18:11] Saving model weights and runtime parameters to model/model.src1tgt0.dual.notc.len100.npz.orig.npz
[2019-03-01 23:18:16] Saving model weights and runtime parameters to model/model.src1tgt0.dual.notc.len100.iter30000.npz
[2019-03-01 23:18:21] Saving model weights and runtime parameters to model/model.src1tgt0.dual.notc.len100.npz
[2019-03-01 23:18:27] Saving Adam parameters to model/model.src1tgt0.dual.notc.len100.npz.optimizer.npz
[2019-03-01 23:18:47] [valid] Ep. 22 : Up. 30000 : cross-entropy : 42.5909 : new best
[2019-03-01 23:18:56] [valid] Ep. 22 : Up. 30000 : perplexity : 3.95844 : new best
Detokenizer Version $Revision: 4134 $
Language: en
[2019-03-01 23:22:00] [valid] Ep. 22 : Up. 30000 : translation : 30.2 : new best
[2019-03-01 23:30:17] Ep. 22 : Up. 30500 : Sen. 343,831 : Cost 66.53794098 : Time 726.05s : 9044.84 words/s : L.r. 2.1729e-04
[2019-03-01 23:38:34] Ep. 22 : Up. 31000 : Sen. 560,177 : Cost 67.66733551 : Time 496.37s : 13109.12 words/s : L.r. 2.1553e-04
[2019-03-01 23:40:44] Seen 615313 samples
[2019-03-01 23:40:44] Starting epoch 23
[2019-03-01 23:40:44] [data] Shuffling data
[2019-03-01 23:40:44] [data] Done reading 620637 sentences
[2019-03-01 23:40:46] [data] Done shuffling 620637 sentences to temp files
[2019-03-01 23:47:22] Ep. 23 : Up. 31500 : Sen. 162,072 : Cost 67.89324951 : Time 528.14s : 12597.51 words/s : L.r. 2.1381e-04
[2019-03-01 23:55:38] Ep. 23 : Up. 32000 : Sen. 379,590 : Cost 66.52751160 : Time 495.84s : 13167.68 words/s : L.r. 2.1213e-04
[2019-03-02 00:03:53] Ep. 23 : Up. 32500 : Sen. 596,563 : Cost 67.23925781 : Time 495.64s : 13161.98 words/s : L.r. 2.1049e-04
[2019-03-02 00:04:39] Seen 615313 samples
[2019-03-02 00:04:39] Starting epoch 24
[2019-03-02 00:04:39] [data] Shuffling data
[2019-03-02 00:04:39] [data] Done reading 620637 sentences
[2019-03-02 00:04:41] [data] Done shuffling 620637 sentences to temp files
[2019-03-02 00:12:37] Ep. 24 : Up. 33000 : Sen. 204,682 : Cost 64.46967316 : Time 523.37s : 12610.79 words/s : L.r. 2.0889e-04
[2019-03-02 00:21:00] Ep. 24 : Up. 33500 : Sen. 415,894 : Cost 69.99594879 : Time 503.56s : 13252.73 words/s : L.r. 2.0733e-04
[2019-03-02 00:28:34] Seen 615313 samples
[2019-03-02 00:28:34] Starting epoch 25
[2019-03-02 00:28:34] [data] Shuffling data
[2019-03-02 00:28:34] [data] Done reading 620637 sentences
[2019-03-02 00:28:36] [data] Done shuffling 620637 sentences to temp files
[2019-03-02 00:29:37] Ep. 25 : Up. 34000 : Sen. 17,893 : Cost 65.20921326 : Time 516.90s : 12410.88 words/s : L.r. 2.0580e-04
[2019-03-02 00:37:55] Ep. 25 : Up. 34500 : Sen. 236,182 : Cost 65.47118378 : Time 497.48s : 13196.09 words/s : L.r. 2.0430e-04
[2019-03-02 00:46:14] Ep. 25 : Up. 35000 : Sen. 450,783 : Cost 67.22157288 : Time 499.69s : 13187.97 words/s : L.r. 2.0284e-04
[2019-03-02 00:46:14] Saving model weights and runtime parameters to model/model.src1tgt0.dual.notc.len100.npz.orig.npz
[2019-03-02 00:46:20] Saving model weights and runtime parameters to model/model.src1tgt0.dual.notc.len100.iter35000.npz
[2019-03-02 00:46:25] Saving model weights and runtime parameters to model/model.src1tgt0.dual.notc.len100.npz
[2019-03-02 00:46:30] Saving Adam parameters to model/model.src1tgt0.dual.notc.len100.npz.optimizer.npz
[2019-03-02 00:46:50] [valid] Ep. 25 : Up. 35000 : cross-entropy : 42.3751 : new best
[2019-03-02 00:47:00] [valid] Ep. 25 : Up. 35000 : perplexity : 3.93095 : new best
Detokenizer Version $Revision: 4134 $
Language: en
[2019-03-02 00:50:04] [valid] Ep. 25 : Up. 35000 : translation : 30.4 : new best
[2019-03-02 00:56:19] Seen 615313 samples
[2019-03-02 00:56:19] Starting epoch 26
[2019-03-02 00:56:19] [data] Shuffling data
[2019-03-02 00:56:20] [data] Done reading 620637 sentences
[2019-03-02 00:56:22] [data] Done shuffling 620637 sentences to temp files
[2019-03-02 00:58:48] Ep. 26 : Up. 35500 : Sen. 53,235 : Cost 66.35505676 : Time 753.61s : 8756.35 words/s : L.r. 2.0140e-04
[2019-03-02 01:07:08] Ep. 26 : Up. 36000 : Sen. 272,986 : Cost 65.13072205 : Time 499.89s : 13208.62 words/s : L.r. 2.0000e-04
[2019-03-02 01:15:31] Ep. 26 : Up. 36500 : Sen. 491,133 : Cost 66.82192230 : Time 502.97s : 13267.13 words/s : L.r. 1.9863e-04
[2019-03-02 01:20:14] Seen 615313 samples
[2019-03-02 01:20:14] Starting epoch 27
[2019-03-02 01:20:14] [data] Shuffling data
[2019-03-02 01:20:14] [data] Done reading 620637 sentences
[2019-03-02 01:20:16] [data] Done shuffling 620637 sentences to temp files
[2019-03-02 01:24:03] Ep. 27 : Up. 37000 : Sen. 89,292 : Cost 64.46378326 : Time 512.46s : 12424.54 words/s : L.r. 1.9728e-04
[2019-03-02 01:32:22] Ep. 27 : Up. 37500 : Sen. 308,021 : Cost 65.48462677 : Time 499.03s : 13325.78 words/s : L.r. 1.9596e-04
[2019-03-02 01:40:43] Ep. 27 : Up. 38000 : Sen. 528,625 : Cost 64.49365997 : Time 500.94s : 13098.43 words/s : L.r. 1.9467e-04
[2019-03-02 01:44:09] Seen 615313 samples
[2019-03-02 01:44:09] Starting epoch 28
[2019-03-02 01:44:09] [data] Shuffling data
[2019-03-02 01:44:09] [data] Done reading 620637 sentences
[2019-03-02 01:44:12] [data] Done shuffling 620637 sentences to temp files
[2019-03-02 01:49:36] Ep. 28 : Up. 38500 : Sen. 130,121 : Cost 66.90652466 : Time 532.60s : 12620.07 words/s : L.r. 1.9340e-04
[2019-03-02 01:57:47] Ep. 28 : Up. 39000 : Sen. 345,490 : Cost 64.35577393 : Time 491.34s : 13174.30 words/s : L.r. 1.9215e-04
[2019-03-02 02:06:06] Ep. 28 : Up. 39500 : Sen. 562,169 : Cost 65.60530090 : Time 498.80s : 13157.28 words/s : L.r. 1.9093e-04
[2019-03-02 02:08:04] Seen 615313 samples
[2019-03-02 02:08:04] Starting epoch 29
[2019-03-02 02:08:04] [data] Shuffling data
[2019-03-02 02:08:05] [data] Done reading 620637 sentences
[2019-03-02 02:08:07] [data] Done shuffling 620637 sentences to temp files
[2019-03-02 02:14:52] Ep. 29 : Up. 40000 : Sen. 166,825 : Cost 63.94305420 : Time 525.69s : 12567.43 words/s : L.r. 1.8974e-04
[2019-03-02 02:14:52] Saving model weights and runtime parameters to model/model.src1tgt0.dual.notc.len100.npz.orig.npz
[2019-03-02 02:14:57] Saving model weights and runtime parameters to model/model.src1tgt0.dual.notc.len100.iter40000.npz
[2019-03-02 02:15:02] Saving model weights and runtime parameters to model/model.src1tgt0.dual.notc.len100.npz
[2019-03-02 02:15:08] Saving Adam parameters to model/model.src1tgt0.dual.notc.len100.npz.optimizer.npz
[2019-03-02 02:15:28] [valid] Ep. 29 : Up. 40000 : cross-entropy : 42.4495 : stalled 1 times (last best: 42.3751)
[2019-03-02 02:15:37] [valid] Ep. 29 : Up. 40000 : perplexity : 3.9404 : stalled 1 times (last best: 3.93095)
Detokenizer Version $Revision: 4134 $
Language: en
[2019-03-02 02:18:43] [valid] Ep. 29 : Up. 40000 : translation : 30.4 : stalled 1 times (last best: 30.4)
[2019-03-02 02:27:03] Ep. 29 : Up. 40500 : Sen. 381,137 : Cost 65.97447968 : Time 731.43s : 9025.66 words/s : L.r. 1.8856e-04
[2019-03-02 02:35:15] Ep. 29 : Up. 41000 : Sen. 600,516 : Cost 63.51883316 : Time 492.06s : 13194.51 words/s : L.r. 1.8741e-04
[2019-03-02 02:35:50] Seen 615313 samples
[2019-03-02 02:35:50] Starting epoch 30
[2019-03-02 02:35:50] [data] Shuffling data
[2019-03-02 02:35:50] [data] Done reading 620637 sentences
[2019-03-02 02:35:53] [data] Done shuffling 620637 sentences to temp files
[2019-03-02 02:44:08] Ep. 30 : Up. 41500 : Sen. 207,385 : Cost 63.96182251 : Time 532.53s : 12618.09 words/s : L.r. 1.8628e-04
[2019-03-02 02:52:25] Ep. 30 : Up. 42000 : Sen. 428,521 : Cost 62.81290817 : Time 497.16s : 13151.90 words/s : L.r. 1.8516e-04
[2019-03-02 02:59:45] Seen 615313 samples
[2019-03-02 02:59:45] Starting epoch 31
[2019-03-02 02:59:45] [data] Shuffling data
[2019-03-02 02:59:46] [data] Done reading 620637 sentences
[2019-03-02 02:59:48] [data] Done shuffling 620637 sentences to temp files
[2019-03-02 03:01:00] Ep. 31 : Up. 42500 : Sen. 22,005 : Cost 65.98947144 : Time 515.50s : 12505.98 words/s : L.r. 1.8407e-04
[2019-03-02 03:09:21] Ep. 31 : Up. 43000 : Sen. 238,377 : Cost 64.19440460 : Time 500.84s : 13161.67 words/s : L.r. 1.8300e-04
[2019-03-02 03:17:39] Ep. 31 : Up. 43500 : Sen. 455,601 : Cost 64.09173584 : Time 498.11s : 13217.09 words/s : L.r. 1.8194e-04
[2019-03-02 03:23:41] Seen 615313 samples
[2019-03-02 03:23:41] Starting epoch 32
[2019-03-02 03:23:41] [data] Shuffling data
[2019-03-02 03:23:41] [data] Done reading 620637 sentences
[2019-03-02 03:23:43] [data] Done shuffling 620637 sentences to temp files
[2019-03-02 03:26:22] Ep. 32 : Up. 44000 : Sen. 56,201 : Cost 65.09137726 : Time 522.38s : 12671.45 words/s : L.r. 1.8091e-04
[2019-03-02 03:34:46] Ep. 32 : Up. 44500 : Sen. 277,146 : Cost 63.65686417 : Time 504.66s : 13261.81 words/s : L.r. 1.7989e-04
[2019-03-02 03:43:05] Ep. 32 : Up. 45000 : Sen. 493,497 : Cost 64.40739441 : Time 498.59s : 13226.57 words/s : L.r. 1.7889e-04
[2019-03-02 03:43:05] Saving model weights and runtime parameters to model/model.src1tgt0.dual.notc.len100.npz.orig.npz
[2019-03-02 03:43:11] Saving model weights and runtime parameters to model/model.src1tgt0.dual.notc.len100.iter45000.npz
[2019-03-02 03:43:15] Saving model weights and runtime parameters to model/model.src1tgt0.dual.notc.len100.npz
[2019-03-02 03:43:21] Saving Adam parameters to model/model.src1tgt0.dual.notc.len100.npz.optimizer.npz
[2019-03-02 03:43:40] [valid] Ep. 32 : Up. 45000 : cross-entropy : 42.6909 : stalled 2 times (last best: 42.3751)
[2019-03-02 03:43:50] [valid] Ep. 32 : Up. 45000 : perplexity : 3.97125 : stalled 2 times (last best: 3.93095)
Detokenizer Version $Revision: 4134 $
Language: en
[2019-03-02 03:46:56] [valid] Ep. 32 : Up. 45000 : translation : 30.2 : stalled 2 times (last best: 30.4)
[2019-03-02 03:51:27] Seen 615313 samples
[2019-03-02 03:51:27] Starting epoch 33
[2019-03-02 03:51:27] [data] Shuffling data
[2019-03-02 03:51:27] [data] Done reading 620637 sentences
[2019-03-02 03:51:29] [data] Done shuffling 620637 sentences to temp files
[2019-03-02 03:55:26] Ep. 33 : Up. 45500 : Sen. 95,485 : Cost 60.58711243 : Time 741.38s : 8484.05 words/s : L.r. 1.7790e-04
[2019-03-02 04:03:45] Ep. 33 : Up. 46000 : Sen. 315,590 : Cost 62.67476273 : Time 498.83s : 13242.48 words/s : L.r. 1.7693e-04
[2019-03-02 04:12:06] Ep. 33 : Up. 46500 : Sen. 532,898 : Cost 63.93246841 : Time 500.38s : 13154.68 words/s : L.r. 1.7598e-04
[2019-03-02 04:15:22] Seen 615313 samples
[2019-03-02 04:15:22] Starting epoch 34
[2019-03-02 04:15:22] [data] Shuffling data
[2019-03-02 04:15:22] [data] Done reading 620637 sentences
[2019-03-02 04:15:24] [data] Done shuffling 620637 sentences to temp files
[2019-03-02 04:20:44] Ep. 34 : Up. 47000 : Sen. 132,494 : Cost 62.73433685 : Time 518.13s : 12490.68 words/s : L.r. 1.7504e-04
[2019-03-02 04:29:11] Ep. 34 : Up. 47500 : Sen. 348,138 : Cost 66.02696228 : Time 507.63s : 13394.99 words/s : L.r. 1.7411e-04
[2019-03-02 04:37:28] Ep. 34 : Up. 48000 : Sen. 566,005 : Cost 62.43094254 : Time 496.36s : 13079.28 words/s : L.r. 1.7321e-04
[2019-03-02 04:39:16] Seen 615313 samples
[2019-03-02 04:39:16] Starting epoch 35
[2019-03-02 04:39:16] [data] Shuffling data
[2019-03-02 04:39:17] [data] Done reading 620637 sentences
[2019-03-02 04:39:19] [data] Done shuffling 620637 sentences to temp files
[2019-03-02 04:46:06] Ep. 35 : Up. 48500 : Sen. 167,215 : Cost 61.80957031 : Time 518.68s : 12495.80 words/s : L.r. 1.7231e-04
[2019-03-02 04:54:33] Ep. 35 : Up. 49000 : Sen. 387,756 : Cost 63.35936356 : Time 506.53s : 13244.00 words/s : L.r. 1.7143e-04
[2019-03-02 05:02:48] Ep. 35 : Up. 49500 : Sen. 606,379 : Cost 62.71735764 : Time 495.29s : 13239.76 words/s : L.r. 1.7056e-04
[2019-03-02 05:03:11] Seen 615313 samples
[2019-03-02 05:03:11] Starting epoch 36
[2019-03-02 05:03:11] [data] Shuffling data
[2019-03-02 05:03:11] [data] Done reading 620637 sentences
[2019-03-02 05:03:14] [data] Done shuffling 620637 sentences to temp files
[2019-03-02 05:11:29] Ep. 36 : Up. 50000 : Sen. 206,276 : Cost 61.41438675 : Time 520.69s : 12339.97 words/s : L.r. 1.6971e-04
[2019-03-02 05:11:29] Saving model weights and runtime parameters to model/model.src1tgt0.dual.notc.len100.npz.orig.npz
[2019-03-02 05:11:34] Saving model weights and runtime parameters to model/model.src1tgt0.dual.notc.len100.iter50000.npz
[2019-03-02 05:11:39] Saving model weights and runtime parameters to model/model.src1tgt0.dual.notc.len100.npz
[2019-03-02 05:11:45] Saving Adam parameters to model/model.src1tgt0.dual.notc.len100.npz.optimizer.npz
[2019-03-02 05:12:04] [valid] Ep. 36 : Up. 50000 : cross-entropy : 43.0268 : stalled 3 times (last best: 42.3751)
[2019-03-02 05:12:14] [valid] Ep. 36 : Up. 50000 : perplexity : 4.01458 : stalled 3 times (last best: 3.93095)
Detokenizer Version $Revision: 4134 $
Language: en
[2019-03-02 05:15:18] [valid] Ep. 36 : Up. 50000 : translation : 30.2 : stalled 3 times (last best: 30.4)
[2019-03-02 05:23:33] Ep. 36 : Up. 50500 : Sen. 422,974 : Cost 63.10254669 : Time 724.16s : 9098.64 words/s : L.r. 1.6886e-04
[2019-03-02 05:30:54] Seen 615313 samples
[2019-03-02 05:30:54] Starting epoch 37
[2019-03-02 05:30:54] [data] Shuffling data
[2019-03-02 05:30:55] [data] Done reading 620637 sentences
[2019-03-02 05:30:57] [data] Done shuffling 620637 sentences to temp files
[2019-03-02 05:32:20] Ep. 37 : Up. 51000 : Sen. 24,470 : Cost 64.32283783 : Time 527.00s : 12737.42 words/s : L.r. 1.6803e-04
[2019-03-02 05:40:38] Ep. 37 : Up. 51500 : Sen. 239,297 : Cost 62.86093521 : Time 498.30s : 13216.51 words/s : L.r. 1.6722e-04
[2019-03-02 05:49:03] Ep. 37 : Up. 52000 : Sen. 462,093 : Cost 61.92047501 : Time 504.20s : 13199.63 words/s : L.r. 1.6641e-04
[2019-03-02 05:54:49] Seen 615313 samples
[2019-03-02 05:54:49] Starting epoch 38
[2019-03-02 05:54:49] [data] Shuffling data
[2019-03-02 05:54:50] [data] Done reading 620637 sentences
[2019-03-02 05:54:52] [data] Done shuffling 620637 sentences to temp files
[2019-03-02 05:57:36] Ep. 38 : Up. 52500 : Sen. 57,347 : Cost 62.78022766 : Time 513.02s : 12506.36 words/s : L.r. 1.6562e-04
[2019-03-02 06:05:45] Ep. 38 : Up. 53000 : Sen. 274,292 : Cost 60.14649963 : Time 489.37s : 13071.95 words/s : L.r. 1.6483e-04
[2019-03-02 06:14:14] Ep. 38 : Up. 53500 : Sen. 496,666 : Cost 62.58945465 : Time 509.33s : 13221.95 words/s : L.r. 1.6406e-04
[2019-03-02 06:18:45] Seen 615313 samples
[2019-03-02 06:18:45] Starting epoch 39
[2019-03-02 06:18:45] [data] Shuffling data
[2019-03-02 06:18:45] [data] Done reading 620637 sentences
[2019-03-02 06:18:47] [data] Done shuffling 620637 sentences to temp files
[2019-03-02 06:23:03] Ep. 39 : Up. 54000 : Sen. 98,157 : Cost 63.49514389 : Time 528.29s : 12662.76 words/s : L.r. 1.6330e-04
[2019-03-02 06:31:23] Ep. 39 : Up. 54500 : Sen. 321,193 : Cost 60.71072769 : Time 500.02s : 13280.53 words/s : L.r. 1.6255e-04
[2019-03-02 06:39:39] Ep. 39 : Up. 55000 : Sen. 535,163 : Cost 62.44648743 : Time 496.28s : 13077.47 words/s : L.r. 1.6181e-04
[2019-03-02 06:39:39] Saving model weights and runtime parameters to model/model.src1tgt0.dual.notc.len100.npz.orig.npz
[2019-03-02 06:39:45] Saving model weights and runtime parameters to model/model.src1tgt0.dual.notc.len100.iter55000.npz
[2019-03-02 06:39:49] Saving model weights and runtime parameters to model/model.src1tgt0.dual.notc.len100.npz
[2019-03-02 06:39:55] Saving Adam parameters to model/model.src1tgt0.dual.notc.len100.npz.optimizer.npz
[2019-03-02 06:40:15] [valid] Ep. 39 : Up. 55000 : cross-entropy : 43.4037 : stalled 4 times (last best: 42.3751)
[2019-03-02 06:40:24] [valid] Ep. 39 : Up. 55000 : perplexity : 4.06375 : stalled 4 times (last best: 3.93095)
Detokenizer Version $Revision: 4134 $
Language: en
[2019-03-02 06:43:30] [valid] Ep. 39 : Up. 55000 : translation : 30 : stalled 4 times (last best: 30.4)
[2019-03-02 06:46:31] Seen 615313 samples
[2019-03-02 06:46:31] Starting epoch 40
[2019-03-02 06:46:31] [data] Shuffling data
[2019-03-02 06:46:31] [data] Done reading 620637 sentences
[2019-03-02 06:46:33] [data] Done shuffling 620637 sentences to temp files
[2019-03-02 06:52:11] Ep. 40 : Up. 55500 : Sen. 133,856 : Cost 62.63299561 : Time 751.89s : 8740.55 words/s : L.r. 1.6108e-04
[2019-03-02 07:00:19] Ep. 40 : Up. 56000 : Sen. 342,936 : Cost 61.77625656 : Time 487.84s : 13020.78 words/s : L.r. 1.6036e-04
[2019-03-02 07:08:43] Ep. 40 : Up. 56500 : Sen. 569,769 : Cost 60.01147079 : Time 504.16s : 13174.26 words/s : L.r. 1.5965e-04
[2019-03-02 07:10:26] Seen 615313 samples
[2019-03-02 07:10:26] Starting epoch 41
[2019-03-02 07:10:26] [data] Shuffling data
[2019-03-02 07:10:26] [data] Done reading 620637 sentences
[2019-03-02 07:10:28] [data] Done shuffling 620637 sentences to temp files
[2019-03-02 07:17:25] Ep. 41 : Up. 57000 : Sen. 177,365 : Cost 59.75704956 : Time 522.26s : 12597.79 words/s : L.r. 1.5894e-04
[2019-03-02 07:25:43] Ep. 41 : Up. 57500 : Sen. 394,283 : Cost 61.32426453 : Time 498.16s : 13125.20 words/s : L.r. 1.5825e-04
[2019-03-02 07:34:06] Ep. 41 : Up. 58000 : Sen. 609,401 : Cost 63.84357452 : Time 502.91s : 13304.01 words/s : L.r. 1.5757e-04
[2019-03-02 07:34:21] Seen 615313 samples
[2019-03-02 07:34:21] Starting epoch 42
[2019-03-02 07:34:21] [data] Shuffling data
[2019-03-02 07:34:21] [data] Done reading 620637 sentences
[2019-03-02 07:34:24] [data] Done shuffling 620637 sentences to temp files
[2019-03-02 07:42:50] Ep. 42 : Up. 58500 : Sen. 208,087 : Cost 61.82403946 : Time 523.55s : 12569.10 words/s : L.r. 1.5689e-04
[2019-03-02 07:51:06] Ep. 42 : Up. 59000 : Sen. 424,763 : Cost 61.31483459 : Time 496.18s : 13180.85 words/s : L.r. 1.5623e-04
[2019-03-02 07:58:16] Seen 615313 samples
[2019-03-02 07:58:16] Starting epoch 43
[2019-03-02 07:58:16] [data] Shuffling data
[2019-03-02 07:58:17] [data] Done reading 620637 sentences
[2019-03-02 07:58:19] [data] Done shuffling 620637 sentences to temp files
[2019-03-02 07:59:55] Ep. 43 : Up. 59500 : Sen. 29,687 : Cost 62.00111771 : Time 529.00s : 12636.27 words/s : L.r. 1.5557e-04
[2019-03-02 08:08:05] Ep. 43 : Up. 60000 : Sen. 243,245 : Cost 59.54112625 : Time 490.19s : 12963.23 words/s : L.r. 1.5492e-04
[2019-03-02 08:08:05] Saving model weights and runtime parameters to model/model.src1tgt0.dual.notc.len100.npz.orig.npz
[2019-03-02 08:08:10] Saving model weights and runtime parameters to model/model.src1tgt0.dual.notc.len100.iter60000.npz
[2019-03-02 08:08:15] Saving model weights and runtime parameters to model/model.src1tgt0.dual.notc.len100.npz
[2019-03-02 08:08:20] Saving Adam parameters to model/model.src1tgt0.dual.notc.len100.npz.optimizer.npz
[2019-03-02 08:08:41] [valid] Ep. 43 : Up. 60000 : cross-entropy : 43.8229 : stalled 5 times (last best: 42.3751)
[2019-03-02 08:08:50] [valid] Ep. 43 : Up. 60000 : perplexity : 4.11915 : stalled 5 times (last best: 3.93095)
Detokenizer Version $Revision: 4134 $
Language: en
[2019-03-02 08:11:55] [valid] Ep. 43 : Up. 60000 : translation : 30 : stalled 5 times (last best: 30.4)
[2019-03-02 08:20:16] Ep. 43 : Up. 60500 : Sen. 464,539 : Cost 60.63240433 : Time 731.33s : 9042.51 words/s : L.r. 1.5428e-04
[2019-03-02 08:26:01] Seen 615313 samples
[2019-03-02 08:26:01] Starting epoch 44
[2019-03-02 08:26:01] [data] Shuffling data
[2019-03-02 08:26:02] [data] Done reading 620637 sentences
[2019-03-02 08:26:04] [data] Done shuffling 620637 sentences to temp files
[2019-03-02 08:29:04] Ep. 44 : Up. 61000 : Sen. 68,667 : Cost 62.40710831 : Time 527.05s : 12845.33 words/s : L.r. 1.5364e-04
[2019-03-02 08:37:22] Ep. 44 : Up. 61500 : Sen. 288,738 : Cost 59.85883331 : Time 498.43s : 13172.23 words/s : L.r. 1.5302e-04
[2019-03-02 08:45:39] Ep. 44 : Up. 62000 : Sen. 502,248 : Cost 61.88209915 : Time 496.84s : 13116.88 words/s : L.r. 1.5240e-04
[2019-03-02 08:49:57] Seen 615313 samples
[2019-03-02 08:49:57] Starting epoch 45
[2019-03-02 08:49:57] [data] Shuffling data
[2019-03-02 08:49:58] [data] Done reading 620637 sentences
[2019-03-02 08:50:00] [data] Done shuffling 620637 sentences to temp files
[2019-03-02 08:54:28] Ep. 45 : Up. 62500 : Sen. 103,246 : Cost 61.79934311 : Time 529.31s : 12544.21 words/s : L.r. 1.5179e-04
[2019-03-02 09:02:51] Ep. 45 : Up. 63000 : Sen. 321,048 : Cost 61.29500961 : Time 502.63s : 13252.51 words/s : L.r. 1.5119e-04
[2019-03-02 09:11:06] Ep. 45 : Up. 63500 : Sen. 541,617 : Cost 59.64102554 : Time 494.81s : 13171.96 words/s : L.r. 1.5059e-04
[2019-03-02 09:13:54] Seen 615313 samples
[2019-03-02 09:13:54] Starting epoch 46
[2019-03-02 09:13:54] [data] Shuffling data
[2019-03-02 09:13:54] [data] Done reading 620637 sentences
[2019-03-02 09:13:57] [data] Done shuffling 620637 sentences to temp files
[2019-03-02 09:19:49] Ep. 46 : Up. 64000 : Sen. 146,053 : Cost 59.45443726 : Time 523.75s : 12498.32 words/s : L.r. 1.5000e-04
[2019-03-02 09:28:00] Ep. 46 : Up. 64500 : Sen. 360,469 : Cost 59.82546234 : Time 490.85s : 13060.96 words/s : L.r. 1.4942e-04
[2019-03-02 09:36:21] Ep. 46 : Up. 65000 : Sen. 576,673 : Cost 61.75900650 : Time 500.37s : 13220.52 words/s : L.r. 1.4884e-04
[2019-03-02 09:36:21] Saving model weights and runtime parameters to model/model.src1tgt0.dual.notc.len100.npz.orig.npz
[2019-03-02 09:36:26] Saving model weights and runtime parameters to model/model.src1tgt0.dual.notc.len100.iter65000.npz
[2019-03-02 09:36:31] Saving model weights and runtime parameters to model/model.src1tgt0.dual.notc.len100.npz
[2019-03-02 09:36:36] Saving Adam parameters to model/model.src1tgt0.dual.notc.len100.npz.optimizer.npz
[2019-03-02 09:36:57] [valid] Ep. 46 : Up. 65000 : cross-entropy : 44.2255 : stalled 6 times (last best: 42.3751)
[2019-03-02 09:37:06] [valid] Ep. 46 : Up. 65000 : perplexity : 4.17308 : stalled 6 times (last best: 3.93095)
Detokenizer Version $Revision: 4134 $
Language: en
[2019-03-02 09:40:11] [valid] Ep. 46 : Up. 65000 : translation : 30 : stalled 6 times (last best: 30.4)
[2019-03-02 09:41:41] Seen 615313 samples
[2019-03-02 09:41:41] Starting epoch 47
[2019-03-02 09:41:41] [data] Shuffling data
[2019-03-02 09:41:42] [data] Done reading 620637 sentences
[2019-03-02 09:41:44] [data] Done shuffling 620637 sentences to temp files
[2019-03-02 09:48:55] Ep. 47 : Up. 65500 : Sen. 180,889 : Cost 59.39519119 : Time 754.04s : 8721.46 words/s : L.r. 1.4827e-04
[2019-03-02 09:57:19] Ep. 47 : Up. 66000 : Sen. 399,837 : Cost 61.16465378 : Time 504.10s : 13254.16 words/s : L.r. 1.4771e-04
[2019-03-02 10:05:31] Ep. 47 : Up. 66500 : Sen. 613,589 : Cost 60.93104935 : Time 492.65s : 13126.61 words/s : L.r. 1.4715e-04
[2019-03-02 10:05:36] Seen 615313 samples
[2019-03-02 10:05:36] Starting epoch 48
[2019-03-02 10:05:36] [data] Shuffling data
[2019-03-02 10:05:37] [data] Done reading 620637 sentences
[2019-03-02 10:05:39] [data] Done shuffling 620637 sentences to temp files
[2019-03-02 10:14:09] Ep. 48 : Up. 67000 : Sen. 215,379 : Cost 59.58520508 : Time 517.86s : 12630.05 words/s : L.r. 1.4660e-04
[2019-03-02 10:22:33] Ep. 48 : Up. 67500 : Sen. 434,548 : Cost 59.88792038 : Time 503.73s : 13051.44 words/s : L.r. 1.4606e-04
[2019-03-02 10:29:33] Seen 615313 samples
[2019-03-02 10:29:33] Starting epoch 49
[2019-03-02 10:29:33] [data] Shuffling data
[2019-03-02 10:29:33] [data] Done reading 620637 sentences
[2019-03-02 10:29:35] [data] Done shuffling 620637 sentences to temp files
[2019-03-02 10:31:19] Ep. 49 : Up. 68000 : Sen. 34,831 : Cost 61.59391785 : Time 525.74s : 12596.70 words/s : L.r. 1.4552e-04
[2019-03-02 10:39:29] Ep. 49 : Up. 68500 : Sen. 251,610 : Cost 57.78060150 : Time 490.38s : 12948.38 words/s : L.r. 1.4499e-04
[2019-03-02 10:48:00] Ep. 49 : Up. 69000 : Sen. 477,107 : Cost 60.55553436 : Time 511.43s : 13376.24 words/s : L.r. 1.4446e-04
[2019-03-02 10:53:29] Seen 615313 samples
[2019-03-02 10:53:29] Starting epoch 50
[2019-03-02 10:53:29] [data] Shuffling data
[2019-03-02 10:53:29] [data] Done reading 620637 sentences
[2019-03-02 10:53:32] [data] Done shuffling 620637 sentences to temp files
[2019-03-02 10:56:36] Ep. 50 : Up. 69500 : Sen. 73,404 : Cost 60.76725769 : Time 515.20s : 12560.80 words/s : L.r. 1.4394e-04
[2019-03-02 11:04:53] Ep. 50 : Up. 70000 : Sen. 287,644 : Cost 60.64832306 : Time 496.96s : 13201.21 words/s : L.r. 1.4343e-04
[2019-03-02 11:04:53] Saving model weights and runtime parameters to model/model.src1tgt0.dual.notc.len100.npz.orig.npz
[2019-03-02 11:04:58] Saving model weights and runtime parameters to model/model.src1tgt0.dual.notc.len100.iter70000.npz
[2019-03-02 11:05:02] Saving model weights and runtime parameters to model/model.src1tgt0.dual.notc.len100.npz
[2019-03-02 11:05:08] Saving Adam parameters to model/model.src1tgt0.dual.notc.len100.npz.optimizer.npz
[2019-03-02 11:05:28] [valid] Ep. 50 : Up. 70000 : cross-entropy : 44.643 : stalled 7 times (last best: 42.3751)
[2019-03-02 11:05:37] [valid] Ep. 50 : Up. 70000 : perplexity : 4.22974 : stalled 7 times (last best: 3.93095)
Detokenizer Version $Revision: 4134 $
Language: en
[2019-03-02 11:08:43] [valid] Ep. 50 : Up. 70000 : translation : 29.9 : stalled 7 times (last best: 30.4)
[2019-03-02 11:16:56] Ep. 50 : Up. 70500 : Sen. 501,963 : Cost 59.85674667 : Time 723.38s : 8925.55 words/s : L.r. 1.4292e-04
[2019-03-02 11:21:16] Seen 615313 samples
[2019-03-02 11:21:16] Starting epoch 51
[2019-03-02 11:21:16] [data] Shuffling data
[2019-03-02 11:21:16] [data] Done reading 620637 sentences
[2019-03-02 11:21:18] [data] Done shuffling 620637 sentences to temp files
[2019-03-02 11:25:54] Ep. 51 : Up. 71000 : Sen. 114,760 : Cost 59.99086380 : Time 538.04s : 12814.66 words/s : L.r. 1.4241e-04
[2019-03-02 11:34:07] Ep. 51 : Up. 71500 : Sen. 327,581 : Cost 59.98101807 : Time 493.37s : 13130.79 words/s : L.r. 1.4191e-04
[2019-03-02 11:42:25] Ep. 51 : Up. 72000 : Sen. 540,948 : Cost 60.30025864 : Time 497.93s : 12981.31 words/s : L.r. 1.4142e-04
[2019-03-02 11:45:14] Seen 615313 samples
[2019-03-02 11:45:14] Starting epoch 52
[2019-03-02 11:45:14] [data] Shuffling data
[2019-03-02 11:45:14] [data] Done reading 620637 sentences
[2019-03-02 11:45:16] [data] Done shuffling 620637 sentences to temp files
[2019-03-02 11:51:06] Ep. 52 : Up. 72500 : Sen. 142,262 : Cost 59.46406555 : Time 520.68s : 12610.07 words/s : L.r. 1.4093e-04
[2019-03-02 11:59:29] Ep. 52 : Up. 73000 : Sen. 359,508 : Cost 60.69181061 : Time 502.93s : 13258.13 words/s : L.r. 1.4045e-04
[2019-03-02 12:07:50] Ep. 52 : Up. 73500 : Sen. 582,477 : Cost 58.45640945 : Time 501.42s : 13096.23 words/s : L.r. 1.3997e-04
[2019-03-02 12:09:11] Seen 615313 samples
[2019-03-02 12:09:11] Starting epoch 53
[2019-03-02 12:09:11] [data] Shuffling data
[2019-03-02 12:09:11] [data] Done reading 620637 sentences
[2019-03-02 12:09:13] [data] Done shuffling 620637 sentences to temp files
[2019-03-02 12:16:34] Ep. 53 : Up. 74000 : Sen. 185,051 : Cost 58.49189377 : Time 523.63s : 12426.91 words/s : L.r. 1.3950e-04
[2019-03-02 12:24:55] Ep. 53 : Up. 74500 : Sen. 394,794 : Cost 62.56917572 : Time 500.69s : 13237.11 words/s : L.r. 1.3903e-04
[2019-03-02 12:33:08] Seen 615313 samples
[2019-03-02 12:33:08] Starting epoch 54
[2019-03-02 12:33:08] [data] Shuffling data
[2019-03-02 12:33:08] [data] Done reading 620637 sentences
[2019-03-02 12:33:11] [data] Done shuffling 620637 sentences to temp files
[2019-03-02 12:33:38] Ep. 54 : Up. 75000 : Sen. 1,648 : Cost 58.38644409 : Time 523.43s : 12533.04 words/s : L.r. 1.3856e-04
[2019-03-02 12:33:38] Saving model weights and runtime parameters to model/model.src1tgt0.dual.notc.len100.npz.orig.npz
[2019-03-02 12:33:44] Saving model weights and runtime parameters to model/model.src1tgt0.dual.notc.len100.iter75000.npz
[2019-03-02 12:33:48] Saving model weights and runtime parameters to model/model.src1tgt0.dual.notc.len100.npz
[2019-03-02 12:33:54] Saving Adam parameters to model/model.src1tgt0.dual.notc.len100.npz.optimizer.npz
[2019-03-02 12:34:14] [valid] Ep. 54 : Up. 75000 : cross-entropy : 45.0103 : stalled 8 times (last best: 42.3751)
[2019-03-02 12:34:23] [valid] Ep. 54 : Up. 75000 : perplexity : 4.28023 : stalled 8 times (last best: 3.93095)
Detokenizer Version $Revision: 4134 $
Language: en
[2019-03-02 12:37:28] [valid] Ep. 54 : Up. 75000 : translation : 29.8 : stalled 8 times (last best: 30.4)
[2019-03-02 12:45:41] Ep. 54 : Up. 75500 : Sen. 216,269 : Cost 58.27383041 : Time 722.87s : 8889.07 words/s : L.r. 1.3810e-04
[2019-03-02 12:54:09] Ep. 54 : Up. 76000 : Sen. 437,236 : Cost 59.94277573 : Time 508.40s : 13200.60 words/s : L.r. 1.3765e-04
[2019-03-02 13:00:56] Seen 615313 samples
[2019-03-02 13:00:56] Starting epoch 55
[2019-03-02 13:00:56] [data] Shuffling data
[2019-03-02 13:00:57] [data] Done reading 620637 sentences
[2019-03-02 13:00:59] [data] Done shuffling 620637 sentences to temp files
[2019-03-02 13:02:57] Ep. 55 : Up. 76500 : Sen. 43,343 : Cost 60.00117111 : Time 527.87s : 12758.20 words/s : L.r. 1.3720e-04
[2019-03-02 13:11:12] Ep. 55 : Up. 77000 : Sen. 261,745 : Cost 57.43830490 : Time 494.40s : 13034.05 words/s : L.r. 1.3675e-04
[2019-03-02 13:19:30] Ep. 55 : Up. 77500 : Sen. 476,801 : Cost 59.85983276 : Time 497.85s : 13162.20 words/s : L.r. 1.3631e-04
[2019-03-02 13:24:54] Seen 615313 samples
[2019-03-02 13:24:54] Starting epoch 56
[2019-03-02 13:24:54] [data] Shuffling data
[2019-03-02 13:24:54] [data] Done reading 620637 sentences
[2019-03-02 13:24:57] [data] Done shuffling 620637 sentences to temp files
[2019-03-02 13:28:05] Ep. 56 : Up. 78000 : Sen. 77,575 : Cost 58.41087723 : Time 515.61s : 12499.33 words/s : L.r. 1.3587e-04
[2019-03-02 13:36:21] Ep. 56 : Up. 78500 : Sen. 294,039 : Cost 58.69632339 : Time 495.88s : 13147.86 words/s : L.r. 1.3544e-04
[2019-03-02 13:44:46] Ep. 56 : Up. 79000 : Sen. 509,133 : Cost 60.61787415 : Time 504.86s : 13131.60 words/s : L.r. 1.3501e-04
[2019-03-02 13:48:52] Seen 615313 samples
[2019-03-02 13:48:52] Starting epoch 57
[2019-03-02 13:48:52] [data] Shuffling data
[2019-03-02 13:48:52] [data] Done reading 620637 sentences
[2019-03-02 13:48:54] [data] Done shuffling 620637 sentences to temp files
[2019-03-02 13:53:42] Ep. 57 : Up. 79500 : Sen. 116,624 : Cost 59.97133636 : Time 535.80s : 12705.11 words/s : L.r. 1.3459e-04
[2019-03-02 14:01:55] Ep. 57 : Up. 80000 : Sen. 332,574 : Cost 57.80901718 : Time 493.54s : 13025.03 words/s : L.r. 1.3416e-04
[2019-03-02 14:01:55] Saving model weights and runtime parameters to model/model.src1tgt0.dual.notc.len100.npz.orig.npz
[2019-03-02 14:02:00] Saving model weights and runtime parameters to model/model.src1tgt0.dual.notc.len100.iter80000.npz
[2019-03-02 14:02:05] Saving model weights and runtime parameters to model/model.src1tgt0.dual.notc.len100.npz
[2019-03-02 14:02:11] Saving Adam parameters to model/model.src1tgt0.dual.notc.len100.npz.optimizer.npz
[2019-03-02 14:02:31] [valid] Ep. 57 : Up. 80000 : cross-entropy : 45.4254 : stalled 9 times (last best: 42.3751)
[2019-03-02 14:02:40] [valid] Ep. 57 : Up. 80000 : perplexity : 4.338 : stalled 9 times (last best: 3.93095)
Detokenizer Version $Revision: 4134 $
Language: en
[2019-03-02 14:05:46] [valid] Ep. 57 : Up. 80000 : translation : 29.7 : stalled 9 times (last best: 30.4)
[2019-03-02 14:14:12] Ep. 57 : Up. 80500 : Sen. 550,831 : Cost 60.25880432 : Time 736.60s : 9087.98 words/s : L.r. 1.3375e-04
[2019-03-02 14:16:41] Seen 615313 samples
[2019-03-02 14:16:41] Starting epoch 58
[2019-03-02 14:16:41] [data] Shuffling data
[2019-03-02 14:16:41] [data] Done reading 620637 sentences
[2019-03-02 14:16:43] [data] Done shuffling 620637 sentences to temp files
[2019-03-02 14:22:52] Ep. 58 : Up. 81000 : Sen. 155,295 : Cost 57.74370575 : Time 520.51s : 12565.62 words/s : L.r. 1.3333e-04
[2019-03-02 14:31:05] Ep. 58 : Up. 81500 : Sen. 367,715 : Cost 59.03445816 : Time 492.43s : 13065.46 words/s : L.r. 1.3292e-04
[2019-03-02 14:39:30] Ep. 58 : Up. 82000 : Sen. 584,242 : Cost 60.69539261 : Time 505.47s : 13249.68 words/s : L.r. 1.3252e-04
[2019-03-02 14:40:39] Seen 615313 samples
[2019-03-02 14:40:39] Starting epoch 59
[2019-03-02 14:40:39] [data] Shuffling data
[2019-03-02 14:40:39] [data] Done reading 620637 sentences
[2019-03-02 14:40:41] [data] Done shuffling 620637 sentences to temp files
[2019-03-02 14:48:11] Ep. 59 : Up. 82500 : Sen. 189,620 : Cost 56.83314133 : Time 520.35s : 12523.49 words/s : L.r. 1.3212e-04
[2019-03-02 14:56:25] Ep. 59 : Up. 83000 : Sen. 408,484 : Cost 57.32566452 : Time 494.13s : 13070.81 words/s : L.r. 1.3172e-04
[2019-03-02 15:04:38] Seen 615313 samples
[2019-03-02 15:04:38] Starting epoch 60
[2019-03-02 15:04:38] [data] Shuffling data
[2019-03-02 15:04:38] [data] Done reading 620637 sentences
[2019-03-02 15:04:40] [data] Done shuffling 620637 sentences to temp files
[2019-03-02 15:05:17] Ep. 60 : Up. 83500 : Sen. 8,241 : Cost 61.39216614 : Time 532.54s : 12598.12 words/s : L.r. 1.3132e-04
[2019-03-02 15:13:38] Ep. 60 : Up. 84000 : Sen. 232,417 : Cost 56.73253632 : Time 501.13s : 13173.83 words/s : L.r. 1.3093e-04
[2019-03-02 15:21:58] Ep. 60 : Up. 84500 : Sen. 441,904 : Cost 60.77246475 : Time 500.02s : 13072.71 words/s : L.r. 1.3054e-04
[2019-03-02 15:28:36] Seen 615313 samples
[2019-03-02 15:28:36] Starting epoch 61
[2019-03-02 15:28:36] [data] Shuffling data
[2019-03-02 15:28:37] [data] Done reading 620637 sentences
[2019-03-02 15:28:39] [data] Done shuffling 620637 sentences to temp files
[2019-03-02 15:30:38] Ep. 61 : Up. 85000 : Sen. 42,354 : Cost 59.02270126 : Time 519.62s : 12611.47 words/s : L.r. 1.3016e-04
[2019-03-02 15:30:38] Saving model weights and runtime parameters to model/model.src1tgt0.dual.notc.len100.npz.orig.npz
[2019-03-02 15:30:43] Saving model weights and runtime parameters to model/model.src1tgt0.dual.notc.len100.iter85000.npz
[2019-03-02 15:30:48] Saving model weights and runtime parameters to model/model.src1tgt0.dual.notc.len100.npz
[2019-03-02 15:30:53] Saving Adam parameters to model/model.src1tgt0.dual.notc.len100.npz.optimizer.npz
[2019-03-02 15:31:14] [valid] Ep. 61 : Up. 85000 : cross-entropy : 45.7979 : stalled 10 times (last best: 42.3751)
[2019-03-02 15:31:23] [valid] Ep. 61 : Up. 85000 : perplexity : 4.39052 : stalled 10 times (last best: 3.93095)
Detokenizer Version $Revision: 4134 $
Language: en
[2019-03-02 15:34:28] [valid] Ep. 61 : Up. 85000 : translation : 29.7 : stalled 10 times (last best: 30.4)
[2019-03-02 15:34:29] Training finished
[2019-03-02 15:34:30] Saving model weights and runtime parameters to model/model.src1tgt0.dual.notc.len100.npz.orig.npz
[2019-03-02 15:34:35] Saving model weights and runtime parameters to model/model.src1tgt0.dual.notc.len100.npz
[2019-03-02 15:34:41] Saving Adam parameters to model/model.src1tgt0.dual.notc.len100.npz.optimizer.npz
