[2019-04-01 16:40:31] [marian] Marian v1.7.8 9d33e2b 2019-04-01 16:28:30 +0200
[2019-04-01 16:40:31] [marian] Running on pcknot4 as process 9920 with command line:
[2019-04-01 16:40:31] [marian] /mnt/minerva1/nlp/projects/nmt/doc-marian/build/marian --model model/model.src1tgt0.doc_voita.npz --type transformer-voita --train-sets corp/europarl.cs-en.docs.train.en.bpe.src_prev corp/europarl.cs-en.docs.train.en.bpe.src corp/europarl.cs-en.docs.train.cz.bpe --max-length 160 --dim-vocabs 30000 30000 --vocabs corp/vocab.encz.opensub.new.yml corp/vocab.encz.opensub.new.yml corp/vocab.encz.opensub.new.yml --mini-batch-fit -w 7800 --mini-batch 1000 --maxi-batch 1000 --early-stopping 10 --valid-freq 5000 --save-freq 1000 --disp-freq 1000 --valid-metrics cross-entropy perplexity translation --valid-sets corp/europarl.cs-en.docs.dev.en.bpe.src_prev corp/europarl.cs-en.docs.dev.en.bpe.src corp/europarl.cs-en.docs.dev.cz.bpe --valid-script-path ./val.sh --valid-translation-output data/valid.bpe.en.output --quiet-translation --valid-mini-batch 16 --keep-best --beam-size 6 --normalize 0.6 --log model/train_trans.gate.log --valid-log model/valid_trans.gate.log --enc-depth 6 --dec-depth 6 --transformer-heads 8 --transformer-postprocess-emb d --transformer-postprocess dan --transformer-dropout 0.1 --label-smoothing 0.1 --learn-rate 0.0001 --lr-warmup 16000 --lr-decay-inv-sqrt 16000 --lr-report --optimizer-params 0.9 0.98 1e-09 --clip-norm 5 --tied-embeddings-all --optimizer-delay 4 --devices 0 --no-nccl --sync-sgd --seed 1111 --exponential-smoothing --no-restore-corpus
[2019-04-01 16:40:31] [config] after-batches: 0
[2019-04-01 16:40:31] [config] after-epochs: 0
[2019-04-01 16:40:31] [config] allow-unk: false
[2019-04-01 16:40:31] [config] beam-size: 6
[2019-04-01 16:40:31] [config] bert-class-symbol: "[CLS]"
[2019-04-01 16:40:31] [config] bert-mask-symbol: "[MASK]"
[2019-04-01 16:40:31] [config] bert-masking-fraction: 0.15
[2019-04-01 16:40:31] [config] bert-sep-symbol: "[SEP]"
[2019-04-01 16:40:31] [config] bert-train-type-embeddings: true
[2019-04-01 16:40:31] [config] bert-type-vocab-size: 2
[2019-04-01 16:40:31] [config] best-deep: false
[2019-04-01 16:40:31] [config] clip-gemm: 0
[2019-04-01 16:40:31] [config] clip-norm: 5
[2019-04-01 16:40:31] [config] context-enc-depth: 1
[2019-04-01 16:40:31] [config] cost-type: ce-mean
[2019-04-01 16:40:31] [config] cpu-threads: 0
[2019-04-01 16:40:31] [config] data-weighting: ""
[2019-04-01 16:40:31] [config] data-weighting-type: sentence
[2019-04-01 16:40:31] [config] dec-cell: gru
[2019-04-01 16:40:31] [config] dec-cell-base-depth: 2
[2019-04-01 16:40:31] [config] dec-cell-high-depth: 1
[2019-04-01 16:40:31] [config] dec-depth: 6
[2019-04-01 16:40:31] [config] devices:
[2019-04-01 16:40:31] [config]   - 0
[2019-04-01 16:40:31] [config] dim-emb: 512
[2019-04-01 16:40:31] [config] dim-rnn: 1024
[2019-04-01 16:40:31] [config] dim-vocabs:
[2019-04-01 16:40:31] [config]   - 30000
[2019-04-01 16:40:31] [config]   - 30000
[2019-04-01 16:40:31] [config] disp-first: 0
[2019-04-01 16:40:31] [config] disp-freq: 1000
[2019-04-01 16:40:31] [config] disp-label-counts: false
[2019-04-01 16:40:31] [config] dropout-rnn: 0
[2019-04-01 16:40:31] [config] dropout-src: 0
[2019-04-01 16:40:31] [config] dropout-trg: 0
[2019-04-01 16:40:31] [config] dump-config: ""
[2019-04-01 16:40:31] [config] early-stopping: 10
[2019-04-01 16:40:31] [config] embedding-fix-src: false
[2019-04-01 16:40:31] [config] embedding-fix-trg: false
[2019-04-01 16:40:31] [config] embedding-normalization: false
[2019-04-01 16:40:31] [config] embedding-vectors:
[2019-04-01 16:40:31] [config]   []
[2019-04-01 16:40:31] [config] enc-cell: gru
[2019-04-01 16:40:31] [config] enc-cell-depth: 1
[2019-04-01 16:40:31] [config] enc-depth: 6
[2019-04-01 16:40:31] [config] enc-type: bidirectional
[2019-04-01 16:40:31] [config] exponential-smoothing: 0.0001
[2019-04-01 16:40:31] [config] freeze: false
[2019-04-01 16:40:31] [config] grad-dropping-momentum: 0
[2019-04-01 16:40:31] [config] grad-dropping-rate: 0
[2019-04-01 16:40:31] [config] grad-dropping-warmup: 100
[2019-04-01 16:40:31] [config] guided-alignment: none
[2019-04-01 16:40:31] [config] guided-alignment-cost: mse
[2019-04-01 16:40:31] [config] guided-alignment-weight: 0.1
[2019-04-01 16:40:31] [config] hier-att: false
[2019-04-01 16:40:31] [config] ignore-model-config: false
[2019-04-01 16:40:31] [config] input-types:
[2019-04-01 16:40:31] [config]   []
[2019-04-01 16:40:31] [config] interpolate-env-vars: false
[2019-04-01 16:40:31] [config] keep-best: true
[2019-04-01 16:40:31] [config] label-smoothing: 0.1
[2019-04-01 16:40:31] [config] layer-normalization: false
[2019-04-01 16:40:31] [config] learn-rate: 0.0001
[2019-04-01 16:40:31] [config] log: model/train_trans.gate.log
[2019-04-01 16:40:31] [config] log-level: info
[2019-04-01 16:40:31] [config] log-time-zone: ""
[2019-04-01 16:40:31] [config] lr-decay: 0
[2019-04-01 16:40:31] [config] lr-decay-freq: 50000
[2019-04-01 16:40:31] [config] lr-decay-inv-sqrt:
[2019-04-01 16:40:31] [config]   - 16000
[2019-04-01 16:40:31] [config] lr-decay-repeat-warmup: false
[2019-04-01 16:40:31] [config] lr-decay-reset-optimizer: false
[2019-04-01 16:40:31] [config] lr-decay-start:
[2019-04-01 16:40:31] [config]   - 10
[2019-04-01 16:40:31] [config]   - 1
[2019-04-01 16:40:31] [config] lr-decay-strategy: epoch+stalled
[2019-04-01 16:40:31] [config] lr-report: true
[2019-04-01 16:40:31] [config] lr-warmup: 16000
[2019-04-01 16:40:31] [config] lr-warmup-at-reload: false
[2019-04-01 16:40:31] [config] lr-warmup-cycle: false
[2019-04-01 16:40:31] [config] lr-warmup-start-rate: 0
[2019-04-01 16:40:31] [config] max-length: 160
[2019-04-01 16:40:31] [config] max-length-crop: false
[2019-04-01 16:40:31] [config] max-length-factor: 3
[2019-04-01 16:40:31] [config] maxi-batch: 1000
[2019-04-01 16:40:31] [config] maxi-batch-sort: trg
[2019-04-01 16:40:31] [config] mini-batch: 1000
[2019-04-01 16:40:31] [config] mini-batch-fit: true
[2019-04-01 16:40:31] [config] mini-batch-fit-step: 10
[2019-04-01 16:40:31] [config] mini-batch-overstuff: 1
[2019-04-01 16:40:31] [config] mini-batch-track-lr: false
[2019-04-01 16:40:31] [config] mini-batch-understuff: 1
[2019-04-01 16:40:31] [config] mini-batch-warmup: 0
[2019-04-01 16:40:31] [config] mini-batch-words: 0
[2019-04-01 16:40:31] [config] mini-batch-words-ref: 0
[2019-04-01 16:40:31] [config] model: model/model.src1tgt0.doc_voita.npz
[2019-04-01 16:40:31] [config] multi-loss-type: sum
[2019-04-01 16:40:31] [config] multi-node: false
[2019-04-01 16:40:31] [config] multi-node-overlap: true
[2019-04-01 16:40:31] [config] n-best: false
[2019-04-01 16:40:31] [config] no-nccl: true
[2019-04-01 16:40:31] [config] no-reload: false
[2019-04-01 16:40:31] [config] no-restore-corpus: true
[2019-04-01 16:40:31] [config] no-shuffle: false
[2019-04-01 16:40:31] [config] normalize: 0.6
[2019-04-01 16:40:31] [config] num-devices: 0
[2019-04-01 16:40:31] [config] optimizer: adam
[2019-04-01 16:40:31] [config] optimizer-delay: 4
[2019-04-01 16:40:31] [config] optimizer-params:
[2019-04-01 16:40:31] [config]   - 0.9
[2019-04-01 16:40:31] [config]   - 0.98
[2019-04-01 16:40:31] [config]   - 1e-09
[2019-04-01 16:40:31] [config] overwrite: false
[2019-04-01 16:40:31] [config] pretrained-model: ""
[2019-04-01 16:40:31] [config] quiet: false
[2019-04-01 16:40:31] [config] quiet-translation: true
[2019-04-01 16:40:31] [config] relative-paths: false
[2019-04-01 16:40:31] [config] right-left: false
[2019-04-01 16:40:31] [config] save-freq: 1000
[2019-04-01 16:40:31] [config] seed: 1111
[2019-04-01 16:40:31] [config] shuffle-in-ram: false
[2019-04-01 16:40:31] [config] skip: false
[2019-04-01 16:40:31] [config] sqlite: ""
[2019-04-01 16:40:31] [config] sqlite-drop: false
[2019-04-01 16:40:31] [config] sync-sgd: true
[2019-04-01 16:40:31] [config] tempdir: /tmp
[2019-04-01 16:40:31] [config] tied-embeddings: false
[2019-04-01 16:40:31] [config] tied-embeddings-all: true
[2019-04-01 16:40:31] [config] tied-embeddings-src: false
[2019-04-01 16:40:31] [config] train-sets:
[2019-04-01 16:40:31] [config]   - corp/europarl.cs-en.docs.train.en.bpe.src_prev
[2019-04-01 16:40:31] [config]   - corp/europarl.cs-en.docs.train.en.bpe.src
[2019-04-01 16:40:31] [config]   - corp/europarl.cs-en.docs.train.cz.bpe
[2019-04-01 16:40:31] [config] transformer-aan-activation: swish
[2019-04-01 16:40:31] [config] transformer-aan-depth: 2
[2019-04-01 16:40:31] [config] transformer-aan-nogate: false
[2019-04-01 16:40:31] [config] transformer-decoder-autoreg: self-attention
[2019-04-01 16:40:31] [config] transformer-dim-aan: 2048
[2019-04-01 16:40:31] [config] transformer-dim-ffn: 2048
[2019-04-01 16:40:31] [config] transformer-dropout: 0.1
[2019-04-01 16:40:31] [config] transformer-dropout-attention: 0
[2019-04-01 16:40:31] [config] transformer-dropout-ffn: 0
[2019-04-01 16:40:31] [config] transformer-ffn-activation: swish
[2019-04-01 16:40:31] [config] transformer-ffn-depth: 2
[2019-04-01 16:40:31] [config] transformer-guided-alignment-layer: last
[2019-04-01 16:40:31] [config] transformer-heads: 8
[2019-04-01 16:40:31] [config] transformer-no-projection: false
[2019-04-01 16:40:31] [config] transformer-postprocess: dan
[2019-04-01 16:40:31] [config] transformer-postprocess-emb: d
[2019-04-01 16:40:31] [config] transformer-preprocess: ""
[2019-04-01 16:40:31] [config] transformer-tied-layers:
[2019-04-01 16:40:31] [config]   []
[2019-04-01 16:40:31] [config] transformer-train-position-embeddings: false
[2019-04-01 16:40:31] [config] type: transformer-voita
[2019-04-01 16:40:31] [config] ulr: false
[2019-04-01 16:40:31] [config] ulr-dim-emb: 0
[2019-04-01 16:40:31] [config] ulr-dropout: 0
[2019-04-01 16:40:31] [config] ulr-keys-vectors: ""
[2019-04-01 16:40:31] [config] ulr-query-vectors: ""
[2019-04-01 16:40:31] [config] ulr-softmax-temperature: 1
[2019-04-01 16:40:31] [config] ulr-trainable-transformation: false
[2019-04-01 16:40:31] [config] valid-freq: 5000
[2019-04-01 16:40:31] [config] valid-log: model/valid_trans.gate.log
[2019-04-01 16:40:31] [config] valid-max-length: 1000
[2019-04-01 16:40:31] [config] valid-metrics:
[2019-04-01 16:40:31] [config]   - cross-entropy
[2019-04-01 16:40:31] [config]   - perplexity
[2019-04-01 16:40:31] [config]   - translation
[2019-04-01 16:40:31] [config] valid-mini-batch: 16
[2019-04-01 16:40:31] [config] valid-script-path: ./val.sh
[2019-04-01 16:40:31] [config] valid-sets:
[2019-04-01 16:40:31] [config]   - corp/europarl.cs-en.docs.dev.en.bpe.src_prev
[2019-04-01 16:40:31] [config]   - corp/europarl.cs-en.docs.dev.en.bpe.src
[2019-04-01 16:40:31] [config]   - corp/europarl.cs-en.docs.dev.cz.bpe
[2019-04-01 16:40:31] [config] valid-translation-output: data/valid.bpe.en.output
[2019-04-01 16:40:31] [config] vocabs:
[2019-04-01 16:40:31] [config]   - corp/vocab.encz.opensub.new.yml
[2019-04-01 16:40:31] [config]   - corp/vocab.encz.opensub.new.yml
[2019-04-01 16:40:31] [config]   - corp/vocab.encz.opensub.new.yml
[2019-04-01 16:40:31] [config] word-penalty: 0
[2019-04-01 16:40:31] [config] workspace: 7800
[2019-04-01 16:40:31] [config] Model is being created with Marian v1.7.8 9d33e2b 2019-04-01 16:28:30 +0200
[2019-04-01 16:40:31] Using synchronous training
[2019-04-01 16:40:31] [data] Loading vocabulary from JSON/Yaml file corp/vocab.encz.opensub.new.yml
[2019-04-01 16:40:31] [data] Setting vocabulary size for input 0 to 30000
[2019-04-01 16:40:31] [data] Loading vocabulary from JSON/Yaml file corp/vocab.encz.opensub.new.yml
[2019-04-01 16:40:31] [data] Setting vocabulary size for input 1 to 30000
[2019-04-01 16:40:31] [data] Loading vocabulary from JSON/Yaml file corp/vocab.encz.opensub.new.yml
[2019-04-01 16:40:32] [data] Setting vocabulary size for input 2 to 30000
[2019-04-01 16:40:32] Compiled without MPI support. Falling back to FakeMPIWrapper
[2019-04-01 16:40:32] [batching] Collecting statistics for batch fitting with step size 10
[2019-04-01 16:40:32] [memory] Extending reserved space to 7808 MB (device gpu0)
[2019-04-01 16:40:34] [comm] NCCL communicator overridden
[2019-04-01 16:40:34] [training] Using 1 GPUs
[2019-04-01 16:40:34] [memory] Reserving 251 MB, device gpu0
[2019-04-01 16:40:34] [gpu] 16-bit TensorCores enabled for float32 matrix operations
[2019-04-01 16:40:34] [memory] Reserving 251 MB, device gpu0
[2019-04-01 16:40:43] [batching] Done. Typical MB size is 13837 target words
[2019-04-01 16:40:43] [memory] Extending reserved space to 7808 MB (device gpu0)
[2019-04-01 16:40:43] [comm] NCCL communicator overridden
[2019-04-01 16:40:43] [training] Using 1 GPUs
[2019-04-01 16:40:43] Training started
[2019-04-01 16:40:43] [data] Shuffling data
[2019-04-01 16:40:43] [data] Done reading 620637 sentences
[2019-04-01 16:40:46] [data] Done shuffling 620637 sentences to temp files
[2019-04-01 16:41:08] [training] Batches are processed as 1 process(es) x 1 devices/process
[2019-04-01 16:41:08] Error: Shapes shape=43x8x57x57 size=1117656 and shape=43x1x1x64 size=2752 cannot be broadcasted
[2019-04-01 16:41:08] Error: Aborted from static marian::Shape marian::Shape::broadcast(const std::vector<T>&) [with T = std::shared_ptr<marian::Chainable<std::shared_ptr<marian::TensorBase> > >] in /mnt/minerva1/nlp/projects/nmt/doc-marian/src/common/shape.h:219

[CALL STACK]
[0x55b4b5bd1c44]                                                       + 0x2b7c44
[0x55b4b5bd28b2]                                                       + 0x2b88b2
[0x55b4b5bd2b9a]                                                       + 0x2b8b9a
[0x55b4b5b469cd]                                                       + 0x22c9cd
[0x55b4b5c5cf0d]                                                       + 0x342f0d
[0x55b4b5c795fe]                                                       + 0x35f5fe
[0x55b4b5c913c7]                                                       + 0x3773c7
[0x55b4b5c94201]                                                       + 0x37a201
[0x55b4b5c2b1f8]                                                       + 0x3111f8
[0x55b4b5cbf8a5]                                                       + 0x3a58a5
[0x55b4b5cbde9a]                                                       + 0x3a3e9a
[0x55b4b5cb466f]                                                       + 0x39a66f
[0x55b4b5c1c98b]                                                       + 0x30298b
[0x55b4b5d09ca6]                                                       + 0x3efca6
[0x55b4b5d6afc0]                                                       + 0x450fc0
[0x55b4b5d09433]                                                       + 0x3ef433
[0x55b4b5d1007d]                                                       + 0x3f607d
[0x55b4b5d11b10]                                                       + 0x3f7b10
[0x55b4b5a6df09]                                                       + 0x153f09
[0x55b4b599d102]                                                       + 0x83102
[0x55b4b597a895]                                                       + 0x60895
[0x7f5319afeb97]    __libc_start_main                                  + 0xe7
[0x55b4b599b7aa]                                                       + 0x817aa

train_doc_voita.sh: řádek 29:  9920 Neúspěšně ukončen (SIGABRT)        (core dumped [obraz paměti uložen]) $marian_home/marian --model model/model.src1tgt0.doc_voita.npz --type transformer-voita --train-sets corp/europarl.cs-en.docs.train.en.bpe.src_prev corp/europarl.cs-en.docs.train.en.bpe.src corp/europarl.cs-en.docs.train.cz.bpe --max-length 160 --dim-vocabs 30000 30000 --vocabs corp/vocab.encz.opensub.new.yml corp/vocab.encz.opensub.new.yml corp/vocab.encz.opensub.new.yml --mini-batch-fit -w 7800 --mini-batch 1000 --maxi-batch 1000 --early-stopping 10 --valid-freq 5000 --save-freq 1000 --disp-freq 1000 --valid-metrics cross-entropy perplexity translation --valid-sets corp/europarl.cs-en.docs.dev.en.bpe.src_prev corp/europarl.cs-en.docs.dev.en.bpe.src corp/europarl.cs-en.docs.dev.cz.bpe --valid-script-path ./val.sh --valid-translation-output data/valid.bpe.en.output --quiet-translation --valid-mini-batch 16 --keep-best --beam-size 6 --normalize 0.6 --log model/train_trans.gate.log --valid-log model/valid_trans.gate.log --enc-depth 6 --dec-depth 6 --transformer-heads 8 --transformer-postprocess-emb d --transformer-postprocess dan --transformer-dropout 0.1 --label-smoothing 0.1 --learn-rate 0.0001 --lr-warmup 16000 --lr-decay-inv-sqrt 16000 --lr-report --optimizer-params 0.9 0.98 1e-09 --clip-norm 5 --tied-embeddings-all --optimizer-delay 4 --devices 0 --no-nccl --sync-sgd --seed 1111 --exponential-smoothing --no-restore-corpus
