[2019-03-29 00:05:59] [marian] Marian v1.7.8 3c5b881 2019-03-28 16:08:24 +0100
[2019-03-29 00:05:59] [marian] Running on pcknot5 as process 30411 with command line:
[2019-03-29 00:05:59] [marian] /mnt/minerva1/nlp/projects/nmt/doc-marian/build/marian --model model/model.src1tgt0.docnew.enc_depth.pretrained.notfrozen.npz --pretrained-model ../src0tgt0/model/model.src0tgt0_to_tgt0.newbase.160.npz.best-perplexity.npz --type transformer-context --train-sets corp/europarl.cs-en.docs.train.en.bpe.src_prev corp/europarl.cs-en.docs.train.en.bpe.src corp/europarl.cs-en.docs.train.cz.bpe --max-length 55 --dim-vocabs 30000 30000 --vocabs corp/vocab.encz.opensub.new.yml corp/vocab.encz.opensub.new.yml corp/vocab.encz.opensub.new.yml --mini-batch-fit -w 8000 --mini-batch 1000 --maxi-batch 1000 --early-stopping 10 --valid-freq 5000 --save-freq 5000 --disp-freq 500 --valid-metrics cross-entropy perplexity translation --valid-sets corp/europarl.cs-en.docs.dev.en.bpe.src_prev corp/europarl.cs-en.docs.dev.en.bpe.src corp/europarl.cs-en.docs.dev.cz.bpe --valid-script-path ./val.sh --valid-translation-output data/valid.bpe.en.output --quiet-translation --valid-mini-batch 16 --beam-size 6 --normalize 0.6 --log model/train_trans.gate.log --valid-log model/valid_trans.gate.log --enc-depth 6 --dec-depth 6 --transformer-heads 8 --transformer-postprocess-emb d --transformer-postprocess dan --transformer-dropout 0.1 --label-smoothing 0.1 --learn-rate 0.0003 --lr-warmup 16000 --lr-decay-inv-sqrt 16000 --lr-report --optimizer-params 0.9 0.98 1e-09 --clip-norm 5 --tied-embeddings-all --optimizer-delay 4 --devices 0 --no-nccl --sync-sgd --seed 1111 --exponential-smoothing --no-restore-corpus
[2019-03-29 00:05:59] [config] after-batches: 0
[2019-03-29 00:05:59] [config] after-epochs: 0
[2019-03-29 00:05:59] [config] allow-unk: false
[2019-03-29 00:05:59] [config] beam-size: 6
[2019-03-29 00:05:59] [config] bert-class-symbol: "[CLS]"
[2019-03-29 00:05:59] [config] bert-mask-symbol: "[MASK]"
[2019-03-29 00:05:59] [config] bert-masking-fraction: 0.15
[2019-03-29 00:05:59] [config] bert-sep-symbol: "[SEP]"
[2019-03-29 00:05:59] [config] bert-train-type-embeddings: true
[2019-03-29 00:05:59] [config] bert-type-vocab-size: 2
[2019-03-29 00:05:59] [config] best-deep: false
[2019-03-29 00:05:59] [config] clip-gemm: 0
[2019-03-29 00:05:59] [config] clip-norm: 5
[2019-03-29 00:05:59] [config] context-enc-depth: 1
[2019-03-29 00:05:59] [config] cost-type: ce-mean
[2019-03-29 00:05:59] [config] cpu-threads: 0
[2019-03-29 00:05:59] [config] data-weighting: ""
[2019-03-29 00:05:59] [config] data-weighting-type: sentence
[2019-03-29 00:05:59] [config] dec-cell: gru
[2019-03-29 00:05:59] [config] dec-cell-base-depth: 2
[2019-03-29 00:05:59] [config] dec-cell-high-depth: 1
[2019-03-29 00:05:59] [config] dec-depth: 6
[2019-03-29 00:05:59] [config] devices:
[2019-03-29 00:05:59] [config]   - 0
[2019-03-29 00:05:59] [config] dim-emb: 512
[2019-03-29 00:05:59] [config] dim-rnn: 1024
[2019-03-29 00:05:59] [config] dim-vocabs:
[2019-03-29 00:05:59] [config]   - 30000
[2019-03-29 00:05:59] [config]   - 30000
[2019-03-29 00:05:59] [config]   - 30000
[2019-03-29 00:05:59] [config] disp-first: 0
[2019-03-29 00:05:59] [config] disp-freq: 500
[2019-03-29 00:05:59] [config] disp-label-counts: false
[2019-03-29 00:05:59] [config] dropout-rnn: 0
[2019-03-29 00:05:59] [config] dropout-src: 0
[2019-03-29 00:05:59] [config] dropout-trg: 0
[2019-03-29 00:05:59] [config] dump-config: ""
[2019-03-29 00:05:59] [config] early-stopping: 10
[2019-03-29 00:05:59] [config] embedding-fix-src: false
[2019-03-29 00:05:59] [config] embedding-fix-trg: false
[2019-03-29 00:05:59] [config] embedding-normalization: false
[2019-03-29 00:05:59] [config] embedding-vectors:
[2019-03-29 00:05:59] [config]   []
[2019-03-29 00:05:59] [config] enc-cell: gru
[2019-03-29 00:05:59] [config] enc-cell-depth: 1
[2019-03-29 00:05:59] [config] enc-depth: 6
[2019-03-29 00:05:59] [config] enc-type: bidirectional
[2019-03-29 00:05:59] [config] exponential-smoothing: 0.0001
[2019-03-29 00:05:59] [config] freeze: false
[2019-03-29 00:05:59] [config] grad-dropping-momentum: 0
[2019-03-29 00:05:59] [config] grad-dropping-rate: 0
[2019-03-29 00:05:59] [config] grad-dropping-warmup: 100
[2019-03-29 00:05:59] [config] guided-alignment: none
[2019-03-29 00:05:59] [config] guided-alignment-cost: mse
[2019-03-29 00:05:59] [config] guided-alignment-weight: 0.1
[2019-03-29 00:05:59] [config] hier-att: false
[2019-03-29 00:05:59] [config] ignore-model-config: false
[2019-03-29 00:05:59] [config] input-types:
[2019-03-29 00:05:59] [config]   []
[2019-03-29 00:05:59] [config] interpolate-env-vars: false
[2019-03-29 00:05:59] [config] keep-best: false
[2019-03-29 00:05:59] [config] label-smoothing: 0.1
[2019-03-29 00:05:59] [config] layer-normalization: false
[2019-03-29 00:05:59] [config] learn-rate: 0.0003
[2019-03-29 00:05:59] [config] log: model/train_trans.gate.log
[2019-03-29 00:05:59] [config] log-level: info
[2019-03-29 00:05:59] [config] log-time-zone: ""
[2019-03-29 00:05:59] [config] lr-decay: 0
[2019-03-29 00:05:59] [config] lr-decay-freq: 50000
[2019-03-29 00:05:59] [config] lr-decay-inv-sqrt:
[2019-03-29 00:05:59] [config]   - 16000
[2019-03-29 00:05:59] [config] lr-decay-repeat-warmup: false
[2019-03-29 00:05:59] [config] lr-decay-reset-optimizer: false
[2019-03-29 00:05:59] [config] lr-decay-start:
[2019-03-29 00:05:59] [config]   - 10
[2019-03-29 00:05:59] [config]   - 1
[2019-03-29 00:05:59] [config] lr-decay-strategy: epoch+stalled
[2019-03-29 00:05:59] [config] lr-report: true
[2019-03-29 00:05:59] [config] lr-warmup: 16000
[2019-03-29 00:05:59] [config] lr-warmup-at-reload: false
[2019-03-29 00:05:59] [config] lr-warmup-cycle: false
[2019-03-29 00:05:59] [config] lr-warmup-start-rate: 0
[2019-03-29 00:05:59] [config] max-length: 55
[2019-03-29 00:05:59] [config] max-length-crop: false
[2019-03-29 00:05:59] [config] max-length-factor: 3
[2019-03-29 00:05:59] [config] maxi-batch: 1000
[2019-03-29 00:05:59] [config] maxi-batch-sort: trg
[2019-03-29 00:05:59] [config] mini-batch: 1000
[2019-03-29 00:05:59] [config] mini-batch-fit: true
[2019-03-29 00:05:59] [config] mini-batch-fit-step: 10
[2019-03-29 00:05:59] [config] mini-batch-overstuff: 1
[2019-03-29 00:05:59] [config] mini-batch-track-lr: false
[2019-03-29 00:05:59] [config] mini-batch-understuff: 1
[2019-03-29 00:05:59] [config] mini-batch-warmup: 0
[2019-03-29 00:05:59] [config] mini-batch-words: 0
[2019-03-29 00:05:59] [config] mini-batch-words-ref: 0
[2019-03-29 00:05:59] [config] model: model/model.src1tgt0.docnew.enc_depth.pretrained.notfrozen.npz
[2019-03-29 00:05:59] [config] multi-loss-type: sum
[2019-03-29 00:05:59] [config] multi-node: false
[2019-03-29 00:05:59] [config] multi-node-overlap: true
[2019-03-29 00:05:59] [config] n-best: false
[2019-03-29 00:05:59] [config] no-nccl: true
[2019-03-29 00:05:59] [config] no-reload: false
[2019-03-29 00:05:59] [config] no-restore-corpus: true
[2019-03-29 00:05:59] [config] no-shuffle: false
[2019-03-29 00:05:59] [config] normalize: 0.6
[2019-03-29 00:05:59] [config] num-devices: 0
[2019-03-29 00:05:59] [config] optimizer: adam
[2019-03-29 00:05:59] [config] optimizer-delay: 4
[2019-03-29 00:05:59] [config] optimizer-params:
[2019-03-29 00:05:59] [config]   - 0.9
[2019-03-29 00:05:59] [config]   - 0.98
[2019-03-29 00:05:59] [config]   - 1e-09
[2019-03-29 00:05:59] [config] overwrite: false
[2019-03-29 00:05:59] [config] pretrained-model: ../src0tgt0/model/model.src0tgt0_to_tgt0.newbase.160.npz.best-perplexity.npz
[2019-03-29 00:05:59] [config] quiet: false
[2019-03-29 00:05:59] [config] quiet-translation: true
[2019-03-29 00:05:59] [config] relative-paths: false
[2019-03-29 00:05:59] [config] right-left: false
[2019-03-29 00:05:59] [config] save-freq: 5000
[2019-03-29 00:05:59] [config] seed: 1111
[2019-03-29 00:05:59] [config] shuffle-in-ram: false
[2019-03-29 00:05:59] [config] skip: false
[2019-03-29 00:05:59] [config] sqlite: ""
[2019-03-29 00:05:59] [config] sqlite-drop: false
[2019-03-29 00:05:59] [config] sync-sgd: true
[2019-03-29 00:05:59] [config] tempdir: /tmp
[2019-03-29 00:05:59] [config] tied-embeddings: false
[2019-03-29 00:05:59] [config] tied-embeddings-all: true
[2019-03-29 00:05:59] [config] tied-embeddings-src: false
[2019-03-29 00:05:59] [config] train-sets:
[2019-03-29 00:05:59] [config]   - corp/europarl.cs-en.docs.train.en.bpe.src_prev
[2019-03-29 00:05:59] [config]   - corp/europarl.cs-en.docs.train.en.bpe.src
[2019-03-29 00:05:59] [config]   - corp/europarl.cs-en.docs.train.cz.bpe
[2019-03-29 00:05:59] [config] transformer-aan-activation: swish
[2019-03-29 00:05:59] [config] transformer-aan-depth: 2
[2019-03-29 00:05:59] [config] transformer-aan-nogate: false
[2019-03-29 00:05:59] [config] transformer-decoder-autoreg: self-attention
[2019-03-29 00:05:59] [config] transformer-dim-aan: 2048
[2019-03-29 00:05:59] [config] transformer-dim-ffn: 2048
[2019-03-29 00:05:59] [config] transformer-dropout: 0.1
[2019-03-29 00:05:59] [config] transformer-dropout-attention: 0
[2019-03-29 00:05:59] [config] transformer-dropout-ffn: 0
[2019-03-29 00:05:59] [config] transformer-ffn-activation: swish
[2019-03-29 00:05:59] [config] transformer-ffn-depth: 2
[2019-03-29 00:05:59] [config] transformer-guided-alignment-layer: last
[2019-03-29 00:05:59] [config] transformer-heads: 8
[2019-03-29 00:05:59] [config] transformer-no-projection: false
[2019-03-29 00:05:59] [config] transformer-postprocess: dan
[2019-03-29 00:05:59] [config] transformer-postprocess-emb: d
[2019-03-29 00:05:59] [config] transformer-preprocess: ""
[2019-03-29 00:05:59] [config] transformer-tied-layers:
[2019-03-29 00:05:59] [config]   []
[2019-03-29 00:05:59] [config] transformer-train-position-embeddings: false
[2019-03-29 00:05:59] [config] type: transformer-context
[2019-03-29 00:05:59] [config] ulr: false
[2019-03-29 00:05:59] [config] ulr-dim-emb: 0
[2019-03-29 00:05:59] [config] ulr-dropout: 0
[2019-03-29 00:05:59] [config] ulr-keys-vectors: ""
[2019-03-29 00:05:59] [config] ulr-query-vectors: ""
[2019-03-29 00:05:59] [config] ulr-softmax-temperature: 1
[2019-03-29 00:05:59] [config] ulr-trainable-transformation: false
[2019-03-29 00:05:59] [config] valid-freq: 5000
[2019-03-29 00:05:59] [config] valid-log: model/valid_trans.gate.log
[2019-03-29 00:05:59] [config] valid-max-length: 1000
[2019-03-29 00:05:59] [config] valid-metrics:
[2019-03-29 00:05:59] [config]   - cross-entropy
[2019-03-29 00:05:59] [config]   - perplexity
[2019-03-29 00:05:59] [config]   - translation
[2019-03-29 00:05:59] [config] valid-mini-batch: 16
[2019-03-29 00:05:59] [config] valid-script-path: ./val.sh
[2019-03-29 00:05:59] [config] valid-sets:
[2019-03-29 00:05:59] [config]   - corp/europarl.cs-en.docs.dev.en.bpe.src_prev
[2019-03-29 00:05:59] [config]   - corp/europarl.cs-en.docs.dev.en.bpe.src
[2019-03-29 00:05:59] [config]   - corp/europarl.cs-en.docs.dev.cz.bpe
[2019-03-29 00:05:59] [config] valid-translation-output: data/valid.bpe.en.output
[2019-03-29 00:05:59] [config] version: v1.7.8 19fd030 2019-03-28 14:45:37 +0100
[2019-03-29 00:05:59] [config] vocabs:
[2019-03-29 00:05:59] [config]   - corp/vocab.encz.opensub.new.yml
[2019-03-29 00:05:59] [config]   - corp/vocab.encz.opensub.new.yml
[2019-03-29 00:05:59] [config]   - corp/vocab.encz.opensub.new.yml
[2019-03-29 00:05:59] [config] word-penalty: 0
[2019-03-29 00:05:59] [config] workspace: 8000
[2019-03-29 00:05:59] [config] Loaded model has been created with Marian v1.7.8 19fd030 2019-03-28 14:45:37 +0100, will be overwritten with current version v1.7.8 3c5b881 2019-03-28 16:08:24 +0100 at saving
[2019-03-29 00:05:59] Using synchronous training
[2019-03-29 00:05:59] [data] Loading vocabulary from JSON/Yaml file corp/vocab.encz.opensub.new.yml
[2019-03-29 00:05:59] [data] Setting vocabulary size for input 0 to 30000
[2019-03-29 00:05:59] [data] Loading vocabulary from JSON/Yaml file corp/vocab.encz.opensub.new.yml
[2019-03-29 00:05:59] [data] Setting vocabulary size for input 1 to 30000
[2019-03-29 00:05:59] [data] Loading vocabulary from JSON/Yaml file corp/vocab.encz.opensub.new.yml
[2019-03-29 00:05:59] [data] Setting vocabulary size for input 2 to 30000
[2019-03-29 00:05:59] Compiled without MPI support. Falling back to FakeMPIWrapper
[2019-03-29 00:05:59] [batching] Collecting statistics for batch fitting with step size 10
[2019-03-29 00:06:00] [memory] Extending reserved space to 8064 MB (device gpu0)
[2019-03-29 00:06:00] [comm] NCCL communicator overridden
[2019-03-29 00:06:00] [training] Using 1 GPUs
[2019-03-29 00:06:00] [memory] Reserving 311 MB, device gpu0
[2019-03-29 00:06:00] [gpu] 16-bit TensorCores enabled for float32 matrix operations
[2019-03-29 00:06:00] [memory] Reserving 311 MB, device gpu0
[2019-03-29 00:06:05] [batching] Done. Typical MB size is 16560 target words
[2019-03-29 00:06:05] [memory] Extending reserved space to 8064 MB (device gpu0)
[2019-03-29 00:06:05] [comm] NCCL communicator overridden
[2019-03-29 00:06:05] [training] Using 1 GPUs
[2019-03-29 00:06:05] Loading model from model/model.src1tgt0.docnew.enc_depth.pretrained.notfrozen.npz.orig.npz
[2019-03-29 00:06:09] Loading Adam parameters from model/model.src1tgt0.docnew.enc_depth.pretrained.notfrozen.npz.optimizer.npz
[2019-03-29 00:06:17] [memory] Reserving 766 MB, device gpu0
[2019-03-29 00:06:17] [training] Model reloaded from model/model.src1tgt0.docnew.enc_depth.pretrained.notfrozen.npz
[2019-03-29 00:06:17] Training started
[2019-03-29 00:06:17] [data] Shuffling data
[2019-03-29 00:06:17] [data] Done reading 620637 sentences
[2019-03-29 00:06:20] [data] Done shuffling 620637 sentences to temp files
[2019-03-29 00:06:41] [training] Batches are processed as 1 process(es) x 1 devices/process
[2019-03-29 00:06:41] [memory] Reserving 383 MB, device gpu0
[2019-03-29 00:06:41] [memory] Reserving 383 MB, device gpu0
[2019-03-29 00:06:41] Loading model from model/model.src1tgt0.docnew.enc_depth.pretrained.notfrozen.npz
[2019-03-29 00:06:44] [memory] Reserving 383 MB, device cpu0
[2019-03-29 00:06:44] [memory] Reserving 383 MB, device gpu0
[2019-03-29 00:06:45] [memory] Reserving 383 MB, device gpu0
[2019-03-29 00:11:43] Ep. 28 : Up. 45500 : Sen. 155,907 : Cost 55.48801041 : Time 343.93s : 12230.24 words/s : L.r. 1.7790e-04
[2019-03-29 00:16:42] Ep. 28 : Up. 46000 : Sen. 317,925 : Cost 53.34896851 : Time 298.53s : 14032.98 words/s : L.r. 1.7693e-04
[2019-03-29 00:21:45] Ep. 28 : Up. 46500 : Sen. 480,124 : Cost 55.08016205 : Time 303.69s : 14085.30 words/s : L.r. 1.7598e-04
[2019-03-29 00:22:55] Seen 515211 samples
[2019-03-29 00:22:55] Starting epoch 29
[2019-03-29 00:22:55] [data] Shuffling data
[2019-03-29 00:22:55] [data] Done reading 620637 sentences
[2019-03-29 00:22:57] [data] Done shuffling 620637 sentences to temp files
[2019-03-29 00:27:18] Ep. 29 : Up. 47000 : Sen. 121,985 : Cost 56.94018173 : Time 332.30s : 13117.51 words/s : L.r. 1.7504e-04
[2019-03-29 00:32:17] Ep. 29 : Up. 47500 : Sen. 280,766 : Cost 53.98676682 : Time 299.14s : 13973.71 words/s : L.r. 1.7411e-04
[2019-03-29 00:37:15] Ep. 29 : Up. 48000 : Sen. 443,160 : Cost 53.04907227 : Time 298.36s : 14003.77 words/s : L.r. 1.7321e-04
[2019-03-29 00:39:31] Seen 515211 samples
[2019-03-29 00:39:31] Starting epoch 30
[2019-03-29 00:39:31] [data] Shuffling data
[2019-03-29 00:39:32] [data] Done reading 620637 sentences
[2019-03-29 00:39:34] [data] Done shuffling 620637 sentences to temp files
[2019-03-29 00:42:39] Ep. 30 : Up. 48500 : Sen. 87,574 : Cost 53.93345642 : Time 323.93s : 12967.30 words/s : L.r. 1.7231e-04
[2019-03-29 00:47:42] Ep. 30 : Up. 49000 : Sen. 248,108 : Cost 53.92987061 : Time 303.14s : 14068.98 words/s : L.r. 1.7143e-04
[2019-03-29 00:52:43] Ep. 30 : Up. 49500 : Sen. 406,525 : Cost 54.64787292 : Time 300.99s : 14009.15 words/s : L.r. 1.7056e-04
[2019-03-29 00:56:07] Seen 515211 samples
[2019-03-29 00:56:07] Starting epoch 31
[2019-03-29 00:56:07] [data] Shuffling data
[2019-03-29 00:56:07] [data] Done reading 620637 sentences
[2019-03-29 00:56:09] [data] Done shuffling 620637 sentences to temp files
[2019-03-29 00:58:10] Ep. 31 : Up. 50000 : Sen. 52,609 : Cost 54.20728302 : Time 327.02s : 13073.76 words/s : L.r. 1.6971e-04
[2019-03-29 00:58:10] Saving model weights and runtime parameters to model/model.src1tgt0.docnew.enc_depth.pretrained.notfrozen.npz.orig.npz
[2019-03-29 00:58:16] Saving model weights and runtime parameters to model/model.src1tgt0.docnew.enc_depth.pretrained.notfrozen.iter50000.npz
[2019-03-29 00:58:21] Saving model weights and runtime parameters to model/model.src1tgt0.docnew.enc_depth.pretrained.notfrozen.npz
[2019-03-29 00:58:27] Saving Adam parameters to model/model.src1tgt0.docnew.enc_depth.pretrained.notfrozen.npz.optimizer.npz
[2019-03-29 00:58:48] [valid] Ep. 31 : Up. 50000 : cross-entropy : 48.9593 : stalled 3 times (last best: 47.2626)
[2019-03-29 00:58:57] [valid] Ep. 31 : Up. 50000 : perplexity : 4.8626 : stalled 3 times (last best: 4.60325)
Detokenizer Version $Revision: 4134 $
Language: en
[2019-03-29 01:02:03] [valid] Ep. 31 : Up. 50000 : translation : 28.3 : stalled 3 times (last best: 28.3)
[2019-03-29 01:07:02] Ep. 31 : Up. 50500 : Sen. 214,825 : Cost 52.37332153 : Time 532.12s : 7930.88 words/s : L.r. 1.6886e-04
[2019-03-29 01:12:06] Ep. 31 : Up. 51000 : Sen. 371,384 : Cost 56.21669769 : Time 303.88s : 14159.80 words/s : L.r. 1.6803e-04
[2019-03-29 01:16:33] Seen 515211 samples
[2019-03-29 01:16:33] Starting epoch 32
[2019-03-29 01:16:33] [data] Shuffling data
[2019-03-29 01:16:33] [data] Done reading 620637 sentences
[2019-03-29 01:16:35] [data] Done shuffling 620637 sentences to temp files
[2019-03-29 01:17:28] Ep. 32 : Up. 51500 : Sen. 16,341 : Cost 52.71585464 : Time 321.57s : 12919.91 words/s : L.r. 1.6722e-04
[2019-03-29 01:22:30] Ep. 32 : Up. 52000 : Sen. 176,898 : Cost 53.02835846 : Time 301.80s : 14089.57 words/s : L.r. 1.6641e-04
[2019-03-29 01:27:26] Ep. 32 : Up. 52500 : Sen. 336,096 : Cost 52.29526901 : Time 296.17s : 13964.48 words/s : L.r. 1.6562e-04
[2019-03-29 01:32:30] Ep. 32 : Up. 53000 : Sen. 496,074 : Cost 54.69247818 : Time 303.82s : 14116.10 words/s : L.r. 1.6483e-04
[2019-03-29 01:33:07] Seen 515211 samples
[2019-03-29 01:33:07] Starting epoch 33
[2019-03-29 01:33:07] [data] Shuffling data
[2019-03-29 01:33:07] [data] Done reading 620637 sentences
[2019-03-29 01:33:09] [data] Done shuffling 620637 sentences to temp files
[2019-03-29 01:37:57] Ep. 33 : Up. 53500 : Sen. 142,581 : Cost 52.34377670 : Time 327.20s : 13024.69 words/s : L.r. 1.6406e-04
[2019-03-29 01:42:52] Ep. 33 : Up. 54000 : Sen. 298,121 : Cost 53.07096100 : Time 295.26s : 13969.47 words/s : L.r. 1.6330e-04
[2019-03-29 01:47:56] Ep. 33 : Up. 54500 : Sen. 459,322 : Cost 53.80928040 : Time 303.38s : 14118.48 words/s : L.r. 1.6255e-04
[2019-03-29 01:49:41] Seen 515211 samples
[2019-03-29 01:49:41] Starting epoch 34
[2019-03-29 01:49:41] [data] Shuffling data
[2019-03-29 01:49:41] [data] Done reading 620637 sentences
[2019-03-29 01:49:43] [data] Done shuffling 620637 sentences to temp files
[2019-03-29 01:53:28] Ep. 34 : Up. 55000 : Sen. 103,283 : Cost 55.10166931 : Time 332.90s : 13212.81 words/s : L.r. 1.6181e-04
[2019-03-29 01:53:28] Saving model weights and runtime parameters to model/model.src1tgt0.docnew.enc_depth.pretrained.notfrozen.npz.orig.npz
[2019-03-29 01:53:34] Saving model weights and runtime parameters to model/model.src1tgt0.docnew.enc_depth.pretrained.notfrozen.iter55000.npz
[2019-03-29 01:53:39] Saving model weights and runtime parameters to model/model.src1tgt0.docnew.enc_depth.pretrained.notfrozen.npz
[2019-03-29 01:53:45] Saving Adam parameters to model/model.src1tgt0.docnew.enc_depth.pretrained.notfrozen.npz.optimizer.npz
[2019-03-29 01:54:05] [valid] Ep. 34 : Up. 55000 : cross-entropy : 49.7216 : stalled 4 times (last best: 47.2626)
[2019-03-29 01:54:15] [valid] Ep. 34 : Up. 55000 : perplexity : 4.98382 : stalled 4 times (last best: 4.60325)
Detokenizer Version $Revision: 4134 $
Language: en
[2019-03-29 01:57:23] [valid] Ep. 34 : Up. 55000 : translation : 28.2 : stalled 4 times (last best: 28.3)
[2019-03-29 02:02:22] Ep. 34 : Up. 55500 : Sen. 260,941 : Cost 53.01975632 : Time 533.95s : 7878.69 words/s : L.r. 1.6108e-04
[2019-03-29 02:07:18] Ep. 34 : Up. 56000 : Sen. 421,936 : Cost 51.01450348 : Time 295.24s : 13916.77 words/s : L.r. 1.6036e-04
[2019-03-29 02:10:11] Seen 515211 samples
[2019-03-29 02:10:11] Starting epoch 35
[2019-03-29 02:10:11] [data] Shuffling data
[2019-03-29 02:10:11] [data] Done reading 620637 sentences
[2019-03-29 02:10:13] [data] Done shuffling 620637 sentences to temp files
[2019-03-29 02:12:45] Ep. 35 : Up. 56500 : Sen. 68,088 : Cost 52.72478867 : Time 327.48s : 13032.21 words/s : L.r. 1.5965e-04
[2019-03-29 02:17:44] Ep. 35 : Up. 57000 : Sen. 231,079 : Cost 50.75209808 : Time 298.85s : 14030.18 words/s : L.r. 1.5894e-04
[2019-03-29 02:22:45] Ep. 35 : Up. 57500 : Sen. 390,056 : Cost 52.85538101 : Time 301.30s : 14021.87 words/s : L.r. 1.5825e-04
[2019-03-29 02:26:46] Seen 515211 samples
[2019-03-29 02:26:46] Starting epoch 36
[2019-03-29 02:26:46] [data] Shuffling data
[2019-03-29 02:26:46] [data] Done reading 620637 sentences
[2019-03-29 02:26:48] [data] Done shuffling 620637 sentences to temp files
[2019-03-29 02:28:13] Ep. 36 : Up. 58000 : Sen. 33,152 : Cost 54.06700134 : Time 327.93s : 13091.89 words/s : L.r. 1.5757e-04
[2019-03-29 02:33:11] Ep. 36 : Up. 58500 : Sen. 190,056 : Cost 51.82339478 : Time 298.14s : 13995.32 words/s : L.r. 1.5689e-04
[2019-03-29 02:38:16] Ep. 36 : Up. 59000 : Sen. 351,171 : Cost 52.78345108 : Time 304.34s : 14089.06 words/s : L.r. 1.5623e-04
[2019-03-29 02:43:16] Ep. 36 : Up. 59500 : Sen. 512,362 : Cost 52.01065063 : Time 300.30s : 14018.24 words/s : L.r. 1.5557e-04
[2019-03-29 02:43:21] Seen 515211 samples
[2019-03-29 02:43:21] Starting epoch 37
[2019-03-29 02:43:21] [data] Shuffling data
[2019-03-29 02:43:21] [data] Done reading 620637 sentences
[2019-03-29 02:43:23] [data] Done shuffling 620637 sentences to temp files
[2019-03-29 02:48:39] Ep. 37 : Up. 60000 : Sen. 157,856 : Cost 50.59207535 : Time 322.84s : 12997.80 words/s : L.r. 1.5492e-04
[2019-03-29 02:48:39] Saving model weights and runtime parameters to model/model.src1tgt0.docnew.enc_depth.pretrained.notfrozen.npz.orig.npz
[2019-03-29 02:48:44] Saving model weights and runtime parameters to model/model.src1tgt0.docnew.enc_depth.pretrained.notfrozen.iter60000.npz
[2019-03-29 02:48:56] Saving model weights and runtime parameters to model/model.src1tgt0.docnew.enc_depth.pretrained.notfrozen.npz
[2019-03-29 02:49:07] Saving Adam parameters to model/model.src1tgt0.docnew.enc_depth.pretrained.notfrozen.npz.optimizer.npz
[2019-03-29 02:49:28] [valid] Ep. 37 : Up. 60000 : cross-entropy : 50.4842 : stalled 5 times (last best: 47.2626)
[2019-03-29 02:49:37] [valid] Ep. 37 : Up. 60000 : perplexity : 5.10813 : stalled 5 times (last best: 4.60325)
Detokenizer Version $Revision: 4134 $
Language: en
[2019-03-29 02:52:44] [valid] Ep. 37 : Up. 60000 : translation : 28 : stalled 5 times (last best: 28.3)
[2019-03-29 02:57:49] Ep. 37 : Up. 60500 : Sen. 319,859 : Cost 51.93500900 : Time 549.74s : 7794.90 words/s : L.r. 1.5428e-04
[2019-03-29 03:02:50] Ep. 37 : Up. 61000 : Sen. 478,186 : Cost 53.24674225 : Time 301.70s : 14072.12 words/s : L.r. 1.5364e-04
[2019-03-29 03:04:00] Seen 515211 samples
[2019-03-29 03:04:00] Starting epoch 38
[2019-03-29 03:04:00] [data] Shuffling data
[2019-03-29 03:04:01] [data] Done reading 620637 sentences
[2019-03-29 03:04:03] [data] Done shuffling 620637 sentences to temp files
[2019-03-29 03:08:14] Ep. 38 : Up. 61500 : Sen. 120,687 : Cost 52.10670471 : Time 323.29s : 13074.31 words/s : L.r. 1.5302e-04
[2019-03-29 03:13:19] Ep. 38 : Up. 62000 : Sen. 285,296 : Cost 50.78943253 : Time 304.99s : 14093.82 words/s : L.r. 1.5240e-04
[2019-03-29 03:18:20] Ep. 38 : Up. 62500 : Sen. 443,033 : Cost 52.83753204 : Time 301.50s : 14033.61 words/s : L.r. 1.5179e-04
[2019-03-29 03:20:36] Seen 515211 samples
[2019-03-29 03:20:36] Starting epoch 39
[2019-03-29 03:20:36] [data] Shuffling data
[2019-03-29 03:20:36] [data] Done reading 620637 sentences
[2019-03-29 03:20:38] [data] Done shuffling 620637 sentences to temp files
[2019-03-29 03:23:39] Ep. 39 : Up. 63000 : Sen. 82,658 : Cost 51.42530060 : Time 318.51s : 12894.98 words/s : L.r. 1.5119e-04
[2019-03-29 03:28:43] Ep. 39 : Up. 63500 : Sen. 244,759 : Cost 50.80482101 : Time 304.39s : 13980.36 words/s : L.r. 1.5059e-04
[2019-03-29 03:33:45] Ep. 39 : Up. 64000 : Sen. 404,435 : Cost 52.22253036 : Time 301.83s : 14131.95 words/s : L.r. 1.5000e-04
[2019-03-29 03:37:11] Seen 515211 samples
[2019-03-29 03:37:11] Starting epoch 40
[2019-03-29 03:37:11] [data] Shuffling data
[2019-03-29 03:37:11] [data] Done reading 620637 sentences
[2019-03-29 03:37:14] [data] Done shuffling 620637 sentences to temp files
[2019-03-29 03:39:07] Ep. 40 : Up. 64500 : Sen. 51,254 : Cost 50.18643188 : Time 322.70s : 12983.84 words/s : L.r. 1.4942e-04
[2019-03-29 03:44:07] Ep. 40 : Up. 65000 : Sen. 212,594 : Cost 50.03012085 : Time 299.61s : 14015.18 words/s : L.r. 1.4884e-04
[2019-03-29 03:44:07] Saving model weights and runtime parameters to model/model.src1tgt0.docnew.enc_depth.pretrained.notfrozen.npz.orig.npz
[2019-03-29 03:44:12] Saving model weights and runtime parameters to model/model.src1tgt0.docnew.enc_depth.pretrained.notfrozen.iter65000.npz
[2019-03-29 03:44:17] Saving model weights and runtime parameters to model/model.src1tgt0.docnew.enc_depth.pretrained.notfrozen.npz
[2019-03-29 03:44:23] Saving Adam parameters to model/model.src1tgt0.docnew.enc_depth.pretrained.notfrozen.npz.optimizer.npz
[2019-03-29 03:44:43] [valid] Ep. 40 : Up. 65000 : cross-entropy : 51.2588 : stalled 6 times (last best: 47.2626)
[2019-03-29 03:44:52] [valid] Ep. 40 : Up. 65000 : perplexity : 5.23756 : stalled 6 times (last best: 4.60325)
Detokenizer Version $Revision: 4134 $
Language: en
[2019-03-29 03:48:00] [valid] Ep. 40 : Up. 65000 : translation : 27.9 : stalled 6 times (last best: 28.3)
[2019-03-29 03:53:03] Ep. 40 : Up. 65500 : Sen. 372,566 : Cost 51.50365448 : Time 536.01s : 7936.02 words/s : L.r. 1.4827e-04
[2019-03-29 03:57:38] Seen 515211 samples
[2019-03-29 03:57:38] Starting epoch 41
[2019-03-29 03:57:38] [data] Shuffling data
[2019-03-29 03:57:39] [data] Done reading 620637 sentences
[2019-03-29 03:57:41] [data] Done shuffling 620637 sentences to temp files
[2019-03-29 03:58:29] Ep. 41 : Up. 66000 : Sen. 14,573 : Cost 53.30632401 : Time 326.33s : 13145.04 words/s : L.r. 1.4771e-04
[2019-03-29 04:03:35] Ep. 41 : Up. 66500 : Sen. 178,080 : Cost 50.15827560 : Time 305.33s : 14081.29 words/s : L.r. 1.4715e-04
[2019-03-29 04:08:34] Ep. 41 : Up. 67000 : Sen. 335,530 : Cost 51.38857651 : Time 299.51s : 14036.46 words/s : L.r. 1.4660e-04
[2019-03-29 04:13:34] Ep. 41 : Up. 67500 : Sen. 494,926 : Cost 51.05052185 : Time 299.58s : 13978.74 words/s : L.r. 1.4606e-04
[2019-03-29 04:14:14] Seen 515211 samples
[2019-03-29 04:14:14] Starting epoch 42
[2019-03-29 04:14:14] [data] Shuffling data
[2019-03-29 04:14:14] [data] Done reading 620637 sentences
[2019-03-29 04:14:16] [data] Done shuffling 620637 sentences to temp files
[2019-03-29 04:19:02] Ep. 42 : Up. 68000 : Sen. 138,248 : Cost 51.61708832 : Time 328.06s : 13104.05 words/s : L.r. 1.4552e-04
[2019-03-29 04:24:03] Ep. 42 : Up. 68500 : Sen. 300,826 : Cost 49.49194717 : Time 300.75s : 13982.85 words/s : L.r. 1.4499e-04
[2019-03-29 04:28:59] Ep. 42 : Up. 69000 : Sen. 458,064 : Cost 51.11067581 : Time 296.77s : 14027.50 words/s : L.r. 1.4446e-04
[2019-03-29 04:30:49] Seen 515211 samples
[2019-03-29 04:30:49] Starting epoch 43
[2019-03-29 04:30:49] [data] Shuffling data
[2019-03-29 04:30:49] [data] Done reading 620637 sentences
[2019-03-29 04:30:52] [data] Done shuffling 620637 sentences to temp files
[2019-03-29 04:34:21] Ep. 43 : Up. 69500 : Sen. 103,391 : Cost 48.81857300 : Time 321.86s : 12836.68 words/s : L.r. 1.4394e-04
[2019-03-29 04:39:23] Ep. 43 : Up. 70000 : Sen. 260,806 : Cost 51.66513824 : Time 301.48s : 14144.29 words/s : L.r. 1.4343e-04
[2019-03-29 04:39:23] Saving model weights and runtime parameters to model/model.src1tgt0.docnew.enc_depth.pretrained.notfrozen.npz.orig.npz
[2019-03-29 04:39:28] Saving model weights and runtime parameters to model/model.src1tgt0.docnew.enc_depth.pretrained.notfrozen.iter70000.npz
[2019-03-29 04:39:33] Saving model weights and runtime parameters to model/model.src1tgt0.docnew.enc_depth.pretrained.notfrozen.npz
[2019-03-29 04:39:39] Saving Adam parameters to model/model.src1tgt0.docnew.enc_depth.pretrained.notfrozen.npz.optimizer.npz
[2019-03-29 04:40:00] [valid] Ep. 43 : Up. 70000 : cross-entropy : 52.0013 : stalled 7 times (last best: 47.2626)
[2019-03-29 04:40:09] [valid] Ep. 43 : Up. 70000 : perplexity : 5.36471 : stalled 7 times (last best: 4.60325)
Detokenizer Version $Revision: 4134 $
Language: en
[2019-03-29 04:43:20] [valid] Ep. 43 : Up. 70000 : translation : 27.6 : stalled 7 times (last best: 28.3)
[2019-03-29 04:48:26] Ep. 43 : Up. 70500 : Sen. 420,933 : Cost 51.96098328 : Time 543.57s : 7951.33 words/s : L.r. 1.4292e-04
[2019-03-29 04:51:21] Seen 515211 samples
[2019-03-29 04:51:21] Starting epoch 44
[2019-03-29 04:51:21] [data] Shuffling data
[2019-03-29 04:51:22] [data] Done reading 620637 sentences
[2019-03-29 04:51:24] [data] Done shuffling 620637 sentences to temp files
[2019-03-29 04:53:51] Ep. 44 : Up. 71000 : Sen. 70,543 : Cost 48.72589874 : Time 324.42s : 13018.36 words/s : L.r. 1.4241e-04
[2019-03-29 04:58:55] Ep. 44 : Up. 71500 : Sen. 227,595 : Cost 52.00372314 : Time 303.88s : 14154.68 words/s : L.r. 1.4191e-04
[2019-03-29 05:03:58] Ep. 44 : Up. 72000 : Sen. 387,928 : Cost 50.50132370 : Time 303.20s : 14010.64 words/s : L.r. 1.4142e-04
[2019-03-29 05:07:57] Seen 515211 samples
[2019-03-29 05:07:57] Starting epoch 45
[2019-03-29 05:07:57] [data] Shuffling data
[2019-03-29 05:07:57] [data] Done reading 620637 sentences
[2019-03-29 05:08:00] [data] Done shuffling 620637 sentences to temp files
[2019-03-29 05:09:19] Ep. 45 : Up. 72500 : Sen. 31,286 : Cost 50.13225174 : Time 321.32s : 12995.09 words/s : L.r. 1.4093e-04
[2019-03-29 05:14:18] Ep. 45 : Up. 73000 : Sen. 190,271 : Cost 48.97609329 : Time 298.35s : 13927.19 words/s : L.r. 1.4045e-04
[2019-03-29 05:19:17] Ep. 45 : Up. 73500 : Sen. 349,700 : Cost 49.57111359 : Time 299.50s : 13919.89 words/s : L.r. 1.3997e-04
[2019-03-29 05:24:23] Ep. 45 : Up. 74000 : Sen. 509,927 : Cost 51.83876038 : Time 306.31s : 14137.20 words/s : L.r. 1.3950e-04
[2019-03-29 05:24:33] Seen 515211 samples
[2019-03-29 05:24:33] Starting epoch 46
[2019-03-29 05:24:33] [data] Shuffling data
[2019-03-29 05:24:34] [data] Done reading 620637 sentences
[2019-03-29 05:24:36] [data] Done shuffling 620637 sentences to temp files
[2019-03-29 05:29:48] Ep. 46 : Up. 74500 : Sen. 155,040 : Cost 49.23992157 : Time 324.21s : 13045.51 words/s : L.r. 1.3903e-04
[2019-03-29 05:34:46] Ep. 46 : Up. 75000 : Sen. 317,737 : Cost 48.00163651 : Time 298.48s : 13938.13 words/s : L.r. 1.3856e-04
[2019-03-29 05:34:46] Saving model weights and runtime parameters to model/model.src1tgt0.docnew.enc_depth.pretrained.notfrozen.npz.orig.npz
[2019-03-29 05:34:51] Saving model weights and runtime parameters to model/model.src1tgt0.docnew.enc_depth.pretrained.notfrozen.iter75000.npz
[2019-03-29 05:34:57] Saving model weights and runtime parameters to model/model.src1tgt0.docnew.enc_depth.pretrained.notfrozen.npz
[2019-03-29 05:35:02] Saving Adam parameters to model/model.src1tgt0.docnew.enc_depth.pretrained.notfrozen.npz.optimizer.npz
[2019-03-29 05:35:22] [valid] Ep. 46 : Up. 75000 : cross-entropy : 52.7681 : stalled 8 times (last best: 47.2626)
[2019-03-29 05:35:32] [valid] Ep. 46 : Up. 75000 : perplexity : 5.49925 : stalled 8 times (last best: 4.60325)
Detokenizer Version $Revision: 4134 $
Language: en
[2019-03-29 05:38:41] [valid] Ep. 46 : Up. 75000 : translation : 27.5 : stalled 8 times (last best: 28.3)
[2019-03-29 05:43:47] Ep. 46 : Up. 75500 : Sen. 474,668 : Cost 52.57920456 : Time 540.95s : 8006.28 words/s : L.r. 1.3810e-04
[2019-03-29 05:45:03] Seen 515211 samples
[2019-03-29 05:45:03] Starting epoch 47
[2019-03-29 05:45:03] [data] Shuffling data
[2019-03-29 05:45:04] [data] Done reading 620637 sentences
[2019-03-29 05:45:06] [data] Done shuffling 620637 sentences to temp files
[2019-03-29 05:49:05] Ep. 47 : Up. 76000 : Sen. 116,296 : Cost 49.28108215 : Time 318.14s : 12973.37 words/s : L.r. 1.3765e-04
[2019-03-29 05:54:09] Ep. 47 : Up. 76500 : Sen. 278,396 : Cost 49.60025787 : Time 303.67s : 14085.91 words/s : L.r. 1.3720e-04
[2019-03-29 05:59:12] Ep. 47 : Up. 77000 : Sen. 437,879 : Cost 50.46197891 : Time 303.28s : 14052.33 words/s : L.r. 1.3675e-04
[2019-03-29 06:01:39] Seen 515211 samples
[2019-03-29 06:01:39] Starting epoch 48
[2019-03-29 06:01:39] [data] Shuffling data
[2019-03-29 06:01:39] [data] Done reading 620637 sentences
[2019-03-29 06:01:41] [data] Done shuffling 620637 sentences to temp files
[2019-03-29 06:04:39] Ep. 48 : Up. 77500 : Sen. 83,631 : Cost 49.06811142 : Time 327.43s : 12927.30 words/s : L.r. 1.3631e-04
[2019-03-29 06:09:40] Ep. 48 : Up. 78000 : Sen. 241,349 : Cost 49.60271072 : Time 300.65s : 13983.32 words/s : L.r. 1.3587e-04
[2019-03-29 06:14:45] Ep. 48 : Up. 78500 : Sen. 402,457 : Cost 50.36471558 : Time 305.31s : 14107.48 words/s : L.r. 1.3544e-04
[2019-03-29 06:18:15] Seen 515211 samples
[2019-03-29 06:18:15] Starting epoch 49
[2019-03-29 06:18:15] [data] Shuffling data
[2019-03-29 06:18:15] [data] Done reading 620637 sentences
[2019-03-29 06:18:18] [data] Done shuffling 620637 sentences to temp files
[2019-03-29 06:20:10] Ep. 49 : Up. 79000 : Sen. 48,492 : Cost 49.28049850 : Time 324.60s : 13057.06 words/s : L.r. 1.3501e-04
[2019-03-29 06:25:13] Ep. 49 : Up. 79500 : Sen. 207,565 : Cost 49.63977051 : Time 303.01s : 14081.46 words/s : L.r. 1.3459e-04
[2019-03-29 06:30:12] Ep. 49 : Up. 80000 : Sen. 365,678 : Cost 49.29740524 : Time 298.83s : 13946.99 words/s : L.r. 1.3416e-04
[2019-03-29 06:30:12] Saving model weights and runtime parameters to model/model.src1tgt0.docnew.enc_depth.pretrained.notfrozen.npz.orig.npz
[2019-03-29 06:30:17] Saving model weights and runtime parameters to model/model.src1tgt0.docnew.enc_depth.pretrained.notfrozen.iter80000.npz
[2019-03-29 06:30:22] Saving model weights and runtime parameters to model/model.src1tgt0.docnew.enc_depth.pretrained.notfrozen.npz
[2019-03-29 06:30:28] Saving Adam parameters to model/model.src1tgt0.docnew.enc_depth.pretrained.notfrozen.npz.optimizer.npz
[2019-03-29 06:30:48] [valid] Ep. 49 : Up. 80000 : cross-entropy : 53.5097 : stalled 9 times (last best: 47.2626)
[2019-03-29 06:30:58] [valid] Ep. 49 : Up. 80000 : perplexity : 5.63258 : stalled 9 times (last best: 4.60325)
Detokenizer Version $Revision: 4134 $
Language: en
[2019-03-29 06:34:05] [valid] Ep. 49 : Up. 80000 : translation : 27.5 : stalled 9 times (last best: 28.3)
[2019-03-29 06:38:45] Seen 515211 samples
[2019-03-29 06:38:45] Starting epoch 50
[2019-03-29 06:38:45] [data] Shuffling data
[2019-03-29 06:38:45] [data] Done reading 620637 sentences
[2019-03-29 06:38:48] [data] Done shuffling 620637 sentences to temp files
[2019-03-29 06:39:31] Ep. 50 : Up. 80500 : Sen. 10,137 : Cost 50.02041245 : Time 559.05s : 7583.98 words/s : L.r. 1.3375e-04
[2019-03-29 06:44:31] Ep. 50 : Up. 81000 : Sen. 170,431 : Cost 47.98872757 : Time 299.59s : 13974.52 words/s : L.r. 1.3333e-04
[2019-03-29 06:49:35] Ep. 50 : Up. 81500 : Sen. 331,176 : Cost 49.49520874 : Time 304.70s : 14020.83 words/s : L.r. 1.3292e-04
[2019-03-29 06:54:34] Ep. 50 : Up. 82000 : Sen. 491,529 : Cost 48.94188309 : Time 298.67s : 14055.61 words/s : L.r. 1.3252e-04
[2019-03-29 06:55:21] Seen 515211 samples
[2019-03-29 06:55:21] Starting epoch 51
[2019-03-29 06:55:21] [data] Shuffling data
[2019-03-29 06:55:21] [data] Done reading 620637 sentences
[2019-03-29 06:55:23] [data] Done shuffling 620637 sentences to temp files
[2019-03-29 07:00:00] Ep. 51 : Up. 82500 : Sen. 139,226 : Cost 48.24421692 : Time 325.96s : 13093.58 words/s : L.r. 1.3212e-04
[2019-03-29 07:05:03] Ep. 51 : Up. 83000 : Sen. 295,157 : Cost 50.81416702 : Time 303.16s : 14096.64 words/s : L.r. 1.3172e-04
[2019-03-29 07:10:06] Ep. 51 : Up. 83500 : Sen. 457,269 : Cost 48.83002090 : Time 303.44s : 14008.57 words/s : L.r. 1.3132e-04
[2019-03-29 07:11:56] Seen 515211 samples
[2019-03-29 07:11:56] Starting epoch 52
[2019-03-29 07:11:56] [data] Shuffling data
[2019-03-29 07:11:57] [data] Done reading 620637 sentences
[2019-03-29 07:11:59] [data] Done shuffling 620637 sentences to temp files
[2019-03-29 07:15:24] Ep. 52 : Up. 84000 : Sen. 97,371 : Cost 48.49906540 : Time 317.58s : 12886.45 words/s : L.r. 1.3093e-04
[2019-03-29 07:20:26] Ep. 52 : Up. 84500 : Sen. 256,032 : Cost 48.99912262 : Time 302.12s : 13987.50 words/s : L.r. 1.3054e-04
[2019-03-29 07:25:30] Ep. 52 : Up. 85000 : Sen. 422,472 : Cost 47.39294052 : Time 304.01s : 14045.72 words/s : L.r. 1.3016e-04
[2019-03-29 07:25:30] Saving model weights and runtime parameters to model/model.src1tgt0.docnew.enc_depth.pretrained.notfrozen.npz.orig.npz
[2019-03-29 07:25:36] Saving model weights and runtime parameters to model/model.src1tgt0.docnew.enc_depth.pretrained.notfrozen.iter85000.npz
[2019-03-29 07:25:41] Saving model weights and runtime parameters to model/model.src1tgt0.docnew.enc_depth.pretrained.notfrozen.npz
[2019-03-29 07:25:47] Saving Adam parameters to model/model.src1tgt0.docnew.enc_depth.pretrained.notfrozen.npz.optimizer.npz
[2019-03-29 07:26:07] [valid] Ep. 52 : Up. 85000 : cross-entropy : 54.2556 : stalled 10 times (last best: 47.2626)
[2019-03-29 07:26:17] [valid] Ep. 52 : Up. 85000 : perplexity : 5.76995 : stalled 10 times (last best: 4.60325)
Detokenizer Version $Revision: 4134 $
Language: en
[2019-03-29 07:29:24] [valid] Ep. 52 : Up. 85000 : translation : 27.4 : stalled 10 times (last best: 28.3)
[2019-03-29 07:29:24] Training finished
[2019-03-29 07:29:24] Saving model weights and runtime parameters to model/model.src1tgt0.docnew.enc_depth.pretrained.notfrozen.npz.orig.npz
[2019-03-29 07:29:29] Saving model weights and runtime parameters to model/model.src1tgt0.docnew.enc_depth.pretrained.notfrozen.npz
[2019-03-29 07:29:34] Saving Adam parameters to model/model.src1tgt0.docnew.enc_depth.pretrained.notfrozen.npz.optimizer.npz
