[2018-12-03 00:04:05] [marian] Marian v1.7.0 67124f8 2018-11-28 13:04:30 +0000
[2018-12-03 00:04:05] [marian] Running on cosmas.lingea.cz as process 123366 with command line:
[2018-12-03 00:04:05] [marian] /home/big_maggie/usr/marian_cosmas/marian_1.7.0/marian-dev/build/marian --model model/model.src1tgt0.2gpu.fit.3.npz --type transformer --train-sets corp/europarl.cs-en.docs.train.en.bpe corp/europarl.cs-en.docs.train.cz.bpe --max-length 160 --vocabs corp/vocab.encs.europarl.yml corp/vocab.encs.europarl.yml --mini-batch-fit -w 9400 --mini-batch 1000 --maxi-batch 1000 --early-stopping 15 --valid-freq 5000 --save-freq 5000 --disp-freq 500 --valid-metrics cross-entropy perplexity translation --valid-sets corp/europarl.cs-en.docs.dev.en.bpe corp/europarl.cs-en.docs.dev.cz.bpe --valid-script-path ./val.sh --valid-translation-output data/valid.bpe.en.output --quiet-translation --valid-mini-batch 16 --beam-size 6 --normalize 0.6 --log model/train_trans.log --valid-log model/valid_trans.log --enc-depth 6 --dec-depth 6 --transformer-heads 8 --transformer-postprocess-emb d --transformer-postprocess dan --transformer-dropout 0.1 --label-smoothing 0.1 --learn-rate 0.0003 --lr-warmup 16000 --lr-decay-inv-sqrt 16000 --lr-report --optimizer-params 0.9 0.98 1e-09 --clip-norm 5 --tied-embeddings-all --optimizer-delay 1 --devices 0 2 --sync-sgd --seed 1111 --exponential-smoothing
[2018-12-03 00:04:05] [config] after-batches: 0
[2018-12-03 00:04:05] [config] after-epochs: 0
[2018-12-03 00:04:05] [config] allow-unk: false
[2018-12-03 00:04:05] [config] beam-size: 6
[2018-12-03 00:04:05] [config] best-deep: false
[2018-12-03 00:04:05] [config] clip-gemm: 0
[2018-12-03 00:04:05] [config] clip-norm: 5
[2018-12-03 00:04:05] [config] cost-type: ce-mean
[2018-12-03 00:04:05] [config] cpu-threads: 0
[2018-12-03 00:04:05] [config] data-weighting-type: sentence
[2018-12-03 00:04:05] [config] dec-cell: gru
[2018-12-03 00:04:05] [config] dec-cell-base-depth: 2
[2018-12-03 00:04:05] [config] dec-cell-high-depth: 1
[2018-12-03 00:04:05] [config] dec-depth: 6
[2018-12-03 00:04:05] [config] devices:
[2018-12-03 00:04:05] [config]   - 0
[2018-12-03 00:04:05] [config]   - 2
[2018-12-03 00:04:05] [config] dim-emb: 512
[2018-12-03 00:04:05] [config] dim-rnn: 1024
[2018-12-03 00:04:05] [config] dim-vocabs:
[2018-12-03 00:04:05] [config]   - 0
[2018-12-03 00:04:05] [config]   - 0
[2018-12-03 00:04:05] [config] disp-first: 0
[2018-12-03 00:04:05] [config] disp-freq: 500
[2018-12-03 00:04:05] [config] disp-label-counts: false
[2018-12-03 00:04:05] [config] dropout-rnn: 0
[2018-12-03 00:04:05] [config] dropout-src: 0
[2018-12-03 00:04:05] [config] dropout-trg: 0
[2018-12-03 00:04:05] [config] early-stopping: 15
[2018-12-03 00:04:05] [config] embedding-fix-src: false
[2018-12-03 00:04:05] [config] embedding-fix-trg: false
[2018-12-03 00:04:05] [config] embedding-normalization: false
[2018-12-03 00:04:05] [config] enc-cell: gru
[2018-12-03 00:04:05] [config] enc-cell-depth: 1
[2018-12-03 00:04:05] [config] enc-depth: 6
[2018-12-03 00:04:05] [config] enc-type: bidirectional
[2018-12-03 00:04:05] [config] exponential-smoothing: 0.0001
[2018-12-03 00:04:05] [config] grad-dropping-momentum: 0
[2018-12-03 00:04:05] [config] grad-dropping-rate: 0
[2018-12-03 00:04:05] [config] grad-dropping-warmup: 100
[2018-12-03 00:04:05] [config] guided-alignment: none
[2018-12-03 00:04:05] [config] guided-alignment-cost: mse
[2018-12-03 00:04:05] [config] guided-alignment-weight: 0.1
[2018-12-03 00:04:05] [config] ignore-model-config: false
[2018-12-03 00:04:05] [config] interpolate-env-vars: false
[2018-12-03 00:04:05] [config] keep-best: false
[2018-12-03 00:04:05] [config] label-smoothing: 0.1
[2018-12-03 00:04:05] [config] layer-normalization: false
[2018-12-03 00:04:05] [config] learn-rate: 0.0003
[2018-12-03 00:04:05] [config] log: model/train_trans.log
[2018-12-03 00:04:05] [config] log-level: info
[2018-12-03 00:04:05] [config] lr-decay: 0
[2018-12-03 00:04:05] [config] lr-decay-freq: 50000
[2018-12-03 00:04:05] [config] lr-decay-inv-sqrt: 16000
[2018-12-03 00:04:05] [config] lr-decay-repeat-warmup: false
[2018-12-03 00:04:05] [config] lr-decay-reset-optimizer: false
[2018-12-03 00:04:05] [config] lr-decay-start:
[2018-12-03 00:04:05] [config]   - 10
[2018-12-03 00:04:05] [config]   - 1
[2018-12-03 00:04:05] [config] lr-decay-strategy: epoch+stalled
[2018-12-03 00:04:05] [config] lr-report: true
[2018-12-03 00:04:05] [config] lr-warmup: 16000
[2018-12-03 00:04:05] [config] lr-warmup-at-reload: false
[2018-12-03 00:04:05] [config] lr-warmup-cycle: false
[2018-12-03 00:04:05] [config] lr-warmup-start-rate: 0
[2018-12-03 00:04:05] [config] max-length: 160
[2018-12-03 00:04:05] [config] max-length-crop: false
[2018-12-03 00:04:05] [config] max-length-factor: 3
[2018-12-03 00:04:05] [config] maxi-batch: 1000
[2018-12-03 00:04:05] [config] maxi-batch-sort: trg
[2018-12-03 00:04:05] [config] mini-batch: 1000
[2018-12-03 00:04:05] [config] mini-batch-fit: true
[2018-12-03 00:04:05] [config] mini-batch-fit-step: 10
[2018-12-03 00:04:05] [config] mini-batch-words: 0
[2018-12-03 00:04:05] [config] model: model/model.src1tgt0.2gpu.fit.3.npz
[2018-12-03 00:04:05] [config] multi-node: false
[2018-12-03 00:04:05] [config] multi-node-overlap: true
[2018-12-03 00:04:05] [config] n-best: false
[2018-12-03 00:04:05] [config] no-nccl: false
[2018-12-03 00:04:05] [config] no-reload: false
[2018-12-03 00:04:05] [config] no-restore-corpus: false
[2018-12-03 00:04:05] [config] no-shuffle: false
[2018-12-03 00:04:05] [config] normalize: 0.6
[2018-12-03 00:04:05] [config] optimizer: adam
[2018-12-03 00:04:05] [config] optimizer-delay: 1
[2018-12-03 00:04:05] [config] optimizer-params:
[2018-12-03 00:04:05] [config]   - 0.9
[2018-12-03 00:04:05] [config]   - 0.98
[2018-12-03 00:04:05] [config]   - 1e-09
[2018-12-03 00:04:05] [config] overwrite: false
[2018-12-03 00:04:05] [config] quiet: false
[2018-12-03 00:04:05] [config] quiet-translation: true
[2018-12-03 00:04:05] [config] relative-paths: false
[2018-12-03 00:04:05] [config] right-left: false
[2018-12-03 00:04:05] [config] save-freq: 5000
[2018-12-03 00:04:05] [config] seed: 1111
[2018-12-03 00:04:05] [config] sentencepiece-alphas:
[2018-12-03 00:04:05] [config]   []
[2018-12-03 00:04:05] [config] sentencepiece-max-lines: 10000000
[2018-12-03 00:04:05] [config] sentencepiece-options: ""
[2018-12-03 00:04:05] [config] shuffle-in-ram: false
[2018-12-03 00:04:05] [config] skip: false
[2018-12-03 00:04:05] [config] sqlite: ""
[2018-12-03 00:04:05] [config] sqlite-drop: false
[2018-12-03 00:04:05] [config] sync-sgd: true
[2018-12-03 00:04:05] [config] tempdir: /tmp
[2018-12-03 00:04:05] [config] tied-embeddings: false
[2018-12-03 00:04:05] [config] tied-embeddings-all: true
[2018-12-03 00:04:05] [config] tied-embeddings-src: false
[2018-12-03 00:04:05] [config] train-sets:
[2018-12-03 00:04:05] [config]   - corp/europarl.cs-en.docs.train.en.bpe
[2018-12-03 00:04:05] [config]   - corp/europarl.cs-en.docs.train.cz.bpe
[2018-12-03 00:04:05] [config] transformer-aan-activation: swish
[2018-12-03 00:04:05] [config] transformer-aan-depth: 2
[2018-12-03 00:04:05] [config] transformer-aan-nogate: false
[2018-12-03 00:04:05] [config] transformer-decoder-autoreg: self-attention
[2018-12-03 00:04:05] [config] transformer-dim-aan: 2048
[2018-12-03 00:04:05] [config] transformer-dim-ffn: 2048
[2018-12-03 00:04:05] [config] transformer-dropout: 0.1
[2018-12-03 00:04:05] [config] transformer-dropout-attention: 0
[2018-12-03 00:04:05] [config] transformer-dropout-ffn: 0
[2018-12-03 00:04:05] [config] transformer-ffn-activation: swish
[2018-12-03 00:04:05] [config] transformer-ffn-depth: 2
[2018-12-03 00:04:05] [config] transformer-guided-alignment-layer: last
[2018-12-03 00:04:05] [config] transformer-heads: 8
[2018-12-03 00:04:05] [config] transformer-no-projection: false
[2018-12-03 00:04:05] [config] transformer-postprocess: dan
[2018-12-03 00:04:05] [config] transformer-postprocess-emb: d
[2018-12-03 00:04:05] [config] transformer-preprocess: ""
[2018-12-03 00:04:05] [config] transformer-tied-layers:
[2018-12-03 00:04:05] [config]   []
[2018-12-03 00:04:05] [config] type: transformer
[2018-12-03 00:04:05] [config] ulr: false
[2018-12-03 00:04:05] [config] ulr-dim-emb: 0
[2018-12-03 00:04:05] [config] ulr-dropout: 0
[2018-12-03 00:04:05] [config] ulr-keys-vectors: ""
[2018-12-03 00:04:05] [config] ulr-query-vectors: ""
[2018-12-03 00:04:05] [config] ulr-softmax-temperature: 1
[2018-12-03 00:04:05] [config] ulr-trainable-transformation: false
[2018-12-03 00:04:05] [config] valid-freq: 5000
[2018-12-03 00:04:05] [config] valid-log: model/valid_trans.log
[2018-12-03 00:04:05] [config] valid-max-length: 1000
[2018-12-03 00:04:05] [config] valid-metrics:
[2018-12-03 00:04:05] [config]   - cross-entropy
[2018-12-03 00:04:05] [config]   - perplexity
[2018-12-03 00:04:05] [config]   - translation
[2018-12-03 00:04:05] [config] valid-mini-batch: 16
[2018-12-03 00:04:05] [config] valid-script-path: ./val.sh
[2018-12-03 00:04:05] [config] valid-sets:
[2018-12-03 00:04:05] [config]   - corp/europarl.cs-en.docs.dev.en.bpe
[2018-12-03 00:04:05] [config]   - corp/europarl.cs-en.docs.dev.cz.bpe
[2018-12-03 00:04:05] [config] valid-translation-output: data/valid.bpe.en.output
[2018-12-03 00:04:05] [config] vocabs:
[2018-12-03 00:04:05] [config]   - corp/vocab.encs.europarl.yml
[2018-12-03 00:04:05] [config]   - corp/vocab.encs.europarl.yml
[2018-12-03 00:04:05] [config] word-penalty: 0
[2018-12-03 00:04:05] [config] workspace: 9400
[2018-12-03 00:04:05] [config] Model is being created with Marian v1.7.0 67124f8 2018-11-28 13:04:30 +0000
[2018-12-03 00:04:05] Using synchronous training
[2018-12-03 00:04:05] [data] Loading vocabulary from JSON/Yaml file corp/vocab.encs.europarl.yml
[2018-12-03 00:04:05] [data] Setting vocabulary size for input 0 to 32000
[2018-12-03 00:04:05] [data] Loading vocabulary from JSON/Yaml file corp/vocab.encs.europarl.yml
[2018-12-03 00:04:05] [data] Setting vocabulary size for input 1 to 32000
[2018-12-03 00:04:05] [batching] Collecting statistics for batch fitting with step size 10
[2018-12-03 00:04:05] Compiled without MPI support. Falling back to FakeMPIWrapper
[2018-12-03 00:04:06] [memory] Extending reserved space to 9472 MB (device gpu0)
[2018-12-03 00:04:06] [memory] Extending reserved space to 9472 MB (device gpu2)
[2018-12-03 00:04:06] [comm] Using NCCL 2.1.15 for GPU communication
[2018-12-03 00:04:07] [memory] Reserving 230 MB, device gpu0
[2018-12-03 00:04:07] [memory] Reserving 230 MB, device gpu0
[2018-12-03 00:04:27] [batching] Done
[2018-12-03 00:04:27] [memory] Extending reserved space to 9472 MB (device gpu0)
[2018-12-03 00:04:28] [memory] Extending reserved space to 9472 MB (device gpu2)
[2018-12-03 00:04:28] [comm] Using NCCL 2.1.15 for GPU communication
[2018-12-03 00:04:28] Training started
[2018-12-03 00:04:28] [data] Shuffling files
[2018-12-03 00:04:29] [data] Done reading 620637 sentences
[2018-12-03 00:04:31] [data] Done shuffling 620637 sentences to temp files
[2018-12-03 00:04:51] [memory] Reserving 230 MB, device gpu0
[2018-12-03 00:04:51] [memory] Reserving 230 MB, device gpu2
[2018-12-03 00:04:51] [memory] Reserving 115 MB, device gpu0
[2018-12-03 00:04:51] [memory] Reserving 115 MB, device gpu2
[2018-12-03 00:04:51] [memory] Reserving 230 MB, device gpu2
[2018-12-03 00:04:51] [memory] Reserving 230 MB, device gpu0
[2018-12-03 00:04:51] [memory] Reserving 230 MB, device gpu0
[2018-12-03 00:04:51] [memory] Reserving 230 MB, device gpu2
[2018-12-03 00:08:10] Ep. 1 : Up. 500 : Sen. 90,086 : Cost 291.77014160 : Time 222.87s : 12032.71 words/s : L.r. 9.3750e-06
[2018-12-03 00:11:35] Ep. 1 : Up. 1000 : Sen. 180,591 : Cost 256.25671387 : Time 205.02s : 13532.65 words/s : L.r. 1.8750e-05
[2018-12-03 00:14:57] Ep. 1 : Up. 1500 : Sen. 269,400 : Cost 237.11907959 : Time 201.92s : 13245.93 words/s : L.r. 2.8125e-05
[2018-12-03 00:18:20] Ep. 1 : Up. 2000 : Sen. 359,476 : Cost 226.28784180 : Time 203.18s : 13261.88 words/s : L.r. 3.7500e-05
[2018-12-03 00:21:46] Ep. 1 : Up. 2500 : Sen. 451,715 : Cost 216.94773865 : Time 205.48s : 13567.37 words/s : L.r. 4.6875e-05
[2018-12-03 00:25:11] Ep. 1 : Up. 3000 : Sen. 539,634 : Cost 220.63549805 : Time 205.45s : 13762.64 words/s : L.r. 5.6250e-05
[2018-12-03 00:28:10] Seen 618318 samples
[2018-12-03 00:28:10] Starting epoch 2
[2018-12-03 00:28:10] [data] Shuffling files
[2018-12-03 00:28:11] [data] Done reading 620637 sentences
[2018-12-03 00:28:13] [data] Done shuffling 620637 sentences to temp files
[2018-12-03 00:28:58] Ep. 2 : Up. 3500 : Sen. 10,356 : Cost 201.05715942 : Time 226.54s : 12047.00 words/s : L.r. 6.5625e-05
[2018-12-03 00:32:21] Ep. 2 : Up. 4000 : Sen. 99,727 : Cost 191.59268188 : Time 203.33s : 13392.72 words/s : L.r. 7.5000e-05
[2018-12-03 00:35:45] Ep. 2 : Up. 4500 : Sen. 191,710 : Cost 178.18827820 : Time 203.74s : 13346.41 words/s : L.r. 8.4375e-05
[2018-12-03 00:39:09] Ep. 2 : Up. 5000 : Sen. 279,524 : Cost 180.28215027 : Time 203.80s : 13380.48 words/s : L.r. 9.3750e-05
[2018-12-03 00:39:09] Saving model weights and runtime parameters to model/model.src1tgt0.2gpu.fit.3.npz.orig.npz
[2018-12-03 00:39:11] Saving model weights and runtime parameters to model/model.src1tgt0.2gpu.fit.3.iter5000.npz
[2018-12-03 00:39:12] Saving model weights and runtime parameters to model/model.src1tgt0.2gpu.fit.3.npz
[2018-12-03 00:39:14] Saving Adam parameters to model/model.src1tgt0.2gpu.fit.3.npz.optimizer.npz
[2018-12-03 00:39:28] [valid] Ep. 2 : Up. 5000 : cross-entropy : 159.497 : new best
[2018-12-03 00:39:35] [valid] Ep. 2 : Up. 5000 : perplexity : 172.84 : new best
Detokenizer Version $Revision: 4134 $
Language: en
[2018-12-03 00:51:00] [valid] Ep. 2 : Up. 5000 : translation : 1.48 : new best
[2018-12-03 00:54:29] Ep. 2 : Up. 5500 : Sen. 369,090 : Cost 172.01889038 : Time 919.92s : 2998.06 words/s : L.r. 1.0313e-04
[2018-12-03 00:57:53] Ep. 2 : Up. 6000 : Sen. 460,592 : Cost 160.82202148 : Time 204.40s : 13313.22 words/s : L.r. 1.1250e-04
[2018-12-03 01:01:18] Ep. 2 : Up. 6500 : Sen. 550,566 : Cost 161.15681458 : Time 205.18s : 13490.83 words/s : L.r. 1.2188e-04
[2018-12-03 01:03:51] Seen 618318 samples
[2018-12-03 01:03:51] Starting epoch 3
[2018-12-03 01:03:51] [data] Shuffling files
[2018-12-03 01:03:52] [data] Done reading 620637 sentences
[2018-12-03 01:03:53] [data] Done shuffling 620637 sentences to temp files
[2018-12-03 01:05:05] Ep. 3 : Up. 7000 : Sen. 21,479 : Cost 155.24549866 : Time 226.73s : 12061.86 words/s : L.r. 1.3125e-04
[2018-12-03 01:08:30] Ep. 3 : Up. 7500 : Sen. 109,771 : Cost 152.31088257 : Time 204.82s : 13364.47 words/s : L.r. 1.4063e-04
[2018-12-03 01:11:54] Ep. 3 : Up. 8000 : Sen. 194,097 : Cost 153.77621460 : Time 204.61s : 13392.03 words/s : L.r. 1.5000e-04
[2018-12-03 01:15:20] Ep. 3 : Up. 8500 : Sen. 285,140 : Cost 134.94781494 : Time 205.14s : 13369.52 words/s : L.r. 1.5938e-04
[2018-12-03 01:18:45] Ep. 3 : Up. 9000 : Sen. 377,787 : Cost 125.54337311 : Time 205.43s : 13445.53 words/s : L.r. 1.6875e-04
[2018-12-03 01:22:11] Ep. 3 : Up. 9500 : Sen. 471,594 : Cost 117.47505188 : Time 206.34s : 13500.23 words/s : L.r. 1.7813e-04
[2018-12-03 01:25:36] Ep. 3 : Up. 10000 : Sen. 564,407 : Cost 108.99884796 : Time 204.92s : 13162.41 words/s : L.r. 1.8750e-04
[2018-12-03 01:25:36] Saving model weights and runtime parameters to model/model.src1tgt0.2gpu.fit.3.npz.orig.npz
[2018-12-03 01:25:38] Saving model weights and runtime parameters to model/model.src1tgt0.2gpu.fit.3.iter10000.npz
[2018-12-03 01:25:39] Saving model weights and runtime parameters to model/model.src1tgt0.2gpu.fit.3.npz
[2018-12-03 01:25:41] Saving Adam parameters to model/model.src1tgt0.2gpu.fit.3.npz.optimizer.npz
[2018-12-03 01:25:52] [valid] Ep. 3 : Up. 10000 : cross-entropy : 93.011 : new best
[2018-12-03 01:25:58] [valid] Ep. 3 : Up. 10000 : perplexity : 20.1784 : new best
Detokenizer Version $Revision: 4134 $
Language: en
[2018-12-03 01:29:27] [valid] Ep. 3 : Up. 10000 : translation : 10.45 : new best
[2018-12-03 01:31:34] Seen 618318 samples
[2018-12-03 01:31:34] Starting epoch 4
[2018-12-03 01:31:34] [data] Shuffling files
[2018-12-03 01:31:34] [data] Done reading 620637 sentences
[2018-12-03 01:31:36] [data] Done shuffling 620637 sentences to temp files
[2018-12-03 01:33:14] Ep. 4 : Up. 10500 : Sen. 36,172 : Cost 108.45615387 : Time 457.48s : 5937.28 words/s : L.r. 1.9688e-04
[2018-12-03 01:36:39] Ep. 4 : Up. 11000 : Sen. 130,342 : Cost 99.57207489 : Time 205.42s : 13257.68 words/s : L.r. 2.0625e-04
[2018-12-03 01:40:05] Ep. 4 : Up. 11500 : Sen. 221,387 : Cost 102.29827118 : Time 205.60s : 13471.50 words/s : L.r. 2.1563e-04
[2018-12-03 01:43:28] Ep. 4 : Up. 12000 : Sen. 308,555 : Cost 100.32716370 : Time 202.79s : 13143.22 words/s : L.r. 2.2500e-04
[2018-12-03 01:46:51] Ep. 4 : Up. 12500 : Sen. 396,170 : Cost 99.67601776 : Time 203.90s : 13336.64 words/s : L.r. 2.3438e-04
[2018-12-03 01:50:17] Ep. 4 : Up. 13000 : Sen. 486,480 : Cost 95.38075256 : Time 205.15s : 13336.10 words/s : L.r. 2.4375e-04
[2018-12-03 01:53:43] Ep. 4 : Up. 13500 : Sen. 575,095 : Cost 98.19186401 : Time 206.24s : 13604.41 words/s : L.r. 2.5313e-04
[2018-12-03 01:55:23] Seen 618318 samples
[2018-12-03 01:55:23] Starting epoch 5
[2018-12-03 01:55:23] [data] Shuffling files
[2018-12-03 01:55:24] [data] Done reading 620637 sentences
[2018-12-03 01:55:25] [data] Done shuffling 620637 sentences to temp files
[2018-12-03 01:57:30] Ep. 5 : Up. 14000 : Sen. 46,419 : Cost 94.12644958 : Time 226.89s : 12239.18 words/s : L.r. 2.6250e-04
[2018-12-03 02:00:55] Ep. 5 : Up. 14500 : Sen. 137,036 : Cost 90.04180145 : Time 205.59s : 13266.91 words/s : L.r. 2.7188e-04
[2018-12-03 02:04:20] Ep. 5 : Up. 15000 : Sen. 227,286 : Cost 89.14337158 : Time 204.44s : 13266.76 words/s : L.r. 2.8125e-04
[2018-12-03 02:04:20] Saving model weights and runtime parameters to model/model.src1tgt0.2gpu.fit.3.npz.orig.npz
[2018-12-03 02:04:22] Saving model weights and runtime parameters to model/model.src1tgt0.2gpu.fit.3.iter15000.npz
[2018-12-03 02:04:23] Saving model weights and runtime parameters to model/model.src1tgt0.2gpu.fit.3.npz
[2018-12-03 02:04:25] Saving Adam parameters to model/model.src1tgt0.2gpu.fit.3.npz.optimizer.npz
[2018-12-03 02:04:35] [valid] Ep. 5 : Up. 15000 : cross-entropy : 59.8273 : new best
[2018-12-03 02:04:42] [valid] Ep. 5 : Up. 15000 : perplexity : 6.90779 : new best
Detokenizer Version $Revision: 4134 $
Language: en
[2018-12-03 02:06:35] [valid] Ep. 5 : Up. 15000 : translation : 23.56 : new best
[2018-12-03 02:10:01] Ep. 5 : Up. 15500 : Sen. 314,445 : Cost 92.89830780 : Time 340.80s : 8027.53 words/s : L.r. 2.9063e-04
[2018-12-03 02:13:26] Ep. 5 : Up. 16000 : Sen. 402,472 : Cost 92.70309448 : Time 205.91s : 13459.16 words/s : L.r. 3.0000e-04
[2018-12-03 02:16:51] Ep. 5 : Up. 16500 : Sen. 495,069 : Cost 86.48216248 : Time 204.95s : 13404.22 words/s : L.r. 2.9542e-04
[2018-12-03 02:20:15] Ep. 5 : Up. 17000 : Sen. 583,120 : Cost 87.94385529 : Time 203.69s : 13174.40 words/s : L.r. 2.9104e-04
[2018-12-03 02:21:30] Seen 618318 samples
[2018-12-03 02:21:30] Starting epoch 6
[2018-12-03 02:21:30] [data] Shuffling files
[2018-12-03 02:21:30] [data] Done reading 620637 sentences
[2018-12-03 02:21:32] [data] Done shuffling 620637 sentences to temp files
[2018-12-03 02:24:02] Ep. 6 : Up. 17500 : Sen. 56,759 : Cost 85.49378967 : Time 227.31s : 12235.09 words/s : L.r. 2.8685e-04
[2018-12-03 02:27:29] Ep. 6 : Up. 18000 : Sen. 148,284 : Cost 86.54237366 : Time 206.97s : 13672.20 words/s : L.r. 2.8284e-04
[2018-12-03 02:30:55] Ep. 6 : Up. 18500 : Sen. 236,206 : Cost 87.40371704 : Time 205.65s : 13397.69 words/s : L.r. 2.7899e-04
[2018-12-03 02:34:19] Ep. 6 : Up. 19000 : Sen. 325,908 : Cost 82.87924194 : Time 203.88s : 13197.45 words/s : L.r. 2.7530e-04
[2018-12-03 02:37:44] Ep. 6 : Up. 19500 : Sen. 418,484 : Cost 82.84640503 : Time 205.54s : 13533.61 words/s : L.r. 2.7175e-04
[2018-12-03 02:41:09] Ep. 6 : Up. 20000 : Sen. 508,433 : Cost 83.05664825 : Time 204.54s : 13322.74 words/s : L.r. 2.6833e-04
[2018-12-03 02:41:09] Saving model weights and runtime parameters to model/model.src1tgt0.2gpu.fit.3.npz.orig.npz
[2018-12-03 02:41:11] Saving model weights and runtime parameters to model/model.src1tgt0.2gpu.fit.3.iter20000.npz
[2018-12-03 02:41:12] Saving model weights and runtime parameters to model/model.src1tgt0.2gpu.fit.3.npz
[2018-12-03 02:41:14] Saving Adam parameters to model/model.src1tgt0.2gpu.fit.3.npz.optimizer.npz
[2018-12-03 02:41:24] [valid] Ep. 6 : Up. 20000 : cross-entropy : 51.9893 : new best
[2018-12-03 02:41:31] [valid] Ep. 6 : Up. 20000 : perplexity : 5.36263 : new best
Detokenizer Version $Revision: 4134 $
Language: en
[2018-12-03 02:43:26] [valid] Ep. 6 : Up. 20000 : translation : 26.46 : new best
[2018-12-03 02:46:49] Ep. 6 : Up. 20500 : Sen. 596,211 : Cost 82.20030212 : Time 340.40s : 7742.38 words/s : L.r. 2.6504e-04
[2018-12-03 02:47:38] Seen 618318 samples
[2018-12-03 02:47:38] Starting epoch 7
[2018-12-03 02:47:38] [data] Shuffling files
[2018-12-03 02:47:38] [data] Done reading 620637 sentences
[2018-12-03 02:47:40] [data] Done shuffling 620637 sentences to temp files
[2018-12-03 02:50:38] Ep. 7 : Up. 21000 : Sen. 68,779 : Cost 81.38823700 : Time 228.45s : 12088.15 words/s : L.r. 2.6186e-04
[2018-12-03 02:54:03] Ep. 7 : Up. 21500 : Sen. 159,350 : Cost 80.61772156 : Time 204.91s : 13363.12 words/s : L.r. 2.5880e-04
[2018-12-03 02:57:29] Ep. 7 : Up. 22000 : Sen. 248,320 : Cost 83.29547119 : Time 206.57s : 13467.11 words/s : L.r. 2.5584e-04
[2018-12-03 03:00:54] Ep. 7 : Up. 22500 : Sen. 336,266 : Cost 81.21648407 : Time 204.27s : 13144.79 words/s : L.r. 2.5298e-04
[2018-12-03 03:04:20] Ep. 7 : Up. 23000 : Sen. 425,775 : Cost 81.05079651 : Time 205.92s : 13296.83 words/s : L.r. 2.5022e-04
[2018-12-03 03:07:45] Ep. 7 : Up. 23500 : Sen. 516,734 : Cost 79.42130280 : Time 205.53s : 13263.02 words/s : L.r. 2.4754e-04
[2018-12-03 03:11:12] Ep. 7 : Up. 24000 : Sen. 609,229 : Cost 78.83869171 : Time 206.52s : 13420.03 words/s : L.r. 2.4495e-04
[2018-12-03 03:11:33] Seen 618318 samples
[2018-12-03 03:11:33] Starting epoch 8
[2018-12-03 03:11:33] [data] Shuffling files
[2018-12-03 03:11:34] [data] Done reading 620637 sentences
[2018-12-03 03:11:35] [data] Done shuffling 620637 sentences to temp files
[2018-12-03 03:15:02] Ep. 8 : Up. 24500 : Sen. 80,442 : Cost 80.60268402 : Time 230.09s : 12158.33 words/s : L.r. 2.4244e-04
[2018-12-03 03:18:29] Ep. 8 : Up. 25000 : Sen. 171,136 : Cost 79.83469391 : Time 207.80s : 13502.17 words/s : L.r. 2.4000e-04
[2018-12-03 03:18:29] Saving model weights and runtime parameters to model/model.src1tgt0.2gpu.fit.3.npz.orig.npz
[2018-12-03 03:18:32] Saving model weights and runtime parameters to model/model.src1tgt0.2gpu.fit.3.iter25000.npz
[2018-12-03 03:18:32] Saving model weights and runtime parameters to model/model.src1tgt0.2gpu.fit.3.npz
[2018-12-03 03:18:35] Saving Adam parameters to model/model.src1tgt0.2gpu.fit.3.npz.optimizer.npz
[2018-12-03 03:18:45] [valid] Ep. 8 : Up. 25000 : cross-entropy : 48.3686 : new best
[2018-12-03 03:18:51] [valid] Ep. 8 : Up. 25000 : perplexity : 4.77069 : new best
Detokenizer Version $Revision: 4134 $
Language: en
[2018-12-03 03:20:47] [valid] Ep. 8 : Up. 25000 : translation : 27.78 : new best
[2018-12-03 03:24:12] Ep. 8 : Up. 25500 : Sen. 262,250 : Cost 76.19738770 : Time 342.79s : 7855.53 words/s : L.r. 2.3764e-04
[2018-12-03 03:27:38] Ep. 8 : Up. 26000 : Sen. 349,853 : Cost 80.43215179 : Time 205.42s : 13277.61 words/s : L.r. 2.3534e-04
[2018-12-03 03:31:04] Ep. 8 : Up. 26500 : Sen. 442,616 : Cost 76.22034454 : Time 205.90s : 13343.20 words/s : L.r. 2.3311e-04
[2018-12-03 03:34:29] Ep. 8 : Up. 27000 : Sen. 532,216 : Cost 79.29056549 : Time 205.75s : 13398.90 words/s : L.r. 2.3094e-04
[2018-12-03 03:37:47] Seen 618318 samples
[2018-12-03 03:37:47] Starting epoch 9
[2018-12-03 03:37:47] [data] Shuffling files
[2018-12-03 03:37:47] [data] Done reading 620637 sentences
[2018-12-03 03:37:49] [data] Done shuffling 620637 sentences to temp files
[2018-12-03 03:38:15] Ep. 9 : Up. 27500 : Sen. 2,174 : Cost 76.83353424 : Time 225.98s : 11675.89 words/s : L.r. 2.2883e-04
[2018-12-03 03:41:40] Ep. 9 : Up. 28000 : Sen. 91,618 : Cost 75.85547638 : Time 204.91s : 13201.11 words/s : L.r. 2.2678e-04
[2018-12-03 03:45:05] Ep. 9 : Up. 28500 : Sen. 181,303 : Cost 76.14662170 : Time 204.60s : 13264.55 words/s : L.r. 2.2478e-04
[2018-12-03 03:48:31] Ep. 9 : Up. 29000 : Sen. 272,753 : Cost 77.14627838 : Time 206.57s : 13529.26 words/s : L.r. 2.2283e-04
[2018-12-03 03:51:56] Ep. 9 : Up. 29500 : Sen. 365,431 : Cost 73.58215332 : Time 204.20s : 13232.48 words/s : L.r. 2.2094e-04
[2018-12-03 03:55:20] Ep. 9 : Up. 30000 : Sen. 454,136 : Cost 77.15029144 : Time 204.14s : 13269.48 words/s : L.r. 2.1909e-04
[2018-12-03 03:55:20] Saving model weights and runtime parameters to model/model.src1tgt0.2gpu.fit.3.npz.orig.npz
[2018-12-03 03:55:22] Saving model weights and runtime parameters to model/model.src1tgt0.2gpu.fit.3.iter30000.npz
[2018-12-03 03:55:23] Saving model weights and runtime parameters to model/model.src1tgt0.2gpu.fit.3.npz
[2018-12-03 03:55:24] Saving Adam parameters to model/model.src1tgt0.2gpu.fit.3.npz.optimizer.npz
[2018-12-03 03:55:35] [valid] Ep. 9 : Up. 30000 : cross-entropy : 46.4177 : new best
[2018-12-03 03:55:41] [valid] Ep. 9 : Up. 30000 : perplexity : 4.47932 : new best
Detokenizer Version $Revision: 4134 $
Language: en
[2018-12-03 03:57:37] [valid] Ep. 9 : Up. 30000 : translation : 28.41 : new best
[2018-12-03 04:01:03] Ep. 9 : Up. 30500 : Sen. 542,925 : Cost 78.44940186 : Time 343.57s : 8034.58 words/s : L.r. 2.1729e-04
[2018-12-03 04:03:58] Seen 618318 samples
[2018-12-03 04:03:58] Starting epoch 10
[2018-12-03 04:03:58] [data] Shuffling files
[2018-12-03 04:03:59] [data] Done reading 620637 sentences
[2018-12-03 04:04:00] [data] Done shuffling 620637 sentences to temp files
[2018-12-03 04:04:51] Ep. 10 : Up. 31000 : Sen. 14,530 : Cost 78.31470490 : Time 228.04s : 12271.63 words/s : L.r. 2.1553e-04
[2018-12-03 04:08:16] Ep. 10 : Up. 31500 : Sen. 103,886 : Cost 75.69946289 : Time 204.73s : 13411.89 words/s : L.r. 2.1381e-04
[2018-12-03 04:11:39] Ep. 10 : Up. 32000 : Sen. 192,733 : Cost 73.09971619 : Time 203.39s : 12947.08 words/s : L.r. 2.1213e-04
[2018-12-03 04:15:04] Ep. 10 : Up. 32500 : Sen. 283,538 : Cost 74.30078125 : Time 204.37s : 13304.79 words/s : L.r. 2.1049e-04
[2018-12-03 04:18:29] Ep. 10 : Up. 33000 : Sen. 374,524 : Cost 74.59777832 : Time 205.00s : 13341.29 words/s : L.r. 2.0889e-04
[2018-12-03 04:21:55] Ep. 10 : Up. 33500 : Sen. 464,818 : Cost 77.09921265 : Time 205.94s : 13608.38 words/s : L.r. 2.0733e-04
[2018-12-03 04:25:21] Ep. 10 : Up. 34000 : Sen. 553,117 : Cost 77.66907501 : Time 205.85s : 13423.89 words/s : L.r. 2.0580e-04
[2018-12-03 04:27:49] Seen 618318 samples
[2018-12-03 04:27:49] Starting epoch 11
[2018-12-03 04:27:49] [data] Shuffling files
[2018-12-03 04:27:49] [data] Done reading 620637 sentences
[2018-12-03 04:27:51] [data] Done shuffling 620637 sentences to temp files
[2018-12-03 04:29:08] Ep. 11 : Up. 34500 : Sen. 26,029 : Cost 74.95998383 : Time 227.11s : 12221.95 words/s : L.r. 2.0430e-04
[2018-12-03 04:32:32] Ep. 11 : Up. 35000 : Sen. 114,483 : Cost 74.04257202 : Time 204.68s : 13208.37 words/s : L.r. 2.0284e-04
[2018-12-03 04:32:32] Saving model weights and runtime parameters to model/model.src1tgt0.2gpu.fit.3.npz.orig.npz
[2018-12-03 04:32:34] Saving model weights and runtime parameters to model/model.src1tgt0.2gpu.fit.3.iter35000.npz
[2018-12-03 04:32:35] Saving model weights and runtime parameters to model/model.src1tgt0.2gpu.fit.3.npz
[2018-12-03 04:32:37] Saving Adam parameters to model/model.src1tgt0.2gpu.fit.3.npz.optimizer.npz
[2018-12-03 04:32:47] [valid] Ep. 11 : Up. 35000 : cross-entropy : 45.1526 : new best
[2018-12-03 04:32:54] [valid] Ep. 11 : Up. 35000 : perplexity : 4.29995 : new best
Detokenizer Version $Revision: 4134 $
Language: en
[2018-12-03 04:34:49] [valid] Ep. 11 : Up. 35000 : translation : 28.85 : new best
[2018-12-03 04:38:15] Ep. 11 : Up. 35500 : Sen. 205,200 : Cost 73.28762817 : Time 342.87s : 7964.93 words/s : L.r. 2.0140e-04
[2018-12-03 04:41:41] Ep. 11 : Up. 36000 : Sen. 298,286 : Cost 71.88349915 : Time 205.51s : 13346.47 words/s : L.r. 2.0000e-04
[2018-12-03 04:45:07] Ep. 11 : Up. 36500 : Sen. 386,646 : Cost 77.58341980 : Time 206.72s : 13567.96 words/s : L.r. 1.9863e-04
[2018-12-03 04:48:31] Ep. 11 : Up. 37000 : Sen. 475,365 : Cost 74.37824249 : Time 203.93s : 13204.28 words/s : L.r. 1.9728e-04
[2018-12-03 04:51:57] Ep. 11 : Up. 37500 : Sen. 566,008 : Cost 74.69256592 : Time 206.01s : 13413.50 words/s : L.r. 1.9596e-04
[2018-12-03 04:53:58] Seen 618318 samples
[2018-12-03 04:53:58] Starting epoch 12
[2018-12-03 04:53:58] [data] Shuffling files
[2018-12-03 04:53:58] [data] Done reading 620637 sentences
[2018-12-03 04:54:00] [data] Done shuffling 620637 sentences to temp files
[2018-12-03 04:55:43] Ep. 12 : Up. 38000 : Sen. 35,300 : Cost 75.57049561 : Time 225.96s : 12122.42 words/s : L.r. 1.9467e-04
[2018-12-03 04:59:07] Ep. 12 : Up. 38500 : Sen. 126,100 : Cost 70.72210693 : Time 203.43s : 13181.30 words/s : L.r. 1.9340e-04
[2018-12-03 05:02:30] Ep. 12 : Up. 39000 : Sen. 213,178 : Cost 74.36037445 : Time 203.55s : 13226.14 words/s : L.r. 1.9215e-04
[2018-12-03 05:05:56] Ep. 12 : Up. 39500 : Sen. 302,252 : Cost 75.63754272 : Time 206.15s : 13527.80 words/s : L.r. 1.9093e-04
[2018-12-03 05:09:24] Ep. 12 : Up. 40000 : Sen. 394,946 : Cost 74.11533356 : Time 207.76s : 13698.43 words/s : L.r. 1.8974e-04
[2018-12-03 05:09:24] Saving model weights and runtime parameters to model/model.src1tgt0.2gpu.fit.3.npz.orig.npz
[2018-12-03 05:09:26] Saving model weights and runtime parameters to model/model.src1tgt0.2gpu.fit.3.iter40000.npz
[2018-12-03 05:09:27] Saving model weights and runtime parameters to model/model.src1tgt0.2gpu.fit.3.npz
[2018-12-03 05:09:29] Saving Adam parameters to model/model.src1tgt0.2gpu.fit.3.npz.optimizer.npz
[2018-12-03 05:09:39] [valid] Ep. 12 : Up. 40000 : cross-entropy : 44.3575 : new best
[2018-12-03 05:09:46] [valid] Ep. 12 : Up. 40000 : perplexity : 4.19091 : new best
Detokenizer Version $Revision: 4134 $
Language: en
[2018-12-03 05:11:41] [valid] Ep. 12 : Up. 40000 : translation : 29.26 : new best
[2018-12-03 05:15:06] Ep. 12 : Up. 40500 : Sen. 483,003 : Cost 73.53905487 : Time 341.65s : 7861.16 words/s : L.r. 1.8856e-04
[2018-12-03 05:18:30] Ep. 12 : Up. 41000 : Sen. 575,982 : Cost 70.29611206 : Time 204.52s : 13240.34 words/s : L.r. 1.8741e-04
[2018-12-03 05:20:06] Seen 618318 samples
[2018-12-03 05:20:06] Starting epoch 13
[2018-12-03 05:20:06] [data] Shuffling files
[2018-12-03 05:20:06] [data] Done reading 620637 sentences
[2018-12-03 05:20:08] [data] Done shuffling 620637 sentences to temp files
[2018-12-03 05:22:18] Ep. 13 : Up. 41500 : Sen. 49,209 : Cost 71.79666901 : Time 227.37s : 12125.47 words/s : L.r. 1.8628e-04
[2018-12-03 05:25:43] Ep. 13 : Up. 42000 : Sen. 138,047 : Cost 73.21308136 : Time 205.12s : 13405.90 words/s : L.r. 1.8516e-04
[2018-12-03 05:29:08] Ep. 13 : Up. 42500 : Sen. 229,766 : Cost 71.20888519 : Time 205.45s : 13388.00 words/s : L.r. 1.8407e-04
[2018-12-03 05:32:32] Ep. 13 : Up. 43000 : Sen. 318,291 : Cost 72.77340698 : Time 203.67s : 13256.69 words/s : L.r. 1.8300e-04
[2018-12-03 05:35:55] Ep. 13 : Up. 43500 : Sen. 407,692 : Cost 71.78288269 : Time 203.20s : 13222.50 words/s : L.r. 1.8194e-04
[2018-12-03 05:39:20] Ep. 13 : Up. 44000 : Sen. 497,628 : Cost 72.19652557 : Time 204.66s : 13266.33 words/s : L.r. 1.8091e-04
[2018-12-03 05:42:47] Ep. 13 : Up. 44500 : Sen. 587,512 : Cost 75.81008911 : Time 207.28s : 13684.88 words/s : L.r. 1.7989e-04
[2018-12-03 05:43:56] Seen 618318 samples
[2018-12-03 05:43:56] Starting epoch 14
[2018-12-03 05:43:56] [data] Shuffling files
[2018-12-03 05:43:56] [data] Done reading 620637 sentences
[2018-12-03 05:43:58] [data] Done shuffling 620637 sentences to temp files
[2018-12-03 05:46:33] Ep. 14 : Up. 45000 : Sen. 60,428 : Cost 70.07099915 : Time 226.08s : 12015.12 words/s : L.r. 1.7889e-04
[2018-12-03 05:46:33] Saving model weights and runtime parameters to model/model.src1tgt0.2gpu.fit.3.npz.orig.npz
[2018-12-03 05:46:35] Saving model weights and runtime parameters to model/model.src1tgt0.2gpu.fit.3.iter45000.npz
[2018-12-03 05:46:36] Saving model weights and runtime parameters to model/model.src1tgt0.2gpu.fit.3.npz
[2018-12-03 05:46:38] Saving Adam parameters to model/model.src1tgt0.2gpu.fit.3.npz.optimizer.npz
[2018-12-03 05:46:48] [valid] Ep. 14 : Up. 45000 : cross-entropy : 43.7682 : new best
[2018-12-03 05:46:55] [valid] Ep. 14 : Up. 45000 : perplexity : 4.11188 : new best
Detokenizer Version $Revision: 4134 $
Language: en
[2018-12-03 05:48:50] [valid] Ep. 14 : Up. 45000 : translation : 29.41 : new best
[2018-12-03 05:52:15] Ep. 14 : Up. 45500 : Sen. 149,583 : Cost 71.54863739 : Time 342.17s : 7958.81 words/s : L.r. 1.7790e-04
[2018-12-03 05:55:41] Ep. 14 : Up. 46000 : Sen. 237,836 : Cost 74.40715027 : Time 205.98s : 13519.88 words/s : L.r. 1.7693e-04
[2018-12-03 05:59:06] Ep. 14 : Up. 46500 : Sen. 326,503 : Cost 73.23485565 : Time 204.32s : 13455.31 words/s : L.r. 1.7598e-04
[2018-12-03 06:02:31] Ep. 14 : Up. 47000 : Sen. 420,956 : Cost 69.36311340 : Time 205.50s : 13497.52 words/s : L.r. 1.7504e-04
[2018-12-03 06:05:55] Ep. 14 : Up. 47500 : Sen. 510,601 : Cost 71.73993683 : Time 204.00s : 13307.89 words/s : L.r. 1.7411e-04
[2018-12-03 06:09:20] Ep. 14 : Up. 48000 : Sen. 601,724 : Cost 70.24199677 : Time 204.28s : 13206.86 words/s : L.r. 1.7321e-04
[2018-12-03 06:10:02] Seen 618318 samples
[2018-12-03 06:10:02] Starting epoch 15
[2018-12-03 06:10:02] [data] Shuffling files
[2018-12-03 06:10:02] [data] Done reading 620637 sentences
[2018-12-03 06:10:04] [data] Done shuffling 620637 sentences to temp files
[2018-12-03 06:13:05] Ep. 15 : Up. 48500 : Sen. 72,165 : Cost 71.27484131 : Time 225.64s : 12040.58 words/s : L.r. 1.7231e-04
[2018-12-03 06:16:31] Ep. 15 : Up. 49000 : Sen. 164,610 : Cost 69.21683502 : Time 205.39s : 13398.05 words/s : L.r. 1.7143e-04
[2018-12-03 06:19:57] Ep. 15 : Up. 49500 : Sen. 252,927 : Cost 73.77745056 : Time 206.12s : 13524.81 words/s : L.r. 1.7056e-04
[2018-12-03 06:23:20] Ep. 15 : Up. 50000 : Sen. 341,334 : Cost 71.31597900 : Time 203.52s : 13241.57 words/s : L.r. 1.6971e-04
[2018-12-03 06:23:20] Saving model weights and runtime parameters to model/model.src1tgt0.2gpu.fit.3.npz.orig.npz
[2018-12-03 06:23:22] Saving model weights and runtime parameters to model/model.src1tgt0.2gpu.fit.3.iter50000.npz
[2018-12-03 06:23:23] Saving model weights and runtime parameters to model/model.src1tgt0.2gpu.fit.3.npz
[2018-12-03 06:23:25] Saving Adam parameters to model/model.src1tgt0.2gpu.fit.3.npz.optimizer.npz
[2018-12-03 06:23:36] [valid] Ep. 15 : Up. 50000 : cross-entropy : 43.3786 : new best
[2018-12-03 06:23:42] [valid] Ep. 15 : Up. 50000 : perplexity : 4.06046 : new best
Detokenizer Version $Revision: 4134 $
Language: en
[2018-12-03 06:25:37] [valid] Ep. 15 : Up. 50000 : translation : 29.63 : new best
[2018-12-03 06:29:03] Ep. 15 : Up. 50500 : Sen. 430,656 : Cost 71.42605591 : Time 342.92s : 7933.13 words/s : L.r. 1.6886e-04
[2018-12-03 06:32:28] Ep. 15 : Up. 51000 : Sen. 521,237 : Cost 70.00937653 : Time 204.79s : 13214.99 words/s : L.r. 1.6803e-04
[2018-12-03 06:35:54] Ep. 15 : Up. 51500 : Sen. 610,476 : Cost 74.12098694 : Time 206.25s : 13588.96 words/s : L.r. 1.6722e-04
[2018-12-03 06:36:10] Seen 618318 samples
[2018-12-03 06:36:10] Starting epoch 16
[2018-12-03 06:36:10] [data] Shuffling files
[2018-12-03 06:36:11] [data] Done reading 620637 sentences
[2018-12-03 06:36:13] [data] Done shuffling 620637 sentences to temp files
[2018-12-03 06:39:39] Ep. 16 : Up. 52000 : Sen. 82,829 : Cost 67.85067749 : Time 225.00s : 11926.55 words/s : L.r. 1.6641e-04
[2018-12-03 06:43:04] Ep. 16 : Up. 52500 : Sen. 173,388 : Cost 69.28902435 : Time 204.49s : 13324.04 words/s : L.r. 1.6562e-04
[2018-12-03 06:46:28] Ep. 16 : Up. 53000 : Sen. 263,006 : Cost 70.42753601 : Time 204.57s : 13312.48 words/s : L.r. 1.6483e-04
[2018-12-03 06:49:55] Ep. 16 : Up. 53500 : Sen. 353,249 : Cost 72.40402985 : Time 206.53s : 13602.65 words/s : L.r. 1.6406e-04
[2018-12-03 06:53:22] Ep. 16 : Up. 54000 : Sen. 441,785 : Cost 74.36135864 : Time 207.21s : 13599.53 words/s : L.r. 1.6330e-04
[2018-12-03 06:56:47] Ep. 16 : Up. 54500 : Sen. 534,212 : Cost 67.97849274 : Time 204.62s : 13191.82 words/s : L.r. 1.6255e-04
[2018-12-03 07:00:01] Seen 618318 samples
[2018-12-03 07:00:01] Starting epoch 17
[2018-12-03 07:00:01] [data] Shuffling files
[2018-12-03 07:00:01] [data] Done reading 620637 sentences
[2018-12-03 07:00:03] [data] Done shuffling 620637 sentences to temp files
[2018-12-03 07:00:32] Ep. 17 : Up. 55000 : Sen. 4,882 : Cost 71.49980164 : Time 225.91s : 12089.59 words/s : L.r. 1.6181e-04
[2018-12-03 07:00:32] Saving model weights and runtime parameters to model/model.src1tgt0.2gpu.fit.3.npz.orig.npz
[2018-12-03 07:00:34] Saving model weights and runtime parameters to model/model.src1tgt0.2gpu.fit.3.iter55000.npz
[2018-12-03 07:00:35] Saving model weights and runtime parameters to model/model.src1tgt0.2gpu.fit.3.npz
[2018-12-03 07:00:37] Saving Adam parameters to model/model.src1tgt0.2gpu.fit.3.npz.optimizer.npz
[2018-12-03 07:00:48] [valid] Ep. 17 : Up. 55000 : cross-entropy : 43.1123 : new best
[2018-12-03 07:00:54] [valid] Ep. 17 : Up. 55000 : perplexity : 4.02568 : new best
Detokenizer Version $Revision: 4134 $
Language: en
[2018-12-03 07:02:51] [valid] Ep. 17 : Up. 55000 : translation : 29.72 : new best
[2018-12-03 07:06:18] Ep. 17 : Up. 55500 : Sen. 93,749 : Cost 70.35607147 : Time 345.04s : 7965.27 words/s : L.r. 1.6108e-04
[2018-12-03 07:09:44] Ep. 17 : Up. 56000 : Sen. 182,431 : Cost 72.61363220 : Time 206.82s : 13575.71 words/s : L.r. 1.6036e-04
[2018-12-03 07:13:08] Ep. 17 : Up. 56500 : Sen. 270,488 : Cost 69.73635864 : Time 203.27s : 13147.29 words/s : L.r. 1.5965e-04
[2018-12-03 07:16:30] Ep. 17 : Up. 57000 : Sen. 360,435 : Cost 67.53255463 : Time 202.55s : 13039.81 words/s : L.r. 1.5894e-04
[2018-12-03 07:19:56] Ep. 17 : Up. 57500 : Sen. 453,660 : Cost 68.88510895 : Time 206.06s : 13470.59 words/s : L.r. 1.5825e-04
[2018-12-03 07:23:22] Ep. 17 : Up. 58000 : Sen. 544,383 : Cost 70.23241425 : Time 205.30s : 13418.70 words/s : L.r. 1.5757e-04
[2018-12-03 07:26:11] Seen 618318 samples
[2018-12-03 07:26:11] Starting epoch 18
[2018-12-03 07:26:11] [data] Shuffling files
[2018-12-03 07:26:11] [data] Done reading 620637 sentences
[2018-12-03 07:26:13] [data] Done shuffling 620637 sentences to temp files
[2018-12-03 07:27:08] Ep. 18 : Up. 58500 : Sen. 15,219 : Cost 71.47266388 : Time 226.27s : 12172.97 words/s : L.r. 1.5689e-04
[2018-12-03 07:30:33] Ep. 18 : Up. 59000 : Sen. 105,090 : Cost 68.89678192 : Time 205.10s : 13339.66 words/s : L.r. 1.5623e-04
[2018-12-03 07:33:57] Ep. 18 : Up. 59500 : Sen. 193,438 : Cost 69.66702271 : Time 204.06s : 13246.43 words/s : L.r. 1.5557e-04
[2018-12-03 07:37:23] Ep. 18 : Up. 60000 : Sen. 280,966 : Cost 72.87802124 : Time 205.96s : 13546.81 words/s : L.r. 1.5492e-04
[2018-12-03 07:37:23] Saving model weights and runtime parameters to model/model.src1tgt0.2gpu.fit.3.npz.orig.npz
[2018-12-03 07:37:25] Saving model weights and runtime parameters to model/model.src1tgt0.2gpu.fit.3.iter60000.npz
[2018-12-03 07:37:26] Saving model weights and runtime parameters to model/model.src1tgt0.2gpu.fit.3.npz
[2018-12-03 07:37:28] Saving Adam parameters to model/model.src1tgt0.2gpu.fit.3.npz.optimizer.npz
[2018-12-03 07:37:39] [valid] Ep. 18 : Up. 60000 : cross-entropy : 42.9413 : new best
[2018-12-03 07:37:45] [valid] Ep. 18 : Up. 60000 : perplexity : 4.00351 : new best
Detokenizer Version $Revision: 4134 $
Language: en
[2018-12-03 07:39:40] [valid] Ep. 18 : Up. 60000 : translation : 29.85 : new best
[2018-12-03 07:43:08] Ep. 18 : Up. 60500 : Sen. 370,253 : Cost 72.80616760 : Time 345.18s : 8201.55 words/s : L.r. 1.5428e-04
[2018-12-03 07:46:32] Ep. 18 : Up. 61000 : Sen. 460,650 : Cost 68.31407928 : Time 203.99s : 13207.88 words/s : L.r. 1.5364e-04
[2018-12-03 07:49:57] Ep. 18 : Up. 61500 : Sen. 555,538 : Cost 66.13712311 : Time 205.21s : 13302.96 words/s : L.r. 1.5302e-04
[2018-12-03 07:52:19] Seen 618318 samples
[2018-12-03 07:52:19] Starting epoch 19
[2018-12-03 07:52:19] [data] Shuffling files
[2018-12-03 07:52:20] [data] Done reading 620637 sentences
[2018-12-03 07:52:21] [data] Done shuffling 620637 sentences to temp files
[2018-12-03 07:53:43] Ep. 19 : Up. 62000 : Sen. 26,241 : Cost 68.97234344 : Time 226.02s : 11921.88 words/s : L.r. 1.5240e-04
[2018-12-03 07:57:09] Ep. 19 : Up. 62500 : Sen. 117,199 : Cost 67.82210541 : Time 206.15s : 13316.03 words/s : L.r. 1.5179e-04
[2018-12-03 08:00:34] Ep. 19 : Up. 63000 : Sen. 209,213 : Cost 65.86907196 : Time 204.79s : 13123.84 words/s : L.r. 1.5119e-04
[2018-12-03 08:03:59] Ep. 19 : Up. 63500 : Sen. 300,973 : Cost 67.25965118 : Time 204.82s : 13308.59 words/s : L.r. 1.5059e-04
[2018-12-03 08:07:23] Ep. 19 : Up. 64000 : Sen. 389,514 : Cost 70.36930847 : Time 204.39s : 13394.71 words/s : L.r. 1.5000e-04
[2018-12-03 08:10:48] Ep. 19 : Up. 64500 : Sen. 480,541 : Cost 69.39057159 : Time 204.89s : 13477.76 words/s : L.r. 1.4942e-04
[2018-12-03 08:14:13] Ep. 19 : Up. 65000 : Sen. 570,826 : Cost 69.36581421 : Time 204.86s : 13345.16 words/s : L.r. 1.4884e-04
[2018-12-03 08:14:13] Saving model weights and runtime parameters to model/model.src1tgt0.2gpu.fit.3.npz.orig.npz
[2018-12-03 08:14:15] Saving model weights and runtime parameters to model/model.src1tgt0.2gpu.fit.3.iter65000.npz
[2018-12-03 08:14:16] Saving model weights and runtime parameters to model/model.src1tgt0.2gpu.fit.3.npz
[2018-12-03 08:14:18] Saving Adam parameters to model/model.src1tgt0.2gpu.fit.3.npz.optimizer.npz
[2018-12-03 08:14:29] [valid] Ep. 19 : Up. 65000 : cross-entropy : 42.8117 : new best
[2018-12-03 08:14:35] [valid] Ep. 19 : Up. 65000 : perplexity : 3.98677 : new best
Detokenizer Version $Revision: 4134 $
Language: en
[2018-12-03 08:16:31] [valid] Ep. 19 : Up. 65000 : translation : 29.92 : new best
[2018-12-03 08:18:29] Seen 618318 samples
[2018-12-03 08:18:29] Starting epoch 20
[2018-12-03 08:18:29] [data] Shuffling files
[2018-12-03 08:18:29] [data] Done reading 620637 sentences
[2018-12-03 08:18:31] [data] Done shuffling 620637 sentences to temp files
[2018-12-03 08:20:17] Ep. 20 : Up. 65500 : Sen. 37,175 : Cost 72.82893372 : Time 364.28s : 7460.81 words/s : L.r. 1.4827e-04
[2018-12-03 08:23:44] Ep. 20 : Up. 66000 : Sen. 130,105 : Cost 67.12048340 : Time 206.34s : 13536.33 words/s : L.r. 1.4771e-04
[2018-12-03 08:27:10] Ep. 20 : Up. 66500 : Sen. 222,686 : Cost 67.10536194 : Time 205.99s : 13389.13 words/s : L.r. 1.4715e-04
[2018-12-03 08:30:34] Ep. 20 : Up. 67000 : Sen. 311,593 : Cost 68.26702118 : Time 203.81s : 13208.37 words/s : L.r. 1.4660e-04
[2018-12-03 08:34:00] Ep. 20 : Up. 67500 : Sen. 402,125 : Cost 69.86748505 : Time 205.92s : 13502.64 words/s : L.r. 1.4606e-04
[2018-12-03 08:37:25] Ep. 20 : Up. 68000 : Sen. 490,751 : Cost 69.87337494 : Time 205.42s : 13308.05 words/s : L.r. 1.4552e-04
[2018-12-03 08:40:51] Ep. 20 : Up. 68500 : Sen. 580,573 : Cost 70.48237610 : Time 206.22s : 13501.14 words/s : L.r. 1.4499e-04
[2018-12-03 08:42:20] Seen 618318 samples
[2018-12-03 08:42:20] Starting epoch 21
[2018-12-03 08:42:20] [data] Shuffling files
[2018-12-03 08:42:20] [data] Done reading 620637 sentences
[2018-12-03 08:42:22] [data] Done shuffling 620637 sentences to temp files
[2018-12-03 08:44:36] Ep. 21 : Up. 69000 : Sen. 48,684 : Cost 70.30810547 : Time 224.95s : 12032.27 words/s : L.r. 1.4446e-04
[2018-12-03 08:48:03] Ep. 21 : Up. 69500 : Sen. 140,270 : Cost 66.88349152 : Time 206.50s : 13338.43 words/s : L.r. 1.4394e-04
[2018-12-03 08:51:27] Ep. 21 : Up. 70000 : Sen. 231,965 : Cost 64.98643494 : Time 204.12s : 13096.58 words/s : L.r. 1.4343e-04
[2018-12-03 08:51:27] Saving model weights and runtime parameters to model/model.src1tgt0.2gpu.fit.3.npz.orig.npz
[2018-12-03 08:51:29] Saving model weights and runtime parameters to model/model.src1tgt0.2gpu.fit.3.iter70000.npz
[2018-12-03 08:51:29] Saving model weights and runtime parameters to model/model.src1tgt0.2gpu.fit.3.npz
[2018-12-03 08:51:32] Saving Adam parameters to model/model.src1tgt0.2gpu.fit.3.npz.optimizer.npz
[2018-12-03 08:51:42] [valid] Ep. 21 : Up. 70000 : cross-entropy : 42.7496 : new best
[2018-12-03 08:51:49] [valid] Ep. 21 : Up. 70000 : perplexity : 3.97878 : new best
Detokenizer Version $Revision: 4134 $
Language: en
[2018-12-03 08:53:44] [valid] Ep. 21 : Up. 70000 : translation : 30.06 : new best
[2018-12-03 08:57:10] Ep. 21 : Up. 70500 : Sen. 322,369 : Cost 67.99032593 : Time 343.13s : 7952.97 words/s : L.r. 1.4292e-04
[2018-12-03 09:00:36] Ep. 21 : Up. 71000 : Sen. 412,561 : Cost 68.71742249 : Time 206.33s : 13342.72 words/s : L.r. 1.4241e-04
[2018-12-03 09:04:01] Ep. 21 : Up. 71500 : Sen. 500,002 : Cost 70.63417053 : Time 204.66s : 13353.99 words/s : L.r. 1.4191e-04
[2018-12-03 09:07:28] Ep. 21 : Up. 72000 : Sen. 590,827 : Cost 69.89130402 : Time 207.19s : 13531.14 words/s : L.r. 1.4142e-04
[2018-12-03 09:08:31] Seen 618318 samples
[2018-12-03 09:08:31] Starting epoch 22
[2018-12-03 09:08:31] [data] Shuffling files
[2018-12-03 09:08:31] [data] Done reading 620637 sentences
[2018-12-03 09:08:33] [data] Done shuffling 620637 sentences to temp files
[2018-12-03 09:11:14] Ep. 22 : Up. 72500 : Sen. 62,258 : Cost 67.15852356 : Time 225.68s : 12033.03 words/s : L.r. 1.4093e-04
[2018-12-03 09:14:39] Ep. 22 : Up. 73000 : Sen. 152,938 : Cost 66.05355835 : Time 205.77s : 13174.45 words/s : L.r. 1.4045e-04
[2018-12-03 09:18:04] Ep. 22 : Up. 73500 : Sen. 242,332 : Cost 68.32310486 : Time 204.95s : 13368.49 words/s : L.r. 1.3997e-04
[2018-12-03 09:21:30] Ep. 22 : Up. 74000 : Sen. 330,969 : Cost 69.44957733 : Time 205.47s : 13400.90 words/s : L.r. 1.3950e-04
[2018-12-03 09:24:56] Ep. 22 : Up. 74500 : Sen. 423,224 : Cost 67.53392029 : Time 206.40s : 13455.71 words/s : L.r. 1.3903e-04
[2018-12-03 09:28:21] Ep. 22 : Up. 75000 : Sen. 511,607 : Cost 68.83912659 : Time 204.39s : 13247.75 words/s : L.r. 1.3856e-04
[2018-12-03 09:28:21] Saving model weights and runtime parameters to model/model.src1tgt0.2gpu.fit.3.npz.orig.npz
[2018-12-03 09:28:23] Saving model weights and runtime parameters to model/model.src1tgt0.2gpu.fit.3.iter75000.npz
[2018-12-03 09:28:24] Saving model weights and runtime parameters to model/model.src1tgt0.2gpu.fit.3.npz
[2018-12-03 09:28:25] Saving Adam parameters to model/model.src1tgt0.2gpu.fit.3.npz.optimizer.npz
[2018-12-03 09:28:36] [valid] Ep. 22 : Up. 75000 : cross-entropy : 42.7122 : new best
[2018-12-03 09:28:42] [valid] Ep. 22 : Up. 75000 : perplexity : 3.97397 : new best
Detokenizer Version $Revision: 4134 $
Language: en
[2018-12-03 09:30:38] [valid] Ep. 22 : Up. 75000 : translation : 30.12 : new best
[2018-12-03 09:34:04] Ep. 22 : Up. 75500 : Sen. 601,666 : Cost 68.09484863 : Time 342.92s : 7949.01 words/s : L.r. 1.3810e-04
[2018-12-03 09:34:42] Seen 618318 samples
[2018-12-03 09:34:42] Starting epoch 23
[2018-12-03 09:34:42] [data] Shuffling files
[2018-12-03 09:34:42] [data] Done reading 620637 sentences
[2018-12-03 09:34:43] [data] Done shuffling 620637 sentences to temp files
[2018-12-03 09:37:48] Ep. 23 : Up. 76000 : Sen. 72,323 : Cost 66.65533447 : Time 224.79s : 11987.41 words/s : L.r. 1.3765e-04
[2018-12-03 09:41:13] Ep. 23 : Up. 76500 : Sen. 161,305 : Cost 67.23218536 : Time 204.85s : 13241.09 words/s : L.r. 1.3720e-04
[2018-12-03 09:44:39] Ep. 23 : Up. 77000 : Sen. 254,111 : Cost 65.60340881 : Time 205.74s : 13363.46 words/s : L.r. 1.3675e-04
[2018-12-03 09:48:05] Ep. 23 : Up. 77500 : Sen. 344,707 : Cost 67.86454010 : Time 205.91s : 13434.55 words/s : L.r. 1.3631e-04
[2018-12-03 09:51:30] Ep. 23 : Up. 78000 : Sen. 432,475 : Cost 69.32458496 : Time 205.00s : 13302.99 words/s : L.r. 1.3587e-04
[2018-12-03 09:54:56] Ep. 23 : Up. 78500 : Sen. 521,888 : Cost 69.46820831 : Time 206.32s : 13454.36 words/s : L.r. 1.3544e-04
[2018-12-03 09:58:22] Ep. 23 : Up. 79000 : Sen. 614,156 : Cost 67.22513580 : Time 205.84s : 13424.88 words/s : L.r. 1.3501e-04
[2018-12-03 09:58:33] Seen 618318 samples
[2018-12-03 09:58:33] Starting epoch 24
[2018-12-03 09:58:33] [data] Shuffling files
[2018-12-03 09:58:34] [data] Done reading 620637 sentences
[2018-12-03 09:58:35] [data] Done shuffling 620637 sentences to temp files
[2018-12-03 10:02:08] Ep. 24 : Up. 79500 : Sen. 83,957 : Cost 67.39466095 : Time 225.43s : 12057.97 words/s : L.r. 1.3459e-04
[2018-12-03 10:05:34] Ep. 24 : Up. 80000 : Sen. 175,979 : Cost 65.32115936 : Time 206.02s : 13311.47 words/s : L.r. 1.3416e-04
[2018-12-03 10:05:34] Saving model weights and runtime parameters to model/model.src1tgt0.2gpu.fit.3.npz.orig.npz
[2018-12-03 10:05:36] Saving model weights and runtime parameters to model/model.src1tgt0.2gpu.fit.3.iter80000.npz
[2018-12-03 10:05:36] Saving model weights and runtime parameters to model/model.src1tgt0.2gpu.fit.3.npz
[2018-12-03 10:05:38] Saving Adam parameters to model/model.src1tgt0.2gpu.fit.3.npz.optimizer.npz
[2018-12-03 10:05:49] [valid] Ep. 24 : Up. 80000 : cross-entropy : 42.7012 : new best
[2018-12-03 10:05:55] [valid] Ep. 24 : Up. 80000 : perplexity : 3.97257 : new best
Detokenizer Version $Revision: 4134 $
Language: en
[2018-12-03 10:07:51] [valid] Ep. 24 : Up. 80000 : translation : 30.1 : stalled 1 times
[2018-12-03 10:11:16] Ep. 24 : Up. 80500 : Sen. 264,659 : Cost 66.97261810 : Time 342.08s : 7878.09 words/s : L.r. 1.3375e-04
[2018-12-03 10:14:40] Ep. 24 : Up. 81000 : Sen. 353,026 : Cost 67.62126160 : Time 204.54s : 13171.31 words/s : L.r. 1.3333e-04
[2018-12-03 10:18:07] Ep. 24 : Up. 81500 : Sen. 445,375 : Cost 66.29244995 : Time 206.63s : 13347.22 words/s : L.r. 1.3292e-04
[2018-12-03 10:21:33] Ep. 24 : Up. 82000 : Sen. 535,628 : Cost 68.29461670 : Time 206.15s : 13406.82 words/s : L.r. 1.3252e-04
[2018-12-03 10:24:45] Seen 618318 samples
[2018-12-03 10:24:45] Starting epoch 25
[2018-12-03 10:24:45] [data] Shuffling files
[2018-12-03 10:24:46] [data] Done reading 620637 sentences
[2018-12-03 10:24:47] [data] Done shuffling 620637 sentences to temp files
[2018-12-03 10:25:22] Ep. 25 : Up. 82500 : Sen. 6,294 : Cost 69.66245270 : Time 229.21s : 12144.71 words/s : L.r. 1.3212e-04
[2018-12-03 10:28:48] Ep. 25 : Up. 83000 : Sen. 98,456 : Cost 63.92610168 : Time 205.57s : 13226.92 words/s : L.r. 1.3172e-04
[2018-12-03 10:32:14] Ep. 25 : Up. 83500 : Sen. 187,235 : Cost 68.19416809 : Time 206.68s : 13351.27 words/s : L.r. 1.3132e-04
[2018-12-03 10:35:43] Ep. 25 : Up. 84000 : Sen. 279,675 : Cost 67.63591766 : Time 208.85s : 13600.59 words/s : L.r. 1.3093e-04
[2018-12-03 10:39:10] Ep. 25 : Up. 84500 : Sen. 367,416 : Cost 69.63101196 : Time 206.40s : 13437.34 words/s : L.r. 1.3054e-04
[2018-12-03 10:42:34] Ep. 25 : Up. 85000 : Sen. 456,702 : Cost 67.05356598 : Time 204.43s : 13231.27 words/s : L.r. 1.3016e-04
[2018-12-03 10:42:34] Saving model weights and runtime parameters to model/model.src1tgt0.2gpu.fit.3.npz.orig.npz
[2018-12-03 10:42:36] Saving model weights and runtime parameters to model/model.src1tgt0.2gpu.fit.3.iter85000.npz
[2018-12-03 10:42:37] Saving model weights and runtime parameters to model/model.src1tgt0.2gpu.fit.3.npz
[2018-12-03 10:42:39] Saving Adam parameters to model/model.src1tgt0.2gpu.fit.3.npz.optimizer.npz
[2018-12-03 10:42:50] [valid] Ep. 25 : Up. 85000 : cross-entropy : 42.7309 : stalled 1 times
[2018-12-03 10:42:56] [valid] Ep. 25 : Up. 85000 : perplexity : 3.97638 : stalled 1 times
Detokenizer Version $Revision: 4134 $
Language: en
[2018-12-03 10:44:53] [valid] Ep. 25 : Up. 85000 : translation : 30.04 : stalled 2 times
[2018-12-03 10:48:21] Ep. 25 : Up. 85500 : Sen. 547,089 : Cost 66.95711517 : Time 346.72s : 7869.64 words/s : L.r. 1.2978e-04
[2018-12-03 10:51:04] Seen 618318 samples
[2018-12-03 10:51:04] Starting epoch 26
[2018-12-03 10:51:04] [data] Shuffling files
[2018-12-03 10:51:04] [data] Done reading 620637 sentences
[2018-12-03 10:51:06] [data] Done shuffling 620637 sentences to temp files
[2018-12-03 10:52:06] Ep. 26 : Up. 86000 : Sen. 19,185 : Cost 64.58773804 : Time 225.33s : 11761.57 words/s : L.r. 1.2940e-04
[2018-12-03 10:55:30] Ep. 26 : Up. 86500 : Sen. 107,913 : Cost 64.37824249 : Time 203.95s : 12974.95 words/s : L.r. 1.2902e-04
[2018-12-03 10:58:55] Ep. 26 : Up. 87000 : Sen. 200,390 : Cost 63.96955872 : Time 204.93s : 13284.66 words/s : L.r. 1.2865e-04
[2018-12-03 11:02:20] Ep. 26 : Up. 87500 : Sen. 289,137 : Cost 66.65203857 : Time 204.51s : 13209.77 words/s : L.r. 1.2829e-04
[2018-12-03 11:05:49] Ep. 26 : Up. 88000 : Sen. 379,875 : Cost 70.75919342 : Time 209.40s : 13873.56 words/s : L.r. 1.2792e-04
[2018-12-03 11:09:15] Ep. 26 : Up. 88500 : Sen. 468,776 : Cost 69.34552765 : Time 206.27s : 13549.29 words/s : L.r. 1.2756e-04
[2018-12-03 11:12:40] Ep. 26 : Up. 89000 : Sen. 557,433 : Cost 67.73116302 : Time 205.11s : 13266.25 words/s : L.r. 1.2720e-04
[2018-12-03 11:14:57] Seen 618318 samples
[2018-12-03 11:14:57] Starting epoch 27
[2018-12-03 11:14:57] [data] Shuffling files
[2018-12-03 11:14:57] [data] Done reading 620637 sentences
[2018-12-03 11:14:59] [data] Done shuffling 620637 sentences to temp files
[2018-12-03 11:16:25] Ep. 27 : Up. 89500 : Sen. 27,578 : Cost 66.54671478 : Time 224.53s : 11946.98 words/s : L.r. 1.2684e-04
[2018-12-03 11:19:51] Ep. 27 : Up. 90000 : Sen. 119,574 : Cost 64.19856262 : Time 206.05s : 13264.66 words/s : L.r. 1.2649e-04
[2018-12-03 11:19:51] Saving model weights and runtime parameters to model/model.src1tgt0.2gpu.fit.3.npz.orig.npz
[2018-12-03 11:19:53] Saving model weights and runtime parameters to model/model.src1tgt0.2gpu.fit.3.iter90000.npz
[2018-12-03 11:19:54] Saving model weights and runtime parameters to model/model.src1tgt0.2gpu.fit.3.npz
[2018-12-03 11:19:56] Saving Adam parameters to model/model.src1tgt0.2gpu.fit.3.npz.optimizer.npz
[2018-12-03 11:20:07] [valid] Ep. 27 : Up. 90000 : cross-entropy : 42.7681 : stalled 2 times
[2018-12-03 11:20:13] [valid] Ep. 27 : Up. 90000 : perplexity : 3.98117 : stalled 2 times
Detokenizer Version $Revision: 4134 $
Language: en
[2018-12-03 11:22:09] [valid] Ep. 27 : Up. 90000 : translation : 29.99 : stalled 3 times
[2018-12-03 11:25:35] Ep. 27 : Up. 90500 : Sen. 210,376 : Cost 65.45874023 : Time 344.54s : 7938.97 words/s : L.r. 1.2614e-04
[2018-12-03 11:29:00] Ep. 27 : Up. 91000 : Sen. 300,278 : Cost 66.76473999 : Time 204.93s : 13434.25 words/s : L.r. 1.2579e-04
[2018-12-03 11:32:26] Ep. 27 : Up. 91500 : Sen. 388,262 : Cost 68.70125580 : Time 205.74s : 13418.90 words/s : L.r. 1.2545e-04
[2018-12-03 11:35:53] Ep. 27 : Up. 92000 : Sen. 479,298 : Cost 66.51454163 : Time 206.45s : 13363.67 words/s : L.r. 1.2511e-04
[2018-12-03 11:39:17] Ep. 27 : Up. 92500 : Sen. 569,777 : Cost 65.97586823 : Time 204.38s : 13271.62 words/s : L.r. 1.2477e-04
[2018-12-03 11:41:08] Seen 618318 samples
[2018-12-03 11:41:08] Starting epoch 28
[2018-12-03 11:41:08] [data] Shuffling files
[2018-12-03 11:41:08] [data] Done reading 620637 sentences
[2018-12-03 11:41:10] [data] Done shuffling 620637 sentences to temp files
[2018-12-03 11:43:04] Ep. 28 : Up. 93000 : Sen. 41,018 : Cost 67.17092896 : Time 226.83s : 12203.53 words/s : L.r. 1.2443e-04
[2018-12-03 11:46:28] Ep. 28 : Up. 93500 : Sen. 131,719 : Cost 64.30010986 : Time 204.76s : 13235.37 words/s : L.r. 1.2410e-04
[2018-12-03 11:49:54] Ep. 28 : Up. 94000 : Sen. 221,001 : Cost 67.81164551 : Time 205.78s : 13568.93 words/s : L.r. 1.2377e-04
[2018-12-03 11:53:19] Ep. 28 : Up. 94500 : Sen. 307,929 : Cost 68.87899017 : Time 205.16s : 13415.02 words/s : L.r. 1.2344e-04
[2018-12-03 11:56:44] Ep. 28 : Up. 95000 : Sen. 398,471 : Cost 63.67776871 : Time 204.26s : 13001.28 words/s : L.r. 1.2312e-04
[2018-12-03 11:56:44] Saving model weights and runtime parameters to model/model.src1tgt0.2gpu.fit.3.npz.orig.npz
[2018-12-03 11:56:46] Saving model weights and runtime parameters to model/model.src1tgt0.2gpu.fit.3.iter95000.npz
[2018-12-03 11:56:47] Saving model weights and runtime parameters to model/model.src1tgt0.2gpu.fit.3.npz
[2018-12-03 11:56:49] Saving Adam parameters to model/model.src1tgt0.2gpu.fit.3.npz.optimizer.npz
[2018-12-03 11:57:01] [valid] Ep. 28 : Up. 95000 : cross-entropy : 42.8447 : stalled 3 times
[2018-12-03 11:57:07] [valid] Ep. 28 : Up. 95000 : perplexity : 3.99103 : stalled 3 times
Detokenizer Version $Revision: 4134 $
Language: en
[2018-12-03 11:59:05] [valid] Ep. 28 : Up. 95000 : translation : 30.07 : stalled 4 times
[2018-12-03 12:02:29] Ep. 28 : Up. 95500 : Sen. 486,764 : Cost 65.48360443 : Time 345.31s : 7661.24 words/s : L.r. 1.2279e-04
[2018-12-03 12:05:57] Ep. 28 : Up. 96000 : Sen. 580,691 : Cost 65.94847870 : Time 207.89s : 13572.04 words/s : L.r. 1.2247e-04
[2018-12-03 12:07:23] Seen 618318 samples
[2018-12-03 12:07:23] Starting epoch 29
[2018-12-03 12:07:23] [data] Shuffling files
[2018-12-03 12:07:24] [data] Done reading 620637 sentences
[2018-12-03 12:07:26] [data] Done shuffling 620637 sentences to temp files
[2018-12-03 12:09:49] Ep. 29 : Up. 96500 : Sen. 54,718 : Cost 66.06516266 : Time 232.11s : 12150.61 words/s : L.r. 1.2216e-04
[2018-12-03 12:13:14] Ep. 29 : Up. 97000 : Sen. 145,106 : Cost 64.19710541 : Time 205.36s : 13180.29 words/s : L.r. 1.2184e-04
[2018-12-03 12:16:41] Ep. 29 : Up. 97500 : Sen. 234,469 : Cost 67.49195099 : Time 206.86s : 13498.98 words/s : L.r. 1.2153e-04
[2018-12-03 12:20:06] Ep. 29 : Up. 98000 : Sen. 323,394 : Cost 65.84317017 : Time 204.85s : 13187.96 words/s : L.r. 1.2122e-04
[2018-12-03 12:23:30] Ep. 29 : Up. 98500 : Sen. 412,945 : Cost 66.26254272 : Time 204.31s : 13342.89 words/s : L.r. 1.2091e-04
[2018-12-03 12:26:55] Ep. 29 : Up. 99000 : Sen. 502,551 : Cost 65.19099426 : Time 204.13s : 13140.16 words/s : L.r. 1.2060e-04
[2018-12-03 12:30:20] Ep. 29 : Up. 99500 : Sen. 592,850 : Cost 66.97685242 : Time 205.67s : 13456.41 words/s : L.r. 1.2030e-04
[2018-12-03 12:31:19] Seen 618318 samples
[2018-12-03 12:31:19] Starting epoch 30
[2018-12-03 12:31:19] [data] Shuffling files
[2018-12-03 12:31:20] [data] Done reading 620637 sentences
[2018-12-03 12:31:22] [data] Done shuffling 620637 sentences to temp files
[2018-12-03 12:34:12] Ep. 30 : Up. 100000 : Sen. 67,120 : Cost 66.95536041 : Time 231.34s : 12435.72 words/s : L.r. 1.2000e-04
[2018-12-03 12:34:12] Saving model weights and runtime parameters to model/model.src1tgt0.2gpu.fit.3.npz.orig.npz
[2018-12-03 12:34:14] Saving model weights and runtime parameters to model/model.src1tgt0.2gpu.fit.3.iter100000.npz
[2018-12-03 12:34:15] Saving model weights and runtime parameters to model/model.src1tgt0.2gpu.fit.3.npz
[2018-12-03 12:34:17] Saving Adam parameters to model/model.src1tgt0.2gpu.fit.3.npz.optimizer.npz
[2018-12-03 12:34:29] [valid] Ep. 30 : Up. 100000 : cross-entropy : 42.9129 : stalled 4 times
[2018-12-03 12:34:36] [valid] Ep. 30 : Up. 100000 : perplexity : 3.99983 : stalled 4 times
Detokenizer Version $Revision: 4134 $
Language: en
[2018-12-03 12:36:33] [valid] Ep. 30 : Up. 100000 : translation : 29.97 : stalled 5 times
[2018-12-03 12:39:59] Ep. 30 : Up. 100500 : Sen. 157,188 : Cost 64.54546356 : Time 347.66s : 7836.89 words/s : L.r. 1.1970e-04
[2018-12-03 12:43:25] Ep. 30 : Up. 101000 : Sen. 244,922 : Cost 66.58128357 : Time 205.31s : 13226.61 words/s : L.r. 1.1940e-04
[2018-12-03 12:46:52] Ep. 30 : Up. 101500 : Sen. 335,163 : Cost 66.67461395 : Time 207.11s : 13434.72 words/s : L.r. 1.1911e-04
[2018-12-03 12:50:16] Ep. 30 : Up. 102000 : Sen. 422,851 : Cost 67.77498627 : Time 204.68s : 13369.51 words/s : L.r. 1.1882e-04
[2018-12-03 12:53:41] Ep. 30 : Up. 102500 : Sen. 511,275 : Cost 66.26086426 : Time 204.58s : 13190.39 words/s : L.r. 1.1853e-04
[2018-12-03 12:57:03] Ep. 30 : Up. 103000 : Sen. 603,320 : Cost 61.40085220 : Time 202.06s : 12926.02 words/s : L.r. 1.1824e-04
[2018-12-03 12:57:36] Seen 618318 samples
[2018-12-03 12:57:36] Starting epoch 31
[2018-12-03 12:57:36] [data] Shuffling files
[2018-12-03 12:57:37] [data] Done reading 620637 sentences
[2018-12-03 12:57:38] [data] Done shuffling 620637 sentences to temp files
[2018-12-03 13:00:51] Ep. 31 : Up. 103500 : Sen. 74,666 : Cost 66.08333588 : Time 227.68s : 12195.92 words/s : L.r. 1.1795e-04
[2018-12-03 13:04:15] Ep. 31 : Up. 104000 : Sen. 165,320 : Cost 63.74294662 : Time 204.73s : 13236.55 words/s : L.r. 1.1767e-04
[2018-12-03 13:07:40] Ep. 31 : Up. 104500 : Sen. 254,186 : Cost 66.58621979 : Time 204.74s : 13444.77 words/s : L.r. 1.1739e-04
[2018-12-03 13:11:05] Ep. 31 : Up. 105000 : Sen. 342,368 : Cost 66.91626740 : Time 205.25s : 13333.82 words/s : L.r. 1.1711e-04
[2018-12-03 13:11:05] Saving model weights and runtime parameters to model/model.src1tgt0.2gpu.fit.3.npz.orig.npz
[2018-12-03 13:11:07] Saving model weights and runtime parameters to model/model.src1tgt0.2gpu.fit.3.iter105000.npz
[2018-12-03 13:11:08] Saving model weights and runtime parameters to model/model.src1tgt0.2gpu.fit.3.npz
[2018-12-03 13:11:10] Saving Adam parameters to model/model.src1tgt0.2gpu.fit.3.npz.optimizer.npz
[2018-12-03 13:11:21] [valid] Ep. 31 : Up. 105000 : cross-entropy : 42.997 : stalled 5 times
[2018-12-03 13:11:27] [valid] Ep. 31 : Up. 105000 : perplexity : 4.01071 : stalled 5 times
Detokenizer Version $Revision: 4134 $
Language: en
[2018-12-03 13:13:24] [valid] Ep. 31 : Up. 105000 : translation : 29.93 : stalled 6 times
[2018-12-03 13:16:50] Ep. 31 : Up. 105500 : Sen. 432,970 : Cost 65.59974670 : Time 344.35s : 7982.07 words/s : L.r. 1.1683e-04
[2018-12-03 13:20:15] Ep. 31 : Up. 106000 : Sen. 526,374 : Cost 63.19538116 : Time 204.88s : 13319.90 words/s : L.r. 1.1655e-04
[2018-12-03 13:23:41] Ep. 31 : Up. 106500 : Sen. 615,252 : Cost 66.13270569 : Time 205.93s : 13177.19 words/s : L.r. 1.1628e-04
[2018-12-03 13:23:48] Seen 618318 samples
[2018-12-03 13:23:48] Starting epoch 32
[2018-12-03 13:23:48] [data] Shuffling files
[2018-12-03 13:23:48] [data] Done reading 620637 sentences
[2018-12-03 13:23:50] [data] Done shuffling 620637 sentences to temp files
[2018-12-03 13:27:28] Ep. 32 : Up. 107000 : Sen. 85,423 : Cost 67.86388397 : Time 227.98s : 12374.35 words/s : L.r. 1.1601e-04
[2018-12-03 13:30:53] Ep. 32 : Up. 107500 : Sen. 177,669 : Cost 63.02861404 : Time 204.84s : 13320.05 words/s : L.r. 1.1574e-04
[2018-12-03 13:34:17] Ep. 32 : Up. 108000 : Sen. 265,734 : Cost 65.14429474 : Time 204.15s : 13157.91 words/s : L.r. 1.1547e-04
[2018-12-03 13:37:42] Ep. 32 : Up. 108500 : Sen. 354,599 : Cost 65.51796722 : Time 204.63s : 13269.58 words/s : L.r. 1.1520e-04
[2018-12-03 13:41:07] Ep. 32 : Up. 109000 : Sen. 445,996 : Cost 63.80615234 : Time 205.06s : 13244.60 words/s : L.r. 1.1494e-04
[2018-12-03 13:44:34] Ep. 32 : Up. 109500 : Sen. 537,918 : Cost 65.50953674 : Time 206.40s : 13491.90 words/s : L.r. 1.1468e-04
[2018-12-03 13:47:39] Seen 618318 samples
[2018-12-03 13:47:39] Starting epoch 33
[2018-12-03 13:47:39] [data] Shuffling files
[2018-12-03 13:47:39] [data] Done reading 620637 sentences
[2018-12-03 13:47:40] [data] Done shuffling 620637 sentences to temp files
[2018-12-03 13:48:19] Ep. 33 : Up. 110000 : Sen. 9,072 : Cost 65.77577972 : Time 225.59s : 12081.93 words/s : L.r. 1.1442e-04
[2018-12-03 13:48:19] Saving model weights and runtime parameters to model/model.src1tgt0.2gpu.fit.3.npz.orig.npz
[2018-12-03 13:48:21] Saving model weights and runtime parameters to model/model.src1tgt0.2gpu.fit.3.iter110000.npz
[2018-12-03 13:48:22] Saving model weights and runtime parameters to model/model.src1tgt0.2gpu.fit.3.npz
[2018-12-03 13:48:24] Saving Adam parameters to model/model.src1tgt0.2gpu.fit.3.npz.optimizer.npz
[2018-12-03 13:48:35] [valid] Ep. 33 : Up. 110000 : cross-entropy : 43.0857 : stalled 6 times
[2018-12-03 13:48:41] [valid] Ep. 33 : Up. 110000 : perplexity : 4.02222 : stalled 6 times
Detokenizer Version $Revision: 4134 $
Language: en
[2018-12-03 13:50:39] [valid] Ep. 33 : Up. 110000 : translation : 29.95 : stalled 7 times
[2018-12-03 13:54:07] Ep. 33 : Up. 110500 : Sen. 98,856 : Cost 66.18343353 : Time 347.43s : 8089.93 words/s : L.r. 1.1416e-04
[2018-12-03 13:57:33] Ep. 33 : Up. 111000 : Sen. 188,660 : Cost 65.69382477 : Time 206.02s : 13473.16 words/s : L.r. 1.1390e-04
[2018-12-03 14:00:58] Ep. 33 : Up. 111500 : Sen. 281,593 : Cost 62.73387146 : Time 205.22s : 13315.43 words/s : L.r. 1.1364e-04
[2018-12-03 14:04:24] Ep. 33 : Up. 112000 : Sen. 368,663 : Cost 68.75254059 : Time 205.94s : 13510.77 words/s : L.r. 1.1339e-04
[2018-12-03 14:07:49] Ep. 33 : Up. 112500 : Sen. 459,548 : Cost 64.83927917 : Time 205.54s : 13378.41 words/s : L.r. 1.1314e-04
[2018-12-03 14:11:13] Ep. 33 : Up. 113000 : Sen. 547,502 : Cost 65.42848206 : Time 203.58s : 13149.15 words/s : L.r. 1.1289e-04
[2018-12-03 14:13:50] Seen 618318 samples
[2018-12-03 14:13:50] Starting epoch 34
[2018-12-03 14:13:50] [data] Shuffling files
[2018-12-03 14:13:51] [data] Done reading 620637 sentences
[2018-12-03 14:13:52] [data] Done shuffling 620637 sentences to temp files
[2018-12-03 14:14:57] Ep. 34 : Up. 113500 : Sen. 19,426 : Cost 62.55503082 : Time 224.33s : 11776.16 words/s : L.r. 1.1264e-04
[2018-12-03 14:18:21] Ep. 34 : Up. 114000 : Sen. 106,863 : Cost 63.79108810 : Time 203.39s : 13042.83 words/s : L.r. 1.1239e-04
[2018-12-03 14:21:49] Ep. 34 : Up. 114500 : Sen. 196,423 : Cost 67.88781738 : Time 208.21s : 13704.60 words/s : L.r. 1.1214e-04
[2018-12-03 14:25:16] Ep. 34 : Up. 115000 : Sen. 287,928 : Cost 65.02217102 : Time 207.32s : 13486.46 words/s : L.r. 1.1190e-04
[2018-12-03 14:25:16] Saving model weights and runtime parameters to model/model.src1tgt0.2gpu.fit.3.npz.orig.npz
[2018-12-03 14:25:18] Saving model weights and runtime parameters to model/model.src1tgt0.2gpu.fit.3.iter115000.npz
[2018-12-03 14:25:19] Saving model weights and runtime parameters to model/model.src1tgt0.2gpu.fit.3.npz
[2018-12-03 14:25:21] Saving Adam parameters to model/model.src1tgt0.2gpu.fit.3.npz.optimizer.npz
[2018-12-03 14:25:32] [valid] Ep. 34 : Up. 115000 : cross-entropy : 43.2026 : stalled 7 times
[2018-12-03 14:25:38] [valid] Ep. 34 : Up. 115000 : perplexity : 4.03744 : stalled 7 times
Detokenizer Version $Revision: 4134 $
Language: en
[2018-12-03 14:27:39] [valid] Ep. 34 : Up. 115000 : translation : 29.97 : stalled 8 times
[2018-12-03 14:31:04] Ep. 34 : Up. 115500 : Sen. 374,358 : Cost 66.37582397 : Time 347.39s : 7731.49 words/s : L.r. 1.1166e-04
[2018-12-03 14:34:29] Ep. 34 : Up. 116000 : Sen. 465,471 : Cost 64.02289581 : Time 205.41s : 13290.44 words/s : L.r. 1.1142e-04
[2018-12-03 14:37:56] Ep. 34 : Up. 116500 : Sen. 559,013 : Cost 64.29985809 : Time 206.76s : 13528.95 words/s : L.r. 1.1118e-04
[2018-12-03 14:40:07] Seen 618318 samples
[2018-12-03 14:40:07] Starting epoch 35
[2018-12-03 14:40:07] [data] Shuffling files
[2018-12-03 14:40:07] [data] Done reading 620637 sentences
[2018-12-03 14:40:09] [data] Done shuffling 620637 sentences to temp files
[2018-12-03 14:41:41] Ep. 35 : Up. 117000 : Sen. 31,570 : Cost 63.09949493 : Time 225.15s : 11964.73 words/s : L.r. 1.1094e-04
[2018-12-03 14:45:08] Ep. 35 : Up. 117500 : Sen. 122,976 : Cost 64.28350067 : Time 206.79s : 13503.16 words/s : L.r. 1.1070e-04
[2018-12-03 14:48:33] Ep. 35 : Up. 118000 : Sen. 212,297 : Cost 65.04878235 : Time 205.07s : 13377.53 words/s : L.r. 1.1047e-04
[2018-12-03 14:52:00] Ep. 35 : Up. 118500 : Sen. 302,705 : Cost 66.22293854 : Time 207.47s : 13556.94 words/s : L.r. 1.1024e-04
[2018-12-03 14:55:23] Ep. 35 : Up. 119000 : Sen. 389,038 : Cost 65.47005463 : Time 202.52s : 13127.04 words/s : L.r. 1.1000e-04
[2018-12-03 14:58:48] Ep. 35 : Up. 119500 : Sen. 479,586 : Cost 64.46216583 : Time 205.59s : 13303.54 words/s : L.r. 1.0977e-04
[2018-12-03 15:02:13] Ep. 35 : Up. 120000 : Sen. 570,220 : Cost 64.58757019 : Time 204.70s : 13351.70 words/s : L.r. 1.0954e-04
[2018-12-03 15:02:13] Saving model weights and runtime parameters to model/model.src1tgt0.2gpu.fit.3.npz.orig.npz
[2018-12-03 15:02:15] Saving model weights and runtime parameters to model/model.src1tgt0.2gpu.fit.3.iter120000.npz
[2018-12-03 15:02:16] Saving model weights and runtime parameters to model/model.src1tgt0.2gpu.fit.3.npz
[2018-12-03 15:02:18] Saving Adam parameters to model/model.src1tgt0.2gpu.fit.3.npz.optimizer.npz
[2018-12-03 15:02:28] [valid] Ep. 35 : Up. 120000 : cross-entropy : 43.3282 : stalled 8 times
[2018-12-03 15:02:35] [valid] Ep. 35 : Up. 120000 : perplexity : 4.05385 : stalled 8 times
Detokenizer Version $Revision: 4134 $
Language: en
[2018-12-03 15:04:32] [valid] Ep. 35 : Up. 120000 : translation : 30.03 : stalled 9 times
[2018-12-03 15:06:19] Seen 618318 samples
[2018-12-03 15:06:19] Starting epoch 36
[2018-12-03 15:06:19] [data] Shuffling files
[2018-12-03 15:06:19] [data] Done reading 620637 sentences
[2018-12-03 15:06:21] [data] Done shuffling 620637 sentences to temp files
[2018-12-03 15:08:18] Ep. 36 : Up. 120500 : Sen. 44,068 : Cost 60.77850342 : Time 364.83s : 7293.52 words/s : L.r. 1.0932e-04
[2018-12-03 15:11:45] Ep. 36 : Up. 121000 : Sen. 135,536 : Cost 64.26582336 : Time 207.61s : 13466.93 words/s : L.r. 1.0909e-04
[2018-12-03 15:15:12] Ep. 36 : Up. 121500 : Sen. 223,024 : Cost 67.40463257 : Time 206.76s : 13467.14 words/s : L.r. 1.0887e-04
[2018-12-03 15:18:35] Ep. 36 : Up. 122000 : Sen. 311,531 : Cost 63.89928436 : Time 203.23s : 13157.00 words/s : L.r. 1.0864e-04
[2018-12-03 15:22:01] Ep. 36 : Up. 122500 : Sen. 402,401 : Cost 64.35363770 : Time 205.87s : 13378.75 words/s : L.r. 1.0842e-04
[2018-12-03 15:25:25] Ep. 36 : Up. 123000 : Sen. 491,671 : Cost 64.86100769 : Time 204.10s : 13296.66 words/s : L.r. 1.0820e-04
[2018-12-03 15:28:51] Ep. 36 : Up. 123500 : Sen. 583,849 : Cost 63.16011429 : Time 205.71s : 13278.47 words/s : L.r. 1.0798e-04
[2018-12-03 15:30:12] Seen 618318 samples
[2018-12-03 15:30:12] Starting epoch 37
[2018-12-03 15:30:12] [data] Shuffling files
[2018-12-03 15:30:12] [data] Done reading 620637 sentences
[2018-12-03 15:30:14] [data] Done shuffling 620637 sentences to temp files
[2018-12-03 15:32:39] Ep. 37 : Up. 124000 : Sen. 56,263 : Cost 64.12586212 : Time 227.86s : 12133.75 words/s : L.r. 1.0776e-04
[2018-12-03 15:36:05] Ep. 37 : Up. 124500 : Sen. 142,211 : Cost 66.24057007 : Time 205.85s : 13230.63 words/s : L.r. 1.0755e-04
[2018-12-03 15:39:29] Ep. 37 : Up. 125000 : Sen. 229,337 : Cost 65.94850922 : Time 204.00s : 13344.84 words/s : L.r. 1.0733e-04
[2018-12-03 15:39:29] Saving model weights and runtime parameters to model/model.src1tgt0.2gpu.fit.3.npz.orig.npz
[2018-12-03 15:39:31] Saving model weights and runtime parameters to model/model.src1tgt0.2gpu.fit.3.iter125000.npz
[2018-12-03 15:39:32] Saving model weights and runtime parameters to model/model.src1tgt0.2gpu.fit.3.npz
[2018-12-03 15:39:34] Saving Adam parameters to model/model.src1tgt0.2gpu.fit.3.npz.optimizer.npz
[2018-12-03 15:39:44] [valid] Ep. 37 : Up. 125000 : cross-entropy : 43.4787 : stalled 9 times
[2018-12-03 15:39:51] [valid] Ep. 37 : Up. 125000 : perplexity : 4.07361 : stalled 9 times
Detokenizer Version $Revision: 4134 $
Language: en
[2018-12-03 15:41:47] [valid] Ep. 37 : Up. 125000 : translation : 30.02 : stalled 10 times
[2018-12-03 15:45:14] Ep. 37 : Up. 125500 : Sen. 321,354 : Cost 63.78722763 : Time 345.33s : 8023.73 words/s : L.r. 1.0712e-04
[2018-12-03 15:48:41] Ep. 37 : Up. 126000 : Sen. 415,145 : Cost 62.66249466 : Time 206.42s : 13453.02 words/s : L.r. 1.0690e-04
[2018-12-03 15:52:03] Ep. 37 : Up. 126500 : Sen. 503,666 : Cost 64.11355591 : Time 202.71s : 13196.56 words/s : L.r. 1.0669e-04
[2018-12-03 15:55:28] Ep. 37 : Up. 127000 : Sen. 594,689 : Cost 63.52706528 : Time 204.50s : 13282.14 words/s : L.r. 1.0648e-04
[2018-12-03 15:56:23] Seen 618318 samples
[2018-12-03 15:56:23] Starting epoch 38
[2018-12-03 15:56:23] [data] Shuffling files
[2018-12-03 15:56:23] [data] Done reading 620637 sentences
[2018-12-03 15:56:25] [data] Done shuffling 620637 sentences to temp files
[2018-12-03 15:59:15] Ep. 38 : Up. 127500 : Sen. 68,621 : Cost 62.52861786 : Time 227.53s : 12126.17 words/s : L.r. 1.0627e-04
[2018-12-03 16:02:41] Ep. 38 : Up. 128000 : Sen. 159,998 : Cost 63.03445053 : Time 206.20s : 13356.16 words/s : L.r. 1.0607e-04
[2018-12-03 16:06:08] Ep. 38 : Up. 128500 : Sen. 252,002 : Cost 62.75839233 : Time 206.38s : 13331.53 words/s : L.r. 1.0586e-04
[2018-12-03 16:09:32] Ep. 38 : Up. 129000 : Sen. 342,755 : Cost 63.30031586 : Time 204.35s : 13338.53 words/s : L.r. 1.0565e-04
[2018-12-03 16:12:58] Ep. 38 : Up. 129500 : Sen. 429,421 : Cost 67.92478180 : Time 206.20s : 13480.16 words/s : L.r. 1.0545e-04
[2018-12-03 16:16:23] Ep. 38 : Up. 130000 : Sen. 519,774 : Cost 64.04316711 : Time 204.92s : 13313.57 words/s : L.r. 1.0525e-04
[2018-12-03 16:16:23] Saving model weights and runtime parameters to model/model.src1tgt0.2gpu.fit.3.npz.orig.npz
[2018-12-03 16:16:25] Saving model weights and runtime parameters to model/model.src1tgt0.2gpu.fit.3.iter130000.npz
[2018-12-03 16:16:26] Saving model weights and runtime parameters to model/model.src1tgt0.2gpu.fit.3.npz
[2018-12-03 16:16:28] Saving Adam parameters to model/model.src1tgt0.2gpu.fit.3.npz.optimizer.npz
[2018-12-03 16:16:39] [valid] Ep. 38 : Up. 130000 : cross-entropy : 43.6111 : stalled 10 times
[2018-12-03 16:16:45] [valid] Ep. 38 : Up. 130000 : perplexity : 4.09107 : stalled 10 times
Detokenizer Version $Revision: 4134 $
Language: en
[2018-12-03 16:18:42] [valid] Ep. 38 : Up. 130000 : translation : 30.02 : stalled 11 times
[2018-12-03 16:22:07] Ep. 38 : Up. 130500 : Sen. 606,098 : Cost 66.93302917 : Time 343.26s : 7899.98 words/s : L.r. 1.0505e-04
[2018-12-03 16:22:35] Seen 618318 samples
[2018-12-03 16:22:35] Starting epoch 39
[2018-12-03 16:22:35] [data] Shuffling files
[2018-12-03 16:22:35] [data] Done reading 620637 sentences
[2018-12-03 16:22:37] [data] Done shuffling 620637 sentences to temp files
[2018-12-03 16:25:54] Ep. 39 : Up. 131000 : Sen. 77,590 : Cost 62.87438965 : Time 227.16s : 11957.01 words/s : L.r. 1.0484e-04
[2018-12-03 16:29:20] Ep. 39 : Up. 131500 : Sen. 164,496 : Cost 67.72682190 : Time 206.06s : 13622.11 words/s : L.r. 1.0464e-04
[2018-12-03 16:32:43] Ep. 39 : Up. 132000 : Sen. 253,966 : Cost 63.41777802 : Time 203.69s : 13319.19 words/s : L.r. 1.0445e-04
[2018-12-03 16:36:07] Ep. 39 : Up. 132500 : Sen. 343,515 : Cost 62.63294220 : Time 203.38s : 13133.65 words/s : L.r. 1.0425e-04
[2018-12-03 16:39:32] Ep. 39 : Up. 133000 : Sen. 436,853 : Cost 62.64615250 : Time 205.32s : 13493.12 words/s : L.r. 1.0405e-04
[2018-12-03 16:42:58] Ep. 39 : Up. 133500 : Sen. 528,174 : Cost 63.61196136 : Time 205.85s : 13370.58 words/s : L.r. 1.0386e-04
[2018-12-03 16:46:23] Ep. 39 : Up. 134000 : Sen. 617,608 : Cost 65.03856659 : Time 205.07s : 13354.00 words/s : L.r. 1.0366e-04
[2018-12-03 16:46:25] Seen 618318 samples
[2018-12-03 16:46:25] Starting epoch 40
[2018-12-03 16:46:25] [data] Shuffling files
[2018-12-03 16:46:25] [data] Done reading 620637 sentences
[2018-12-03 16:46:27] [data] Done shuffling 620637 sentences to temp files
[2018-12-03 16:50:12] Ep. 40 : Up. 134500 : Sen. 90,708 : Cost 63.03310776 : Time 228.46s : 12183.52 words/s : L.r. 1.0347e-04
[2018-12-03 16:53:37] Ep. 40 : Up. 135000 : Sen. 179,878 : Cost 64.29625702 : Time 205.74s : 13367.13 words/s : L.r. 1.0328e-04
[2018-12-03 16:53:37] Saving model weights and runtime parameters to model/model.src1tgt0.2gpu.fit.3.npz.orig.npz
[2018-12-03 16:53:39] Saving model weights and runtime parameters to model/model.src1tgt0.2gpu.fit.3.iter135000.npz
[2018-12-03 16:53:40] Saving model weights and runtime parameters to model/model.src1tgt0.2gpu.fit.3.npz
[2018-12-03 16:53:42] Saving Adam parameters to model/model.src1tgt0.2gpu.fit.3.npz.optimizer.npz
[2018-12-03 16:53:53] [valid] Ep. 40 : Up. 135000 : cross-entropy : 43.7345 : stalled 11 times
[2018-12-03 16:53:59] [valid] Ep. 40 : Up. 135000 : perplexity : 4.10741 : stalled 11 times
Detokenizer Version $Revision: 4134 $
Language: en
[2018-12-03 16:55:56] [valid] Ep. 40 : Up. 135000 : translation : 30.07 : stalled 12 times
[2018-12-03 16:59:21] Ep. 40 : Up. 135500 : Sen. 265,247 : Cost 66.45667267 : Time 343.48s : 7887.00 words/s : L.r. 1.0309e-04
[2018-12-03 17:02:47] Ep. 40 : Up. 136000 : Sen. 355,263 : Cost 64.28310394 : Time 206.28s : 13368.13 words/s : L.r. 1.0290e-04
[2018-12-03 17:06:13] Ep. 40 : Up. 136500 : Sen. 448,094 : Cost 62.83148956 : Time 205.92s : 13448.97 words/s : L.r. 1.0271e-04
[2018-12-03 17:09:36] Ep. 40 : Up. 137000 : Sen. 537,979 : Cost 63.07086945 : Time 203.12s : 13223.31 words/s : L.r. 1.0252e-04
[2018-12-03 17:12:36] Seen 618318 samples
[2018-12-03 17:12:36] Starting epoch 41
[2018-12-03 17:12:36] [data] Shuffling files
[2018-12-03 17:12:37] [data] Done reading 620637 sentences
[2018-12-03 17:12:38] [data] Done shuffling 620637 sentences to temp files
[2018-12-03 17:13:22] Ep. 41 : Up. 137500 : Sen. 10,395 : Cost 63.40904617 : Time 226.29s : 12058.64 words/s : L.r. 1.0234e-04
[2018-12-03 17:16:47] Ep. 41 : Up. 138000 : Sen. 97,877 : Cost 64.14643097 : Time 205.06s : 13235.92 words/s : L.r. 1.0215e-04
[2018-12-03 17:20:13] Ep. 41 : Up. 138500 : Sen. 186,620 : Cost 64.10278320 : Time 205.99s : 13285.68 words/s : L.r. 1.0197e-04
[2018-12-03 17:23:39] Ep. 41 : Up. 139000 : Sen. 276,947 : Cost 63.75330353 : Time 205.47s : 13413.57 words/s : L.r. 1.0178e-04
[2018-12-03 17:27:03] Ep. 41 : Up. 139500 : Sen. 366,165 : Cost 63.46671677 : Time 203.97s : 13229.01 words/s : L.r. 1.0160e-04
[2018-12-03 17:30:29] Ep. 41 : Up. 140000 : Sen. 455,911 : Cost 64.68606567 : Time 206.11s : 13396.79 words/s : L.r. 1.0142e-04
[2018-12-03 17:30:29] Saving model weights and runtime parameters to model/model.src1tgt0.2gpu.fit.3.npz.orig.npz
[2018-12-03 17:30:31] Saving model weights and runtime parameters to model/model.src1tgt0.2gpu.fit.3.iter140000.npz
[2018-12-03 17:30:32] Saving model weights and runtime parameters to model/model.src1tgt0.2gpu.fit.3.npz
[2018-12-03 17:30:34] Saving Adam parameters to model/model.src1tgt0.2gpu.fit.3.npz.optimizer.npz
[2018-12-03 17:30:44] [valid] Ep. 41 : Up. 140000 : cross-entropy : 43.8524 : stalled 12 times
[2018-12-03 17:30:51] [valid] Ep. 41 : Up. 140000 : perplexity : 4.12308 : stalled 12 times
Detokenizer Version $Revision: 4134 $
Language: en
[2018-12-03 17:32:50] [valid] Ep. 41 : Up. 140000 : translation : 30.06 : stalled 13 times
[2018-12-03 17:36:17] Ep. 41 : Up. 140500 : Sen. 548,837 : Cost 61.52208328 : Time 347.64s : 7834.34 words/s : L.r. 1.0124e-04
[2018-12-03 17:38:52] Seen 618318 samples
[2018-12-03 17:38:52] Starting epoch 42
[2018-12-03 17:38:52] [data] Shuffling files
[2018-12-03 17:38:52] [data] Done reading 620637 sentences
[2018-12-03 17:38:54] [data] Done shuffling 620637 sentences to temp files
[2018-12-03 17:40:03] Ep. 42 : Up. 141000 : Sen. 21,194 : Cost 63.73572540 : Time 226.85s : 12156.70 words/s : L.r. 1.0106e-04
[2018-12-03 17:43:28] Ep. 42 : Up. 141500 : Sen. 111,093 : Cost 60.69086838 : Time 204.43s : 13004.81 words/s : L.r. 1.0088e-04
[2018-12-03 17:46:52] Ep. 42 : Up. 142000 : Sen. 199,145 : Cost 63.97092438 : Time 204.02s : 13300.75 words/s : L.r. 1.0070e-04
[2018-12-03 17:50:17] Ep. 42 : Up. 142500 : Sen. 289,214 : Cost 63.98696518 : Time 205.41s : 13462.76 words/s : L.r. 1.0052e-04
[2018-12-03 17:53:45] Ep. 42 : Up. 143000 : Sen. 382,630 : Cost 63.78473282 : Time 207.67s : 13681.34 words/s : L.r. 1.0035e-04
[2018-12-03 17:57:09] Ep. 42 : Up. 143500 : Sen. 471,584 : Cost 62.70120621 : Time 203.67s : 13101.83 words/s : L.r. 1.0017e-04
[2018-12-03 18:00:35] Ep. 42 : Up. 144000 : Sen. 561,333 : Cost 65.49084473 : Time 206.02s : 13521.72 words/s : L.r. 1.0000e-04
[2018-12-03 18:02:43] Seen 618318 samples
[2018-12-03 18:02:43] Starting epoch 43
[2018-12-03 18:02:43] [data] Shuffling files
[2018-12-03 18:02:43] [data] Done reading 620637 sentences
[2018-12-03 18:02:45] [data] Done shuffling 620637 sentences to temp files
[2018-12-03 18:04:21] Ep. 43 : Up. 144500 : Sen. 31,921 : Cost 63.96638489 : Time 226.18s : 12047.74 words/s : L.r. 9.9827e-05
[2018-12-03 18:07:48] Ep. 43 : Up. 145000 : Sen. 120,354 : Cost 65.21459961 : Time 206.80s : 13475.83 words/s : L.r. 9.9655e-05
[2018-12-03 18:07:48] Saving model weights and runtime parameters to model/model.src1tgt0.2gpu.fit.3.npz.orig.npz
[2018-12-03 18:07:50] Saving model weights and runtime parameters to model/model.src1tgt0.2gpu.fit.3.iter145000.npz
[2018-12-03 18:07:50] Saving model weights and runtime parameters to model/model.src1tgt0.2gpu.fit.3.npz
[2018-12-03 18:07:52] Saving Adam parameters to model/model.src1tgt0.2gpu.fit.3.npz.optimizer.npz
[2018-12-03 18:08:03] [valid] Ep. 43 : Up. 145000 : cross-entropy : 43.9808 : stalled 13 times
[2018-12-03 18:08:09] [valid] Ep. 43 : Up. 145000 : perplexity : 4.14022 : stalled 13 times
Detokenizer Version $Revision: 4134 $
Language: en
[2018-12-03 18:10:06] [valid] Ep. 43 : Up. 145000 : translation : 29.97 : stalled 14 times
[2018-12-03 18:13:32] Ep. 43 : Up. 145500 : Sen. 211,438 : Cost 61.05750275 : Time 344.06s : 7824.67 words/s : L.r. 9.9483e-05
[2018-12-03 18:16:55] Ep. 43 : Up. 146000 : Sen. 298,749 : Cost 64.28361511 : Time 203.27s : 13291.03 words/s : L.r. 9.9313e-05
[2018-12-03 18:20:20] Ep. 43 : Up. 146500 : Sen. 390,603 : Cost 61.98552704 : Time 205.22s : 13327.68 words/s : L.r. 9.9143e-05
[2018-12-03 18:23:47] Ep. 43 : Up. 147000 : Sen. 482,355 : Cost 64.05000305 : Time 206.31s : 13575.71 words/s : L.r. 9.8974e-05
[2018-12-03 18:27:11] Ep. 43 : Up. 147500 : Sen. 571,854 : Cost 63.79781723 : Time 203.95s : 13350.33 words/s : L.r. 9.8806e-05
[2018-12-03 18:28:53] Seen 618318 samples
[2018-12-03 18:28:53] Starting epoch 44
[2018-12-03 18:28:53] [data] Shuffling files
[2018-12-03 18:28:53] [data] Done reading 620637 sentences
[2018-12-03 18:28:55] [data] Done shuffling 620637 sentences to temp files
[2018-12-03 18:30:58] Ep. 44 : Up. 148000 : Sen. 45,251 : Cost 62.33665085 : Time 227.18s : 12137.73 words/s : L.r. 9.8639e-05
[2018-12-03 18:34:24] Ep. 44 : Up. 148500 : Sen. 135,459 : Cost 63.33668900 : Time 206.29s : 13443.85 words/s : L.r. 9.8473e-05
[2018-12-03 18:37:49] Ep. 44 : Up. 149000 : Sen. 227,136 : Cost 61.66631699 : Time 205.44s : 13308.13 words/s : L.r. 9.8308e-05
[2018-12-03 18:41:14] Ep. 44 : Up. 149500 : Sen. 314,733 : Cost 64.65195465 : Time 205.05s : 13323.07 words/s : L.r. 9.8143e-05
[2018-12-03 18:44:40] Ep. 44 : Up. 150000 : Sen. 404,018 : Cost 64.48797607 : Time 205.30s : 13416.39 words/s : L.r. 9.7980e-05
[2018-12-03 18:44:40] Saving model weights and runtime parameters to model/model.src1tgt0.2gpu.fit.3.npz.orig.npz
[2018-12-03 18:44:42] Saving model weights and runtime parameters to model/model.src1tgt0.2gpu.fit.3.iter150000.npz
[2018-12-03 18:44:43] Saving model weights and runtime parameters to model/model.src1tgt0.2gpu.fit.3.npz
[2018-12-03 18:44:45] Saving Adam parameters to model/model.src1tgt0.2gpu.fit.3.npz.optimizer.npz
[2018-12-03 18:44:55] [valid] Ep. 44 : Up. 150000 : cross-entropy : 44.12 : stalled 14 times
[2018-12-03 18:45:01] [valid] Ep. 44 : Up. 150000 : perplexity : 4.15888 : stalled 14 times
Detokenizer Version $Revision: 4134 $
Language: en
[2018-12-03 18:46:59] [valid] Ep. 44 : Up. 150000 : translation : 29.86 : stalled 15 times
[2018-12-03 18:50:27] Ep. 44 : Up. 150500 : Sen. 494,511 : Cost 64.16716003 : Time 346.95s : 8008.69 words/s : L.r. 9.7817e-05
[2018-12-03 18:53:51] Ep. 44 : Up. 151000 : Sen. 584,992 : Cost 62.36264038 : Time 204.26s : 13192.98 words/s : L.r. 9.7655e-05
[2018-12-03 18:55:05] Seen 618318 samples
[2018-12-03 18:55:05] Starting epoch 45
[2018-12-03 18:55:05] [data] Shuffling files
[2018-12-03 18:55:06] [data] Done reading 620637 sentences
[2018-12-03 18:55:07] [data] Done shuffling 620637 sentences to temp files
[2018-12-03 18:57:36] Ep. 45 : Up. 151500 : Sen. 59,536 : Cost 59.21246719 : Time 225.39s : 11874.38 words/s : L.r. 9.7493e-05
[2018-12-03 19:01:03] Ep. 45 : Up. 152000 : Sen. 151,455 : Cost 61.41709518 : Time 206.26s : 13346.92 words/s : L.r. 9.7333e-05
[2018-12-03 19:04:28] Ep. 45 : Up. 152500 : Sen. 239,326 : Cost 64.45339203 : Time 204.95s : 13363.90 words/s : L.r. 9.7173e-05
[2018-12-03 19:07:53] Ep. 45 : Up. 153000 : Sen. 330,162 : Cost 62.89216995 : Time 205.74s : 13376.79 words/s : L.r. 9.7014e-05
[2018-12-03 19:11:18] Ep. 45 : Up. 153500 : Sen. 417,777 : Cost 65.41660309 : Time 205.02s : 13412.13 words/s : L.r. 9.6856e-05
[2018-12-03 19:14:44] Ep. 45 : Up. 154000 : Sen. 506,547 : Cost 64.64688110 : Time 205.33s : 13381.17 words/s : L.r. 9.6699e-05
[2018-12-03 19:18:08] Ep. 45 : Up. 154500 : Sen. 596,282 : Cost 63.03350449 : Time 204.50s : 13260.01 words/s : L.r. 9.6542e-05
[2018-12-03 19:18:58] Seen 618318 samples
[2018-12-03 19:18:58] Starting epoch 46
[2018-12-03 19:18:58] [data] Shuffling files
[2018-12-03 19:18:58] [data] Done reading 620637 sentences
[2018-12-03 19:19:00] [data] Done shuffling 620637 sentences to temp files
[2018-12-03 19:21:55] Ep. 46 : Up. 155000 : Sen. 67,049 : Cost 64.32629395 : Time 226.93s : 12256.03 words/s : L.r. 9.6386e-05
[2018-12-03 19:21:55] Saving model weights and runtime parameters to model/model.src1tgt0.2gpu.fit.3.npz.orig.npz
[2018-12-03 19:21:57] Saving model weights and runtime parameters to model/model.src1tgt0.2gpu.fit.3.iter155000.npz
[2018-12-03 19:21:58] Saving model weights and runtime parameters to model/model.src1tgt0.2gpu.fit.3.npz
[2018-12-03 19:22:00] Saving Adam parameters to model/model.src1tgt0.2gpu.fit.3.npz.optimizer.npz
[2018-12-03 19:22:10] [valid] Ep. 46 : Up. 155000 : cross-entropy : 44.242 : stalled 15 times
[2018-12-03 19:22:17] [valid] Ep. 46 : Up. 155000 : perplexity : 4.1753 : stalled 15 times
Detokenizer Version $Revision: 4134 $
Language: en
[2018-12-03 19:24:14] [valid] Ep. 46 : Up. 155000 : translation : 29.87 : stalled 16 times
[2018-12-03 19:24:15] Training finished
[2018-12-03 19:24:16] Saving model weights and runtime parameters to model/model.src1tgt0.2gpu.fit.3.npz.orig.npz
[2018-12-03 19:24:18] Saving model weights and runtime parameters to model/model.src1tgt0.2gpu.fit.3.npz
[2018-12-03 19:24:20] Saving Adam parameters to model/model.src1tgt0.2gpu.fit.3.npz.optimizer.npz
