[2019-02-27 21:08:37] [marian] Marian v1.7.8 63e1cfe4 2019-02-11 21:04:00 -0800
[2019-02-27 21:08:37] [marian] Running on cosmas.lingea.cz as process 29781 with command line:
[2019-02-27 21:08:37] [marian] /home/large/data/models/marian/marian-doc/marian-dev/build/marian --model model/model.src1tgt0.doc.gate3.npz --type transformer-context --train-sets corp/europarl.cs-en.docs.train.en.bpe.src_prev corp/europarl.cs-en.docs.train.en.bpe.src corp/europarl.cs-en.docs.train.cz.bpe --max-length 55 --dim-vocabs 30000 30000 --vocabs corp/vocab.encs.europarl.yml corp/vocab.encs.europarl.yml corp/vocab.encs.europarl.yml --mini-batch-fit -w 8900 --mini-batch 1000 --maxi-batch 1000 --early-stopping 10 --valid-freq 5000 --save-freq 5000 --disp-freq 500 --valid-metrics cross-entropy perplexity translation --valid-sets corp/europarl.cs-en.docs.dev.en.bpe.src_prev corp/europarl.cs-en.docs.dev.en.bpe.src corp/europarl.cs-en.docs.dev.cz.bpe --valid-script-path ./val.sh --valid-translation-output data/valid.bpe.en.output --quiet-translation --valid-mini-batch 16 --beam-size 6 --normalize 0.6 --log model/train_trans.doc.log --valid-log model/valid_trans.doc.log --enc-depth 6 --dec-depth 6 --transformer-heads 8 --transformer-postprocess-emb d --transformer-postprocess dan --transformer-dropout 0.1 --label-smoothing 0.1 --learn-rate 0.0003 --lr-warmup 16000 --lr-decay-inv-sqrt 16000 --lr-report --optimizer-params 0.9 0.98 1e-09 --clip-norm 5 --tied-embeddings-all --devices 1 2 3 --sync-sgd --seed 1111 --exponential-smoothing --no-restore-corpus --no-nccl
[2019-02-27 21:08:37] [config] after-batches: 0
[2019-02-27 21:08:37] [config] after-epochs: 0
[2019-02-27 21:08:37] [config] allow-unk: false
[2019-02-27 21:08:37] [config] beam-size: 6
[2019-02-27 21:08:37] [config] bert-class-symbol: "[CLS]"
[2019-02-27 21:08:37] [config] bert-mask-symbol: "[MASK]"
[2019-02-27 21:08:37] [config] bert-masking-fraction: 0.15
[2019-02-27 21:08:37] [config] bert-sep-symbol: "[SEP]"
[2019-02-27 21:08:37] [config] bert-train-type-embeddings: true
[2019-02-27 21:08:37] [config] bert-type-vocab-size: 2
[2019-02-27 21:08:37] [config] best-deep: false
[2019-02-27 21:08:37] [config] clip-gemm: 0
[2019-02-27 21:08:37] [config] clip-norm: 5
[2019-02-27 21:08:37] [config] cost-type: ce-mean
[2019-02-27 21:08:37] [config] cpu-threads: 0
[2019-02-27 21:08:37] [config] data-weighting: ""
[2019-02-27 21:08:37] [config] data-weighting-type: sentence
[2019-02-27 21:08:37] [config] dec-cell: gru
[2019-02-27 21:08:37] [config] dec-cell-base-depth: 2
[2019-02-27 21:08:37] [config] dec-cell-high-depth: 1
[2019-02-27 21:08:37] [config] dec-depth: 6
[2019-02-27 21:08:37] [config] devices:
[2019-02-27 21:08:37] [config]   - 1
[2019-02-27 21:08:37] [config]   - 2
[2019-02-27 21:08:37] [config]   - 3
[2019-02-27 21:08:37] [config] dim-emb: 512
[2019-02-27 21:08:37] [config] dim-rnn: 1024
[2019-02-27 21:08:37] [config] dim-vocabs:
[2019-02-27 21:08:37] [config]   - 30000
[2019-02-27 21:08:37] [config]   - 30000
[2019-02-27 21:08:37] [config] disp-first: 0
[2019-02-27 21:08:37] [config] disp-freq: 500
[2019-02-27 21:08:37] [config] disp-label-counts: false
[2019-02-27 21:08:37] [config] dropout-rnn: 0
[2019-02-27 21:08:37] [config] dropout-src: 0
[2019-02-27 21:08:37] [config] dropout-trg: 0
[2019-02-27 21:08:37] [config] dump-config: ""
[2019-02-27 21:08:37] [config] early-stopping: 10
[2019-02-27 21:08:37] [config] embedding-fix-src: false
[2019-02-27 21:08:37] [config] embedding-fix-trg: false
[2019-02-27 21:08:37] [config] embedding-normalization: false
[2019-02-27 21:08:37] [config] embedding-vectors:
[2019-02-27 21:08:37] [config]   []
[2019-02-27 21:08:37] [config] enc-cell: gru
[2019-02-27 21:08:37] [config] enc-cell-depth: 1
[2019-02-27 21:08:37] [config] enc-depth: 6
[2019-02-27 21:08:37] [config] enc-type: bidirectional
[2019-02-27 21:08:37] [config] exponential-smoothing: 0.0001
[2019-02-27 21:08:37] [config] grad-dropping-momentum: 0
[2019-02-27 21:08:37] [config] grad-dropping-rate: 0
[2019-02-27 21:08:37] [config] grad-dropping-warmup: 100
[2019-02-27 21:08:37] [config] guided-alignment: none
[2019-02-27 21:08:37] [config] guided-alignment-cost: mse
[2019-02-27 21:08:37] [config] guided-alignment-weight: 0.1
[2019-02-27 21:08:37] [config] ignore-model-config: false
[2019-02-27 21:08:37] [config] input-types:
[2019-02-27 21:08:37] [config]   []
[2019-02-27 21:08:37] [config] interpolate-env-vars: false
[2019-02-27 21:08:37] [config] keep-best: false
[2019-02-27 21:08:37] [config] label-smoothing: 0.1
[2019-02-27 21:08:37] [config] layer-normalization: false
[2019-02-27 21:08:37] [config] learn-rate: 0.0003
[2019-02-27 21:08:37] [config] log: model/train_trans.doc.log
[2019-02-27 21:08:37] [config] log-level: info
[2019-02-27 21:08:37] [config] log-time-zone: ""
[2019-02-27 21:08:37] [config] lr-decay: 0
[2019-02-27 21:08:37] [config] lr-decay-freq: 50000
[2019-02-27 21:08:37] [config] lr-decay-inv-sqrt:
[2019-02-27 21:08:37] [config]   - 16000
[2019-02-27 21:08:37] [config] lr-decay-repeat-warmup: false
[2019-02-27 21:08:37] [config] lr-decay-reset-optimizer: false
[2019-02-27 21:08:37] [config] lr-decay-start:
[2019-02-27 21:08:37] [config]   - 10
[2019-02-27 21:08:37] [config]   - 1
[2019-02-27 21:08:37] [config] lr-decay-strategy: epoch+stalled
[2019-02-27 21:08:37] [config] lr-report: true
[2019-02-27 21:08:37] [config] lr-warmup: 16000
[2019-02-27 21:08:37] [config] lr-warmup-at-reload: false
[2019-02-27 21:08:37] [config] lr-warmup-cycle: false
[2019-02-27 21:08:37] [config] lr-warmup-start-rate: 0
[2019-02-27 21:08:37] [config] max-length: 55
[2019-02-27 21:08:37] [config] max-length-crop: false
[2019-02-27 21:08:37] [config] max-length-factor: 3
[2019-02-27 21:08:37] [config] maxi-batch: 1000
[2019-02-27 21:08:37] [config] maxi-batch-sort: trg
[2019-02-27 21:08:37] [config] mini-batch: 1000
[2019-02-27 21:08:37] [config] mini-batch-fit: true
[2019-02-27 21:08:37] [config] mini-batch-fit-step: 10
[2019-02-27 21:08:37] [config] mini-batch-overstuff: 1
[2019-02-27 21:08:37] [config] mini-batch-track-lr: false
[2019-02-27 21:08:37] [config] mini-batch-understuff: 1
[2019-02-27 21:08:37] [config] mini-batch-warmup: 0
[2019-02-27 21:08:37] [config] mini-batch-words: 0
[2019-02-27 21:08:37] [config] mini-batch-words-ref: 0
[2019-02-27 21:08:37] [config] model: model/model.src1tgt0.doc.gate3.npz
[2019-02-27 21:08:37] [config] multi-loss-type: sum
[2019-02-27 21:08:37] [config] multi-node: false
[2019-02-27 21:08:37] [config] multi-node-overlap: true
[2019-02-27 21:08:37] [config] n-best: false
[2019-02-27 21:08:37] [config] no-nccl: true
[2019-02-27 21:08:37] [config] no-reload: false
[2019-02-27 21:08:37] [config] no-restore-corpus: true
[2019-02-27 21:08:37] [config] no-shuffle: false
[2019-02-27 21:08:37] [config] normalize: 0.6
[2019-02-27 21:08:37] [config] num-devices: 0
[2019-02-27 21:08:37] [config] optimizer: adam
[2019-02-27 21:08:37] [config] optimizer-delay: 1
[2019-02-27 21:08:37] [config] optimizer-params:
[2019-02-27 21:08:37] [config]   - 0.9
[2019-02-27 21:08:37] [config]   - 0.98
[2019-02-27 21:08:37] [config]   - 1e-09
[2019-02-27 21:08:37] [config] overwrite: false
[2019-02-27 21:08:37] [config] pretrained-model: ""
[2019-02-27 21:08:37] [config] quiet: false
[2019-02-27 21:08:37] [config] quiet-translation: true
[2019-02-27 21:08:37] [config] relative-paths: false
[2019-02-27 21:08:37] [config] right-left: false
[2019-02-27 21:08:37] [config] save-freq: 5000
[2019-02-27 21:08:37] [config] seed: 1111
[2019-02-27 21:08:37] [config] shuffle-in-ram: false
[2019-02-27 21:08:37] [config] skip: false
[2019-02-27 21:08:37] [config] sqlite: ""
[2019-02-27 21:08:37] [config] sqlite-drop: false
[2019-02-27 21:08:37] [config] sync-sgd: true
[2019-02-27 21:08:37] [config] tempdir: /tmp
[2019-02-27 21:08:37] [config] tied-embeddings: false
[2019-02-27 21:08:37] [config] tied-embeddings-all: true
[2019-02-27 21:08:37] [config] tied-embeddings-src: false
[2019-02-27 21:08:37] [config] train-sets:
[2019-02-27 21:08:37] [config]   - corp/europarl.cs-en.docs.train.en.bpe.src_prev
[2019-02-27 21:08:37] [config]   - corp/europarl.cs-en.docs.train.en.bpe.src
[2019-02-27 21:08:37] [config]   - corp/europarl.cs-en.docs.train.cz.bpe
[2019-02-27 21:08:37] [config] transformer-aan-activation: swish
[2019-02-27 21:08:37] [config] transformer-aan-depth: 2
[2019-02-27 21:08:37] [config] transformer-aan-nogate: false
[2019-02-27 21:08:37] [config] transformer-decoder-autoreg: self-attention
[2019-02-27 21:08:37] [config] transformer-dim-aan: 2048
[2019-02-27 21:08:37] [config] transformer-dim-ffn: 2048
[2019-02-27 21:08:37] [config] transformer-dropout: 0.1
[2019-02-27 21:08:37] [config] transformer-dropout-attention: 0
[2019-02-27 21:08:37] [config] transformer-dropout-ffn: 0
[2019-02-27 21:08:37] [config] transformer-ffn-activation: swish
[2019-02-27 21:08:37] [config] transformer-ffn-depth: 2
[2019-02-27 21:08:37] [config] transformer-guided-alignment-layer: last
[2019-02-27 21:08:37] [config] transformer-heads: 8
[2019-02-27 21:08:37] [config] transformer-no-projection: false
[2019-02-27 21:08:37] [config] transformer-postprocess: dan
[2019-02-27 21:08:37] [config] transformer-postprocess-emb: d
[2019-02-27 21:08:37] [config] transformer-preprocess: ""
[2019-02-27 21:08:37] [config] transformer-tied-layers:
[2019-02-27 21:08:37] [config]   []
[2019-02-27 21:08:37] [config] transformer-train-position-embeddings: false
[2019-02-27 21:08:37] [config] type: transformer-context
[2019-02-27 21:08:37] [config] ulr: false
[2019-02-27 21:08:37] [config] ulr-dim-emb: 0
[2019-02-27 21:08:37] [config] ulr-dropout: 0
[2019-02-27 21:08:37] [config] ulr-keys-vectors: ""
[2019-02-27 21:08:37] [config] ulr-query-vectors: ""
[2019-02-27 21:08:37] [config] ulr-softmax-temperature: 1
[2019-02-27 21:08:37] [config] ulr-trainable-transformation: false
[2019-02-27 21:08:37] [config] valid-freq: 5000
[2019-02-27 21:08:37] [config] valid-log: model/valid_trans.doc.log
[2019-02-27 21:08:37] [config] valid-max-length: 1000
[2019-02-27 21:08:37] [config] valid-metrics:
[2019-02-27 21:08:37] [config]   - cross-entropy
[2019-02-27 21:08:37] [config]   - perplexity
[2019-02-27 21:08:37] [config]   - translation
[2019-02-27 21:08:37] [config] valid-mini-batch: 16
[2019-02-27 21:08:37] [config] valid-script-path: ./val.sh
[2019-02-27 21:08:37] [config] valid-sets:
[2019-02-27 21:08:37] [config]   - corp/europarl.cs-en.docs.dev.en.bpe.src_prev
[2019-02-27 21:08:37] [config]   - corp/europarl.cs-en.docs.dev.en.bpe.src
[2019-02-27 21:08:37] [config]   - corp/europarl.cs-en.docs.dev.cz.bpe
[2019-02-27 21:08:37] [config] valid-translation-output: data/valid.bpe.en.output
[2019-02-27 21:08:37] [config] vocabs:
[2019-02-27 21:08:37] [config]   - corp/vocab.encs.europarl.yml
[2019-02-27 21:08:37] [config]   - corp/vocab.encs.europarl.yml
[2019-02-27 21:08:37] [config]   - corp/vocab.encs.europarl.yml
[2019-02-27 21:08:37] [config] word-penalty: 0
[2019-02-27 21:08:37] [config] workspace: 8900
[2019-02-27 21:08:37] [config] Model is being created with Marian v1.7.8 63e1cfe4 2019-02-11 21:04:00 -0800
[2019-02-27 21:08:37] Using synchronous training
[2019-02-27 21:08:37] [data] Loading vocabulary from JSON/Yaml file corp/vocab.encs.europarl.yml
[2019-02-27 21:08:37] [data] Setting vocabulary size for input 0 to 30000
[2019-02-27 21:08:37] [data] Loading vocabulary from JSON/Yaml file corp/vocab.encs.europarl.yml
[2019-02-27 21:08:37] [data] Setting vocabulary size for input 1 to 30000
[2019-02-27 21:08:37] [data] Loading vocabulary from JSON/Yaml file corp/vocab.encs.europarl.yml
[2019-02-27 21:08:38] [data] Setting vocabulary size for input 2 to 30000
[2019-02-27 21:08:38] Compiled without MPI support. Falling back to FakeMPIWrapper
[2019-02-27 21:08:38] [batching] Collecting statistics for batch fitting with step size 10
[2019-02-27 21:08:38] [memory] Extending reserved space to 8960 MB (device gpu1)
[2019-02-27 21:08:39] [memory] Extending reserved space to 8960 MB (device gpu2)
[2019-02-27 21:08:39] [memory] Extending reserved space to 8960 MB (device gpu3)
[2019-02-27 21:08:39] [comm] NCCL communicator overridden
[2019-02-27 21:08:39] [training] Using 3 GPUs
[2019-02-27 21:08:39] [memory] Reserving 313 MB, device gpu1
[2019-02-27 21:08:39] [gpu] 16-bit TensorCores enabled for float32 matrix operations
[2019-02-27 21:08:39] [memory] Reserving 313 MB, device gpu1
[2019-02-27 21:08:49] [batching] Done. Typical MB size is 13805 target words
[2019-02-27 21:08:49] [memory] Extending reserved space to 8960 MB (device gpu1)
[2019-02-27 21:08:49] [memory] Extending reserved space to 8960 MB (device gpu2)
[2019-02-27 21:08:49] [memory] Extending reserved space to 8960 MB (device gpu3)
[2019-02-27 21:08:49] [comm] NCCL communicator overridden
[2019-02-27 21:08:49] [training] Using 3 GPUs
[2019-02-27 21:08:49] Training started
[2019-02-27 21:08:49] [data] Shuffling data
[2019-02-27 21:08:50] [data] Done reading 620637 sentences
[2019-02-27 21:08:52] [data] Done shuffling 620637 sentences to temp files
[2019-02-27 21:09:12] [training] Batches are processed as 1 process(es) x 3 devices/process
[2019-02-27 21:09:12] [memory] Reserving 313 MB, device gpu2
[2019-02-27 21:09:12] [memory] Reserving 313 MB, device gpu1
[2019-02-27 21:09:12] [memory] Reserving 313 MB, device gpu3
[2019-02-27 21:09:12] [memory] Reserving 313 MB, device gpu2
[2019-02-27 21:09:12] [memory] Reserving 313 MB, device gpu1
[2019-02-27 21:09:12] [memory] Reserving 313 MB, device gpu3
[2019-02-27 21:09:12] [memory] Reserving 104 MB, device gpu1
[2019-02-27 21:09:12] [memory] Reserving 104 MB, device gpu2
[2019-02-27 21:09:12] [memory] Reserving 104 MB, device gpu3
[2019-02-27 21:09:13] [memory] Reserving 104 MB, device gpu1
[2019-02-27 21:09:13] [memory] Reserving 104 MB, device gpu2
[2019-02-27 21:09:13] [memory] Reserving 104 MB, device gpu3
[2019-02-27 21:09:13] [memory] Reserving 208 MB, device gpu2
[2019-02-27 21:09:13] [memory] Reserving 208 MB, device gpu1
[2019-02-27 21:09:13] [memory] Reserving 208 MB, device gpu3
[2019-02-27 21:13:26] Ep. 1 : Up. 500 : Sen. 141,119 : Cost 249.71469116 : Time 288.83s : 12757.46 words/s : L.r. 9.3750e-06
[2019-02-27 21:17:44] Ep. 1 : Up. 1000 : Sen. 279,738 : Cost 218.74433899 : Time 257.64s : 14267.09 words/s : L.r. 1.8750e-05
[2019-02-27 21:22:02] Ep. 1 : Up. 1500 : Sen. 414,913 : Cost 219.86585999 : Time 258.02s : 14175.67 words/s : L.r. 2.8125e-05
[2019-02-27 21:25:11] Seen 515211 samples
[2019-02-27 21:25:11] Starting epoch 2
[2019-02-27 21:25:11] [data] Shuffling data
[2019-02-27 21:25:11] [data] Done reading 620637 sentences
[2019-02-27 21:25:13] [data] Done shuffling 620637 sentences to temp files
[2019-02-27 21:26:41] Ep. 2 : Up. 2000 : Sen. 37,562 : Cost 210.07145691 : Time 279.24s : 12883.13 words/s : L.r. 3.7500e-05
[2019-02-27 21:30:59] Ep. 2 : Up. 2500 : Sen. 174,955 : Cost 214.57392883 : Time 257.94s : 14221.09 words/s : L.r. 4.6875e-05
[2019-02-27 21:35:16] Ep. 2 : Up. 3000 : Sen. 313,690 : Cost 210.63520813 : Time 256.97s : 14113.33 words/s : L.r. 5.6250e-05
[2019-02-27 21:39:35] Ep. 2 : Up. 3500 : Sen. 448,819 : Cost 219.08778381 : Time 259.21s : 14084.59 words/s : L.r. 6.5625e-05
[2019-02-27 21:41:38] Seen 515211 samples
[2019-02-27 21:41:38] Starting epoch 3
[2019-02-27 21:41:38] [data] Shuffling data
[2019-02-27 21:41:39] [data] Done reading 620637 sentences
[2019-02-27 21:41:41] [data] Done shuffling 620637 sentences to temp files
[2019-02-27 21:44:15] Ep. 3 : Up. 4000 : Sen. 72,505 : Cost 213.04646301 : Time 280.01s : 12924.52 words/s : L.r. 7.5000e-05
[2019-02-27 21:48:34] Ep. 3 : Up. 4500 : Sen. 211,430 : Cost 216.01626587 : Time 258.23s : 14043.69 words/s : L.r. 8.4375e-05
[2019-02-27 21:52:52] Ep. 3 : Up. 5000 : Sen. 345,656 : Cost 228.41201782 : Time 258.51s : 14178.41 words/s : L.r. 9.3750e-05
[2019-02-27 21:52:52] Saving model weights and runtime parameters to model/model.src1tgt0.doc.gate3.npz.orig.npz
[2019-02-27 21:52:53] Saving model weights and runtime parameters to model/model.src1tgt0.doc.gate3.iter5000.npz
[2019-02-27 21:52:54] Saving model weights and runtime parameters to model/model.src1tgt0.doc.gate3.npz
[2019-02-27 21:52:56] Saving Adam parameters to model/model.src1tgt0.doc.gate3.npz.optimizer.npz
[2019-02-27 21:53:03] [valid] Ep. 3 : Up. 5000 : cross-entropy : 238.503 : new best
[2019-02-27 21:53:09] [valid] Ep. 3 : Up. 5000 : perplexity : 2218.46 : new best
Detokenizer Version $Revision: 4134 $
Language: en
[2019-02-27 21:57:23] [valid] Ep. 3 : Up. 5000 : translation : 0 : new best
[2019-02-27 22:01:42] Ep. 3 : Up. 5500 : Sen. 484,730 : Cost 222.67492676 : Time 529.59s : 6920.10 words/s : L.r. 1.0313e-04
[2019-02-27 22:02:38] Seen 515211 samples
[2019-02-27 22:02:38] Starting epoch 4
[2019-02-27 22:02:38] [data] Shuffling data
[2019-02-27 22:02:38] [data] Done reading 620637 sentences
[2019-02-27 22:02:40] [data] Done shuffling 620637 sentences to temp files
train_dual_doc.single.gpu.sh: line 27: 29781 Terminated              $marian_home/marian --model model/model.src1tgt0.doc.gate3.npz --type transformer-context --train-sets corp/europarl.cs-en.docs.train.en.bpe.src_prev corp/europarl.cs-en.docs.train.en.bpe.src corp/europarl.cs-en.docs.train.cz.bpe --max-length 55 --dim-vocabs 30000 30000 --vocabs corp/vocab.encs.europarl.yml corp/vocab.encs.europarl.yml corp/vocab.encs.europarl.yml --mini-batch-fit -w 8900 --mini-batch 1000 --maxi-batch 1000 --early-stopping 10 --valid-freq 5000 --save-freq 5000 --disp-freq 500 --valid-metrics cross-entropy perplexity translation --valid-sets corp/europarl.cs-en.docs.dev.en.bpe.src_prev corp/europarl.cs-en.docs.dev.en.bpe.src corp/europarl.cs-en.docs.dev.cz.bpe --valid-script-path ./val.sh --valid-translation-output data/valid.bpe.en.output --quiet-translation --valid-mini-batch 16 --beam-size 6 --normalize 0.6 --log model/train_trans.doc.log --valid-log model/valid_trans.doc.log --enc-depth 6 --dec-depth 6 --transformer-heads 8 --transformer-postprocess-emb d --transformer-postprocess dan --transformer-dropout 0.1 --label-smoothing 0.1 --learn-rate 0.0003 --lr-warmup 16000 --lr-decay-inv-sqrt 16000 --lr-report --optimizer-params 0.9 0.98 1e-09 --clip-norm 5 --tied-embeddings-all --devices 1 2 3 --sync-sgd --seed 1111 --exponential-smoothing --no-restore-corpus --no-nccl
