[2019-03-05 14:10:46] [marian] Marian v1.7.8 63e1cfe4 2019-02-11 21:04:00 -0800
[2019-03-05 14:10:46] [marian] Running on pcknot5 as process 12061 with command line:
[2019-03-05 14:10:46] [marian] /mnt/minerva1/nlp/projects/nmt/marian-doc-gated/doc-marian/build/marian --model model/model.src1tgt0.dual.doc.same_embedding.gate_really.notc.len80.npz --type transformer-context --train-sets corp/europarl.cs-en.docs.train.en.bpe.src_prev corp/europarl.cs-en.docs.train.en.bpe.src corp/europarl.cs-en.docs.train.cz.bpe --max-length 80 --dim-vocabs 30000 30000 --vocabs corp/vocab.encs.europarl.yml corp/vocab.encs.europarl.yml corp/vocab.encs.europarl.yml --mini-batch-fit -w 8800 --mini-batch 1000 --maxi-batch 1000 --early-stopping 10 --valid-freq 5000 --save-freq 5000 --disp-freq 500 --valid-metrics cross-entropy perplexity translation --valid-sets corp/europarl.cs-en.docs.dev.en.bpe.src_prev corp/europarl.cs-en.docs.dev.en.bpe.src corp/europarl.cs-en.docs.dev.cz.bpe --valid-script-path ./val.sh --valid-translation-output data/valid.bpe.en.output --quiet-translation --valid-mini-batch 32 --beam-size 6 --normalize 0.6 --log model/train_trans.doc.log --valid-log model/valid_trans.doc.log --enc-depth 6 --dec-depth 6 --transformer-heads 8 --transformer-postprocess-emb d --transformer-postprocess dan --transformer-dropout 0.1 --label-smoothing 0.1 --learn-rate 0.0003 --lr-warmup 16000 --lr-decay-inv-sqrt 16000 --lr-report --optimizer-params 0.9 0.98 1e-09 --clip-norm 5 --tied-embeddings-all --optimizer-delay 8 --devices 0 --sync-sgd --seed 1111 --exponential-smoothing --no-restore-corpus --keep-best --overwrite
[2019-03-05 14:10:46] [config] after-batches: 0
[2019-03-05 14:10:46] [config] after-epochs: 0
[2019-03-05 14:10:46] [config] allow-unk: false
[2019-03-05 14:10:46] [config] beam-size: 6
[2019-03-05 14:10:46] [config] bert-class-symbol: "[CLS]"
[2019-03-05 14:10:46] [config] bert-mask-symbol: "[MASK]"
[2019-03-05 14:10:46] [config] bert-masking-fraction: 0.15
[2019-03-05 14:10:46] [config] bert-sep-symbol: "[SEP]"
[2019-03-05 14:10:46] [config] bert-train-type-embeddings: true
[2019-03-05 14:10:46] [config] bert-type-vocab-size: 2
[2019-03-05 14:10:46] [config] best-deep: false
[2019-03-05 14:10:46] [config] clip-gemm: 0
[2019-03-05 14:10:46] [config] clip-norm: 5
[2019-03-05 14:10:46] [config] cost-type: ce-mean
[2019-03-05 14:10:46] [config] cpu-threads: 0
[2019-03-05 14:10:46] [config] data-weighting: ""
[2019-03-05 14:10:46] [config] data-weighting-type: sentence
[2019-03-05 14:10:46] [config] dec-cell: gru
[2019-03-05 14:10:46] [config] dec-cell-base-depth: 2
[2019-03-05 14:10:46] [config] dec-cell-high-depth: 1
[2019-03-05 14:10:46] [config] dec-depth: 6
[2019-03-05 14:10:46] [config] devices:
[2019-03-05 14:10:46] [config]   - 0
[2019-03-05 14:10:46] [config] dim-emb: 512
[2019-03-05 14:10:46] [config] dim-rnn: 1024
[2019-03-05 14:10:46] [config] dim-vocabs:
[2019-03-05 14:10:46] [config]   - 30000
[2019-03-05 14:10:46] [config]   - 30000
[2019-03-05 14:10:46] [config] disp-first: 0
[2019-03-05 14:10:46] [config] disp-freq: 500
[2019-03-05 14:10:46] [config] disp-label-counts: false
[2019-03-05 14:10:46] [config] dropout-rnn: 0
[2019-03-05 14:10:46] [config] dropout-src: 0
[2019-03-05 14:10:46] [config] dropout-trg: 0
[2019-03-05 14:10:46] [config] dump-config: ""
[2019-03-05 14:10:46] [config] early-stopping: 10
[2019-03-05 14:10:46] [config] embedding-fix-src: false
[2019-03-05 14:10:46] [config] embedding-fix-trg: false
[2019-03-05 14:10:46] [config] embedding-normalization: false
[2019-03-05 14:10:46] [config] embedding-vectors:
[2019-03-05 14:10:46] [config]   []
[2019-03-05 14:10:46] [config] enc-cell: gru
[2019-03-05 14:10:46] [config] enc-cell-depth: 1
[2019-03-05 14:10:46] [config] enc-depth: 6
[2019-03-05 14:10:46] [config] enc-type: bidirectional
[2019-03-05 14:10:46] [config] exponential-smoothing: 0.0001
[2019-03-05 14:10:46] [config] grad-dropping-momentum: 0
[2019-03-05 14:10:46] [config] grad-dropping-rate: 0
[2019-03-05 14:10:46] [config] grad-dropping-warmup: 100
[2019-03-05 14:10:46] [config] guided-alignment: none
[2019-03-05 14:10:46] [config] guided-alignment-cost: mse
[2019-03-05 14:10:46] [config] guided-alignment-weight: 0.1
[2019-03-05 14:10:46] [config] ignore-model-config: false
[2019-03-05 14:10:46] [config] input-types:
[2019-03-05 14:10:46] [config]   []
[2019-03-05 14:10:46] [config] interpolate-env-vars: false
[2019-03-05 14:10:46] [config] keep-best: true
[2019-03-05 14:10:46] [config] label-smoothing: 0.1
[2019-03-05 14:10:46] [config] layer-normalization: false
[2019-03-05 14:10:46] [config] learn-rate: 0.0003
[2019-03-05 14:10:46] [config] log: model/train_trans.doc.log
[2019-03-05 14:10:46] [config] log-level: info
[2019-03-05 14:10:46] [config] log-time-zone: ""
[2019-03-05 14:10:46] [config] lr-decay: 0
[2019-03-05 14:10:46] [config] lr-decay-freq: 50000
[2019-03-05 14:10:46] [config] lr-decay-inv-sqrt:
[2019-03-05 14:10:46] [config]   - 16000
[2019-03-05 14:10:46] [config] lr-decay-repeat-warmup: false
[2019-03-05 14:10:46] [config] lr-decay-reset-optimizer: false
[2019-03-05 14:10:46] [config] lr-decay-start:
[2019-03-05 14:10:46] [config]   - 10
[2019-03-05 14:10:46] [config]   - 1
[2019-03-05 14:10:46] [config] lr-decay-strategy: epoch+stalled
[2019-03-05 14:10:46] [config] lr-report: true
[2019-03-05 14:10:46] [config] lr-warmup: 16000
[2019-03-05 14:10:46] [config] lr-warmup-at-reload: false
[2019-03-05 14:10:46] [config] lr-warmup-cycle: false
[2019-03-05 14:10:46] [config] lr-warmup-start-rate: 0
[2019-03-05 14:10:46] [config] max-length: 80
[2019-03-05 14:10:46] [config] max-length-crop: false
[2019-03-05 14:10:46] [config] max-length-factor: 3
[2019-03-05 14:10:46] [config] maxi-batch: 1000
[2019-03-05 14:10:46] [config] maxi-batch-sort: trg
[2019-03-05 14:10:46] [config] mini-batch: 1000
[2019-03-05 14:10:46] [config] mini-batch-fit: true
[2019-03-05 14:10:46] [config] mini-batch-fit-step: 10
[2019-03-05 14:10:46] [config] mini-batch-overstuff: 1
[2019-03-05 14:10:46] [config] mini-batch-track-lr: false
[2019-03-05 14:10:46] [config] mini-batch-understuff: 1
[2019-03-05 14:10:46] [config] mini-batch-warmup: 0
[2019-03-05 14:10:46] [config] mini-batch-words: 0
[2019-03-05 14:10:46] [config] mini-batch-words-ref: 0
[2019-03-05 14:10:46] [config] model: model/model.src1tgt0.dual.doc.same_embedding.gate_really.notc.len80.npz
[2019-03-05 14:10:46] [config] multi-loss-type: sum
[2019-03-05 14:10:46] [config] multi-node: false
[2019-03-05 14:10:46] [config] multi-node-overlap: true
[2019-03-05 14:10:46] [config] n-best: false
[2019-03-05 14:10:46] [config] no-nccl: false
[2019-03-05 14:10:46] [config] no-reload: false
[2019-03-05 14:10:46] [config] no-restore-corpus: true
[2019-03-05 14:10:46] [config] no-shuffle: false
[2019-03-05 14:10:46] [config] normalize: 0.6
[2019-03-05 14:10:46] [config] num-devices: 0
[2019-03-05 14:10:46] [config] optimizer: adam
[2019-03-05 14:10:46] [config] optimizer-delay: 8
[2019-03-05 14:10:46] [config] optimizer-params:
[2019-03-05 14:10:46] [config]   - 0.9
[2019-03-05 14:10:46] [config]   - 0.98
[2019-03-05 14:10:46] [config]   - 1e-09
[2019-03-05 14:10:46] [config] overwrite: true
[2019-03-05 14:10:46] [config] pretrained-model: ""
[2019-03-05 14:10:46] [config] quiet: false
[2019-03-05 14:10:46] [config] quiet-translation: true
[2019-03-05 14:10:46] [config] relative-paths: false
[2019-03-05 14:10:46] [config] right-left: false
[2019-03-05 14:10:46] [config] save-freq: 5000
[2019-03-05 14:10:46] [config] seed: 1111
[2019-03-05 14:10:46] [config] shuffle-in-ram: false
[2019-03-05 14:10:46] [config] skip: false
[2019-03-05 14:10:46] [config] sqlite: ""
[2019-03-05 14:10:46] [config] sqlite-drop: false
[2019-03-05 14:10:46] [config] sync-sgd: true
[2019-03-05 14:10:46] [config] tempdir: /tmp
[2019-03-05 14:10:46] [config] tied-embeddings: false
[2019-03-05 14:10:46] [config] tied-embeddings-all: true
[2019-03-05 14:10:46] [config] tied-embeddings-src: false
[2019-03-05 14:10:46] [config] train-sets:
[2019-03-05 14:10:46] [config]   - corp/europarl.cs-en.docs.train.en.bpe.src_prev
[2019-03-05 14:10:46] [config]   - corp/europarl.cs-en.docs.train.en.bpe.src
[2019-03-05 14:10:46] [config]   - corp/europarl.cs-en.docs.train.cz.bpe
[2019-03-05 14:10:46] [config] transformer-aan-activation: swish
[2019-03-05 14:10:46] [config] transformer-aan-depth: 2
[2019-03-05 14:10:46] [config] transformer-aan-nogate: false
[2019-03-05 14:10:46] [config] transformer-decoder-autoreg: self-attention
[2019-03-05 14:10:46] [config] transformer-dim-aan: 2048
[2019-03-05 14:10:46] [config] transformer-dim-ffn: 2048
[2019-03-05 14:10:46] [config] transformer-dropout: 0.1
[2019-03-05 14:10:46] [config] transformer-dropout-attention: 0
[2019-03-05 14:10:46] [config] transformer-dropout-ffn: 0
[2019-03-05 14:10:46] [config] transformer-ffn-activation: swish
[2019-03-05 14:10:46] [config] transformer-ffn-depth: 2
[2019-03-05 14:10:46] [config] transformer-guided-alignment-layer: last
[2019-03-05 14:10:46] [config] transformer-heads: 8
[2019-03-05 14:10:46] [config] transformer-no-projection: false
[2019-03-05 14:10:46] [config] transformer-postprocess: dan
[2019-03-05 14:10:46] [config] transformer-postprocess-emb: d
[2019-03-05 14:10:46] [config] transformer-preprocess: ""
[2019-03-05 14:10:46] [config] transformer-tied-layers:
[2019-03-05 14:10:46] [config]   []
[2019-03-05 14:10:46] [config] transformer-train-position-embeddings: false
[2019-03-05 14:10:46] [config] type: transformer-context
[2019-03-05 14:10:46] [config] ulr: false
[2019-03-05 14:10:46] [config] ulr-dim-emb: 0
[2019-03-05 14:10:46] [config] ulr-dropout: 0
[2019-03-05 14:10:46] [config] ulr-keys-vectors: ""
[2019-03-05 14:10:46] [config] ulr-query-vectors: ""
[2019-03-05 14:10:46] [config] ulr-softmax-temperature: 1
[2019-03-05 14:10:46] [config] ulr-trainable-transformation: false
[2019-03-05 14:10:46] [config] valid-freq: 5000
[2019-03-05 14:10:46] [config] valid-log: model/valid_trans.doc.log
[2019-03-05 14:10:46] [config] valid-max-length: 1000
[2019-03-05 14:10:46] [config] valid-metrics:
[2019-03-05 14:10:46] [config]   - cross-entropy
[2019-03-05 14:10:46] [config]   - perplexity
[2019-03-05 14:10:46] [config]   - translation
[2019-03-05 14:10:46] [config] valid-mini-batch: 32
[2019-03-05 14:10:46] [config] valid-script-path: ./val.sh
[2019-03-05 14:10:46] [config] valid-sets:
[2019-03-05 14:10:46] [config]   - corp/europarl.cs-en.docs.dev.en.bpe.src_prev
[2019-03-05 14:10:46] [config]   - corp/europarl.cs-en.docs.dev.en.bpe.src
[2019-03-05 14:10:46] [config]   - corp/europarl.cs-en.docs.dev.cz.bpe
[2019-03-05 14:10:46] [config] valid-translation-output: data/valid.bpe.en.output
[2019-03-05 14:10:46] [config] vocabs:
[2019-03-05 14:10:46] [config]   - corp/vocab.encs.europarl.yml
[2019-03-05 14:10:46] [config]   - corp/vocab.encs.europarl.yml
[2019-03-05 14:10:46] [config]   - corp/vocab.encs.europarl.yml
[2019-03-05 14:10:46] [config] word-penalty: 0
[2019-03-05 14:10:46] [config] workspace: 8800
[2019-03-05 14:10:46] [config] Model is being created with Marian v1.7.8 63e1cfe4 2019-02-11 21:04:00 -0800
[2019-03-05 14:10:46] Using synchronous training
[2019-03-05 14:10:46] [data] Loading vocabulary from JSON/Yaml file corp/vocab.encs.europarl.yml
[2019-03-05 14:10:46] [data] Setting vocabulary size for input 0 to 30000
[2019-03-05 14:10:46] [data] Loading vocabulary from JSON/Yaml file corp/vocab.encs.europarl.yml
[2019-03-05 14:10:46] [data] Setting vocabulary size for input 1 to 30000
[2019-03-05 14:10:46] [data] Loading vocabulary from JSON/Yaml file corp/vocab.encs.europarl.yml
[2019-03-05 14:10:46] [data] Setting vocabulary size for input 2 to 30000
[2019-03-05 14:10:46] Compiled without MPI support. Falling back to FakeMPIWrapper
[2019-03-05 14:10:46] [batching] Collecting statistics for batch fitting with step size 10
[2019-03-05 14:10:47] [memory] Extending reserved space to 8832 MB (device gpu0)
[2019-03-05 14:10:48] [comm] Using NCCL 2.4.2 for GPU communication
[2019-03-05 14:10:48] [comm] NCCLCommunicator constructed successfully.
[2019-03-05 14:10:48] [training] Using 1 GPUs
[2019-03-05 14:10:48] [memory] Reserving 311 MB, device gpu0
[2019-03-05 14:10:49] [memory] Reserving 311 MB, device gpu0
[2019-03-05 14:10:58] [batching] Done. Typical MB size is 34360 target words
[2019-03-05 14:10:58] [memory] Extending reserved space to 8832 MB (device gpu0)
[2019-03-05 14:10:58] [comm] Using NCCL 2.4.2 for GPU communication
[2019-03-05 14:10:58] [comm] NCCLCommunicator constructed successfully.
[2019-03-05 14:10:58] [training] Using 1 GPUs
[2019-03-05 14:10:58] Training started
[2019-03-05 14:10:58] [data] Shuffling data
[2019-03-05 14:10:58] [data] Done reading 620637 sentences
[2019-03-05 14:11:00] [data] Done shuffling 620637 sentences to temp files
[2019-03-05 14:11:23] [training] Batches are processed as 1 process(es) x 1 devices/process
[2019-03-05 14:11:23] [memory] Reserving 311 MB, device gpu0
[2019-03-05 14:11:23] [memory] Reserving 311 MB, device gpu0
[2019-03-05 14:11:23] [memory] Reserving 311 MB, device gpu0
[2019-03-05 14:11:24] [memory] Reserving 622 MB, device gpu0
[2019-03-05 14:22:37] Ep. 1 : Up. 500 : Sen. 244,317 : Cost 289.20388794 : Time 711.38s : 10394.33 words/s : L.r. 9.3750e-06
[2019-03-05 14:33:40] Ep. 1 : Up. 1000 : Sen. 497,879 : Cost 230.69729614 : Time 662.81s : 10816.63 words/s : L.r. 1.8750e-05
[2019-03-05 14:38:31] Seen 601324 samples
[2019-03-05 14:38:31] Starting epoch 2
[2019-03-05 14:38:31] [data] Shuffling data
[2019-03-05 14:38:31] [data] Done reading 620637 sentences
[2019-03-05 14:38:34] [data] Done shuffling 620637 sentences to temp files
[2019-03-05 14:45:18] Ep. 2 : Up. 1500 : Sen. 145,360 : Cost 234.90158081 : Time 697.74s : 10528.95 words/s : L.r. 2.8125e-05
[2019-03-05 14:56:36] Ep. 2 : Up. 2000 : Sen. 388,692 : Cost 241.63772583 : Time 678.10s : 10898.72 words/s : L.r. 3.7500e-05
[2019-03-05 15:06:06] Seen 601324 samples
[2019-03-05 15:06:06] Starting epoch 3
[2019-03-05 15:06:06] [data] Shuffling data
[2019-03-05 15:06:06] [data] Done reading 620637 sentences
[2019-03-05 15:06:08] [data] Done shuffling 620637 sentences to temp files
[2019-03-05 15:08:14] Ep. 3 : Up. 2500 : Sen. 37,649 : Cost 231.59527588 : Time 698.02s : 10446.61 words/s : L.r. 4.6875e-05
[2019-03-05 15:19:31] Ep. 3 : Up. 3000 : Sen. 287,414 : Cost 235.40989685 : Time 677.25s : 10927.79 words/s : L.r. 5.6250e-05
[2019-03-05 15:30:35] Ep. 3 : Up. 3500 : Sen. 532,451 : Cost 234.51599121 : Time 663.85s : 10929.23 words/s : L.r. 6.5625e-05
[2019-03-05 15:33:36] Seen 601324 samples
[2019-03-05 15:33:36] Starting epoch 4
[2019-03-05 15:33:36] [data] Shuffling data
[2019-03-05 15:33:36] [data] Done reading 620637 sentences
[2019-03-05 15:33:39] [data] Done shuffling 620637 sentences to temp files
[2019-03-05 15:42:00] Ep. 4 : Up. 4000 : Sen. 182,857 : Cost 224.05331421 : Time 684.84s : 10456.20 words/s : L.r. 7.5000e-05
[2019-03-05 15:53:18] Ep. 4 : Up. 4500 : Sen. 431,294 : Cost 234.25804138 : Time 678.39s : 10920.70 words/s : L.r. 8.4375e-05
[2019-03-05 16:01:08] Seen 601324 samples
[2019-03-05 16:01:08] Starting epoch 5
[2019-03-05 16:01:08] [data] Shuffling data
[2019-03-05 16:01:09] [data] Done reading 620637 sentences
[2019-03-05 16:01:11] [data] Done shuffling 620637 sentences to temp files
[2019-03-05 16:04:57] Ep. 5 : Up. 5000 : Sen. 74,475 : Cost 235.60908508 : Time 698.76s : 10525.25 words/s : L.r. 9.3750e-05
[2019-03-05 16:04:57] Saving model weights and runtime parameters to model/model.src1tgt0.dual.doc.same_embedding.gate_really.notc.len80.npz.orig.npz
[2019-03-05 16:05:02] Saving model weights and runtime parameters to model/model.src1tgt0.dual.doc.same_embedding.gate_really.notc.len80.npz
[2019-03-05 16:05:07] Saving Adam parameters to model/model.src1tgt0.dual.doc.same_embedding.gate_really.notc.len80.npz.optimizer.npz
[2019-03-05 16:05:27] Saving model weights and runtime parameters to model/model.src1tgt0.dual.doc.same_embedding.gate_really.notc.len80.npz.best-cross-entropy.npz
[2019-03-05 16:05:32] [valid] Ep. 5 : Up. 5000 : cross-entropy : 263.416 : new best
[2019-03-05 16:05:41] Saving model weights and runtime parameters to model/model.src1tgt0.dual.doc.same_embedding.gate_really.notc.len80.npz.best-perplexity.npz
[2019-03-05 16:05:46] [valid] Ep. 5 : Up. 5000 : perplexity : 4960.92 : new best
Detokenizer Version $Revision: 4134 $
Language: en
[2019-03-05 16:37:23] Saving model weights and runtime parameters to model/model.src1tgt0.dual.doc.same_embedding.gate_really.notc.len80.npz.best-translation.npz
[2019-03-05 16:37:27] [valid] Ep. 5 : Up. 5000 : translation : 0 : new best
[2019-03-05 16:48:38] Ep. 5 : Up. 5500 : Sen. 323,780 : Cost 229.10972595 : Time 2620.88s : 2791.03 words/s : L.r. 1.0313e-04
[2019-03-05 16:59:54] Ep. 5 : Up. 6000 : Sen. 571,493 : Cost 231.31440735 : Time 675.40s : 10876.13 words/s : L.r. 1.1250e-04
[2019-03-05 17:01:12] Seen 601324 samples
[2019-03-05 17:01:12] Starting epoch 6
[2019-03-05 17:01:12] [data] Shuffling data
[2019-03-05 17:01:12] [data] Done reading 620637 sentences
[2019-03-05 17:01:15] [data] Done shuffling 620637 sentences to temp files
[2019-03-05 17:11:20] Ep. 6 : Up. 6500 : Sen. 214,679 : Cost 227.13261414 : Time 686.30s : 10406.03 words/s : L.r. 1.2188e-04
[2019-03-05 17:22:38] Ep. 6 : Up. 7000 : Sen. 462,577 : Cost 232.45152283 : Time 678.14s : 10926.75 words/s : L.r. 1.3125e-04
[2019-03-05 17:28:46] Seen 601324 samples
[2019-03-05 17:28:46] Starting epoch 7
[2019-03-05 17:28:46] [data] Shuffling data
[2019-03-05 17:28:47] [data] Done reading 620637 sentences
[2019-03-05 17:28:49] [data] Done shuffling 620637 sentences to temp files
[2019-03-05 17:34:18] Ep. 7 : Up. 7500 : Sen. 112,267 : Cost 228.40519714 : Time 700.38s : 10554.45 words/s : L.r. 1.4063e-04
[2019-03-05 17:45:36] Ep. 7 : Up. 8000 : Sen. 361,500 : Cost 229.33712769 : Time 677.28s : 10897.20 words/s : L.r. 1.5000e-04
[2019-03-05 17:56:22] Seen 601324 samples
[2019-03-05 17:56:22] Starting epoch 8
[2019-03-05 17:56:22] [data] Shuffling data
[2019-03-05 17:56:23] [data] Done reading 620637 sentences
[2019-03-05 17:56:25] [data] Done shuffling 620637 sentences to temp files
[2019-03-05 17:57:06] Ep. 8 : Up. 8500 : Sen. 7,392 : Cost 224.92292786 : Time 690.83s : 10409.11 words/s : L.r. 1.5938e-04
[2019-03-05 18:08:27] Ep. 8 : Up. 9000 : Sen. 255,731 : Cost 231.46575928 : Time 680.40s : 10940.88 words/s : L.r. 1.6875e-04
train_trans_dual_doc_gate.sh: řádek 27: 12061 Ukončen (SIGTERM)      $marian_home/marian --model model/model.src1tgt0.dual.doc.same_embedding.gate_really.notc.len80.npz --type transformer-context --train-sets corp/europarl.cs-en.docs.train.en.bpe.src_prev corp/europarl.cs-en.docs.train.en.bpe.src corp/europarl.cs-en.docs.train.cz.bpe --max-length 80 --dim-vocabs 30000 30000 --vocabs corp/vocab.encs.europarl.yml corp/vocab.encs.europarl.yml corp/vocab.encs.europarl.yml --mini-batch-fit -w 8800 --mini-batch 1000 --maxi-batch 1000 --early-stopping 10 --valid-freq 5000 --save-freq 5000 --disp-freq 500 --valid-metrics cross-entropy perplexity translation --valid-sets corp/europarl.cs-en.docs.dev.en.bpe.src_prev corp/europarl.cs-en.docs.dev.en.bpe.src corp/europarl.cs-en.docs.dev.cz.bpe --valid-script-path ./val.sh --valid-translation-output data/valid.bpe.en.output --quiet-translation --valid-mini-batch 32 --beam-size 6 --normalize 0.6 --log model/train_trans.doc.log --valid-log model/valid_trans.doc.log --enc-depth 6 --dec-depth 6 --transformer-heads 8 --transformer-postprocess-emb d --transformer-postprocess dan --transformer-dropout 0.1 --label-smoothing 0.1 --learn-rate 0.0003 --lr-warmup 16000 --lr-decay-inv-sqrt 16000 --lr-report --optimizer-params 0.9 0.98 1e-09 --clip-norm 5 --tied-embeddings-all --optimizer-delay 8 --devices 0 --sync-sgd --seed 1111 --exponential-smoothing --no-restore-corpus --keep-best --overwrite
