[2019-03-03 00:49:09] [marian] Marian v1.7.8 63e1cfe4 2019-02-11 21:04:00 -0800
[2019-03-03 00:49:09] [marian] Running on pcknot2 as process 23239 with command line:
[2019-03-03 00:49:09] [marian] /mnt/minerva1/nlp/projects/nmt/2/marian-dev/build/marian --model model/model.src1tgt0.concat.len160.npz --type transformer --train-sets corp/europarl.cs-en.docs.train.en.bpe corp/europarl.cs-en.docs.train.cz.bpe --max-length 160 --dim-vocabs 30000 30000 --vocabs corp/vocab.encs.europarl.yml corp/vocab.encs.europarl.yml --mini-batch-fit -w 8900 --mini-batch 1000 --maxi-batch 1000 --early-stopping 10 --valid-freq 5000 --save-freq 5000 --disp-freq 500 --valid-metrics cross-entropy perplexity translation --valid-sets corp/europarl.cs-en.docs.dev.en.bpe corp/europarl.cs-en.docs.dev.cz.bpe --valid-script-path ./val.sh --valid-translation-output data/valid.bpe.en.output --quiet-translation --valid-mini-batch 16 --beam-size 6 --normalize 0.6 --log model/train_trans.notc.log --valid-log model/valid_trans.notc.log --enc-depth 6 --dec-depth 6 --transformer-heads 8 --transformer-postprocess-emb d --transformer-postprocess dan --transformer-dropout 0.1 --label-smoothing 0.1 --learn-rate 0.0003 --lr-warmup 16000 --lr-decay-inv-sqrt 16000 --lr-report --optimizer-params 0.9 0.98 1e-09 --clip-norm 5 --tied-embeddings-all --optimizer-delay 8 --devices 0 --sync-sgd --seed 1111 --exponential-smoothing --no-restore-corpus
[2019-03-03 00:49:09] [config] after-batches: 0
[2019-03-03 00:49:09] [config] after-epochs: 0
[2019-03-03 00:49:09] [config] allow-unk: false
[2019-03-03 00:49:09] [config] beam-size: 6
[2019-03-03 00:49:09] [config] bert-class-symbol: "[CLS]"
[2019-03-03 00:49:09] [config] bert-mask-symbol: "[MASK]"
[2019-03-03 00:49:09] [config] bert-masking-fraction: 0.15
[2019-03-03 00:49:09] [config] bert-sep-symbol: "[SEP]"
[2019-03-03 00:49:09] [config] bert-train-type-embeddings: true
[2019-03-03 00:49:09] [config] bert-type-vocab-size: 2
[2019-03-03 00:49:09] [config] best-deep: false
[2019-03-03 00:49:09] [config] clip-gemm: 0
[2019-03-03 00:49:09] [config] clip-norm: 5
[2019-03-03 00:49:09] [config] cost-type: ce-mean
[2019-03-03 00:49:09] [config] cpu-threads: 0
[2019-03-03 00:49:09] [config] data-weighting: ""
[2019-03-03 00:49:09] [config] data-weighting-type: sentence
[2019-03-03 00:49:09] [config] dec-cell: gru
[2019-03-03 00:49:09] [config] dec-cell-base-depth: 2
[2019-03-03 00:49:09] [config] dec-cell-high-depth: 1
[2019-03-03 00:49:09] [config] dec-depth: 6
[2019-03-03 00:49:09] [config] devices:
[2019-03-03 00:49:09] [config]   - 0
[2019-03-03 00:49:09] [config] dim-emb: 512
[2019-03-03 00:49:09] [config] dim-rnn: 1024
[2019-03-03 00:49:09] [config] dim-vocabs:
[2019-03-03 00:49:09] [config]   - 30000
[2019-03-03 00:49:09] [config]   - 30000
[2019-03-03 00:49:09] [config] disp-first: 0
[2019-03-03 00:49:09] [config] disp-freq: 500
[2019-03-03 00:49:09] [config] disp-label-counts: false
[2019-03-03 00:49:09] [config] dropout-rnn: 0
[2019-03-03 00:49:09] [config] dropout-src: 0
[2019-03-03 00:49:09] [config] dropout-trg: 0
[2019-03-03 00:49:09] [config] dump-config: ""
[2019-03-03 00:49:09] [config] early-stopping: 10
[2019-03-03 00:49:09] [config] embedding-fix-src: false
[2019-03-03 00:49:09] [config] embedding-fix-trg: false
[2019-03-03 00:49:09] [config] embedding-normalization: false
[2019-03-03 00:49:09] [config] embedding-vectors:
[2019-03-03 00:49:09] [config]   []
[2019-03-03 00:49:09] [config] enc-cell: gru
[2019-03-03 00:49:09] [config] enc-cell-depth: 1
[2019-03-03 00:49:09] [config] enc-depth: 6
[2019-03-03 00:49:09] [config] enc-type: bidirectional
[2019-03-03 00:49:09] [config] exponential-smoothing: 0.0001
[2019-03-03 00:49:09] [config] grad-dropping-momentum: 0
[2019-03-03 00:49:09] [config] grad-dropping-rate: 0
[2019-03-03 00:49:09] [config] grad-dropping-warmup: 100
[2019-03-03 00:49:09] [config] guided-alignment: none
[2019-03-03 00:49:09] [config] guided-alignment-cost: mse
[2019-03-03 00:49:09] [config] guided-alignment-weight: 0.1
[2019-03-03 00:49:09] [config] ignore-model-config: false
[2019-03-03 00:49:09] [config] input-types:
[2019-03-03 00:49:09] [config]   []
[2019-03-03 00:49:09] [config] interpolate-env-vars: false
[2019-03-03 00:49:09] [config] keep-best: false
[2019-03-03 00:49:09] [config] label-smoothing: 0.1
[2019-03-03 00:49:09] [config] layer-normalization: false
[2019-03-03 00:49:09] [config] learn-rate: 0.0003
[2019-03-03 00:49:09] [config] log: model/train_trans.notc.log
[2019-03-03 00:49:09] [config] log-level: info
[2019-03-03 00:49:09] [config] log-time-zone: ""
[2019-03-03 00:49:09] [config] lr-decay: 0
[2019-03-03 00:49:09] [config] lr-decay-freq: 50000
[2019-03-03 00:49:09] [config] lr-decay-inv-sqrt:
[2019-03-03 00:49:09] [config]   - 16000
[2019-03-03 00:49:09] [config] lr-decay-repeat-warmup: false
[2019-03-03 00:49:09] [config] lr-decay-reset-optimizer: false
[2019-03-03 00:49:09] [config] lr-decay-start:
[2019-03-03 00:49:09] [config]   - 10
[2019-03-03 00:49:09] [config]   - 1
[2019-03-03 00:49:09] [config] lr-decay-strategy: epoch+stalled
[2019-03-03 00:49:09] [config] lr-report: true
[2019-03-03 00:49:09] [config] lr-warmup: 16000
[2019-03-03 00:49:09] [config] lr-warmup-at-reload: false
[2019-03-03 00:49:09] [config] lr-warmup-cycle: false
[2019-03-03 00:49:09] [config] lr-warmup-start-rate: 0
[2019-03-03 00:49:09] [config] max-length: 160
[2019-03-03 00:49:09] [config] max-length-crop: false
[2019-03-03 00:49:09] [config] max-length-factor: 3
[2019-03-03 00:49:09] [config] maxi-batch: 1000
[2019-03-03 00:49:09] [config] maxi-batch-sort: trg
[2019-03-03 00:49:09] [config] mini-batch: 1000
[2019-03-03 00:49:09] [config] mini-batch-fit: true
[2019-03-03 00:49:09] [config] mini-batch-fit-step: 10
[2019-03-03 00:49:09] [config] mini-batch-overstuff: 1
[2019-03-03 00:49:09] [config] mini-batch-track-lr: false
[2019-03-03 00:49:09] [config] mini-batch-understuff: 1
[2019-03-03 00:49:09] [config] mini-batch-warmup: 0
[2019-03-03 00:49:09] [config] mini-batch-words: 0
[2019-03-03 00:49:09] [config] mini-batch-words-ref: 0
[2019-03-03 00:49:09] [config] model: model/model.src1tgt0.concat.len160.npz
[2019-03-03 00:49:09] [config] multi-loss-type: sum
[2019-03-03 00:49:09] [config] multi-node: false
[2019-03-03 00:49:09] [config] multi-node-overlap: true
[2019-03-03 00:49:09] [config] n-best: false
[2019-03-03 00:49:09] [config] no-nccl: false
[2019-03-03 00:49:09] [config] no-reload: false
[2019-03-03 00:49:09] [config] no-restore-corpus: true
[2019-03-03 00:49:09] [config] no-shuffle: false
[2019-03-03 00:49:09] [config] normalize: 0.6
[2019-03-03 00:49:09] [config] num-devices: 0
[2019-03-03 00:49:09] [config] optimizer: adam
[2019-03-03 00:49:09] [config] optimizer-delay: 8
[2019-03-03 00:49:09] [config] optimizer-params:
[2019-03-03 00:49:09] [config]   - 0.9
[2019-03-03 00:49:09] [config]   - 0.98
[2019-03-03 00:49:09] [config]   - 1e-09
[2019-03-03 00:49:09] [config] overwrite: false
[2019-03-03 00:49:09] [config] pretrained-model: ""
[2019-03-03 00:49:09] [config] quiet: false
[2019-03-03 00:49:09] [config] quiet-translation: true
[2019-03-03 00:49:09] [config] relative-paths: false
[2019-03-03 00:49:09] [config] right-left: false
[2019-03-03 00:49:09] [config] save-freq: 5000
[2019-03-03 00:49:09] [config] seed: 1111
[2019-03-03 00:49:09] [config] shuffle-in-ram: false
[2019-03-03 00:49:09] [config] skip: false
[2019-03-03 00:49:09] [config] sqlite: ""
[2019-03-03 00:49:09] [config] sqlite-drop: false
[2019-03-03 00:49:09] [config] sync-sgd: true
[2019-03-03 00:49:09] [config] tempdir: /tmp
[2019-03-03 00:49:09] [config] tied-embeddings: false
[2019-03-03 00:49:09] [config] tied-embeddings-all: true
[2019-03-03 00:49:09] [config] tied-embeddings-src: false
[2019-03-03 00:49:09] [config] train-sets:
[2019-03-03 00:49:09] [config]   - corp/europarl.cs-en.docs.train.en.bpe
[2019-03-03 00:49:09] [config]   - corp/europarl.cs-en.docs.train.cz.bpe
[2019-03-03 00:49:09] [config] transformer-aan-activation: swish
[2019-03-03 00:49:09] [config] transformer-aan-depth: 2
[2019-03-03 00:49:09] [config] transformer-aan-nogate: false
[2019-03-03 00:49:09] [config] transformer-decoder-autoreg: self-attention
[2019-03-03 00:49:09] [config] transformer-dim-aan: 2048
[2019-03-03 00:49:09] [config] transformer-dim-ffn: 2048
[2019-03-03 00:49:09] [config] transformer-dropout: 0.1
[2019-03-03 00:49:09] [config] transformer-dropout-attention: 0
[2019-03-03 00:49:09] [config] transformer-dropout-ffn: 0
[2019-03-03 00:49:09] [config] transformer-ffn-activation: swish
[2019-03-03 00:49:09] [config] transformer-ffn-depth: 2
[2019-03-03 00:49:09] [config] transformer-guided-alignment-layer: last
[2019-03-03 00:49:09] [config] transformer-heads: 8
[2019-03-03 00:49:09] [config] transformer-no-projection: false
[2019-03-03 00:49:09] [config] transformer-postprocess: dan
[2019-03-03 00:49:09] [config] transformer-postprocess-emb: d
[2019-03-03 00:49:09] [config] transformer-preprocess: ""
[2019-03-03 00:49:09] [config] transformer-tied-layers:
[2019-03-03 00:49:09] [config]   []
[2019-03-03 00:49:09] [config] transformer-train-position-embeddings: false
[2019-03-03 00:49:09] [config] type: transformer
[2019-03-03 00:49:09] [config] ulr: false
[2019-03-03 00:49:09] [config] ulr-dim-emb: 0
[2019-03-03 00:49:09] [config] ulr-dropout: 0
[2019-03-03 00:49:09] [config] ulr-keys-vectors: ""
[2019-03-03 00:49:09] [config] ulr-query-vectors: ""
[2019-03-03 00:49:09] [config] ulr-softmax-temperature: 1
[2019-03-03 00:49:09] [config] ulr-trainable-transformation: false
[2019-03-03 00:49:09] [config] valid-freq: 5000
[2019-03-03 00:49:09] [config] valid-log: model/valid_trans.notc.log
[2019-03-03 00:49:09] [config] valid-max-length: 1000
[2019-03-03 00:49:09] [config] valid-metrics:
[2019-03-03 00:49:09] [config]   - cross-entropy
[2019-03-03 00:49:09] [config]   - perplexity
[2019-03-03 00:49:09] [config]   - translation
[2019-03-03 00:49:09] [config] valid-mini-batch: 16
[2019-03-03 00:49:09] [config] valid-script-path: ./val.sh
[2019-03-03 00:49:09] [config] valid-sets:
[2019-03-03 00:49:09] [config]   - corp/europarl.cs-en.docs.dev.en.bpe
[2019-03-03 00:49:09] [config]   - corp/europarl.cs-en.docs.dev.cz.bpe
[2019-03-03 00:49:09] [config] valid-translation-output: data/valid.bpe.en.output
[2019-03-03 00:49:09] [config] vocabs:
[2019-03-03 00:49:09] [config]   - corp/vocab.encs.europarl.yml
[2019-03-03 00:49:09] [config]   - corp/vocab.encs.europarl.yml
[2019-03-03 00:49:09] [config] word-penalty: 0
[2019-03-03 00:49:09] [config] workspace: 8900
[2019-03-03 00:49:09] [config] Model is being created with Marian v1.7.8 63e1cfe4 2019-02-11 21:04:00 -0800
[2019-03-03 00:49:09] Using synchronous training
[2019-03-03 00:49:09] [data] Loading vocabulary from JSON/Yaml file corp/vocab.encs.europarl.yml
[2019-03-03 00:49:10] [data] Setting vocabulary size for input 0 to 30000
[2019-03-03 00:49:10] [data] Loading vocabulary from JSON/Yaml file corp/vocab.encs.europarl.yml
[2019-03-03 00:49:10] [data] Setting vocabulary size for input 1 to 30000
[2019-03-03 00:49:10] Compiled without MPI support. Falling back to FakeMPIWrapper
[2019-03-03 00:49:10] [batching] Collecting statistics for batch fitting with step size 10
[2019-03-03 00:49:10] [memory] Extending reserved space to 8960 MB (device gpu0)
[2019-03-03 00:49:11] [comm] Using NCCL 2.4.2 for GPU communication
[2019-03-03 00:49:11] [comm] NCCLCommunicator constructed successfully.
[2019-03-03 00:49:11] [training] Using 1 GPUs
[2019-03-03 00:49:11] [memory] Reserving 227 MB, device gpu0
[2019-03-03 00:49:11] [memory] Reserving 227 MB, device gpu0
[2019-03-03 00:49:25] [batching] Done. Typical MB size is 43820 target words
[2019-03-03 00:49:25] [memory] Extending reserved space to 8960 MB (device gpu0)
[2019-03-03 00:49:25] [comm] Using NCCL 2.4.2 for GPU communication
[2019-03-03 00:49:25] [comm] NCCLCommunicator constructed successfully.
[2019-03-03 00:49:25] [training] Using 1 GPUs
[2019-03-03 00:49:25] Training started
[2019-03-03 00:49:25] [data] Shuffling data
[2019-03-03 00:49:25] [data] Done reading 620637 sentences
[2019-03-03 00:49:27] [data] Done shuffling 620637 sentences to temp files
[2019-03-03 00:49:48] [training] Batches are processed as 1 process(es) x 1 devices/process
[2019-03-03 00:49:48] [memory] Reserving 227 MB, device gpu0
[2019-03-03 00:49:48] [memory] Reserving 227 MB, device gpu0
[2019-03-03 00:49:48] [memory] Reserving 227 MB, device gpu0
[2019-03-03 00:49:49] [memory] Reserving 454 MB, device gpu0
[2019-03-03 01:02:02] Ep. 1 : Up. 500 : Sen. 295,658 : Cost 294.50839233 : Time 771.93s : 12006.43 words/s : L.r. 9.3750e-06
[2019-03-03 01:14:07] Ep. 1 : Up. 1000 : Sen. 601,685 : Cost 237.83961487 : Time 725.05s : 12555.13 words/s : L.r. 1.8750e-05
[2019-03-03 01:14:42] Seen 618318 samples
[2019-03-03 01:14:42] Starting epoch 2
[2019-03-03 01:14:42] [data] Shuffling data
[2019-03-03 01:14:42] [data] Done reading 620637 sentences
[2019-03-03 01:14:44] [data] Done shuffling 620637 sentences to temp files
[2019-03-03 01:26:27] Ep. 2 : Up. 1500 : Sen. 282,929 : Cost 224.21438599 : Time 740.61s : 12019.13 words/s : L.r. 2.8125e-05
[2019-03-03 01:38:47] Ep. 2 : Up. 2000 : Sen. 590,182 : Cost 219.17932129 : Time 739.51s : 12716.95 words/s : L.r. 3.7500e-05
[2019-03-03 01:40:01] Seen 618318 samples
[2019-03-03 01:40:01] Starting epoch 3
[2019-03-03 01:40:01] [data] Shuffling data
[2019-03-03 01:40:02] [data] Done reading 620637 sentences
[2019-03-03 01:40:03] [data] Done shuffling 620637 sentences to temp files
[2019-03-03 01:51:15] Ep. 3 : Up. 2500 : Sen. 265,071 : Cost 206.63883972 : Time 748.13s : 12160.49 words/s : L.r. 4.6875e-05
[2019-03-03 02:03:33] Ep. 3 : Up. 3000 : Sen. 573,838 : Cost 185.99703979 : Time 738.12s : 12603.52 words/s : L.r. 5.6250e-05
[2019-03-03 02:05:21] Seen 618318 samples
[2019-03-03 02:05:21] Starting epoch 4
[2019-03-03 02:05:21] [data] Shuffling data
[2019-03-03 02:05:21] [data] Done reading 620637 sentences
[2019-03-03 02:05:23] [data] Done shuffling 620637 sentences to temp files
[2019-03-03 02:16:09] Ep. 4 : Up. 3500 : Sen. 259,120 : Cost 177.72367859 : Time 756.08s : 12341.10 words/s : L.r. 6.5625e-05
[2019-03-03 02:28:23] Ep. 4 : Up. 4000 : Sen. 562,589 : Cost 165.45930481 : Time 733.70s : 12517.34 words/s : L.r. 7.5000e-05
[2019-03-03 02:30:41] Seen 618318 samples
[2019-03-03 02:30:41] Starting epoch 5
[2019-03-03 02:30:41] [data] Shuffling data
[2019-03-03 02:30:41] [data] Done reading 620637 sentences
[2019-03-03 02:30:43] [data] Done shuffling 620637 sentences to temp files
[2019-03-03 02:40:49] Ep. 5 : Up. 4500 : Sen. 246,590 : Cost 154.33787537 : Time 745.61s : 12078.64 words/s : L.r. 8.4375e-05
[2019-03-03 02:53:05] Ep. 5 : Up. 5000 : Sen. 545,633 : Cost 153.87223816 : Time 736.61s : 12568.96 words/s : L.r. 9.3750e-05
[2019-03-03 02:53:05] Saving model weights and runtime parameters to model/model.src1tgt0.concat.len160.npz.orig.npz
[2019-03-03 02:53:09] Saving model weights and runtime parameters to model/model.src1tgt0.concat.len160.iter5000.npz
[2019-03-03 02:53:13] Saving model weights and runtime parameters to model/model.src1tgt0.concat.len160.npz
[2019-03-03 02:53:17] Saving Adam parameters to model/model.src1tgt0.concat.len160.npz.optimizer.npz
[2019-03-03 02:53:35] [valid] Ep. 5 : Up. 5000 : cross-entropy : 129.028 : new best
[2019-03-03 02:53:44] [valid] Ep. 5 : Up. 5000 : perplexity : 64.5918 : new best
Detokenizer Version $Revision: 4134 $
Language: en
[2019-03-03 03:02:53] [valid] Ep. 5 : Up. 5000 : translation : 4.2 : new best
[2019-03-03 03:05:48] Seen 618318 samples
[2019-03-03 03:05:48] Starting epoch 6
[2019-03-03 03:05:48] [data] Shuffling data
[2019-03-03 03:05:48] [data] Done reading 620637 sentences
[2019-03-03 03:05:50] [data] Done shuffling 620637 sentences to temp files
[2019-03-03 03:15:40] Ep. 6 : Up. 5500 : Sen. 232,471 : Cost 147.69174194 : Time 1354.27s : 7035.10 words/s : L.r. 1.0313e-04
[2019-03-03 03:27:41] Ep. 6 : Up. 6000 : Sen. 535,015 : Cost 132.72850037 : Time 721.91s : 12469.34 words/s : L.r. 1.1250e-04
[2019-03-03 03:31:08] Seen 618318 samples
[2019-03-03 03:31:08] Starting epoch 7
[2019-03-03 03:31:08] [data] Shuffling data
[2019-03-03 03:31:08] [data] Done reading 620637 sentences
[2019-03-03 03:31:10] [data] Done shuffling 620637 sentences to temp files
[2019-03-03 03:39:58] Ep. 7 : Up. 6500 : Sen. 205,290 : Cost 132.27069092 : Time 736.79s : 12193.11 words/s : L.r. 1.2188e-04
[2019-03-03 03:52:20] Ep. 7 : Up. 7000 : Sen. 516,920 : Cost 119.16307068 : Time 741.45s : 12505.16 words/s : L.r. 1.3125e-04
[2019-03-03 03:56:29] Seen 618318 samples
[2019-03-03 03:56:29] Starting epoch 8
[2019-03-03 03:56:29] [data] Shuffling data
[2019-03-03 03:56:29] [data] Done reading 620637 sentences
[2019-03-03 03:56:31] [data] Done shuffling 620637 sentences to temp files
[2019-03-03 04:04:54] Ep. 8 : Up. 7500 : Sen. 209,167 : Cost 112.42350006 : Time 754.76s : 12203.11 words/s : L.r. 1.4063e-04
[2019-03-03 04:17:18] Ep. 8 : Up. 8000 : Sen. 513,971 : Cost 110.22645569 : Time 743.60s : 12592.36 words/s : L.r. 1.5000e-04
[2019-03-03 04:21:50] Seen 618318 samples
[2019-03-03 04:21:50] Starting epoch 9
[2019-03-03 04:21:50] [data] Shuffling data
[2019-03-03 04:21:51] [data] Done reading 620637 sentences
[2019-03-03 04:21:52] [data] Done shuffling 620637 sentences to temp files
[2019-03-03 04:29:26] Ep. 9 : Up. 8500 : Sen. 177,556 : Cost 105.29402924 : Time 727.83s : 11999.76 words/s : L.r. 1.5938e-04
[2019-03-03 04:42:01] Ep. 9 : Up. 9000 : Sen. 485,765 : Cost 100.14321899 : Time 755.05s : 12631.40 words/s : L.r. 1.6875e-04
[2019-03-03 04:47:12] Seen 618318 samples
[2019-03-03 04:47:12] Starting epoch 10
[2019-03-03 04:47:12] [data] Shuffling data
[2019-03-03 04:47:12] [data] Done reading 620637 sentences
[2019-03-03 04:47:14] [data] Done shuffling 620637 sentences to temp files
[2019-03-03 04:54:41] Ep. 10 : Up. 9500 : Sen. 172,966 : Cost 94.80878448 : Time 759.63s : 12263.34 words/s : L.r. 1.7813e-04
[2019-03-03 05:06:48] Ep. 10 : Up. 10000 : Sen. 470,898 : Cost 91.90606689 : Time 727.61s : 12470.85 words/s : L.r. 1.8750e-04
[2019-03-03 05:06:48] Saving model weights and runtime parameters to model/model.src1tgt0.concat.len160.npz.orig.npz
[2019-03-03 05:06:52] Saving model weights and runtime parameters to model/model.src1tgt0.concat.len160.iter10000.npz
[2019-03-03 05:06:55] Saving model weights and runtime parameters to model/model.src1tgt0.concat.len160.npz
[2019-03-03 05:06:59] Saving Adam parameters to model/model.src1tgt0.concat.len160.npz.optimizer.npz
[2019-03-03 05:07:16] [valid] Ep. 10 : Up. 10000 : cross-entropy : 64.2946 : new best
[2019-03-03 05:07:26] [valid] Ep. 10 : Up. 10000 : perplexity : 7.9802 : new best
Detokenizer Version $Revision: 4134 $
Language: en
[2019-03-03 05:10:15] [valid] Ep. 10 : Up. 10000 : translation : 20.8 : new best
[2019-03-03 05:16:01] Seen 618318 samples
[2019-03-03 05:16:01] Starting epoch 11
[2019-03-03 05:16:01] [data] Shuffling data
[2019-03-03 05:16:01] [data] Done reading 620637 sentences
[2019-03-03 05:16:03] [data] Done shuffling 620637 sentences to temp files
[2019-03-03 05:22:42] Ep. 11 : Up. 10500 : Sen. 157,351 : Cost 87.06723785 : Time 953.84s : 9514.79 words/s : L.r. 1.9688e-04
[2019-03-03 05:34:51] Ep. 11 : Up. 11000 : Sen. 456,785 : Cost 86.97418213 : Time 729.00s : 12497.55 words/s : L.r. 2.0625e-04
[2019-03-03 05:41:23] Seen 618318 samples
[2019-03-03 05:41:23] Starting epoch 12
[2019-03-03 05:41:23] [data] Shuffling data
[2019-03-03 05:41:23] [data] Done reading 620637 sentences
[2019-03-03 05:41:24] [data] Done shuffling 620637 sentences to temp files
[2019-03-03 05:47:29] Ep. 12 : Up. 11500 : Sen. 145,743 : Cost 85.34327698 : Time 757.80s : 12325.21 words/s : L.r. 2.1563e-04
[2019-03-03 05:59:34] Ep. 12 : Up. 12000 : Sen. 445,533 : Cost 82.35868073 : Time 724.81s : 12378.51 words/s : L.r. 2.2500e-04
[2019-03-03 06:06:43] Seen 618318 samples
[2019-03-03 06:06:43] Starting epoch 13
[2019-03-03 06:06:43] [data] Shuffling data
[2019-03-03 06:06:43] [data] Done reading 620637 sentences
[2019-03-03 06:06:45] [data] Done shuffling 620637 sentences to temp files
[2019-03-03 06:12:20] Ep. 13 : Up. 12500 : Sen. 135,362 : Cost 83.99598694 : Time 766.87s : 12422.75 words/s : L.r. 2.3438e-04
[2019-03-03 06:24:26] Ep. 13 : Up. 13000 : Sen. 432,334 : Cost 81.22932434 : Time 725.18s : 12478.85 words/s : L.r. 2.4375e-04
[2019-03-03 06:32:04] Seen 618318 samples
[2019-03-03 06:32:04] Starting epoch 14
[2019-03-03 06:32:04] [data] Shuffling data
[2019-03-03 06:32:04] [data] Done reading 620637 sentences
[2019-03-03 06:32:06] [data] Done shuffling 620637 sentences to temp files
[2019-03-03 06:36:58] Ep. 14 : Up. 13500 : Sen. 112,828 : Cost 80.49221802 : Time 752.30s : 12109.30 words/s : L.r. 2.5313e-04
[2019-03-03 06:49:16] Ep. 14 : Up. 14000 : Sen. 418,520 : Cost 79.35652161 : Time 737.75s : 12625.27 words/s : L.r. 2.6250e-04
[2019-03-03 06:57:25] Seen 618318 samples
[2019-03-03 06:57:25] Starting epoch 15
[2019-03-03 06:57:25] [data] Shuffling data
[2019-03-03 06:57:25] [data] Done reading 620637 sentences
[2019-03-03 06:57:27] [data] Done shuffling 620637 sentences to temp files
[2019-03-03 07:01:42] Ep. 15 : Up. 14500 : Sen. 94,926 : Cost 79.21320343 : Time 746.50s : 12126.30 words/s : L.r. 2.7188e-04
[2019-03-03 07:13:56] Ep. 15 : Up. 15000 : Sen. 395,397 : Cost 78.62165070 : Time 734.00s : 12605.87 words/s : L.r. 2.8125e-04
[2019-03-03 07:13:56] Saving model weights and runtime parameters to model/model.src1tgt0.concat.len160.npz.orig.npz
[2019-03-03 07:14:00] Saving model weights and runtime parameters to model/model.src1tgt0.concat.len160.iter15000.npz
[2019-03-03 07:14:04] Saving model weights and runtime parameters to model/model.src1tgt0.concat.len160.npz
[2019-03-03 07:14:08] Saving Adam parameters to model/model.src1tgt0.concat.len160.npz.optimizer.npz
[2019-03-03 07:14:25] [valid] Ep. 15 : Up. 15000 : cross-entropy : 48.79 : new best
[2019-03-03 07:14:35] [valid] Ep. 15 : Up. 15000 : perplexity : 4.83608 : new best
Detokenizer Version $Revision: 4134 $
Language: en
[2019-03-03 07:17:29] [valid] Ep. 15 : Up. 15000 : translation : 27.4 : new best
[2019-03-03 07:26:19] Seen 618318 samples
[2019-03-03 07:26:19] Starting epoch 16
[2019-03-03 07:26:19] [data] Shuffling data
[2019-03-03 07:26:19] [data] Done reading 620637 sentences
[2019-03-03 07:26:21] [data] Done shuffling 620637 sentences to temp files
[2019-03-03 07:30:05] Ep. 16 : Up. 15500 : Sen. 82,363 : Cost 76.56401825 : Time 968.75s : 9507.41 words/s : L.r. 2.9063e-04
[2019-03-03 07:42:26] Ep. 16 : Up. 16000 : Sen. 384,915 : Cost 77.48903656 : Time 741.25s : 12619.99 words/s : L.r. 3.0000e-04
[2019-03-03 07:51:40] Seen 618318 samples
[2019-03-03 07:51:40] Starting epoch 17
[2019-03-03 07:51:40] [data] Shuffling data
[2019-03-03 07:51:41] [data] Done reading 620637 sentences
[2019-03-03 07:51:42] [data] Done shuffling 620637 sentences to temp files
[2019-03-03 07:54:42] Ep. 17 : Up. 16500 : Sen. 66,904 : Cost 73.58702087 : Time 736.27s : 12046.05 words/s : L.r. 2.9542e-04
[2019-03-03 08:06:59] Ep. 17 : Up. 17000 : Sen. 363,311 : Cost 76.91443634 : Time 736.89s : 12557.08 words/s : L.r. 2.9104e-04
[2019-03-03 08:17:01] Seen 618318 samples
[2019-03-03 08:17:01] Starting epoch 18
[2019-03-03 08:17:01] [data] Shuffling data
[2019-03-03 08:17:02] [data] Done reading 620637 sentences
[2019-03-03 08:17:03] [data] Done shuffling 620637 sentences to temp files
[2019-03-03 08:19:33] Ep. 18 : Up. 17500 : Sen. 52,372 : Cost 73.74994659 : Time 753.85s : 12258.09 words/s : L.r. 2.8685e-04
[2019-03-03 08:31:48] Ep. 18 : Up. 18000 : Sen. 358,364 : Cost 73.15322113 : Time 735.12s : 12620.20 words/s : L.r. 2.8284e-04
[2019-03-03 08:42:23] Seen 618318 samples
[2019-03-03 08:42:23] Starting epoch 19
[2019-03-03 08:42:23] [data] Shuffling data
[2019-03-03 08:42:23] [data] Done reading 620637 sentences
[2019-03-03 08:42:25] [data] Done shuffling 620637 sentences to temp files
[2019-03-03 08:44:25] Ep. 19 : Up. 18500 : Sen. 37,995 : Cost 74.79694366 : Time 757.02s : 12166.07 words/s : L.r. 2.7899e-04
[2019-03-03 08:56:35] Ep. 19 : Up. 19000 : Sen. 343,048 : Cost 70.63589478 : Time 729.87s : 12459.68 words/s : L.r. 2.7530e-04
[2019-03-03 09:07:44] Seen 618318 samples
[2019-03-03 09:07:44] Starting epoch 20
[2019-03-03 09:07:44] [data] Shuffling data
[2019-03-03 09:07:44] [data] Done reading 620637 sentences
[2019-03-03 09:07:46] [data] Done shuffling 620637 sentences to temp files
[2019-03-03 09:09:11] Ep. 20 : Up. 19500 : Sen. 29,565 : Cost 72.14385223 : Time 755.68s : 12192.87 words/s : L.r. 2.7175e-04
[2019-03-03 09:21:34] Ep. 20 : Up. 20000 : Sen. 332,330 : Cost 72.85031891 : Time 742.72s : 12670.49 words/s : L.r. 2.6833e-04
[2019-03-03 09:21:34] Saving model weights and runtime parameters to model/model.src1tgt0.concat.len160.npz.orig.npz
[2019-03-03 09:21:37] Saving model weights and runtime parameters to model/model.src1tgt0.concat.len160.iter20000.npz
[2019-03-03 09:21:40] Saving model weights and runtime parameters to model/model.src1tgt0.concat.len160.npz
[2019-03-03 09:21:45] Saving Adam parameters to model/model.src1tgt0.concat.len160.npz.optimizer.npz
[2019-03-03 09:22:02] [valid] Ep. 20 : Up. 20000 : cross-entropy : 44.2496 : new best
[2019-03-03 09:22:12] [valid] Ep. 20 : Up. 20000 : perplexity : 4.17633 : new best
Detokenizer Version $Revision: 4134 $
Language: en
[2019-03-03 09:25:07] [valid] Ep. 20 : Up. 20000 : translation : 29.3 : new best
[2019-03-03 09:36:40] Seen 618318 samples
[2019-03-03 09:36:40] Starting epoch 21
[2019-03-03 09:36:40] [data] Shuffling data
[2019-03-03 09:36:40] [data] Done reading 620637 sentences
[2019-03-03 09:36:42] [data] Done shuffling 620637 sentences to temp files
[2019-03-03 09:37:31] Ep. 21 : Up. 20500 : Sen. 11,887 : Cost 71.13623810 : Time 957.63s : 9396.83 words/s : L.r. 2.6504e-04
[2019-03-03 09:49:45] Ep. 21 : Up. 21000 : Sen. 316,755 : Cost 69.36981964 : Time 734.10s : 12479.89 words/s : L.r. 2.6186e-04
[2019-03-03 10:01:57] Ep. 21 : Up. 21500 : Sen. 615,822 : Cost 72.07807922 : Time 732.13s : 12617.64 words/s : L.r. 2.5880e-04
[2019-03-03 10:02:03] Seen 618318 samples
[2019-03-03 10:02:03] Starting epoch 22
[2019-03-03 10:02:03] [data] Shuffling data
[2019-03-03 10:02:03] [data] Done reading 620637 sentences
[2019-03-03 10:02:05] [data] Done shuffling 620637 sentences to temp files
[2019-03-03 10:14:37] Ep. 22 : Up. 22000 : Sen. 307,969 : Cost 67.40309906 : Time 759.37s : 12078.22 words/s : L.r. 2.5584e-04
[2019-03-03 10:26:41] Ep. 22 : Up. 22500 : Sen. 599,723 : Cost 72.18390656 : Time 723.75s : 12609.88 words/s : L.r. 2.5298e-04
[2019-03-03 10:27:24] Seen 618318 samples
[2019-03-03 10:27:24] Starting epoch 23
[2019-03-03 10:27:24] [data] Shuffling data
[2019-03-03 10:27:24] [data] Done reading 620637 sentences
[2019-03-03 10:27:26] [data] Done shuffling 620637 sentences to temp files
[2019-03-03 10:39:21] Ep. 23 : Up. 23000 : Sen. 283,973 : Cost 69.15751648 : Time 760.72s : 12165.14 words/s : L.r. 2.5022e-04
[2019-03-03 10:51:29] Ep. 23 : Up. 23500 : Sen. 584,727 : Cost 69.94182587 : Time 728.01s : 12643.08 words/s : L.r. 2.4754e-04
[2019-03-03 10:52:44] Seen 618318 samples
[2019-03-03 10:52:44] Starting epoch 24
[2019-03-03 10:52:44] [data] Shuffling data
[2019-03-03 10:52:45] [data] Done reading 620637 sentences
[2019-03-03 10:52:46] [data] Done shuffling 620637 sentences to temp files
[2019-03-03 11:04:11] Ep. 24 : Up. 24000 : Sen. 269,633 : Cost 69.31502533 : Time 761.69s : 12292.54 words/s : L.r. 2.4495e-04
[2019-03-03 11:16:16] Ep. 24 : Up. 24500 : Sen. 574,793 : Cost 66.94556427 : Time 725.28s : 12479.36 words/s : L.r. 2.4244e-04
[2019-03-03 11:18:05] Seen 618318 samples
[2019-03-03 11:18:05] Starting epoch 25
[2019-03-03 11:18:05] [data] Shuffling data
[2019-03-03 11:18:05] [data] Done reading 620637 sentences
[2019-03-03 11:18:07] [data] Done shuffling 620637 sentences to temp files
[2019-03-03 11:29:01] Ep. 25 : Up. 25000 : Sen. 261,015 : Cost 69.10626221 : Time 765.01s : 12335.96 words/s : L.r. 2.4000e-04
[2019-03-03 11:29:01] Saving model weights and runtime parameters to model/model.src1tgt0.concat.len160.npz.orig.npz
[2019-03-03 11:29:05] Saving model weights and runtime parameters to model/model.src1tgt0.concat.len160.iter25000.npz
[2019-03-03 11:29:08] Saving model weights and runtime parameters to model/model.src1tgt0.concat.len160.npz
[2019-03-03 11:29:12] Saving Adam parameters to model/model.src1tgt0.concat.len160.npz.optimizer.npz
[2019-03-03 11:29:30] [valid] Ep. 25 : Up. 25000 : cross-entropy : 42.7353 : new best
[2019-03-03 11:29:40] [valid] Ep. 25 : Up. 25000 : perplexity : 3.97695 : new best
Detokenizer Version $Revision: 4134 $
Language: en
[2019-03-03 11:32:35] [valid] Ep. 25 : Up. 25000 : translation : 30 : new best
[2019-03-03 11:44:40] Ep. 25 : Up. 25500 : Sen. 558,543 : Cost 67.99690247 : Time 938.27s : 9629.65 words/s : L.r. 2.3764e-04
[2019-03-03 11:46:59] Seen 618318 samples
[2019-03-03 11:46:59] Starting epoch 26
[2019-03-03 11:46:59] [data] Shuffling data
[2019-03-03 11:47:00] [data] Done reading 620637 sentences
[2019-03-03 11:47:01] [data] Done shuffling 620637 sentences to temp files
[2019-03-03 11:57:07] Ep. 26 : Up. 26000 : Sen. 242,507 : Cost 66.79801941 : Time 747.68s : 12211.61 words/s : L.r. 2.3534e-04
[2019-03-03 12:09:09] Ep. 26 : Up. 26500 : Sen. 539,208 : Cost 66.96165466 : Time 721.68s : 12412.71 words/s : L.r. 2.3311e-04
[2019-03-03 12:12:20] Seen 618318 samples
[2019-03-03 12:12:20] Starting epoch 27
[2019-03-03 12:12:20] [data] Shuffling data
[2019-03-03 12:12:20] [data] Done reading 620637 sentences
[2019-03-03 12:12:21] [data] Done shuffling 620637 sentences to temp files
[2019-03-03 12:22:01] Ep. 27 : Up. 27000 : Sen. 236,009 : Cost 66.72661591 : Time 772.11s : 12380.33 words/s : L.r. 2.3094e-04
[2019-03-03 12:34:04] Ep. 27 : Up. 27500 : Sen. 529,819 : Cost 67.33914948 : Time 722.45s : 12430.90 words/s : L.r. 2.2883e-04
[2019-03-03 12:37:40] Seen 618318 samples
[2019-03-03 12:37:40] Starting epoch 28
[2019-03-03 12:37:40] [data] Shuffling data
[2019-03-03 12:37:40] [data] Done reading 620637 sentences
[2019-03-03 12:37:42] [data] Done shuffling 620637 sentences to temp files
[2019-03-03 12:46:33] Ep. 28 : Up. 28000 : Sen. 210,459 : Cost 66.46320343 : Time 749.46s : 12178.02 words/s : L.r. 2.2678e-04
[2019-03-03 12:58:58] Ep. 28 : Up. 28500 : Sen. 522,305 : Cost 66.19940948 : Time 745.35s : 12625.63 words/s : L.r. 2.2478e-04
[2019-03-03 13:03:01] Seen 618318 samples
[2019-03-03 13:03:01] Starting epoch 29
[2019-03-03 13:03:01] [data] Shuffling data
[2019-03-03 13:03:01] [data] Done reading 620637 sentences
[2019-03-03 13:03:03] [data] Done shuffling 620637 sentences to temp files
[2019-03-03 13:11:19] Ep. 29 : Up. 29000 : Sen. 190,726 : Cost 67.89463043 : Time 740.21s : 12137.08 words/s : L.r. 2.2283e-04
[2019-03-03 13:23:42] Ep. 29 : Up. 29500 : Sen. 506,332 : Cost 64.64945221 : Time 743.17s : 12621.57 words/s : L.r. 2.2094e-04
[2019-03-03 13:28:21] Seen 618318 samples
[2019-03-03 13:28:21] Starting epoch 30
[2019-03-03 13:28:21] [data] Shuffling data
[2019-03-03 13:28:21] [data] Done reading 620637 sentences
[2019-03-03 13:28:23] [data] Done shuffling 620637 sentences to temp files
[2019-03-03 13:36:14] Ep. 30 : Up. 30000 : Sen. 183,065 : Cost 66.98423767 : Time 751.82s : 12182.61 words/s : L.r. 2.1909e-04
[2019-03-03 13:36:14] Saving model weights and runtime parameters to model/model.src1tgt0.concat.len160.npz.orig.npz
[2019-03-03 13:36:18] Saving model weights and runtime parameters to model/model.src1tgt0.concat.len160.iter30000.npz
[2019-03-03 13:36:21] Saving model weights and runtime parameters to model/model.src1tgt0.concat.len160.npz
[2019-03-03 13:36:25] Saving Adam parameters to model/model.src1tgt0.concat.len160.npz.optimizer.npz
[2019-03-03 13:36:42] [valid] Ep. 30 : Up. 30000 : cross-entropy : 42.4952 : new best
[2019-03-03 13:36:52] [valid] Ep. 30 : Up. 30000 : perplexity : 3.94623 : new best
Detokenizer Version $Revision: 4134 $
Language: en
[2019-03-03 13:39:50] [valid] Ep. 30 : Up. 30000 : translation : 30.3 : new best
[2019-03-03 13:52:00] Ep. 30 : Up. 30500 : Sen. 480,766 : Cost 66.62039948 : Time 946.79s : 9707.21 words/s : L.r. 2.1729e-04
[2019-03-03 13:57:17] Seen 618318 samples
[2019-03-03 13:57:17] Starting epoch 31
[2019-03-03 13:57:17] [data] Shuffling data
[2019-03-03 13:57:18] [data] Done reading 620637 sentences
[2019-03-03 13:57:19] [data] Done shuffling 620637 sentences to temp files
[2019-03-03 14:04:29] Ep. 31 : Up. 31000 : Sen. 162,751 : Cost 64.91239929 : Time 748.26s : 12151.68 words/s : L.r. 2.1553e-04
[2019-03-03 14:16:38] Ep. 31 : Up. 31500 : Sen. 465,992 : Cost 64.44609070 : Time 729.85s : 12497.53 words/s : L.r. 2.1381e-04
[2019-03-03 14:22:38] Seen 618318 samples
[2019-03-03 14:22:38] Starting epoch 32
[2019-03-03 14:22:38] [data] Shuffling data
[2019-03-03 14:22:38] [data] Done reading 620637 sentences
[2019-03-03 14:22:39] [data] Done shuffling 620637 sentences to temp files
[2019-03-03 14:29:20] Ep. 32 : Up. 32000 : Sen. 160,951 : Cost 63.90198517 : Time 761.43s : 12302.62 words/s : L.r. 2.1213e-04
[2019-03-03 14:41:33] Ep. 32 : Up. 32500 : Sen. 460,844 : Cost 65.99094391 : Time 733.32s : 12646.58 words/s : L.r. 2.1049e-04
[2019-03-03 14:47:58] Seen 618318 samples
[2019-03-03 14:47:58] Starting epoch 33
[2019-03-03 14:47:58] [data] Shuffling data
[2019-03-03 14:47:58] [data] Done reading 620637 sentences
[2019-03-03 14:48:00] [data] Done shuffling 620637 sentences to temp files
[2019-03-03 14:54:12] Ep. 33 : Up. 33000 : Sen. 145,010 : Cost 64.35592651 : Time 758.97s : 12100.14 words/s : L.r. 2.0889e-04
[2019-03-03 15:06:10] Ep. 33 : Up. 33500 : Sen. 437,677 : Cost 65.57628632 : Time 718.03s : 12586.53 words/s : L.r. 2.0733e-04
[2019-03-03 15:13:19] Seen 618318 samples
[2019-03-03 15:13:19] Starting epoch 34
[2019-03-03 15:13:19] [data] Shuffling data
[2019-03-03 15:13:19] [data] Done reading 620637 sentences
[2019-03-03 15:13:21] [data] Done shuffling 620637 sentences to temp files
[2019-03-03 15:18:51] Ep. 34 : Up. 34000 : Sen. 126,242 : Cost 63.40362930 : Time 761.26s : 12119.24 words/s : L.r. 2.0580e-04
[2019-03-03 15:30:58] Ep. 34 : Up. 34500 : Sen. 425,806 : Cost 64.41038513 : Time 726.72s : 12582.95 words/s : L.r. 2.0430e-04
[2019-03-03 15:38:40] Seen 618318 samples
[2019-03-03 15:38:40] Starting epoch 35
[2019-03-03 15:38:40] [data] Shuffling data
[2019-03-03 15:38:40] [data] Done reading 620637 sentences
[2019-03-03 15:38:42] [data] Done shuffling 620637 sentences to temp files
[2019-03-03 15:43:28] Ep. 35 : Up. 35000 : Sen. 103,690 : Cost 64.77271271 : Time 750.09s : 12143.49 words/s : L.r. 2.0284e-04
[2019-03-03 15:43:28] Saving model weights and runtime parameters to model/model.src1tgt0.concat.len160.npz.orig.npz
[2019-03-03 15:43:32] Saving model weights and runtime parameters to model/model.src1tgt0.concat.len160.iter35000.npz
[2019-03-03 15:43:35] Saving model weights and runtime parameters to model/model.src1tgt0.concat.len160.npz
[2019-03-03 15:43:39] Saving Adam parameters to model/model.src1tgt0.concat.len160.npz.optimizer.npz
[2019-03-03 15:43:57] [valid] Ep. 35 : Up. 35000 : cross-entropy : 42.7117 : stalled 1 times (last best: 42.4952)
[2019-03-03 15:44:07] [valid] Ep. 35 : Up. 35000 : perplexity : 3.97392 : stalled 1 times (last best: 3.94623)
Detokenizer Version $Revision: 4134 $
Language: en
[2019-03-03 15:47:03] [valid] Ep. 35 : Up. 35000 : translation : 30.3 : stalled 1 times (last best: 30.3)
[2019-03-03 15:59:25] Ep. 35 : Up. 35500 : Sen. 419,474 : Cost 61.49579620 : Time 957.22s : 9693.58 words/s : L.r. 2.0140e-04
[2019-03-03 16:07:35] Seen 618318 samples
[2019-03-03 16:07:35] Starting epoch 36
[2019-03-03 16:07:35] [data] Shuffling data
[2019-03-03 16:07:35] [data] Done reading 620637 sentences
[2019-03-03 16:07:37] [data] Done shuffling 620637 sentences to temp files
[2019-03-03 16:11:54] Ep. 36 : Up. 36000 : Sen. 101,013 : Cost 64.17235565 : Time 748.39s : 12246.17 words/s : L.r. 2.0000e-04
[2019-03-03 16:23:56] Ep. 36 : Up. 36500 : Sen. 400,596 : Cost 62.31558609 : Time 721.81s : 12426.06 words/s : L.r. 1.9863e-04
[2019-03-03 16:32:56] Seen 618318 samples
[2019-03-03 16:32:56] Starting epoch 37
[2019-03-03 16:32:56] [data] Shuffling data
[2019-03-03 16:32:56] [data] Done reading 620637 sentences
[2019-03-03 16:32:58] [data] Done shuffling 620637 sentences to temp files
[2019-03-03 16:36:33] Ep. 37 : Up. 37000 : Sen. 82,369 : Cost 65.26540375 : Time 757.52s : 12342.14 words/s : L.r. 1.9728e-04
[2019-03-03 16:48:38] Ep. 37 : Up. 37500 : Sen. 377,536 : Cost 63.46259689 : Time 724.69s : 12460.96 words/s : L.r. 1.9596e-04
[2019-03-03 16:58:17] Seen 618318 samples
[2019-03-03 16:58:17] Starting epoch 38
[2019-03-03 16:58:17] [data] Shuffling data
[2019-03-03 16:58:17] [data] Done reading 620637 sentences
[2019-03-03 16:58:19] [data] Done shuffling 620637 sentences to temp files
[2019-03-03 17:01:27] Ep. 38 : Up. 38000 : Sen. 69,812 : Cost 63.56900787 : Time 768.87s : 12317.50 words/s : L.r. 1.9467e-04
[2019-03-03 17:13:41] Ep. 38 : Up. 38500 : Sen. 376,614 : Cost 61.79563904 : Time 734.59s : 12498.05 words/s : L.r. 1.9340e-04
[2019-03-03 17:23:38] Seen 618318 samples
[2019-03-03 17:23:38] Starting epoch 39
[2019-03-03 17:23:38] [data] Shuffling data
[2019-03-03 17:23:38] [data] Done reading 620637 sentences
[2019-03-03 17:23:39] [data] Done shuffling 620637 sentences to temp files
[2019-03-03 17:26:12] Ep. 39 : Up. 39000 : Sen. 52,066 : Cost 65.20320129 : Time 750.93s : 12286.28 words/s : L.r. 1.9215e-04
[2019-03-03 17:38:22] Ep. 39 : Up. 39500 : Sen. 357,208 : Cost 61.84260559 : Time 730.08s : 12579.06 words/s : L.r. 1.9093e-04
[2019-03-03 17:48:59] Seen 618318 samples
[2019-03-03 17:48:59] Starting epoch 40
[2019-03-03 17:48:59] [data] Shuffling data
[2019-03-03 17:48:59] [data] Done reading 620637 sentences
[2019-03-03 17:49:00] [data] Done shuffling 620637 sentences to temp files
[2019-03-03 17:50:55] Ep. 40 : Up. 40000 : Sen. 39,349 : Cost 62.67203140 : Time 752.49s : 12103.83 words/s : L.r. 1.8974e-04
[2019-03-03 17:50:55] Saving model weights and runtime parameters to model/model.src1tgt0.concat.len160.npz.orig.npz
[2019-03-03 17:50:59] Saving model weights and runtime parameters to model/model.src1tgt0.concat.len160.iter40000.npz
[2019-03-03 17:51:02] Saving model weights and runtime parameters to model/model.src1tgt0.concat.len160.npz
[2019-03-03 17:51:06] Saving Adam parameters to model/model.src1tgt0.concat.len160.npz.optimizer.npz
[2019-03-03 17:51:23] [valid] Ep. 40 : Up. 40000 : cross-entropy : 43.1735 : stalled 2 times (last best: 42.4952)
[2019-03-03 17:51:33] [valid] Ep. 40 : Up. 40000 : perplexity : 4.03364 : stalled 2 times (last best: 3.94623)
Detokenizer Version $Revision: 4134 $
Language: en
[2019-03-03 17:54:30] [valid] Ep. 40 : Up. 40000 : translation : 30.2 : stalled 2 times (last best: 30.3)
[2019-03-03 18:06:41] Ep. 40 : Up. 40500 : Sen. 335,681 : Cost 64.05467987 : Time 946.58s : 9790.39 words/s : L.r. 1.8856e-04
[2019-03-03 18:17:55] Seen 618318 samples
[2019-03-03 18:17:55] Starting epoch 41
[2019-03-03 18:17:55] [data] Shuffling data
[2019-03-03 18:17:55] [data] Done reading 620637 sentences
[2019-03-03 18:17:56] [data] Done shuffling 620637 sentences to temp files
[2019-03-03 18:19:15] Ep. 41 : Up. 41000 : Sen. 26,490 : Cost 60.66037750 : Time 754.00s : 12077.79 words/s : L.r. 1.8741e-04
[2019-03-03 18:31:29] Ep. 41 : Up. 41500 : Sen. 332,532 : Cost 61.54808044 : Time 733.92s : 12594.53 words/s : L.r. 1.8628e-04
[2019-03-03 18:43:16] Seen 618318 samples
[2019-03-03 18:43:16] Starting epoch 42
[2019-03-03 18:43:16] [data] Shuffling data
[2019-03-03 18:43:16] [data] Done reading 620637 sentences
[2019-03-03 18:43:17] [data] Done shuffling 620637 sentences to temp files
[2019-03-03 18:43:58] Ep. 42 : Up. 42000 : Sen. 8,825 : Cost 63.26806641 : Time 748.32s : 12119.33 words/s : L.r. 1.8516e-04
[2019-03-03 18:56:23] Ep. 42 : Up. 42500 : Sen. 316,395 : Cost 62.57820892 : Time 744.86s : 12730.07 words/s : L.r. 1.8407e-04
[2019-03-03 19:08:24] Ep. 42 : Up. 43000 : Sen. 613,651 : Cost 61.59545898 : Time 721.67s : 12395.28 words/s : L.r. 1.8300e-04
[2019-03-03 19:08:37] Seen 618318 samples
[2019-03-03 19:08:37] Starting epoch 43
[2019-03-03 19:08:37] [data] Shuffling data
[2019-03-03 19:08:37] [data] Done reading 620637 sentences
[2019-03-03 19:08:38] [data] Done shuffling 620637 sentences to temp files
[2019-03-03 19:20:52] Ep. 43 : Up. 43500 : Sen. 298,033 : Cost 60.43581772 : Time 747.36s : 12134.29 words/s : L.r. 1.8194e-04
[2019-03-03 19:33:07] Ep. 43 : Up. 44000 : Sen. 598,878 : Cost 63.11065674 : Time 735.80s : 12613.50 words/s : L.r. 1.8091e-04
[2019-03-03 19:33:58] Seen 618318 samples
[2019-03-03 19:33:58] Starting epoch 44
[2019-03-03 19:33:58] [data] Shuffling data
[2019-03-03 19:33:58] [data] Done reading 620637 sentences
[2019-03-03 19:34:00] [data] Done shuffling 620637 sentences to temp files
[2019-03-03 19:45:45] Ep. 44 : Up. 44500 : Sen. 285,545 : Cost 60.95396042 : Time 757.16s : 12200.33 words/s : L.r. 1.7989e-04
[2019-03-03 19:57:58] Ep. 44 : Up. 45000 : Sen. 585,070 : Cost 62.75774002 : Time 733.42s : 12586.02 words/s : L.r. 1.7889e-04
[2019-03-03 19:57:58] Saving model weights and runtime parameters to model/model.src1tgt0.concat.len160.npz.orig.npz
[2019-03-03 19:58:02] Saving model weights and runtime parameters to model/model.src1tgt0.concat.len160.iter45000.npz
[2019-03-03 19:58:05] Saving model weights and runtime parameters to model/model.src1tgt0.concat.len160.npz
[2019-03-03 19:58:09] Saving Adam parameters to model/model.src1tgt0.concat.len160.npz.optimizer.npz
[2019-03-03 19:58:27] [valid] Ep. 44 : Up. 45000 : cross-entropy : 43.7264 : stalled 3 times (last best: 42.4952)
[2019-03-03 19:58:36] [valid] Ep. 44 : Up. 45000 : perplexity : 4.10633 : stalled 3 times (last best: 3.94623)
Detokenizer Version $Revision: 4134 $
Language: en
sacreBLEU: The input and reference stream(s) were of different lengths.

[2019-03-03 20:01:33] [valid] Ep. 44 : Up. 45000 : translation : 0 : stalled 3 times (last best: 30.3)
[2019-03-03 20:02:54] Seen 618318 samples
[2019-03-03 20:02:54] Starting epoch 45
[2019-03-03 20:02:54] [data] Shuffling data
[2019-03-03 20:02:55] [data] Done reading 620637 sentences
[2019-03-03 20:02:56] [data] Done shuffling 620637 sentences to temp files
[2019-03-03 20:13:59] Ep. 45 : Up. 45500 : Sen. 268,605 : Cost 59.58411026 : Time 960.73s : 9349.87 words/s : L.r. 1.7790e-04
[2019-03-03 20:26:23] Ep. 45 : Up. 46000 : Sen. 574,646 : Cost 62.97353745 : Time 744.72s : 12726.96 words/s : L.r. 1.7693e-04
[2019-03-03 20:28:15] Seen 618318 samples
[2019-03-03 20:28:15] Starting epoch 46
[2019-03-03 20:28:15] [data] Shuffling data
[2019-03-03 20:28:16] [data] Done reading 620637 sentences
[2019-03-03 20:28:17] [data] Done shuffling 620637 sentences to temp files
[2019-03-03 20:38:57] Ep. 46 : Up. 46500 : Sen. 257,899 : Cost 61.24267960 : Time 754.07s : 12224.70 words/s : L.r. 1.7598e-04
[2019-03-03 20:51:04] Ep. 46 : Up. 47000 : Sen. 558,974 : Cost 60.29623795 : Time 726.82s : 12405.69 words/s : L.r. 1.7504e-04
[2019-03-03 20:53:36] Seen 618318 samples
[2019-03-03 20:53:36] Starting epoch 47
[2019-03-03 20:53:36] [data] Shuffling data
[2019-03-03 20:53:37] [data] Done reading 620637 sentences
[2019-03-03 20:53:38] [data] Done shuffling 620637 sentences to temp files
[2019-03-03 21:03:47] Ep. 47 : Up. 47500 : Sen. 239,570 : Cost 62.82898712 : Time 762.78s : 12323.18 words/s : L.r. 1.7411e-04
[2019-03-03 21:15:52] Ep. 47 : Up. 48000 : Sen. 539,703 : Cost 60.65741348 : Time 724.96s : 12473.31 words/s : L.r. 1.7321e-04
[2019-03-03 21:18:57] Seen 618318 samples
[2019-03-03 21:18:57] Starting epoch 48
[2019-03-03 21:18:57] [data] Shuffling data
[2019-03-03 21:18:57] [data] Done reading 620637 sentences
[2019-03-03 21:18:59] [data] Done shuffling 620637 sentences to temp files
[2019-03-03 21:28:11] Ep. 48 : Up. 48500 : Sen. 221,755 : Cost 59.18426514 : Time 738.67s : 12085.89 words/s : L.r. 1.7231e-04
[2019-03-03 21:40:38] Ep. 48 : Up. 49000 : Sen. 530,572 : Cost 61.84711456 : Time 747.33s : 12723.95 words/s : L.r. 1.7143e-04
[2019-03-03 21:44:18] Seen 618318 samples
[2019-03-03 21:44:18] Starting epoch 49
[2019-03-03 21:44:18] [data] Shuffling data
[2019-03-03 21:44:18] [data] Done reading 620637 sentences
[2019-03-03 21:44:20] [data] Done shuffling 620637 sentences to temp files
[2019-03-03 21:53:20] Ep. 49 : Up. 49500 : Sen. 214,966 : Cost 60.95885849 : Time 762.07s : 12182.68 words/s : L.r. 1.7056e-04
[2019-03-03 22:05:23] Ep. 49 : Up. 50000 : Sen. 517,083 : Cost 59.79855347 : Time 722.63s : 12513.39 words/s : L.r. 1.6971e-04
[2019-03-03 22:05:23] Saving model weights and runtime parameters to model/model.src1tgt0.concat.len160.npz.orig.npz
[2019-03-03 22:05:27] Saving model weights and runtime parameters to model/model.src1tgt0.concat.len160.iter50000.npz
[2019-03-03 22:05:30] Saving model weights and runtime parameters to model/model.src1tgt0.concat.len160.npz
[2019-03-03 22:05:34] Saving Adam parameters to model/model.src1tgt0.concat.len160.npz.optimizer.npz
[2019-03-03 22:05:51] [valid] Ep. 49 : Up. 50000 : cross-entropy : 44.2609 : stalled 4 times (last best: 42.4952)
[2019-03-03 22:06:01] [valid] Ep. 49 : Up. 50000 : perplexity : 4.17785 : stalled 4 times (last best: 3.94623)
Detokenizer Version $Revision: 4134 $
Language: en
[2019-03-03 22:08:59] [valid] Ep. 49 : Up. 50000 : translation : 30 : stalled 4 times (last best: 30.3)
[2019-03-03 22:13:14] Seen 618318 samples
[2019-03-03 22:13:14] Starting epoch 50
[2019-03-03 22:13:14] [data] Shuffling data
[2019-03-03 22:13:14] [data] Done reading 620637 sentences
[2019-03-03 22:13:16] [data] Done shuffling 620637 sentences to temp files
[2019-03-03 22:21:21] Ep. 50 : Up. 50500 : Sen. 190,216 : Cost 60.83195496 : Time 958.19s : 9346.06 words/s : L.r. 1.6886e-04
[2019-03-03 22:33:37] Ep. 50 : Up. 51000 : Sen. 489,049 : Cost 63.08022690 : Time 736.38s : 12798.45 words/s : L.r. 1.6803e-04
[2019-03-03 22:38:34] Seen 618318 samples
[2019-03-03 22:38:34] Starting epoch 51
[2019-03-03 22:38:34] [data] Shuffling data
[2019-03-03 22:38:34] [data] Done reading 620637 sentences
[2019-03-03 22:38:36] [data] Done shuffling 620637 sentences to temp files
[2019-03-03 22:46:15] Ep. 51 : Up. 51500 : Sen. 185,849 : Cost 57.88841629 : Time 757.58s : 12174.95 words/s : L.r. 1.6722e-04
[2019-03-03 22:58:30] Ep. 51 : Up. 52000 : Sen. 487,835 : Cost 60.21104431 : Time 735.23s : 12472.17 words/s : L.r. 1.6641e-04
[2019-03-03 23:03:55] Seen 618318 samples
[2019-03-03 23:03:55] Starting epoch 52
[2019-03-03 23:03:55] [data] Shuffling data
[2019-03-03 23:03:55] [data] Done reading 620637 sentences
[2019-03-03 23:03:56] [data] Done shuffling 620637 sentences to temp files
[2019-03-03 23:11:02] Ep. 52 : Up. 52500 : Sen. 171,253 : Cost 59.41625977 : Time 751.79s : 12109.88 words/s : L.r. 1.6562e-04
[2019-03-03 23:23:21] Ep. 52 : Up. 53000 : Sen. 470,779 : Cost 61.88696671 : Time 739.35s : 12645.61 words/s : L.r. 1.6483e-04
[2019-03-03 23:29:15] Seen 618318 samples
[2019-03-03 23:29:15] Starting epoch 53
[2019-03-03 23:29:15] [data] Shuffling data
[2019-03-03 23:29:15] [data] Done reading 620637 sentences
[2019-03-03 23:29:17] [data] Done shuffling 620637 sentences to temp files
[2019-03-03 23:35:41] Ep. 53 : Up. 53500 : Sen. 148,999 : Cost 60.12765121 : Time 739.43s : 12206.32 words/s : L.r. 1.6406e-04
[2019-03-03 23:47:53] Ep. 53 : Up. 54000 : Sen. 457,285 : Cost 58.65714264 : Time 732.80s : 12521.41 words/s : L.r. 1.6330e-04
[2019-03-03 23:54:35] Seen 618318 samples
[2019-03-03 23:54:35] Starting epoch 54
[2019-03-03 23:54:35] [data] Shuffling data
[2019-03-03 23:54:35] [data] Done reading 620637 sentences
[2019-03-03 23:54:37] [data] Done shuffling 620637 sentences to temp files
[2019-03-04 00:00:31] Ep. 54 : Up. 54500 : Sen. 133,400 : Cost 62.76972198 : Time 757.95s : 12352.83 words/s : L.r. 1.6255e-04
[2019-03-04 00:12:42] Ep. 54 : Up. 55000 : Sen. 437,954 : Cost 58.28319931 : Time 730.96s : 12406.83 words/s : L.r. 1.6181e-04
[2019-03-04 00:12:42] Saving model weights and runtime parameters to model/model.src1tgt0.concat.len160.npz.orig.npz
[2019-03-04 00:12:47] Saving model weights and runtime parameters to model/model.src1tgt0.concat.len160.iter55000.npz
[2019-03-04 00:12:50] Saving model weights and runtime parameters to model/model.src1tgt0.concat.len160.npz
[2019-03-04 00:12:54] Saving Adam parameters to model/model.src1tgt0.concat.len160.npz.optimizer.npz
[2019-03-04 00:13:11] [valid] Ep. 54 : Up. 55000 : cross-entropy : 44.8005 : stalled 5 times (last best: 42.4952)
[2019-03-04 00:13:21] [valid] Ep. 54 : Up. 55000 : perplexity : 4.25131 : stalled 5 times (last best: 3.94623)
Detokenizer Version $Revision: 4134 $
Language: en
[2019-03-04 00:16:19] [valid] Ep. 54 : Up. 55000 : translation : 29.9 : stalled 5 times (last best: 30.3)
[2019-03-04 00:23:32] Seen 618318 samples
[2019-03-04 00:23:32] Starting epoch 55
[2019-03-04 00:23:32] [data] Shuffling data
[2019-03-04 00:23:32] [data] Done reading 620637 sentences
[2019-03-04 00:23:34] [data] Done shuffling 620637 sentences to temp files
[2019-03-04 00:28:58] Ep. 55 : Up. 55500 : Sen. 124,871 : Cost 59.95812225 : Time 975.59s : 9531.94 words/s : L.r. 1.6108e-04
[2019-03-04 00:41:00] Ep. 55 : Up. 56000 : Sen. 430,291 : Cost 57.65361023 : Time 721.60s : 12475.67 words/s : L.r. 1.6036e-04
[2019-03-04 00:48:53] Seen 618318 samples
[2019-03-04 00:48:53] Starting epoch 56
[2019-03-04 00:48:53] [data] Shuffling data
[2019-03-04 00:48:53] [data] Done reading 620637 sentences
[2019-03-04 00:48:54] [data] Done shuffling 620637 sentences to temp files
[2019-03-04 00:53:37] Ep. 56 : Up. 56500 : Sen. 111,780 : Cost 60.53038788 : Time 756.95s : 12218.76 words/s : L.r. 1.5965e-04
[2019-03-04 01:05:57] Ep. 56 : Up. 57000 : Sen. 407,923 : Cost 61.91319656 : Time 739.92s : 12635.53 words/s : L.r. 1.5894e-04
[2019-03-04 01:14:13] Seen 618318 samples
[2019-03-04 01:14:13] Starting epoch 57
[2019-03-04 01:14:13] [data] Shuffling data
[2019-03-04 01:14:14] [data] Done reading 620637 sentences
[2019-03-04 01:14:15] [data] Done shuffling 620637 sentences to temp files
[2019-03-04 01:18:26] Ep. 57 : Up. 57500 : Sen. 96,810 : Cost 58.03554535 : Time 749.57s : 12175.15 words/s : L.r. 1.5825e-04
[2019-03-04 01:30:41] Ep. 57 : Up. 58000 : Sen. 396,300 : Cost 60.79937744 : Time 734.98s : 12686.49 words/s : L.r. 1.5757e-04
[2019-03-04 01:39:34] Seen 618318 samples
[2019-03-04 01:39:35] Starting epoch 58
[2019-03-04 01:39:35] [data] Shuffling data
[2019-03-04 01:39:35] [data] Done reading 620637 sentences
[2019-03-04 01:39:37] [data] Done shuffling 620637 sentences to temp files
[2019-03-04 01:43:15] Ep. 58 : Up. 58500 : Sen. 83,514 : Cost 58.40399170 : Time 754.30s : 12105.22 words/s : L.r. 1.5689e-04
[2019-03-04 01:55:22] Ep. 58 : Up. 59000 : Sen. 374,316 : Cost 60.85099030 : Time 727.06s : 12526.05 words/s : L.r. 1.5623e-04
[2019-03-04 02:04:56] Seen 618318 samples
[2019-03-04 02:04:56] Starting epoch 59
[2019-03-04 02:04:56] [data] Shuffling data
[2019-03-04 02:04:56] [data] Done reading 620637 sentences
[2019-03-04 02:04:57] [data] Done shuffling 620637 sentences to temp files
[2019-03-04 02:07:53] Ep. 59 : Up. 59500 : Sen. 64,656 : Cost 57.33594513 : Time 750.53s : 12108.11 words/s : L.r. 1.5557e-04
[2019-03-04 02:20:04] Ep. 59 : Up. 60000 : Sen. 366,961 : Cost 59.22263336 : Time 731.02s : 12622.13 words/s : L.r. 1.5492e-04
[2019-03-04 02:20:04] Saving model weights and runtime parameters to model/model.src1tgt0.concat.len160.npz.orig.npz
[2019-03-04 02:20:09] Saving model weights and runtime parameters to model/model.src1tgt0.concat.len160.iter60000.npz
[2019-03-04 02:20:13] Saving model weights and runtime parameters to model/model.src1tgt0.concat.len160.npz
[2019-03-04 02:20:18] Saving Adam parameters to model/model.src1tgt0.concat.len160.npz.optimizer.npz
[2019-03-04 02:20:37] [valid] Ep. 59 : Up. 60000 : cross-entropy : 45.3704 : stalled 6 times (last best: 42.4952)
[2019-03-04 02:20:47] [valid] Ep. 59 : Up. 60000 : perplexity : 4.3303 : stalled 6 times (last best: 3.94623)
Detokenizer Version $Revision: 4134 $
Language: en
[2019-03-04 02:23:45] [valid] Ep. 59 : Up. 60000 : translation : 29.9 : stalled 6 times (last best: 30.3)
[2019-03-04 02:33:57] Seen 618318 samples
[2019-03-04 02:33:57] Starting epoch 60
[2019-03-04 02:33:57] [data] Shuffling data
[2019-03-04 02:33:57] [data] Done reading 620637 sentences
[2019-03-04 02:33:59] [data] Done shuffling 620637 sentences to temp files
[2019-03-04 02:36:21] Ep. 60 : Up. 60500 : Sen. 47,869 : Cost 59.68668365 : Time 976.88s : 9391.90 words/s : L.r. 1.5428e-04
[2019-03-04 02:48:41] Ep. 60 : Up. 61000 : Sen. 357,808 : Cost 58.11880493 : Time 739.75s : 12589.81 words/s : L.r. 1.5364e-04
[2019-03-04 02:59:18] Seen 618318 samples
[2019-03-04 02:59:18] Starting epoch 61
[2019-03-04 02:59:18] [data] Shuffling data
[2019-03-04 02:59:18] [data] Done reading 620637 sentences
[2019-03-04 02:59:20] [data] Done shuffling 620637 sentences to temp files
[2019-03-04 03:01:06] Ep. 61 : Up. 61500 : Sen. 31,734 : Cost 60.60499954 : Time 744.87s : 12210.26 words/s : L.r. 1.5302e-04
[2019-03-04 03:13:21] Ep. 61 : Up. 62000 : Sen. 341,814 : Cost 57.78145599 : Time 735.29s : 12642.45 words/s : L.r. 1.5240e-04
[2019-03-04 03:24:39] Seen 618318 samples
[2019-03-04 03:24:39] Starting epoch 62
[2019-03-04 03:24:39] [data] Shuffling data
[2019-03-04 03:24:39] [data] Done reading 620637 sentences
[2019-03-04 03:24:41] [data] Done shuffling 620637 sentences to temp files
[2019-03-04 03:25:54] Ep. 62 : Up. 62500 : Sen. 21,982 : Cost 59.12507629 : Time 753.46s : 12058.19 words/s : L.r. 1.5179e-04
[2019-03-04 03:38:06] Ep. 62 : Up. 63000 : Sen. 317,356 : Cost 60.90097427 : Time 731.62s : 12749.27 words/s : L.r. 1.5119e-04
[2019-03-04 03:50:00] Seen 618318 samples
[2019-03-04 03:50:00] Starting epoch 63
[2019-03-04 03:50:00] [data] Shuffling data
[2019-03-04 03:50:00] [data] Done reading 620637 sentences
[2019-03-04 03:50:01] [data] Done shuffling 620637 sentences to temp files
[2019-03-04 03:50:40] Ep. 63 : Up. 63500 : Sen. 6,554 : Cost 57.26203537 : Time 754.35s : 12060.16 words/s : L.r. 1.5059e-04
[2019-03-04 04:02:57] Ep. 63 : Up. 64000 : Sen. 313,556 : Cost 58.10383606 : Time 736.58s : 12615.04 words/s : L.r. 1.5000e-04
[2019-03-04 04:15:03] Ep. 63 : Up. 64500 : Sen. 610,928 : Cost 58.91973877 : Time 726.29s : 12473.34 words/s : L.r. 1.4942e-04
[2019-03-04 04:15:21] Seen 618318 samples
[2019-03-04 04:15:21] Starting epoch 64
[2019-03-04 04:15:21] [data] Shuffling data
[2019-03-04 04:15:21] [data] Done reading 620637 sentences
[2019-03-04 04:15:22] [data] Done shuffling 620637 sentences to temp files
[2019-03-04 04:27:43] Ep. 64 : Up. 65000 : Sen. 298,733 : Cost 58.35110092 : Time 759.42s : 12275.50 words/s : L.r. 1.4884e-04
[2019-03-04 04:27:43] Saving model weights and runtime parameters to model/model.src1tgt0.concat.len160.npz.orig.npz
[2019-03-04 04:27:46] Saving model weights and runtime parameters to model/model.src1tgt0.concat.len160.iter65000.npz
[2019-03-04 04:27:50] Saving model weights and runtime parameters to model/model.src1tgt0.concat.len160.npz
[2019-03-04 04:27:54] Saving Adam parameters to model/model.src1tgt0.concat.len160.npz.optimizer.npz
[2019-03-04 04:28:12] [valid] Ep. 64 : Up. 65000 : cross-entropy : 45.9322 : stalled 7 times (last best: 42.4952)
[2019-03-04 04:28:21] [valid] Ep. 64 : Up. 65000 : perplexity : 4.40962 : stalled 7 times (last best: 3.94623)
Detokenizer Version $Revision: 4134 $
Language: en
[2019-03-04 04:31:18] [valid] Ep. 64 : Up. 65000 : translation : 29.8 : stalled 7 times (last best: 30.3)
[2019-03-04 04:43:29] Ep. 64 : Up. 65500 : Sen. 600,950 : Cost 58.12393188 : Time 946.29s : 9622.25 words/s : L.r. 1.4827e-04
[2019-03-04 04:44:17] Seen 618318 samples
[2019-03-04 04:44:17] Starting epoch 65
[2019-03-04 04:44:17] [data] Shuffling data
[2019-03-04 04:44:18] [data] Done reading 620637 sentences
[2019-03-04 04:44:19] [data] Done shuffling 620637 sentences to temp files
[2019-03-04 04:55:53] Ep. 65 : Up. 66000 : Sen. 277,803 : Cost 58.33923340 : Time 744.13s : 12125.01 words/s : L.r. 1.4771e-04
[2019-03-04 05:08:07] Ep. 65 : Up. 66500 : Sen. 582,597 : Cost 58.29220963 : Time 733.75s : 12551.98 words/s : L.r. 1.4715e-04
[2019-03-04 05:09:39] Seen 618318 samples
[2019-03-04 05:09:39] Starting epoch 66
[2019-03-04 05:09:39] [data] Shuffling data
[2019-03-04 05:09:39] [data] Done reading 620637 sentences
[2019-03-04 05:09:41] [data] Done shuffling 620637 sentences to temp files
[2019-03-04 05:20:50] Ep. 66 : Up. 67000 : Sen. 269,647 : Cost 57.85874176 : Time 762.82s : 12154.46 words/s : L.r. 1.4660e-04
[2019-03-04 05:33:00] Ep. 66 : Up. 67500 : Sen. 566,961 : Cost 60.06751633 : Time 730.81s : 12667.47 words/s : L.r. 1.4606e-04
[2019-03-04 05:35:00] Seen 618318 samples
[2019-03-04 05:35:00] Starting epoch 67
[2019-03-04 05:35:00] [data] Shuffling data
[2019-03-04 05:35:01] [data] Done reading 620637 sentences
[2019-03-04 05:35:02] [data] Done shuffling 620637 sentences to temp files
[2019-03-04 05:45:29] Ep. 67 : Up. 68000 : Sen. 248,837 : Cost 57.65324402 : Time 748.97s : 12139.13 words/s : L.r. 1.4552e-04
[2019-03-04 05:57:42] Ep. 67 : Up. 68500 : Sen. 552,853 : Cost 58.26089478 : Time 732.33s : 12592.46 words/s : L.r. 1.4499e-04
[2019-03-04 06:00:22] Seen 618318 samples
[2019-03-04 06:00:22] Starting epoch 68
[2019-03-04 06:00:22] [data] Shuffling data
[2019-03-04 06:00:22] [data] Done reading 620637 sentences
[2019-03-04 06:00:23] [data] Done shuffling 620637 sentences to temp files
[2019-03-04 06:10:16] Ep. 68 : Up. 69000 : Sen. 236,222 : Cost 58.22224426 : Time 754.47s : 12236.90 words/s : L.r. 1.4446e-04
[2019-03-04 06:22:34] Ep. 68 : Up. 69500 : Sen. 545,072 : Cost 57.15732574 : Time 738.20s : 12498.59 words/s : L.r. 1.4394e-04
[2019-03-04 06:25:43] Seen 618318 samples
[2019-03-04 06:25:43] Starting epoch 69
[2019-03-04 06:25:43] [data] Shuffling data
[2019-03-04 06:25:43] [data] Done reading 620637 sentences
[2019-03-04 06:25:45] [data] Done shuffling 620637 sentences to temp files
[2019-03-04 06:35:15] Ep. 69 : Up. 70000 : Sen. 226,480 : Cost 58.93272400 : Time 760.42s : 12227.84 words/s : L.r. 1.4343e-04
[2019-03-04 06:35:15] Saving model weights and runtime parameters to model/model.src1tgt0.concat.len160.npz.orig.npz
[2019-03-04 06:35:19] Saving model weights and runtime parameters to model/model.src1tgt0.concat.len160.iter70000.npz
[2019-03-04 06:35:22] Saving model weights and runtime parameters to model/model.src1tgt0.concat.len160.npz
[2019-03-04 06:35:26] Saving Adam parameters to model/model.src1tgt0.concat.len160.npz.optimizer.npz
[2019-03-04 06:35:44] [valid] Ep. 69 : Up. 70000 : cross-entropy : 46.4385 : stalled 8 times (last best: 42.4952)
[2019-03-04 06:35:53] [valid] Ep. 69 : Up. 70000 : perplexity : 4.48233 : stalled 8 times (last best: 3.94623)
Detokenizer Version $Revision: 4134 $
Language: en
[2019-03-04 06:38:51] [valid] Ep. 69 : Up. 70000 : translation : 29.7 : stalled 8 times (last best: 30.3)
[2019-03-04 06:51:01] Ep. 69 : Up. 70500 : Sen. 527,884 : Cost 58.08077621 : Time 946.75s : 9662.02 words/s : L.r. 1.4292e-04
[2019-03-04 06:54:41] Seen 618318 samples
[2019-03-04 06:54:41] Starting epoch 70
[2019-03-04 06:54:41] [data] Shuffling data
[2019-03-04 06:54:41] [data] Done reading 620637 sentences
[2019-03-04 06:54:43] [data] Done shuffling 620637 sentences to temp files
[2019-03-04 07:03:29] Ep. 70 : Up. 71000 : Sen. 205,217 : Cost 58.16953278 : Time 747.14s : 12151.15 words/s : L.r. 1.4241e-04
[2019-03-04 07:15:37] Ep. 70 : Up. 71500 : Sen. 513,186 : Cost 56.32944870 : Time 727.89s : 12497.53 words/s : L.r. 1.4191e-04
[2019-03-04 07:20:02] Seen 618318 samples
[2019-03-04 07:20:02] Starting epoch 71
[2019-03-04 07:20:02] [data] Shuffling data
[2019-03-04 07:20:02] [data] Done reading 620637 sentences
[2019-03-04 07:20:04] [data] Done shuffling 620637 sentences to temp files
[2019-03-04 07:28:07] Ep. 71 : Up. 72000 : Sen. 188,375 : Cost 58.47655487 : Time 750.91s : 12084.73 words/s : L.r. 1.4142e-04
[2019-03-04 07:40:22] Ep. 71 : Up. 72500 : Sen. 488,573 : Cost 59.76644897 : Time 734.71s : 12773.37 words/s : L.r. 1.4093e-04
[2019-03-04 07:45:23] Seen 618318 samples
[2019-03-04 07:45:23] Starting epoch 72
[2019-03-04 07:45:23] [data] Shuffling data
[2019-03-04 07:45:23] [data] Done reading 620637 sentences
[2019-03-04 07:45:24] [data] Done shuffling 620637 sentences to temp files
[2019-03-04 07:52:53] Ep. 72 : Up. 73000 : Sen. 177,994 : Cost 56.64923859 : Time 750.41s : 12244.67 words/s : L.r. 1.4045e-04
[2019-03-04 08:05:11] Ep. 72 : Up. 73500 : Sen. 479,438 : Cost 58.03174591 : Time 738.35s : 12491.68 words/s : L.r. 1.3997e-04
[2019-03-04 08:10:43] Seen 618318 samples
[2019-03-04 08:10:43] Starting epoch 73
[2019-03-04 08:10:43] [data] Shuffling data
[2019-03-04 08:10:43] [data] Done reading 620637 sentences
[2019-03-04 08:10:45] [data] Done shuffling 620637 sentences to temp files
[2019-03-04 08:17:52] Ep. 73 : Up. 74000 : Sen. 171,970 : Cost 56.31508255 : Time 760.61s : 12182.01 words/s : L.r. 1.3950e-04
[2019-03-04 08:29:58] Ep. 73 : Up. 74500 : Sen. 467,820 : Cost 58.81630707 : Time 726.77s : 12622.30 words/s : L.r. 1.3903e-04
[2019-03-04 08:36:03] Seen 618318 samples
[2019-03-04 08:36:03] Starting epoch 74
[2019-03-04 08:36:03] [data] Shuffling data
[2019-03-04 08:36:03] [data] Done reading 620637 sentences
[2019-03-04 08:36:04] [data] Done shuffling 620637 sentences to temp files
[2019-03-04 08:42:25] Ep. 74 : Up. 75000 : Sen. 149,145 : Cost 57.60302734 : Time 746.91s : 12226.38 words/s : L.r. 1.3856e-04
[2019-03-04 08:42:25] Saving model weights and runtime parameters to model/model.src1tgt0.concat.len160.npz.orig.npz
[2019-03-04 08:42:29] Saving model weights and runtime parameters to model/model.src1tgt0.concat.len160.iter75000.npz
[2019-03-04 08:42:32] Saving model weights and runtime parameters to model/model.src1tgt0.concat.len160.npz
[2019-03-04 08:42:36] Saving Adam parameters to model/model.src1tgt0.concat.len160.npz.optimizer.npz
[2019-03-04 08:42:53] [valid] Ep. 74 : Up. 75000 : cross-entropy : 46.9244 : stalled 9 times (last best: 42.4952)
[2019-03-04 08:43:03] [valid] Ep. 74 : Up. 75000 : perplexity : 4.55323 : stalled 9 times (last best: 3.94623)
Detokenizer Version $Revision: 4134 $
Language: en
[2019-03-04 08:46:00] [valid] Ep. 74 : Up. 75000 : translation : 29.6 : stalled 9 times (last best: 30.3)
[2019-03-04 08:58:19] Ep. 74 : Up. 75500 : Sen. 458,460 : Cost 56.43141174 : Time 954.21s : 9683.29 words/s : L.r. 1.3810e-04
[2019-03-04 09:04:58] Seen 618318 samples
[2019-03-04 09:04:58] Starting epoch 75
[2019-03-04 09:04:58] [data] Shuffling data
[2019-03-04 09:04:58] [data] Done reading 620637 sentences
[2019-03-04 09:05:00] [data] Done shuffling 620637 sentences to temp files
[2019-03-04 09:10:53] Ep. 75 : Up. 76000 : Sen. 138,603 : Cost 57.86212540 : Time 753.48s : 12149.25 words/s : L.r. 1.3765e-04
[2019-03-04 09:22:57] Ep. 75 : Up. 76500 : Sen. 437,370 : Cost 57.48056030 : Time 723.65s : 12582.54 words/s : L.r. 1.3720e-04
[2019-03-04 09:30:14] Seen 618318 samples
[2019-03-04 09:30:14] Starting epoch 76
[2019-03-04 09:30:14] [data] Shuffling data
[2019-03-04 09:30:15] [data] Done reading 620637 sentences
[2019-03-04 09:30:16] [data] Done shuffling 620637 sentences to temp files
[2019-03-04 09:35:35] Ep. 76 : Up. 77000 : Sen. 121,293 : Cost 58.55133438 : Time 758.06s : 12339.61 words/s : L.r. 1.3675e-04
[2019-03-04 09:47:44] Ep. 76 : Up. 77500 : Sen. 421,947 : Cost 57.42541122 : Time 729.31s : 12565.46 words/s : L.r. 1.3631e-04
[2019-03-04 09:55:30] Seen 618318 samples
[2019-03-04 09:55:30] Starting epoch 77
[2019-03-04 09:55:30] [data] Shuffling data
[2019-03-04 09:55:30] [data] Done reading 620637 sentences
[2019-03-04 09:55:32] [data] Done shuffling 620637 sentences to temp files
[2019-03-04 10:00:05] Ep. 77 : Up. 78000 : Sen. 107,288 : Cost 55.97496414 : Time 741.32s : 12188.63 words/s : L.r. 1.3587e-04
[2019-03-04 10:12:12] Ep. 77 : Up. 78500 : Sen. 404,230 : Cost 58.10651398 : Time 726.70s : 12629.08 words/s : L.r. 1.3544e-04
[2019-03-04 10:20:44] Seen 618318 samples
[2019-03-04 10:20:44] Starting epoch 78
[2019-03-04 10:20:44] [data] Shuffling data
[2019-03-04 10:20:44] [data] Done reading 620637 sentences
[2019-03-04 10:20:46] [data] Done shuffling 620637 sentences to temp files
[2019-03-04 10:24:49] Ep. 78 : Up. 79000 : Sen. 94,352 : Cost 56.80241776 : Time 756.73s : 12278.20 words/s : L.r. 1.3501e-04
[2019-03-04 10:37:08] Ep. 78 : Up. 79500 : Sen. 401,535 : Cost 57.45856857 : Time 739.78s : 12700.61 words/s : L.r. 1.3459e-04
[2019-03-04 10:45:58] Seen 618318 samples
[2019-03-04 10:45:58] Starting epoch 79
[2019-03-04 10:45:58] [data] Shuffling data
[2019-03-04 10:45:59] [data] Done reading 620637 sentences
[2019-03-04 10:46:00] [data] Done shuffling 620637 sentences to temp files
[2019-03-04 10:49:24] Ep. 79 : Up. 80000 : Sen. 74,539 : Cost 57.39740372 : Time 735.54s : 12124.17 words/s : L.r. 1.3416e-04
[2019-03-04 10:49:24] Saving model weights and runtime parameters to model/model.src1tgt0.concat.len160.npz.orig.npz
[2019-03-04 10:49:28] Saving model weights and runtime parameters to model/model.src1tgt0.concat.len160.iter80000.npz
[2019-03-04 10:49:31] Saving model weights and runtime parameters to model/model.src1tgt0.concat.len160.npz
[2019-03-04 10:49:35] Saving Adam parameters to model/model.src1tgt0.concat.len160.npz.optimizer.npz
[2019-03-04 10:49:52] [valid] Ep. 79 : Up. 80000 : cross-entropy : 47.4095 : stalled 10 times (last best: 42.4952)
[2019-03-04 10:50:02] [valid] Ep. 79 : Up. 80000 : perplexity : 4.62514 : stalled 10 times (last best: 3.94623)
Detokenizer Version $Revision: 4134 $
Language: en
[2019-03-04 10:53:00] [valid] Ep. 79 : Up. 80000 : translation : 29.5 : stalled 10 times (last best: 30.3)
[2019-03-04 10:53:00] Training finished
[2019-03-04 10:53:01] Saving model weights and runtime parameters to model/model.src1tgt0.concat.len160.npz.orig.npz
[2019-03-04 10:53:05] Saving model weights and runtime parameters to model/model.src1tgt0.concat.len160.npz
[2019-03-04 10:53:09] Saving Adam parameters to model/model.src1tgt0.concat.len160.npz.optimizer.npz
