[2019-05-19 02:37:35] [marian] Marian v1.7.8 211bce57 2019-05-18 17:09:38 +0200
[2019-05-19 02:37:35] [marian] Running on pcknot5 as process 13971 with command line:
[2019-05-19 02:37:35] [marian] /mnt/minerva1/nlp/projects/nmt/doc-marian-voita/doc-marian3/build/marian --model model/model.src1tgt0.voita.new.final.npz --type transformer-voita --train-sets corp/europarl.cs-en.docs.train.en.bpe.src_prev corp/europarl.cs-en.docs.train.en.bpe.src corp/europarl.cs-en.docs.train.cz.bpe --max-length 160 --dim-vocabs 30000 30000 --vocabs corp/vocab.encz.opensub.new.yml corp/vocab.encz.opensub.new.yml corp/vocab.encz.opensub.new.yml --mini-batch-fit -w 8800 --mini-batch 1000 --maxi-batch 1000 --early-stopping 10 --valid-freq 5000 --save-freq 5000 --disp-freq 1000 --valid-metrics cross-entropy perplexity translation --valid-sets corp/europarl.cs-en.docs.dev.en.bpe.src_prev corp/europarl.cs-en.docs.dev.en.bpe.src corp/europarl.cs-en.docs.dev.cz.bpe --valid-script-path ./val.sh --valid-translation-output data/valid.bpe.en.output --quiet-translation --valid-mini-batch 16 --keep-best --beam-size 6 --normalize 0.6 --log model/train_trans.gate.log --valid-log model/valid_trans.gate.log --enc-depth 6 --dec-depth 6 --transformer-heads 8 --transformer-postprocess-emb d --transformer-postprocess dan --transformer-dropout 0.1 --label-smoothing 0.1 --learn-rate 0.0001 --lr-warmup 16000 --lr-decay-inv-sqrt 16000 --lr-report --optimizer-params 0.9 0.98 1e-09 --clip-norm 5 --tied-embeddings-all --optimizer-delay 4 --devices 0 --sync-sgd --seed 1111 --exponential-smoothing --no-restore-corpus
[2019-05-19 02:37:35] [config] after-batches: 0
[2019-05-19 02:37:35] [config] after-epochs: 0
[2019-05-19 02:37:35] [config] allow-unk: false
[2019-05-19 02:37:35] [config] beam-size: 6
[2019-05-19 02:37:35] [config] bert-class-symbol: "[CLS]"
[2019-05-19 02:37:35] [config] bert-mask-symbol: "[MASK]"
[2019-05-19 02:37:35] [config] bert-masking-fraction: 0.15
[2019-05-19 02:37:35] [config] bert-sep-symbol: "[SEP]"
[2019-05-19 02:37:35] [config] bert-train-type-embeddings: true
[2019-05-19 02:37:35] [config] bert-type-vocab-size: 2
[2019-05-19 02:37:35] [config] best-deep: false
[2019-05-19 02:37:35] [config] clip-gemm: 0
[2019-05-19 02:37:35] [config] clip-norm: 5
[2019-05-19 02:37:35] [config] context-enc-depth: 1
[2019-05-19 02:37:35] [config] context-gate: false
[2019-05-19 02:37:35] [config] cost-type: ce-mean
[2019-05-19 02:37:35] [config] cpu-threads: 0
[2019-05-19 02:37:35] [config] data-weighting: ""
[2019-05-19 02:37:35] [config] data-weighting-type: sentence
[2019-05-19 02:37:35] [config] dec-cell: gru
[2019-05-19 02:37:35] [config] dec-cell-base-depth: 2
[2019-05-19 02:37:35] [config] dec-cell-high-depth: 1
[2019-05-19 02:37:35] [config] dec-depth: 6
[2019-05-19 02:37:35] [config] devices:
[2019-05-19 02:37:35] [config]   - 0
[2019-05-19 02:37:35] [config] dim-emb: 512
[2019-05-19 02:37:35] [config] dim-rnn: 1024
[2019-05-19 02:37:35] [config] dim-vocabs:
[2019-05-19 02:37:35] [config]   - 30000
[2019-05-19 02:37:35] [config]   - 30000
[2019-05-19 02:37:35] [config] disp-first: 0
[2019-05-19 02:37:35] [config] disp-freq: 1000
[2019-05-19 02:37:35] [config] disp-label-counts: false
[2019-05-19 02:37:35] [config] dropout-rnn: 0
[2019-05-19 02:37:35] [config] dropout-src: 0
[2019-05-19 02:37:35] [config] dropout-trg: 0
[2019-05-19 02:37:35] [config] dump-config: ""
[2019-05-19 02:37:35] [config] early-stopping: 10
[2019-05-19 02:37:35] [config] embedding-fix-src: false
[2019-05-19 02:37:35] [config] embedding-fix-trg: false
[2019-05-19 02:37:35] [config] embedding-normalization: false
[2019-05-19 02:37:35] [config] embedding-vectors:
[2019-05-19 02:37:35] [config]   []
[2019-05-19 02:37:35] [config] enc-cell: gru
[2019-05-19 02:37:35] [config] enc-cell-depth: 1
[2019-05-19 02:37:35] [config] enc-depth: 6
[2019-05-19 02:37:35] [config] enc-type: bidirectional
[2019-05-19 02:37:35] [config] exponential-smoothing: 0.0001
[2019-05-19 02:37:35] [config] freeze: false
[2019-05-19 02:37:35] [config] grad-dropping-momentum: 0
[2019-05-19 02:37:35] [config] grad-dropping-rate: 0
[2019-05-19 02:37:35] [config] grad-dropping-warmup: 100
[2019-05-19 02:37:35] [config] guided-alignment: none
[2019-05-19 02:37:35] [config] guided-alignment-cost: mse
[2019-05-19 02:37:35] [config] guided-alignment-weight: 0.1
[2019-05-19 02:37:35] [config] ignore-model-config: false
[2019-05-19 02:37:35] [config] input-types:
[2019-05-19 02:37:35] [config]   []
[2019-05-19 02:37:35] [config] interpolate-env-vars: false
[2019-05-19 02:37:35] [config] keep-best: true
[2019-05-19 02:37:35] [config] label-smoothing: 0.1
[2019-05-19 02:37:35] [config] layer-normalization: false
[2019-05-19 02:37:35] [config] learn-rate: 0.0001
[2019-05-19 02:37:35] [config] log: model/train_trans.gate.log
[2019-05-19 02:37:35] [config] log-level: info
[2019-05-19 02:37:35] [config] log-time-zone: ""
[2019-05-19 02:37:35] [config] lr-decay: 0
[2019-05-19 02:37:35] [config] lr-decay-freq: 50000
[2019-05-19 02:37:35] [config] lr-decay-inv-sqrt:
[2019-05-19 02:37:35] [config]   - 16000
[2019-05-19 02:37:35] [config] lr-decay-repeat-warmup: false
[2019-05-19 02:37:35] [config] lr-decay-reset-optimizer: false
[2019-05-19 02:37:35] [config] lr-decay-start:
[2019-05-19 02:37:35] [config]   - 10
[2019-05-19 02:37:35] [config]   - 1
[2019-05-19 02:37:35] [config] lr-decay-strategy: epoch+stalled
[2019-05-19 02:37:35] [config] lr-report: true
[2019-05-19 02:37:35] [config] lr-warmup: 16000
[2019-05-19 02:37:35] [config] lr-warmup-at-reload: false
[2019-05-19 02:37:35] [config] lr-warmup-cycle: false
[2019-05-19 02:37:35] [config] lr-warmup-start-rate: 0
[2019-05-19 02:37:35] [config] max-length: 160
[2019-05-19 02:37:35] [config] max-length-crop: false
[2019-05-19 02:37:35] [config] max-length-factor: 3
[2019-05-19 02:37:35] [config] maxi-batch: 1000
[2019-05-19 02:37:35] [config] maxi-batch-sort: trg
[2019-05-19 02:37:35] [config] mini-batch: 1000
[2019-05-19 02:37:35] [config] mini-batch-fit: true
[2019-05-19 02:37:35] [config] mini-batch-fit-step: 10
[2019-05-19 02:37:35] [config] mini-batch-overstuff: 1
[2019-05-19 02:37:35] [config] mini-batch-track-lr: false
[2019-05-19 02:37:35] [config] mini-batch-understuff: 1
[2019-05-19 02:37:35] [config] mini-batch-warmup: 0
[2019-05-19 02:37:35] [config] mini-batch-words: 0
[2019-05-19 02:37:35] [config] mini-batch-words-ref: 0
[2019-05-19 02:37:35] [config] model: model/model.src1tgt0.voita.new.final.npz
[2019-05-19 02:37:35] [config] multi-loss-type: sum
[2019-05-19 02:37:35] [config] multi-node: false
[2019-05-19 02:37:35] [config] multi-node-overlap: true
[2019-05-19 02:37:35] [config] n-best: false
[2019-05-19 02:37:35] [config] no-nccl: false
[2019-05-19 02:37:35] [config] no-reload: false
[2019-05-19 02:37:35] [config] no-restore-corpus: true
[2019-05-19 02:37:35] [config] no-shuffle: false
[2019-05-19 02:37:35] [config] normalize: 0.6
[2019-05-19 02:37:35] [config] num-devices: 0
[2019-05-19 02:37:35] [config] optimizer: adam
[2019-05-19 02:37:35] [config] optimizer-delay: 4
[2019-05-19 02:37:35] [config] optimizer-params:
[2019-05-19 02:37:35] [config]   - 0.9
[2019-05-19 02:37:35] [config]   - 0.98
[2019-05-19 02:37:35] [config]   - 1e-09
[2019-05-19 02:37:35] [config] overwrite: false
[2019-05-19 02:37:35] [config] pretrained-model: ""
[2019-05-19 02:37:35] [config] quiet: false
[2019-05-19 02:37:35] [config] quiet-translation: true
[2019-05-19 02:37:35] [config] relative-paths: false
[2019-05-19 02:37:35] [config] right-left: false
[2019-05-19 02:37:35] [config] save-freq: 5000
[2019-05-19 02:37:35] [config] seed: 1111
[2019-05-19 02:37:35] [config] shuffle-in-ram: false
[2019-05-19 02:37:35] [config] skip: false
[2019-05-19 02:37:35] [config] sqlite: ""
[2019-05-19 02:37:35] [config] sqlite-drop: false
[2019-05-19 02:37:35] [config] sync-sgd: true
[2019-05-19 02:37:35] [config] tempdir: /tmp
[2019-05-19 02:37:35] [config] tied-embeddings: false
[2019-05-19 02:37:35] [config] tied-embeddings-all: true
[2019-05-19 02:37:35] [config] tied-embeddings-src: false
[2019-05-19 02:37:35] [config] train-sets:
[2019-05-19 02:37:35] [config]   - corp/europarl.cs-en.docs.train.en.bpe.src_prev
[2019-05-19 02:37:35] [config]   - corp/europarl.cs-en.docs.train.en.bpe.src
[2019-05-19 02:37:35] [config]   - corp/europarl.cs-en.docs.train.cz.bpe
[2019-05-19 02:37:35] [config] transformer-aan-activation: swish
[2019-05-19 02:37:35] [config] transformer-aan-depth: 2
[2019-05-19 02:37:35] [config] transformer-aan-nogate: false
[2019-05-19 02:37:35] [config] transformer-decoder-autoreg: self-attention
[2019-05-19 02:37:35] [config] transformer-dim-aan: 2048
[2019-05-19 02:37:35] [config] transformer-dim-ffn: 2048
[2019-05-19 02:37:35] [config] transformer-dropout: 0.1
[2019-05-19 02:37:35] [config] transformer-dropout-attention: 0
[2019-05-19 02:37:35] [config] transformer-dropout-ffn: 0
[2019-05-19 02:37:35] [config] transformer-ffn-activation: swish
[2019-05-19 02:37:35] [config] transformer-ffn-depth: 2
[2019-05-19 02:37:35] [config] transformer-guided-alignment-layer: last
[2019-05-19 02:37:35] [config] transformer-heads: 8
[2019-05-19 02:37:35] [config] transformer-no-projection: false
[2019-05-19 02:37:35] [config] transformer-postprocess: dan
[2019-05-19 02:37:35] [config] transformer-postprocess-emb: d
[2019-05-19 02:37:35] [config] transformer-preprocess: ""
[2019-05-19 02:37:35] [config] transformer-tied-layers:
[2019-05-19 02:37:35] [config]   []
[2019-05-19 02:37:35] [config] transformer-train-position-embeddings: false
[2019-05-19 02:37:35] [config] type: transformer-voita
[2019-05-19 02:37:35] [config] ulr: false
[2019-05-19 02:37:35] [config] ulr-dim-emb: 0
[2019-05-19 02:37:35] [config] ulr-dropout: 0
[2019-05-19 02:37:35] [config] ulr-keys-vectors: ""
[2019-05-19 02:37:35] [config] ulr-query-vectors: ""
[2019-05-19 02:37:35] [config] ulr-softmax-temperature: 1
[2019-05-19 02:37:35] [config] ulr-trainable-transformation: false
[2019-05-19 02:37:35] [config] valid-freq: 5000
[2019-05-19 02:37:35] [config] valid-log: model/valid_trans.gate.log
[2019-05-19 02:37:35] [config] valid-max-length: 1000
[2019-05-19 02:37:35] [config] valid-metrics:
[2019-05-19 02:37:35] [config]   - cross-entropy
[2019-05-19 02:37:35] [config]   - perplexity
[2019-05-19 02:37:35] [config]   - translation
[2019-05-19 02:37:35] [config] valid-mini-batch: 16
[2019-05-19 02:37:35] [config] valid-script-path: ./val.sh
[2019-05-19 02:37:35] [config] valid-sets:
[2019-05-19 02:37:35] [config]   - corp/europarl.cs-en.docs.dev.en.bpe.src_prev
[2019-05-19 02:37:35] [config]   - corp/europarl.cs-en.docs.dev.en.bpe.src
[2019-05-19 02:37:35] [config]   - corp/europarl.cs-en.docs.dev.cz.bpe
[2019-05-19 02:37:35] [config] valid-translation-output: data/valid.bpe.en.output
[2019-05-19 02:37:35] [config] vocabs:
[2019-05-19 02:37:35] [config]   - corp/vocab.encz.opensub.new.yml
[2019-05-19 02:37:35] [config]   - corp/vocab.encz.opensub.new.yml
[2019-05-19 02:37:35] [config]   - corp/vocab.encz.opensub.new.yml
[2019-05-19 02:37:35] [config] word-penalty: 0
[2019-05-19 02:37:35] [config] workspace: 8800
[2019-05-19 02:37:35] [config] Model is being created with Marian v1.7.8 211bce57 2019-05-18 17:09:38 +0200
[2019-05-19 02:37:35] Using synchronous training
[2019-05-19 02:37:35] [data] Loading vocabulary from JSON/Yaml file corp/vocab.encz.opensub.new.yml
[2019-05-19 02:37:35] [data] Setting vocabulary size for input 0 to 30000
[2019-05-19 02:37:35] [data] Loading vocabulary from JSON/Yaml file corp/vocab.encz.opensub.new.yml
[2019-05-19 02:37:35] [data] Setting vocabulary size for input 1 to 30000
[2019-05-19 02:37:35] [data] Loading vocabulary from JSON/Yaml file corp/vocab.encz.opensub.new.yml
[2019-05-19 02:37:36] [data] Setting vocabulary size for input 2 to 30000
[2019-05-19 02:37:36] Compiled without MPI support. Falling back to FakeMPIWrapper
[2019-05-19 02:37:36] [batching] Collecting statistics for batch fitting with step size 10
[2019-05-19 02:37:36] [memory] Extending reserved space to 8832 MB (device gpu0)
[2019-05-19 02:37:38] [comm] Using NCCL 2.4.2 for GPU communication
[2019-05-19 02:37:38] [comm] NCCLCommunicator constructed successfully.
[2019-05-19 02:37:38] [training] Using 1 GPUs
[2019-05-19 02:37:38] [memory] Reserving 245 MB, device gpu0
[2019-05-19 02:37:38] [gpu] 16-bit TensorCores enabled for float32 matrix operations
[2019-05-19 02:37:38] [memory] Reserving 245 MB, device gpu0
[2019-05-19 02:37:47] [batching] Done. Typical MB size is 14205 target words
[2019-05-19 02:37:47] [memory] Extending reserved space to 8832 MB (device gpu0)
[2019-05-19 02:37:47] [comm] Using NCCL 2.4.2 for GPU communication
[2019-05-19 02:37:47] [comm] NCCLCommunicator constructed successfully.
[2019-05-19 02:37:47] [training] Using 1 GPUs
[2019-05-19 02:37:47] Training started
[2019-05-19 02:37:47] [data] Shuffling data
[2019-05-19 02:37:47] [data] Done reading 620637 sentences
[2019-05-19 02:37:49] [data] Done shuffling 620637 sentences to temp files
[2019-05-19 02:38:11] [training] Batches are processed as 1 process(es) x 1 devices/process
[2019-05-19 02:38:11] [memory] Reserving 245 MB, device gpu0
[2019-05-19 02:38:11] [memory] Reserving 245 MB, device gpu0
[2019-05-19 02:38:11] [memory] Reserving 245 MB, device gpu0
[2019-05-19 02:38:11] [memory] Reserving 490 MB, device gpu0
[2019-05-19 02:45:20] Ep. 1 : Up. 1000 : Sen. 201,517 : Cost 281.06927490 : Time 464.69s : 13175.92 words/s : L.r. 6.2500e-06
[2019-05-19 02:52:31] Ep. 1 : Up. 2000 : Sen. 401,206 : Cost 243.87203979 : Time 430.75s : 14298.62 words/s : L.r. 1.2500e-05
[2019-05-19 02:59:56] Ep. 1 : Up. 3000 : Sen. 611,227 : Cost 230.51759338 : Time 445.04s : 14489.96 words/s : L.r. 1.8750e-05
[2019-05-19 03:00:14] Seen 620307 samples
[2019-05-19 03:00:14] Starting epoch 2
[2019-05-19 03:00:14] [data] Shuffling data
[2019-05-19 03:00:15] [data] Done reading 620637 sentences
[2019-05-19 03:00:17] [data] Done shuffling 620637 sentences to temp files
[2019-05-19 03:07:41] Ep. 2 : Up. 4000 : Sen. 198,618 : Cost 217.62655640 : Time 464.48s : 13587.52 words/s : L.r. 2.5000e-05
[2019-05-19 03:14:52] Ep. 2 : Up. 5000 : Sen. 399,842 : Cost 204.01464844 : Time 431.42s : 14146.06 words/s : L.r. 3.1250e-05
[2019-05-19 03:14:52] Saving model weights and runtime parameters to model/model.src1tgt0.voita.new.final.npz.orig.npz
[2019-05-19 03:14:56] Saving model weights and runtime parameters to model/model.src1tgt0.voita.new.final.iter5000.npz
[2019-05-19 03:15:01] Saving model weights and runtime parameters to model/model.src1tgt0.voita.new.final.npz
[2019-05-19 03:15:06] Saving Adam parameters to model/model.src1tgt0.voita.new.final.npz.optimizer.npz
[2019-05-19 03:15:23] Saving model weights and runtime parameters to model/model.src1tgt0.voita.new.final.npz.best-cross-entropy.npz
[2019-05-19 03:15:27] [valid] Ep. 2 : Up. 5000 : cross-entropy : 187.971 : new best
[2019-05-19 03:15:36] Saving model weights and runtime parameters to model/model.src1tgt0.voita.new.final.npz.best-perplexity.npz
[2019-05-19 03:15:39] [valid] Ep. 2 : Up. 5000 : perplexity : 433.63 : new best
Detokenizer Version $Revision: 4134 $
Language: en
[2019-05-19 03:24:18] Saving model weights and runtime parameters to model/model.src1tgt0.voita.new.final.npz.best-translation.npz
[2019-05-19 03:24:22] [valid] Ep. 2 : Up. 5000 : translation : 2 : new best
[2019-05-19 03:31:36] Ep. 2 : Up. 6000 : Sen. 601,054 : Cost 195.60423279 : Time 1004.11s : 6225.00 words/s : L.r. 3.7500e-05
[2019-05-19 03:32:17] Seen 620307 samples
[2019-05-19 03:32:17] Starting epoch 3
[2019-05-19 03:32:17] [data] Shuffling data
[2019-05-19 03:32:18] [data] Done reading 620637 sentences
[2019-05-19 03:32:20] [data] Done shuffling 620637 sentences to temp files
[2019-05-19 03:39:16] Ep. 3 : Up. 7000 : Sen. 181,995 : Cost 181.32910156 : Time 459.44s : 13438.27 words/s : L.r. 4.3750e-05
[2019-05-19 03:46:38] Ep. 3 : Up. 8000 : Sen. 387,278 : Cost 172.83439636 : Time 442.40s : 14324.58 words/s : L.r. 5.0000e-05
[2019-05-19 03:53:52] Ep. 3 : Up. 9000 : Sen. 591,948 : Cost 160.79457092 : Time 433.97s : 14308.96 words/s : L.r. 5.6250e-05
[2019-05-19 03:54:52] Seen 620307 samples
[2019-05-19 03:54:52] Starting epoch 4
[2019-05-19 03:54:52] [data] Shuffling data
[2019-05-19 03:54:53] [data] Done reading 620637 sentences
[2019-05-19 03:54:55] [data] Done shuffling 620637 sentences to temp files
train_voita_new_final.sh: řádek 30: 13971 Ukončen (SIGTERM)      $marian_home/marian --model model/model.src1tgt0.voita.new.final.npz --type transformer-voita --train-sets corp/europarl.cs-en.docs.train.en.bpe.src_prev corp/europarl.cs-en.docs.train.en.bpe.src corp/europarl.cs-en.docs.train.cz.bpe --max-length 160 --dim-vocabs 30000 30000 --vocabs corp/vocab.encz.opensub.new.yml corp/vocab.encz.opensub.new.yml corp/vocab.encz.opensub.new.yml --mini-batch-fit -w 8800 --mini-batch 1000 --maxi-batch 1000 --early-stopping 10 --valid-freq 5000 --save-freq 5000 --disp-freq 1000 --valid-metrics cross-entropy perplexity translation --valid-sets corp/europarl.cs-en.docs.dev.en.bpe.src_prev corp/europarl.cs-en.docs.dev.en.bpe.src corp/europarl.cs-en.docs.dev.cz.bpe --valid-script-path ./val.sh --valid-translation-output data/valid.bpe.en.output --quiet-translation --valid-mini-batch 16 --keep-best --beam-size 6 --normalize 0.6 --log model/train_trans.gate.log --valid-log model/valid_trans.gate.log --enc-depth 6 --dec-depth 6 --transformer-heads 8 --transformer-postprocess-emb d --transformer-postprocess dan --transformer-dropout 0.1 --label-smoothing 0.1 --learn-rate 0.0001 --lr-warmup 16000 --lr-decay-inv-sqrt 16000 --lr-report --optimizer-params 0.9 0.98 1e-09 --clip-norm 5 --tied-embeddings-all --optimizer-delay 4 --devices 0 --sync-sgd --seed 1111 --exponential-smoothing --no-restore-corpus
