[2018-11-26 18:44:00] [config] after-batches: 0
[2018-11-26 18:44:00] [config] after-epochs: 0
[2018-11-26 18:44:00] [config] allow-unk: false
[2018-11-26 18:44:00] [config] beam-size: 6
[2018-11-26 18:44:00] [config] best-deep: false
[2018-11-26 18:44:00] [config] clip-gemm: 0
[2018-11-26 18:44:00] [config] clip-norm: 5
[2018-11-26 18:44:00] [config] cost-type: ce-mean
[2018-11-26 18:44:00] [config] cpu-threads: 0
[2018-11-26 18:44:00] [config] data-weighting-type: sentence
[2018-11-26 18:44:00] [config] dec-cell: gru
[2018-11-26 18:44:00] [config] dec-cell-base-depth: 2
[2018-11-26 18:44:00] [config] dec-cell-high-depth: 1
[2018-11-26 18:44:00] [config] dec-depth: 6
[2018-11-26 18:44:00] [config] devices:
[2018-11-26 18:44:00] [config]   - 0
[2018-11-26 18:44:00] [config]   - 2
[2018-11-26 18:44:00] [config] dim-emb: 512
[2018-11-26 18:44:00] [config] dim-rnn: 1024
[2018-11-26 18:44:00] [config] dim-vocabs:
[2018-11-26 18:44:00] [config]   - 0
[2018-11-26 18:44:00] [config]   - 0
[2018-11-26 18:44:00] [config] disp-freq: 500
[2018-11-26 18:44:00] [config] disp-label-counts: false
[2018-11-26 18:44:00] [config] dropout-rnn: 0
[2018-11-26 18:44:00] [config] dropout-src: 0
[2018-11-26 18:44:00] [config] dropout-trg: 0
[2018-11-26 18:44:00] [config] dump-config: false
[2018-11-26 18:44:00] [config] early-stopping: 15
[2018-11-26 18:44:00] [config] embedding-fix-src: false
[2018-11-26 18:44:00] [config] embedding-fix-trg: false
[2018-11-26 18:44:00] [config] embedding-normalization: false
[2018-11-26 18:44:00] [config] enc-cell: gru
[2018-11-26 18:44:00] [config] enc-cell-depth: 1
[2018-11-26 18:44:00] [config] enc-depth: 6
[2018-11-26 18:44:00] [config] enc-type: bidirectional
[2018-11-26 18:44:00] [config] exponential-smoothing: 0.0001
[2018-11-26 18:44:00] [config] grad-dropping-momentum: 0
[2018-11-26 18:44:00] [config] grad-dropping-rate: 0
[2018-11-26 18:44:00] [config] grad-dropping-warmup: 100
[2018-11-26 18:44:00] [config] guided-alignment-cost: ce
[2018-11-26 18:44:00] [config] guided-alignment-weight: 1
[2018-11-26 18:44:00] [config] ignore-model-config: false
[2018-11-26 18:44:00] [config] interpolate-env-vars: false
[2018-11-26 18:44:00] [config] keep-best: false
[2018-11-26 18:44:00] [config] label-smoothing: 0.1
[2018-11-26 18:44:00] [config] layer-normalization: false
[2018-11-26 18:44:00] [config] learn-rate: 0.0003
[2018-11-26 18:44:00] [config] log: model/train_trans.log
[2018-11-26 18:44:00] [config] log-level: info
[2018-11-26 18:44:00] [config] lr-decay: 0
[2018-11-26 18:44:00] [config] lr-decay-freq: 50000
[2018-11-26 18:44:00] [config] lr-decay-inv-sqrt: 16000
[2018-11-26 18:44:00] [config] lr-decay-repeat-warmup: false
[2018-11-26 18:44:00] [config] lr-decay-reset-optimizer: false
[2018-11-26 18:44:00] [config] lr-decay-start:
[2018-11-26 18:44:00] [config]   - 10
[2018-11-26 18:44:00] [config]   - 1
[2018-11-26 18:44:00] [config] lr-decay-strategy: epoch+stalled
[2018-11-26 18:44:00] [config] lr-report: true
[2018-11-26 18:44:00] [config] lr-warmup: 16000
[2018-11-26 18:44:00] [config] lr-warmup-at-reload: false
[2018-11-26 18:44:00] [config] lr-warmup-cycle: false
[2018-11-26 18:44:00] [config] lr-warmup-start-rate: 0
[2018-11-26 18:44:00] [config] max-length: 160
[2018-11-26 18:44:00] [config] max-length-crop: false
[2018-11-26 18:44:00] [config] max-length-factor: 3
[2018-11-26 18:44:00] [config] maxi-batch: 1000
[2018-11-26 18:44:00] [config] maxi-batch-sort: trg
[2018-11-26 18:44:00] [config] mini-batch: 1000
[2018-11-26 18:44:00] [config] mini-batch-fit: true
[2018-11-26 18:44:00] [config] mini-batch-fit-step: 10
[2018-11-26 18:44:00] [config] mini-batch-words: 0
[2018-11-26 18:44:00] [config] model: model/model.src1tgt0.2gpu.fixed.batch.70.opt32.npz
[2018-11-26 18:44:00] [config] multi-node: false
[2018-11-26 18:44:00] [config] multi-node-overlap: true
[2018-11-26 18:44:00] [config] n-best: false
[2018-11-26 18:44:00] [config] no-nccl: false
[2018-11-26 18:44:00] [config] no-reload: false
[2018-11-26 18:44:00] [config] no-restore-corpus: false
[2018-11-26 18:44:00] [config] no-shuffle: false
[2018-11-26 18:44:00] [config] normalize: 0.6
[2018-11-26 18:44:00] [config] optimizer: adam
[2018-11-26 18:44:00] [config] optimizer-delay: 8
[2018-11-26 18:44:00] [config] optimizer-params:
[2018-11-26 18:44:00] [config]   - 0.9
[2018-11-26 18:44:00] [config]   - 0.98
[2018-11-26 18:44:00] [config]   - 1e-09
[2018-11-26 18:44:00] [config] overwrite: false
[2018-11-26 18:44:00] [config] quiet: false
[2018-11-26 18:44:00] [config] quiet-translation: true
[2018-11-26 18:44:00] [config] relative-paths: false
[2018-11-26 18:44:00] [config] right-left: false
[2018-11-26 18:44:00] [config] save-freq: 5000
[2018-11-26 18:44:00] [config] seed: 1111
[2018-11-26 18:44:00] [config] skip: false
[2018-11-26 18:44:00] [config] sqlite: ""
[2018-11-26 18:44:00] [config] sqlite-drop: false
[2018-11-26 18:44:00] [config] sync-sgd: true
[2018-11-26 18:44:00] [config] tempdir: /tmp
[2018-11-26 18:44:00] [config] tied-embeddings: false
[2018-11-26 18:44:00] [config] tied-embeddings-all: true
[2018-11-26 18:44:00] [config] tied-embeddings-src: false
[2018-11-26 18:44:00] [config] train-sets:
[2018-11-26 18:44:00] [config]   - corp/europarl.cs-en.docs.train.en.bpe
[2018-11-26 18:44:00] [config]   - corp/europarl.cs-en.docs.train.cz.bpe
[2018-11-26 18:44:00] [config] transformer-aan-activation: swish
[2018-11-26 18:44:00] [config] transformer-aan-depth: 2
[2018-11-26 18:44:00] [config] transformer-aan-nogate: false
[2018-11-26 18:44:00] [config] transformer-decoder-autoreg: self-attention
[2018-11-26 18:44:00] [config] transformer-dim-aan: 2048
[2018-11-26 18:44:00] [config] transformer-dim-ffn: 2048
[2018-11-26 18:44:00] [config] transformer-dropout: 0.1
[2018-11-26 18:44:00] [config] transformer-dropout-attention: 0
[2018-11-26 18:44:00] [config] transformer-dropout-ffn: 0
[2018-11-26 18:44:00] [config] transformer-ffn-activation: swish
[2018-11-26 18:44:00] [config] transformer-ffn-depth: 2
[2018-11-26 18:44:00] [config] transformer-guided-alignment-layer: last
[2018-11-26 18:44:00] [config] transformer-heads: 8
[2018-11-26 18:44:00] [config] transformer-no-projection: false
[2018-11-26 18:44:00] [config] transformer-postprocess: dan
[2018-11-26 18:44:00] [config] transformer-postprocess-emb: d
[2018-11-26 18:44:00] [config] transformer-preprocess: ""
[2018-11-26 18:44:00] [config] transformer-tied-layers:
[2018-11-26 18:44:00] [config]   []
[2018-11-26 18:44:00] [config] type: transformer
[2018-11-26 18:44:00] [config] valid-freq: 5000
[2018-11-26 18:44:00] [config] valid-log: model/valid_trans.log
[2018-11-26 18:44:00] [config] valid-max-length: 1000
[2018-11-26 18:44:00] [config] valid-metrics:
[2018-11-26 18:44:00] [config]   - cross-entropy
[2018-11-26 18:44:00] [config]   - perplexity
[2018-11-26 18:44:00] [config]   - translation
[2018-11-26 18:44:00] [config] valid-mini-batch: 16
[2018-11-26 18:44:00] [config] valid-script-path: ./val.sh
[2018-11-26 18:44:00] [config] valid-sets:
[2018-11-26 18:44:00] [config]   - corp/europarl.cs-en.docs.dev.en.bpe
[2018-11-26 18:44:00] [config]   - corp/europarl.cs-en.docs.dev.cz.bpe
[2018-11-26 18:44:00] [config] valid-translation-output: data/valid.bpe.en.output
[2018-11-26 18:44:00] [config] vocabs:
[2018-11-26 18:44:00] [config]   - corp/vocab.encs.europarl.yml
[2018-11-26 18:44:00] [config]   - corp/vocab.encs.europarl.yml
[2018-11-26 18:44:00] [config] word-penalty: 0
[2018-11-26 18:44:00] [config] workspace: 9100
[2018-11-26 18:44:00] [config] Model is being created with Marian v1.6.0+59e69a8
[2018-11-26 18:44:00] [data] Loading vocabulary from JSON/Yaml file corp/vocab.encs.europarl.yml
[2018-11-26 18:44:00] [data] Setting vocabulary size for input 0 to 32000
[2018-11-26 18:44:00] [data] Loading vocabulary from JSON/Yaml file corp/vocab.encs.europarl.yml
[2018-11-26 18:44:00] [data] Setting vocabulary size for input 1 to 32000
[2018-11-26 18:44:00] [batching] Collecting statistics for batch fitting with step size 10
[2018-11-26 18:44:00] [memory] Extending reserved space to 9216 MB (device gpu0)
[2018-11-26 18:44:00] [memory] Extending reserved space to 9216 MB (device gpu2)
[2018-11-26 18:44:00] [comm] Using NCCL library for GPU communication
[2018-11-26 18:44:01] [memory] Reserving 230 MB, device gpu0
[2018-11-26 18:44:01] [memory] Reserving 230 MB, device gpu0
[2018-11-26 18:44:20] [batching] Done
[2018-11-26 18:44:20] [memory] Extending reserved space to 9216 MB (device gpu0)
[2018-11-26 18:44:20] [memory] Extending reserved space to 9216 MB (device gpu2)
[2018-11-26 18:44:20] [comm] Using NCCL library for GPU communication
[2018-11-26 18:44:20] Training started
[2018-11-26 18:44:20] [data] Shuffling files
[2018-11-26 18:44:22] [data] Done
[2018-11-26 18:44:48] [memory] Reserving 230 MB, device gpu0
[2018-11-26 18:44:48] [memory] Reserving 230 MB, device gpu2
[2018-11-26 18:44:49] [memory] Reserving 115 MB, device gpu0
[2018-11-26 18:44:49] [memory] Reserving 115 MB, device gpu2
[2018-11-26 18:44:49] [memory] Reserving 230 MB, device gpu2
[2018-11-26 18:44:49] [memory] Reserving 230 MB, device gpu0
[2018-11-26 18:44:51] [memory] Reserving 230 MB, device gpu0
[2018-11-26 18:44:51] [memory] Reserving 230 MB, device gpu2
[2018-11-26 19:01:40] Ep. 1 : Up. 500 : Sen. 540705 : Cost 294.55 : Time 1040.19s : 15631.18 words/s : L.r. 9.3750e-06
[2018-11-26 19:04:22] Seen 618318 samples
[2018-11-26 19:04:22] Starting epoch 2
[2018-11-26 19:04:22] [data] Shuffling files
[2018-11-26 19:04:24] [data] Done
[2018-11-26 19:18:54] Ep. 2 : Up. 1000 : Sen. 459584 : Cost 250.80 : Time 1034.69s : 15630.92 words/s : L.r. 1.8750e-05
[2018-11-26 19:24:11] Seen 618318 samples
[2018-11-26 19:24:11] Starting epoch 3
[2018-11-26 19:24:11] [data] Shuffling files
[2018-11-26 19:24:13] [data] Done
[2018-11-26 19:36:00] Ep. 3 : Up. 1500 : Sen. 365361 : Cost 242.42 : Time 1026.02s : 15866.12 words/s : L.r. 2.8125e-05
[2018-11-26 19:44:01] Seen 618318 samples
[2018-11-26 19:44:01] Starting epoch 4
[2018-11-26 19:44:01] [data] Shuffling files
[2018-11-26 19:44:03] [data] Done
[2018-11-26 19:52:58] Ep. 4 : Up. 2000 : Sen. 278583 : Cost 220.63 : Time 1017.86s : 15722.49 words/s : L.r. 3.7500e-05
[2018-11-26 20:03:53] Seen 618318 samples
[2018-11-26 20:03:53] Starting epoch 5
[2018-11-26 20:03:53] [data] Shuffling files
[2018-11-26 20:03:55] [data] Done
[2018-11-26 20:10:31] Ep. 5 : Up. 2500 : Sen. 194753 : Cost 213.46 : Time 1053.16s : 15805.27 words/s : L.r. 4.6875e-05
[2018-11-26 20:23:47] Seen 618318 samples
[2018-11-26 20:23:47] Starting epoch 6
[2018-11-26 20:23:47] [data] Shuffling files
[2018-11-26 20:23:49] [data] Done
[2018-11-26 20:27:32] Ep. 6 : Up. 3000 : Sen. 104568 : Cost 196.03 : Time 1020.94s : 15688.84 words/s : L.r. 5.6250e-05
[2018-11-26 20:43:41] Seen 618318 samples
[2018-11-26 20:43:41] Starting epoch 7
[2018-11-26 20:43:41] [data] Shuffling files
[2018-11-26 20:43:43] [data] Done
[2018-11-26 20:44:30] Ep. 7 : Up. 3500 : Sen. 14408 : Cost 183.29 : Time 1017.98s : 15599.35 words/s : L.r. 6.5625e-05
[2018-11-26 21:01:24] Ep. 7 : Up. 4000 : Sen. 553218 : Cost 176.23 : Time 1013.69s : 16239.07 words/s : L.r. 7.5000e-05
[2018-11-26 21:03:33] Seen 618318 samples
[2018-11-26 21:03:33] Starting epoch 8
[2018-11-26 21:03:33] [data] Shuffling files
[2018-11-26 21:03:35] [data] Done
[2018-11-26 21:18:31] Ep. 8 : Up. 4500 : Sen. 456836 : Cost 169.21 : Time 1026.81s : 15735.60 words/s : L.r. 8.4375e-05
[2018-11-26 21:23:24] Seen 618318 samples
[2018-11-26 21:23:24] Starting epoch 9
[2018-11-26 21:23:24] [data] Shuffling files
[2018-11-26 21:23:26] [data] Done
[2018-11-26 21:35:39] Ep. 9 : Up. 5000 : Sen. 370432 : Cost 157.39 : Time 1027.78s : 15602.55 words/s : L.r. 9.3750e-05
[2018-11-26 21:35:45] [valid] Ep. 9 : Up. 5000 : cross-entropy : 139.312 : new best
[2018-11-26 21:35:50] [valid] Ep. 9 : Up. 5000 : perplexity : 90.0448 : new best
Detokenizer Version $Revision: 4134 $
Language: en
[2018-11-26 21:44:40] [valid] Ep. 9 : Up. 5000 : translation : 2.21 : new best
[2018-11-26 21:44:40] Saving model weights and runtime parameters to model/model.src1tgt0.2gpu.fixed.batch.70.opt32.npz.orig.npz
[2018-11-26 21:44:41] Saving model weights and runtime parameters to model/model.src1tgt0.2gpu.fixed.batch.70.opt32.iter5000.npz
[2018-11-26 21:44:42] Saving model weights and runtime parameters to model/model.src1tgt0.2gpu.fixed.batch.70.opt32.npz
[2018-11-26 21:44:43] Saving Adam parameters to model/model.src1tgt0.2gpu.fixed.batch.70.opt32.npz.optimizer.npz
[2018-11-26 21:52:23] Seen 618318 samples
[2018-11-26 21:52:23] Starting epoch 10
[2018-11-26 21:52:23] [data] Shuffling files
[2018-11-26 21:52:26] [data] Done
[2018-11-26 22:01:48] Ep. 10 : Up. 5500 : Sen. 284624 : Cost 151.13 : Time 1569.80s : 10258.79 words/s : L.r. 1.0313e-04
[2018-11-26 22:12:15] Seen 618318 samples
[2018-11-26 22:12:15] Starting epoch 11
[2018-11-26 22:12:15] [data] Shuffling files
[2018-11-26 22:12:17] [data] Done
[2018-11-26 22:19:13] Ep. 11 : Up. 6000 : Sen. 207938 : Cost 145.94 : Time 1044.07s : 15747.46 words/s : L.r. 1.1250e-04
[2018-11-26 22:32:11] Seen 618318 samples
[2018-11-26 22:32:11] Starting epoch 12
[2018-11-26 22:32:11] [data] Shuffling files
[2018-11-26 22:32:13] [data] Done
[2018-11-26 22:36:21] Ep. 12 : Up. 6500 : Sen. 113745 : Cost 142.02 : Time 1028.19s : 15756.29 words/s : L.r. 1.2188e-04
[2018-11-26 22:52:06] Seen 618318 samples
[2018-11-26 22:52:06] Starting epoch 13
[2018-11-26 22:52:06] [data] Shuffling files
[2018-11-26 22:52:08] [data] Done
[2018-11-26 22:53:33] Ep. 13 : Up. 7000 : Sen. 31237 : Cost 130.13 : Time 1031.94s : 15668.05 words/s : L.r. 1.3125e-04
[2018-11-26 23:10:15] Ep. 13 : Up. 7500 : Sen. 557994 : Cost 121.50 : Time 1002.67s : 16138.28 words/s : L.r. 1.4063e-04
[2018-11-26 23:12:01] Seen 618318 samples
[2018-11-26 23:12:01] Starting epoch 14
[2018-11-26 23:12:01] [data] Shuffling files
[2018-11-26 23:12:03] [data] Done
[2018-11-26 23:27:21] Ep. 14 : Up. 8000 : Sen. 471280 : Cost 107.22 : Time 1025.86s : 15692.67 words/s : L.r. 1.5000e-04
[2018-11-26 23:31:50] Seen 618318 samples
[2018-11-26 23:31:50] Starting epoch 15
[2018-11-26 23:31:50] [data] Shuffling files
[2018-11-26 23:31:52] [data] Done
[2018-11-26 23:44:45] Ep. 15 : Up. 8500 : Sen. 411057 : Cost 96.81 : Time 1044.12s : 15855.58 words/s : L.r. 1.5938e-04
[2018-11-26 23:51:42] Seen 618318 samples
[2018-11-26 23:51:42] Starting epoch 16
[2018-11-26 23:51:42] [data] Shuffling files
[2018-11-26 23:51:44] [data] Done
[2018-11-27 00:01:40] Ep. 16 : Up. 9000 : Sen. 302083 : Cost 96.44 : Time 1014.22s : 15651.18 words/s : L.r. 1.6875e-04
[2018-11-27 00:11:33] Seen 618318 samples
[2018-11-27 00:11:33] Starting epoch 17
[2018-11-27 00:11:33] [data] Shuffling files
[2018-11-27 00:11:35] [data] Done
[2018-11-27 00:18:49] Ep. 17 : Up. 9500 : Sen. 216591 : Cost 89.42 : Time 1028.98s : 15670.39 words/s : L.r. 1.7813e-04
[2018-11-27 00:31:23] Seen 618318 samples
[2018-11-27 00:31:23] Starting epoch 18
[2018-11-27 00:31:23] [data] Shuffling files
[2018-11-27 00:31:26] [data] Done
[2018-11-27 00:36:00] Ep. 18 : Up. 10000 : Sen. 133116 : Cost 87.57 : Time 1031.88s : 15852.25 words/s : L.r. 1.8750e-04
[2018-11-27 00:36:06] [valid] Ep. 18 : Up. 10000 : cross-entropy : 60.7728 : new best
[2018-11-27 00:36:12] [valid] Ep. 18 : Up. 10000 : perplexity : 7.12205 : new best
Detokenizer Version $Revision: 4134 $
Language: en
[2018-11-27 00:38:07] [valid] Ep. 18 : Up. 10000 : translation : 22.67 : new best
[2018-11-27 00:38:07] Saving model weights and runtime parameters to model/model.src1tgt0.2gpu.fixed.batch.70.opt32.npz.orig.npz
[2018-11-27 00:38:09] Saving model weights and runtime parameters to model/model.src1tgt0.2gpu.fixed.batch.70.opt32.iter10000.npz
[2018-11-27 00:38:10] Saving model weights and runtime parameters to model/model.src1tgt0.2gpu.fixed.batch.70.opt32.npz
[2018-11-27 00:38:11] Saving Adam parameters to model/model.src1tgt0.2gpu.fixed.batch.70.opt32.npz.optimizer.npz
[2018-11-27 00:53:35] Seen 618318 samples
[2018-11-27 00:53:35] Starting epoch 19
[2018-11-27 00:53:35] [data] Shuffling files
[2018-11-27 00:53:37] [data] Done
[2018-11-27 00:55:31] Ep. 19 : Up. 10500 : Sen. 45304 : Cost 85.15 : Time 1170.40s : 13862.21 words/s : L.r. 1.9688e-04
[2018-11-27 01:12:16] Ep. 19 : Up. 11000 : Sen. 584418 : Cost 82.04 : Time 1005.21s : 16188.12 words/s : L.r. 2.0625e-04
[2018-11-27 01:13:27] Seen 618318 samples
[2018-11-27 01:13:27] Starting epoch 20
[2018-11-27 01:13:27] [data] Shuffling files
[2018-11-27 01:13:29] [data] Done
[2018-11-27 01:29:19] Ep. 20 : Up. 11500 : Sen. 495652 : Cost 80.02 : Time 1023.20s : 15564.93 words/s : L.r. 2.1563e-04
[2018-11-27 01:33:18] Seen 618318 samples
[2018-11-27 01:33:18] Starting epoch 21
[2018-11-27 01:33:18] [data] Shuffling files
[2018-11-27 01:33:20] [data] Done
[2018-11-27 01:46:36] Ep. 21 : Up. 12000 : Sen. 417158 : Cost 80.47 : Time 1037.12s : 15966.32 words/s : L.r. 2.2500e-04
[2018-11-27 01:53:08] Seen 618318 samples
[2018-11-27 01:53:08] Starting epoch 22
[2018-11-27 01:53:08] [data] Shuffling files
[2018-11-27 01:53:10] [data] Done
[2018-11-27 02:03:41] Ep. 22 : Up. 12500 : Sen. 315977 : Cost 80.15 : Time 1024.18s : 15691.74 words/s : L.r. 2.3438e-04
[2018-11-27 02:12:57] Seen 618318 samples
[2018-11-27 02:12:57] Starting epoch 23
[2018-11-27 02:12:57] [data] Shuffling files
[2018-11-27 02:12:59] [data] Done
[2018-11-27 02:20:39] Ep. 23 : Up. 13000 : Sen. 237873 : Cost 75.42 : Time 1018.35s : 15718.79 words/s : L.r. 2.4375e-04
[2018-11-27 02:32:46] Seen 618318 samples
[2018-11-27 02:32:46] Starting epoch 24
[2018-11-27 02:32:46] [data] Shuffling files
[2018-11-27 02:32:48] [data] Done
[2018-11-27 02:37:44] Ep. 24 : Up. 13500 : Sen. 148388 : Cost 76.85 : Time 1025.39s : 15736.65 words/s : L.r. 2.5313e-04
[2018-11-27 02:52:36] Seen 618318 samples
[2018-11-27 02:52:36] Starting epoch 25
[2018-11-27 02:52:36] [data] Shuffling files
[2018-11-27 02:52:38] [data] Done
[2018-11-27 02:54:54] Ep. 25 : Up. 14000 : Sen. 60889 : Cost 76.64 : Time 1030.15s : 15824.12 words/s : L.r. 2.6250e-04
[2018-11-27 03:11:36] Ep. 25 : Up. 14500 : Sen. 594352 : Cost 74.85 : Time 1001.82s : 16151.56 words/s : L.r. 2.7188e-04
[2018-11-27 03:12:26] Seen 618318 samples
[2018-11-27 03:12:26] Starting epoch 26
[2018-11-27 03:12:26] [data] Shuffling files
[2018-11-27 03:12:28] [data] Done
[2018-11-27 03:28:39] Ep. 26 : Up. 15000 : Sen. 503479 : Cost 74.82 : Time 1022.41s : 15817.21 words/s : L.r. 2.8125e-04
[2018-11-27 03:28:44] [valid] Ep. 26 : Up. 15000 : cross-entropy : 46.4841 : new best
[2018-11-27 03:28:50] [valid] Ep. 26 : Up. 15000 : perplexity : 4.48894 : new best
Detokenizer Version $Revision: 4134 $
Language: en
[2018-11-27 03:30:44] [valid] Ep. 26 : Up. 15000 : translation : 28.48 : new best
[2018-11-27 03:30:44] Saving model weights and runtime parameters to model/model.src1tgt0.2gpu.fixed.batch.70.opt32.npz.orig.npz
[2018-11-27 03:30:45] Saving model weights and runtime parameters to model/model.src1tgt0.2gpu.fixed.batch.70.opt32.iter15000.npz
[2018-11-27 03:30:46] Saving model weights and runtime parameters to model/model.src1tgt0.2gpu.fixed.batch.70.opt32.npz
[2018-11-27 03:30:47] Saving Adam parameters to model/model.src1tgt0.2gpu.fixed.batch.70.opt32.npz.optimizer.npz
[2018-11-27 03:34:26] Seen 618318 samples
[2018-11-27 03:34:26] Starting epoch 27
[2018-11-27 03:34:26] [data] Shuffling files
[2018-11-27 03:34:28] [data] Done
[2018-11-27 03:48:06] Ep. 27 : Up. 15500 : Sen. 424169 : Cost 73.03 : Time 1167.35s : 13932.38 words/s : L.r. 2.9063e-04
[2018-11-27 03:54:15] Seen 618318 samples
[2018-11-27 03:54:15] Starting epoch 28
[2018-11-27 03:54:15] [data] Shuffling files
[2018-11-27 03:54:17] [data] Done
[2018-11-27 04:05:00] Ep. 28 : Up. 16000 : Sen. 318701 : Cost 75.52 : Time 1013.79s : 15866.48 words/s : L.r. 3.0000e-04
[2018-11-27 04:14:02] Seen 618318 samples
[2018-11-27 04:14:02] Starting epoch 29
[2018-11-27 04:14:02] [data] Shuffling files
[2018-11-27 04:14:05] [data] Done
[2018-11-27 04:22:22] Ep. 29 : Up. 16500 : Sen. 257920 : Cost 70.07 : Time 1042.31s : 15727.11 words/s : L.r. 2.9542e-04
[2018-11-27 04:33:51] Seen 618318 samples
[2018-11-27 04:33:51] Starting epoch 30
[2018-11-27 04:33:51] [data] Shuffling files
[2018-11-27 04:33:54] [data] Done
[2018-11-27 04:39:15] Ep. 30 : Up. 17000 : Sen. 153721 : Cost 73.43 : Time 1013.12s : 15733.24 words/s : L.r. 2.9104e-04
[2018-11-27 04:53:41] Seen 618318 samples
[2018-11-27 04:53:41] Starting epoch 31
[2018-11-27 04:53:41] [data] Shuffling files
[2018-11-27 04:53:43] [data] Done
[2018-11-27 04:56:25] Ep. 31 : Up. 17500 : Sen. 77177 : Cost 70.62 : Time 1029.49s : 15831.16 words/s : L.r. 2.8685e-04
[2018-11-27 05:13:09] Ep. 31 : Up. 18000 : Sen. 610696 : Cost 71.84 : Time 1004.15s : 16373.65 words/s : L.r. 2.8284e-04
[2018-11-27 05:13:26] Seen 618318 samples
[2018-11-27 05:13:26] Starting epoch 32
[2018-11-27 05:13:26] [data] Shuffling files
[2018-11-27 05:13:28] [data] Done
[2018-11-27 05:30:15] Ep. 32 : Up. 18500 : Sen. 531056 : Cost 69.09 : Time 1026.48s : 15752.56 words/s : L.r. 2.7899e-04
[2018-11-27 05:33:12] Seen 618318 samples
[2018-11-27 05:33:12] Starting epoch 33
[2018-11-27 05:33:12] [data] Shuffling files
[2018-11-27 05:33:14] [data] Done
[2018-11-27 05:47:16] Ep. 33 : Up. 19000 : Sen. 446752 : Cost 68.64 : Time 1021.16s : 15670.85 words/s : L.r. 2.7530e-04
[2018-11-27 05:52:59] Seen 618318 samples
[2018-11-27 05:52:59] Starting epoch 34
[2018-11-27 05:52:59] [data] Shuffling files
[2018-11-27 05:53:01] [data] Done
[2018-11-27 06:04:26] Ep. 34 : Up. 19500 : Sen. 350576 : Cost 71.14 : Time 1029.38s : 15821.12 words/s : L.r. 2.7175e-04
[2018-11-27 06:12:49] Seen 618318 samples
[2018-11-27 06:12:49] Starting epoch 35
[2018-11-27 06:12:49] [data] Shuffling files
[2018-11-27 06:12:52] [data] Done
[2018-11-27 06:21:24] Ep. 35 : Up. 20000 : Sen. 247427 : Cost 70.97 : Time 1018.03s : 15872.31 words/s : L.r. 2.6833e-04
[2018-11-27 06:21:30] [valid] Ep. 35 : Up. 20000 : cross-entropy : 43.3167 : new best
[2018-11-27 06:21:36] [valid] Ep. 35 : Up. 20000 : perplexity : 4.05234 : new best
Detokenizer Version $Revision: 4134 $
Language: en
[2018-11-27 06:23:29] [valid] Ep. 35 : Up. 20000 : translation : 29.56 : new best
[2018-11-27 06:23:29] Saving model weights and runtime parameters to model/model.src1tgt0.2gpu.fixed.batch.70.opt32.npz.orig.npz
[2018-11-27 06:23:31] Saving model weights and runtime parameters to model/model.src1tgt0.2gpu.fixed.batch.70.opt32.iter20000.npz
[2018-11-27 06:23:31] Saving model weights and runtime parameters to model/model.src1tgt0.2gpu.fixed.batch.70.opt32.npz
[2018-11-27 06:23:33] Saving Adam parameters to model/model.src1tgt0.2gpu.fixed.batch.70.opt32.npz.optimizer.npz
[2018-11-27 06:34:51] Seen 618318 samples
[2018-11-27 06:34:51] Starting epoch 36
[2018-11-27 06:34:51] [data] Shuffling files
[2018-11-27 06:34:53] [data] Done
[2018-11-27 06:40:48] Ep. 36 : Up. 20500 : Sen. 184351 : Cost 65.31 : Time 1164.50s : 13860.49 words/s : L.r. 2.6504e-04
[2018-11-27 06:54:38] Seen 618318 samples
[2018-11-27 06:54:38] Starting epoch 37
[2018-11-27 06:54:38] [data] Shuffling files
[2018-11-27 06:54:40] [data] Done
[2018-11-27 06:57:53] Ep. 37 : Up. 21000 : Sen. 94633 : Cost 68.90 : Time 1024.94s : 15847.72 words/s : L.r. 2.6186e-04
[2018-11-27 07:14:28] Seen 618318 samples
[2018-11-27 07:14:28] Starting epoch 38
[2018-11-27 07:14:28] [data] Shuffling files
[2018-11-27 07:14:30] [data] Done
[2018-11-27 07:15:02] Ep. 38 : Up. 21500 : Sen. 3888 : Cost 68.52 : Time 1028.30s : 15771.71 words/s : L.r. 2.5880e-04
[2018-11-27 07:31:41] Ep. 38 : Up. 22000 : Sen. 537833 : Cost 66.70 : Time 999.09s : 16152.70 words/s : L.r. 2.5584e-04
[2018-11-27 07:34:18] Seen 618318 samples
[2018-11-27 07:34:18] Starting epoch 39
[2018-11-27 07:34:18] [data] Shuffling files
[2018-11-27 07:34:20] [data] Done
[2018-11-27 07:48:53] Ep. 39 : Up. 22500 : Sen. 446427 : Cost 68.70 : Time 1032.64s : 15927.24 words/s : L.r. 2.5298e-04
[2018-11-27 07:54:07] Seen 618318 samples
[2018-11-27 07:54:07] Starting epoch 40
[2018-11-27 07:54:07] [data] Shuffling files
[2018-11-27 07:54:09] [data] Done
[2018-11-27 08:06:04] Ep. 40 : Up. 23000 : Sen. 366555 : Cost 65.48 : Time 1030.49s : 15648.25 words/s : L.r. 2.5022e-04
[2018-11-27 08:13:56] Seen 618318 samples
[2018-11-27 08:13:56] Starting epoch 41
[2018-11-27 08:13:56] [data] Shuffling files
[2018-11-27 08:13:58] [data] Done
[2018-11-27 08:23:07] Ep. 41 : Up. 23500 : Sen. 271715 : Cost 67.16 : Time 1023.06s : 15770.36 words/s : L.r. 2.4754e-04
[2018-11-27 08:33:45] Seen 618318 samples
[2018-11-27 08:33:45] Starting epoch 42
[2018-11-27 08:33:45] [data] Shuffling files
[2018-11-27 08:33:47] [data] Done
[2018-11-27 08:40:16] Ep. 42 : Up. 24000 : Sen. 188895 : Cost 66.37 : Time 1029.10s : 15897.95 words/s : L.r. 2.4495e-04
[2018-11-27 08:53:36] Seen 618318 samples
[2018-11-27 08:53:36] Starting epoch 43
[2018-11-27 08:53:36] [data] Shuffling files
[2018-11-27 08:53:38] [data] Done
[2018-11-27 08:57:24] Ep. 43 : Up. 24500 : Sen. 106955 : Cost 64.61 : Time 1027.66s : 15620.01 words/s : L.r. 2.4244e-04
[2018-11-27 09:13:28] Seen 618318 samples
[2018-11-27 09:13:28] Starting epoch 44
[2018-11-27 09:13:28] [data] Shuffling files
[2018-11-27 09:13:30] [data] Done
[2018-11-27 09:14:29] Ep. 44 : Up. 25000 : Sen. 17058 : Cost 65.99 : Time 1025.44s : 15766.25 words/s : L.r. 2.4000e-04
[2018-11-27 09:14:35] [valid] Ep. 44 : Up. 25000 : cross-entropy : 42.81 : new best
[2018-11-27 09:14:41] [valid] Ep. 44 : Up. 25000 : perplexity : 3.98655 : new best
Detokenizer Version $Revision: 4134 $
Language: en
[2018-11-27 09:16:36] [valid] Ep. 44 : Up. 25000 : translation : 30.03 : new best
[2018-11-27 09:16:36] Saving model weights and runtime parameters to model/model.src1tgt0.2gpu.fixed.batch.70.opt32.npz.orig.npz
[2018-11-27 09:16:38] Saving model weights and runtime parameters to model/model.src1tgt0.2gpu.fixed.batch.70.opt32.iter25000.npz
[2018-11-27 09:16:39] Saving model weights and runtime parameters to model/model.src1tgt0.2gpu.fixed.batch.70.opt32.npz
[2018-11-27 09:16:40] Saving Adam parameters to model/model.src1tgt0.2gpu.fixed.batch.70.opt32.npz.optimizer.npz
[2018-11-27 09:33:24] Ep. 44 : Up. 25500 : Sen. 549369 : Cost 64.88 : Time 1134.62s : 14215.53 words/s : L.r. 2.3764e-04
[2018-11-27 09:35:33] Seen 618318 samples
[2018-11-27 09:35:33] Starting epoch 45
[2018-11-27 09:35:33] [data] Shuffling files
[2018-11-27 09:35:35] [data] Done
[2018-11-27 09:50:38] Ep. 45 : Up. 26000 : Sen. 464238 : Cost 64.98 : Time 1033.80s : 15734.82 words/s : L.r. 2.3534e-04
[2018-11-27 09:55:28] Seen 618318 samples
[2018-11-27 09:55:28] Starting epoch 46
[2018-11-27 09:55:28] [data] Shuffling files
[2018-11-27 09:55:30] [data] Done
[2018-11-27 10:08:01] Ep. 46 : Up. 26500 : Sen. 385695 : Cost 64.60 : Time 1043.19s : 15722.73 words/s : L.r. 2.3311e-04
[2018-11-27 10:15:23] Seen 618318 samples
[2018-11-27 10:15:23] Starting epoch 47
[2018-11-27 10:15:23] [data] Shuffling files
[2018-11-27 10:15:25] [data] Done
[2018-11-27 10:25:06] Ep. 47 : Up. 27000 : Sen. 294822 : Cost 64.93 : Time 1025.57s : 15758.03 words/s : L.r. 2.3094e-04
[2018-11-27 10:35:16] Seen 618318 samples
[2018-11-27 10:35:16] Starting epoch 48
[2018-11-27 10:35:16] [data] Shuffling files
[2018-11-27 10:35:18] [data] Done
[2018-11-27 10:42:12] Ep. 48 : Up. 27500 : Sen. 205937 : Cost 63.70 : Time 1025.38s : 15596.63 words/s : L.r. 2.2883e-04
[2018-11-27 10:55:09] Seen 618318 samples
[2018-11-27 10:55:09] Starting epoch 49
[2018-11-27 10:55:09] [data] Shuffling files
[2018-11-27 10:55:11] [data] Done
[2018-11-27 10:59:27] Ep. 49 : Up. 28000 : Sen. 125851 : Cost 64.40 : Time 1035.55s : 15875.71 words/s : L.r. 2.2678e-04
[2018-11-27 11:15:02] Seen 618318 samples
[2018-11-27 11:15:02] Starting epoch 50
[2018-11-27 11:15:02] [data] Shuffling files
[2018-11-27 11:15:04] [data] Done
[2018-11-27 11:16:20] Ep. 50 : Up. 28500 : Sen. 19068 : Cost 64.75 : Time 1013.19s : 15585.67 words/s : L.r. 2.2478e-04
[2018-11-27 11:33:16] Ep. 50 : Up. 29000 : Sen. 563306 : Cost 63.43 : Time 1015.76s : 16260.88 words/s : L.r. 2.2283e-04
[2018-11-27 11:34:53] Seen 618318 samples
[2018-11-27 11:34:53] Starting epoch 51
[2018-11-27 11:34:53] [data] Shuffling files
[2018-11-27 11:34:55] [data] Done
[2018-11-27 11:50:30] Ep. 51 : Up. 29500 : Sen. 474075 : Cost 63.74 : Time 1034.13s : 15691.95 words/s : L.r. 2.2094e-04
[2018-11-27 11:54:47] Seen 618318 samples
[2018-11-27 11:54:47] Starting epoch 52
[2018-11-27 11:54:47] [data] Shuffling files
[2018-11-27 11:54:49] [data] Done
[2018-11-27 12:07:42] Ep. 52 : Up. 30000 : Sen. 386678 : Cost 63.41 : Time 1031.87s : 15752.09 words/s : L.r. 2.1909e-04
[2018-11-27 12:07:48] [valid] Ep. 52 : Up. 30000 : cross-entropy : 43.227 : stalled 1 times
[2018-11-27 12:07:54] [valid] Ep. 52 : Up. 30000 : perplexity : 4.04062 : stalled 1 times
Detokenizer Version $Revision: 4134 $
Language: en
[2018-11-27 12:09:48] [valid] Ep. 52 : Up. 30000 : translation : 30.09 : new best
[2018-11-27 12:09:48] Saving model weights and runtime parameters to model/model.src1tgt0.2gpu.fixed.batch.70.opt32.npz.orig.npz
[2018-11-27 12:09:49] Saving model weights and runtime parameters to model/model.src1tgt0.2gpu.fixed.batch.70.opt32.iter30000.npz
[2018-11-27 12:09:50] Saving model weights and runtime parameters to model/model.src1tgt0.2gpu.fixed.batch.70.opt32.npz
[2018-11-27 12:09:52] Saving Adam parameters to model/model.src1tgt0.2gpu.fixed.batch.70.opt32.npz.optimizer.npz
[2018-11-27 12:16:52] Seen 618318 samples
[2018-11-27 12:16:52] Starting epoch 53
[2018-11-27 12:16:52] [data] Shuffling files
[2018-11-27 12:16:54] [data] Done
[2018-11-27 12:26:53] Ep. 53 : Up. 30500 : Sen. 305437 : Cost 61.31 : Time 1150.36s : 13829.89 words/s : L.r. 2.1729e-04
[2018-11-27 12:36:45] Seen 618318 samples
[2018-11-27 12:36:45] Starting epoch 54
[2018-11-27 12:36:45] [data] Shuffling files
[2018-11-27 12:36:47] [data] Done
[2018-11-27 12:44:09] Ep. 54 : Up. 31000 : Sen. 212969 : Cost 63.57 : Time 1036.02s : 15651.08 words/s : L.r. 2.1553e-04
[2018-11-27 12:56:37] Seen 618318 samples
[2018-11-27 12:56:37] Starting epoch 55
[2018-11-27 12:56:37] [data] Shuffling files
[2018-11-27 12:56:39] [data] Done
[2018-11-27 13:01:15] Ep. 55 : Up. 31500 : Sen. 143790 : Cost 61.05 : Time 1026.92s : 15853.48 words/s : L.r. 2.1381e-04
[2018-11-27 13:16:28] Seen 618318 samples
[2018-11-27 13:16:28] Starting epoch 56
[2018-11-27 13:16:28] [data] Shuffling files
[2018-11-27 13:16:30] [data] Done
[2018-11-27 13:18:31] Ep. 56 : Up. 32000 : Sen. 51830 : Cost 63.52 : Time 1035.07s : 15726.09 words/s : L.r. 2.1213e-04
[2018-11-27 13:35:11] Ep. 56 : Up. 32500 : Sen. 582805 : Cost 62.27 : Time 1000.56s : 16144.53 words/s : L.r. 2.1049e-04
[2018-11-27 13:36:21] Seen 618318 samples
[2018-11-27 13:36:21] Starting epoch 57
[2018-11-27 13:36:21] [data] Shuffling files
[2018-11-27 13:36:23] [data] Done
[2018-11-27 13:52:16] Ep. 57 : Up. 33000 : Sen. 496474 : Cost 61.47 : Time 1024.94s : 15683.53 words/s : L.r. 2.0889e-04
[2018-11-27 13:56:10] Seen 618318 samples
[2018-11-27 13:56:10] Starting epoch 58
[2018-11-27 13:56:10] [data] Shuffling files
[2018-11-27 13:56:12] [data] Done
[2018-11-27 14:09:17] Ep. 58 : Up. 33500 : Sen. 389586 : Cost 63.98 : Time 1021.40s : 15754.67 words/s : L.r. 2.0733e-04
[2018-11-27 14:15:59] Seen 618318 samples
[2018-11-27 14:15:59] Starting epoch 59
[2018-11-27 14:15:59] [data] Shuffling files
[2018-11-27 14:16:01] [data] Done
[2018-11-27 14:26:28] Ep. 59 : Up. 34000 : Sen. 309966 : Cost 61.30 : Time 1030.31s : 15769.38 words/s : L.r. 2.0580e-04
[2018-11-27 14:35:54] Seen 618318 samples
[2018-11-27 14:35:54] Starting epoch 60
[2018-11-27 14:35:54] [data] Shuffling files
[2018-11-27 14:35:57] [data] Done
[2018-11-27 14:43:48] Ep. 60 : Up. 34500 : Sen. 240375 : Cost 59.96 : Time 1040.01s : 15633.77 words/s : L.r. 2.0430e-04
[2018-11-27 14:55:48] Seen 618318 samples
[2018-11-27 14:55:48] Starting epoch 61
[2018-11-27 14:55:48] [data] Shuffling files
[2018-11-27 14:55:50] [data] Done
[2018-11-27 15:00:53] Ep. 61 : Up. 35000 : Sen. 145703 : Cost 62.74 : Time 1025.49s : 15851.49 words/s : L.r. 2.0284e-04
[2018-11-27 15:00:59] [valid] Ep. 61 : Up. 35000 : cross-entropy : 43.9894 : stalled 2 times
[2018-11-27 15:01:05] [valid] Ep. 61 : Up. 35000 : perplexity : 4.14137 : stalled 2 times
Detokenizer Version $Revision: 4134 $
Language: en
[2018-11-27 15:02:59] [valid] Ep. 61 : Up. 35000 : translation : 29.89 : stalled 1 times
[2018-11-27 15:02:59] Saving model weights and runtime parameters to model/model.src1tgt0.2gpu.fixed.batch.70.opt32.npz.orig.npz
[2018-11-27 15:03:00] Saving model weights and runtime parameters to model/model.src1tgt0.2gpu.fixed.batch.70.opt32.iter35000.npz
[2018-11-27 15:03:01] Saving model weights and runtime parameters to model/model.src1tgt0.2gpu.fixed.batch.70.opt32.npz
[2018-11-27 15:03:03] Saving Adam parameters to model/model.src1tgt0.2gpu.fixed.batch.70.opt32.npz.optimizer.npz
[2018-11-27 15:17:51] Seen 618318 samples
[2018-11-27 15:17:51] Starting epoch 62
[2018-11-27 15:17:51] [data] Shuffling files
[2018-11-27 15:17:54] [data] Done
[2018-11-27 15:20:17] Ep. 62 : Up. 35500 : Sen. 68790 : Cost 59.90 : Time 1164.22s : 13809.84 words/s : L.r. 2.0140e-04
[2018-11-27 15:37:04] Ep. 62 : Up. 36000 : Sen. 596415 : Cost 62.25 : Time 1006.92s : 16191.19 words/s : L.r. 2.0000e-04
[2018-11-27 15:37:50] Seen 618318 samples
[2018-11-27 15:37:50] Starting epoch 63
[2018-11-27 15:37:50] [data] Shuffling files
[2018-11-27 15:37:52] [data] Done
[2018-11-27 15:54:14] Ep. 63 : Up. 36500 : Sen. 513481 : Cost 60.23 : Time 1029.66s : 15646.49 words/s : L.r. 1.9863e-04
[2018-11-27 15:57:44] Seen 618318 samples
[2018-11-27 15:57:44] Starting epoch 64
[2018-11-27 15:57:44] [data] Shuffling files
[2018-11-27 15:57:47] [data] Done
[2018-11-27 16:11:34] Ep. 64 : Up. 37000 : Sen. 429669 : Cost 61.37 : Time 1039.92s : 15773.16 words/s : L.r. 1.9728e-04
[2018-11-27 16:17:36] Seen 618318 samples
[2018-11-27 16:17:36] Starting epoch 65
[2018-11-27 16:17:36] [data] Shuffling files
[2018-11-27 16:17:39] [data] Done
[2018-11-27 16:28:45] Ep. 65 : Up. 37500 : Sen. 333032 : Cost 62.32 : Time 1030.68s : 15791.72 words/s : L.r. 1.9596e-04
[2018-11-27 16:37:32] Seen 618318 samples
[2018-11-27 16:37:32] Starting epoch 66
[2018-11-27 16:37:32] [data] Shuffling files
[2018-11-27 16:37:34] [data] Done
[2018-11-27 16:45:56] Ep. 66 : Up. 38000 : Sen. 242316 : Cost 61.14 : Time 1030.90s : 15711.10 words/s : L.r. 1.9467e-04
[2018-11-27 16:57:30] Seen 618318 samples
[2018-11-27 16:57:30] Starting epoch 67
[2018-11-27 16:57:30] [data] Shuffling files
[2018-11-27 16:57:40] [data] Done
[2018-11-27 17:03:24] Ep. 67 : Up. 38500 : Sen. 170842 : Cost 59.03 : Time 1048.76s : 15469.80 words/s : L.r. 1.9340e-04
[2018-11-27 17:17:35] Seen 618318 samples
[2018-11-27 17:17:35] Starting epoch 68
[2018-11-27 17:17:35] [data] Shuffling files
[2018-11-27 17:17:37] [data] Done
[2018-11-27 17:20:33] Ep. 68 : Up. 39000 : Sen. 75835 : Cost 61.08 : Time 1028.27s : 15641.28 words/s : L.r. 1.9215e-04
[2018-11-27 17:37:21] Ep. 68 : Up. 39500 : Sen. 613132 : Cost 59.43 : Time 1008.06s : 15985.00 words/s : L.r. 1.9093e-04
[2018-11-27 17:37:36] Seen 618318 samples
[2018-11-27 17:37:36] Starting epoch 69
[2018-11-27 17:37:36] [data] Shuffling files
[2018-11-27 17:37:38] [data] Done
[2018-11-27 17:54:23] Ep. 69 : Up. 40000 : Sen. 513193 : Cost 61.46 : Time 1022.45s : 15784.34 words/s : L.r. 1.8974e-04
[2018-11-27 17:54:29] [valid] Ep. 69 : Up. 40000 : cross-entropy : 44.8485 : stalled 3 times
[2018-11-27 17:54:35] [valid] Ep. 69 : Up. 40000 : perplexity : 4.25791 : stalled 3 times
Detokenizer Version $Revision: 4134 $
Language: en
[2018-11-27 17:56:30] [valid] Ep. 69 : Up. 40000 : translation : 29.79 : stalled 2 times
[2018-11-27 17:56:30] Saving model weights and runtime parameters to model/model.src1tgt0.2gpu.fixed.batch.70.opt32.npz.orig.npz
[2018-11-27 17:56:32] Saving model weights and runtime parameters to model/model.src1tgt0.2gpu.fixed.batch.70.opt32.iter40000.npz
[2018-11-27 17:56:32] Saving model weights and runtime parameters to model/model.src1tgt0.2gpu.fixed.batch.70.opt32.npz
[2018-11-27 17:56:34] Saving Adam parameters to model/model.src1tgt0.2gpu.fixed.batch.70.opt32.npz.optimizer.npz
[2018-11-27 17:59:40] Seen 618318 samples
[2018-11-27 17:59:40] Starting epoch 70
[2018-11-27 17:59:40] [data] Shuffling files
[2018-11-27 17:59:42] [data] Done
[2018-11-27 18:14:00] Ep. 70 : Up. 40500 : Sen. 442114 : Cost 59.57 : Time 1177.07s : 14044.24 words/s : L.r. 1.8856e-04
[2018-11-27 18:19:29] Seen 618318 samples
[2018-11-27 18:19:29] Starting epoch 71
[2018-11-27 18:19:29] [data] Shuffling files
[2018-11-27 18:19:31] [data] Done
[2018-11-27 18:31:01] Ep. 71 : Up. 41000 : Sen. 353040 : Cost 59.89 : Time 1020.81s : 15802.01 words/s : L.r. 1.8741e-04
[2018-11-27 18:39:13] Seen 618318 samples
[2018-11-27 18:39:13] Starting epoch 72
[2018-11-27 18:39:13] [data] Shuffling files
[2018-11-27 18:39:15] [data] Done
[2018-11-27 18:48:06] Ep. 72 : Up. 41500 : Sen. 257412 : Cost 61.17 : Time 1024.98s : 15852.52 words/s : L.r. 1.8628e-04
[2018-11-27 18:59:02] Seen 618318 samples
[2018-11-27 18:59:02] Starting epoch 73
[2018-11-27 18:59:02] [data] Shuffling files
[2018-11-27 18:59:04] [data] Done
[2018-11-27 19:05:07] Ep. 73 : Up. 42000 : Sen. 177701 : Cost 57.71 : Time 1021.25s : 15548.96 words/s : L.r. 1.8516e-04
[2018-11-27 19:18:50] Seen 618318 samples
[2018-11-27 19:18:50] Starting epoch 74
[2018-11-27 19:18:50] [data] Shuffling files
[2018-11-27 19:18:52] [data] Done
[2018-11-27 19:22:17] Ep. 74 : Up. 42500 : Sen. 98382 : Cost 59.57 : Time 1030.08s : 15893.83 words/s : L.r. 1.8407e-04
[2018-11-27 19:38:39] Seen 618318 samples
[2018-11-27 19:38:39] Starting epoch 75
[2018-11-27 19:38:39] [data] Shuffling files
[2018-11-27 19:38:41] [data] Done
[2018-11-27 19:39:19] Ep. 75 : Up. 43000 : Sen. 4404 : Cost 60.17 : Time 1022.09s : 15745.60 words/s : L.r. 1.8300e-04
[2018-11-27 19:55:55] Ep. 75 : Up. 43500 : Sen. 545841 : Cost 57.74 : Time 995.21s : 16121.26 words/s : L.r. 1.8194e-04
[2018-11-27 19:58:28] Seen 618318 samples
[2018-11-27 19:58:28] Starting epoch 76
[2018-11-27 19:58:28] [data] Shuffling files
[2018-11-27 19:58:30] [data] Done
[2018-11-27 20:13:03] Ep. 76 : Up. 44000 : Sen. 449441 : Cost 60.76 : Time 1028.01s : 15841.32 words/s : L.r. 1.8091e-04
[2018-11-27 20:18:18] Seen 618318 samples
[2018-11-27 20:18:18] Starting epoch 77
[2018-11-27 20:18:18] [data] Shuffling files
[2018-11-27 20:18:20] [data] Done
[2018-11-27 20:30:16] Ep. 77 : Up. 44500 : Sen. 367961 : Cost 59.20 : Time 1033.20s : 15826.17 words/s : L.r. 1.7989e-04
[2018-11-27 20:38:10] Seen 618318 samples
[2018-11-27 20:38:10] Starting epoch 78
[2018-11-27 20:38:10] [data] Shuffling files
[2018-11-27 20:38:12] [data] Done
[2018-11-27 20:47:36] Ep. 78 : Up. 45000 : Sen. 285184 : Cost 59.49 : Time 1040.36s : 15753.32 words/s : L.r. 1.7889e-04
[2018-11-27 20:47:42] [valid] Ep. 78 : Up. 45000 : cross-entropy : 45.6828 : stalled 4 times
[2018-11-27 20:47:48] [valid] Ep. 78 : Up. 45000 : perplexity : 4.37423 : stalled 4 times
Detokenizer Version $Revision: 4134 $
Language: en
[2018-11-27 20:49:43] [valid] Ep. 78 : Up. 45000 : translation : 29.66 : stalled 3 times
[2018-11-27 20:49:43] Saving model weights and runtime parameters to model/model.src1tgt0.2gpu.fixed.batch.70.opt32.npz.orig.npz
[2018-11-27 20:49:45] Saving model weights and runtime parameters to model/model.src1tgt0.2gpu.fixed.batch.70.opt32.iter45000.npz
[2018-11-27 20:49:46] Saving model weights and runtime parameters to model/model.src1tgt0.2gpu.fixed.batch.70.opt32.npz
[2018-11-27 20:49:47] Saving Adam parameters to model/model.src1tgt0.2gpu.fixed.batch.70.opt32.npz.optimizer.npz
[2018-11-27 21:00:16] Seen 618318 samples
[2018-11-27 21:00:16] Starting epoch 79
[2018-11-27 21:00:16] [data] Shuffling files
[2018-11-27 21:00:18] [data] Done
[2018-11-27 21:06:47] Ep. 79 : Up. 45500 : Sen. 187853 : Cost 58.74 : Time 1150.54s : 13752.76 words/s : L.r. 1.7790e-04
[2018-11-27 21:20:05] Seen 618318 samples
[2018-11-27 21:20:05] Starting epoch 80
[2018-11-27 21:20:05] [data] Shuffling files
[2018-11-27 21:20:07] [data] Done
[2018-11-27 21:23:58] Ep. 80 : Up. 46000 : Sen. 110393 : Cost 58.20 : Time 1031.19s : 15760.26 words/s : L.r. 1.7693e-04
[2018-11-27 21:39:55] Seen 618318 samples
[2018-11-27 21:39:55] Starting epoch 81
[2018-11-27 21:39:55] [data] Shuffling files
[2018-11-27 21:39:57] [data] Done
[2018-11-27 21:41:01] Ep. 81 : Up. 46500 : Sen. 20121 : Cost 59.20 : Time 1022.57s : 15787.36 words/s : L.r. 1.7598e-04
[2018-11-27 21:57:46] Ep. 81 : Up. 47000 : Sen. 558152 : Cost 58.53 : Time 1005.56s : 16224.32 words/s : L.r. 1.7504e-04
[2018-11-27 21:59:45] Seen 618318 samples
[2018-11-27 21:59:45] Starting epoch 82
[2018-11-27 21:59:45] [data] Shuffling files
[2018-11-27 21:59:47] [data] Done
[2018-11-27 22:14:38] Ep. 82 : Up. 47500 : Sen. 452714 : Cost 59.83 : Time 1012.10s : 15777.38 words/s : L.r. 1.7411e-04
[2018-11-27 22:19:31] Seen 618318 samples
[2018-11-27 22:19:31] Starting epoch 83
[2018-11-27 22:19:31] [data] Shuffling files
[2018-11-27 22:19:33] [data] Done
[2018-11-27 22:31:46] Ep. 83 : Up. 48000 : Sen. 364715 : Cost 59.14 : Time 1027.51s : 15867.73 words/s : L.r. 1.7321e-04
[2018-11-27 22:39:17] Seen 618318 samples
[2018-11-27 22:39:17] Starting epoch 84
[2018-11-27 22:39:17] [data] Shuffling files
[2018-11-27 22:39:19] [data] Done
[2018-11-27 22:49:11] Ep. 84 : Up. 48500 : Sen. 317113 : Cost 55.54 : Time 1044.93s : 15797.31 words/s : L.r. 1.7231e-04
[2018-11-27 22:59:05] Seen 618318 samples
[2018-11-27 22:59:05] Starting epoch 85
[2018-11-27 22:59:05] [data] Shuffling files
[2018-11-27 22:59:07] [data] Done
[2018-11-27 23:06:09] Ep. 85 : Up. 49000 : Sen. 215308 : Cost 58.97 : Time 1018.34s : 15607.24 words/s : L.r. 1.7143e-04
[2018-11-27 23:18:56] Seen 618318 samples
[2018-11-27 23:18:56] Starting epoch 86
[2018-11-27 23:18:56] [data] Shuffling files
[2018-11-27 23:18:58] [data] Done
[2018-11-27 23:23:11] Ep. 86 : Up. 49500 : Sen. 120896 : Cost 59.53 : Time 1022.15s : 15886.14 words/s : L.r. 1.7056e-04
[2018-11-27 23:38:44] Seen 618318 samples
[2018-11-27 23:38:44] Starting epoch 87
[2018-11-27 23:38:44] [data] Shuffling files
[2018-11-27 23:38:46] [data] Done
[2018-11-27 23:40:20] Ep. 87 : Up. 50000 : Sen. 42537 : Cost 57.46 : Time 1028.91s : 15741.00 words/s : L.r. 1.6971e-04
[2018-11-27 23:40:26] [valid] Ep. 87 : Up. 50000 : cross-entropy : 46.472 : stalled 5 times
[2018-11-27 23:40:32] [valid] Ep. 87 : Up. 50000 : perplexity : 4.48718 : stalled 5 times
Detokenizer Version $Revision: 4134 $
Language: en
[2018-11-27 23:42:27] [valid] Ep. 87 : Up. 50000 : translation : 29.61 : stalled 4 times
[2018-11-27 23:42:27] Saving model weights and runtime parameters to model/model.src1tgt0.2gpu.fixed.batch.70.opt32.npz.orig.npz
[2018-11-27 23:42:28] Saving model weights and runtime parameters to model/model.src1tgt0.2gpu.fixed.batch.70.opt32.iter50000.npz
[2018-11-27 23:42:29] Saving model weights and runtime parameters to model/model.src1tgt0.2gpu.fixed.batch.70.opt32.npz
[2018-11-27 23:42:30] Saving Adam parameters to model/model.src1tgt0.2gpu.fixed.batch.70.opt32.npz.optimizer.npz
[2018-11-27 23:59:06] Ep. 87 : Up. 50500 : Sen. 569552 : Cost 58.15 : Time 1125.66s : 14273.60 words/s : L.r. 1.6886e-04
[2018-11-28 00:00:44] Seen 618318 samples
[2018-11-28 00:00:44] Starting epoch 88
[2018-11-28 00:00:44] [data] Shuffling files
[2018-11-28 00:00:46] [data] Done
[2018-11-28 00:16:19] Ep. 88 : Up. 51000 : Sen. 472423 : Cost 60.03 : Time 1032.88s : 15871.92 words/s : L.r. 1.6803e-04
[2018-11-28 00:20:34] Seen 618318 samples
[2018-11-28 00:20:34] Starting epoch 89
[2018-11-28 00:20:34] [data] Shuffling files
[2018-11-28 00:20:36] [data] Done
[2018-11-28 00:33:41] Ep. 89 : Up. 51500 : Sen. 395144 : Cost 58.68 : Time 1042.42s : 15979.76 words/s : L.r. 1.6722e-04
[2018-11-28 00:40:25] Seen 618318 samples
[2018-11-28 00:40:25] Starting epoch 90
[2018-11-28 00:40:25] [data] Shuffling files
[2018-11-28 00:40:27] [data] Done
[2018-11-28 00:50:20] Ep. 90 : Up. 52000 : Sen. 301395 : Cost 55.52 : Time 998.55s : 15387.41 words/s : L.r. 1.6641e-04
[2018-11-28 01:00:13] Seen 618318 samples
[2018-11-28 01:00:13] Starting epoch 91
[2018-11-28 01:00:13] [data] Shuffling files
[2018-11-28 01:00:15] [data] Done
[2018-11-28 01:07:22] Ep. 91 : Up. 52500 : Sen. 218627 : Cost 57.37 : Time 1022.92s : 15791.24 words/s : L.r. 1.6562e-04
[2018-11-28 01:20:00] Seen 618318 samples
[2018-11-28 01:20:00] Starting epoch 92
[2018-11-28 01:20:00] [data] Shuffling files
[2018-11-28 01:20:02] [data] Done
[2018-11-28 01:24:46] Ep. 92 : Up. 53000 : Sen. 139708 : Cost 58.63 : Time 1043.76s : 15937.87 words/s : L.r. 1.6483e-04
[2018-11-28 01:39:45] Seen 618318 samples
[2018-11-28 01:39:45] Starting epoch 93
[2018-11-28 01:39:45] [data] Shuffling files
[2018-11-28 01:39:47] [data] Done
[2018-11-28 01:41:50] Ep. 93 : Up. 53500 : Sen. 50005 : Cost 58.10 : Time 1023.64s : 15807.72 words/s : L.r. 1.6406e-04
[2018-11-28 01:58:29] Ep. 93 : Up. 54000 : Sen. 586901 : Cost 57.37 : Time 999.36s : 16279.13 words/s : L.r. 1.6330e-04
[2018-11-28 01:59:32] Seen 618318 samples
[2018-11-28 01:59:32] Starting epoch 94
[2018-11-28 01:59:32] [data] Shuffling files
[2018-11-28 01:59:34] [data] Done
[2018-11-28 02:15:32] Ep. 94 : Up. 54500 : Sen. 499647 : Cost 57.29 : Time 1023.27s : 15743.24 words/s : L.r. 1.6255e-04
[2018-11-28 02:19:21] Seen 618318 samples
[2018-11-28 02:19:21] Starting epoch 95
[2018-11-28 02:19:21] [data] Shuffling files
[2018-11-28 02:19:23] [data] Done
[2018-11-28 02:32:48] Ep. 95 : Up. 55000 : Sen. 418057 : Cost 57.48 : Time 1035.97s : 15768.89 words/s : L.r. 1.6181e-04
[2018-11-28 02:32:54] [valid] Ep. 95 : Up. 55000 : cross-entropy : 47.2312 : stalled 6 times
[2018-11-28 02:33:00] [valid] Ep. 95 : Up. 55000 : perplexity : 4.59859 : stalled 6 times
Detokenizer Version $Revision: 4134 $
Language: en
[2018-11-28 02:34:54] [valid] Ep. 95 : Up. 55000 : translation : 29.54 : stalled 5 times
[2018-11-28 02:34:54] Saving model weights and runtime parameters to model/model.src1tgt0.2gpu.fixed.batch.70.opt32.npz.orig.npz
[2018-11-28 02:34:55] Saving model weights and runtime parameters to model/model.src1tgt0.2gpu.fixed.batch.70.opt32.iter55000.npz
[2018-11-28 02:34:56] Saving model weights and runtime parameters to model/model.src1tgt0.2gpu.fixed.batch.70.opt32.npz
[2018-11-28 02:34:57] Saving Adam parameters to model/model.src1tgt0.2gpu.fixed.batch.70.opt32.npz.optimizer.npz
[2018-11-28 02:41:22] Seen 618318 samples
[2018-11-28 02:41:22] Starting epoch 96
[2018-11-28 02:41:22] [data] Shuffling files
[2018-11-28 02:41:24] [data] Done
[2018-11-28 02:51:54] Ep. 96 : Up. 55500 : Sen. 312841 : Cost 58.76 : Time 1145.98s : 13971.59 words/s : L.r. 1.6108e-04
[2018-11-28 03:01:09] Seen 618318 samples
[2018-11-28 03:01:09] Starting epoch 97
[2018-11-28 03:01:09] [data] Shuffling files
[2018-11-28 03:01:11] [data] Done
[2018-11-28 03:09:00] Ep. 97 : Up. 56000 : Sen. 233130 : Cost 56.49 : Time 1025.75s : 15731.68 words/s : L.r. 1.6036e-04
[2018-11-28 03:20:57] Seen 618318 samples
[2018-11-28 03:20:57] Starting epoch 98
[2018-11-28 03:20:57] [data] Shuffling files
[2018-11-28 03:20:59] [data] Done
[2018-11-28 03:26:05] Ep. 98 : Up. 56500 : Sen. 146185 : Cost 56.73 : Time 1024.40s : 15660.30 words/s : L.r. 1.5965e-04
[2018-11-28 03:40:47] Seen 618318 samples
[2018-11-28 03:40:47] Starting epoch 99
[2018-11-28 03:40:47] [data] Shuffling files
[2018-11-28 03:40:49] [data] Done
[2018-11-28 03:43:18] Ep. 99 : Up. 57000 : Sen. 68447 : Cost 57.27 : Time 1033.13s : 15899.81 words/s : L.r. 1.5894e-04
[2018-11-28 03:59:59] Ep. 99 : Up. 57500 : Sen. 601658 : Cost 57.21 : Time 1001.10s : 16197.66 words/s : L.r. 1.5825e-04
[2018-11-28 04:00:36] Seen 618318 samples
[2018-11-28 04:00:36] Starting epoch 100
[2018-11-28 04:00:36] [data] Shuffling files
[2018-11-28 04:00:38] [data] Done
[2018-11-28 04:17:01] Ep. 100 : Up. 58000 : Sen. 508032 : Cost 57.54 : Time 1022.15s : 15778.55 words/s : L.r. 1.5757e-04
[2018-11-28 04:20:24] Seen 618318 samples
[2018-11-28 04:20:24] Starting epoch 101
[2018-11-28 04:20:24] [data] Shuffling files
[2018-11-28 04:20:26] [data] Done
[2018-11-28 04:34:20] Ep. 101 : Up. 58500 : Sen. 424695 : Cost 58.11 : Time 1038.93s : 15964.49 words/s : L.r. 1.5689e-04
[2018-11-28 04:40:12] Seen 618318 samples
[2018-11-28 04:40:12] Starting epoch 102
[2018-11-28 04:40:12] [data] Shuffling files
[2018-11-28 04:40:14] [data] Done
[2018-11-28 04:51:25] Ep. 102 : Up. 59000 : Sen. 352237 : Cost 55.72 : Time 1025.25s : 15812.61 words/s : L.r. 1.5623e-04
[2018-11-28 04:59:57] Seen 618318 samples
[2018-11-28 04:59:57] Starting epoch 103
[2018-11-28 04:59:57] [data] Shuffling files
[2018-11-28 05:00:00] [data] Done
[2018-11-28 05:08:26] Ep. 103 : Up. 59500 : Sen. 243814 : Cost 59.02 : Time 1020.96s : 15774.23 words/s : L.r. 1.5557e-04
[2018-11-28 05:19:44] Seen 618318 samples
[2018-11-28 05:19:44] Starting epoch 104
[2018-11-28 05:19:44] [data] Shuffling files
[2018-11-28 05:19:46] [data] Done
[2018-11-28 05:25:28] Ep. 104 : Up. 60000 : Sen. 174262 : Cost 54.57 : Time 1022.08s : 15705.84 words/s : L.r. 1.5492e-04
[2018-11-28 05:25:34] [valid] Ep. 104 : Up. 60000 : cross-entropy : 47.9429 : stalled 7 times
[2018-11-28 05:25:40] [valid] Ep. 104 : Up. 60000 : perplexity : 4.70553 : stalled 7 times
Detokenizer Version $Revision: 4134 $
Language: en
[2018-11-28 05:27:34] [valid] Ep. 104 : Up. 60000 : translation : 29.43 : stalled 6 times
[2018-11-28 05:27:34] Saving model weights and runtime parameters to model/model.src1tgt0.2gpu.fixed.batch.70.opt32.npz.orig.npz
[2018-11-28 05:27:36] Saving model weights and runtime parameters to model/model.src1tgt0.2gpu.fixed.batch.70.opt32.iter60000.npz
[2018-11-28 05:27:37] Saving model weights and runtime parameters to model/model.src1tgt0.2gpu.fixed.batch.70.opt32.npz
[2018-11-28 05:27:38] Saving Adam parameters to model/model.src1tgt0.2gpu.fixed.batch.70.opt32.npz.optimizer.npz
[2018-11-28 05:41:47] Seen 618318 samples
[2018-11-28 05:41:47] Starting epoch 105
[2018-11-28 05:41:47] [data] Shuffling files
[2018-11-28 05:41:49] [data] Done
[2018-11-28 05:44:45] Ep. 105 : Up. 60500 : Sen. 77753 : Cost 57.71 : Time 1157.29s : 13919.61 words/s : L.r. 1.5428e-04
[2018-11-28 06:01:23] Ep. 105 : Up. 61000 : Sen. 612462 : Cost 56.56 : Time 997.16s : 16251.13 words/s : L.r. 1.5364e-04
[2018-11-28 06:01:34] Seen 618318 samples
[2018-11-28 06:01:34] Starting epoch 106
[2018-11-28 06:01:34] [data] Shuffling files
[2018-11-28 06:01:36] [data] Done
[2018-11-28 06:18:28] Ep. 106 : Up. 61500 : Sen. 521262 : Cost 56.92 : Time 1025.04s : 15736.72 words/s : L.r. 1.5302e-04
[2018-11-28 06:21:21] Seen 618318 samples
[2018-11-28 06:21:21] Starting epoch 107
[2018-11-28 06:21:21] [data] Shuffling files
[2018-11-28 06:21:23] [data] Done
[2018-11-28 06:35:36] Ep. 107 : Up. 62000 : Sen. 428187 : Cost 57.75 : Time 1028.82s : 15865.77 words/s : L.r. 1.5240e-04
[2018-11-28 06:41:09] Seen 618318 samples
[2018-11-28 06:41:09] Starting epoch 108
[2018-11-28 06:41:09] [data] Shuffling files
[2018-11-28 06:41:11] [data] Done
[2018-11-28 06:52:32] Ep. 108 : Up. 62500 : Sen. 350096 : Cost 54.76 : Time 1015.86s : 15671.89 words/s : L.r. 1.5179e-04
[2018-11-28 07:00:56] Seen 618318 samples
[2018-11-28 07:00:56] Starting epoch 109
[2018-11-28 07:00:56] [data] Shuffling files
[2018-11-28 07:00:58] [data] Done
[2018-11-28 07:09:40] Ep. 109 : Up. 63000 : Sen. 261432 : Cost 56.66 : Time 1027.47s : 15775.15 words/s : L.r. 1.5119e-04
[2018-11-28 07:20:42] Seen 618318 samples
[2018-11-28 07:20:42] Starting epoch 110
[2018-11-28 07:20:42] [data] Shuffling files
[2018-11-28 07:20:44] [data] Done
[2018-11-28 07:26:52] Ep. 110 : Up. 63500 : Sen. 178176 : Cost 57.10 : Time 1032.42s : 15908.40 words/s : L.r. 1.5059e-04
[2018-11-28 07:40:30] Seen 618318 samples
[2018-11-28 07:40:30] Starting epoch 111
[2018-11-28 07:40:30] [data] Shuffling files
[2018-11-28 07:40:32] [data] Done
[2018-11-28 07:44:10] Ep. 111 : Up. 64000 : Sen. 100720 : Cost 56.78 : Time 1037.90s : 15914.87 words/s : L.r. 1.5000e-04
[2018-11-28 08:00:16] Seen 618318 samples
[2018-11-28 08:00:16] Starting epoch 112
[2018-11-28 08:00:16] [data] Shuffling files
[2018-11-28 08:00:18] [data] Done
[2018-11-28 08:01:05] Ep. 112 : Up. 64500 : Sen. 12287 : Cost 55.83 : Time 1014.66s : 15733.57 words/s : L.r. 1.4942e-04
[2018-11-28 08:17:32] Ep. 112 : Up. 65000 : Sen. 538535 : Cost 56.16 : Time 987.03s : 16198.40 words/s : L.r. 1.4884e-04
[2018-11-28 08:17:38] [valid] Ep. 112 : Up. 65000 : cross-entropy : 48.5924 : stalled 8 times
[2018-11-28 08:17:43] [valid] Ep. 112 : Up. 65000 : perplexity : 4.8053 : stalled 8 times
Detokenizer Version $Revision: 4134 $
Language: en
[2018-11-28 08:19:39] [valid] Ep. 112 : Up. 65000 : translation : 29.37 : stalled 7 times
[2018-11-28 08:19:39] Saving model weights and runtime parameters to model/model.src1tgt0.2gpu.fixed.batch.70.opt32.npz.orig.npz
[2018-11-28 08:19:40] Saving model weights and runtime parameters to model/model.src1tgt0.2gpu.fixed.batch.70.opt32.iter65000.npz
[2018-11-28 08:19:41] Saving model weights and runtime parameters to model/model.src1tgt0.2gpu.fixed.batch.70.opt32.npz
[2018-11-28 08:19:42] Saving Adam parameters to model/model.src1tgt0.2gpu.fixed.batch.70.opt32.npz.optimizer.npz
[2018-11-28 08:22:14] Seen 618318 samples
[2018-11-28 08:22:14] Starting epoch 113
[2018-11-28 08:22:14] [data] Shuffling files
[2018-11-28 08:22:16] [data] Done
[2018-11-28 08:36:57] Ep. 113 : Up. 65500 : Sen. 451532 : Cost 56.47 : Time 1165.04s : 13968.41 words/s : L.r. 1.4827e-04
[2018-11-28 08:42:05] Seen 618318 samples
[2018-11-28 08:42:05] Starting epoch 114
[2018-11-28 08:42:05] [data] Shuffling files
[2018-11-28 08:42:07] [data] Done
[2018-11-28 08:53:57] Ep. 114 : Up. 66000 : Sen. 355044 : Cost 56.48 : Time 1020.56s : 15654.09 words/s : L.r. 1.4771e-04
[2018-11-28 09:01:55] Seen 618318 samples
[2018-11-28 09:01:55] Starting epoch 115
[2018-11-28 09:01:55] [data] Shuffling files
[2018-11-28 09:01:57] [data] Done
[2018-11-28 09:11:17] Ep. 115 : Up. 66500 : Sen. 290532 : Cost 54.77 : Time 1039.89s : 15792.50 words/s : L.r. 1.4715e-04
[2018-11-28 09:21:45] Seen 618318 samples
[2018-11-28 09:21:45] Starting epoch 116
[2018-11-28 09:21:45] [data] Shuffling files
[2018-11-28 09:21:47] [data] Done
[2018-11-28 09:28:19] Ep. 116 : Up. 67000 : Sen. 190588 : Cost 57.66 : Time 1022.04s : 15840.10 words/s : L.r. 1.4660e-04
[2018-11-28 09:41:35] Seen 618318 samples
[2018-11-28 09:41:35] Starting epoch 117
[2018-11-28 09:41:35] [data] Shuffling files
[2018-11-28 09:41:37] [data] Done
[2018-11-28 09:45:30] Ep. 117 : Up. 67500 : Sen. 110953 : Cost 55.56 : Time 1030.88s : 15755.35 words/s : L.r. 1.4606e-04
[2018-11-28 10:01:29] Seen 618318 samples
[2018-11-28 10:01:29] Starting epoch 118
[2018-11-28 10:01:29] [data] Shuffling files
[2018-11-28 10:01:31] [data] Done
[2018-11-28 10:02:42] Ep. 118 : Up. 68000 : Sen. 25904 : Cost 55.98 : Time 1031.55s : 15696.62 words/s : L.r. 1.4552e-04
[2018-11-28 10:19:28] Ep. 118 : Up. 68500 : Sen. 564299 : Cost 55.48 : Time 1006.48s : 16158.55 words/s : L.r. 1.4499e-04
[2018-11-28 10:21:20] Seen 618318 samples
[2018-11-28 10:21:20] Starting epoch 119
[2018-11-28 10:21:20] [data] Shuffling files
[2018-11-28 10:21:22] [data] Done
[2018-11-28 10:36:27] Ep. 119 : Up. 69000 : Sen. 456698 : Cost 58.27 : Time 1018.65s : 15893.18 words/s : L.r. 1.4446e-04
[2018-11-28 10:41:09] Seen 618318 samples
[2018-11-28 10:41:09] Starting epoch 120
[2018-11-28 10:41:09] [data] Shuffling files
[2018-11-28 10:41:12] [data] Done
[2018-11-28 10:53:31] Ep. 120 : Up. 69500 : Sen. 369881 : Cost 55.50 : Time 1023.61s : 15711.17 words/s : L.r. 1.4394e-04
[2018-11-28 11:00:59] Seen 618318 samples
[2018-11-28 11:00:59] Starting epoch 121
[2018-11-28 11:00:59] [data] Shuffling files
[2018-11-28 11:01:01] [data] Done
[2018-11-28 11:10:42] Ep. 121 : Up. 70000 : Sen. 299764 : Cost 53.74 : Time 1031.74s : 15587.83 words/s : L.r. 1.4343e-04
[2018-11-28 11:10:48] [valid] Ep. 121 : Up. 70000 : cross-entropy : 49.1801 : stalled 9 times
[2018-11-28 11:10:54] [valid] Ep. 121 : Up. 70000 : perplexity : 4.89742 : stalled 9 times
Detokenizer Version $Revision: 4134 $
Language: en
[2018-11-28 11:12:49] [valid] Ep. 121 : Up. 70000 : translation : 29.28 : stalled 8 times
[2018-11-28 11:12:49] Saving model weights and runtime parameters to model/model.src1tgt0.2gpu.fixed.batch.70.opt32.npz.orig.npz
[2018-11-28 11:12:50] Saving model weights and runtime parameters to model/model.src1tgt0.2gpu.fixed.batch.70.opt32.iter70000.npz
[2018-11-28 11:12:51] Saving model weights and runtime parameters to model/model.src1tgt0.2gpu.fixed.batch.70.opt32.npz
[2018-11-28 11:12:53] Saving Adam parameters to model/model.src1tgt0.2gpu.fixed.batch.70.opt32.npz.optimizer.npz
[2018-11-28 11:23:04] Seen 618318 samples
[2018-11-28 11:23:04] Starting epoch 122
[2018-11-28 11:23:04] [data] Shuffling files
[2018-11-28 11:23:07] [data] Done
[2018-11-28 11:29:58] Ep. 122 : Up. 70500 : Sen. 195350 : Cost 57.00 : Time 1155.86s : 13834.35 words/s : L.r. 1.4292e-04
[2018-11-28 11:42:56] Seen 618318 samples
[2018-11-28 11:42:56] Starting epoch 123
[2018-11-28 11:42:56] [data] Shuffling files
[2018-11-28 11:42:58] [data] Done
[2018-11-28 11:47:35] Ep. 123 : Up. 71000 : Sen. 131881 : Cost 56.46 : Time 1056.69s : 16107.70 words/s : L.r. 1.4241e-04
[2018-11-28 12:02:48] Seen 618318 samples
[2018-11-28 12:02:48] Starting epoch 124
[2018-11-28 12:02:48] [data] Shuffling files
[2018-11-28 12:02:50] [data] Done
[2018-11-28 12:04:36] Ep. 124 : Up. 71500 : Sen. 45002 : Cost 54.90 : Time 1020.88s : 15624.92 words/s : L.r. 1.4191e-04
[2018-11-28 12:21:03] Ep. 124 : Up. 72000 : Sen. 562585 : Cost 56.35 : Time 987.55s : 16162.43 words/s : L.r. 1.4142e-04
[2018-11-28 12:22:36] Seen 618318 samples
[2018-11-28 12:22:36] Starting epoch 125
[2018-11-28 12:22:36] [data] Shuffling files
[2018-11-28 12:22:38] [data] Done
[2018-11-28 12:38:12] Ep. 125 : Up. 72500 : Sen. 482802 : Cost 54.49 : Time 1028.59s : 15653.67 words/s : L.r. 1.4093e-04
[2018-11-28 12:42:24] Seen 618318 samples
[2018-11-28 12:42:24] Starting epoch 126
[2018-11-28 12:42:24] [data] Shuffling files
[2018-11-28 12:42:26] [data] Done
[2018-11-28 12:55:27] Ep. 126 : Up. 73000 : Sen. 408086 : Cost 55.51 : Time 1034.97s : 15938.68 words/s : L.r. 1.4045e-04
[2018-11-28 13:02:12] Seen 618318 samples
[2018-11-28 13:02:12] Starting epoch 127
[2018-11-28 13:02:12] [data] Shuffling files
[2018-11-28 13:02:14] [data] Done
[2018-11-28 13:12:30] Ep. 127 : Up. 73500 : Sen. 311624 : Cost 55.86 : Time 1023.25s : 15651.75 words/s : L.r. 1.3997e-04
[2018-11-28 13:22:02] Seen 618318 samples
[2018-11-28 13:22:02] Starting epoch 128
[2018-11-28 13:22:02] [data] Shuffling files
[2018-11-28 13:22:04] [data] Done
[2018-11-28 13:29:33] Ep. 128 : Up. 74000 : Sen. 224889 : Cost 55.20 : Time 1023.13s : 15752.57 words/s : L.r. 1.3950e-04
[2018-11-28 13:41:52] Seen 618318 samples
[2018-11-28 13:41:52] Starting epoch 129
[2018-11-28 13:41:52] [data] Shuffling files
[2018-11-28 13:41:54] [data] Done
[2018-11-28 13:46:48] Ep. 129 : Up. 74500 : Sen. 139661 : Cost 56.24 : Time 1034.72s : 15853.74 words/s : L.r. 1.3903e-04
[2018-11-28 14:01:43] Seen 618318 samples
[2018-11-28 14:01:43] Starting epoch 130
[2018-11-28 14:01:43] [data] Shuffling files
[2018-11-28 14:01:45] [data] Done
[2018-11-28 14:04:00] Ep. 130 : Up. 75000 : Sen. 59736 : Cost 55.30 : Time 1032.21s : 15826.61 words/s : L.r. 1.3856e-04
[2018-11-28 14:04:06] [valid] Ep. 130 : Up. 75000 : cross-entropy : 49.7155 : stalled 10 times
[2018-11-28 14:04:12] [valid] Ep. 130 : Up. 75000 : perplexity : 4.98285 : stalled 10 times
Detokenizer Version $Revision: 4134 $
Language: en
[2018-11-28 14:06:09] [valid] Ep. 130 : Up. 75000 : translation : 29.24 : stalled 9 times
[2018-11-28 14:06:09] Saving model weights and runtime parameters to model/model.src1tgt0.2gpu.fixed.batch.70.opt32.npz.orig.npz
[2018-11-28 14:06:10] Saving model weights and runtime parameters to model/model.src1tgt0.2gpu.fixed.batch.70.opt32.iter75000.npz
[2018-11-28 14:06:11] Saving model weights and runtime parameters to model/model.src1tgt0.2gpu.fixed.batch.70.opt32.npz
[2018-11-28 14:06:12] Saving Adam parameters to model/model.src1tgt0.2gpu.fixed.batch.70.opt32.npz.optimizer.npz
[2018-11-28 14:22:50] Ep. 130 : Up. 75500 : Sen. 588621 : Cost 55.13 : Time 1130.18s : 14165.97 words/s : L.r. 1.3810e-04
[2018-11-28 14:23:49] Seen 618318 samples
[2018-11-28 14:23:49] Starting epoch 131
[2018-11-28 14:23:49] [data] Shuffling files
[2018-11-28 14:23:51] [data] Done
[2018-11-28 14:40:04] Ep. 131 : Up. 76000 : Sen. 498595 : Cost 55.91 : Time 1034.20s : 15737.15 words/s : L.r. 1.3765e-04
[2018-11-28 14:43:42] Seen 618318 samples
[2018-11-28 14:43:42] Starting epoch 132
[2018-11-28 14:43:42] [data] Shuffling files
[2018-11-28 14:43:44] [data] Done
[2018-11-28 14:57:15] Ep. 132 : Up. 76500 : Sen. 421817 : Cost 54.39 : Time 1030.30s : 15752.80 words/s : L.r. 1.3720e-04
[2018-11-28 15:04:36] Seen 618318 samples
[2018-11-28 15:04:36] Starting epoch 133
[2018-11-28 15:04:36] [data] Shuffling files
[2018-11-28 15:04:38] [data] Done
[2018-11-28 15:15:06] Ep. 133 : Up. 77000 : Sen. 310699 : Cost 56.04 : Time 1071.42s : 14643.74 words/s : L.r. 1.3675e-04
[2018-11-28 15:24:28] Seen 618318 samples
[2018-11-28 15:24:28] Starting epoch 134
[2018-11-28 15:24:28] [data] Shuffling files
[2018-11-28 15:24:30] [data] Done
[2018-11-28 15:32:32] Ep. 134 : Up. 77500 : Sen. 244957 : Cost 55.28 : Time 1045.91s : 16040.98 words/s : L.r. 1.3631e-04
train_trans.2gpu.sh: line 26: 48429 Terminated              $marian_home/marian --model model/model.src1tgt0.2gpu.fixed.batch.70.opt32.npz --type transformer --train-sets corp/europarl.cs-en.docs.train.en.bpe corp/europarl.cs-en.docs.train.cz.bpe --max-length 160 --vocabs corp/vocab.encs.europarl.yml corp/vocab.encs.europarl.yml --mini-batch-fit -w 9100 --mini-batch 1000 --maxi-batch 1000 --early-stopping 15 --valid-freq 5000 --save-freq 5000 --disp-freq 500 --valid-metrics cross-entropy perplexity translation --valid-sets corp/europarl.cs-en.docs.dev.en.bpe corp/europarl.cs-en.docs.dev.cz.bpe --valid-script-path ./val.sh --valid-translation-output data/valid.bpe.en.output --quiet-translation --valid-mini-batch 16 --beam-size 6 --normalize 0.6 --log model/train_trans.log --valid-log model/valid_trans.log --enc-depth 6 --dec-depth 6 --transformer-heads 8 --transformer-postprocess-emb d --transformer-postprocess dan --transformer-dropout 0.1 --label-smoothing 0.1 --learn-rate 0.0003 --lr-warmup 16000 --lr-decay-inv-sqrt 16000 --lr-report --optimizer-params 0.9 0.98 1e-09 --clip-norm 5 --tied-embeddings-all --optimizer-delay 8 --devices 0 2 --sync-sgd --seed 1111 --exponential-smoothing
