[2019-02-26 00:09:13] [marian] Marian v1.7.8 63e1cfe4 2019-02-11 21:04:00 -0800
[2019-02-26 00:09:13] [marian] Running on pcknot4 as process 16170 with command line:
[2019-02-26 00:09:13] [marian] /mnt/minerva1/nlp/projects/nmt/marian-doc/marian-dev/build/marian --model model/model.src1tgt0.dual.doc.same_embedding.npz --type transformer-context --train-sets corp/europarl.cs-en.docs.train.en.bpe.src_prev corp/europarl.cs-en.docs.train.en.bpe.src corp/europarl.cs-en.docs.train.cz.bpe --max-length 55 --dim-vocabs 30000 30000 --vocabs corp/vocab.encs.europarl.yml corp/vocab.encs.europarl.yml corp/vocab.encs.europarl.yml --mini-batch-fit -w 9000 --mini-batch 1000 --maxi-batch 1000 --early-stopping 10 --valid-freq 5000 --save-freq 5000 --disp-freq 500 --valid-metrics cross-entropy perplexity translation --valid-sets corp/europarl.cs-en.docs.dev.en.bpe.src_prev corp/europarl.cs-en.docs.dev.en.bpe.src corp/europarl.cs-en.docs.dev.cz.bpe --valid-script-path ./val.sh --valid-translation-output data/valid.bpe.en.output --quiet-translation --valid-mini-batch 64 --beam-size 6 --normalize 0.6 --log model/train_trans.doc.log --valid-log model/valid_trans.doc.log --enc-depth 6 --dec-depth 6 --transformer-heads 8 --transformer-postprocess-emb d --transformer-postprocess dan --transformer-dropout 0.1 --label-smoothing 0.1 --learn-rate 0.0003 --lr-warmup 16000 --lr-decay-inv-sqrt 16000 --lr-report --optimizer-params 0.9 0.98 1e-09 --clip-norm 5 --tied-embeddings-all --optimizer-delay 8 --devices 0 --sync-sgd --seed 1111 --exponential-smoothing --no-restore-corpus
[2019-02-26 00:09:13] [config] after-batches: 0
[2019-02-26 00:09:13] [config] after-epochs: 0
[2019-02-26 00:09:13] [config] allow-unk: false
[2019-02-26 00:09:13] [config] beam-size: 6
[2019-02-26 00:09:13] [config] bert-class-symbol: "[CLS]"
[2019-02-26 00:09:13] [config] bert-mask-symbol: "[MASK]"
[2019-02-26 00:09:13] [config] bert-masking-fraction: 0.15
[2019-02-26 00:09:13] [config] bert-sep-symbol: "[SEP]"
[2019-02-26 00:09:13] [config] bert-train-type-embeddings: true
[2019-02-26 00:09:13] [config] bert-type-vocab-size: 2
[2019-02-26 00:09:13] [config] best-deep: false
[2019-02-26 00:09:13] [config] clip-gemm: 0
[2019-02-26 00:09:13] [config] clip-norm: 5
[2019-02-26 00:09:13] [config] cost-type: ce-mean
[2019-02-26 00:09:13] [config] cpu-threads: 0
[2019-02-26 00:09:13] [config] data-weighting: ""
[2019-02-26 00:09:13] [config] data-weighting-type: sentence
[2019-02-26 00:09:13] [config] dec-cell: gru
[2019-02-26 00:09:13] [config] dec-cell-base-depth: 2
[2019-02-26 00:09:13] [config] dec-cell-high-depth: 1
[2019-02-26 00:09:13] [config] dec-depth: 6
[2019-02-26 00:09:13] [config] devices:
[2019-02-26 00:09:13] [config]   - 0
[2019-02-26 00:09:13] [config] dim-emb: 512
[2019-02-26 00:09:13] [config] dim-rnn: 1024
[2019-02-26 00:09:13] [config] dim-vocabs:
[2019-02-26 00:09:13] [config]   - 30000
[2019-02-26 00:09:13] [config]   - 30000
[2019-02-26 00:09:13] [config] disp-first: 0
[2019-02-26 00:09:13] [config] disp-freq: 500
[2019-02-26 00:09:13] [config] disp-label-counts: false
[2019-02-26 00:09:13] [config] dropout-rnn: 0
[2019-02-26 00:09:13] [config] dropout-src: 0
[2019-02-26 00:09:13] [config] dropout-trg: 0
[2019-02-26 00:09:13] [config] dump-config: ""
[2019-02-26 00:09:13] [config] early-stopping: 10
[2019-02-26 00:09:13] [config] embedding-fix-src: false
[2019-02-26 00:09:13] [config] embedding-fix-trg: false
[2019-02-26 00:09:13] [config] embedding-normalization: false
[2019-02-26 00:09:13] [config] embedding-vectors:
[2019-02-26 00:09:13] [config]   []
[2019-02-26 00:09:13] [config] enc-cell: gru
[2019-02-26 00:09:13] [config] enc-cell-depth: 1
[2019-02-26 00:09:13] [config] enc-depth: 6
[2019-02-26 00:09:13] [config] enc-type: bidirectional
[2019-02-26 00:09:13] [config] exponential-smoothing: 0.0001
[2019-02-26 00:09:13] [config] grad-dropping-momentum: 0
[2019-02-26 00:09:13] [config] grad-dropping-rate: 0
[2019-02-26 00:09:13] [config] grad-dropping-warmup: 100
[2019-02-26 00:09:13] [config] guided-alignment: none
[2019-02-26 00:09:13] [config] guided-alignment-cost: mse
[2019-02-26 00:09:13] [config] guided-alignment-weight: 0.1
[2019-02-26 00:09:13] [config] ignore-model-config: false
[2019-02-26 00:09:13] [config] input-types:
[2019-02-26 00:09:13] [config]   []
[2019-02-26 00:09:13] [config] interpolate-env-vars: false
[2019-02-26 00:09:13] [config] keep-best: false
[2019-02-26 00:09:13] [config] label-smoothing: 0.1
[2019-02-26 00:09:13] [config] layer-normalization: false
[2019-02-26 00:09:13] [config] learn-rate: 0.0003
[2019-02-26 00:09:13] [config] log: model/train_trans.doc.log
[2019-02-26 00:09:13] [config] log-level: info
[2019-02-26 00:09:13] [config] log-time-zone: ""
[2019-02-26 00:09:13] [config] lr-decay: 0
[2019-02-26 00:09:13] [config] lr-decay-freq: 50000
[2019-02-26 00:09:13] [config] lr-decay-inv-sqrt:
[2019-02-26 00:09:13] [config]   - 16000
[2019-02-26 00:09:13] [config] lr-decay-repeat-warmup: false
[2019-02-26 00:09:13] [config] lr-decay-reset-optimizer: false
[2019-02-26 00:09:13] [config] lr-decay-start:
[2019-02-26 00:09:13] [config]   - 10
[2019-02-26 00:09:13] [config]   - 1
[2019-02-26 00:09:13] [config] lr-decay-strategy: epoch+stalled
[2019-02-26 00:09:13] [config] lr-report: true
[2019-02-26 00:09:13] [config] lr-warmup: 16000
[2019-02-26 00:09:13] [config] lr-warmup-at-reload: false
[2019-02-26 00:09:13] [config] lr-warmup-cycle: false
[2019-02-26 00:09:13] [config] lr-warmup-start-rate: 0
[2019-02-26 00:09:13] [config] max-length: 55
[2019-02-26 00:09:13] [config] max-length-crop: false
[2019-02-26 00:09:13] [config] max-length-factor: 3
[2019-02-26 00:09:13] [config] maxi-batch: 1000
[2019-02-26 00:09:13] [config] maxi-batch-sort: trg
[2019-02-26 00:09:13] [config] mini-batch: 1000
[2019-02-26 00:09:13] [config] mini-batch-fit: true
[2019-02-26 00:09:13] [config] mini-batch-fit-step: 10
[2019-02-26 00:09:13] [config] mini-batch-overstuff: 1
[2019-02-26 00:09:13] [config] mini-batch-track-lr: false
[2019-02-26 00:09:13] [config] mini-batch-understuff: 1
[2019-02-26 00:09:13] [config] mini-batch-warmup: 0
[2019-02-26 00:09:13] [config] mini-batch-words: 0
[2019-02-26 00:09:13] [config] mini-batch-words-ref: 0
[2019-02-26 00:09:13] [config] model: model/model.src1tgt0.dual.doc.same_embedding.npz
[2019-02-26 00:09:13] [config] multi-loss-type: sum
[2019-02-26 00:09:13] [config] multi-node: false
[2019-02-26 00:09:13] [config] multi-node-overlap: true
[2019-02-26 00:09:13] [config] n-best: false
[2019-02-26 00:09:13] [config] no-nccl: false
[2019-02-26 00:09:13] [config] no-reload: false
[2019-02-26 00:09:13] [config] no-restore-corpus: true
[2019-02-26 00:09:13] [config] no-shuffle: false
[2019-02-26 00:09:13] [config] normalize: 0.6
[2019-02-26 00:09:13] [config] num-devices: 0
[2019-02-26 00:09:13] [config] optimizer: adam
[2019-02-26 00:09:13] [config] optimizer-delay: 8
[2019-02-26 00:09:13] [config] optimizer-params:
[2019-02-26 00:09:13] [config]   - 0.9
[2019-02-26 00:09:13] [config]   - 0.98
[2019-02-26 00:09:13] [config]   - 1e-09
[2019-02-26 00:09:13] [config] overwrite: false
[2019-02-26 00:09:13] [config] pretrained-model: ""
[2019-02-26 00:09:13] [config] quiet: false
[2019-02-26 00:09:13] [config] quiet-translation: true
[2019-02-26 00:09:13] [config] relative-paths: false
[2019-02-26 00:09:13] [config] right-left: false
[2019-02-26 00:09:13] [config] save-freq: 5000
[2019-02-26 00:09:13] [config] seed: 1111
[2019-02-26 00:09:13] [config] shuffle-in-ram: false
[2019-02-26 00:09:13] [config] skip: false
[2019-02-26 00:09:13] [config] sqlite: ""
[2019-02-26 00:09:13] [config] sqlite-drop: false
[2019-02-26 00:09:13] [config] sync-sgd: true
[2019-02-26 00:09:13] [config] tempdir: /tmp
[2019-02-26 00:09:13] [config] tied-embeddings: false
[2019-02-26 00:09:13] [config] tied-embeddings-all: true
[2019-02-26 00:09:13] [config] tied-embeddings-src: false
[2019-02-26 00:09:13] [config] train-sets:
[2019-02-26 00:09:13] [config]   - corp/europarl.cs-en.docs.train.en.bpe.src_prev
[2019-02-26 00:09:13] [config]   - corp/europarl.cs-en.docs.train.en.bpe.src
[2019-02-26 00:09:13] [config]   - corp/europarl.cs-en.docs.train.cz.bpe
[2019-02-26 00:09:13] [config] transformer-aan-activation: swish
[2019-02-26 00:09:13] [config] transformer-aan-depth: 2
[2019-02-26 00:09:13] [config] transformer-aan-nogate: false
[2019-02-26 00:09:13] [config] transformer-decoder-autoreg: self-attention
[2019-02-26 00:09:13] [config] transformer-dim-aan: 2048
[2019-02-26 00:09:13] [config] transformer-dim-ffn: 2048
[2019-02-26 00:09:13] [config] transformer-dropout: 0.1
[2019-02-26 00:09:13] [config] transformer-dropout-attention: 0
[2019-02-26 00:09:13] [config] transformer-dropout-ffn: 0
[2019-02-26 00:09:13] [config] transformer-ffn-activation: swish
[2019-02-26 00:09:13] [config] transformer-ffn-depth: 2
[2019-02-26 00:09:13] [config] transformer-guided-alignment-layer: last
[2019-02-26 00:09:13] [config] transformer-heads: 8
[2019-02-26 00:09:13] [config] transformer-no-projection: false
[2019-02-26 00:09:13] [config] transformer-postprocess: dan
[2019-02-26 00:09:13] [config] transformer-postprocess-emb: d
[2019-02-26 00:09:13] [config] transformer-preprocess: ""
[2019-02-26 00:09:13] [config] transformer-tied-layers:
[2019-02-26 00:09:13] [config]   []
[2019-02-26 00:09:13] [config] transformer-train-position-embeddings: false
[2019-02-26 00:09:13] [config] type: transformer-context
[2019-02-26 00:09:13] [config] ulr: false
[2019-02-26 00:09:13] [config] ulr-dim-emb: 0
[2019-02-26 00:09:13] [config] ulr-dropout: 0
[2019-02-26 00:09:13] [config] ulr-keys-vectors: ""
[2019-02-26 00:09:13] [config] ulr-query-vectors: ""
[2019-02-26 00:09:13] [config] ulr-softmax-temperature: 1
[2019-02-26 00:09:13] [config] ulr-trainable-transformation: false
[2019-02-26 00:09:13] [config] valid-freq: 5000
[2019-02-26 00:09:13] [config] valid-log: model/valid_trans.doc.log
[2019-02-26 00:09:13] [config] valid-max-length: 1000
[2019-02-26 00:09:13] [config] valid-metrics:
[2019-02-26 00:09:13] [config]   - cross-entropy
[2019-02-26 00:09:13] [config]   - perplexity
[2019-02-26 00:09:13] [config]   - translation
[2019-02-26 00:09:13] [config] valid-mini-batch: 64
[2019-02-26 00:09:13] [config] valid-script-path: ./val.sh
[2019-02-26 00:09:13] [config] valid-sets:
[2019-02-26 00:09:13] [config]   - corp/europarl.cs-en.docs.dev.en.bpe.src_prev
[2019-02-26 00:09:13] [config]   - corp/europarl.cs-en.docs.dev.en.bpe.src
[2019-02-26 00:09:13] [config]   - corp/europarl.cs-en.docs.dev.cz.bpe
[2019-02-26 00:09:13] [config] valid-translation-output: data/valid.bpe.en.output
[2019-02-26 00:09:13] [config] vocabs:
[2019-02-26 00:09:13] [config]   - corp/vocab.encs.europarl.yml
[2019-02-26 00:09:13] [config]   - corp/vocab.encs.europarl.yml
[2019-02-26 00:09:13] [config]   - corp/vocab.encs.europarl.yml
[2019-02-26 00:09:13] [config] word-penalty: 0
[2019-02-26 00:09:13] [config] workspace: 9000
[2019-02-26 00:09:13] [config] Model is being created with Marian v1.7.8 63e1cfe4 2019-02-11 21:04:00 -0800
[2019-02-26 00:09:13] Using synchronous training
[2019-02-26 00:09:13] [data] Loading vocabulary from JSON/Yaml file corp/vocab.encs.europarl.yml
[2019-02-26 00:09:13] [data] Setting vocabulary size for input 0 to 30000
[2019-02-26 00:09:13] [data] Loading vocabulary from JSON/Yaml file corp/vocab.encs.europarl.yml
[2019-02-26 00:09:13] [data] Setting vocabulary size for input 1 to 30000
[2019-02-26 00:09:13] [data] Loading vocabulary from JSON/Yaml file corp/vocab.encs.europarl.yml
[2019-02-26 00:09:13] [data] Setting vocabulary size for input 2 to 30000
[2019-02-26 00:09:13] Compiled without MPI support. Falling back to FakeMPIWrapper
[2019-02-26 00:09:13] [batching] Collecting statistics for batch fitting with step size 10
[2019-02-26 00:09:14] [memory] Extending reserved space to 9088 MB (device gpu0)
[2019-02-26 00:09:20] [comm] Using NCCL 2.4.2 for GPU communication
[2019-02-26 00:09:20] [comm] NCCLCommunicator constructed successfully.
[2019-02-26 00:09:20] [training] Using 1 GPUs
[2019-02-26 00:09:20] [memory] Reserving 287 MB, device gpu0
[2019-02-26 00:09:20] [gpu] 16-bit TensorCores enabled for float32 matrix operations
[2019-02-26 00:09:20] [memory] Reserving 287 MB, device gpu0
[2019-02-26 00:09:26] [batching] Done. Typical MB size is 40786 target words
[2019-02-26 00:09:26] [memory] Extending reserved space to 9088 MB (device gpu0)
[2019-02-26 00:09:26] [comm] Using NCCL 2.4.2 for GPU communication
[2019-02-26 00:09:27] [comm] NCCLCommunicator constructed successfully.
[2019-02-26 00:09:27] [training] Using 1 GPUs
[2019-02-26 00:09:27] Training started
[2019-02-26 00:09:27] [data] Shuffling data
[2019-02-26 00:09:29] [data] Done reading 620637 sentences
[2019-02-26 00:09:31] [data] Done shuffling 620637 sentences to temp files
[2019-02-26 00:09:52] [training] Batches are processed as 1 process(es) x 1 devices/process
[2019-02-26 00:09:52] [memory] Reserving 287 MB, device gpu0
[2019-02-26 00:09:52] [memory] Reserving 287 MB, device gpu0
[2019-02-26 00:09:52] [memory] Reserving 287 MB, device gpu0
[2019-02-26 00:09:53] [memory] Reserving 574 MB, device gpu0
[2019-02-26 00:19:47] Ep. 1 : Up. 500 : Sen. 346,013 : Cost 253.26385498 : Time 633.80s : 14729.40 words/s : L.r. 9.3750e-06
[2019-02-26 00:24:26] Seen 515211 samples
[2019-02-26 00:24:26] Starting epoch 2
[2019-02-26 00:24:26] [data] Shuffling data
[2019-02-26 00:24:27] [data] Done reading 620637 sentences
[2019-02-26 00:24:29] [data] Done shuffling 620637 sentences to temp files
[2019-02-26 00:29:59] Ep. 2 : Up. 1000 : Sen. 180,753 : Cost 208.53575134 : Time 611.61s : 14897.61 words/s : L.r. 1.8750e-05
[2019-02-26 00:39:29] Seen 515211 samples
[2019-02-26 00:39:29] Starting epoch 3
[2019-02-26 00:39:29] [data] Shuffling data
[2019-02-26 00:39:30] [data] Done reading 620637 sentences
[2019-02-26 00:39:32] [data] Done shuffling 620637 sentences to temp files
[2019-02-26 00:40:21] Ep. 3 : Up. 1500 : Sen. 14,701 : Cost 202.15032959 : Time 622.23s : 14937.26 words/s : L.r. 2.8125e-05
[2019-02-26 00:50:14] Ep. 3 : Up. 2000 : Sen. 364,808 : Cost 191.97755432 : Time 592.99s : 15478.97 words/s : L.r. 3.7500e-05
[2019-02-26 00:54:33] Seen 515211 samples
[2019-02-26 00:54:33] Starting epoch 4
[2019-02-26 00:54:33] [data] Shuffling data
[2019-02-26 00:54:33] [data] Done reading 620637 sentences
[2019-02-26 00:54:35] [data] Done shuffling 620637 sentences to temp files
[2019-02-26 01:00:29] Ep. 4 : Up. 2500 : Sen. 198,760 : Cost 180.77212524 : Time 615.39s : 14897.10 words/s : L.r. 4.6875e-05
[2019-02-26 01:09:37] Seen 515211 samples
[2019-02-26 01:09:37] Starting epoch 5
[2019-02-26 01:09:37] [data] Shuffling data
[2019-02-26 01:09:37] [data] Done reading 620637 sentences
[2019-02-26 01:09:39] [data] Done shuffling 620637 sentences to temp files
[2019-02-26 01:10:52] Ep. 5 : Up. 3000 : Sen. 30,782 : Cost 172.06604004 : Time 622.94s : 14916.71 words/s : L.r. 5.6250e-05
[2019-02-26 01:20:39] Ep. 5 : Up. 3500 : Sen. 379,824 : Cost 155.89631653 : Time 587.17s : 15473.10 words/s : L.r. 6.5625e-05
[2019-02-26 01:24:40] Seen 515211 samples
[2019-02-26 01:24:40] Starting epoch 6
[2019-02-26 01:24:40] [data] Shuffling data
[2019-02-26 01:24:41] [data] Done reading 620637 sentences
[2019-02-26 01:24:43] [data] Done shuffling 620637 sentences to temp files
[2019-02-26 01:31:05] Ep. 6 : Up. 4000 : Sen. 211,496 : Cost 151.78855896 : Time 625.75s : 14919.82 words/s : L.r. 7.5000e-05
[2019-02-26 01:39:45] Seen 515211 samples
[2019-02-26 01:39:45] Starting epoch 7
[2019-02-26 01:39:45] [data] Shuffling data
[2019-02-26 01:39:45] [data] Done reading 620637 sentences
[2019-02-26 01:39:47] [data] Done shuffling 620637 sentences to temp files
[2019-02-26 01:41:24] Ep. 7 : Up. 4500 : Sen. 45,741 : Cost 140.00450134 : Time 618.79s : 14930.28 words/s : L.r. 8.4375e-05
[2019-02-26 01:51:20] Ep. 7 : Up. 5000 : Sen. 395,560 : Cost 133.26266479 : Time 596.24s : 15506.16 words/s : L.r. 9.3750e-05
[2019-02-26 01:51:20] Saving model weights and runtime parameters to model/model.src1tgt0.dual.doc.same_embedding.npz.orig.npz
[2019-02-26 01:51:25] Saving model weights and runtime parameters to model/model.src1tgt0.dual.doc.same_embedding.iter5000.npz
[2019-02-26 01:51:29] Saving model weights and runtime parameters to model/model.src1tgt0.dual.doc.same_embedding.npz
[2019-02-26 01:51:34] Saving Adam parameters to model/model.src1tgt0.dual.doc.same_embedding.npz.optimizer.npz
[2019-02-26 01:51:49] [valid] Ep. 7 : Up. 5000 : cross-entropy : 135.54 : new best
[2019-02-26 01:51:55] [valid] Ep. 7 : Up. 5000 : perplexity : 79.7165 : new best
[2019-02-26 01:51:55] Error: File 'data/valid.bpe.en.output' could not be opened
[2019-02-26 01:51:55] Error: Aborted from marian::io::OutputFileStream::OutputFileStream(const string&) in /mnt/minerva1/nlp/projects/nmt/marian-doc/marian-dev/src/common/file_stream.h:243

[CALL STACK]
[0x55e2586f85f7]                                                       + 0x1305f7
[0x55e25896f438]                                                       + 0x3a7438
[0x55e2589e0b43]                                                       + 0x418b43
[0x55e2589f6979]                                                       + 0x42e979
[0x55e258998ef8]                                                       + 0x3d0ef8
[0x55e2589b5d12]                                                       + 0x3edd12
[0x55e2589b6fc0]                                                       + 0x3eefc0
[0x55e25871bd79]                                                       + 0x153d79
[0x55e25864aeb2]                                                       + 0x82eb2
[0x55e258628645]                                                       + 0x60645
[0x7f62d83e2b97]    __libc_start_main                                  + 0xe7
[0x55e25864955a]                                                       + 0x8155a

train_trans_dual_doc.sh: řádek 26: 16170 Neúspěšně ukončen (SIGABRT)        (core dumped [obraz paměti uložen]) $marian_home/marian --model model/model.src1tgt0.dual.doc.same_embedding.npz --type transformer-context --train-sets corp/europarl.cs-en.docs.train.en.bpe.src_prev corp/europarl.cs-en.docs.train.en.bpe.src corp/europarl.cs-en.docs.train.cz.bpe --max-length 55 --dim-vocabs 30000 30000 --vocabs corp/vocab.encs.europarl.yml corp/vocab.encs.europarl.yml corp/vocab.encs.europarl.yml --mini-batch-fit -w 9000 --mini-batch 1000 --maxi-batch 1000 --early-stopping 10 --valid-freq 5000 --save-freq 5000 --disp-freq 500 --valid-metrics cross-entropy perplexity translation --valid-sets corp/europarl.cs-en.docs.dev.en.bpe.src_prev corp/europarl.cs-en.docs.dev.en.bpe.src corp/europarl.cs-en.docs.dev.cz.bpe --valid-script-path ./val.sh --valid-translation-output data/valid.bpe.en.output --quiet-translation --valid-mini-batch 64 --beam-size 6 --normalize 0.6 --log model/train_trans.doc.log --valid-log model/valid_trans.doc.log --enc-depth 6 --dec-depth 6 --transformer-heads 8 --transformer-postprocess-emb d --transformer-postprocess dan --transformer-dropout 0.1 --label-smoothing 0.1 --learn-rate 0.0003 --lr-warmup 16000 --lr-decay-inv-sqrt 16000 --lr-report --optimizer-params 0.9 0.98 1e-09 --clip-norm 5 --tied-embeddings-all --optimizer-delay 8 --devices 0 --sync-sgd --seed 1111 --exponential-smoothing --no-restore-corpus
