[2019-03-30 12:00:34] [marian] Marian v1.7.8 4107750 2019-03-30 11:43:25 +0100
[2019-03-30 12:00:34] [marian] Running on pcknot5 as process 19831 with command line:
[2019-03-30 12:00:34] [marian] /mnt/minerva1/nlp/projects/nmt/doc-marian/build/marian --model model/model.src1tgt0.docnew.enc_depth.pretrained.frozen2.fix_logits_emb.npz --pretrained-model ../src0tgt0/model/model.src0tgt0_to_tgt0.newbase.160.npz.best-perplexity.npz --type transformer-context --train-sets corp/europarl.cs-en.docs.train.en.bpe.src_prev corp/europarl.cs-en.docs.train.en.bpe.src corp/europarl.cs-en.docs.train.cz.bpe --max-length 80 --dim-vocabs 30000 30000 --embedding-fix-src --vocabs corp/vocab.encz.opensub.new.yml corp/vocab.encz.opensub.new.yml corp/vocab.encz.opensub.new.yml --mini-batch-fit -w 7800 --mini-batch 1000 --maxi-batch 1000 --early-stopping 10 --freeze --valid-freq 10000 --save-freq 10000 --disp-freq 1000 --valid-metrics cross-entropy perplexity translation --valid-sets corp/europarl.cs-en.docs.dev.en.bpe.src_prev corp/europarl.cs-en.docs.dev.en.bpe.src corp/europarl.cs-en.docs.dev.cz.bpe --valid-script-path ./val.sh --valid-translation-output data/valid.bpe.en.output --quiet-translation --valid-mini-batch 16 --keep-best --beam-size 6 --normalize 0.6 --log model/train_trans.gate.log --valid-log model/valid_trans.gate.log --enc-depth 6 --dec-depth 6 --transformer-heads 8 --transformer-postprocess-emb d --transformer-postprocess dan --transformer-dropout 0.1 --label-smoothing 0.1 --learn-rate 0.0001 --lr-warmup 16000 --lr-decay-inv-sqrt 16000 --lr-report --optimizer-params 0.9 0.98 1e-09 --clip-norm 5 --tied-embeddings-all --optimizer-delay 4 --devices 0 --no-nccl --sync-sgd --seed 1111 --exponential-smoothing --no-restore-corpus
[2019-03-30 12:00:34] [config] after-batches: 0
[2019-03-30 12:00:34] [config] after-epochs: 0
[2019-03-30 12:00:34] [config] allow-unk: false
[2019-03-30 12:00:34] [config] beam-size: 6
[2019-03-30 12:00:34] [config] bert-class-symbol: "[CLS]"
[2019-03-30 12:00:34] [config] bert-mask-symbol: "[MASK]"
[2019-03-30 12:00:34] [config] bert-masking-fraction: 0.15
[2019-03-30 12:00:34] [config] bert-sep-symbol: "[SEP]"
[2019-03-30 12:00:34] [config] bert-train-type-embeddings: true
[2019-03-30 12:00:34] [config] bert-type-vocab-size: 2
[2019-03-30 12:00:34] [config] best-deep: false
[2019-03-30 12:00:34] [config] clip-gemm: 0
[2019-03-30 12:00:34] [config] clip-norm: 5
[2019-03-30 12:00:34] [config] context-enc-depth: 1
[2019-03-30 12:00:34] [config] cost-type: ce-mean
[2019-03-30 12:00:34] [config] cpu-threads: 0
[2019-03-30 12:00:34] [config] data-weighting: ""
[2019-03-30 12:00:34] [config] data-weighting-type: sentence
[2019-03-30 12:00:34] [config] dec-cell: gru
[2019-03-30 12:00:34] [config] dec-cell-base-depth: 2
[2019-03-30 12:00:34] [config] dec-cell-high-depth: 1
[2019-03-30 12:00:34] [config] dec-depth: 6
[2019-03-30 12:00:34] [config] devices:
[2019-03-30 12:00:34] [config]   - 0
[2019-03-30 12:00:34] [config] dim-emb: 512
[2019-03-30 12:00:34] [config] dim-rnn: 1024
[2019-03-30 12:00:34] [config] dim-vocabs:
[2019-03-30 12:00:34] [config]   - 30000
[2019-03-30 12:00:34] [config]   - 30000
[2019-03-30 12:00:34] [config] disp-first: 0
[2019-03-30 12:00:34] [config] disp-freq: 1000
[2019-03-30 12:00:34] [config] disp-label-counts: false
[2019-03-30 12:00:34] [config] dropout-rnn: 0
[2019-03-30 12:00:34] [config] dropout-src: 0
[2019-03-30 12:00:34] [config] dropout-trg: 0
[2019-03-30 12:00:34] [config] dump-config: ""
[2019-03-30 12:00:34] [config] early-stopping: 10
[2019-03-30 12:00:34] [config] embedding-fix-src: true
[2019-03-30 12:00:34] [config] embedding-fix-trg: false
[2019-03-30 12:00:34] [config] embedding-normalization: false
[2019-03-30 12:00:34] [config] embedding-vectors:
[2019-03-30 12:00:34] [config]   []
[2019-03-30 12:00:34] [config] enc-cell: gru
[2019-03-30 12:00:34] [config] enc-cell-depth: 1
[2019-03-30 12:00:34] [config] enc-depth: 6
[2019-03-30 12:00:34] [config] enc-type: bidirectional
[2019-03-30 12:00:34] [config] exponential-smoothing: 0.0001
[2019-03-30 12:00:34] [config] freeze: true
[2019-03-30 12:00:34] [config] grad-dropping-momentum: 0
[2019-03-30 12:00:34] [config] grad-dropping-rate: 0
[2019-03-30 12:00:34] [config] grad-dropping-warmup: 100
[2019-03-30 12:00:34] [config] guided-alignment: none
[2019-03-30 12:00:34] [config] guided-alignment-cost: mse
[2019-03-30 12:00:34] [config] guided-alignment-weight: 0.1
[2019-03-30 12:00:34] [config] hier-att: false
[2019-03-30 12:00:34] [config] ignore-model-config: false
[2019-03-30 12:00:34] [config] input-types:
[2019-03-30 12:00:34] [config]   []
[2019-03-30 12:00:34] [config] interpolate-env-vars: false
[2019-03-30 12:00:34] [config] keep-best: true
[2019-03-30 12:00:34] [config] label-smoothing: 0.1
[2019-03-30 12:00:34] [config] layer-normalization: false
[2019-03-30 12:00:34] [config] learn-rate: 0.0001
[2019-03-30 12:00:34] [config] log: model/train_trans.gate.log
[2019-03-30 12:00:34] [config] log-level: info
[2019-03-30 12:00:34] [config] log-time-zone: ""
[2019-03-30 12:00:34] [config] lr-decay: 0
[2019-03-30 12:00:34] [config] lr-decay-freq: 50000
[2019-03-30 12:00:34] [config] lr-decay-inv-sqrt:
[2019-03-30 12:00:34] [config]   - 16000
[2019-03-30 12:00:34] [config] lr-decay-repeat-warmup: false
[2019-03-30 12:00:34] [config] lr-decay-reset-optimizer: false
[2019-03-30 12:00:34] [config] lr-decay-start:
[2019-03-30 12:00:34] [config]   - 10
[2019-03-30 12:00:34] [config]   - 1
[2019-03-30 12:00:34] [config] lr-decay-strategy: epoch+stalled
[2019-03-30 12:00:34] [config] lr-report: true
[2019-03-30 12:00:34] [config] lr-warmup: 16000
[2019-03-30 12:00:34] [config] lr-warmup-at-reload: false
[2019-03-30 12:00:34] [config] lr-warmup-cycle: false
[2019-03-30 12:00:34] [config] lr-warmup-start-rate: 0
[2019-03-30 12:00:34] [config] max-length: 80
[2019-03-30 12:00:34] [config] max-length-crop: false
[2019-03-30 12:00:34] [config] max-length-factor: 3
[2019-03-30 12:00:34] [config] maxi-batch: 1000
[2019-03-30 12:00:34] [config] maxi-batch-sort: trg
[2019-03-30 12:00:34] [config] mini-batch: 1000
[2019-03-30 12:00:34] [config] mini-batch-fit: true
[2019-03-30 12:00:34] [config] mini-batch-fit-step: 10
[2019-03-30 12:00:34] [config] mini-batch-overstuff: 1
[2019-03-30 12:00:34] [config] mini-batch-track-lr: false
[2019-03-30 12:00:34] [config] mini-batch-understuff: 1
[2019-03-30 12:00:34] [config] mini-batch-warmup: 0
[2019-03-30 12:00:34] [config] mini-batch-words: 0
[2019-03-30 12:00:34] [config] mini-batch-words-ref: 0
[2019-03-30 12:00:34] [config] model: model/model.src1tgt0.docnew.enc_depth.pretrained.frozen2.fix_logits_emb.npz
[2019-03-30 12:00:34] [config] multi-loss-type: sum
[2019-03-30 12:00:34] [config] multi-node: false
[2019-03-30 12:00:34] [config] multi-node-overlap: true
[2019-03-30 12:00:34] [config] n-best: false
[2019-03-30 12:00:34] [config] no-nccl: true
[2019-03-30 12:00:34] [config] no-reload: false
[2019-03-30 12:00:34] [config] no-restore-corpus: true
[2019-03-30 12:00:34] [config] no-shuffle: false
[2019-03-30 12:00:34] [config] normalize: 0.6
[2019-03-30 12:00:34] [config] num-devices: 0
[2019-03-30 12:00:34] [config] optimizer: adam
[2019-03-30 12:00:34] [config] optimizer-delay: 4
[2019-03-30 12:00:34] [config] optimizer-params:
[2019-03-30 12:00:34] [config]   - 0.9
[2019-03-30 12:00:34] [config]   - 0.98
[2019-03-30 12:00:34] [config]   - 1e-09
[2019-03-30 12:00:34] [config] overwrite: false
[2019-03-30 12:00:34] [config] pretrained-model: ../src0tgt0/model/model.src0tgt0_to_tgt0.newbase.160.npz.best-perplexity.npz
[2019-03-30 12:00:34] [config] quiet: false
[2019-03-30 12:00:34] [config] quiet-translation: true
[2019-03-30 12:00:34] [config] relative-paths: false
[2019-03-30 12:00:34] [config] right-left: false
[2019-03-30 12:00:34] [config] save-freq: 10000
[2019-03-30 12:00:34] [config] seed: 1111
[2019-03-30 12:00:34] [config] shuffle-in-ram: false
[2019-03-30 12:00:34] [config] skip: false
[2019-03-30 12:00:34] [config] sqlite: ""
[2019-03-30 12:00:34] [config] sqlite-drop: false
[2019-03-30 12:00:34] [config] sync-sgd: true
[2019-03-30 12:00:34] [config] tempdir: /tmp
[2019-03-30 12:00:34] [config] tied-embeddings: false
[2019-03-30 12:00:34] [config] tied-embeddings-all: true
[2019-03-30 12:00:34] [config] tied-embeddings-src: false
[2019-03-30 12:00:34] [config] train-sets:
[2019-03-30 12:00:34] [config]   - corp/europarl.cs-en.docs.train.en.bpe.src_prev
[2019-03-30 12:00:34] [config]   - corp/europarl.cs-en.docs.train.en.bpe.src
[2019-03-30 12:00:34] [config]   - corp/europarl.cs-en.docs.train.cz.bpe
[2019-03-30 12:00:34] [config] transformer-aan-activation: swish
[2019-03-30 12:00:34] [config] transformer-aan-depth: 2
[2019-03-30 12:00:34] [config] transformer-aan-nogate: false
[2019-03-30 12:00:34] [config] transformer-decoder-autoreg: self-attention
[2019-03-30 12:00:34] [config] transformer-dim-aan: 2048
[2019-03-30 12:00:34] [config] transformer-dim-ffn: 2048
[2019-03-30 12:00:34] [config] transformer-dropout: 0.1
[2019-03-30 12:00:34] [config] transformer-dropout-attention: 0
[2019-03-30 12:00:34] [config] transformer-dropout-ffn: 0
[2019-03-30 12:00:34] [config] transformer-ffn-activation: swish
[2019-03-30 12:00:34] [config] transformer-ffn-depth: 2
[2019-03-30 12:00:34] [config] transformer-guided-alignment-layer: last
[2019-03-30 12:00:34] [config] transformer-heads: 8
[2019-03-30 12:00:34] [config] transformer-no-projection: false
[2019-03-30 12:00:34] [config] transformer-postprocess: dan
[2019-03-30 12:00:34] [config] transformer-postprocess-emb: d
[2019-03-30 12:00:34] [config] transformer-preprocess: ""
[2019-03-30 12:00:34] [config] transformer-tied-layers:
[2019-03-30 12:00:34] [config]   []
[2019-03-30 12:00:34] [config] transformer-train-position-embeddings: false
[2019-03-30 12:00:34] [config] type: transformer-context
[2019-03-30 12:00:34] [config] ulr: false
[2019-03-30 12:00:34] [config] ulr-dim-emb: 0
[2019-03-30 12:00:34] [config] ulr-dropout: 0
[2019-03-30 12:00:34] [config] ulr-keys-vectors: ""
[2019-03-30 12:00:34] [config] ulr-query-vectors: ""
[2019-03-30 12:00:34] [config] ulr-softmax-temperature: 1
[2019-03-30 12:00:34] [config] ulr-trainable-transformation: false
[2019-03-30 12:00:34] [config] valid-freq: 10000
[2019-03-30 12:00:34] [config] valid-log: model/valid_trans.gate.log
[2019-03-30 12:00:34] [config] valid-max-length: 1000
[2019-03-30 12:00:34] [config] valid-metrics:
[2019-03-30 12:00:34] [config]   - cross-entropy
[2019-03-30 12:00:34] [config]   - perplexity
[2019-03-30 12:00:34] [config]   - translation
[2019-03-30 12:00:34] [config] valid-mini-batch: 16
[2019-03-30 12:00:34] [config] valid-script-path: ./val.sh
[2019-03-30 12:00:34] [config] valid-sets:
[2019-03-30 12:00:34] [config]   - corp/europarl.cs-en.docs.dev.en.bpe.src_prev
[2019-03-30 12:00:34] [config]   - corp/europarl.cs-en.docs.dev.en.bpe.src
[2019-03-30 12:00:34] [config]   - corp/europarl.cs-en.docs.dev.cz.bpe
[2019-03-30 12:00:34] [config] valid-translation-output: data/valid.bpe.en.output
[2019-03-30 12:00:34] [config] vocabs:
[2019-03-30 12:00:34] [config]   - corp/vocab.encz.opensub.new.yml
[2019-03-30 12:00:34] [config]   - corp/vocab.encz.opensub.new.yml
[2019-03-30 12:00:34] [config]   - corp/vocab.encz.opensub.new.yml
[2019-03-30 12:00:34] [config] word-penalty: 0
[2019-03-30 12:00:34] [config] workspace: 7800
[2019-03-30 12:00:34] [config] Model is being created with Marian v1.7.8 4107750 2019-03-30 11:43:25 +0100
[2019-03-30 12:00:34] Using synchronous training
[2019-03-30 12:00:34] [data] Loading vocabulary from JSON/Yaml file corp/vocab.encz.opensub.new.yml
[2019-03-30 12:00:34] [data] Setting vocabulary size for input 0 to 30000
[2019-03-30 12:00:34] [data] Loading vocabulary from JSON/Yaml file corp/vocab.encz.opensub.new.yml
[2019-03-30 12:00:34] [data] Setting vocabulary size for input 1 to 30000
[2019-03-30 12:00:34] [data] Loading vocabulary from JSON/Yaml file corp/vocab.encz.opensub.new.yml
[2019-03-30 12:00:34] [data] Setting vocabulary size for input 2 to 30000
[2019-03-30 12:00:34] Compiled without MPI support. Falling back to FakeMPIWrapper
[2019-03-30 12:00:34] [batching] Collecting statistics for batch fitting with step size 10
[2019-03-30 12:00:35] [memory] Extending reserved space to 7808 MB (device gpu0)
[2019-03-30 12:00:35] [comm] NCCL communicator overridden
[2019-03-30 12:00:35] [training] Using 1 GPUs
[2019-03-30 12:00:35] [memory] Reserving 311 MB, device gpu0
[2019-03-30 12:00:35] [gpu] 16-bit TensorCores enabled for float32 matrix operations
[2019-03-30 12:00:35] [memory] Reserving 311 MB, device gpu0
[2019-03-30 12:00:40] [batching] Done. Typical MB size is 17895 target words
[2019-03-30 12:00:40] [memory] Extending reserved space to 7808 MB (device gpu0)
[2019-03-30 12:00:40] [comm] NCCL communicator overridden
[2019-03-30 12:00:40] [training] Using 1 GPUs
[2019-03-30 12:00:40] [training] Initializing model weights with the pre-trained model ../src0tgt0/model/model.src0tgt0_to_tgt0.newbase.160.npz.best-perplexity.npz
[2019-03-30 12:00:40] Loading model from ../src0tgt0/model/model.src0tgt0_to_tgt0.newbase.160.npz.best-perplexity.npz
[2019-03-30 12:00:41] Training started
[2019-03-30 12:00:41] [data] Shuffling data
[2019-03-30 12:00:41] [data] Done reading 620637 sentences
[2019-03-30 12:00:43] [data] Done shuffling 620637 sentences to temp files
[2019-03-30 12:01:06] [training] Batches are processed as 1 process(es) x 1 devices/process
[2019-03-30 12:01:06] [memory] Reserving 315 MB, device gpu0
[2019-03-30 12:01:06] [memory] Reserving 315 MB, device gpu0
[2019-03-30 12:01:06] [memory] Reserving 315 MB, device gpu0
[2019-03-30 12:01:07] [memory] Reserving 315 MB, device gpu0
[2019-03-30 12:01:07] [memory] Reserving 630 MB, device gpu0
[2019-03-30 12:08:23] Ep. 1 : Up. 1000 : Sen. 286,193 : Cost 300.43069458 : Time 468.19s : 18065.53 words/s : L.r. 6.2500e-06
[2019-03-30 12:15:28] Ep. 1 : Up. 2000 : Sen. 563,025 : Cost 297.18811035 : Time 425.18s : 19042.23 words/s : L.r. 1.2500e-05
[2019-03-30 12:16:28] Seen 601324 samples
[2019-03-30 12:16:28] Starting epoch 2
[2019-03-30 12:16:28] [data] Shuffling data
[2019-03-30 12:16:28] [data] Done reading 620637 sentences
[2019-03-30 12:16:30] [data] Done shuffling 620637 sentences to temp files
[2019-03-30 12:23:07] Ep. 2 : Up. 3000 : Sen. 242,513 : Cost 304.47479248 : Time 459.33s : 18310.74 words/s : L.r. 1.8750e-05
[2019-03-30 12:30:14] Ep. 2 : Up. 4000 : Sen. 523,284 : Cost 296.45547485 : Time 426.85s : 19191.24 words/s : L.r. 2.5000e-05
[2019-03-30 12:32:13] Seen 601324 samples
[2019-03-30 12:32:13] Starting epoch 3
[2019-03-30 12:32:13] [data] Shuffling data
[2019-03-30 12:32:14] [data] Done reading 620637 sentences
[2019-03-30 12:32:16] [data] Done shuffling 620637 sentences to temp files
[2019-03-30 12:37:48] Ep. 3 : Up. 5000 : Sen. 203,839 : Cost 297.91513062 : Time 453.99s : 18203.31 words/s : L.r. 3.1250e-05
[2019-03-30 12:45:03] Ep. 3 : Up. 6000 : Sen. 486,101 : Cost 301.96051025 : Time 434.80s : 19280.92 words/s : L.r. 3.7500e-05
