[2019-03-15 16:49:20] [marian] Marian v1.7.5 4478901 2018-12-10 07:49:46 -0800
[2019-03-15 16:49:20] [marian] Running on poseidon.lingea.cz as process 7939 with command line:
[2019-03-15 16:49:20] [marian] /home/big_maggie/usr/marian_poseidon/marian-dev/build/marian --model model/model.src0tgt0.npz --type transformer --train-sets corp/europarl.fr-en.docs.train.en.bpe corp/europarl.fr-en.docs.train.fr.bpe --max-length 80 --vocabs corp/vocab.enfr.europarl.yml corp/vocab.enfr.europarl.yml --dim-vocabs 30000 30000 --mini-batch-fit -w 9400 --maxi-batch 1000 --early-stopping 10 --valid-freq 5000 --save-freq 5000 --disp-freq 1000 --valid-metrics cross-entropy perplexity translation --valid-sets corp/europarl.fr-en.docs.dev.en.bpe corp/europarl.fr-en.docs.dev.fr.bpe --valid-script-path ./val.sh --valid-translation-output data/valid.bpe.en.output --quiet-translation --valid-mini-batch 32 --beam-size 6 --normalize 0.6 --log model/train_trans.log --valid-log model/valid_trans.log --enc-depth 6 --dec-depth 6 --transformer-heads 8 --transformer-postprocess-emb d --transformer-postprocess dan --transformer-dropout 0.1 --label-smoothing 0.1 --learn-rate 0.0003 --lr-warmup 16000 --lr-decay-inv-sqrt 16000 --lr-report --optimizer-params 0.9 0.98 1e-09 --clip-norm 5 --tied-embeddings-all --optimizer-delay 4 --devices 0 1 --sync-sgd --seed 1111 --exponential-smoothing
[2019-03-15 16:49:20] [config] after-batches: 0
[2019-03-15 16:49:20] [config] after-epochs: 0
[2019-03-15 16:49:20] [config] allow-unk: false
[2019-03-15 16:49:20] [config] beam-size: 6
[2019-03-15 16:49:20] [config] best-deep: false
[2019-03-15 16:49:20] [config] clip-gemm: 0
[2019-03-15 16:49:20] [config] clip-norm: 5
[2019-03-15 16:49:20] [config] cost-type: ce-mean
[2019-03-15 16:49:20] [config] cpu-threads: 0
[2019-03-15 16:49:20] [config] data-weighting-type: sentence
[2019-03-15 16:49:20] [config] dec-cell: gru
[2019-03-15 16:49:20] [config] dec-cell-base-depth: 2
[2019-03-15 16:49:20] [config] dec-cell-high-depth: 1
[2019-03-15 16:49:20] [config] dec-depth: 6
[2019-03-15 16:49:20] [config] devices:
[2019-03-15 16:49:20] [config]   - 0
[2019-03-15 16:49:20] [config]   - 1
[2019-03-15 16:49:20] [config] dim-emb: 512
[2019-03-15 16:49:20] [config] dim-rnn: 1024
[2019-03-15 16:49:20] [config] dim-vocabs:
[2019-03-15 16:49:20] [config]   - 30000
[2019-03-15 16:49:20] [config]   - 30000
[2019-03-15 16:49:20] [config] disp-first: 0
[2019-03-15 16:49:20] [config] disp-freq: 1000
[2019-03-15 16:49:20] [config] disp-label-counts: false
[2019-03-15 16:49:20] [config] dropout-rnn: 0
[2019-03-15 16:49:20] [config] dropout-src: 0
[2019-03-15 16:49:20] [config] dropout-trg: 0
[2019-03-15 16:49:20] [config] early-stopping: 10
[2019-03-15 16:49:20] [config] embedding-fix-src: false
[2019-03-15 16:49:20] [config] embedding-fix-trg: false
[2019-03-15 16:49:20] [config] embedding-normalization: false
[2019-03-15 16:49:20] [config] enc-cell: gru
[2019-03-15 16:49:20] [config] enc-cell-depth: 1
[2019-03-15 16:49:20] [config] enc-depth: 6
[2019-03-15 16:49:20] [config] enc-type: bidirectional
[2019-03-15 16:49:20] [config] exponential-smoothing: 0.0001
[2019-03-15 16:49:20] [config] grad-dropping-momentum: 0
[2019-03-15 16:49:20] [config] grad-dropping-rate: 0
[2019-03-15 16:49:20] [config] grad-dropping-warmup: 100
[2019-03-15 16:49:20] [config] guided-alignment: none
[2019-03-15 16:49:20] [config] guided-alignment-cost: mse
[2019-03-15 16:49:20] [config] guided-alignment-weight: 0.1
[2019-03-15 16:49:20] [config] ignore-model-config: false
[2019-03-15 16:49:20] [config] interpolate-env-vars: false
[2019-03-15 16:49:20] [config] keep-best: false
[2019-03-15 16:49:20] [config] label-smoothing: 0.1
[2019-03-15 16:49:20] [config] layer-normalization: false
[2019-03-15 16:49:20] [config] learn-rate: 0.0003
[2019-03-15 16:49:20] [config] log: model/train_trans.log
[2019-03-15 16:49:20] [config] log-level: info
[2019-03-15 16:49:20] [config] lr-decay: 0
[2019-03-15 16:49:20] [config] lr-decay-freq: 50000
[2019-03-15 16:49:20] [config] lr-decay-inv-sqrt: 16000
[2019-03-15 16:49:20] [config] lr-decay-repeat-warmup: false
[2019-03-15 16:49:20] [config] lr-decay-reset-optimizer: false
[2019-03-15 16:49:20] [config] lr-decay-start:
[2019-03-15 16:49:20] [config]   - 10
[2019-03-15 16:49:20] [config]   - 1
[2019-03-15 16:49:20] [config] lr-decay-strategy: epoch+stalled
[2019-03-15 16:49:20] [config] lr-report: true
[2019-03-15 16:49:20] [config] lr-warmup: 16000
[2019-03-15 16:49:20] [config] lr-warmup-at-reload: false
[2019-03-15 16:49:20] [config] lr-warmup-cycle: false
[2019-03-15 16:49:20] [config] lr-warmup-start-rate: 0
[2019-03-15 16:49:20] [config] max-length: 80
[2019-03-15 16:49:20] [config] max-length-crop: false
[2019-03-15 16:49:20] [config] max-length-factor: 3
[2019-03-15 16:49:20] [config] maxi-batch: 1000
[2019-03-15 16:49:20] [config] maxi-batch-sort: trg
[2019-03-15 16:49:20] [config] mini-batch: 64
[2019-03-15 16:49:20] [config] mini-batch-fit: true
[2019-03-15 16:49:20] [config] mini-batch-fit-step: 10
[2019-03-15 16:49:20] [config] mini-batch-words: 0
[2019-03-15 16:49:20] [config] model: model/model.src0tgt0.npz
[2019-03-15 16:49:20] [config] multi-node: false
[2019-03-15 16:49:20] [config] multi-node-overlap: true
[2019-03-15 16:49:20] [config] n-best: false
[2019-03-15 16:49:20] [config] no-nccl: false
[2019-03-15 16:49:20] [config] no-reload: false
[2019-03-15 16:49:20] [config] no-restore-corpus: false
[2019-03-15 16:49:20] [config] no-shuffle: false
[2019-03-15 16:49:20] [config] normalize: 0.6
[2019-03-15 16:49:20] [config] optimizer: adam
[2019-03-15 16:49:20] [config] optimizer-delay: 4
[2019-03-15 16:49:20] [config] optimizer-params:
[2019-03-15 16:49:20] [config]   - 0.9
[2019-03-15 16:49:20] [config]   - 0.98
[2019-03-15 16:49:20] [config]   - 1e-09
[2019-03-15 16:49:20] [config] overwrite: false
[2019-03-15 16:49:20] [config] quiet: false
[2019-03-15 16:49:20] [config] quiet-translation: true
[2019-03-15 16:49:20] [config] relative-paths: false
[2019-03-15 16:49:20] [config] right-left: false
[2019-03-15 16:49:20] [config] save-freq: 5000
[2019-03-15 16:49:20] [config] seed: 1111
[2019-03-15 16:49:20] [config] sentencepiece-alphas:
[2019-03-15 16:49:20] [config]   []
[2019-03-15 16:49:20] [config] sentencepiece-max-lines: 10000000
[2019-03-15 16:49:20] [config] sentencepiece-options: ""
[2019-03-15 16:49:20] [config] shuffle-in-ram: false
[2019-03-15 16:49:20] [config] skip: false
[2019-03-15 16:49:20] [config] sqlite: ""
[2019-03-15 16:49:20] [config] sqlite-drop: false
[2019-03-15 16:49:20] [config] sync-sgd: true
[2019-03-15 16:49:20] [config] tempdir: /tmp
[2019-03-15 16:49:20] [config] tied-embeddings: false
[2019-03-15 16:49:20] [config] tied-embeddings-all: true
[2019-03-15 16:49:20] [config] tied-embeddings-src: false
[2019-03-15 16:49:20] [config] train-sets:
[2019-03-15 16:49:20] [config]   - corp/europarl.fr-en.docs.train.en.bpe
[2019-03-15 16:49:20] [config]   - corp/europarl.fr-en.docs.train.fr.bpe
[2019-03-15 16:49:20] [config] transformer-aan-activation: swish
[2019-03-15 16:49:20] [config] transformer-aan-depth: 2
[2019-03-15 16:49:20] [config] transformer-aan-nogate: false
[2019-03-15 16:49:20] [config] transformer-decoder-autoreg: self-attention
[2019-03-15 16:49:20] [config] transformer-dim-aan: 2048
[2019-03-15 16:49:20] [config] transformer-dim-ffn: 2048
[2019-03-15 16:49:20] [config] transformer-dropout: 0.1
[2019-03-15 16:49:20] [config] transformer-dropout-attention: 0
[2019-03-15 16:49:20] [config] transformer-dropout-ffn: 0
[2019-03-15 16:49:20] [config] transformer-ffn-activation: swish
[2019-03-15 16:49:20] [config] transformer-ffn-depth: 2
[2019-03-15 16:49:20] [config] transformer-guided-alignment-layer: last
[2019-03-15 16:49:20] [config] transformer-heads: 8
[2019-03-15 16:49:20] [config] transformer-no-projection: false
[2019-03-15 16:49:20] [config] transformer-postprocess: dan
[2019-03-15 16:49:20] [config] transformer-postprocess-emb: d
[2019-03-15 16:49:20] [config] transformer-preprocess: ""
[2019-03-15 16:49:20] [config] transformer-tied-layers:
[2019-03-15 16:49:20] [config]   []
[2019-03-15 16:49:20] [config] type: transformer
[2019-03-15 16:49:20] [config] ulr: false
[2019-03-15 16:49:20] [config] ulr-dim-emb: 0
[2019-03-15 16:49:20] [config] ulr-dropout: 0
[2019-03-15 16:49:20] [config] ulr-keys-vectors: ""
[2019-03-15 16:49:20] [config] ulr-query-vectors: ""
[2019-03-15 16:49:20] [config] ulr-softmax-temperature: 1
[2019-03-15 16:49:20] [config] ulr-trainable-transformation: false
[2019-03-15 16:49:20] [config] valid-freq: 5000
[2019-03-15 16:49:20] [config] valid-log: model/valid_trans.log
[2019-03-15 16:49:20] [config] valid-max-length: 1000
[2019-03-15 16:49:20] [config] valid-metrics:
[2019-03-15 16:49:20] [config]   - cross-entropy
[2019-03-15 16:49:20] [config]   - perplexity
[2019-03-15 16:49:20] [config]   - translation
[2019-03-15 16:49:20] [config] valid-mini-batch: 32
[2019-03-15 16:49:20] [config] valid-script-path: ./val.sh
[2019-03-15 16:49:20] [config] valid-sets:
[2019-03-15 16:49:20] [config]   - corp/europarl.fr-en.docs.dev.en.bpe
[2019-03-15 16:49:20] [config]   - corp/europarl.fr-en.docs.dev.fr.bpe
[2019-03-15 16:49:20] [config] valid-translation-output: data/valid.bpe.en.output
[2019-03-15 16:49:20] [config] vocabs:
[2019-03-15 16:49:20] [config]   - corp/vocab.enfr.europarl.yml
[2019-03-15 16:49:20] [config]   - corp/vocab.enfr.europarl.yml
[2019-03-15 16:49:20] [config] word-penalty: 0
[2019-03-15 16:49:20] [config] workspace: 9400
[2019-03-15 16:49:20] [config] Model is being created with Marian v1.7.5 4478901 2018-12-10 07:49:46 -0800
[2019-03-15 16:49:20] Using synchronous training
[2019-03-15 16:49:20] [data] Loading vocabulary from JSON/Yaml file corp/vocab.enfr.europarl.yml
[2019-03-15 16:49:20] [data] Setting vocabulary size for input 0 to 30000
[2019-03-15 16:49:20] [data] Loading vocabulary from JSON/Yaml file corp/vocab.enfr.europarl.yml
[2019-03-15 16:49:21] [data] Setting vocabulary size for input 1 to 30000
[2019-03-15 16:49:21] [batching] Collecting statistics for batch fitting with step size 10
[2019-03-15 16:49:21] Compiled without MPI support. Falling back to FakeMPIWrapper
[2019-03-15 16:49:22] [memory] Extending reserved space to 9472 MB (device gpu0)
[2019-03-15 16:49:22] [memory] Extending reserved space to 9472 MB (device gpu1)
[2019-03-15 16:49:22] [comm] Using NCCL 2.3.7 for GPU communication
[2019-03-15 16:49:24] [memory] Reserving 227 MB, device gpu0
[2019-03-15 16:49:25] [memory] Reserving 227 MB, device gpu0
[2019-03-15 16:49:40] [batching] Done
[2019-03-15 16:49:40] [memory] Extending reserved space to 9472 MB (device gpu0)
[2019-03-15 16:49:40] [memory] Extending reserved space to 9472 MB (device gpu1)
[2019-03-15 16:49:40] [comm] Using NCCL 2.3.7 for GPU communication
[2019-03-15 16:49:40] Training started
[2019-03-15 16:49:40] [data] Shuffling files
[2019-03-15 16:49:42] [data] Done reading 1954143 sentences
[2019-03-15 16:49:49] [data] Done shuffling 1954143 sentences to temp files
[2019-03-15 16:49:53] [memory] Reserving 227 MB, device gpu0
[2019-03-15 16:49:53] [memory] Reserving 227 MB, device gpu1
[2019-03-15 16:49:54] [memory] Reserving 113 MB, device gpu0
[2019-03-15 16:49:54] [memory] Reserving 113 MB, device gpu1
[2019-03-15 16:49:54] [memory] Reserving 227 MB, device gpu0
[2019-03-15 16:49:54] [memory] Reserving 227 MB, device gpu1
[2019-03-15 16:49:54] [memory] Reserving 227 MB, device gpu0
[2019-03-15 16:49:54] [memory] Reserving 227 MB, device gpu1
[2019-03-15 17:09:28] Ep. 1 : Up. 1000 : Sen. 894,320 : Cost 269.53958130 : Time 1188.25s : 23471.88 words/s : L.r. 1.8750e-05
[2019-03-15 17:29:05] Ep. 1 : Up. 2000 : Sen. 1,787,227 : Cost 208.35971069 : Time 1176.50s : 23643.36 words/s : L.r. 3.7500e-05
[2019-03-15 17:31:45] Seen 1907758 samples
[2019-03-15 17:31:45] Starting epoch 2
[2019-03-15 17:31:45] [data] Shuffling files
[2019-03-15 17:31:47] [data] Done reading 1954143 sentences
[2019-03-15 17:31:54] [data] Done shuffling 1954143 sentences to temp files
[2019-03-15 17:48:58] Ep. 2 : Up. 3000 : Sen. 772,324 : Cost 177.13020325 : Time 1193.12s : 23337.39 words/s : L.r. 5.6250e-05
[2019-03-15 18:08:35] Ep. 2 : Up. 4000 : Sen. 1,665,346 : Cost 158.85841370 : Time 1177.20s : 23633.51 words/s : L.r. 7.5000e-05
[2019-03-15 18:13:56] Seen 1907758 samples
[2019-03-15 18:13:56] Starting epoch 3
[2019-03-15 18:13:56] [data] Shuffling files
[2019-03-15 18:13:57] [data] Done reading 1954143 sentences
[2019-03-15 18:14:05] [data] Done shuffling 1954143 sentences to temp files
[2019-03-15 18:28:26] Ep. 3 : Up. 5000 : Sen. 648,344 : Cost 143.37776184 : Time 1190.54s : 23363.26 words/s : L.r. 9.3750e-05
[2019-03-15 18:28:26] Saving model weights and runtime parameters to model/model.src0tgt0.npz.orig.npz
[2019-03-15 18:28:30] Saving model weights and runtime parameters to model/model.src0tgt0.iter5000.npz
[2019-03-15 18:28:34] Saving model weights and runtime parameters to model/model.src0tgt0.npz
[2019-03-15 18:28:39] Saving Adam parameters to model/model.src0tgt0.npz.optimizer.npz
[2019-03-15 18:29:10] [valid] Ep. 3 : Up. 5000 : cross-entropy : 122.112 : new best
[2019-03-15 18:29:33] [valid] Ep. 3 : Up. 5000 : perplexity : 40.2611 : new best
Detokenizer Version $Revision: 4134 $
Language: en
[2019-03-15 19:05:04] [valid] Ep. 3 : Up. 5000 : translation : 6.83 : new best
[2019-03-15 19:24:42] Ep. 3 : Up. 6000 : Sen. 1,541,073 : Cost 120.40991974 : Time 3376.48s : 8229.00 words/s : L.r. 1.1250e-04
[2019-03-15 19:32:47] Seen 1907758 samples
[2019-03-15 19:32:47] Starting epoch 4
[2019-03-15 19:32:47] [data] Shuffling files
[2019-03-15 19:32:48] [data] Done reading 1954143 sentences
[2019-03-15 19:32:56] [data] Done shuffling 1954143 sentences to temp files
[2019-03-15 19:44:39] Ep. 4 : Up. 7000 : Sen. 531,299 : Cost 103.56593323 : Time 1196.56s : 23369.89 words/s : L.r. 1.3125e-04
[2019-03-15 20:04:19] Ep. 4 : Up. 8000 : Sen. 1,418,859 : Cost 95.58238983 : Time 1180.15s : 23557.16 words/s : L.r. 1.5000e-04
[2019-03-15 20:15:02] Seen 1907758 samples
[2019-03-15 20:15:02] Starting epoch 5
[2019-03-15 20:15:02] [data] Shuffling files
[2019-03-15 20:15:04] [data] Done reading 1954143 sentences
[2019-03-15 20:15:11] [data] Done shuffling 1954143 sentences to temp files
[2019-03-15 20:24:10] Ep. 5 : Up. 9000 : Sen. 404,842 : Cost 89.20317841 : Time 1190.74s : 23288.04 words/s : L.r. 1.6875e-04
[2019-03-15 20:43:56] Ep. 5 : Up. 10000 : Sen. 1,298,342 : Cost 86.94110870 : Time 1186.86s : 23584.91 words/s : L.r. 1.8750e-04
[2019-03-15 20:43:56] Saving model weights and runtime parameters to model/model.src0tgt0.npz.orig.npz
[2019-03-15 20:44:01] Saving model weights and runtime parameters to model/model.src0tgt0.iter10000.npz
[2019-03-15 20:44:05] Saving model weights and runtime parameters to model/model.src0tgt0.npz
[2019-03-15 20:44:10] Saving Adam parameters to model/model.src0tgt0.npz.optimizer.npz
[2019-03-15 20:44:41] [valid] Ep. 5 : Up. 10000 : cross-entropy : 60.3781 : new best
[2019-03-15 20:45:04] [valid] Ep. 5 : Up. 10000 : perplexity : 6.21629 : new best
Detokenizer Version $Revision: 4134 $
Language: en
[2019-03-15 21:05:15] [valid] Ep. 5 : Up. 10000 : translation : 29.91 : new best
[2019-03-15 21:18:33] Seen 1907758 samples
[2019-03-15 21:18:33] Starting epoch 6
[2019-03-15 21:18:33] [data] Shuffling files
[2019-03-15 21:18:35] [data] Done reading 1954143 sentences
[2019-03-15 21:18:42] [data] Done shuffling 1954143 sentences to temp files
[2019-03-15 21:25:13] Ep. 6 : Up. 11000 : Sen. 291,354 : Cost 83.77448273 : Time 2476.80s : 11325.06 words/s : L.r. 2.0625e-04
[2019-03-15 21:44:59] Ep. 6 : Up. 12000 : Sen. 1,194,121 : Cost 81.62174225 : Time 1185.57s : 23580.59 words/s : L.r. 2.2500e-04
[2019-03-15 22:00:48] Seen 1907758 samples
[2019-03-15 22:00:48] Starting epoch 7
[2019-03-15 22:00:48] [data] Shuffling files
[2019-03-15 22:00:49] [data] Done reading 1954143 sentences
[2019-03-15 22:00:56] [data] Done shuffling 1954143 sentences to temp files
[2019-03-15 22:04:48] Ep. 7 : Up. 13000 : Sen. 170,968 : Cost 81.43341827 : Time 1189.32s : 23324.11 words/s : L.r. 2.4375e-04
[2019-03-15 22:24:20] Ep. 7 : Up. 14000 : Sen. 1,055,394 : Cost 79.84632874 : Time 1171.62s : 23588.23 words/s : L.r. 2.6250e-04
[2019-03-15 22:43:02] Seen 1907758 samples
[2019-03-15 22:43:02] Starting epoch 8
[2019-03-15 22:43:02] [data] Shuffling files
[2019-03-15 22:43:03] [data] Done reading 1954143 sentences
[2019-03-15 22:43:11] [data] Done shuffling 1954143 sentences to temp files
[2019-03-15 22:44:10] Ep. 8 : Up. 15000 : Sen. 41,850 : Cost 78.65215302 : Time 1189.97s : 23320.59 words/s : L.r. 2.8125e-04
[2019-03-15 22:44:10] Saving model weights and runtime parameters to model/model.src0tgt0.npz.orig.npz
[2019-03-15 22:44:14] Saving model weights and runtime parameters to model/model.src0tgt0.iter15000.npz
[2019-03-15 22:44:18] Saving model weights and runtime parameters to model/model.src0tgt0.npz
[2019-03-15 22:44:23] Saving Adam parameters to model/model.src0tgt0.npz.optimizer.npz
[2019-03-15 22:44:54] [valid] Ep. 8 : Up. 15000 : cross-entropy : 51.2007 : new best
[2019-03-15 22:45:17] [valid] Ep. 8 : Up. 15000 : perplexity : 4.70886 : new best
Detokenizer Version $Revision: 4134 $
Language: en
[2019-03-15 23:05:01] [valid] Ep. 8 : Up. 15000 : translation : 32.43 : new best
[2019-03-15 23:24:38] Ep. 8 : Up. 16000 : Sen. 937,139 : Cost 77.75410461 : Time 2428.67s : 11472.03 words/s : L.r. 3.0000e-04
[2019-03-15 23:44:17] Ep. 8 : Up. 17000 : Sen. 1,828,964 : Cost 77.55633545 : Time 1178.88s : 23584.11 words/s : L.r. 2.9104e-04
[2019-03-15 23:46:04] Seen 1907758 samples
[2019-03-15 23:46:04] Starting epoch 9
[2019-03-15 23:46:04] [data] Shuffling files
[2019-03-15 23:46:05] [data] Done reading 1954143 sentences
[2019-03-15 23:46:13] [data] Done shuffling 1954143 sentences to temp files
[2019-03-16 00:04:11] Ep. 9 : Up. 18000 : Sen. 811,177 : Cost 76.43606567 : Time 1193.39s : 23291.52 words/s : L.r. 2.8284e-04
[2019-03-16 00:23:58] Ep. 9 : Up. 19000 : Sen. 1,707,127 : Cost 76.09535980 : Time 1186.86s : 23556.96 words/s : L.r. 2.7530e-04
[2019-03-16 00:28:21] Seen 1907758 samples
[2019-03-16 00:28:21] Starting epoch 10
[2019-03-16 00:28:21] [data] Shuffling files
[2019-03-16 00:28:23] [data] Done reading 1954143 sentences
[2019-03-16 00:28:30] [data] Done shuffling 1954143 sentences to temp files
[2019-03-16 00:43:54] Ep. 10 : Up. 20000 : Sen. 697,377 : Cost 74.81678772 : Time 1196.59s : 23334.21 words/s : L.r. 2.6833e-04
[2019-03-16 00:43:54] Saving model weights and runtime parameters to model/model.src0tgt0.npz.orig.npz
[2019-03-16 00:43:59] Saving model weights and runtime parameters to model/model.src0tgt0.iter20000.npz
[2019-03-16 00:44:03] Saving model weights and runtime parameters to model/model.src0tgt0.npz
[2019-03-16 00:44:08] Saving Adam parameters to model/model.src0tgt0.npz.optimizer.npz
[2019-03-16 00:44:39] [valid] Ep. 10 : Up. 20000 : cross-entropy : 47.5784 : new best
[2019-03-16 00:45:02] [valid] Ep. 10 : Up. 20000 : perplexity : 4.21996 : new best
Detokenizer Version $Revision: 4134 $
Language: en
[2019-03-16 01:04:39] [valid] Ep. 10 : Up. 20000 : translation : 33.32 : new best
[2019-03-16 01:24:26] Ep. 10 : Up. 21000 : Sen. 1,596,632 : Cost 74.95761871 : Time 2432.02s : 11551.23 words/s : L.r. 2.6186e-04
[2019-03-16 01:31:19] Seen 1907758 samples
[2019-03-16 01:31:19] Starting epoch 11
[2019-03-16 01:31:19] [data] Shuffling files
[2019-03-16 01:31:20] [data] Done reading 1954143 sentences
[2019-03-16 01:31:28] [data] Done shuffling 1954143 sentences to temp files
[2019-03-16 01:44:05] Ep. 11 : Up. 22000 : Sen. 569,989 : Cost 73.96182251 : Time 1179.22s : 23249.22 words/s : L.r. 2.5584e-04
[2019-03-16 02:03:52] Ep. 11 : Up. 23000 : Sen. 1,469,736 : Cost 73.91661835 : Time 1186.37s : 23664.69 words/s : L.r. 2.5022e-04
[2019-03-16 02:13:30] Seen 1907758 samples
[2019-03-16 02:13:30] Starting epoch 12
[2019-03-16 02:13:30] [data] Shuffling files
[2019-03-16 02:13:32] [data] Done reading 1954143 sentences
[2019-03-16 02:13:39] [data] Done shuffling 1954143 sentences to temp files
[2019-03-16 02:23:41] Ep. 12 : Up. 24000 : Sen. 452,800 : Cost 73.37166595 : Time 1189.13s : 23361.26 words/s : L.r. 2.4495e-04
[2019-03-16 02:43:25] Ep. 12 : Up. 25000 : Sen. 1,348,490 : Cost 73.04056549 : Time 1184.24s : 23566.87 words/s : L.r. 2.4000e-04
[2019-03-16 02:43:25] Saving model weights and runtime parameters to model/model.src0tgt0.npz.orig.npz
[2019-03-16 02:43:29] Saving model weights and runtime parameters to model/model.src0tgt0.iter25000.npz
[2019-03-16 02:43:33] Saving model weights and runtime parameters to model/model.src0tgt0.npz
[2019-03-16 02:43:38] Saving Adam parameters to model/model.src0tgt0.npz.optimizer.npz
[2019-03-16 02:44:10] [valid] Ep. 12 : Up. 25000 : cross-entropy : 45.7295 : new best
[2019-03-16 02:44:32] [valid] Ep. 12 : Up. 25000 : perplexity : 3.99033 : new best
Detokenizer Version $Revision: 4134 $
Language: en
[2019-03-16 03:04:01] [valid] Ep. 12 : Up. 25000 : translation : 33.82 : new best
[2019-03-16 03:16:17] Seen 1907758 samples
[2019-03-16 03:16:17] Starting epoch 13
[2019-03-16 03:16:17] [data] Shuffling files
[2019-03-16 03:16:18] [data] Done reading 1954143 sentences
[2019-03-16 03:16:26] [data] Done shuffling 1954143 sentences to temp files
[2019-03-16 03:23:56] Ep. 13 : Up. 26000 : Sen. 338,066 : Cost 72.76239777 : Time 2430.74s : 11517.09 words/s : L.r. 2.3534e-04
[2019-03-16 03:43:34] Ep. 13 : Up. 27000 : Sen. 1,230,467 : Cost 72.29114532 : Time 1178.05s : 23575.43 words/s : L.r. 2.3094e-04
[2019-03-16 03:58:31] Seen 1907758 samples
[2019-03-16 03:58:31] Starting epoch 14
[2019-03-16 03:58:31] [data] Shuffling files
[2019-03-16 03:58:33] [data] Done reading 1954143 sentences
[2019-03-16 03:58:40] [data] Done shuffling 1954143 sentences to temp files
[2019-03-16 04:03:24] Ep. 14 : Up. 28000 : Sen. 213,629 : Cost 72.14663696 : Time 1189.69s : 23309.50 words/s : L.r. 2.2678e-04
[2019-03-16 04:22:59] Ep. 14 : Up. 29000 : Sen. 1,102,940 : Cost 71.90107727 : Time 1175.42s : 23616.27 words/s : L.r. 2.2283e-04
[2019-03-16 04:40:43] Seen 1907758 samples
[2019-03-16 04:40:43] Starting epoch 15
[2019-03-16 04:40:43] [data] Shuffling files
[2019-03-16 04:40:45] [data] Done reading 1954143 sentences
[2019-03-16 04:40:52] [data] Done shuffling 1954143 sentences to temp files
[2019-03-16 04:42:45] Ep. 15 : Up. 30000 : Sen. 84,123 : Cost 71.88048553 : Time 1186.19s : 23361.19 words/s : L.r. 2.1909e-04
[2019-03-16 04:42:45] Saving model weights and runtime parameters to model/model.src0tgt0.npz.orig.npz
[2019-03-16 04:42:50] Saving model weights and runtime parameters to model/model.src0tgt0.iter30000.npz
[2019-03-16 04:42:54] Saving model weights and runtime parameters to model/model.src0tgt0.npz
[2019-03-16 04:42:59] Saving Adam parameters to model/model.src0tgt0.npz.optimizer.npz
[2019-03-16 04:43:30] [valid] Ep. 15 : Up. 30000 : cross-entropy : 44.7408 : new best
[2019-03-16 04:43:53] [valid] Ep. 15 : Up. 30000 : perplexity : 3.8727 : new best
Detokenizer Version $Revision: 4134 $
Language: en
[2019-03-16 05:03:32] [valid] Ep. 15 : Up. 30000 : translation : 34.1 : new best
[2019-03-16 05:23:15] Ep. 15 : Up. 31000 : Sen. 983,585 : Cost 71.15402985 : Time 2430.17s : 11517.31 words/s : L.r. 2.1553e-04
[2019-03-16 05:42:53] Ep. 15 : Up. 32000 : Sen. 1,873,491 : Cost 71.65670013 : Time 1177.86s : 23613.79 words/s : L.r. 2.1213e-04
[2019-03-16 05:43:38] Seen 1907758 samples
[2019-03-16 05:43:38] Starting epoch 16
[2019-03-16 05:43:38] [data] Shuffling files
[2019-03-16 05:43:40] [data] Done reading 1954143 sentences
[2019-03-16 05:43:47] [data] Done shuffling 1954143 sentences to temp files
[2019-03-16 06:02:50] Ep. 16 : Up. 33000 : Sen. 861,251 : Cost 71.02475739 : Time 1196.98s : 23393.70 words/s : L.r. 2.0889e-04
[2019-03-16 06:22:22] Ep. 16 : Up. 34000 : Sen. 1,748,567 : Cost 71.12042236 : Time 1172.10s : 23614.13 words/s : L.r. 2.0580e-04
[2019-03-16 06:25:51] Seen 1907758 samples
[2019-03-16 06:25:51] Starting epoch 17
[2019-03-16 06:25:51] [data] Shuffling files
[2019-03-16 06:25:52] [data] Done reading 1954143 sentences
[2019-03-16 06:26:00] [data] Done shuffling 1954143 sentences to temp files
[2019-03-16 06:42:14] Ep. 17 : Up. 35000 : Sen. 735,094 : Cost 70.23469543 : Time 1191.35s : 23315.50 words/s : L.r. 2.0284e-04
[2019-03-16 06:42:14] Saving model weights and runtime parameters to model/model.src0tgt0.npz.orig.npz
[2019-03-16 06:42:18] Saving model weights and runtime parameters to model/model.src0tgt0.iter35000.npz
[2019-03-16 06:42:22] Saving model weights and runtime parameters to model/model.src0tgt0.npz
[2019-03-16 06:42:27] Saving Adam parameters to model/model.src0tgt0.npz.optimizer.npz
[2019-03-16 06:42:58] [valid] Ep. 17 : Up. 35000 : cross-entropy : 44.1707 : new best
[2019-03-16 06:43:21] [valid] Ep. 17 : Up. 35000 : perplexity : 3.80647 : new best
Detokenizer Version $Revision: 4134 $
Language: en
[2019-03-16 07:02:49] [valid] Ep. 17 : Up. 35000 : translation : 34.3 : new best
[2019-03-16 07:22:24] Ep. 17 : Up. 36000 : Sen. 1,627,731 : Cost 70.43608093 : Time 2410.73s : 11502.81 words/s : L.r. 2.0000e-04
[2019-03-16 07:28:40] Seen 1907758 samples
[2019-03-16 07:28:40] Starting epoch 18
[2019-03-16 07:28:40] [data] Shuffling files
[2019-03-16 07:28:41] [data] Done reading 1954143 sentences
[2019-03-16 07:28:48] [data] Done shuffling 1954143 sentences to temp files
[2019-03-16 07:42:10] Ep. 18 : Up. 37000 : Sen. 606,528 : Cost 70.30168915 : Time 1186.07s : 23323.22 words/s : L.r. 1.9728e-04
[2019-03-16 08:01:48] Ep. 18 : Up. 38000 : Sen. 1,499,402 : Cost 70.21768951 : Time 1177.96s : 23599.75 words/s : L.r. 1.9467e-04
[2019-03-16 08:10:51] Seen 1907758 samples
[2019-03-16 08:10:51] Starting epoch 19
[2019-03-16 08:10:51] [data] Shuffling files
[2019-03-16 08:10:52] [data] Done reading 1954143 sentences
[2019-03-16 08:11:00] [data] Done shuffling 1954143 sentences to temp files
[2019-03-16 08:21:51] Ep. 19 : Up. 39000 : Sen. 490,527 : Cost 70.37612152 : Time 1202.25s : 23434.92 words/s : L.r. 1.9215e-04
[2019-03-16 08:41:29] Ep. 19 : Up. 40000 : Sen. 1,383,664 : Cost 69.82389832 : Time 1178.40s : 23578.41 words/s : L.r. 1.8974e-04
[2019-03-16 08:41:29] Saving model weights and runtime parameters to model/model.src0tgt0.npz.orig.npz
[2019-03-16 08:41:34] Saving model weights and runtime parameters to model/model.src0tgt0.iter40000.npz
[2019-03-16 08:41:37] Saving model weights and runtime parameters to model/model.src0tgt0.npz
[2019-03-16 08:41:42] Saving Adam parameters to model/model.src0tgt0.npz.optimizer.npz
[2019-03-16 08:42:14] [valid] Ep. 19 : Up. 40000 : cross-entropy : 43.7982 : new best
[2019-03-16 08:42:36] [valid] Ep. 19 : Up. 40000 : perplexity : 3.7638 : new best
Detokenizer Version $Revision: 4134 $
Language: en
[2019-03-16 09:02:00] [valid] Ep. 19 : Up. 40000 : translation : 34.42 : new best
[2019-03-16 09:13:28] Seen 1907758 samples
[2019-03-16 09:13:28] Starting epoch 20
[2019-03-16 09:13:28] [data] Shuffling files
[2019-03-16 09:13:30] [data] Done reading 1954143 sentences
[2019-03-16 09:13:37] [data] Done shuffling 1954143 sentences to temp files
[2019-03-16 09:21:53] Ep. 20 : Up. 41000 : Sen. 374,735 : Cost 69.72767639 : Time 2423.60s : 11551.57 words/s : L.r. 1.8741e-04
[2019-03-16 09:41:31] Ep. 20 : Up. 42000 : Sen. 1,266,717 : Cost 69.64743042 : Time 1178.28s : 23596.58 words/s : L.r. 1.8516e-04
[2019-03-16 09:55:36] Seen 1907758 samples
[2019-03-16 09:55:36] Starting epoch 21
[2019-03-16 09:55:36] [data] Shuffling files
[2019-03-16 09:55:37] [data] Done reading 1954143 sentences
[2019-03-16 09:55:45] [data] Done shuffling 1954143 sentences to temp files
[2019-03-16 10:01:29] Ep. 21 : Up. 43000 : Sen. 258,032 : Cost 69.63168335 : Time 1197.76s : 23409.49 words/s : L.r. 1.8300e-04
[2019-03-16 10:21:12] Ep. 21 : Up. 44000 : Sen. 1,158,192 : Cost 69.19850159 : Time 1183.29s : 23671.06 words/s : L.r. 1.8091e-04
[2019-03-16 10:37:43] Seen 1907758 samples
[2019-03-16 10:37:43] Starting epoch 22
[2019-03-16 10:37:43] [data] Shuffling files
[2019-03-16 10:37:44] [data] Done reading 1954143 sentences
[2019-03-16 10:37:52] [data] Done shuffling 1954143 sentences to temp files
[2019-03-16 10:41:02] Ep. 22 : Up. 45000 : Sen. 142,211 : Cost 69.64254761 : Time 1190.38s : 23406.10 words/s : L.r. 1.7889e-04
[2019-03-16 10:41:02] Saving model weights and runtime parameters to model/model.src0tgt0.npz.orig.npz
[2019-03-16 10:41:07] Saving model weights and runtime parameters to model/model.src0tgt0.iter45000.npz
[2019-03-16 10:41:11] Saving model weights and runtime parameters to model/model.src0tgt0.npz
[2019-03-16 10:41:16] Saving Adam parameters to model/model.src0tgt0.npz.optimizer.npz
[2019-03-16 10:41:47] [valid] Ep. 22 : Up. 45000 : cross-entropy : 43.5475 : new best
[2019-03-16 10:42:09] [valid] Ep. 22 : Up. 45000 : perplexity : 3.73535 : new best
Detokenizer Version $Revision: 4134 $
Language: en
[2019-03-16 11:01:29] [valid] Ep. 22 : Up. 45000 : translation : 34.46 : new best
[2019-03-16 11:21:05] Ep. 22 : Up. 46000 : Sen. 1,032,882 : Cost 69.04141998 : Time 2402.74s : 11554.77 words/s : L.r. 1.7693e-04
[2019-03-16 11:40:20] Seen 1907758 samples
[2019-03-16 11:40:20] Starting epoch 23
[2019-03-16 11:40:20] [data] Shuffling files
[2019-03-16 11:40:21] [data] Done reading 1954143 sentences
[2019-03-16 11:40:29] [data] Done shuffling 1954143 sentences to temp files
[2019-03-16 11:41:01] Ep. 23 : Up. 47000 : Sen. 20,926 : Cost 69.39791870 : Time 1195.75s : 23367.46 words/s : L.r. 1.7504e-04
[2019-03-16 12:00:40] Ep. 23 : Up. 48000 : Sen. 915,200 : Cost 68.56343842 : Time 1179.03s : 23577.42 words/s : L.r. 1.7321e-04
[2019-03-16 12:20:21] Ep. 23 : Up. 49000 : Sen. 1,808,339 : Cost 69.11788940 : Time 1181.44s : 23562.47 words/s : L.r. 1.7143e-04
[2019-03-16 12:22:36] Seen 1907758 samples
[2019-03-16 12:22:36] Starting epoch 24
[2019-03-16 12:22:36] [data] Shuffling files
[2019-03-16 12:22:38] [data] Done reading 1954143 sentences
[2019-03-16 12:22:45] [data] Done shuffling 1954143 sentences to temp files
[2019-03-16 12:40:20] Ep. 24 : Up. 50000 : Sen. 795,646 : Cost 68.81532288 : Time 1198.35s : 23357.14 words/s : L.r. 1.6971e-04
[2019-03-16 12:40:20] Saving model weights and runtime parameters to model/model.src0tgt0.npz.orig.npz
[2019-03-16 12:40:24] Saving model weights and runtime parameters to model/model.src0tgt0.iter50000.npz
[2019-03-16 12:40:28] Saving model weights and runtime parameters to model/model.src0tgt0.npz
[2019-03-16 12:40:33] Saving Adam parameters to model/model.src0tgt0.npz.optimizer.npz
[2019-03-16 12:41:04] [valid] Ep. 24 : Up. 50000 : cross-entropy : 43.4089 : new best
[2019-03-16 12:41:26] [valid] Ep. 24 : Up. 50000 : perplexity : 3.71971 : new best
Detokenizer Version $Revision: 4134 $
Language: en
[2019-03-16 13:00:25] [valid] Ep. 24 : Up. 50000 : translation : 34.48 : new best
[2019-03-16 13:19:59] Ep. 24 : Up. 51000 : Sen. 1,687,397 : Cost 68.66313171 : Time 2378.84s : 11649.65 words/s : L.r. 1.6803e-04
[2019-03-16 13:24:52] Seen 1907758 samples
[2019-03-16 13:24:52] Starting epoch 25
[2019-03-16 13:24:52] [data] Shuffling files
[2019-03-16 13:24:54] [data] Done reading 1954143 sentences
[2019-03-16 13:25:01] [data] Done shuffling 1954143 sentences to temp files
[2019-03-16 13:39:52] Ep. 25 : Up. 52000 : Sen. 672,073 : Cost 68.70253754 : Time 1193.27s : 23391.16 words/s : L.r. 1.6641e-04
[2019-03-16 13:59:28] Ep. 25 : Up. 53000 : Sen. 1,563,256 : Cost 68.73257446 : Time 1176.36s : 23636.86 words/s : L.r. 1.6483e-04
[2019-03-16 14:07:03] Seen 1907758 samples
[2019-03-16 14:07:03] Starting epoch 26
[2019-03-16 14:07:03] [data] Shuffling files
[2019-03-16 14:07:04] [data] Done reading 1954143 sentences
[2019-03-16 14:07:12] [data] Done shuffling 1954143 sentences to temp files
[2019-03-16 14:19:16] Ep. 26 : Up. 54000 : Sen. 546,772 : Cost 68.17283630 : Time 1187.84s : 23332.46 words/s : L.r. 1.6330e-04
[2019-03-16 14:39:00] Ep. 26 : Up. 55000 : Sen. 1,444,603 : Cost 68.51502991 : Time 1184.01s : 23660.94 words/s : L.r. 1.6181e-04
[2019-03-16 14:39:00] Saving model weights and runtime parameters to model/model.src0tgt0.npz.orig.npz
[2019-03-16 14:39:05] Saving model weights and runtime parameters to model/model.src0tgt0.iter55000.npz
[2019-03-16 14:39:09] Saving model weights and runtime parameters to model/model.src0tgt0.npz
[2019-03-16 14:39:14] Saving Adam parameters to model/model.src0tgt0.npz.optimizer.npz
[2019-03-16 14:39:46] [valid] Ep. 26 : Up. 55000 : cross-entropy : 43.3121 : new best
[2019-03-16 14:40:08] [valid] Ep. 26 : Up. 55000 : perplexity : 3.70883 : new best
Detokenizer Version $Revision: 4134 $
Language: en
[2019-03-16 14:59:30] [valid] Ep. 26 : Up. 55000 : translation : 34.54 : new best
[2019-03-16 15:09:38] Seen 1907758 samples
[2019-03-16 15:09:38] Starting epoch 27
[2019-03-16 15:09:38] [data] Shuffling files
[2019-03-16 15:09:39] [data] Done reading 1954143 sentences
[2019-03-16 15:09:47] [data] Done shuffling 1954143 sentences to temp files
[2019-03-16 15:19:19] Ep. 27 : Up. 56000 : Sen. 432,935 : Cost 67.96961212 : Time 2418.61s : 11500.09 words/s : L.r. 1.6036e-04
[2019-03-16 15:39:05] Ep. 27 : Up. 57000 : Sen. 1,330,148 : Cost 68.52408600 : Time 1186.26s : 23679.65 words/s : L.r. 1.5894e-04
[2019-03-16 15:51:48] Seen 1907758 samples
[2019-03-16 15:51:48] Starting epoch 28
[2019-03-16 15:51:48] [data] Shuffling files
[2019-03-16 15:51:49] [data] Done reading 1954143 sentences
[2019-03-16 15:51:57] [data] Done shuffling 1954143 sentences to temp files
[2019-03-16 15:58:45] Ep. 28 : Up. 58000 : Sen. 308,383 : Cost 68.01292419 : Time 1180.00s : 23344.60 words/s : L.r. 1.5757e-04
[2019-03-16 16:18:32] Ep. 28 : Up. 59000 : Sen. 1,207,931 : Cost 68.16661072 : Time 1187.39s : 23669.10 words/s : L.r. 1.5623e-04
[2019-03-16 16:33:58] Seen 1907758 samples
[2019-03-16 16:33:58] Starting epoch 29
[2019-03-16 16:33:58] [data] Shuffling files
[2019-03-16 16:33:59] [data] Done reading 1954143 sentences
[2019-03-16 16:34:07] [data] Done shuffling 1954143 sentences to temp files
[2019-03-16 16:38:16] Ep. 29 : Up. 60000 : Sen. 187,984 : Cost 67.89752960 : Time 1183.82s : 23312.60 words/s : L.r. 1.5492e-04
[2019-03-16 16:38:16] Saving model weights and runtime parameters to model/model.src0tgt0.npz.orig.npz
[2019-03-16 16:38:21] Saving model weights and runtime parameters to model/model.src0tgt0.iter60000.npz
[2019-03-16 16:38:25] Saving model weights and runtime parameters to model/model.src0tgt0.npz
[2019-03-16 16:38:29] Saving Adam parameters to model/model.src0tgt0.npz.optimizer.npz
[2019-03-16 16:39:01] [valid] Ep. 29 : Up. 60000 : cross-entropy : 43.2518 : new best
[2019-03-16 16:39:24] [valid] Ep. 29 : Up. 60000 : perplexity : 3.70207 : new best
Detokenizer Version $Revision: 4134 $
Language: en
[2019-03-16 16:58:36] [valid] Ep. 29 : Up. 60000 : translation : 34.54 : stalled 1 times
[2019-03-16 17:18:12] Ep. 29 : Up. 61000 : Sen. 1,078,687 : Cost 68.01997375 : Time 2396.12s : 11624.66 words/s : L.r. 1.5364e-04
[2019-03-16 17:36:30] Seen 1907758 samples
[2019-03-16 17:36:30] Starting epoch 30
[2019-03-16 17:36:30] [data] Shuffling files
[2019-03-16 17:36:32] [data] Done reading 1954143 sentences
[2019-03-16 17:36:39] [data] Done shuffling 1954143 sentences to temp files
[2019-03-16 17:38:00] Ep. 30 : Up. 62000 : Sen. 57,894 : Cost 68.04743195 : Time 1187.32s : 23275.96 words/s : L.r. 1.5240e-04
[2019-03-16 17:57:40] Ep. 30 : Up. 63000 : Sen. 953,463 : Cost 67.42117310 : Time 1180.84s : 23596.09 words/s : L.r. 1.5119e-04
[2019-03-16 18:17:15] Ep. 30 : Up. 64000 : Sen. 1,839,998 : Cost 68.04676056 : Time 1174.84s : 23542.96 words/s : L.r. 1.5000e-04
[2019-03-16 18:18:46] Seen 1907758 samples
[2019-03-16 18:18:46] Starting epoch 31
[2019-03-16 18:18:46] [data] Shuffling files
[2019-03-16 18:18:47] [data] Done reading 1954143 sentences
[2019-03-16 18:18:55] [data] Done shuffling 1954143 sentences to temp files
[2019-03-16 18:37:00] Ep. 31 : Up. 65000 : Sen. 820,252 : Cost 67.26682281 : Time 1184.99s : 23304.45 words/s : L.r. 1.4884e-04
[2019-03-16 18:37:00] Saving model weights and runtime parameters to model/model.src0tgt0.npz.orig.npz
[2019-03-16 18:37:05] Saving model weights and runtime parameters to model/model.src0tgt0.iter65000.npz
[2019-03-16 18:37:09] Saving model weights and runtime parameters to model/model.src0tgt0.npz
[2019-03-16 18:37:14] Saving Adam parameters to model/model.src0tgt0.npz.optimizer.npz
[2019-03-16 18:37:46] [valid] Ep. 31 : Up. 65000 : cross-entropy : 43.2315 : new best
[2019-03-16 18:38:09] [valid] Ep. 31 : Up. 65000 : perplexity : 3.6998 : new best
Detokenizer Version $Revision: 4134 $
Language: en
[2019-03-16 18:57:11] [valid] Ep. 31 : Up. 65000 : translation : 34.56 : new best
[2019-03-16 19:16:43] Ep. 31 : Up. 66000 : Sen. 1,706,537 : Cost 68.03119659 : Time 2382.46s : 11634.90 words/s : L.r. 1.4771e-04
[2019-03-16 19:21:09] Seen 1907758 samples
[2019-03-16 19:21:09] Starting epoch 32
[2019-03-16 19:21:09] [data] Shuffling files
[2019-03-16 19:21:11] [data] Done reading 1954143 sentences
[2019-03-16 19:21:18] [data] Done shuffling 1954143 sentences to temp files
[2019-03-16 19:36:36] Ep. 32 : Up. 67000 : Sen. 692,336 : Cost 67.38661957 : Time 1193.62s : 23348.25 words/s : L.r. 1.4660e-04
[2019-03-16 19:56:13] Ep. 32 : Up. 68000 : Sen. 1,583,243 : Cost 67.70312500 : Time 1177.03s : 23620.41 words/s : L.r. 1.4552e-04
[2019-03-16 20:03:20] Seen 1907758 samples
[2019-03-16 20:03:20] Starting epoch 33
[2019-03-16 20:03:20] [data] Shuffling files
[2019-03-16 20:03:22] [data] Done reading 1954143 sentences
[2019-03-16 20:03:29] [data] Done shuffling 1954143 sentences to temp files
[2019-03-16 20:15:55] Ep. 33 : Up. 69000 : Sen. 561,955 : Cost 67.12204742 : Time 1181.15s : 23334.50 words/s : L.r. 1.4446e-04
[2019-03-16 20:35:38] Ep. 33 : Up. 70000 : Sen. 1,455,688 : Cost 67.68464661 : Time 1183.15s : 23628.25 words/s : L.r. 1.4343e-04
[2019-03-16 20:35:38] Saving model weights and runtime parameters to model/model.src0tgt0.npz.orig.npz
[2019-03-16 20:35:43] Saving model weights and runtime parameters to model/model.src0tgt0.iter70000.npz
[2019-03-16 20:35:46] Saving model weights and runtime parameters to model/model.src0tgt0.npz
[2019-03-16 20:35:52] Saving Adam parameters to model/model.src0tgt0.npz.optimizer.npz
[2019-03-16 20:36:23] [valid] Ep. 33 : Up. 70000 : cross-entropy : 43.2226 : new best
[2019-03-16 20:36:46] [valid] Ep. 33 : Up. 70000 : perplexity : 3.6988 : new best
Detokenizer Version $Revision: 4134 $
Language: en
[2019-03-16 20:55:40] [valid] Ep. 33 : Up. 70000 : translation : 34.56 : stalled 1 times
[2019-03-16 21:05:30] Seen 1907758 samples
[2019-03-16 21:05:30] Starting epoch 34
[2019-03-16 21:05:30] [data] Shuffling files
[2019-03-16 21:05:32] [data] Done reading 1954143 sentences
[2019-03-16 21:05:39] [data] Done shuffling 1954143 sentences to temp files
[2019-03-16 21:15:29] Ep. 34 : Up. 71000 : Sen. 440,184 : Cost 67.33489990 : Time 2390.89s : 11645.39 words/s : L.r. 1.4241e-04
[2019-03-16 21:35:21] Ep. 34 : Up. 72000 : Sen. 1,347,192 : Cost 67.06711578 : Time 1192.35s : 23646.70 words/s : L.r. 1.4142e-04
[2019-03-16 21:47:40] Seen 1907758 samples
[2019-03-16 21:47:40] Starting epoch 35
[2019-03-16 21:47:40] [data] Shuffling files
[2019-03-16 21:47:41] [data] Done reading 1954143 sentences
[2019-03-16 21:47:48] [data] Done shuffling 1954143 sentences to temp files
[2019-03-16 21:55:07] Ep. 35 : Up. 73000 : Sen. 327,048 : Cost 67.27176666 : Time 1185.98s : 23342.35 words/s : L.r. 1.4045e-04
[2019-03-16 22:14:52] Ep. 35 : Up. 74000 : Sen. 1,225,033 : Cost 67.17005920 : Time 1185.36s : 23639.65 words/s : L.r. 1.3950e-04
[2019-03-16 22:29:51] Seen 1907758 samples
[2019-03-16 22:29:51] Starting epoch 36
[2019-03-16 22:29:51] [data] Shuffling files
[2019-03-16 22:29:53] [data] Done reading 1954143 sentences
[2019-03-16 22:30:00] [data] Done shuffling 1954143 sentences to temp files
[2019-03-16 22:34:40] Ep. 36 : Up. 75000 : Sen. 209,594 : Cost 66.93180084 : Time 1187.62s : 23332.18 words/s : L.r. 1.3856e-04
[2019-03-16 22:34:40] Saving model weights and runtime parameters to model/model.src0tgt0.npz.orig.npz
[2019-03-16 22:34:45] Saving model weights and runtime parameters to model/model.src0tgt0.iter75000.npz
[2019-03-16 22:34:49] Saving model weights and runtime parameters to model/model.src0tgt0.npz
[2019-03-16 22:34:54] Saving Adam parameters to model/model.src0tgt0.npz.optimizer.npz
[2019-03-16 22:35:26] [valid] Ep. 36 : Up. 75000 : cross-entropy : 43.2237 : stalled 1 times
[2019-03-16 22:35:48] [valid] Ep. 36 : Up. 75000 : perplexity : 3.69893 : stalled 1 times
Detokenizer Version $Revision: 4134 $
Language: en
[2019-03-16 22:54:48] [valid] Ep. 36 : Up. 75000 : translation : 34.58 : new best
[2019-03-16 23:14:25] Ep. 36 : Up. 76000 : Sen. 1,107,568 : Cost 66.78318024 : Time 2385.62s : 11710.74 words/s : L.r. 1.3765e-04
[2019-03-16 23:32:06] Seen 1907758 samples
[2019-03-16 23:32:06] Starting epoch 37
[2019-03-16 23:32:06] [data] Shuffling files
[2019-03-16 23:32:07] [data] Done reading 1954143 sentences
[2019-03-16 23:32:15] [data] Done shuffling 1954143 sentences to temp files
[2019-03-16 23:34:20] Ep. 37 : Up. 77000 : Sen. 93,012 : Cost 67.29045105 : Time 1194.03s : 23354.29 words/s : L.r. 1.3675e-04
[2019-03-16 23:54:09] Ep. 37 : Up. 78000 : Sen. 994,663 : Cost 66.85866547 : Time 1189.89s : 23657.49 words/s : L.r. 1.3587e-04
[2019-03-17 00:13:48] Ep. 37 : Up. 79000 : Sen. 1,887,599 : Cost 67.08921814 : Time 1178.32s : 23605.10 words/s : L.r. 1.3501e-04
[2019-03-17 00:14:15] Seen 1907758 samples
[2019-03-17 00:14:15] Starting epoch 38
[2019-03-17 00:14:15] [data] Shuffling files
[2019-03-17 00:14:17] [data] Done reading 1954143 sentences
[2019-03-17 00:14:24] [data] Done shuffling 1954143 sentences to temp files
[2019-03-17 00:33:36] Ep. 38 : Up. 80000 : Sen. 869,459 : Cost 66.69213867 : Time 1187.87s : 23372.43 words/s : L.r. 1.3416e-04
[2019-03-17 00:33:36] Saving model weights and runtime parameters to model/model.src0tgt0.npz.orig.npz
[2019-03-17 00:33:41] Saving model weights and runtime parameters to model/model.src0tgt0.iter80000.npz
[2019-03-17 00:33:44] Saving model weights and runtime parameters to model/model.src0tgt0.npz
[2019-03-17 00:33:49] Saving Adam parameters to model/model.src0tgt0.npz.optimizer.npz
[2019-03-17 00:34:21] [valid] Ep. 38 : Up. 80000 : cross-entropy : 43.2484 : stalled 2 times
[2019-03-17 00:34:44] [valid] Ep. 38 : Up. 80000 : perplexity : 3.70169 : stalled 2 times
Detokenizer Version $Revision: 4134 $
Language: en
[2019-03-17 00:53:26] [valid] Ep. 38 : Up. 80000 : translation : 34.55 : stalled 1 times
[2019-03-17 01:13:04] Ep. 38 : Up. 81000 : Sen. 1,760,430 : Cost 66.92294312 : Time 2367.94s : 11717.44 words/s : L.r. 1.3333e-04
[2019-03-17 01:16:20] Seen 1907758 samples
[2019-03-17 01:16:20] Starting epoch 39
[2019-03-17 01:16:20] [data] Shuffling files
[2019-03-17 01:16:22] [data] Done reading 1954143 sentences
[2019-03-17 01:16:30] [data] Done shuffling 1954143 sentences to temp files
[2019-03-17 01:33:11] Ep. 39 : Up. 82000 : Sen. 751,065 : Cost 66.68301392 : Time 1207.03s : 23226.87 words/s : L.r. 1.3252e-04
[2019-03-17 01:53:03] Ep. 39 : Up. 83000 : Sen. 1,652,237 : Cost 66.60124969 : Time 1192.63s : 23472.19 words/s : L.r. 1.3172e-04
[2019-03-17 01:58:49] Seen 1907758 samples
[2019-03-17 01:58:49] Starting epoch 40
[2019-03-17 01:58:49] [data] Shuffling files
[2019-03-17 01:58:50] [data] Done reading 1954143 sentences
[2019-03-17 01:58:59] [data] Done shuffling 1954143 sentences to temp files
[2019-03-17 02:12:57] Ep. 40 : Up. 84000 : Sen. 625,432 : Cost 66.90704346 : Time 1193.38s : 23134.38 words/s : L.r. 1.3093e-04
[2019-03-17 02:32:43] Ep. 40 : Up. 85000 : Sen. 1,521,523 : Cost 66.46897888 : Time 1186.64s : 23448.70 words/s : L.r. 1.3016e-04
[2019-03-17 02:32:43] Saving model weights and runtime parameters to model/model.src0tgt0.npz.orig.npz
[2019-03-17 02:32:48] Saving model weights and runtime parameters to model/model.src0tgt0.iter85000.npz
[2019-03-17 02:32:52] Saving model weights and runtime parameters to model/model.src0tgt0.npz
[2019-03-17 02:32:58] Saving Adam parameters to model/model.src0tgt0.npz.optimizer.npz
[2019-03-17 02:33:30] [valid] Ep. 40 : Up. 85000 : cross-entropy : 43.277 : stalled 3 times
[2019-03-17 02:33:53] [valid] Ep. 40 : Up. 85000 : perplexity : 3.7049 : stalled 3 times
Detokenizer Version $Revision: 4134 $
Language: en
[2019-03-17 02:52:21] [valid] Ep. 40 : Up. 85000 : translation : 34.54 : stalled 2 times
[2019-03-17 03:00:55] Seen 1907758 samples
[2019-03-17 03:00:55] Starting epoch 41
[2019-03-17 03:00:55] [data] Shuffling files
[2019-03-17 03:00:56] [data] Done reading 1954143 sentences
[2019-03-17 03:01:04] [data] Done shuffling 1954143 sentences to temp files
[2019-03-17 03:12:17] Ep. 41 : Up. 86000 : Sen. 504,110 : Cost 66.52077484 : Time 2373.29s : 11693.66 words/s : L.r. 1.2940e-04
[2019-03-17 03:32:08] Ep. 41 : Up. 87000 : Sen. 1,397,755 : Cost 66.74785614 : Time 1191.38s : 23432.95 words/s : L.r. 1.2865e-04
[2019-03-17 03:43:28] Seen 1907758 samples
[2019-03-17 03:43:28] Starting epoch 42
[2019-03-17 03:43:28] [data] Shuffling files
[2019-03-17 03:43:30] [data] Done reading 1954143 sentences
[2019-03-17 03:43:38] [data] Done shuffling 1954143 sentences to temp files
[2019-03-17 03:52:04] Ep. 42 : Up. 88000 : Sen. 379,456 : Cost 66.42810059 : Time 1196.17s : 23150.41 words/s : L.r. 1.2792e-04
[2019-03-17 04:11:52] Ep. 42 : Up. 89000 : Sen. 1,273,259 : Cost 66.41641235 : Time 1187.90s : 23444.79 words/s : L.r. 1.2720e-04
[2019-03-17 04:25:55] Seen 1907758 samples
[2019-03-17 04:25:55] Starting epoch 43
[2019-03-17 04:25:55] [data] Shuffling files
[2019-03-17 04:25:57] [data] Done reading 1954143 sentences
[2019-03-17 04:26:05] [data] Done shuffling 1954143 sentences to temp files
[2019-03-17 04:31:49] Ep. 43 : Up. 90000 : Sen. 256,000 : Cost 66.56696320 : Time 1196.86s : 23220.28 words/s : L.r. 1.2649e-04
[2019-03-17 04:31:49] Saving model weights and runtime parameters to model/model.src0tgt0.npz.orig.npz
[2019-03-17 04:31:54] Saving model weights and runtime parameters to model/model.src0tgt0.iter90000.npz
[2019-03-17 04:31:58] Saving model weights and runtime parameters to model/model.src0tgt0.npz
[2019-03-17 04:32:03] Saving Adam parameters to model/model.src0tgt0.npz.optimizer.npz
[2019-03-17 04:32:35] [valid] Ep. 43 : Up. 90000 : cross-entropy : 43.3059 : stalled 4 times
[2019-03-17 04:32:58] [valid] Ep. 43 : Up. 90000 : perplexity : 3.70814 : stalled 4 times
Detokenizer Version $Revision: 4134 $
Language: en
[2019-03-17 04:51:36] [valid] Ep. 43 : Up. 90000 : translation : 34.52 : stalled 3 times
[2019-03-17 05:11:22] Ep. 43 : Up. 91000 : Sen. 1,151,120 : Cost 66.28482819 : Time 2373.33s : 11752.33 words/s : L.r. 1.2579e-04
[2019-03-17 05:28:11] Seen 1907758 samples
[2019-03-17 05:28:11] Starting epoch 44
[2019-03-17 05:28:11] [data] Shuffling files
[2019-03-17 05:28:13] [data] Done reading 1954143 sentences
[2019-03-17 05:28:21] [data] Done shuffling 1954143 sentences to temp files
[2019-03-17 05:31:24] Ep. 44 : Up. 92000 : Sen. 136,178 : Cost 66.49858093 : Time 1202.08s : 23149.19 words/s : L.r. 1.2511e-04
[2019-03-17 05:51:07] Ep. 44 : Up. 93000 : Sen. 1,022,432 : Cost 66.19012451 : Time 1182.41s : 23365.96 words/s : L.r. 1.2443e-04
[2019-03-17 06:10:44] Seen 1907758 samples
[2019-03-17 06:10:44] Starting epoch 45
[2019-03-17 06:10:44] [data] Shuffling files
[2019-03-17 06:10:46] [data] Done reading 1954143 sentences
[2019-03-17 06:10:54] [data] Done shuffling 1954143 sentences to temp files
[2019-03-17 06:11:08] Ep. 45 : Up. 94000 : Sen. 9,087 : Cost 66.33822632 : Time 1201.07s : 23159.33 words/s : L.r. 1.2377e-04
[2019-03-17 06:31:00] Ep. 45 : Up. 95000 : Sen. 906,941 : Cost 65.99974823 : Time 1192.63s : 23462.89 words/s : L.r. 1.2312e-04
[2019-03-17 06:31:00] Saving model weights and runtime parameters to model/model.src0tgt0.npz.orig.npz
[2019-03-17 06:31:05] Saving model weights and runtime parameters to model/model.src0tgt0.iter95000.npz
[2019-03-17 06:31:10] Saving model weights and runtime parameters to model/model.src0tgt0.npz
[2019-03-17 06:31:15] Saving Adam parameters to model/model.src0tgt0.npz.optimizer.npz
[2019-03-17 06:31:47] [valid] Ep. 45 : Up. 95000 : cross-entropy : 43.3475 : stalled 5 times
[2019-03-17 06:32:10] [valid] Ep. 45 : Up. 95000 : perplexity : 3.71282 : stalled 5 times
Detokenizer Version $Revision: 4134 $
Language: en
[2019-03-17 06:51:08] [valid] Ep. 45 : Up. 95000 : translation : 34.51 : stalled 4 times
[2019-03-17 07:10:43] Ep. 45 : Up. 96000 : Sen. 1,795,192 : Cost 66.48518372 : Time 2382.80s : 11635.19 words/s : L.r. 1.2247e-04
[2019-03-17 07:13:14] Seen 1907758 samples
[2019-03-17 07:13:14] Starting epoch 46
[2019-03-17 07:13:14] [data] Shuffling files
[2019-03-17 07:13:15] [data] Done reading 1954143 sentences
[2019-03-17 07:13:23] [data] Done shuffling 1954143 sentences to temp files
[2019-03-17 07:30:29] Ep. 46 : Up. 97000 : Sen. 775,105 : Cost 66.14720917 : Time 1185.55s : 23391.92 words/s : L.r. 1.2184e-04
[2019-03-17 07:50:15] Ep. 46 : Up. 98000 : Sen. 1,673,110 : Cost 66.34886169 : Time 1186.39s : 23618.46 words/s : L.r. 1.2122e-04
[2019-03-17 07:55:24] Seen 1907758 samples
[2019-03-17 07:55:24] Starting epoch 47
[2019-03-17 07:55:24] [data] Shuffling files
[2019-03-17 07:55:25] [data] Done reading 1954143 sentences
[2019-03-17 07:55:33] [data] Done shuffling 1954143 sentences to temp files
[2019-03-17 08:10:07] Ep. 47 : Up. 99000 : Sen. 661,652 : Cost 65.91029358 : Time 1192.27s : 23423.74 words/s : L.r. 1.2060e-04
[2019-03-17 08:29:48] Ep. 47 : Up. 100000 : Sen. 1,556,216 : Cost 66.27949524 : Time 1180.64s : 23645.65 words/s : L.r. 1.2000e-04
[2019-03-17 08:29:48] Saving model weights and runtime parameters to model/model.src0tgt0.npz.orig.npz
[2019-03-17 08:29:53] Saving model weights and runtime parameters to model/model.src0tgt0.iter100000.npz
[2019-03-17 08:29:57] Saving model weights and runtime parameters to model/model.src0tgt0.npz
[2019-03-17 08:30:02] Saving Adam parameters to model/model.src0tgt0.npz.optimizer.npz
[2019-03-17 08:30:34] [valid] Ep. 47 : Up. 100000 : cross-entropy : 43.3964 : stalled 6 times
[2019-03-17 08:30:56] [valid] Ep. 47 : Up. 100000 : perplexity : 3.71831 : stalled 6 times
Detokenizer Version $Revision: 4134 $
Language: en
[2019-03-17 08:49:51] [valid] Ep. 47 : Up. 100000 : translation : 34.51 : stalled 5 times
[2019-03-17 08:57:30] Seen 1907758 samples
[2019-03-17 08:57:30] Starting epoch 48
[2019-03-17 08:57:30] [data] Shuffling files
[2019-03-17 08:57:31] [data] Done reading 1954143 sentences
[2019-03-17 08:57:39] [data] Done shuffling 1954143 sentences to temp files
[2019-03-17 09:09:39] Ep. 48 : Up. 101000 : Sen. 544,907 : Cost 65.81417847 : Time 2391.14s : 11667.24 words/s : L.r. 1.1940e-04
[2019-03-17 09:29:11] Ep. 48 : Up. 102000 : Sen. 1,433,572 : Cost 65.92540741 : Time 1172.27s : 23582.31 words/s : L.r. 1.1882e-04
[2019-03-17 09:39:37] Seen 1907758 samples
[2019-03-17 09:39:37] Starting epoch 49
[2019-03-17 09:39:37] [data] Shuffling files
[2019-03-17 09:39:39] [data] Done reading 1954143 sentences
[2019-03-17 09:39:46] [data] Done shuffling 1954143 sentences to temp files
[2019-03-17 09:49:13] Ep. 49 : Up. 103000 : Sen. 426,352 : Cost 66.11029816 : Time 1201.18s : 23427.08 words/s : L.r. 1.1824e-04
[2019-03-17 10:08:58] Ep. 49 : Up. 104000 : Sen. 1,326,657 : Cost 65.94055939 : Time 1185.46s : 23678.42 words/s : L.r. 1.1767e-04
[2019-03-17 10:21:46] Seen 1907758 samples
[2019-03-17 10:21:46] Starting epoch 50
[2019-03-17 10:21:46] [data] Shuffling files
[2019-03-17 10:21:47] [data] Done reading 1954143 sentences
[2019-03-17 10:21:55] [data] Done shuffling 1954143 sentences to temp files
[2019-03-17 10:28:45] Ep. 50 : Up. 105000 : Sen. 309,011 : Cost 65.84789276 : Time 1186.76s : 23348.83 words/s : L.r. 1.1711e-04
[2019-03-17 10:28:45] Saving model weights and runtime parameters to model/model.src0tgt0.npz.orig.npz
[2019-03-17 10:28:50] Saving model weights and runtime parameters to model/model.src0tgt0.iter105000.npz
[2019-03-17 10:28:54] Saving model weights and runtime parameters to model/model.src0tgt0.npz
[2019-03-17 10:28:59] Saving Adam parameters to model/model.src0tgt0.npz.optimizer.npz
[2019-03-17 10:29:31] [valid] Ep. 50 : Up. 105000 : cross-entropy : 43.4596 : stalled 7 times
[2019-03-17 10:29:53] [valid] Ep. 50 : Up. 105000 : perplexity : 3.72543 : stalled 7 times
Detokenizer Version $Revision: 4134 $
Language: en
[2019-03-17 10:48:58] [valid] Ep. 50 : Up. 105000 : translation : 34.49 : stalled 6 times
[2019-03-17 11:08:34] Ep. 50 : Up. 106000 : Sen. 1,203,138 : Cost 65.72245026 : Time 2388.73s : 11650.82 words/s : L.r. 1.1655e-04
[2019-03-17 11:24:07] Seen 1907758 samples
[2019-03-17 11:24:07] Starting epoch 51
[2019-03-17 11:24:07] [data] Shuffling files
[2019-03-17 11:24:08] [data] Done reading 1954143 sentences
[2019-03-17 11:24:16] [data] Done shuffling 1954143 sentences to temp files
[2019-03-17 11:28:20] Ep. 51 : Up. 107000 : Sen. 181,609 : Cost 66.07613373 : Time 1186.77s : 23322.75 words/s : L.r. 1.1601e-04
[2019-03-17 11:47:56] Ep. 51 : Up. 108000 : Sen. 1,071,452 : Cost 65.61595917 : Time 1175.82s : 23569.66 words/s : L.r. 1.1547e-04
[2019-03-17 12:06:21] Seen 1907758 samples
[2019-03-17 12:06:21] Starting epoch 52
[2019-03-17 12:06:21] [data] Shuffling files
[2019-03-17 12:06:22] [data] Done reading 1954143 sentences
[2019-03-17 12:06:30] [data] Done shuffling 1954143 sentences to temp files
[2019-03-17 12:07:45] Ep. 52 : Up. 109000 : Sen. 54,215 : Cost 66.06036377 : Time 1188.78s : 23368.75 words/s : L.r. 1.1494e-04
[2019-03-17 12:27:22] Ep. 52 : Up. 110000 : Sen. 944,904 : Cost 65.54327393 : Time 1176.87s : 23592.82 words/s : L.r. 1.1442e-04
[2019-03-17 12:27:22] Saving model weights and runtime parameters to model/model.src0tgt0.npz.orig.npz
[2019-03-17 12:27:27] Saving model weights and runtime parameters to model/model.src0tgt0.iter110000.npz
[2019-03-17 12:27:31] Saving model weights and runtime parameters to model/model.src0tgt0.npz
[2019-03-17 12:27:36] Saving Adam parameters to model/model.src0tgt0.npz.optimizer.npz
[2019-03-17 12:28:07] [valid] Ep. 52 : Up. 110000 : cross-entropy : 43.5371 : stalled 8 times
[2019-03-17 12:28:30] [valid] Ep. 52 : Up. 110000 : perplexity : 3.73417 : stalled 8 times
Detokenizer Version $Revision: 4134 $
Language: en
[2019-03-17 12:47:30] [valid] Ep. 52 : Up. 110000 : translation : 34.49 : stalled 7 times
[2019-03-17 13:07:11] Ep. 52 : Up. 111000 : Sen. 1,843,916 : Cost 65.82897949 : Time 2389.06s : 11711.05 words/s : L.r. 1.1390e-04
[2019-03-17 13:08:38] Seen 1907758 samples
[2019-03-17 13:08:38] Starting epoch 53
[2019-03-17 13:08:38] [data] Shuffling files
[2019-03-17 13:08:39] [data] Done reading 1954143 sentences
[2019-03-17 13:08:47] [data] Done shuffling 1954143 sentences to temp files
[2019-03-17 13:27:00] Ep. 53 : Up. 112000 : Sen. 824,909 : Cost 65.42536163 : Time 1189.02s : 23278.00 words/s : L.r. 1.1339e-04
[2019-03-17 13:46:50] Ep. 53 : Up. 113000 : Sen. 1,725,113 : Cost 66.01817322 : Time 1190.24s : 23637.38 words/s : L.r. 1.1289e-04
[2019-03-17 13:50:52] Seen 1907758 samples
[2019-03-17 13:50:52] Starting epoch 54
[2019-03-17 13:50:52] [data] Shuffling files
[2019-03-17 13:50:53] [data] Done reading 1954143 sentences
[2019-03-17 13:51:01] [data] Done shuffling 1954143 sentences to temp files
[2019-03-17 14:06:40] Ep. 54 : Up. 114000 : Sen. 709,245 : Cost 65.39069366 : Time 1190.06s : 23331.72 words/s : L.r. 1.1239e-04
[2019-03-17 14:26:26] Ep. 54 : Up. 115000 : Sen. 1,606,054 : Cost 65.73455811 : Time 1185.59s : 23585.64 words/s : L.r. 1.1190e-04
[2019-03-17 14:26:26] Saving model weights and runtime parameters to model/model.src0tgt0.npz.orig.npz
[2019-03-17 14:26:30] Saving model weights and runtime parameters to model/model.src0tgt0.iter115000.npz
[2019-03-17 14:26:34] Saving model weights and runtime parameters to model/model.src0tgt0.npz
[2019-03-17 14:26:39] Saving Adam parameters to model/model.src0tgt0.npz.optimizer.npz
[2019-03-17 14:27:11] [valid] Ep. 54 : Up. 115000 : cross-entropy : 43.6122 : stalled 9 times
[2019-03-17 14:27:34] [valid] Ep. 54 : Up. 115000 : perplexity : 3.74267 : stalled 9 times
Detokenizer Version $Revision: 4134 $
Language: en
[2019-03-17 14:46:32] [valid] Ep. 54 : Up. 115000 : translation : 34.47 : stalled 8 times
[2019-03-17 14:53:09] Seen 1907758 samples
[2019-03-17 14:53:09] Starting epoch 55
[2019-03-17 14:53:09] [data] Shuffling files
[2019-03-17 14:53:11] [data] Done reading 1954143 sentences
[2019-03-17 14:53:18] [data] Done shuffling 1954143 sentences to temp files
[2019-03-17 15:06:25] Ep. 55 : Up. 116000 : Sen. 593,320 : Cost 65.55800629 : Time 2399.16s : 11640.65 words/s : L.r. 1.1142e-04
[2019-03-17 15:26:13] Ep. 55 : Up. 117000 : Sen. 1,491,168 : Cost 65.58227539 : Time 1187.70s : 23550.78 words/s : L.r. 1.1094e-04
[2019-03-17 15:35:26] Seen 1907758 samples
[2019-03-17 15:35:26] Starting epoch 56
[2019-03-17 15:35:26] [data] Shuffling files
[2019-03-17 15:35:27] [data] Done reading 1954143 sentences
[2019-03-17 15:35:35] [data] Done shuffling 1954143 sentences to temp files
[2019-03-17 15:45:56] Ep. 56 : Up. 118000 : Sen. 469,221 : Cost 65.26251984 : Time 1183.69s : 23249.83 words/s : L.r. 1.1047e-04
[2019-03-17 16:05:40] Ep. 56 : Up. 119000 : Sen. 1,359,840 : Cost 65.90138245 : Time 1183.94s : 23569.61 words/s : L.r. 1.1000e-04
[2019-03-17 16:17:45] Seen 1907758 samples
[2019-03-17 16:17:45] Starting epoch 57
[2019-03-17 16:17:45] [data] Shuffling files
[2019-03-17 16:17:47] [data] Done reading 1954143 sentences
[2019-03-17 16:17:54] [data] Done shuffling 1954143 sentences to temp files
[2019-03-17 16:25:39] Ep. 57 : Up. 120000 : Sen. 346,973 : Cost 65.60380554 : Time 1198.73s : 23310.94 words/s : L.r. 1.0954e-04
[2019-03-17 16:25:39] Saving model weights and runtime parameters to model/model.src0tgt0.npz.orig.npz
[2019-03-17 16:25:44] Saving model weights and runtime parameters to model/model.src0tgt0.iter120000.npz
[2019-03-17 16:25:48] Saving model weights and runtime parameters to model/model.src0tgt0.npz
[2019-03-17 16:25:53] Saving Adam parameters to model/model.src0tgt0.npz.optimizer.npz
[2019-03-17 16:26:24] [valid] Ep. 57 : Up. 120000 : cross-entropy : 43.6931 : stalled 10 times
[2019-03-17 16:26:47] [valid] Ep. 57 : Up. 120000 : perplexity : 3.75184 : stalled 10 times
Detokenizer Version $Revision: 4134 $
Language: en
[2019-03-17 16:45:50] [valid] Ep. 57 : Up. 120000 : translation : 34.44 : stalled 9 times
[2019-03-17 16:45:51] Training finished
[2019-03-17 16:45:52] Saving model weights and runtime parameters to model/model.src0tgt0.npz.orig.npz
[2019-03-17 16:45:57] Saving model weights and runtime parameters to model/model.src0tgt0.npz
[2019-03-17 16:46:02] Saving Adam parameters to model/model.src0tgt0.npz.optimizer.npz
