[2019-05-15 15:35:51] [marian] Marian v1.7.8 1fb870a 2019-05-10 13:28:45 +0200
[2019-05-15 15:35:51] [marian] Running on spider3.lingea.cz as process 8798 with command line:
[2019-05-15 15:35:51] [marian] /home/large/data/models/marian/marian-doc/doc-marian3_spider3/build//marian --model model/model_bt_noise_encz_bicleaner_spider3_doc_from_base.npz --pretrained-model model/model_base_encz2.npz.best-perplexity.npz --type transformer-context --train-sets corpus.docs.en.bpe.src_prev corpus.docs.en.bpe.src corpus.docs.cs.bpe -e 3 --max-length 95 --vocabs corp/vocab.encs.yml corp/vocab.encs.yml corp/vocab.encs.yml --mini-batch-fit -w 6200 --mini-batch 1000 --maxi-batch 1000 --freeze --context-gate --valid-freq 2000 --save-freq 2000 --disp-freq 100 --embedding-fix-src --embedding-fix-trg --valid-metrics ce-mean-words perplexity translation --valid-sets newstest2016.docs.src_prev newstest2016.docs.src newstest2016.docs.cs.bpe --valid-script-path ./val.sh --quiet-translation --beam-size 6 --normalize=0.6 --valid-mini-batch 16 --overwrite --keep-best --early-stopping 15 --cost-type=ce-mean-words --log model/bt_encz.log --valid-log model/valid.log --transformer-heads 8 --enc-depth 6 --dec-depth 6 --context-enc-depth 2 --transformer-postprocess-emb d --transformer-postprocess dan --transformer-dropout 0.1 --label-smoothing 0.1 --learn-rate 0.0001 --lr-warmup 16000 --lr-decay-inv-sqrt 16000 --lr-report --optimizer-params 0.9 0.98 1e-09 --clip-norm 5 --tied-embeddings-all --optimizer-delay 8 --devices 0 --sync-sgd --seed 1111 --exponential-smoothing
[2019-05-15 15:35:54] [config] after-batches: 0
[2019-05-15 15:35:54] [config] after-epochs: 3
[2019-05-15 15:35:54] [config] allow-unk: false
[2019-05-15 15:35:54] [config] beam-size: 6
[2019-05-15 15:35:54] [config] bert-class-symbol: "[CLS]"
[2019-05-15 15:35:54] [config] bert-mask-symbol: "[MASK]"
[2019-05-15 15:35:54] [config] bert-masking-fraction: 0.15
[2019-05-15 15:35:54] [config] bert-sep-symbol: "[SEP]"
[2019-05-15 15:35:54] [config] bert-train-type-embeddings: true
[2019-05-15 15:35:54] [config] bert-type-vocab-size: 2
[2019-05-15 15:35:54] [config] best-deep: false
[2019-05-15 15:35:54] [config] clip-gemm: 0
[2019-05-15 15:35:54] [config] clip-norm: 5
[2019-05-15 15:35:54] [config] context-enc-depth: 2
[2019-05-15 15:35:54] [config] context-gate: true
[2019-05-15 15:35:54] [config] cost-type: ce-mean-words
[2019-05-15 15:35:54] [config] cpu-threads: 0
[2019-05-15 15:35:54] [config] data-weighting: ""
[2019-05-15 15:35:54] [config] data-weighting-type: sentence
[2019-05-15 15:35:54] [config] dec-cell: gru
[2019-05-15 15:35:54] [config] dec-cell-base-depth: 2
[2019-05-15 15:35:54] [config] dec-cell-high-depth: 1
[2019-05-15 15:35:54] [config] dec-depth: 6
[2019-05-15 15:35:54] [config] devices:
[2019-05-15 15:35:54] [config]   - 0
[2019-05-15 15:35:54] [config] dim-emb: 512
[2019-05-15 15:35:54] [config] dim-rnn: 1024
[2019-05-15 15:35:54] [config] dim-vocabs:
[2019-05-15 15:35:54] [config]   - 34028
[2019-05-15 15:35:54] [config]   - 34028
[2019-05-15 15:35:54] [config]   - 34028
[2019-05-15 15:35:54] [config] disp-first: 0
[2019-05-15 15:35:54] [config] disp-freq: 100
[2019-05-15 15:35:54] [config] disp-label-counts: false
[2019-05-15 15:35:54] [config] dropout-rnn: 0
[2019-05-15 15:35:54] [config] dropout-src: 0
[2019-05-15 15:35:54] [config] dropout-trg: 0
[2019-05-15 15:35:54] [config] dump-config: ""
[2019-05-15 15:35:54] [config] early-stopping: 15
[2019-05-15 15:35:54] [config] embedding-fix-src: true
[2019-05-15 15:35:54] [config] embedding-fix-trg: true
[2019-05-15 15:35:54] [config] embedding-normalization: false
[2019-05-15 15:35:54] [config] embedding-vectors:
[2019-05-15 15:35:54] [config]   []
[2019-05-15 15:35:54] [config] enc-cell: gru
[2019-05-15 15:35:54] [config] enc-cell-depth: 1
[2019-05-15 15:35:54] [config] enc-depth: 6
[2019-05-15 15:35:54] [config] enc-type: bidirectional
[2019-05-15 15:35:54] [config] exponential-smoothing: 0.0001
[2019-05-15 15:35:54] [config] freeze: true
[2019-05-15 15:35:54] [config] grad-dropping-momentum: 0
[2019-05-15 15:35:54] [config] grad-dropping-rate: 0
[2019-05-15 15:35:54] [config] grad-dropping-warmup: 100
[2019-05-15 15:35:54] [config] guided-alignment: none
[2019-05-15 15:35:54] [config] guided-alignment-cost: mse
[2019-05-15 15:35:54] [config] guided-alignment-weight: 0.1
[2019-05-15 15:35:54] [config] ignore-model-config: false
[2019-05-15 15:35:54] [config] input-types:
[2019-05-15 15:35:54] [config]   []
[2019-05-15 15:35:54] [config] interpolate-env-vars: false
[2019-05-15 15:35:54] [config] keep-best: true
[2019-05-15 15:35:54] [config] label-smoothing: 0.1
[2019-05-15 15:35:54] [config] layer-normalization: false
[2019-05-15 15:35:54] [config] learn-rate: 0.0001
[2019-05-15 15:35:54] [config] log: model/bt_encz.log
[2019-05-15 15:35:54] [config] log-level: info
[2019-05-15 15:35:54] [config] log-time-zone: ""
[2019-05-15 15:35:54] [config] lr-decay: 0
[2019-05-15 15:35:54] [config] lr-decay-freq: 50000
[2019-05-15 15:35:54] [config] lr-decay-inv-sqrt:
[2019-05-15 15:35:54] [config]   - 16000
[2019-05-15 15:35:54] [config] lr-decay-repeat-warmup: false
[2019-05-15 15:35:54] [config] lr-decay-reset-optimizer: false
[2019-05-15 15:35:54] [config] lr-decay-start:
[2019-05-15 15:35:54] [config]   - 10
[2019-05-15 15:35:54] [config]   - 1
[2019-05-15 15:35:54] [config] lr-decay-strategy: epoch+stalled
[2019-05-15 15:35:54] [config] lr-report: true
[2019-05-15 15:35:54] [config] lr-warmup: 16000
[2019-05-15 15:35:54] [config] lr-warmup-at-reload: false
[2019-05-15 15:35:54] [config] lr-warmup-cycle: false
[2019-05-15 15:35:54] [config] lr-warmup-start-rate: 0
[2019-05-15 15:35:54] [config] max-length: 95
[2019-05-15 15:35:54] [config] max-length-crop: false
[2019-05-15 15:35:54] [config] max-length-factor: 3
[2019-05-15 15:35:54] [config] maxi-batch: 1000
[2019-05-15 15:35:54] [config] maxi-batch-sort: trg
[2019-05-15 15:35:54] [config] mini-batch: 1000
[2019-05-15 15:35:54] [config] mini-batch-fit: true
[2019-05-15 15:35:54] [config] mini-batch-fit-step: 10
[2019-05-15 15:35:54] [config] mini-batch-overstuff: 1
[2019-05-15 15:35:54] [config] mini-batch-track-lr: false
[2019-05-15 15:35:54] [config] mini-batch-understuff: 1
[2019-05-15 15:35:54] [config] mini-batch-warmup: 0
[2019-05-15 15:35:54] [config] mini-batch-words: 0
[2019-05-15 15:35:54] [config] mini-batch-words-ref: 0
[2019-05-15 15:35:54] [config] model: model/model_bt_noise_encz_bicleaner_spider3_doc_from_base.npz
[2019-05-15 15:35:54] [config] multi-loss-type: sum
[2019-05-15 15:35:54] [config] multi-node: false
[2019-05-15 15:35:54] [config] multi-node-overlap: true
[2019-05-15 15:35:54] [config] n-best: false
[2019-05-15 15:35:54] [config] no-nccl: false
[2019-05-15 15:35:54] [config] no-reload: false
[2019-05-15 15:35:54] [config] no-restore-corpus: false
[2019-05-15 15:35:54] [config] no-shuffle: false
[2019-05-15 15:35:54] [config] normalize: 0.6
[2019-05-15 15:35:54] [config] num-devices: 0
[2019-05-15 15:35:54] [config] optimizer: adam
[2019-05-15 15:35:54] [config] optimizer-delay: 8
[2019-05-15 15:35:54] [config] optimizer-params:
[2019-05-15 15:35:54] [config]   - 0.9
[2019-05-15 15:35:54] [config]   - 0.98
[2019-05-15 15:35:54] [config]   - 1e-09
[2019-05-15 15:35:54] [config] overwrite: true
[2019-05-15 15:35:54] [config] pretrained-model: model/model_base_encz2.npz.best-perplexity.npz
[2019-05-15 15:35:54] [config] quiet: false
[2019-05-15 15:35:54] [config] quiet-translation: true
[2019-05-15 15:35:54] [config] relative-paths: false
[2019-05-15 15:35:54] [config] right-left: false
[2019-05-15 15:35:54] [config] save-freq: 2000
[2019-05-15 15:35:54] [config] seed: 1111
[2019-05-15 15:35:54] [config] shuffle-in-ram: false
[2019-05-15 15:35:54] [config] skip: false
[2019-05-15 15:35:54] [config] sqlite: ""
[2019-05-15 15:35:54] [config] sqlite-drop: false
[2019-05-15 15:35:54] [config] sync-sgd: true
[2019-05-15 15:35:54] [config] tempdir: /tmp
[2019-05-15 15:35:54] [config] tied-embeddings: false
[2019-05-15 15:35:54] [config] tied-embeddings-all: true
[2019-05-15 15:35:54] [config] tied-embeddings-src: false
[2019-05-15 15:35:54] [config] train-sets:
[2019-05-15 15:35:54] [config]   - corpus.docs.en.bpe.src_prev
[2019-05-15 15:35:54] [config]   - corpus.docs.en.bpe.src
[2019-05-15 15:35:54] [config]   - corpus.docs.cs.bpe
[2019-05-15 15:35:54] [config] transformer-aan-activation: swish
[2019-05-15 15:35:54] [config] transformer-aan-depth: 2
[2019-05-15 15:35:54] [config] transformer-aan-nogate: false
[2019-05-15 15:35:54] [config] transformer-decoder-autoreg: self-attention
[2019-05-15 15:35:54] [config] transformer-dim-aan: 2048
[2019-05-15 15:35:54] [config] transformer-dim-ffn: 2048
[2019-05-15 15:35:54] [config] transformer-dropout: 0.1
[2019-05-15 15:35:54] [config] transformer-dropout-attention: 0
[2019-05-15 15:35:54] [config] transformer-dropout-ffn: 0
[2019-05-15 15:35:54] [config] transformer-ffn-activation: swish
[2019-05-15 15:35:54] [config] transformer-ffn-depth: 2
[2019-05-15 15:35:54] [config] transformer-guided-alignment-layer: last
[2019-05-15 15:35:54] [config] transformer-heads: 8
[2019-05-15 15:35:54] [config] transformer-no-projection: false
[2019-05-15 15:35:54] [config] transformer-postprocess: dan
[2019-05-15 15:35:54] [config] transformer-postprocess-emb: d
[2019-05-15 15:35:54] [config] transformer-preprocess: ""
[2019-05-15 15:35:54] [config] transformer-tied-layers:
[2019-05-15 15:35:54] [config]   []
[2019-05-15 15:35:54] [config] transformer-train-position-embeddings: false
[2019-05-15 15:35:54] [config] type: transformer-context
[2019-05-15 15:35:54] [config] ulr: false
[2019-05-15 15:35:54] [config] ulr-dim-emb: 0
[2019-05-15 15:35:54] [config] ulr-dropout: 0
[2019-05-15 15:35:54] [config] ulr-keys-vectors: ""
[2019-05-15 15:35:54] [config] ulr-query-vectors: ""
[2019-05-15 15:35:54] [config] ulr-softmax-temperature: 1
[2019-05-15 15:35:54] [config] ulr-trainable-transformation: false
[2019-05-15 15:35:54] [config] valid-freq: 2000
[2019-05-15 15:35:54] [config] valid-log: model/valid.log
[2019-05-15 15:35:54] [config] valid-max-length: 1000
[2019-05-15 15:35:54] [config] valid-metrics:
[2019-05-15 15:35:54] [config]   - ce-mean-words
[2019-05-15 15:35:54] [config]   - perplexity
[2019-05-15 15:35:54] [config]   - translation
[2019-05-15 15:35:54] [config] valid-mini-batch: 16
[2019-05-15 15:35:54] [config] valid-script-path: ./val.sh
[2019-05-15 15:35:54] [config] valid-sets:
[2019-05-15 15:35:54] [config]   - newstest2016.docs.src_prev
[2019-05-15 15:35:54] [config]   - newstest2016.docs.src
[2019-05-15 15:35:54] [config]   - newstest2016.docs.cs.bpe
[2019-05-15 15:35:54] [config] valid-translation-output: ""
[2019-05-15 15:35:54] [config] version: v1.7.8 1fb870a 2019-05-10 13:28:45 +0200
[2019-05-15 15:35:54] [config] vocabs:
[2019-05-15 15:35:54] [config]   - corp/vocab.encs.yml
[2019-05-15 15:35:54] [config]   - corp/vocab.encs.yml
[2019-05-15 15:35:54] [config]   - corp/vocab.encs.yml
[2019-05-15 15:35:54] [config] word-penalty: 0
[2019-05-15 15:35:54] [config] workspace: 6200
[2019-05-15 15:35:54] [config] Loaded model has been created with Marian v1.7.8 1fb870a 2019-05-10 13:28:45 +0200
[2019-05-15 15:35:54] Using synchronous training
[2019-05-15 15:35:54] [data] Loading vocabulary from JSON/Yaml file corp/vocab.encs.yml
[2019-05-15 15:35:54] [data] Setting vocabulary size for input 0 to 34028
[2019-05-15 15:35:54] [data] Loading vocabulary from JSON/Yaml file corp/vocab.encs.yml
[2019-05-15 15:35:54] [data] Setting vocabulary size for input 1 to 34028
[2019-05-15 15:35:54] [data] Loading vocabulary from JSON/Yaml file corp/vocab.encs.yml
[2019-05-15 15:35:55] [data] Setting vocabulary size for input 2 to 34028
[2019-05-15 15:35:55] Compiled without MPI support. Falling back to FakeMPIWrapper
[2019-05-15 15:35:55] [batching] Collecting statistics for batch fitting with step size 10
[2019-05-15 15:35:58] [memory] Extending reserved space to 6272 MB (device gpu0)
[2019-05-15 15:35:59] [comm] Using NCCL 2.4.2 for GPU communication
[2019-05-15 15:35:59] [comm] NCCLCommunicator constructed successfully.
[2019-05-15 15:35:59] [training] Using 1 GPUs
[2019-05-15 15:35:59] [memory] Reserving 331 MB, device gpu0
[2019-05-15 15:35:59] [gpu] 16-bit TensorCores enabled for float32 matrix operations
[2019-05-15 15:35:59] [memory] Reserving 331 MB, device gpu0
[2019-05-15 15:36:05] [batching] Done. Typical MB size is 20200 target words
[2019-05-15 15:36:06] [memory] Extending reserved space to 6272 MB (device gpu0)
[2019-05-15 15:36:06] [comm] Using NCCL 2.4.2 for GPU communication
[2019-05-15 15:36:06] [comm] NCCLCommunicator constructed successfully.
[2019-05-15 15:36:06] [training] Using 1 GPUs
[2019-05-15 15:36:06] Loading model from model/model_bt_noise_encz_bicleaner_spider3_doc_from_base.npz.orig.npz
[2019-05-15 15:36:10] Loading Adam parameters from model/model_bt_noise_encz_bicleaner_spider3_doc_from_base.npz.optimizer.npz
[2019-05-15 15:36:17] [memory] Reserving 662 MB, device gpu0
[2019-05-15 15:36:18] [training] Model reloaded from model/model_bt_noise_encz_bicleaner_spider3_doc_from_base.npz
[2019-05-15 15:36:18] [data] Restoring the corpus state to epoch 2, batch 122701
[2019-05-15 15:36:18] [data] Shuffling data
[2019-05-15 15:38:11] [data] Done reading 57951104 sentences
[2019-05-15 15:46:13] [data] Done shuffling 57951104 sentences to temp files
[2019-05-15 15:46:38] Training started
[2019-05-15 15:47:32] [training] Batches are processed as 1 process(es) x 1 devices/process
[2019-05-15 15:47:33] [memory] Reserving 331 MB, device gpu0
[2019-05-15 15:47:37] [memory] Reserving 331 MB, device gpu0
[2019-05-15 15:47:37] Error: CUDA error 2 'out of memory' - /home/large/data/models/marian/marian-doc/doc-marian3_spider3/src/tensors/gpu/device.cu:38: cudaMalloc(&data_, size)
[2019-05-15 15:47:37] Error: Aborted from virtual void marian::gpu::Device::reserve(size_t) in /home/large/data/models/marian/marian-doc/doc-marian3_spider3/src/tensors/gpu/device.cu:38

[CALL STACK]
[0xa15ed7]                                                            
[0x5d54b3]                                                            
[0x5d5b2e]                                                            
[0x7b6e58]                                                            
[0x815a2f]                                                            
[0x7af293]                                                            
[0x7b7a30]                                                            
[0x7b8e86]                                                            
[0x50c890]                                                            
[0x44d5a5]                                                            
[0x41edd0]                                                            
[0x7fabd5d16b35]    __libc_start_main                                  + 0xf5
[0x4493ec]                                                            

