[2019-03-11 20:02:56] [marian] Marian v1.7.8 6c51ec1 2019-03-09 16:12:41 +0100
[2019-03-11 20:02:56] [marian] Running on poseidon.lingea.cz as process 15932 with command line:
[2019-03-11 20:02:56] [marian] /home/large/data/models/marian/marian-doc/same_emb_new_gate_transpose/doc-marian/build/marian --model model/model.src1tgt0_to_tgt1.doc2.npz --type transformer-context --train-sets corp/europarl.fr-en.docs.bpe.train.en.src_prev corp/europarl.fr-en.docs.bpe.train.en.src corp/europarl.fr-en.docs.train.fr.bpe --max-length 80 --dim-vocabs 30000 30000 --vocabs corp/vocab.enfr.europarl.yml corp/vocab.enfr.europarl.yml corp/vocab.enfr.europarl.yml --mini-batch-fit -w 8900 --mini-batch 1000 --maxi-batch 1000 --early-stopping 10 --valid-freq 5000 --save-freq 5000 --disp-freq 500 --valid-metrics cross-entropy perplexity translation --valid-sets corp/europarl.fr-en.docs.bpe.dev.en.src_prev corp/europarl.fr-en.docs.bpe.dev.en.src corp/europarl.fr-en.docs.dev.fr.bpe --valid-script-path ./val.sh --valid-translation-output data/valid.bpe.en.output --quiet-translation --valid-mini-batch 64 --beam-size 3 --normalize 0.6 --log model/train_trans.doc.log --valid-log model/valid_trans.doc.log --enc-depth 6 --dec-depth 6 --transformer-heads 8 --transformer-postprocess-emb d --transformer-postprocess dan --transformer-dropout 0.1 --label-smoothing 0.1 --learn-rate 0.0003 --lr-warmup 16000 --lr-decay-inv-sqrt 16000 --lr-report --optimizer-params 0.9 0.98 1e-09 --clip-norm 5 --tied-embeddings-all --optimizer-delay 4 --devices 0 1 --sync-sgd --seed 1111 --exponential-smoothing --no-restore-corpus --no-nccl
[2019-03-11 20:02:56] [config] after-batches: 0
[2019-03-11 20:02:56] [config] after-epochs: 0
[2019-03-11 20:02:56] [config] allow-unk: false
[2019-03-11 20:02:56] [config] beam-size: 3
[2019-03-11 20:02:56] [config] bert-class-symbol: "[CLS]"
[2019-03-11 20:02:56] [config] bert-mask-symbol: "[MASK]"
[2019-03-11 20:02:56] [config] bert-masking-fraction: 0.15
[2019-03-11 20:02:56] [config] bert-sep-symbol: "[SEP]"
[2019-03-11 20:02:56] [config] bert-train-type-embeddings: true
[2019-03-11 20:02:56] [config] bert-type-vocab-size: 2
[2019-03-11 20:02:56] [config] best-deep: false
[2019-03-11 20:02:56] [config] clip-gemm: 0
[2019-03-11 20:02:56] [config] clip-norm: 5
[2019-03-11 20:02:56] [config] cost-type: ce-mean
[2019-03-11 20:02:56] [config] cpu-threads: 0
[2019-03-11 20:02:56] [config] data-weighting: ""
[2019-03-11 20:02:56] [config] data-weighting-type: sentence
[2019-03-11 20:02:56] [config] dec-cell: gru
[2019-03-11 20:02:56] [config] dec-cell-base-depth: 2
[2019-03-11 20:02:56] [config] dec-cell-high-depth: 1
[2019-03-11 20:02:56] [config] dec-depth: 6
[2019-03-11 20:02:56] [config] devices:
[2019-03-11 20:02:56] [config]   - 0
[2019-03-11 20:02:56] [config]   - 1
[2019-03-11 20:02:56] [config] dim-emb: 512
[2019-03-11 20:02:56] [config] dim-rnn: 1024
[2019-03-11 20:02:56] [config] dim-vocabs:
[2019-03-11 20:02:56] [config]   - 30000
[2019-03-11 20:02:56] [config]   - 30000
[2019-03-11 20:02:56] [config] disp-first: 0
[2019-03-11 20:02:56] [config] disp-freq: 500
[2019-03-11 20:02:56] [config] disp-label-counts: false
[2019-03-11 20:02:56] [config] dropout-rnn: 0
[2019-03-11 20:02:56] [config] dropout-src: 0
[2019-03-11 20:02:56] [config] dropout-trg: 0
[2019-03-11 20:02:56] [config] dump-config: ""
[2019-03-11 20:02:56] [config] early-stopping: 10
[2019-03-11 20:02:56] [config] embedding-fix-src: false
[2019-03-11 20:02:56] [config] embedding-fix-trg: false
[2019-03-11 20:02:56] [config] embedding-normalization: false
[2019-03-11 20:02:56] [config] embedding-vectors:
[2019-03-11 20:02:56] [config]   []
[2019-03-11 20:02:56] [config] enc-cell: gru
[2019-03-11 20:02:56] [config] enc-cell-depth: 1
[2019-03-11 20:02:56] [config] enc-depth: 6
[2019-03-11 20:02:56] [config] enc-type: bidirectional
[2019-03-11 20:02:56] [config] exponential-smoothing: 0.0001
[2019-03-11 20:02:56] [config] grad-dropping-momentum: 0
[2019-03-11 20:02:56] [config] grad-dropping-rate: 0
[2019-03-11 20:02:56] [config] grad-dropping-warmup: 100
[2019-03-11 20:02:56] [config] guided-alignment: none
[2019-03-11 20:02:56] [config] guided-alignment-cost: mse
[2019-03-11 20:02:56] [config] guided-alignment-weight: 0.1
[2019-03-11 20:02:56] [config] ignore-model-config: false
[2019-03-11 20:02:56] [config] input-types:
[2019-03-11 20:02:56] [config]   []
[2019-03-11 20:02:56] [config] interpolate-env-vars: false
[2019-03-11 20:02:56] [config] keep-best: false
[2019-03-11 20:02:56] [config] label-smoothing: 0.1
[2019-03-11 20:02:56] [config] layer-normalization: false
[2019-03-11 20:02:56] [config] learn-rate: 0.0003
[2019-03-11 20:02:56] [config] log: model/train_trans.doc.log
[2019-03-11 20:02:56] [config] log-level: info
[2019-03-11 20:02:56] [config] log-time-zone: ""
[2019-03-11 20:02:56] [config] lr-decay: 0
[2019-03-11 20:02:56] [config] lr-decay-freq: 50000
[2019-03-11 20:02:56] [config] lr-decay-inv-sqrt:
[2019-03-11 20:02:56] [config]   - 16000
[2019-03-11 20:02:56] [config] lr-decay-repeat-warmup: false
[2019-03-11 20:02:56] [config] lr-decay-reset-optimizer: false
[2019-03-11 20:02:56] [config] lr-decay-start:
[2019-03-11 20:02:56] [config]   - 10
[2019-03-11 20:02:56] [config]   - 1
[2019-03-11 20:02:56] [config] lr-decay-strategy: epoch+stalled
[2019-03-11 20:02:56] [config] lr-report: true
[2019-03-11 20:02:56] [config] lr-warmup: 16000
[2019-03-11 20:02:56] [config] lr-warmup-at-reload: false
[2019-03-11 20:02:56] [config] lr-warmup-cycle: false
[2019-03-11 20:02:56] [config] lr-warmup-start-rate: 0
[2019-03-11 20:02:56] [config] max-length: 80
[2019-03-11 20:02:56] [config] max-length-crop: false
[2019-03-11 20:02:56] [config] max-length-factor: 3
[2019-03-11 20:02:56] [config] maxi-batch: 1000
[2019-03-11 20:02:56] [config] maxi-batch-sort: trg
[2019-03-11 20:02:56] [config] mini-batch: 1000
[2019-03-11 20:02:56] [config] mini-batch-fit: true
[2019-03-11 20:02:56] [config] mini-batch-fit-step: 10
[2019-03-11 20:02:56] [config] mini-batch-overstuff: 1
[2019-03-11 20:02:56] [config] mini-batch-track-lr: false
[2019-03-11 20:02:56] [config] mini-batch-understuff: 1
[2019-03-11 20:02:56] [config] mini-batch-warmup: 0
[2019-03-11 20:02:56] [config] mini-batch-words: 0
[2019-03-11 20:02:56] [config] mini-batch-words-ref: 0
[2019-03-11 20:02:56] [config] model: model/model.src1tgt0_to_tgt1.doc2.npz
[2019-03-11 20:02:56] [config] multi-loss-type: sum
[2019-03-11 20:02:56] [config] multi-node: false
[2019-03-11 20:02:56] [config] multi-node-overlap: true
[2019-03-11 20:02:56] [config] n-best: false
[2019-03-11 20:02:56] [config] no-nccl: true
[2019-03-11 20:02:56] [config] no-reload: false
[2019-03-11 20:02:56] [config] no-restore-corpus: true
[2019-03-11 20:02:56] [config] no-shuffle: false
[2019-03-11 20:02:56] [config] normalize: 0.6
[2019-03-11 20:02:56] [config] num-devices: 0
[2019-03-11 20:02:56] [config] optimizer: adam
[2019-03-11 20:02:56] [config] optimizer-delay: 4
[2019-03-11 20:02:56] [config] optimizer-params:
[2019-03-11 20:02:56] [config]   - 0.9
[2019-03-11 20:02:56] [config]   - 0.98
[2019-03-11 20:02:56] [config]   - 1e-09
[2019-03-11 20:02:56] [config] overwrite: false
[2019-03-11 20:02:56] [config] pretrained-model: ""
[2019-03-11 20:02:56] [config] quiet: false
[2019-03-11 20:02:56] [config] quiet-translation: true
[2019-03-11 20:02:56] [config] relative-paths: false
[2019-03-11 20:02:56] [config] right-left: false
[2019-03-11 20:02:56] [config] save-freq: 5000
[2019-03-11 20:02:56] [config] seed: 1111
[2019-03-11 20:02:56] [config] shuffle-in-ram: false
[2019-03-11 20:02:56] [config] skip: false
[2019-03-11 20:02:56] [config] sqlite: ""
[2019-03-11 20:02:56] [config] sqlite-drop: false
[2019-03-11 20:02:56] [config] sync-sgd: true
[2019-03-11 20:02:56] [config] tempdir: /tmp
[2019-03-11 20:02:56] [config] tied-embeddings: false
[2019-03-11 20:02:56] [config] tied-embeddings-all: true
[2019-03-11 20:02:56] [config] tied-embeddings-src: false
[2019-03-11 20:02:56] [config] train-sets:
[2019-03-11 20:02:56] [config]   - corp/europarl.fr-en.docs.bpe.train.en.src_prev
[2019-03-11 20:02:56] [config]   - corp/europarl.fr-en.docs.bpe.train.en.src
[2019-03-11 20:02:56] [config]   - corp/europarl.fr-en.docs.train.fr.bpe
[2019-03-11 20:02:56] [config] transformer-aan-activation: swish
[2019-03-11 20:02:56] [config] transformer-aan-depth: 2
[2019-03-11 20:02:56] [config] transformer-aan-nogate: false
[2019-03-11 20:02:56] [config] transformer-decoder-autoreg: self-attention
[2019-03-11 20:02:56] [config] transformer-dim-aan: 2048
[2019-03-11 20:02:56] [config] transformer-dim-ffn: 2048
[2019-03-11 20:02:56] [config] transformer-dropout: 0.1
[2019-03-11 20:02:56] [config] transformer-dropout-attention: 0
[2019-03-11 20:02:56] [config] transformer-dropout-ffn: 0
[2019-03-11 20:02:56] [config] transformer-ffn-activation: swish
[2019-03-11 20:02:56] [config] transformer-ffn-depth: 2
[2019-03-11 20:02:56] [config] transformer-guided-alignment-layer: last
[2019-03-11 20:02:56] [config] transformer-heads: 8
[2019-03-11 20:02:56] [config] transformer-no-projection: false
[2019-03-11 20:02:56] [config] transformer-postprocess: dan
[2019-03-11 20:02:56] [config] transformer-postprocess-emb: d
[2019-03-11 20:02:56] [config] transformer-preprocess: ""
[2019-03-11 20:02:56] [config] transformer-tied-layers:
[2019-03-11 20:02:56] [config]   []
[2019-03-11 20:02:56] [config] transformer-train-position-embeddings: false
[2019-03-11 20:02:56] [config] type: transformer-context
[2019-03-11 20:02:56] [config] ulr: false
[2019-03-11 20:02:56] [config] ulr-dim-emb: 0
[2019-03-11 20:02:56] [config] ulr-dropout: 0
[2019-03-11 20:02:56] [config] ulr-keys-vectors: ""
[2019-03-11 20:02:56] [config] ulr-query-vectors: ""
[2019-03-11 20:02:56] [config] ulr-softmax-temperature: 1
[2019-03-11 20:02:56] [config] ulr-trainable-transformation: false
[2019-03-11 20:02:56] [config] valid-freq: 5000
[2019-03-11 20:02:56] [config] valid-log: model/valid_trans.doc.log
[2019-03-11 20:02:56] [config] valid-max-length: 1000
[2019-03-11 20:02:56] [config] valid-metrics:
[2019-03-11 20:02:56] [config]   - cross-entropy
[2019-03-11 20:02:56] [config]   - perplexity
[2019-03-11 20:02:56] [config]   - translation
[2019-03-11 20:02:56] [config] valid-mini-batch: 64
[2019-03-11 20:02:56] [config] valid-script-path: ./val.sh
[2019-03-11 20:02:56] [config] valid-sets:
[2019-03-11 20:02:56] [config]   - corp/europarl.fr-en.docs.bpe.dev.en.src_prev
[2019-03-11 20:02:56] [config]   - corp/europarl.fr-en.docs.bpe.dev.en.src
[2019-03-11 20:02:56] [config]   - corp/europarl.fr-en.docs.dev.fr.bpe
[2019-03-11 20:02:56] [config] valid-translation-output: data/valid.bpe.en.output
[2019-03-11 20:02:56] [config] vocabs:
[2019-03-11 20:02:56] [config]   - corp/vocab.enfr.europarl.yml
[2019-03-11 20:02:56] [config]   - corp/vocab.enfr.europarl.yml
[2019-03-11 20:02:56] [config]   - corp/vocab.enfr.europarl.yml
[2019-03-11 20:02:56] [config] word-penalty: 0
[2019-03-11 20:02:56] [config] workspace: 8900
[2019-03-11 20:02:56] [config] Model is being created with Marian v1.7.8 6c51ec1 2019-03-09 16:12:41 +0100
[2019-03-11 20:02:56] Using synchronous training
[2019-03-11 20:02:56] [data] Loading vocabulary from JSON/Yaml file corp/vocab.enfr.europarl.yml
[2019-03-11 20:02:56] [data] Setting vocabulary size for input 0 to 30000
[2019-03-11 20:02:56] [data] Loading vocabulary from JSON/Yaml file corp/vocab.enfr.europarl.yml
[2019-03-11 20:02:56] [data] Setting vocabulary size for input 1 to 30000
[2019-03-11 20:02:56] [data] Loading vocabulary from JSON/Yaml file corp/vocab.enfr.europarl.yml
[2019-03-11 20:02:57] [data] Setting vocabulary size for input 2 to 30000
[2019-03-11 20:02:57] Compiled without MPI support. Falling back to FakeMPIWrapper
[2019-03-11 20:02:57] [batching] Collecting statistics for batch fitting with step size 10
[2019-03-11 20:02:58] [memory] Extending reserved space to 8960 MB (device gpu0)
[2019-03-11 20:02:59] [memory] Extending reserved space to 8960 MB (device gpu1)
[2019-03-11 20:02:59] [comm] NCCL communicator overridden
[2019-03-11 20:02:59] [training] Using 2 GPUs
[2019-03-11 20:02:59] [memory] Reserving 311 MB, device gpu0
[2019-03-11 20:02:59] [gpu] 16-bit TensorCores enabled for float32 matrix operations
[2019-03-11 20:03:00] [memory] Reserving 311 MB, device gpu0
[2019-03-11 20:03:13] [batching] Done. Typical MB size is 36430 target words
[2019-03-11 20:03:14] [memory] Extending reserved space to 8960 MB (device gpu0)
[2019-03-11 20:03:14] [memory] Extending reserved space to 8960 MB (device gpu1)
[2019-03-11 20:03:14] [comm] NCCL communicator overridden
[2019-03-11 20:03:14] [training] Using 2 GPUs
[2019-03-11 20:03:14] Training started
[2019-03-11 20:03:14] [data] Shuffling data
[2019-03-11 20:03:16] [data] Done reading 1954143 sentences
[2019-03-11 20:03:28] [data] Done shuffling 1954143 sentences to temp files
[2019-03-11 20:05:37] [training] Batches are processed as 1 process(es) x 2 devices/process
[2019-03-11 20:05:38] [memory] Reserving 311 MB, device gpu1
[2019-03-11 20:05:38] [memory] Reserving 311 MB, device gpu0
[2019-03-11 20:05:38] [memory] Reserving 311 MB, device gpu1
[2019-03-11 20:05:38] [memory] Reserving 311 MB, device gpu0
[2019-03-11 20:05:38] [memory] Reserving 155 MB, device gpu0
[2019-03-11 20:05:38] [memory] Reserving 155 MB, device gpu1
[2019-03-11 20:05:39] [memory] Reserving 155 MB, device gpu0
[2019-03-11 20:05:39] [memory] Reserving 155 MB, device gpu1
[2019-03-11 20:05:39] [memory] Reserving 311 MB, device gpu0
[2019-03-11 20:05:39] [memory] Reserving 311 MB, device gpu1
[2019-03-11 20:17:11] Ep. 1 : Up. 500 : Sen. 283,416 : Cost 473.73522949 : Time 854.35s : 17546.13 words/s : L.r. 9.3750e-06
[2019-03-11 20:28:47] Ep. 1 : Up. 1000 : Sen. 568,467 : Cost 396.34695435 : Time 696.26s : 21624.72 words/s : L.r. 1.8750e-05
[2019-03-11 20:40:24] Ep. 1 : Up. 1500 : Sen. 851,512 : Cost 390.60971069 : Time 696.49s : 21565.02 words/s : L.r. 2.8125e-05
[2019-03-11 20:52:06] Ep. 1 : Up. 2000 : Sen. 1,138,341 : Cost 389.38842773 : Time 702.36s : 21316.19 words/s : L.r. 3.7500e-05
[2019-03-11 21:03:49] Ep. 1 : Up. 2500 : Sen. 1,421,330 : Cost 393.09274292 : Time 703.13s : 21321.82 words/s : L.r. 4.6875e-05
[2019-03-11 21:05:48] Seen 1468001 samples
[2019-03-11 21:05:48] Starting epoch 2
[2019-03-11 21:05:48] [data] Shuffling data
[2019-03-11 21:05:50] [data] Done reading 1954143 sentences
[2019-03-11 21:06:02] [data] Done shuffling 1954143 sentences to temp files
[2019-03-11 21:17:37] Ep. 2 : Up. 3000 : Sen. 235,127 : Cost 394.05007935 : Time 827.72s : 18157.31 words/s : L.r. 5.6250e-05
[2019-03-11 21:29:20] Ep. 2 : Up. 3500 : Sen. 518,021 : Cost 397.65649414 : Time 702.92s : 21583.77 words/s : L.r. 6.5625e-05
[2019-03-11 21:40:55] Ep. 2 : Up. 4000 : Sen. 809,577 : Cost 382.91125488 : Time 695.33s : 21488.49 words/s : L.r. 7.5000e-05
[2019-03-11 21:52:31] Ep. 2 : Up. 4500 : Sen. 1,090,240 : Cost 402.48175049 : Time 696.02s : 21468.74 words/s : L.r. 8.4375e-05
[2019-03-11 22:04:16] Ep. 2 : Up. 5000 : Sen. 1,374,797 : Cost 404.84973145 : Time 704.83s : 21336.35 words/s : L.r. 9.3750e-05
[2019-03-11 22:04:16] Saving model weights and runtime parameters to model/model.src1tgt0_to_tgt1.doc2.npz.orig.npz
[2019-03-11 22:04:22] Saving model weights and runtime parameters to model/model.src1tgt0_to_tgt1.doc2.iter5000.npz
[2019-03-11 22:04:28] Saving model weights and runtime parameters to model/model.src1tgt0_to_tgt1.doc2.npz
[2019-03-11 22:04:35] Saving Adam parameters to model/model.src1tgt0_to_tgt1.doc2.npz.optimizer.npz
[2019-03-11 22:05:32] [valid] Ep. 2 : Up. 5000 : cross-entropy : 446.452 : new best
[2019-03-11 22:06:18] [valid] Ep. 2 : Up. 5000 : perplexity : 858.621 : new best
