[2018-11-29 00:30:49] [config] after-batches: 0
[2018-11-29 00:30:49] [config] after-epochs: 0
[2018-11-29 00:30:49] [config] allow-unk: false
[2018-11-29 00:30:49] [config] batch-flexible-lr: false
[2018-11-29 00:30:49] [config] batch-normal-words: 1920
[2018-11-29 00:30:49] [config] beam-size: 6
[2018-11-29 00:30:49] [config] best-deep: false
[2018-11-29 00:30:49] [config] clip-gemm: 0
[2018-11-29 00:30:49] [config] clip-norm: 5
[2018-11-29 00:30:49] [config] cost-type: ce-mean
[2018-11-29 00:30:49] [config] cpu-threads: 0
[2018-11-29 00:30:49] [config] data-weighting-type: sentence
[2018-11-29 00:30:49] [config] dec-cell: gru
[2018-11-29 00:30:49] [config] dec-cell-base-depth: 2
[2018-11-29 00:30:49] [config] dec-cell-high-depth: 1
[2018-11-29 00:30:49] [config] dec-depth: 6
[2018-11-29 00:30:49] [config] devices:
[2018-11-29 00:30:49] [config]   - 0
[2018-11-29 00:30:49] [config] dim-emb: 512
[2018-11-29 00:30:49] [config] dim-rnn: 1024
[2018-11-29 00:30:49] [config] dim-vocabs:
[2018-11-29 00:30:49] [config]   - 0
[2018-11-29 00:30:49] [config]   - 0
[2018-11-29 00:30:49] [config] disp-freq: 1000
[2018-11-29 00:30:49] [config] disp-label-counts: false
[2018-11-29 00:30:49] [config] dropout-rnn: 0
[2018-11-29 00:30:49] [config] dropout-src: 0
[2018-11-29 00:30:49] [config] dropout-trg: 0
[2018-11-29 00:30:49] [config] dump-config: false
[2018-11-29 00:30:49] [config] early-stopping: 15
[2018-11-29 00:30:49] [config] embedding-fix-src: false
[2018-11-29 00:30:49] [config] embedding-fix-trg: false
[2018-11-29 00:30:49] [config] embedding-normalization: false
[2018-11-29 00:30:49] [config] enc-cell: gru
[2018-11-29 00:30:49] [config] enc-cell-depth: 1
[2018-11-29 00:30:49] [config] enc-depth: 6
[2018-11-29 00:30:49] [config] enc-type: bidirectional
[2018-11-29 00:30:49] [config] exponential-smoothing: 0.0001
[2018-11-29 00:30:49] [config] grad-dropping-momentum: 0
[2018-11-29 00:30:49] [config] grad-dropping-rate: 0
[2018-11-29 00:30:49] [config] grad-dropping-warmup: 100
[2018-11-29 00:30:49] [config] guided-alignment-cost: ce
[2018-11-29 00:30:49] [config] guided-alignment-weight: 1
[2018-11-29 00:30:49] [config] ignore-model-config: false
[2018-11-29 00:30:49] [config] interpolate-env-vars: false
[2018-11-29 00:30:49] [config] keep-best: false
[2018-11-29 00:30:49] [config] label-smoothing: 0.1
[2018-11-29 00:30:49] [config] layer-normalization: false
[2018-11-29 00:30:49] [config] learn-rate: 0.0003
[2018-11-29 00:30:49] [config] log: model/train_trans.log
[2018-11-29 00:30:49] [config] log-level: info
[2018-11-29 00:30:49] [config] lr-decay: 0
[2018-11-29 00:30:49] [config] lr-decay-freq: 50000
[2018-11-29 00:30:49] [config] lr-decay-inv-sqrt: 16000
[2018-11-29 00:30:49] [config] lr-decay-repeat-warmup: false
[2018-11-29 00:30:49] [config] lr-decay-reset-optimizer: false
[2018-11-29 00:30:49] [config] lr-decay-start:
[2018-11-29 00:30:49] [config]   - 10
[2018-11-29 00:30:49] [config]   - 1
[2018-11-29 00:30:49] [config] lr-decay-strategy: epoch+stalled
[2018-11-29 00:30:49] [config] lr-report: true
[2018-11-29 00:30:49] [config] lr-warmup: 16000
[2018-11-29 00:30:49] [config] lr-warmup-at-reload: false
[2018-11-29 00:30:49] [config] lr-warmup-cycle: false
[2018-11-29 00:30:49] [config] lr-warmup-start-rate: 0
[2018-11-29 00:30:49] [config] max-length: 80
[2018-11-29 00:30:49] [config] max-length-crop: false
[2018-11-29 00:30:49] [config] max-length-factor: 3
[2018-11-29 00:30:49] [config] maxi-batch: 1000
[2018-11-29 00:30:49] [config] maxi-batch-sort: trg
[2018-11-29 00:30:49] [config] mini-batch: 70
[2018-11-29 00:30:49] [config] mini-batch-fit: false
[2018-11-29 00:30:49] [config] mini-batch-fit-step: 10
[2018-11-29 00:30:49] [config] mini-batch-words: 0
[2018-11-29 00:30:49] [config] model: model/model.src0tgt0.trans.batch70.opt1.npz
[2018-11-29 00:30:49] [config] multi-node: false
[2018-11-29 00:30:49] [config] multi-node-overlap: true
[2018-11-29 00:30:49] [config] n-best: false
[2018-11-29 00:30:49] [config] no-reload: false
[2018-11-29 00:30:49] [config] no-restore-corpus: false
[2018-11-29 00:30:49] [config] no-shuffle: false
[2018-11-29 00:30:49] [config] normalize: 0.6
[2018-11-29 00:30:49] [config] optimizer: adam
[2018-11-29 00:30:49] [config] optimizer-delay: 1
[2018-11-29 00:30:49] [config] optimizer-params:
[2018-11-29 00:30:49] [config]   - 0.9
[2018-11-29 00:30:49] [config]   - 0.98
[2018-11-29 00:30:49] [config]   - 1e-09
[2018-11-29 00:30:49] [config] overwrite: false
[2018-11-29 00:30:49] [config] quiet: false
[2018-11-29 00:30:49] [config] quiet-translation: true
[2018-11-29 00:30:49] [config] relative-paths: false
[2018-11-29 00:30:49] [config] right-left: false
[2018-11-29 00:30:49] [config] save-freq: 15000
[2018-11-29 00:30:49] [config] seed: 1111
[2018-11-29 00:30:49] [config] skip: false
[2018-11-29 00:30:49] [config] sqlite: ""
[2018-11-29 00:30:49] [config] sqlite-drop: false
[2018-11-29 00:30:49] [config] sync-sgd: true
[2018-11-29 00:30:49] [config] tempdir: /tmp
[2018-11-29 00:30:49] [config] tied-embeddings: false
[2018-11-29 00:30:49] [config] tied-embeddings-all: true
[2018-11-29 00:30:49] [config] tied-embeddings-src: false
[2018-11-29 00:30:49] [config] train-sets:
[2018-11-29 00:30:49] [config]   - corp/europarl.cs-en.docs.train.en.bpe
[2018-11-29 00:30:49] [config]   - corp/europarl.cs-en.docs.train.cz.bpe
[2018-11-29 00:30:49] [config] transformer-aan-activation: swish
[2018-11-29 00:30:49] [config] transformer-aan-depth: 2
[2018-11-29 00:30:49] [config] transformer-aan-nogate: false
[2018-11-29 00:30:49] [config] transformer-decoder-autoreg: self-attention
[2018-11-29 00:30:49] [config] transformer-dim-aan: 2048
[2018-11-29 00:30:49] [config] transformer-dim-ffn: 2048
[2018-11-29 00:30:49] [config] transformer-dropout: 0.1
[2018-11-29 00:30:49] [config] transformer-dropout-attention: 0
[2018-11-29 00:30:49] [config] transformer-dropout-ffn: 0
[2018-11-29 00:30:49] [config] transformer-ffn-activation: swish
[2018-11-29 00:30:49] [config] transformer-ffn-depth: 2
[2018-11-29 00:30:49] [config] transformer-guided-alignment-layer: last
[2018-11-29 00:30:49] [config] transformer-heads: 8
[2018-11-29 00:30:49] [config] transformer-no-projection: false
[2018-11-29 00:30:49] [config] transformer-postprocess: dan
[2018-11-29 00:30:49] [config] transformer-postprocess-emb: d
[2018-11-29 00:30:49] [config] transformer-preprocess: ""
[2018-11-29 00:30:49] [config] transformer-tied-layers:
[2018-11-29 00:30:49] [config]   []
[2018-11-29 00:30:49] [config] type: transformer
[2018-11-29 00:30:49] [config] valid-freq: 15000
[2018-11-29 00:30:49] [config] valid-log: model/valid_trans.log
[2018-11-29 00:30:49] [config] valid-max-length: 1000
[2018-11-29 00:30:49] [config] valid-metrics:
[2018-11-29 00:30:49] [config]   - cross-entropy
[2018-11-29 00:30:49] [config]   - perplexity
[2018-11-29 00:30:49] [config]   - translation
[2018-11-29 00:30:49] [config] valid-mini-batch: 16
[2018-11-29 00:30:49] [config] valid-script-path: ./val.sh
[2018-11-29 00:30:49] [config] valid-sets:
[2018-11-29 00:30:49] [config]   - corp/europarl.cs-en.docs.dev.en.bpe
[2018-11-29 00:30:49] [config]   - corp/europarl.cs-en.docs.dev.cz.bpe
[2018-11-29 00:30:49] [config] valid-translation-output: data/valid32.bpe.en.output
[2018-11-29 00:30:49] [config] version: false
[2018-11-29 00:30:49] [config] vocabs:
[2018-11-29 00:30:49] [config]   - corp/vocab.encs.europarl.yml
[2018-11-29 00:30:49] [config]   - corp/vocab.encs.europarl.yml
[2018-11-29 00:30:49] [config] word-penalty: 0
[2018-11-29 00:30:49] [config] workspace: 2048
[2018-11-29 00:30:49] [config] Model created with Marian false
[2018-11-29 00:30:49] [data] Loading vocabulary from JSON/Yaml file corp/vocab.encs.europarl.yml
[2018-11-29 00:30:49] [data] Setting vocabulary size for input 0 to 32000
[2018-11-29 00:30:49] [data] Loading vocabulary from JSON/Yaml file corp/vocab.encs.europarl.yml
[2018-11-29 00:30:50] [data] Setting vocabulary size for input 1 to 32000
[2018-11-29 00:30:50] [memory] Extending reserved space to 2048 MB (device gpu0)
[2018-11-29 00:30:50] Training started
[2018-11-29 00:30:50] [data] Shuffling files
[2018-11-29 00:30:52] [data] Done
[2018-11-29 00:30:57] [memory] Reserving 230 MB, device gpu0
[2018-11-29 00:31:01] [memory] Reserving 230 MB, device gpu0
[2018-11-29 00:31:06] [memory] Reserving 461 MB, device gpu0
[2018-11-29 00:31:06] [memory] Reserving 230 MB, device gpu0
[2018-11-29 00:36:44] Ep. 1 : Up. 1000 : Sen. 70000 : Cost 269.64 : Time 354.37s : 5834.60 words/s : L.r. 1.8750e-05
[2018-11-29 00:39:52] Ep. 1 : Up. 2000 : Sen. 140000 : Cost 230.16 : Time 187.81s : 11018.17 words/s : L.r. 3.7500e-05
[2018-11-29 00:42:59] Ep. 1 : Up. 3000 : Sen. 210000 : Cost 215.44 : Time 187.15s : 11024.57 words/s : L.r. 5.6250e-05
[2018-11-29 00:46:07] Ep. 1 : Up. 4000 : Sen. 280000 : Cost 199.84 : Time 188.27s : 10993.67 words/s : L.r. 7.5000e-05
[2018-11-29 00:49:15] Ep. 1 : Up. 5000 : Sen. 350000 : Cost 186.70 : Time 188.22s : 10992.68 words/s : L.r. 9.3750e-05
[2018-11-29 00:52:24] Ep. 1 : Up. 6000 : Sen. 420000 : Cost 175.67 : Time 188.48s : 11008.53 words/s : L.r. 1.1250e-04
[2018-11-29 00:55:32] Ep. 1 : Up. 7000 : Sen. 490000 : Cost 164.65 : Time 188.01s : 10984.20 words/s : L.r. 1.3125e-04
[2018-11-29 00:58:40] Ep. 1 : Up. 8000 : Sen. 560000 : Cost 155.58 : Time 188.61s : 10975.74 words/s : L.r. 1.5000e-04
[2018-11-29 01:00:54] Seen 609664 samples
[2018-11-29 01:00:54] Starting epoch 2
[2018-11-29 01:00:54] [data] Shuffling files
[2018-11-29 01:00:57] [data] Done
[2018-11-29 01:01:56] Ep. 2 : Up. 9000 : Sen. 20300 : Cost 144.07 : Time 195.14s : 10628.08 words/s : L.r. 1.6875e-04
[2018-11-29 01:05:03] Ep. 2 : Up. 10000 : Sen. 90300 : Cost 130.48 : Time 187.63s : 10903.57 words/s : L.r. 1.8750e-04
[2018-11-29 01:08:14] Ep. 2 : Up. 11000 : Sen. 160300 : Cost 123.53 : Time 190.56s : 10976.20 words/s : L.r. 2.0625e-04
[2018-11-29 01:11:22] Ep. 2 : Up. 12000 : Sen. 230300 : Cost 115.07 : Time 188.31s : 11022.44 words/s : L.r. 2.2500e-04
[2018-11-29 01:14:29] Ep. 2 : Up. 13000 : Sen. 300300 : Cost 108.72 : Time 186.88s : 10995.62 words/s : L.r. 2.4375e-04
[2018-11-29 01:17:36] Ep. 2 : Up. 14000 : Sen. 370300 : Cost 105.31 : Time 187.36s : 10997.88 words/s : L.r. 2.6250e-04
[2018-11-29 01:20:46] Ep. 2 : Up. 15000 : Sen. 440300 : Cost 103.93 : Time 189.58s : 10990.96 words/s : L.r. 2.8125e-04
[2018-11-29 01:20:55] [valid] Ep. 2 : Up. 15000 : cross-entropy : 75.4496 : new best
[2018-11-29 01:21:05] [valid] Ep. 2 : Up. 15000 : perplexity : 11.4422 : new best
Detokenizer Version $Revision: 4134 $
Language: en
[2018-11-29 01:25:10] [valid] Ep. 2 : Up. 15000 : translation : 19.38 : new best
[2018-11-29 01:25:10] Saving model weights and runtime parameters to model/model.src0tgt0.trans.batch70.opt1.npz.orig.npz
[2018-11-29 01:25:14] Saving model weights and runtime parameters to model/model.src0tgt0.trans.batch70.opt1.iter15000.npz
[2018-11-29 01:25:18] Saving model weights and runtime parameters to model/model.src0tgt0.trans.batch70.opt1.npz
[2018-11-29 01:25:22] Saving Adam parameters to model/model.src0tgt0.trans.batch70.opt1.npz.optimizer.npz
[2018-11-29 01:28:38] Ep. 2 : Up. 16000 : Sen. 510300 : Cost 101.10 : Time 471.55s : 4380.21 words/s : L.r. 3.0000e-04
[2018-11-29 01:31:46] Ep. 2 : Up. 17000 : Sen. 580264 : Cost 99.14 : Time 188.23s : 10951.05 words/s : L.r. 2.9104e-04
[2018-11-29 01:33:05] Seen 609664 samples
[2018-11-29 01:33:05] Starting epoch 3
[2018-11-29 01:33:05] [data] Shuffling files
[2018-11-29 01:33:08] [data] Done
[2018-11-29 01:35:03] Ep. 3 : Up. 18000 : Sen. 40600 : Cost 97.34 : Time 197.26s : 10569.97 words/s : L.r. 2.8284e-04
[2018-11-29 01:38:11] Ep. 3 : Up. 19000 : Sen. 110600 : Cost 93.90 : Time 187.63s : 10936.57 words/s : L.r. 2.7530e-04
[2018-11-29 01:41:20] Ep. 3 : Up. 20000 : Sen. 180600 : Cost 94.53 : Time 189.70s : 11007.01 words/s : L.r. 2.6833e-04
[2018-11-29 01:44:28] Ep. 3 : Up. 21000 : Sen. 250600 : Cost 91.96 : Time 187.81s : 10966.49 words/s : L.r. 2.6186e-04
[2018-11-29 01:47:39] Ep. 3 : Up. 22000 : Sen. 320600 : Cost 92.74 : Time 190.42s : 11017.33 words/s : L.r. 2.5584e-04
[2018-11-29 01:50:44] Ep. 3 : Up. 23000 : Sen. 390600 : Cost 88.33 : Time 185.48s : 10930.09 words/s : L.r. 2.5022e-04
[2018-11-29 01:53:53] Ep. 3 : Up. 24000 : Sen. 460600 : Cost 89.85 : Time 188.49s : 11022.18 words/s : L.r. 2.4495e-04
[2018-11-29 01:56:59] Ep. 3 : Up. 25000 : Sen. 530600 : Cost 87.92 : Time 186.33s : 11001.04 words/s : L.r. 2.4000e-04
[2018-11-29 02:00:08] Ep. 3 : Up. 26000 : Sen. 600564 : Cost 88.88 : Time 189.21s : 10964.15 words/s : L.r. 2.3534e-04
[2018-11-29 02:00:33] Seen 609664 samples
[2018-11-29 02:00:33] Starting epoch 4
[2018-11-29 02:00:33] [data] Shuffling files
[2018-11-29 02:00:36] [data] Done
[2018-11-29 02:03:23] Ep. 4 : Up. 27000 : Sen. 60900 : Cost 85.53 : Time 195.07s : 10514.84 words/s : L.r. 2.3094e-04
[2018-11-29 02:06:33] Ep. 4 : Up. 28000 : Sen. 130900 : Cost 86.47 : Time 189.76s : 10973.89 words/s : L.r. 2.2678e-04
[2018-11-29 02:09:43] Ep. 4 : Up. 29000 : Sen. 200900 : Cost 86.37 : Time 189.81s : 10982.98 words/s : L.r. 2.2283e-04
[2018-11-29 02:12:51] Ep. 4 : Up. 30000 : Sen. 270900 : Cost 84.97 : Time 188.17s : 10960.07 words/s : L.r. 2.1909e-04
[2018-11-29 02:13:00] [valid] Ep. 4 : Up. 30000 : cross-entropy : 56.6829 : new best
[2018-11-29 02:13:09] [valid] Ep. 4 : Up. 30000 : perplexity : 6.24059 : new best
Detokenizer Version $Revision: 4134 $
Language: en
[2018-11-29 02:16:56] [valid] Ep. 4 : Up. 30000 : translation : 25.49 : new best
[2018-11-29 02:16:56] Saving model weights and runtime parameters to model/model.src0tgt0.trans.batch70.opt1.npz.orig.npz
[2018-11-29 02:17:00] Saving model weights and runtime parameters to model/model.src0tgt0.trans.batch70.opt1.iter30000.npz
[2018-11-29 02:17:03] Saving model weights and runtime parameters to model/model.src0tgt0.trans.batch70.opt1.npz
[2018-11-29 02:17:08] Saving Adam parameters to model/model.src0tgt0.trans.batch70.opt1.npz.optimizer.npz
[2018-11-29 02:20:27] Ep. 4 : Up. 31000 : Sen. 340900 : Cost 85.28 : Time 455.61s : 4565.12 words/s : L.r. 2.1553e-04
[2018-11-29 02:23:34] Ep. 4 : Up. 32000 : Sen. 410900 : Cost 83.59 : Time 187.05s : 10934.48 words/s : L.r. 2.1213e-04
[2018-11-29 02:26:42] Ep. 4 : Up. 33000 : Sen. 480900 : Cost 84.97 : Time 188.37s : 11064.63 words/s : L.r. 2.0889e-04
[2018-11-29 02:29:51] Ep. 4 : Up. 34000 : Sen. 550900 : Cost 84.00 : Time 189.33s : 10961.80 words/s : L.r. 2.0580e-04
[2018-11-29 02:32:29] Seen 609664 samples
[2018-11-29 02:32:29] Starting epoch 5
[2018-11-29 02:32:29] [data] Shuffling files
[2018-11-29 02:32:32] [data] Done
[2018-11-29 02:33:07] Ep. 5 : Up. 35000 : Sen. 11200 : Cost 83.23 : Time 195.28s : 10579.30 words/s : L.r. 2.0284e-04
[2018-11-29 02:36:16] Ep. 5 : Up. 36000 : Sen. 81200 : Cost 82.27 : Time 189.94s : 10949.73 words/s : L.r. 2.0000e-04
[2018-11-29 02:39:23] Ep. 5 : Up. 37000 : Sen. 151200 : Cost 80.47 : Time 186.12s : 10931.31 words/s : L.r. 1.9728e-04
[2018-11-29 02:42:32] Ep. 5 : Up. 38000 : Sen. 221200 : Cost 82.68 : Time 189.42s : 11046.87 words/s : L.r. 1.9467e-04
[2018-11-29 02:45:40] Ep. 5 : Up. 39000 : Sen. 291200 : Cost 81.37 : Time 188.09s : 10973.66 words/s : L.r. 1.9215e-04
[2018-11-29 02:48:47] Ep. 5 : Up. 40000 : Sen. 361200 : Cost 80.59 : Time 187.20s : 10937.62 words/s : L.r. 1.8974e-04
[2018-11-29 02:51:57] Ep. 5 : Up. 41000 : Sen. 431200 : Cost 81.76 : Time 189.67s : 10949.74 words/s : L.r. 1.8741e-04
[2018-11-29 02:55:07] Ep. 5 : Up. 42000 : Sen. 501200 : Cost 81.57 : Time 189.72s : 10945.80 words/s : L.r. 1.8516e-04
[2018-11-29 02:58:14] Ep. 5 : Up. 43000 : Sen. 571200 : Cost 80.27 : Time 187.25s : 10941.19 words/s : L.r. 1.8300e-04
[2018-11-29 03:00:00] Seen 609664 samples
[2018-11-29 03:00:00] Starting epoch 6
[2018-11-29 03:00:00] [data] Shuffling files
[2018-11-29 03:00:02] [data] Done
[2018-11-29 03:01:31] Ep. 6 : Up. 44000 : Sen. 31500 : Cost 80.51 : Time 197.10s : 10534.78 words/s : L.r. 1.8091e-04
[2018-11-29 03:04:43] Ep. 6 : Up. 45000 : Sen. 101500 : Cost 80.42 : Time 191.66s : 10947.95 words/s : L.r. 1.7889e-04
[2018-11-29 03:04:52] [valid] Ep. 6 : Up. 45000 : cross-entropy : 52.13 : new best
[2018-11-29 03:05:01] [valid] Ep. 6 : Up. 45000 : perplexity : 5.38706 : new best
Detokenizer Version $Revision: 4134 $
Language: en
[2018-11-29 03:08:55] [valid] Ep. 6 : Up. 45000 : translation : 27.27 : new best
[2018-11-29 03:08:55] Saving model weights and runtime parameters to model/model.src0tgt0.trans.batch70.opt1.npz.orig.npz
[2018-11-29 03:08:59] Saving model weights and runtime parameters to model/model.src0tgt0.trans.batch70.opt1.iter45000.npz
[2018-11-29 03:09:02] Saving model weights and runtime parameters to model/model.src0tgt0.trans.batch70.opt1.npz
[2018-11-29 03:09:07] Saving Adam parameters to model/model.src0tgt0.trans.batch70.opt1.npz.optimizer.npz
[2018-11-29 03:12:22] Ep. 6 : Up. 46000 : Sen. 171500 : Cost 77.52 : Time 459.21s : 4400.86 words/s : L.r. 1.7693e-04
[2018-11-29 03:15:31] Ep. 6 : Up. 47000 : Sen. 241500 : Cost 79.99 : Time 188.80s : 11033.62 words/s : L.r. 1.7504e-04
[2018-11-29 03:18:39] Ep. 6 : Up. 48000 : Sen. 311500 : Cost 79.51 : Time 188.76s : 10957.32 words/s : L.r. 1.7321e-04
[2018-11-29 03:21:49] Ep. 6 : Up. 49000 : Sen. 381500 : Cost 80.21 : Time 189.97s : 10981.63 words/s : L.r. 1.7143e-04
[2018-11-29 03:24:57] Ep. 6 : Up. 50000 : Sen. 451500 : Cost 78.81 : Time 187.68s : 10951.18 words/s : L.r. 1.6971e-04
[2018-11-29 03:28:06] Ep. 6 : Up. 51000 : Sen. 521500 : Cost 79.14 : Time 188.42s : 10958.07 words/s : L.r. 1.6803e-04
[2018-11-29 03:31:15] Ep. 6 : Up. 52000 : Sen. 591464 : Cost 79.80 : Time 189.89s : 10961.43 words/s : L.r. 1.6641e-04
[2018-11-29 03:32:05] Seen 609664 samples
[2018-11-29 03:32:05] Starting epoch 7
[2018-11-29 03:32:05] [data] Shuffling files
[2018-11-29 03:32:08] [data] Done
[2018-11-29 03:34:34] Ep. 7 : Up. 53000 : Sen. 51800 : Cost 78.96 : Time 198.47s : 10586.27 words/s : L.r. 1.6483e-04
[2018-11-29 03:37:39] Ep. 7 : Up. 54000 : Sen. 121800 : Cost 75.51 : Time 184.67s : 10919.51 words/s : L.r. 1.6330e-04
[2018-11-29 03:40:47] Ep. 7 : Up. 55000 : Sen. 191800 : Cost 77.98 : Time 188.06s : 10998.50 words/s : L.r. 1.6181e-04
[2018-11-29 03:43:57] Ep. 7 : Up. 56000 : Sen. 261800 : Cost 78.83 : Time 190.29s : 11012.28 words/s : L.r. 1.6036e-04
[2018-11-29 03:47:04] Ep. 7 : Up. 57000 : Sen. 331800 : Cost 77.01 : Time 186.95s : 10929.95 words/s : L.r. 1.5894e-04
[2018-11-29 03:50:14] Ep. 7 : Up. 58000 : Sen. 401800 : Cost 78.65 : Time 190.21s : 10994.59 words/s : L.r. 1.5757e-04
[2018-11-29 03:53:22] Ep. 7 : Up. 59000 : Sen. 471800 : Cost 77.49 : Time 188.11s : 10949.91 words/s : L.r. 1.5623e-04
[2018-11-29 03:56:31] Ep. 7 : Up. 60000 : Sen. 541800 : Cost 78.32 : Time 189.16s : 10998.63 words/s : L.r. 1.5492e-04
[2018-11-29 03:56:41] [valid] Ep. 7 : Up. 60000 : cross-entropy : 49.9124 : new best
[2018-11-29 03:56:50] [valid] Ep. 7 : Up. 60000 : perplexity : 5.01464 : new best
Detokenizer Version $Revision: 4134 $
Language: en
[2018-11-29 04:00:42] [valid] Ep. 7 : Up. 60000 : translation : 27.95 : new best
[2018-11-29 04:00:42] Saving model weights and runtime parameters to model/model.src0tgt0.trans.batch70.opt1.npz.orig.npz
[2018-11-29 04:00:47] Saving model weights and runtime parameters to model/model.src0tgt0.trans.batch70.opt1.iter60000.npz
[2018-11-29 04:00:51] Saving model weights and runtime parameters to model/model.src0tgt0.trans.batch70.opt1.npz
[2018-11-29 04:00:56] Saving Adam parameters to model/model.src0tgt0.trans.batch70.opt1.npz.optimizer.npz
[2018-11-29 04:04:07] Seen 609664 samples
[2018-11-29 04:04:07] Starting epoch 8
[2018-11-29 04:04:07] [data] Shuffling files
[2018-11-29 04:04:10] [data] Done
[2018-11-29 04:04:21] Ep. 8 : Up. 61000 : Sen. 2100 : Cost 77.74 : Time 469.40s : 4406.09 words/s : L.r. 1.5364e-04
[2018-11-29 04:07:29] Ep. 8 : Up. 62000 : Sen. 72100 : Cost 75.59 : Time 187.78s : 10974.03 words/s : L.r. 1.5240e-04
[2018-11-29 04:10:38] Ep. 8 : Up. 63000 : Sen. 142100 : Cost 76.82 : Time 189.41s : 10984.00 words/s : L.r. 1.5119e-04
[2018-11-29 04:13:46] Ep. 8 : Up. 64000 : Sen. 212100 : Cost 76.65 : Time 188.22s : 10996.63 words/s : L.r. 1.5000e-04
[2018-11-29 04:16:55] Ep. 8 : Up. 65000 : Sen. 282100 : Cost 76.98 : Time 188.86s : 10993.57 words/s : L.r. 1.4884e-04
[2018-11-29 04:20:02] Ep. 8 : Up. 66000 : Sen. 352100 : Cost 76.83 : Time 187.23s : 11071.55 words/s : L.r. 1.4771e-04
[2018-11-29 04:23:09] Ep. 8 : Up. 67000 : Sen. 422100 : Cost 75.98 : Time 186.25s : 11010.86 words/s : L.r. 1.4660e-04
[2018-11-29 04:26:17] Ep. 8 : Up. 68000 : Sen. 492100 : Cost 76.95 : Time 188.07s : 11033.16 words/s : L.r. 1.4552e-04
[2018-11-29 04:29:24] Ep. 8 : Up. 69000 : Sen. 562100 : Cost 76.63 : Time 187.86s : 10984.46 words/s : L.r. 1.4446e-04
[2018-11-29 04:31:33] Seen 609664 samples
[2018-11-29 04:31:33] Starting epoch 9
[2018-11-29 04:31:33] [data] Shuffling files
[2018-11-29 04:31:35] [data] Done
[2018-11-29 04:32:39] Ep. 9 : Up. 70000 : Sen. 22400 : Cost 75.74 : Time 194.39s : 10577.58 words/s : L.r. 1.4343e-04
[2018-11-29 04:35:48] Ep. 9 : Up. 71000 : Sen. 92400 : Cost 75.12 : Time 188.63s : 10969.18 words/s : L.r. 1.4241e-04
[2018-11-29 04:38:55] Ep. 9 : Up. 72000 : Sen. 162400 : Cost 75.19 : Time 187.49s : 10959.28 words/s : L.r. 1.4142e-04
[2018-11-29 04:42:04] Ep. 9 : Up. 73000 : Sen. 232400 : Cost 76.38 : Time 189.42s : 11042.37 words/s : L.r. 1.4045e-04
[2018-11-29 04:45:14] Ep. 9 : Up. 74000 : Sen. 302400 : Cost 75.86 : Time 189.31s : 10951.51 words/s : L.r. 1.3950e-04
[2018-11-29 04:48:22] Ep. 9 : Up. 75000 : Sen. 372400 : Cost 75.68 : Time 187.83s : 11007.19 words/s : L.r. 1.3856e-04
[2018-11-29 04:48:31] [valid] Ep. 9 : Up. 75000 : cross-entropy : 48.655 : new best
[2018-11-29 04:48:40] [valid] Ep. 9 : Up. 75000 : perplexity : 4.81503 : new best
Detokenizer Version $Revision: 4134 $
Language: en
[2018-11-29 04:52:52] [valid] Ep. 9 : Up. 75000 : translation : 28.35 : new best
[2018-11-29 04:52:52] Saving model weights and runtime parameters to model/model.src0tgt0.trans.batch70.opt1.npz.orig.npz
[2018-11-29 04:52:56] Saving model weights and runtime parameters to model/model.src0tgt0.trans.batch70.opt1.iter75000.npz
[2018-11-29 04:53:00] Saving model weights and runtime parameters to model/model.src0tgt0.trans.batch70.opt1.npz
[2018-11-29 04:53:04] Saving Adam parameters to model/model.src0tgt0.trans.batch70.opt1.npz.optimizer.npz
[2018-11-29 04:56:22] Ep. 9 : Up. 76000 : Sen. 442400 : Cost 74.97 : Time 480.90s : 4256.81 words/s : L.r. 1.3765e-04
[2018-11-29 04:59:33] Ep. 9 : Up. 77000 : Sen. 512400 : Cost 76.99 : Time 190.16s : 11034.23 words/s : L.r. 1.3675e-04
[2018-11-29 05:02:40] Ep. 9 : Up. 78000 : Sen. 582364 : Cost 75.35 : Time 187.35s : 10968.54 words/s : L.r. 1.3587e-04
[2018-11-29 05:03:54] Seen 609664 samples
[2018-11-29 05:03:54] Starting epoch 10
[2018-11-29 05:03:54] [data] Shuffling files
[2018-11-29 05:03:56] [data] Done
[2018-11-29 05:05:58] Ep. 10 : Up. 79000 : Sen. 42700 : Cost 75.95 : Time 198.05s : 10617.74 words/s : L.r. 1.3501e-04
[2018-11-29 05:09:03] Ep. 10 : Up. 80000 : Sen. 112700 : Cost 72.85 : Time 185.20s : 10956.03 words/s : L.r. 1.3416e-04
[2018-11-29 05:12:11] Ep. 10 : Up. 81000 : Sen. 182700 : Cost 74.40 : Time 188.18s : 10948.16 words/s : L.r. 1.3333e-04
[2018-11-29 05:15:21] Ep. 10 : Up. 82000 : Sen. 252700 : Cost 75.40 : Time 189.13s : 11013.98 words/s : L.r. 1.3252e-04
[2018-11-29 05:18:28] Ep. 10 : Up. 83000 : Sen. 322700 : Cost 74.40 : Time 187.55s : 10960.69 words/s : L.r. 1.3172e-04
[2018-11-29 05:21:38] Ep. 10 : Up. 84000 : Sen. 392700 : Cost 76.36 : Time 189.78s : 11076.78 words/s : L.r. 1.3093e-04
[2018-11-29 05:24:42] Ep. 10 : Up. 85000 : Sen. 462700 : Cost 73.60 : Time 184.43s : 11003.34 words/s : L.r. 1.3016e-04
[2018-11-29 05:27:51] Ep. 10 : Up. 86000 : Sen. 532700 : Cost 76.01 : Time 189.19s : 11060.33 words/s : L.r. 1.2940e-04
[2018-11-29 05:31:00] Ep. 10 : Up. 87000 : Sen. 602700 : Cost 75.09 : Time 188.76s : 10957.35 words/s : L.r. 1.2865e-04
[2018-11-29 05:31:19] Seen 609664 samples
[2018-11-29 05:31:19] Starting epoch 11
[2018-11-29 05:31:19] [data] Shuffling files
[2018-11-29 05:31:21] [data] Done
[2018-11-29 05:34:15] Ep. 11 : Up. 88000 : Sen. 63000 : Cost 73.77 : Time 194.83s : 10622.82 words/s : L.r. 1.2792e-04
[2018-11-29 05:37:23] Ep. 11 : Up. 89000 : Sen. 133000 : Cost 73.41 : Time 187.67s : 10988.60 words/s : L.r. 1.2720e-04
[2018-11-29 05:40:30] Ep. 11 : Up. 90000 : Sen. 203000 : Cost 73.52 : Time 186.82s : 10980.12 words/s : L.r. 1.2649e-04
[2018-11-29 05:40:39] [valid] Ep. 11 : Up. 90000 : cross-entropy : 47.8973 : new best
[2018-11-29 05:40:48] [valid] Ep. 11 : Up. 90000 : perplexity : 4.69862 : new best
Detokenizer Version $Revision: 4134 $
Language: en
[2018-11-29 05:45:11] [valid] Ep. 11 : Up. 90000 : translation : 28.6 : new best
[2018-11-29 05:45:11] Saving model weights and runtime parameters to model/model.src0tgt0.trans.batch70.opt1.npz.orig.npz
[2018-11-29 05:45:15] Saving model weights and runtime parameters to model/model.src0tgt0.trans.batch70.opt1.iter90000.npz
[2018-11-29 05:45:19] Saving model weights and runtime parameters to model/model.src0tgt0.trans.batch70.opt1.npz
[2018-11-29 05:45:23] Saving Adam parameters to model/model.src0tgt0.trans.batch70.opt1.npz.optimizer.npz
[2018-11-29 05:48:41] Ep. 11 : Up. 91000 : Sen. 273000 : Cost 74.73 : Time 491.59s : 4235.17 words/s : L.r. 1.2579e-04
[2018-11-29 05:51:49] Ep. 11 : Up. 92000 : Sen. 343000 : Cost 74.23 : Time 187.37s : 11029.58 words/s : L.r. 1.2511e-04
[2018-11-29 05:54:57] Ep. 11 : Up. 93000 : Sen. 413000 : Cost 74.81 : Time 188.49s : 11020.61 words/s : L.r. 1.2443e-04
[2018-11-29 05:58:04] Ep. 11 : Up. 94000 : Sen. 483000 : Cost 74.34 : Time 187.39s : 11047.69 words/s : L.r. 1.2377e-04
[2018-11-29 06:01:11] Ep. 11 : Up. 95000 : Sen. 553000 : Cost 74.00 : Time 186.98s : 11004.86 words/s : L.r. 1.2312e-04
[2018-11-29 06:03:45] Seen 609664 samples
[2018-11-29 06:03:45] Starting epoch 12
[2018-11-29 06:03:45] [data] Shuffling files
[2018-11-29 06:03:47] [data] Done
[2018-11-29 06:04:27] Ep. 12 : Up. 96000 : Sen. 13300 : Cost 74.43 : Time 195.55s : 10611.95 words/s : L.r. 1.2247e-04
[2018-11-29 06:07:36] Ep. 12 : Up. 97000 : Sen. 83300 : Cost 73.57 : Time 188.67s : 11040.72 words/s : L.r. 1.2184e-04
[2018-11-29 06:10:42] Ep. 12 : Up. 98000 : Sen. 153300 : Cost 72.42 : Time 186.53s : 10971.37 words/s : L.r. 1.2122e-04
[2018-11-29 06:13:51] Ep. 12 : Up. 99000 : Sen. 223300 : Cost 74.02 : Time 189.07s : 11022.81 words/s : L.r. 1.2060e-04
[2018-11-29 06:17:00] Ep. 12 : Up. 100000 : Sen. 293300 : Cost 74.04 : Time 189.04s : 11006.18 words/s : L.r. 1.2000e-04
[2018-11-29 06:20:05] Ep. 12 : Up. 101000 : Sen. 363300 : Cost 72.61 : Time 185.14s : 11007.83 words/s : L.r. 1.1940e-04
[2018-11-29 06:23:14] Ep. 12 : Up. 102000 : Sen. 433300 : Cost 74.71 : Time 189.11s : 11076.89 words/s : L.r. 1.1882e-04
[2018-11-29 06:26:22] Ep. 12 : Up. 103000 : Sen. 503300 : Cost 73.56 : Time 187.06s : 11008.05 words/s : L.r. 1.1824e-04
[2018-11-29 06:29:29] Ep. 12 : Up. 104000 : Sen. 573300 : Cost 73.60 : Time 187.37s : 10979.87 words/s : L.r. 1.1767e-04
[2018-11-29 06:31:07] Seen 609664 samples
[2018-11-29 06:31:07] Starting epoch 13
[2018-11-29 06:31:07] [data] Shuffling files
[2018-11-29 06:31:09] [data] Done
[2018-11-29 06:32:41] Ep. 13 : Up. 105000 : Sen. 33600 : Cost 72.39 : Time 191.49s : 10694.19 words/s : L.r. 1.1711e-04
[2018-11-29 06:32:50] [valid] Ep. 13 : Up. 105000 : cross-entropy : 47.3126 : new best
[2018-11-29 06:32:59] [valid] Ep. 13 : Up. 105000 : perplexity : 4.6107 : new best
Detokenizer Version $Revision: 4134 $
Language: en
[2018-11-29 06:37:31] [valid] Ep. 13 : Up. 105000 : translation : 28.88 : new best
[2018-11-29 06:37:31] Saving model weights and runtime parameters to model/model.src0tgt0.trans.batch70.opt1.npz.orig.npz
[2018-11-29 06:37:35] Saving model weights and runtime parameters to model/model.src0tgt0.trans.batch70.opt1.iter105000.npz
[2018-11-29 06:37:39] Saving model weights and runtime parameters to model/model.src0tgt0.trans.batch70.opt1.npz
[2018-11-29 06:37:43] Saving Adam parameters to model/model.src0tgt0.trans.batch70.opt1.npz.optimizer.npz
[2018-11-29 06:41:04] Ep. 13 : Up. 106000 : Sen. 103600 : Cost 74.79 : Time 503.64s : 4223.58 words/s : L.r. 1.1655e-04
[2018-11-29 06:44:12] Ep. 13 : Up. 107000 : Sen. 173600 : Cost 72.16 : Time 187.77s : 10927.17 words/s : L.r. 1.1601e-04
[2018-11-29 06:47:18] Ep. 13 : Up. 108000 : Sen. 243600 : Cost 72.07 : Time 185.81s : 11016.98 words/s : L.r. 1.1547e-04
[2018-11-29 06:50:29] Ep. 13 : Up. 109000 : Sen. 313600 : Cost 74.46 : Time 191.35s : 11003.61 words/s : L.r. 1.1494e-04
[2018-11-29 06:53:32] Ep. 13 : Up. 110000 : Sen. 383600 : Cost 70.72 : Time 182.81s : 10946.93 words/s : L.r. 1.1442e-04
[2018-11-29 06:56:43] Ep. 13 : Up. 111000 : Sen. 453600 : Cost 74.84 : Time 190.79s : 11048.69 words/s : L.r. 1.1390e-04
[2018-11-29 06:59:49] Ep. 13 : Up. 112000 : Sen. 523600 : Cost 73.09 : Time 186.71s : 11032.44 words/s : L.r. 1.1339e-04
[2018-11-29 07:02:59] Ep. 13 : Up. 113000 : Sen. 593600 : Cost 74.42 : Time 189.49s : 11029.00 words/s : L.r. 1.1289e-04
[2018-11-29 07:03:41] Seen 609664 samples
[2018-11-29 07:03:41] Starting epoch 14
[2018-11-29 07:03:41] [data] Shuffling files
[2018-11-29 07:03:43] [data] Done
[2018-11-29 07:06:11] Ep. 14 : Up. 114000 : Sen. 53900 : Cost 71.53 : Time 192.59s : 10645.15 words/s : L.r. 1.1239e-04
[2018-11-29 07:09:19] Ep. 14 : Up. 115000 : Sen. 123900 : Cost 72.29 : Time 187.68s : 11041.58 words/s : L.r. 1.1190e-04
[2018-11-29 07:12:27] Ep. 14 : Up. 116000 : Sen. 193900 : Cost 72.89 : Time 188.17s : 11077.53 words/s : L.r. 1.1142e-04
[2018-11-29 07:15:35] Ep. 14 : Up. 117000 : Sen. 263900 : Cost 72.41 : Time 187.52s : 10999.12 words/s : L.r. 1.1094e-04
[2018-11-29 07:18:42] Ep. 14 : Up. 118000 : Sen. 333900 : Cost 72.42 : Time 186.69s : 11039.87 words/s : L.r. 1.1047e-04
[2018-11-29 07:21:48] Ep. 14 : Up. 119000 : Sen. 403900 : Cost 72.60 : Time 186.96s : 11042.32 words/s : L.r. 1.1000e-04
[2018-11-29 07:24:57] Ep. 14 : Up. 120000 : Sen. 473900 : Cost 73.14 : Time 188.53s : 10971.33 words/s : L.r. 1.0954e-04
[2018-11-29 07:25:06] [valid] Ep. 14 : Up. 120000 : cross-entropy : 46.9413 : new best
[2018-11-29 07:25:15] [valid] Ep. 14 : Up. 120000 : perplexity : 4.55572 : new best
Detokenizer Version $Revision: 4134 $
Language: en
[2018-11-29 07:30:12] [valid] Ep. 14 : Up. 120000 : translation : 29.05 : new best
[2018-11-29 07:30:12] Saving model weights and runtime parameters to model/model.src0tgt0.trans.batch70.opt1.npz.orig.npz
[2018-11-29 07:30:16] Saving model weights and runtime parameters to model/model.src0tgt0.trans.batch70.opt1.iter120000.npz
[2018-11-29 07:30:20] Saving model weights and runtime parameters to model/model.src0tgt0.trans.batch70.opt1.npz
[2018-11-29 07:30:24] Saving Adam parameters to model/model.src0tgt0.trans.batch70.opt1.npz.optimizer.npz
[2018-11-29 07:33:41] Ep. 14 : Up. 121000 : Sen. 543900 : Cost 72.47 : Time 523.55s : 3928.92 words/s : L.r. 1.0909e-04
[2018-11-29 07:36:39] Seen 609664 samples
[2018-11-29 07:36:39] Starting epoch 15
[2018-11-29 07:36:39] [data] Shuffling files
[2018-11-29 07:36:42] [data] Done
[2018-11-29 07:36:58] Ep. 15 : Up. 122000 : Sen. 4200 : Cost 73.57 : Time 197.21s : 10589.91 words/s : L.r. 1.0864e-04
[2018-11-29 07:40:05] Ep. 15 : Up. 123000 : Sen. 74200 : Cost 70.73 : Time 186.87s : 10983.78 words/s : L.r. 1.0820e-04
[2018-11-29 07:43:13] Ep. 15 : Up. 124000 : Sen. 144200 : Cost 72.25 : Time 188.58s : 11036.72 words/s : L.r. 1.0776e-04
[2018-11-29 07:46:21] Ep. 15 : Up. 125000 : Sen. 214200 : Cost 72.30 : Time 188.03s : 11031.68 words/s : L.r. 1.0733e-04
[2018-11-29 07:49:28] Ep. 15 : Up. 126000 : Sen. 284200 : Cost 71.62 : Time 186.75s : 10996.89 words/s : L.r. 1.0690e-04
[2018-11-29 07:52:35] Ep. 15 : Up. 127000 : Sen. 354200 : Cost 71.94 : Time 186.75s : 11007.66 words/s : L.r. 1.0648e-04
[2018-11-29 07:55:43] Ep. 15 : Up. 128000 : Sen. 424200 : Cost 72.65 : Time 187.83s : 11050.49 words/s : L.r. 1.0607e-04
[2018-11-29 07:58:50] Ep. 15 : Up. 129000 : Sen. 494200 : Cost 72.83 : Time 187.55s : 11068.90 words/s : L.r. 1.0565e-04
[2018-11-29 08:01:57] Ep. 15 : Up. 130000 : Sen. 564200 : Cost 72.71 : Time 186.88s : 11075.09 words/s : L.r. 1.0525e-04
[2018-11-29 08:04:00] Seen 609664 samples
[2018-11-29 08:04:00] Starting epoch 16
[2018-11-29 08:04:00] [data] Shuffling files
[2018-11-29 08:04:02] [data] Done
[2018-11-29 08:05:12] Ep. 16 : Up. 131000 : Sen. 24500 : Cost 72.70 : Time 195.14s : 10682.41 words/s : L.r. 1.0484e-04
[2018-11-29 08:08:19] Ep. 16 : Up. 132000 : Sen. 94500 : Cost 70.56 : Time 186.68s : 11017.55 words/s : L.r. 1.0445e-04
[2018-11-29 08:11:30] Ep. 16 : Up. 133000 : Sen. 164500 : Cost 72.97 : Time 190.90s : 11047.52 words/s : L.r. 1.0405e-04
[2018-11-29 08:14:35] Ep. 16 : Up. 134000 : Sen. 234500 : Cost 70.55 : Time 185.15s : 11026.23 words/s : L.r. 1.0366e-04
[2018-11-29 08:17:41] Ep. 16 : Up. 135000 : Sen. 304500 : Cost 71.66 : Time 186.07s : 11100.40 words/s : L.r. 1.0328e-04
[2018-11-29 08:17:50] [valid] Ep. 16 : Up. 135000 : cross-entropy : 46.6998 : new best
[2018-11-29 08:17:59] [valid] Ep. 16 : Up. 135000 : perplexity : 4.52032 : new best
Detokenizer Version $Revision: 4134 $
Language: en
[2018-11-29 08:23:06] [valid] Ep. 16 : Up. 135000 : translation : 29.21 : new best
[2018-11-29 08:23:06] Saving model weights and runtime parameters to model/model.src0tgt0.trans.batch70.opt1.npz.orig.npz
[2018-11-29 08:23:11] Saving model weights and runtime parameters to model/model.src0tgt0.trans.batch70.opt1.iter135000.npz
[2018-11-29 08:23:14] Saving model weights and runtime parameters to model/model.src0tgt0.trans.batch70.opt1.npz
[2018-11-29 08:23:19] Saving Adam parameters to model/model.src0tgt0.trans.batch70.opt1.npz.optimizer.npz
[2018-11-29 08:26:35] Ep. 16 : Up. 136000 : Sen. 374500 : Cost 70.94 : Time 533.57s : 3819.22 words/s : L.r. 1.0290e-04
[2018-11-29 08:29:47] Ep. 16 : Up. 137000 : Sen. 444500 : Cost 74.52 : Time 192.02s : 11093.28 words/s : L.r. 1.0252e-04
[2018-11-29 08:32:49] Ep. 16 : Up. 138000 : Sen. 514500 : Cost 69.58 : Time 182.17s : 10966.46 words/s : L.r. 1.0215e-04
[2018-11-29 08:35:58] Ep. 16 : Up. 139000 : Sen. 584500 : Cost 73.21 : Time 189.42s : 11049.11 words/s : L.r. 1.0178e-04
[2018-11-29 08:37:06] Seen 609664 samples
[2018-11-29 08:37:06] Starting epoch 17
[2018-11-29 08:37:06] [data] Shuffling files
[2018-11-29 08:37:08] [data] Done
[2018-11-29 08:39:13] Ep. 17 : Up. 140000 : Sen. 44800 : Cost 71.57 : Time 194.65s : 10676.75 words/s : L.r. 1.0142e-04
[2018-11-29 08:42:19] Ep. 17 : Up. 141000 : Sen. 114800 : Cost 70.05 : Time 186.46s : 10964.75 words/s : L.r. 1.0106e-04
[2018-11-29 08:45:29] Ep. 17 : Up. 142000 : Sen. 184800 : Cost 72.09 : Time 189.91s : 11010.75 words/s : L.r. 1.0070e-04
[2018-11-29 08:48:36] Ep. 17 : Up. 143000 : Sen. 254800 : Cost 71.20 : Time 186.99s : 11034.31 words/s : L.r. 1.0035e-04
[2018-11-29 08:51:42] Ep. 17 : Up. 144000 : Sen. 324800 : Cost 70.68 : Time 186.00s : 11003.19 words/s : L.r. 1.0000e-04
[2018-11-29 08:54:52] Ep. 17 : Up. 145000 : Sen. 394800 : Cost 72.66 : Time 189.58s : 11050.15 words/s : L.r. 9.9655e-05
[2018-11-29 08:58:00] Ep. 17 : Up. 146000 : Sen. 464800 : Cost 72.15 : Time 188.23s : 11047.83 words/s : L.r. 9.9313e-05
[2018-11-29 09:01:07] Ep. 17 : Up. 147000 : Sen. 534800 : Cost 71.75 : Time 187.16s : 11028.48 words/s : L.r. 9.8974e-05
[2018-11-29 09:04:14] Ep. 17 : Up. 148000 : Sen. 604764 : Cost 71.40 : Time 186.71s : 10997.49 words/s : L.r. 9.8639e-05
[2018-11-29 09:04:27] Seen 609664 samples
[2018-11-29 09:04:27] Starting epoch 18
[2018-11-29 09:04:27] [data] Shuffling files
[2018-11-29 09:04:29] [data] Done
[2018-11-29 09:07:29] Ep. 18 : Up. 149000 : Sen. 65100 : Cost 71.23 : Time 195.24s : 10706.16 words/s : L.r. 9.8308e-05
[2018-11-29 09:10:37] Ep. 18 : Up. 150000 : Sen. 135100 : Cost 70.75 : Time 187.61s : 11035.34 words/s : L.r. 9.7980e-05
[2018-11-29 09:10:46] [valid] Ep. 18 : Up. 150000 : cross-entropy : 46.5507 : new best
[2018-11-29 09:10:55] [valid] Ep. 18 : Up. 150000 : perplexity : 4.49861 : new best
Detokenizer Version $Revision: 4134 $
Language: en
[2018-11-29 09:16:04] [valid] Ep. 18 : Up. 150000 : translation : 29.25 : new best
[2018-11-29 09:16:04] Saving model weights and runtime parameters to model/model.src0tgt0.trans.batch70.opt1.npz.orig.npz
[2018-11-29 09:16:08] Saving model weights and runtime parameters to model/model.src0tgt0.trans.batch70.opt1.iter150000.npz
[2018-11-29 09:16:12] Saving model weights and runtime parameters to model/model.src0tgt0.trans.batch70.opt1.npz
[2018-11-29 09:16:17] Saving Adam parameters to model/model.src0tgt0.trans.batch70.opt1.npz.optimizer.npz
[2018-11-29 09:19:32] Ep. 18 : Up. 151000 : Sen. 205100 : Cost 70.22 : Time 535.31s : 3828.49 words/s : L.r. 9.7655e-05
[2018-11-29 09:22:40] Ep. 18 : Up. 152000 : Sen. 275100 : Cost 70.98 : Time 187.91s : 10978.49 words/s : L.r. 9.7333e-05
[2018-11-29 09:25:46] Ep. 18 : Up. 153000 : Sen. 345100 : Cost 70.64 : Time 186.34s : 11015.42 words/s : L.r. 9.7014e-05
[2018-11-29 09:28:56] Ep. 18 : Up. 154000 : Sen. 415100 : Cost 72.47 : Time 189.69s : 11058.65 words/s : L.r. 9.6699e-05
[2018-11-29 09:32:04] Ep. 18 : Up. 155000 : Sen. 485100 : Cost 71.57 : Time 187.89s : 11029.69 words/s : L.r. 9.6386e-05
[2018-11-29 09:35:10] Ep. 18 : Up. 156000 : Sen. 555100 : Cost 70.83 : Time 186.33s : 10999.38 words/s : L.r. 9.6077e-05
[2018-11-29 09:37:37] Seen 609664 samples
[2018-11-29 09:37:37] Starting epoch 19
[2018-11-29 09:37:37] [data] Shuffling files
[2018-11-29 09:37:39] [data] Done
[2018-11-29 09:38:25] Ep. 19 : Up. 157000 : Sen. 15400 : Cost 71.77 : Time 194.60s : 10691.61 words/s : L.r. 9.5770e-05
[2018-11-29 09:41:33] Ep. 19 : Up. 158000 : Sen. 85400 : Cost 70.00 : Time 187.87s : 10998.55 words/s : L.r. 9.5467e-05
[2018-11-29 09:44:41] Ep. 19 : Up. 159000 : Sen. 155400 : Cost 70.77 : Time 187.82s : 11051.63 words/s : L.r. 9.5166e-05
[2018-11-29 09:47:46] Ep. 19 : Up. 160000 : Sen. 225400 : Cost 69.36 : Time 185.22s : 10974.29 words/s : L.r. 9.4868e-05
[2018-11-29 09:50:53] Ep. 19 : Up. 161000 : Sen. 295400 : Cost 70.77 : Time 187.55s : 11015.69 words/s : L.r. 9.4573e-05
[2018-11-29 09:54:02] Ep. 19 : Up. 162000 : Sen. 365400 : Cost 71.45 : Time 188.92s : 11020.28 words/s : L.r. 9.4281e-05
[2018-11-29 09:57:10] Ep. 19 : Up. 163000 : Sen. 435400 : Cost 70.95 : Time 187.71s : 11009.07 words/s : L.r. 9.3991e-05
[2018-11-29 10:00:18] Ep. 19 : Up. 164000 : Sen. 505400 : Cost 71.46 : Time 188.09s : 11024.65 words/s : L.r. 9.3704e-05
[2018-11-29 10:03:26] Ep. 19 : Up. 165000 : Sen. 575400 : Cost 71.63 : Time 188.17s : 11037.12 words/s : L.r. 9.3420e-05
[2018-11-29 10:03:35] [valid] Ep. 19 : Up. 165000 : cross-entropy : 46.4681 : new best
[2018-11-29 10:03:44] [valid] Ep. 19 : Up. 165000 : perplexity : 4.48662 : new best
Detokenizer Version $Revision: 4134 $
Language: en
[2018-11-29 10:09:15] [valid] Ep. 19 : Up. 165000 : translation : 29.33 : new best
[2018-11-29 10:09:15] Saving model weights and runtime parameters to model/model.src0tgt0.trans.batch70.opt1.npz.orig.npz
[2018-11-29 10:09:20] Saving model weights and runtime parameters to model/model.src0tgt0.trans.batch70.opt1.iter165000.npz
[2018-11-29 10:09:24] Saving model weights and runtime parameters to model/model.src0tgt0.trans.batch70.opt1.npz
[2018-11-29 10:09:28] Saving Adam parameters to model/model.src0tgt0.trans.batch70.opt1.npz.optimizer.npz
[2018-11-29 10:11:10] Seen 609664 samples
[2018-11-29 10:11:10] Starting epoch 20
[2018-11-29 10:11:10] [data] Shuffling files
[2018-11-29 10:11:12] [data] Done
[2018-11-29 10:12:53] Ep. 20 : Up. 166000 : Sen. 35700 : Cost 70.33 : Time 566.31s : 3642.79 words/s : L.r. 9.3138e-05
[2018-11-29 10:16:00] Ep. 20 : Up. 167000 : Sen. 105700 : Cost 69.31 : Time 187.44s : 10926.93 words/s : L.r. 9.2859e-05
[2018-11-29 10:19:11] Ep. 20 : Up. 168000 : Sen. 175700 : Cost 71.96 : Time 191.38s : 11079.51 words/s : L.r. 9.2582e-05
[2018-11-29 10:22:19] Ep. 20 : Up. 169000 : Sen. 245700 : Cost 70.25 : Time 188.02s : 10982.35 words/s : L.r. 9.2308e-05
[2018-11-29 10:25:26] Ep. 20 : Up. 170000 : Sen. 315700 : Cost 69.92 : Time 186.24s : 10991.16 words/s : L.r. 9.2036e-05
[2018-11-29 10:28:36] Ep. 20 : Up. 171000 : Sen. 385700 : Cost 71.95 : Time 190.36s : 11036.59 words/s : L.r. 9.1766e-05
[2018-11-29 10:31:41] Ep. 20 : Up. 172000 : Sen. 455700 : Cost 69.48 : Time 184.57s : 11016.04 words/s : L.r. 9.1499e-05
[2018-11-29 10:34:48] Ep. 20 : Up. 173000 : Sen. 525700 : Cost 71.52 : Time 187.53s : 11089.42 words/s : L.r. 9.1234e-05
[2018-11-29 10:37:57] Ep. 20 : Up. 174000 : Sen. 595664 : Cost 71.35 : Time 188.95s : 10991.15 words/s : L.r. 9.0972e-05
[2018-11-29 10:38:34] Seen 609664 samples
[2018-11-29 10:38:34] Starting epoch 21
[2018-11-29 10:38:34] [data] Shuffling files
[2018-11-29 10:38:36] [data] Done
[2018-11-29 10:41:10] Ep. 21 : Up. 175000 : Sen. 56000 : Cost 69.09 : Time 192.97s : 10628.08 words/s : L.r. 9.0711e-05
[2018-11-29 10:44:20] Ep. 21 : Up. 176000 : Sen. 126000 : Cost 70.85 : Time 190.10s : 11030.51 words/s : L.r. 9.0453e-05
[2018-11-29 10:47:26] Ep. 21 : Up. 177000 : Sen. 196000 : Cost 69.03 : Time 185.93s : 10976.34 words/s : L.r. 9.0198e-05
[2018-11-29 10:50:34] Ep. 21 : Up. 178000 : Sen. 266000 : Cost 70.24 : Time 187.72s : 11041.62 words/s : L.r. 8.9944e-05
[2018-11-29 10:53:41] Ep. 21 : Up. 179000 : Sen. 336000 : Cost 70.50 : Time 187.22s : 11047.43 words/s : L.r. 8.9692e-05
[2018-11-29 10:56:49] Ep. 21 : Up. 180000 : Sen. 406000 : Cost 71.00 : Time 187.92s : 11086.63 words/s : L.r. 8.9443e-05
[2018-11-29 10:56:58] [valid] Ep. 21 : Up. 180000 : cross-entropy : 46.4455 : new best
[2018-11-29 10:57:07] [valid] Ep. 21 : Up. 180000 : perplexity : 4.48335 : new best
Detokenizer Version $Revision: 4134 $
Language: en
[2018-11-29 11:02:18] [valid] Ep. 21 : Up. 180000 : translation : 29.41 : new best
[2018-11-29 11:02:18] Saving model weights and runtime parameters to model/model.src0tgt0.trans.batch70.opt1.npz.orig.npz
[2018-11-29 11:02:22] Saving model weights and runtime parameters to model/model.src0tgt0.trans.batch70.opt1.iter180000.npz
[2018-11-29 11:02:26] Saving model weights and runtime parameters to model/model.src0tgt0.trans.batch70.opt1.npz
[2018-11-29 11:02:30] Saving Adam parameters to model/model.src0tgt0.trans.batch70.opt1.npz.optimizer.npz
[2018-11-29 11:05:46] Ep. 21 : Up. 181000 : Sen. 476000 : Cost 70.10 : Time 537.37s : 3821.50 words/s : L.r. 8.9195e-05
[2018-11-29 11:08:56] Ep. 21 : Up. 182000 : Sen. 546000 : Cost 71.84 : Time 189.92s : 11033.67 words/s : L.r. 8.8950e-05
[2018-11-29 11:11:46] Seen 609664 samples
[2018-11-29 11:11:46] Starting epoch 22
[2018-11-29 11:11:46] [data] Shuffling files
[2018-11-29 11:11:48] [data] Done
[2018-11-29 11:12:09] Ep. 22 : Up. 183000 : Sen. 6300 : Cost 69.98 : Time 193.01s : 10625.88 words/s : L.r. 8.8707e-05
[2018-11-29 11:15:17] Ep. 22 : Up. 184000 : Sen. 76300 : Cost 69.48 : Time 187.64s : 11034.31 words/s : L.r. 8.8465e-05
[2018-11-29 11:18:23] Ep. 22 : Up. 185000 : Sen. 146300 : Cost 69.37 : Time 186.26s : 11065.74 words/s : L.r. 8.8226e-05
[2018-11-29 11:21:31] Ep. 22 : Up. 186000 : Sen. 216300 : Cost 69.84 : Time 187.44s : 11045.63 words/s : L.r. 8.7988e-05
[2018-11-29 11:24:37] Ep. 22 : Up. 187000 : Sen. 286300 : Cost 69.12 : Time 186.18s : 10978.98 words/s : L.r. 8.7753e-05
[2018-11-29 11:27:51] Ep. 22 : Up. 188000 : Sen. 356300 : Cost 70.97 : Time 188.64s : 11075.63 words/s : L.r. 8.7519e-05
[2018-11-29 11:30:59] Ep. 22 : Up. 189000 : Sen. 426300 : Cost 70.22 : Time 187.79s : 10984.21 words/s : L.r. 8.7287e-05
[2018-11-29 11:34:05] Ep. 22 : Up. 190000 : Sen. 496300 : Cost 70.20 : Time 186.57s : 11047.72 words/s : L.r. 8.7057e-05
[2018-11-29 11:37:13] Ep. 22 : Up. 191000 : Sen. 566300 : Cost 70.90 : Time 187.90s : 11064.31 words/s : L.r. 8.6829e-05
[2018-11-29 11:39:10] Seen 609664 samples
[2018-11-29 11:39:10] Starting epoch 23
[2018-11-29 11:39:10] [data] Shuffling files
[2018-11-29 11:39:13] [data] Done
[2018-11-29 11:40:28] Ep. 23 : Up. 192000 : Sen. 26600 : Cost 69.92 : Time 194.35s : 10647.54 words/s : L.r. 8.6603e-05
[2018-11-29 11:43:36] Ep. 23 : Up. 193000 : Sen. 96600 : Cost 69.01 : Time 188.46s : 10959.48 words/s : L.r. 8.6378e-05
[2018-11-29 11:46:47] Ep. 23 : Up. 194000 : Sen. 166600 : Cost 70.61 : Time 191.15s : 10973.40 words/s : L.r. 8.6155e-05
[2018-11-29 11:49:54] Ep. 23 : Up. 195000 : Sen. 236600 : Cost 69.61 : Time 186.93s : 11048.43 words/s : L.r. 8.5934e-05
[2018-11-29 11:50:03] [valid] Ep. 23 : Up. 195000 : cross-entropy : 46.4703 : stalled 1 times
[2018-11-29 11:50:12] [valid] Ep. 23 : Up. 195000 : perplexity : 4.48693 : stalled 1 times
Detokenizer Version $Revision: 4134 $
Language: en
[2018-11-29 11:55:35] [valid] Ep. 23 : Up. 195000 : translation : 29.45 : new best
[2018-11-29 11:55:35] Saving model weights and runtime parameters to model/model.src0tgt0.trans.batch70.opt1.npz.orig.npz
[2018-11-29 11:55:39] Saving model weights and runtime parameters to model/model.src0tgt0.trans.batch70.opt1.iter195000.npz
[2018-11-29 11:55:43] Saving model weights and runtime parameters to model/model.src0tgt0.trans.batch70.opt1.npz
[2018-11-29 11:55:47] Saving Adam parameters to model/model.src0tgt0.trans.batch70.opt1.npz.optimizer.npz
[2018-11-29 11:59:05] Ep. 23 : Up. 196000 : Sen. 306600 : Cost 69.58 : Time 550.56s : 3747.50 words/s : L.r. 8.5714e-05
[2018-11-29 12:02:12] Ep. 23 : Up. 197000 : Sen. 376600 : Cost 69.55 : Time 187.18s : 10960.96 words/s : L.r. 8.5496e-05
[2018-11-29 12:05:20] Ep. 23 : Up. 198000 : Sen. 446600 : Cost 70.59 : Time 188.59s : 11050.08 words/s : L.r. 8.5280e-05
[2018-11-29 12:08:26] Ep. 23 : Up. 199000 : Sen. 516600 : Cost 69.43 : Time 185.38s : 11040.70 words/s : L.r. 8.5066e-05
[2018-11-29 12:11:34] Ep. 23 : Up. 200000 : Sen. 586600 : Cost 70.94 : Time 188.25s : 11065.67 words/s : L.r. 8.4853e-05
[2018-11-29 12:12:36] Seen 609664 samples
[2018-11-29 12:12:36] Starting epoch 24
[2018-11-29 12:12:36] [data] Shuffling files
[2018-11-29 12:12:38] [data] Done
[2018-11-29 12:14:48] Ep. 24 : Up. 201000 : Sen. 46900 : Cost 69.57 : Time 194.18s : 10688.14 words/s : L.r. 8.4641e-05
[2018-11-29 12:17:55] Ep. 24 : Up. 202000 : Sen. 116900 : Cost 68.40 : Time 186.32s : 10995.92 words/s : L.r. 8.4432e-05
[2018-11-29 12:21:02] Ep. 24 : Up. 203000 : Sen. 186900 : Cost 69.59 : Time 187.51s : 11061.20 words/s : L.r. 8.4223e-05
[2018-11-29 12:24:09] Ep. 24 : Up. 204000 : Sen. 256900 : Cost 69.30 : Time 186.66s : 11049.92 words/s : L.r. 8.4017e-05
[2018-11-29 12:27:16] Ep. 24 : Up. 205000 : Sen. 326900 : Cost 69.51 : Time 187.29s : 11028.89 words/s : L.r. 8.3812e-05
[2018-11-29 12:30:23] Ep. 24 : Up. 206000 : Sen. 396900 : Cost 69.55 : Time 186.52s : 11027.28 words/s : L.r. 8.3608e-05
[2018-11-29 12:33:32] Ep. 24 : Up. 207000 : Sen. 466900 : Cost 71.33 : Time 189.71s : 11092.36 words/s : L.r. 8.3406e-05
[2018-11-29 12:36:36] Ep. 24 : Up. 208000 : Sen. 536900 : Cost 68.73 : Time 184.25s : 11019.11 words/s : L.r. 8.3205e-05
[2018-11-29 12:39:45] Ep. 24 : Up. 209000 : Sen. 606900 : Cost 70.62 : Time 188.69s : 11031.46 words/s : L.r. 8.3006e-05
[2018-11-29 12:39:53] Seen 609664 samples
[2018-11-29 12:39:53] Starting epoch 25
[2018-11-29 12:39:53] [data] Shuffling files
[2018-11-29 12:39:56] [data] Done
[2018-11-29 12:43:00] Ep. 25 : Up. 210000 : Sen. 67200 : Cost 69.07 : Time 194.34s : 10693.83 words/s : L.r. 8.2808e-05
[2018-11-29 12:43:09] [valid] Ep. 25 : Up. 210000 : cross-entropy : 46.488 : stalled 2 times
[2018-11-29 12:43:18] [valid] Ep. 25 : Up. 210000 : perplexity : 4.4895 : stalled 2 times
Detokenizer Version $Revision: 4134 $
Language: en
[2018-11-29 12:49:02] [valid] Ep. 25 : Up. 210000 : translation : 29.56 : new best
[2018-11-29 12:49:02] Saving model weights and runtime parameters to model/model.src0tgt0.trans.batch70.opt1.npz.orig.npz
[2018-11-29 12:49:06] Saving model weights and runtime parameters to model/model.src0tgt0.trans.batch70.opt1.iter210000.npz
[2018-11-29 12:49:09] Saving model weights and runtime parameters to model/model.src0tgt0.trans.batch70.opt1.npz
[2018-11-29 12:49:14] Saving Adam parameters to model/model.src0tgt0.trans.batch70.opt1.npz.optimizer.npz
[2018-11-29 12:52:29] Ep. 25 : Up. 211000 : Sen. 137200 : Cost 68.89 : Time 569.74s : 3627.47 words/s : L.r. 8.2611e-05
[2018-11-29 12:55:36] Ep. 25 : Up. 212000 : Sen. 207200 : Cost 69.20 : Time 186.86s : 11070.51 words/s : L.r. 8.2416e-05
[2018-11-29 12:58:44] Ep. 25 : Up. 213000 : Sen. 277200 : Cost 69.80 : Time 188.04s : 11063.76 words/s : L.r. 8.2223e-05
[2018-11-29 13:01:51] Ep. 25 : Up. 214000 : Sen. 347200 : Cost 68.92 : Time 186.55s : 10988.00 words/s : L.r. 8.2030e-05
[2018-11-29 13:04:58] Ep. 25 : Up. 215000 : Sen. 417200 : Cost 70.06 : Time 187.78s : 11056.70 words/s : L.r. 8.1839e-05
[2018-11-29 13:08:07] Ep. 25 : Up. 216000 : Sen. 487200 : Cost 70.12 : Time 188.57s : 11014.27 words/s : L.r. 8.1650e-05
[2018-11-29 13:11:15] Ep. 25 : Up. 217000 : Sen. 557200 : Cost 69.68 : Time 187.50s : 11006.87 words/s : L.r. 8.1461e-05
[2018-11-29 13:13:36] Seen 609664 samples
[2018-11-29 13:13:36] Starting epoch 26
[2018-11-29 13:13:36] [data] Shuffling files
[2018-11-29 13:13:38] [data] Done
[2018-11-29 13:14:27] Ep. 26 : Up. 218000 : Sen. 17500 : Cost 68.93 : Time 192.50s : 10644.44 words/s : L.r. 8.1274e-05
[2018-11-29 13:17:36] Ep. 26 : Up. 219000 : Sen. 87500 : Cost 69.07 : Time 188.66s : 11043.61 words/s : L.r. 8.1088e-05
[2018-11-29 13:20:42] Ep. 26 : Up. 220000 : Sen. 157500 : Cost 68.79 : Time 186.73s : 11068.27 words/s : L.r. 8.0904e-05
[2018-11-29 13:23:50] Ep. 26 : Up. 221000 : Sen. 227500 : Cost 68.92 : Time 187.24s : 11028.61 words/s : L.r. 8.0721e-05
[2018-11-29 13:26:58] Ep. 26 : Up. 222000 : Sen. 297500 : Cost 70.10 : Time 188.40s : 11066.79 words/s : L.r. 8.0539e-05
[2018-11-29 13:30:05] Ep. 26 : Up. 223000 : Sen. 367500 : Cost 69.24 : Time 187.04s : 11045.41 words/s : L.r. 8.0358e-05
[2018-11-29 13:33:11] Ep. 26 : Up. 224000 : Sen. 437500 : Cost 69.07 : Time 186.30s : 11045.85 words/s : L.r. 8.0178e-05
[2018-11-29 13:36:21] Ep. 26 : Up. 225000 : Sen. 507500 : Cost 70.29 : Time 189.24s : 11033.69 words/s : L.r. 8.0000e-05
[2018-11-29 13:36:30] [valid] Ep. 26 : Up. 225000 : cross-entropy : 46.5482 : stalled 3 times
[2018-11-29 13:36:39] [valid] Ep. 26 : Up. 225000 : perplexity : 4.49823 : stalled 3 times
Detokenizer Version $Revision: 4134 $
Language: en
[2018-11-29 13:42:03] [valid] Ep. 26 : Up. 225000 : translation : 29.58 : new best
[2018-11-29 13:42:03] Saving model weights and runtime parameters to model/model.src0tgt0.trans.batch70.opt1.npz.orig.npz
[2018-11-29 13:42:07] Saving model weights and runtime parameters to model/model.src0tgt0.trans.batch70.opt1.iter225000.npz
[2018-11-29 13:42:11] Saving model weights and runtime parameters to model/model.src0tgt0.trans.batch70.opt1.npz
[2018-11-29 13:42:16] Saving Adam parameters to model/model.src0tgt0.trans.batch70.opt1.npz.optimizer.npz
[2018-11-29 13:45:35] Ep. 26 : Up. 226000 : Sen. 577464 : Cost 70.17 : Time 554.25s : 3746.77 words/s : L.r. 7.9823e-05
[2018-11-29 13:47:00] Seen 609664 samples
[2018-11-29 13:47:00] Starting epoch 27
[2018-11-29 13:47:00] [data] Shuffling files
[2018-11-29 13:47:03] [data] Done
[2018-11-29 13:48:48] Ep. 27 : Up. 227000 : Sen. 37800 : Cost 67.85 : Time 192.77s : 10586.81 words/s : L.r. 7.9647e-05
[2018-11-29 13:51:57] Ep. 27 : Up. 228000 : Sen. 107800 : Cost 68.69 : Time 188.83s : 10965.32 words/s : L.r. 7.9472e-05
[2018-11-29 13:55:04] Ep. 27 : Up. 229000 : Sen. 177800 : Cost 69.08 : Time 187.53s : 11086.62 words/s : L.r. 7.9298e-05
[2018-11-29 13:58:11] Ep. 27 : Up. 230000 : Sen. 247800 : Cost 68.65 : Time 187.10s : 10993.66 words/s : L.r. 7.9126e-05
[2018-11-29 14:01:17] Ep. 27 : Up. 231000 : Sen. 317800 : Cost 68.91 : Time 186.16s : 11074.23 words/s : L.r. 7.8954e-05
[2018-11-29 14:04:26] Ep. 27 : Up. 232000 : Sen. 387800 : Cost 69.72 : Time 188.69s : 11022.30 words/s : L.r. 7.8784e-05
[2018-11-29 14:07:34] Ep. 27 : Up. 233000 : Sen. 457800 : Cost 69.53 : Time 188.17s : 11024.42 words/s : L.r. 7.8615e-05
[2018-11-29 14:10:41] Ep. 27 : Up. 234000 : Sen. 527800 : Cost 69.27 : Time 186.43s : 11062.36 words/s : L.r. 7.8446e-05
[2018-11-29 14:13:49] Ep. 27 : Up. 235000 : Sen. 597764 : Cost 69.55 : Time 188.13s : 10980.38 words/s : L.r. 7.8279e-05
[2018-11-29 14:14:21] Seen 609664 samples
[2018-11-29 14:14:21] Starting epoch 28
[2018-11-29 14:14:21] [data] Shuffling files
[2018-11-29 14:14:23] [data] Done
[2018-11-29 14:17:04] Ep. 28 : Up. 236000 : Sen. 58100 : Cost 68.71 : Time 195.05s : 10674.39 words/s : L.r. 7.8113e-05
[2018-11-29 14:20:09] Ep. 28 : Up. 237000 : Sen. 128100 : Cost 67.17 : Time 185.35s : 10969.35 words/s : L.r. 7.7948e-05
[2018-11-29 14:23:19] Ep. 28 : Up. 238000 : Sen. 198100 : Cost 69.96 : Time 190.18s : 11057.32 words/s : L.r. 7.7784e-05
[2018-11-29 14:26:25] Ep. 28 : Up. 239000 : Sen. 268100 : Cost 68.13 : Time 186.15s : 11010.68 words/s : L.r. 7.7622e-05
[2018-11-29 14:29:32] Ep. 28 : Up. 240000 : Sen. 338100 : Cost 68.68 : Time 186.32s : 11035.55 words/s : L.r. 7.7460e-05
[2018-11-29 14:29:41] [valid] Ep. 28 : Up. 240000 : cross-entropy : 46.6418 : stalled 4 times
[2018-11-29 14:29:50] [valid] Ep. 28 : Up. 240000 : perplexity : 4.51187 : stalled 4 times
Detokenizer Version $Revision: 4134 $
Language: en
[2018-11-29 14:34:38] [valid] Ep. 28 : Up. 240000 : translation : 29.5 : stalled 1 times
[2018-11-29 14:34:38] Saving model weights and runtime parameters to model/model.src0tgt0.trans.batch70.opt1.npz.orig.npz
[2018-11-29 14:34:42] Saving model weights and runtime parameters to model/model.src0tgt0.trans.batch70.opt1.iter240000.npz
[2018-11-29 14:34:46] Saving model weights and runtime parameters to model/model.src0tgt0.trans.batch70.opt1.npz
[2018-11-29 14:34:50] Saving Adam parameters to model/model.src0tgt0.trans.batch70.opt1.npz.optimizer.npz
[2018-11-29 14:38:07] Ep. 28 : Up. 241000 : Sen. 408100 : Cost 69.26 : Time 515.02s : 4020.10 words/s : L.r. 7.7299e-05
[2018-11-29 14:41:17] Ep. 28 : Up. 242000 : Sen. 478100 : Cost 70.20 : Time 190.06s : 11018.22 words/s : L.r. 7.7139e-05
[2018-11-29 14:44:23] Ep. 28 : Up. 243000 : Sen. 548100 : Cost 68.50 : Time 185.93s : 11001.95 words/s : L.r. 7.6980e-05
[2018-11-29 14:47:10] Seen 609664 samples
[2018-11-29 14:47:10] Starting epoch 29
[2018-11-29 14:47:10] [data] Shuffling files
[2018-11-29 14:47:12] [data] Done
[2018-11-29 14:47:39] Ep. 29 : Up. 244000 : Sen. 8400 : Cost 70.34 : Time 196.11s : 10699.49 words/s : L.r. 7.6822e-05
[2018-11-29 14:50:47] Ep. 29 : Up. 245000 : Sen. 78400 : Cost 68.26 : Time 187.96s : 11046.18 words/s : L.r. 7.6665e-05
[2018-11-29 14:53:53] Ep. 29 : Up. 246000 : Sen. 148400 : Cost 67.73 : Time 185.95s : 11020.41 words/s : L.r. 7.6509e-05
[2018-11-29 14:57:01] Ep. 29 : Up. 247000 : Sen. 218400 : Cost 69.26 : Time 188.31s : 11082.70 words/s : L.r. 7.6354e-05
[2018-11-29 15:00:08] Ep. 29 : Up. 248000 : Sen. 288400 : Cost 68.22 : Time 186.77s : 10998.99 words/s : L.r. 7.6200e-05
[2018-11-29 15:03:17] Ep. 29 : Up. 249000 : Sen. 358400 : Cost 69.60 : Time 188.62s : 11073.11 words/s : L.r. 7.6047e-05
[2018-11-29 15:06:21] Ep. 29 : Up. 250000 : Sen. 428400 : Cost 68.20 : Time 184.89s : 11042.05 words/s : L.r. 7.5895e-05
[2018-11-29 15:09:30] Ep. 29 : Up. 251000 : Sen. 498400 : Cost 69.60 : Time 188.14s : 11069.22 words/s : L.r. 7.5743e-05
[2018-11-29 15:12:37] Ep. 29 : Up. 252000 : Sen. 568400 : Cost 68.99 : Time 187.05s : 11016.40 words/s : L.r. 7.5593e-05
[2018-11-29 15:14:28] Seen 609664 samples
[2018-11-29 15:14:28] Starting epoch 30
[2018-11-29 15:14:28] [data] Shuffling files
[2018-11-29 15:14:30] [data] Done
[2018-11-29 15:15:50] Ep. 30 : Up. 253000 : Sen. 28700 : Cost 68.00 : Time 193.46s : 10582.15 words/s : L.r. 7.5443e-05
[2018-11-29 15:19:00] Ep. 30 : Up. 254000 : Sen. 98700 : Cost 68.58 : Time 190.40s : 10953.20 words/s : L.r. 7.5295e-05
[2018-11-29 15:22:09] Ep. 30 : Up. 255000 : Sen. 168700 : Cost 68.43 : Time 188.18s : 11019.87 words/s : L.r. 7.5147e-05
[2018-11-29 15:22:18] [valid] Ep. 30 : Up. 255000 : cross-entropy : 46.6854 : stalled 5 times
[2018-11-29 15:22:27] [valid] Ep. 30 : Up. 255000 : perplexity : 4.51821 : stalled 5 times
Detokenizer Version $Revision: 4134 $
Language: en
[2018-11-29 15:27:08] [valid] Ep. 30 : Up. 255000 : translation : 29.49 : stalled 2 times
[2018-11-29 15:27:08] Saving model weights and runtime parameters to model/model.src0tgt0.trans.batch70.opt1.npz.orig.npz
[2018-11-29 15:27:12] Saving model weights and runtime parameters to model/model.src0tgt0.trans.batch70.opt1.iter255000.npz
[2018-11-29 15:27:16] Saving model weights and runtime parameters to model/model.src0tgt0.trans.batch70.opt1.npz
[2018-11-29 15:27:21] Saving Adam parameters to model/model.src0tgt0.trans.batch70.opt1.npz.optimizer.npz
[2018-11-29 15:30:37] Ep. 30 : Up. 256000 : Sen. 238700 : Cost 68.23 : Time 508.76s : 4053.66 words/s : L.r. 7.5000e-05
[2018-11-29 15:33:44] Ep. 30 : Up. 257000 : Sen. 308700 : Cost 67.66 : Time 186.56s : 10943.15 words/s : L.r. 7.4854e-05
[2018-11-29 15:36:53] Ep. 30 : Up. 258000 : Sen. 378700 : Cost 69.39 : Time 189.14s : 11016.53 words/s : L.r. 7.4709e-05
[2018-11-29 15:40:03] Ep. 30 : Up. 259000 : Sen. 448700 : Cost 69.89 : Time 189.91s : 11031.91 words/s : L.r. 7.4564e-05
[2018-11-29 15:43:10] Ep. 30 : Up. 260000 : Sen. 518700 : Cost 69.05 : Time 187.06s : 11054.33 words/s : L.r. 7.4421e-05
[2018-11-29 15:46:18] Ep. 30 : Up. 261000 : Sen. 588700 : Cost 69.28 : Time 188.26s : 11010.83 words/s : L.r. 7.4278e-05
[2018-11-29 15:47:14] Seen 609664 samples
[2018-11-29 15:47:14] Starting epoch 31
[2018-11-29 15:47:14] [data] Shuffling files
[2018-11-29 15:47:16] [data] Done
[2018-11-29 15:49:31] Ep. 31 : Up. 262000 : Sen. 49000 : Cost 67.44 : Time 192.55s : 10624.01 words/s : L.r. 7.4136e-05
[2018-11-29 15:52:40] Ep. 31 : Up. 263000 : Sen. 119000 : Cost 68.85 : Time 189.54s : 11032.67 words/s : L.r. 7.3995e-05
[2018-11-29 15:55:48] Ep. 31 : Up. 264000 : Sen. 189000 : Cost 68.56 : Time 187.67s : 11090.78 words/s : L.r. 7.3855e-05
[2018-11-29 15:58:54] Ep. 31 : Up. 265000 : Sen. 259000 : Cost 67.50 : Time 186.01s : 10975.62 words/s : L.r. 7.3715e-05
[2018-11-29 16:02:00] Ep. 31 : Up. 266000 : Sen. 329000 : Cost 67.90 : Time 186.18s : 11031.31 words/s : L.r. 7.3577e-05
[2018-11-29 16:05:10] Ep. 31 : Up. 267000 : Sen. 399000 : Cost 69.52 : Time 189.44s : 11037.36 words/s : L.r. 7.3439e-05
[2018-11-29 16:08:16] Ep. 31 : Up. 268000 : Sen. 469000 : Cost 68.40 : Time 185.82s : 11053.64 words/s : L.r. 7.3302e-05
[2018-11-29 16:11:23] Ep. 31 : Up. 269000 : Sen. 539000 : Cost 68.59 : Time 187.01s : 11000.67 words/s : L.r. 7.3165e-05
[2018-11-29 16:14:32] Ep. 31 : Up. 270000 : Sen. 608964 : Cost 69.66 : Time 189.12s : 11023.70 words/s : L.r. 7.3030e-05
[2018-11-29 16:14:41] [valid] Ep. 31 : Up. 270000 : cross-entropy : 46.8914 : stalled 6 times
[2018-11-29 16:14:50] [valid] Ep. 31 : Up. 270000 : perplexity : 4.54838 : stalled 6 times
Detokenizer Version $Revision: 4134 $
Language: en
[2018-11-29 16:19:38] [valid] Ep. 31 : Up. 270000 : translation : 29.45 : stalled 3 times
[2018-11-29 16:19:38] Saving model weights and runtime parameters to model/model.src0tgt0.trans.batch70.opt1.npz.orig.npz
[2018-11-29 16:19:42] Saving model weights and runtime parameters to model/model.src0tgt0.trans.batch70.opt1.iter270000.npz
[2018-11-29 16:19:46] Saving model weights and runtime parameters to model/model.src0tgt0.trans.batch70.opt1.npz
[2018-11-29 16:19:51] Saving Adam parameters to model/model.src0tgt0.trans.batch70.opt1.npz.optimizer.npz
[2018-11-29 16:20:01] Seen 609664 samples
[2018-11-29 16:20:01] Starting epoch 32
[2018-11-29 16:20:01] [data] Shuffling files
[2018-11-29 16:20:03] [data] Done
[2018-11-29 16:23:14] Ep. 32 : Up. 271000 : Sen. 69300 : Cost 67.64 : Time 521.85s : 3968.92 words/s : L.r. 7.2895e-05
[2018-11-29 16:26:21] Ep. 32 : Up. 272000 : Sen. 139300 : Cost 67.70 : Time 187.05s : 11022.37 words/s : L.r. 7.2761e-05
[2018-11-29 16:29:27] Ep. 32 : Up. 273000 : Sen. 209300 : Cost 67.95 : Time 186.32s : 11080.16 words/s : L.r. 7.2627e-05
[2018-11-29 16:32:34] Ep. 32 : Up. 274000 : Sen. 279300 : Cost 68.44 : Time 187.38s : 11049.94 words/s : L.r. 7.2495e-05
[2018-11-29 16:35:41] Ep. 32 : Up. 275000 : Sen. 349300 : Cost 68.48 : Time 187.14s : 11052.20 words/s : L.r. 7.2363e-05
[2018-11-29 16:38:49] Ep. 32 : Up. 276000 : Sen. 419300 : Cost 68.80 : Time 187.14s : 11074.05 words/s : L.r. 7.2232e-05
[2018-11-29 16:41:56] Ep. 32 : Up. 277000 : Sen. 489300 : Cost 68.70 : Time 187.29s : 11058.35 words/s : L.r. 7.2101e-05
[2018-11-29 16:45:03] Ep. 32 : Up. 278000 : Sen. 559300 : Cost 68.93 : Time 187.38s : 11058.73 words/s : L.r. 7.1971e-05
[2018-11-29 16:47:19] Seen 609664 samples
[2018-11-29 16:47:19] Starting epoch 33
[2018-11-29 16:47:19] [data] Shuffling files
[2018-11-29 16:47:21] [data] Done
[2018-11-29 16:48:16] Ep. 33 : Up. 279000 : Sen. 19600 : Cost 67.98 : Time 193.04s : 10660.06 words/s : L.r. 7.1842e-05
[2018-11-29 16:51:25] Ep. 33 : Up. 280000 : Sen. 89600 : Cost 67.88 : Time 188.38s : 11034.10 words/s : L.r. 7.1714e-05
[2018-11-29 16:54:31] Ep. 33 : Up. 281000 : Sen. 159600 : Cost 67.90 : Time 186.30s : 11104.45 words/s : L.r. 7.1586e-05
[2018-11-29 16:57:37] Ep. 33 : Up. 282000 : Sen. 229600 : Cost 66.96 : Time 185.94s : 10977.41 words/s : L.r. 7.1459e-05
[2018-11-29 17:00:46] Ep. 33 : Up. 283000 : Sen. 299600 : Cost 69.55 : Time 189.31s : 11116.34 words/s : L.r. 7.1333e-05
[2018-11-29 17:03:54] Ep. 33 : Up. 284000 : Sen. 369600 : Cost 68.76 : Time 188.13s : 11050.04 words/s : L.r. 7.1207e-05
[2018-11-29 17:07:02] Ep. 33 : Up. 285000 : Sen. 439600 : Cost 68.62 : Time 187.54s : 11052.59 words/s : L.r. 7.1082e-05
[2018-11-29 17:07:11] [valid] Ep. 33 : Up. 285000 : cross-entropy : 46.8472 : stalled 7 times
[2018-11-29 17:07:20] [valid] Ep. 33 : Up. 285000 : perplexity : 4.5419 : stalled 7 times
Detokenizer Version $Revision: 4134 $
Language: en
[2018-11-29 17:12:00] [valid] Ep. 33 : Up. 285000 : translation : 29.45 : stalled 4 times
[2018-11-29 17:12:00] Saving model weights and runtime parameters to model/model.src0tgt0.trans.batch70.opt1.npz.orig.npz
[2018-11-29 17:12:04] Saving model weights and runtime parameters to model/model.src0tgt0.trans.batch70.opt1.iter285000.npz
[2018-11-29 17:12:08] Saving model weights and runtime parameters to model/model.src0tgt0.trans.batch70.opt1.npz
[2018-11-29 17:12:13] Saving Adam parameters to model/model.src0tgt0.trans.batch70.opt1.npz.optimizer.npz
[2018-11-29 17:15:26] Ep. 33 : Up. 286000 : Sen. 509600 : Cost 67.47 : Time 504.33s : 4037.39 words/s : L.r. 7.0957e-05
[2018-11-29 17:18:36] Ep. 33 : Up. 287000 : Sen. 579600 : Cost 69.24 : Time 189.37s : 10999.28 words/s : L.r. 7.0834e-05
[2018-11-29 17:19:56] Seen 609664 samples
[2018-11-29 17:19:56] Starting epoch 34
[2018-11-29 17:19:56] [data] Shuffling files
[2018-11-29 17:19:58] [data] Done
[2018-11-29 17:21:47] Ep. 34 : Up. 288000 : Sen. 39900 : Cost 67.26 : Time 191.67s : 10682.70 words/s : L.r. 7.0711e-05
[2018-11-29 17:24:55] Ep. 34 : Up. 289000 : Sen. 109900 : Cost 67.75 : Time 188.08s : 11047.18 words/s : L.r. 7.0588e-05
[2018-11-29 17:28:02] Ep. 34 : Up. 290000 : Sen. 179900 : Cost 67.56 : Time 186.92s : 11034.36 words/s : L.r. 7.0466e-05
[2018-11-29 17:31:11] Ep. 34 : Up. 291000 : Sen. 249900 : Cost 68.90 : Time 189.20s : 11065.26 words/s : L.r. 7.0345e-05
[2018-11-29 17:34:17] Ep. 34 : Up. 292000 : Sen. 319900 : Cost 67.10 : Time 185.42s : 11001.08 words/s : L.r. 7.0225e-05
[2018-11-29 17:37:24] Ep. 34 : Up. 293000 : Sen. 389900 : Cost 68.07 : Time 187.23s : 11022.02 words/s : L.r. 7.0105e-05
[2018-11-29 17:40:33] Ep. 34 : Up. 294000 : Sen. 459900 : Cost 69.12 : Time 189.35s : 11040.76 words/s : L.r. 6.9985e-05
[2018-11-29 17:43:41] Ep. 34 : Up. 295000 : Sen. 529900 : Cost 68.52 : Time 187.54s : 11036.44 words/s : L.r. 6.9867e-05
[2018-11-29 17:46:49] Ep. 34 : Up. 296000 : Sen. 599864 : Cost 68.68 : Time 187.84s : 11010.16 words/s : L.r. 6.9749e-05
[2018-11-29 17:47:15] Seen 609664 samples
[2018-11-29 17:47:15] Starting epoch 35
[2018-11-29 17:47:15] [data] Shuffling files
[2018-11-29 17:47:17] [data] Done
[2018-11-29 17:50:03] Ep. 35 : Up. 297000 : Sen. 60200 : Cost 67.24 : Time 193.73s : 10667.26 words/s : L.r. 6.9631e-05
[2018-11-29 17:53:10] Ep. 35 : Up. 298000 : Sen. 130200 : Cost 67.67 : Time 187.60s : 11049.56 words/s : L.r. 6.9514e-05
[2018-11-29 17:56:19] Ep. 35 : Up. 299000 : Sen. 200200 : Cost 68.36 : Time 188.67s : 11051.42 words/s : L.r. 6.9398e-05
[2018-11-29 17:59:25] Ep. 35 : Up. 300000 : Sen. 270200 : Cost 67.36 : Time 186.49s : 11017.75 words/s : L.r. 6.9282e-05
[2018-11-29 17:59:34] [valid] Ep. 35 : Up. 300000 : cross-entropy : 46.9326 : stalled 8 times
[2018-11-29 17:59:43] [valid] Ep. 35 : Up. 300000 : perplexity : 4.55444 : stalled 8 times
Detokenizer Version $Revision: 4134 $
Language: en
[2018-11-29 18:04:23] [valid] Ep. 35 : Up. 300000 : translation : 29.43 : stalled 5 times
[2018-11-29 18:04:23] Saving model weights and runtime parameters to model/model.src0tgt0.trans.batch70.opt1.npz.orig.npz
[2018-11-29 18:04:26] Saving model weights and runtime parameters to model/model.src0tgt0.trans.batch70.opt1.iter300000.npz
[2018-11-29 18:04:30] Saving model weights and runtime parameters to model/model.src0tgt0.trans.batch70.opt1.npz
[2018-11-29 18:04:35] Saving Adam parameters to model/model.src0tgt0.trans.batch70.opt1.npz.optimizer.npz
[2018-11-29 18:07:51] Ep. 35 : Up. 301000 : Sen. 340200 : Cost 67.70 : Time 506.03s : 4069.19 words/s : L.r. 6.9167e-05
[2018-11-29 18:11:01] Ep. 35 : Up. 302000 : Sen. 410200 : Cost 68.83 : Time 189.89s : 10995.48 words/s : L.r. 6.9052e-05
[2018-11-29 18:14:09] Ep. 35 : Up. 303000 : Sen. 480200 : Cost 68.04 : Time 187.60s : 10991.59 words/s : L.r. 6.8938e-05
[2018-11-29 18:17:17] Ep. 35 : Up. 304000 : Sen. 550200 : Cost 69.17 : Time 188.23s : 11108.84 words/s : L.r. 6.8825e-05
[2018-11-29 18:19:55] Seen 609664 samples
[2018-11-29 18:19:55] Starting epoch 36
[2018-11-29 18:19:55] [data] Shuffling files
[2018-11-29 18:19:57] [data] Done
[2018-11-29 18:20:29] Ep. 36 : Up. 305000 : Sen. 10500 : Cost 67.36 : Time 192.39s : 10632.08 words/s : L.r. 6.8712e-05
[2018-11-29 18:23:35] Ep. 36 : Up. 306000 : Sen. 80500 : Cost 66.18 : Time 185.70s : 11004.14 words/s : L.r. 6.8599e-05
[2018-11-29 18:26:43] Ep. 36 : Up. 307000 : Sen. 150500 : Cost 67.88 : Time 187.69s : 11075.01 words/s : L.r. 6.8488e-05
[2018-11-29 18:29:51] Ep. 36 : Up. 308000 : Sen. 220500 : Cost 68.34 : Time 188.26s : 11087.49 words/s : L.r. 6.8376e-05
[2018-11-29 18:32:56] Ep. 36 : Up. 309000 : Sen. 290500 : Cost 66.96 : Time 184.95s : 11052.44 words/s : L.r. 6.8266e-05
[2018-11-29 18:36:04] Ep. 36 : Up. 310000 : Sen. 360500 : Cost 68.35 : Time 187.71s : 11079.55 words/s : L.r. 6.8155e-05
[2018-11-29 18:39:12] Ep. 36 : Up. 311000 : Sen. 430500 : Cost 68.81 : Time 188.08s : 11102.57 words/s : L.r. 6.8046e-05
[2018-11-29 18:42:16] Ep. 36 : Up. 312000 : Sen. 500500 : Cost 67.39 : Time 184.32s : 11098.46 words/s : L.r. 6.7937e-05
[2018-11-29 18:45:24] Ep. 36 : Up. 313000 : Sen. 570500 : Cost 69.19 : Time 187.94s : 11139.71 words/s : L.r. 6.7828e-05
[2018-11-29 18:47:07] Seen 609664 samples
[2018-11-29 18:47:07] Starting epoch 37
[2018-11-29 18:47:07] [data] Shuffling files
[2018-11-29 18:47:09] [data] Done
[2018-11-29 18:48:36] Ep. 37 : Up. 314000 : Sen. 30800 : Cost 67.20 : Time 191.34s : 10758.67 words/s : L.r. 6.7720e-05
[2018-11-29 18:51:39] Ep. 37 : Up. 315000 : Sen. 100800 : Cost 65.87 : Time 183.02s : 11106.68 words/s : L.r. 6.7612e-05
[2018-11-29 18:51:48] [valid] Ep. 37 : Up. 315000 : cross-entropy : 47.032 : stalled 9 times
[2018-11-29 18:51:57] [valid] Ep. 37 : Up. 315000 : perplexity : 4.56909 : stalled 9 times
Detokenizer Version $Revision: 4134 $
Language: en
[2018-11-29 18:56:40] [valid] Ep. 37 : Up. 315000 : translation : 29.45 : stalled 6 times
[2018-11-29 18:56:40] Saving model weights and runtime parameters to model/model.src0tgt0.trans.batch70.opt1.npz.orig.npz
[2018-11-29 18:56:44] Saving model weights and runtime parameters to model/model.src0tgt0.trans.batch70.opt1.iter315000.npz
[2018-11-29 18:56:49] Saving model weights and runtime parameters to model/model.src0tgt0.trans.batch70.opt1.npz
[2018-11-29 18:56:53] Saving Adam parameters to model/model.src0tgt0.trans.batch70.opt1.npz.optimizer.npz
[2018-11-29 19:00:10] Ep. 37 : Up. 316000 : Sen. 170800 : Cost 68.60 : Time 511.31s : 4114.97 words/s : L.r. 6.7505e-05
[2018-11-29 19:03:15] Ep. 37 : Up. 317000 : Sen. 240800 : Cost 66.58 : Time 185.09s : 11016.72 words/s : L.r. 6.7399e-05
[2018-11-29 19:06:23] Ep. 37 : Up. 318000 : Sen. 310800 : Cost 68.58 : Time 187.89s : 11129.24 words/s : L.r. 6.7293e-05
[2018-11-29 19:09:28] Ep. 37 : Up. 319000 : Sen. 380800 : Cost 67.72 : Time 185.05s : 11132.72 words/s : L.r. 6.7187e-05
[2018-11-29 19:12:35] Ep. 37 : Up. 320000 : Sen. 450800 : Cost 68.14 : Time 186.66s : 11116.41 words/s : L.r. 6.7082e-05
[2018-11-29 19:15:41] Ep. 37 : Up. 321000 : Sen. 520800 : Cost 68.61 : Time 186.92s : 11132.27 words/s : L.r. 6.6977e-05
[2018-11-29 19:18:48] Ep. 37 : Up. 322000 : Sen. 590764 : Cost 68.17 : Time 186.35s : 11091.38 words/s : L.r. 6.6873e-05
[2018-11-29 19:19:37] Seen 609664 samples
[2018-11-29 19:19:37] Starting epoch 38
[2018-11-29 19:19:37] [data] Shuffling files
[2018-11-29 19:19:40] [data] Done
[2018-11-29 19:22:00] Ep. 38 : Up. 323000 : Sen. 51100 : Cost 66.70 : Time 192.05s : 10696.06 words/s : L.r. 6.6770e-05
[2018-11-29 19:25:08] Ep. 38 : Up. 324000 : Sen. 121100 : Cost 68.17 : Time 188.51s : 11129.63 words/s : L.r. 6.6667e-05
[2018-11-29 19:28:14] Ep. 38 : Up. 325000 : Sen. 191100 : Cost 67.02 : Time 186.00s : 11095.34 words/s : L.r. 6.6564e-05
[2018-11-29 19:31:18] Ep. 38 : Up. 326000 : Sen. 261100 : Cost 66.50 : Time 183.94s : 11102.38 words/s : L.r. 6.6462e-05
[2018-11-29 19:34:26] Ep. 38 : Up. 327000 : Sen. 331100 : Cost 68.28 : Time 187.92s : 11090.45 words/s : L.r. 6.6360e-05
[2018-11-29 19:37:30] Ep. 38 : Up. 328000 : Sen. 401100 : Cost 66.95 : Time 184.05s : 11100.72 words/s : L.r. 6.6259e-05
[2018-11-29 19:40:37] Ep. 38 : Up. 329000 : Sen. 471100 : Cost 68.11 : Time 186.83s : 11086.93 words/s : L.r. 6.6158e-05
[2018-11-29 19:43:43] Ep. 38 : Up. 330000 : Sen. 541100 : Cost 68.33 : Time 186.38s : 11144.94 words/s : L.r. 6.6058e-05
[2018-11-29 19:43:53] [valid] Ep. 38 : Up. 330000 : cross-entropy : 47.156 : stalled 10 times
[2018-11-29 19:44:02] [valid] Ep. 38 : Up. 330000 : perplexity : 4.58742 : stalled 10 times
Detokenizer Version $Revision: 4134 $
Language: en
[2018-11-29 19:48:22] [valid] Ep. 38 : Up. 330000 : translation : 29.52 : stalled 7 times
[2018-11-29 19:48:22] Saving model weights and runtime parameters to model/model.src0tgt0.trans.batch70.opt1.npz.orig.npz
[2018-11-29 19:48:26] Saving model weights and runtime parameters to model/model.src0tgt0.trans.batch70.opt1.iter330000.npz
[2018-11-29 19:48:30] Saving model weights and runtime parameters to model/model.src0tgt0.trans.batch70.opt1.npz
[2018-11-29 19:48:35] Saving Adam parameters to model/model.src0tgt0.trans.batch70.opt1.npz.optimizer.npz
[2018-11-29 19:51:47] Seen 609664 samples
[2018-11-29 19:51:47] Starting epoch 39
[2018-11-29 19:51:47] [data] Shuffling files
[2018-11-29 19:51:50] [data] Done
[2018-11-29 19:51:57] Ep. 39 : Up. 331000 : Sen. 1400 : Cost 68.01 : Time 493.36s : 4183.30 words/s : L.r. 6.5958e-05
[2018-11-29 19:55:05] Ep. 39 : Up. 332000 : Sen. 71400 : Cost 66.99 : Time 187.81s : 11049.71 words/s : L.r. 6.5859e-05
[2018-11-29 19:58:11] Ep. 39 : Up. 333000 : Sen. 141400 : Cost 67.03 : Time 186.33s : 11092.98 words/s : L.r. 6.5760e-05
[2018-11-29 20:01:17] Ep. 39 : Up. 334000 : Sen. 211400 : Cost 67.24 : Time 185.74s : 11116.39 words/s : L.r. 6.5661e-05
[2018-11-29 20:04:23] Ep. 39 : Up. 335000 : Sen. 281400 : Cost 67.69 : Time 186.67s : 11126.47 words/s : L.r. 6.5563e-05
[2018-11-29 20:07:30] Ep. 39 : Up. 336000 : Sen. 351400 : Cost 67.82 : Time 186.58s : 11118.17 words/s : L.r. 6.5465e-05
[2018-11-29 20:10:36] Ep. 39 : Up. 337000 : Sen. 421400 : Cost 67.72 : Time 186.41s : 11098.14 words/s : L.r. 6.5368e-05
[2018-11-29 20:13:43] Ep. 39 : Up. 338000 : Sen. 491400 : Cost 67.77 : Time 186.48s : 11065.20 words/s : L.r. 6.5271e-05
[2018-11-29 20:16:49] Ep. 39 : Up. 339000 : Sen. 561400 : Cost 67.86 : Time 185.80s : 11114.61 words/s : L.r. 6.5175e-05
[2018-11-29 20:18:58] Seen 609664 samples
[2018-11-29 20:18:58] Starting epoch 40
[2018-11-29 20:18:58] [data] Shuffling files
[2018-11-29 20:19:00] [data] Done
[2018-11-29 20:20:01] Ep. 40 : Up. 340000 : Sen. 21700 : Cost 67.70 : Time 192.78s : 10744.41 words/s : L.r. 6.5079e-05
[2018-11-29 20:23:08] Ep. 40 : Up. 341000 : Sen. 91700 : Cost 66.72 : Time 186.72s : 11077.14 words/s : L.r. 6.4984e-05
[2018-11-29 20:26:15] Ep. 40 : Up. 342000 : Sen. 161700 : Cost 67.51 : Time 187.13s : 11135.40 words/s : L.r. 6.4889e-05
[2018-11-29 20:29:19] Ep. 40 : Up. 343000 : Sen. 231700 : Cost 66.22 : Time 184.01s : 11073.36 words/s : L.r. 6.4794e-05
[2018-11-29 20:32:28] Ep. 40 : Up. 344000 : Sen. 301700 : Cost 68.49 : Time 188.56s : 11113.24 words/s : L.r. 6.4700e-05
[2018-11-29 20:35:34] Ep. 40 : Up. 345000 : Sen. 371700 : Cost 67.32 : Time 185.87s : 11115.89 words/s : L.r. 6.4606e-05
[2018-11-29 20:35:43] [valid] Ep. 40 : Up. 345000 : cross-entropy : 47.2562 : stalled 11 times
[2018-11-29 20:35:52] [valid] Ep. 40 : Up. 345000 : perplexity : 4.6023 : stalled 11 times
Detokenizer Version $Revision: 4134 $
Language: en
[2018-11-29 20:40:35] [valid] Ep. 40 : Up. 345000 : translation : 29.41 : stalled 8 times
[2018-11-29 20:40:35] Saving model weights and runtime parameters to model/model.src0tgt0.trans.batch70.opt1.npz.orig.npz
[2018-11-29 20:40:39] Saving model weights and runtime parameters to model/model.src0tgt0.trans.batch70.opt1.iter345000.npz
[2018-11-29 20:40:43] Saving model weights and runtime parameters to model/model.src0tgt0.trans.batch70.opt1.npz
[2018-11-29 20:40:48] Saving Adam parameters to model/model.src0tgt0.trans.batch70.opt1.npz.optimizer.npz
[2018-11-29 20:44:01] Ep. 40 : Up. 346000 : Sen. 441700 : Cost 67.36 : Time 507.74s : 4054.89 words/s : L.r. 6.4512e-05
[2018-11-29 20:47:07] Ep. 40 : Up. 347000 : Sen. 511700 : Cost 67.64 : Time 185.77s : 11104.04 words/s : L.r. 6.4419e-05
[2018-11-29 20:50:15] Ep. 40 : Up. 348000 : Sen. 581664 : Cost 68.47 : Time 187.57s : 11117.10 words/s : L.r. 6.4327e-05
[2018-11-29 20:51:29] Seen 609664 samples
[2018-11-29 20:51:29] Starting epoch 41
[2018-11-29 20:51:29] [data] Shuffling files
[2018-11-29 20:51:31] [data] Done
[2018-11-29 20:53:27] Ep. 41 : Up. 349000 : Sen. 42000 : Cost 66.56 : Time 192.50s : 10679.90 words/s : L.r. 6.4235e-05
[2018-11-29 20:56:36] Ep. 41 : Up. 350000 : Sen. 112000 : Cost 67.81 : Time 189.02s : 11120.57 words/s : L.r. 6.4143e-05
[2018-11-29 20:59:39] Ep. 41 : Up. 351000 : Sen. 182000 : Cost 65.24 : Time 182.65s : 11038.37 words/s : L.r. 6.4051e-05
[2018-11-29 21:02:49] Ep. 41 : Up. 352000 : Sen. 252000 : Cost 68.99 : Time 190.06s : 11156.41 words/s : L.r. 6.3960e-05
[2018-11-29 21:05:54] Ep. 41 : Up. 353000 : Sen. 322000 : Cost 66.73 : Time 184.46s : 11111.47 words/s : L.r. 6.3870e-05
[2018-11-29 21:08:59] Ep. 41 : Up. 354000 : Sen. 392000 : Cost 67.03 : Time 185.51s : 11088.03 words/s : L.r. 6.3779e-05
[2018-11-29 21:12:05] Ep. 41 : Up. 355000 : Sen. 462000 : Cost 67.86 : Time 186.32s : 11149.14 words/s : L.r. 6.3689e-05
[2018-11-29 21:15:12] Ep. 41 : Up. 356000 : Sen. 532000 : Cost 68.24 : Time 186.80s : 11133.10 words/s : L.r. 6.3600e-05
[2018-11-29 21:18:16] Ep. 41 : Up. 357000 : Sen. 601964 : Cost 66.50 : Time 183.52s : 11066.91 words/s : L.r. 6.3511e-05
[2018-11-29 21:18:37] Seen 609664 samples
[2018-11-29 21:18:37] Starting epoch 42
[2018-11-29 21:18:37] [data] Shuffling files
[2018-11-29 21:18:39] [data] Done
[2018-11-29 21:21:28] Ep. 42 : Up. 358000 : Sen. 62300 : Cost 66.81 : Time 192.64s : 10765.35 words/s : L.r. 6.3422e-05
[2018-11-29 21:24:36] Ep. 42 : Up. 359000 : Sen. 132300 : Cost 67.15 : Time 187.27s : 11111.86 words/s : L.r. 6.3334e-05
[2018-11-29 21:27:41] Ep. 42 : Up. 360000 : Sen. 202300 : Cost 66.45 : Time 185.14s : 11086.75 words/s : L.r. 6.3246e-05
[2018-11-29 21:27:50] [valid] Ep. 42 : Up. 360000 : cross-entropy : 47.3979 : stalled 12 times
[2018-11-29 21:27:59] [valid] Ep. 42 : Up. 360000 : perplexity : 4.62341 : stalled 12 times
Detokenizer Version $Revision: 4134 $
Language: en
[2018-11-29 21:33:02] [valid] Ep. 42 : Up. 360000 : translation : 29.46 : stalled 9 times
[2018-11-29 21:33:02] Saving model weights and runtime parameters to model/model.src0tgt0.trans.batch70.opt1.npz.orig.npz
[2018-11-29 21:33:06] Saving model weights and runtime parameters to model/model.src0tgt0.trans.batch70.opt1.iter360000.npz
[2018-11-29 21:33:10] Saving model weights and runtime parameters to model/model.src0tgt0.trans.batch70.opt1.npz
[2018-11-29 21:33:14] Saving Adam parameters to model/model.src0tgt0.trans.batch70.opt1.npz.optimizer.npz
[2018-11-29 21:36:30] Ep. 42 : Up. 361000 : Sen. 272300 : Cost 67.52 : Time 529.77s : 3927.44 words/s : L.r. 6.3158e-05
[2018-11-29 21:39:40] Ep. 42 : Up. 362000 : Sen. 342300 : Cost 68.25 : Time 189.15s : 11077.57 words/s : L.r. 6.3071e-05
[2018-11-29 21:42:45] Ep. 42 : Up. 363000 : Sen. 412300 : Cost 67.18 : Time 185.79s : 11103.46 words/s : L.r. 6.2984e-05
[2018-11-29 21:45:50] Ep. 42 : Up. 364000 : Sen. 482300 : Cost 66.87 : Time 184.58s : 11094.10 words/s : L.r. 6.2897e-05
[2018-11-29 21:48:57] Ep. 42 : Up. 365000 : Sen. 552300 : Cost 67.73 : Time 186.53s : 11106.22 words/s : L.r. 6.2811e-05
[2018-11-29 21:51:30] Seen 609664 samples
[2018-11-29 21:51:30] Starting epoch 43
[2018-11-29 21:51:30] [data] Shuffling files
[2018-11-29 21:51:32] [data] Done
[2018-11-29 21:52:07] Ep. 43 : Up. 366000 : Sen. 12600 : Cost 66.30 : Time 190.85s : 10683.87 words/s : L.r. 6.2725e-05
[2018-11-29 21:55:16] Ep. 43 : Up. 367000 : Sen. 82600 : Cost 67.58 : Time 188.62s : 11139.73 words/s : L.r. 6.2639e-05
[2018-11-29 21:58:21] Ep. 43 : Up. 368000 : Sen. 152600 : Cost 65.97 : Time 185.37s : 11066.16 words/s : L.r. 6.2554e-05
[2018-11-29 22:01:29] Ep. 43 : Up. 369000 : Sen. 222600 : Cost 67.41 : Time 187.38s : 11105.61 words/s : L.r. 6.2470e-05
[2018-11-29 22:04:32] Ep. 43 : Up. 370000 : Sen. 292600 : Cost 66.00 : Time 183.21s : 11125.69 words/s : L.r. 6.2385e-05
[2018-11-29 22:07:40] Ep. 43 : Up. 371000 : Sen. 362600 : Cost 68.10 : Time 187.98s : 11125.86 words/s : L.r. 6.2301e-05
[2018-11-29 22:10:46] Ep. 43 : Up. 372000 : Sen. 432600 : Cost 67.37 : Time 186.48s : 11079.77 words/s : L.r. 6.2217e-05
[2018-11-29 22:13:52] Ep. 43 : Up. 373000 : Sen. 502600 : Cost 66.96 : Time 185.60s : 11077.06 words/s : L.r. 6.2134e-05
[2018-11-29 22:17:00] Ep. 43 : Up. 374000 : Sen. 572564 : Cost 68.51 : Time 187.60s : 11173.98 words/s : L.r. 6.2051e-05
[2018-11-29 22:18:38] Seen 609664 samples
[2018-11-29 22:18:38] Starting epoch 44
[2018-11-29 22:18:38] [data] Shuffling files
[2018-11-29 22:18:40] [data] Done
[2018-11-29 22:20:13] Ep. 44 : Up. 375000 : Sen. 32900 : Cost 67.26 : Time 193.46s : 10747.04 words/s : L.r. 6.1968e-05
[2018-11-29 22:20:22] [valid] Ep. 44 : Up. 375000 : cross-entropy : 47.4422 : stalled 13 times
[2018-11-29 22:20:31] [valid] Ep. 44 : Up. 375000 : perplexity : 4.63004 : stalled 13 times
Detokenizer Version $Revision: 4134 $
Language: en
[2018-11-29 22:25:05] [valid] Ep. 44 : Up. 375000 : translation : 29.37 : stalled 10 times
[2018-11-29 22:25:05] Saving model weights and runtime parameters to model/model.src0tgt0.trans.batch70.opt1.npz.orig.npz
[2018-11-29 22:25:10] Saving model weights and runtime parameters to model/model.src0tgt0.trans.batch70.opt1.iter375000.npz
[2018-11-29 22:25:14] Saving model weights and runtime parameters to model/model.src0tgt0.trans.batch70.opt1.npz
[2018-11-29 22:25:18] Saving Adam parameters to model/model.src0tgt0.trans.batch70.opt1.npz.optimizer.npz
[2018-11-29 22:28:31] Ep. 44 : Up. 376000 : Sen. 102900 : Cost 65.25 : Time 497.49s : 4096.99 words/s : L.r. 6.1885e-05
[2018-11-29 22:31:39] Ep. 44 : Up. 377000 : Sen. 172900 : Cost 67.54 : Time 188.49s : 11100.70 words/s : L.r. 6.1803e-05
[2018-11-29 22:34:45] Ep. 44 : Up. 378000 : Sen. 242900 : Cost 67.11 : Time 186.18s : 11157.42 words/s : L.r. 6.1721e-05
[2018-11-29 22:37:48] Ep. 44 : Up. 379000 : Sen. 312900 : Cost 65.57 : Time 182.94s : 11059.62 words/s : L.r. 6.1640e-05
[2018-11-29 22:40:57] Ep. 44 : Up. 380000 : Sen. 382900 : Cost 68.48 : Time 189.27s : 11125.18 words/s : L.r. 6.1559e-05
[2018-11-29 22:44:03] Ep. 44 : Up. 381000 : Sen. 452900 : Cost 67.21 : Time 185.88s : 11113.29 words/s : L.r. 6.1478e-05
[2018-11-29 22:47:10] Ep. 44 : Up. 382000 : Sen. 522900 : Cost 67.53 : Time 186.75s : 11103.25 words/s : L.r. 6.1397e-05
[2018-11-29 22:50:17] Ep. 44 : Up. 383000 : Sen. 592864 : Cost 67.57 : Time 186.51s : 11096.05 words/s : L.r. 6.1317e-05
[2018-11-29 22:51:00] Seen 609664 samples
[2018-11-29 22:51:00] Starting epoch 45
[2018-11-29 22:51:00] [data] Shuffling files
[2018-11-29 22:51:03] [data] Done
[2018-11-29 22:53:30] Ep. 45 : Up. 384000 : Sen. 53200 : Cost 66.33 : Time 193.06s : 10697.26 words/s : L.r. 6.1237e-05
[2018-11-29 22:56:36] Ep. 45 : Up. 385000 : Sen. 123200 : Cost 66.56 : Time 186.26s : 11128.31 words/s : L.r. 6.1158e-05
[2018-11-29 22:59:43] Ep. 45 : Up. 386000 : Sen. 193200 : Cost 66.89 : Time 186.71s : 11126.20 words/s : L.r. 6.1078e-05
[2018-11-29 23:02:48] Ep. 45 : Up. 387000 : Sen. 263200 : Cost 66.30 : Time 185.01s : 11079.56 words/s : L.r. 6.0999e-05
[2018-11-29 23:05:52] Ep. 45 : Up. 388000 : Sen. 333200 : Cost 66.43 : Time 184.78s : 11112.76 words/s : L.r. 6.0921e-05
[2018-11-29 23:09:00] Ep. 45 : Up. 389000 : Sen. 403200 : Cost 67.82 : Time 187.27s : 11140.71 words/s : L.r. 6.0842e-05
[2018-11-29 23:12:06] Ep. 45 : Up. 390000 : Sen. 473200 : Cost 67.51 : Time 185.96s : 11176.81 words/s : L.r. 6.0764e-05
[2018-11-29 23:12:15] [valid] Ep. 45 : Up. 390000 : cross-entropy : 47.5461 : stalled 14 times
[2018-11-29 23:12:24] [valid] Ep. 45 : Up. 390000 : perplexity : 4.6456 : stalled 14 times
Detokenizer Version $Revision: 4134 $
Language: en
[2018-11-29 23:17:01] [valid] Ep. 45 : Up. 390000 : translation : 29.5 : stalled 11 times
[2018-11-29 23:17:01] Saving model weights and runtime parameters to model/model.src0tgt0.trans.batch70.opt1.npz.orig.npz
[2018-11-29 23:17:05] Saving model weights and runtime parameters to model/model.src0tgt0.trans.batch70.opt1.iter390000.npz
[2018-11-29 23:17:09] Saving model weights and runtime parameters to model/model.src0tgt0.trans.batch70.opt1.npz
[2018-11-29 23:17:13] Saving Adam parameters to model/model.src0tgt0.trans.batch70.opt1.npz.optimizer.npz
[2018-11-29 23:20:26] Ep. 45 : Up. 391000 : Sen. 543200 : Cost 66.23 : Time 500.75s : 4071.61 words/s : L.r. 6.0687e-05
[2018-11-29 23:23:26] Seen 609664 samples
[2018-11-29 23:23:26] Starting epoch 46
[2018-11-29 23:23:26] [data] Shuffling files
[2018-11-29 23:23:29] [data] Done
[2018-11-29 23:23:42] Ep. 46 : Up. 392000 : Sen. 3500 : Cost 67.85 : Time 195.19s : 10648.31 words/s : L.r. 6.0609e-05
[2018-11-29 23:26:48] Ep. 46 : Up. 393000 : Sen. 73500 : Cost 66.02 : Time 186.22s : 11099.43 words/s : L.r. 6.0532e-05
[2018-11-29 23:29:54] Ep. 46 : Up. 394000 : Sen. 143500 : Cost 66.07 : Time 186.07s : 11069.17 words/s : L.r. 6.0455e-05
[2018-11-29 23:33:02] Ep. 46 : Up. 395000 : Sen. 213500 : Cost 67.43 : Time 187.67s : 11138.88 words/s : L.r. 6.0379e-05
[2018-11-29 23:36:07] Ep. 46 : Up. 396000 : Sen. 283500 : Cost 66.48 : Time 185.62s : 11102.39 words/s : L.r. 6.0302e-05
[2018-11-29 23:39:14] Ep. 46 : Up. 397000 : Sen. 353500 : Cost 67.20 : Time 187.10s : 11090.99 words/s : L.r. 6.0226e-05
[2018-11-29 23:42:19] Ep. 46 : Up. 398000 : Sen. 423500 : Cost 66.35 : Time 184.75s : 11081.31 words/s : L.r. 6.0151e-05
[2018-11-29 23:45:25] Ep. 46 : Up. 399000 : Sen. 493500 : Cost 67.37 : Time 186.37s : 11125.74 words/s : L.r. 6.0075e-05
[2018-11-29 23:48:33] Ep. 46 : Up. 400000 : Sen. 563500 : Cost 67.57 : Time 187.11s : 11089.74 words/s : L.r. 6.0000e-05
[2018-11-29 23:50:36] Seen 609664 samples
[2018-11-29 23:50:36] Starting epoch 47
[2018-11-29 23:50:36] [data] Shuffling files
[2018-11-29 23:50:38] [data] Done
[2018-11-29 23:51:46] Ep. 47 : Up. 401000 : Sen. 23800 : Cost 67.37 : Time 193.26s : 10756.16 words/s : L.r. 5.9925e-05
[2018-11-29 23:54:52] Ep. 47 : Up. 402000 : Sen. 93800 : Cost 65.74 : Time 185.74s : 11072.36 words/s : L.r. 5.9851e-05
[2018-11-29 23:57:57] Ep. 47 : Up. 403000 : Sen. 163800 : Cost 66.26 : Time 185.94s : 11104.29 words/s : L.r. 5.9776e-05
[2018-11-30 00:01:03] Ep. 47 : Up. 404000 : Sen. 233800 : Cost 66.41 : Time 185.45s : 11119.23 words/s : L.r. 5.9702e-05
[2018-11-30 00:04:10] Ep. 47 : Up. 405000 : Sen. 303800 : Cost 67.08 : Time 187.17s : 11091.11 words/s : L.r. 5.9628e-05
[2018-11-30 00:04:19] [valid] Ep. 47 : Up. 405000 : cross-entropy : 47.6671 : stalled 15 times
[2018-11-30 00:04:28] [valid] Ep. 47 : Up. 405000 : perplexity : 4.66381 : stalled 15 times
Detokenizer Version $Revision: 4134 $
Language: en
[2018-11-30 00:08:52] [valid] Ep. 47 : Up. 405000 : translation : 29.38 : stalled 12 times
[2018-11-30 00:08:52] Saving model weights and runtime parameters to model/model.src0tgt0.trans.batch70.opt1.npz.orig.npz
[2018-11-30 00:08:56] Saving model weights and runtime parameters to model/model.src0tgt0.trans.batch70.opt1.iter405000.npz
[2018-11-30 00:09:00] Saving model weights and runtime parameters to model/model.src0tgt0.trans.batch70.opt1.npz
[2018-11-30 00:09:04] Saving Adam parameters to model/model.src0tgt0.trans.batch70.opt1.npz.optimizer.npz
[2018-11-30 00:09:12] Training finished
[2018-11-30 00:09:12] Saving model weights and runtime parameters to model/model.src0tgt0.trans.batch70.opt1.npz.orig.npz
[2018-11-30 00:09:16] Saving model weights and runtime parameters to model/model.src0tgt0.trans.batch70.opt1.npz
[2018-11-30 00:09:20] Saving Adam parameters to model/model.src0tgt0.trans.batch70.opt1.npz.optimizer.npz
