[2018-12-08 17:18:31] [marian] Marian v1.7.3 3efcfdf 2018-12-05 21:03:05 -0800
[2018-12-08 17:18:31] [marian] Running on prometheus.lingea.cz as process 4179 with command line:
[2018-12-08 17:18:31] [marian] /home/big_maggie/usr/marian_prometheus/marian_1.7.3/marian-dev/build/marian --model model/model.src0tgt0.npz --type transformer --train-sets corp/europarl.cs-en.docs.train.en.bpe corp/europarl.cs-en.docs.train.cz.bpe --max-length 80 --vocabs corp/vocab.encs.europarl.yml corp/vocab.encs.europarl.yml --mini-batch-fit -w 9400 --maxi-batch 1000 --early-stopping 10 --valid-freq 5000 --save-freq 5000 --disp-freq 1000 --valid-metrics cross-entropy perplexity translation --valid-sets corp/europarl.cs-en.docs.dev.en.bpe corp/europarl.cs-en.docs.dev.cz.bpe --valid-script-path ./val.sh --valid-translation-output data/valid.bpe.en.output --quiet-translation --valid-mini-batch 64 --beam-size 6 --normalize 0.6 --log model/train_trans.log --valid-log model/valid_trans.log --enc-depth 6 --dec-depth 6 --transformer-heads 8 --transformer-postprocess-emb d --transformer-postprocess dan --transformer-dropout 0.1 --label-smoothing 0.1 --learn-rate 0.0003 --lr-warmup 16000 --lr-decay-inv-sqrt 16000 --lr-report --optimizer-params 0.9 0.98 1e-09 --clip-norm 5 --tied-embeddings-all --optimizer-delay 4 --devices 1 2 --sync-sgd --seed 1111 --exponential-smoothing
[2018-12-08 17:18:32] [config] after-batches: 0
[2018-12-08 17:18:32] [config] after-epochs: 0
[2018-12-08 17:18:32] [config] allow-unk: false
[2018-12-08 17:18:32] [config] beam-size: 6
[2018-12-08 17:18:32] [config] best-deep: false
[2018-12-08 17:18:32] [config] clip-gemm: 0
[2018-12-08 17:18:32] [config] clip-norm: 5
[2018-12-08 17:18:32] [config] cost-type: ce-mean-words
[2018-12-08 17:18:32] [config] cpu-threads: 0
[2018-12-08 17:18:32] [config] data-weighting-type: sentence
[2018-12-08 17:18:32] [config] dec-cell: gru
[2018-12-08 17:18:32] [config] dec-cell-base-depth: 8
[2018-12-08 17:18:32] [config] dec-cell-high-depth: 1
[2018-12-08 17:18:32] [config] dec-depth: 1
[2018-12-08 17:18:32] [config] devices:
[2018-12-08 17:18:32] [config]   - 1
[2018-12-08 17:18:32] [config]   - 2
[2018-12-08 17:18:32] [config] dim-emb: 512
[2018-12-08 17:18:32] [config] dim-rnn: 1024
[2018-12-08 17:18:32] [config] dim-vocabs:
[2018-12-08 17:18:32] [config]   - 32000
[2018-12-08 17:18:32] [config]   - 32000
[2018-12-08 17:18:32] [config] disp-first: 0
[2018-12-08 17:18:32] [config] disp-freq: 1000
[2018-12-08 17:18:32] [config] disp-label-counts: false
[2018-12-08 17:18:32] [config] dropout-rnn: 0.1
[2018-12-08 17:18:32] [config] dropout-src: 0
[2018-12-08 17:18:32] [config] dropout-trg: 0
[2018-12-08 17:18:32] [config] early-stopping: 10
[2018-12-08 17:18:32] [config] embedding-fix-src: false
[2018-12-08 17:18:32] [config] embedding-fix-trg: false
[2018-12-08 17:18:32] [config] embedding-normalization: false
[2018-12-08 17:18:32] [config] enc-cell: gru
[2018-12-08 17:18:32] [config] enc-cell-depth: 4
[2018-12-08 17:18:32] [config] enc-depth: 1
[2018-12-08 17:18:32] [config] enc-type: bidirectional
[2018-12-08 17:18:32] [config] exponential-smoothing: 0.0001
[2018-12-08 17:18:32] [config] grad-dropping-momentum: 0
[2018-12-08 17:18:32] [config] grad-dropping-rate: 0
[2018-12-08 17:18:32] [config] grad-dropping-warmup: 100
[2018-12-08 17:18:32] [config] guided-alignment: none
[2018-12-08 17:18:32] [config] guided-alignment-cost: mse
[2018-12-08 17:18:32] [config] guided-alignment-weight: 0.1
[2018-12-08 17:18:32] [config] ignore-model-config: false
[2018-12-08 17:18:32] [config] interpolate-env-vars: false
[2018-12-08 17:18:32] [config] keep-best: true
[2018-12-08 17:18:32] [config] label-smoothing: 0.1
[2018-12-08 17:18:32] [config] layer-normalization: true
[2018-12-08 17:18:32] [config] learn-rate: 0.0003
[2018-12-08 17:18:32] [config] log: model/train_trans.log
[2018-12-08 17:18:32] [config] log-level: info
[2018-12-08 17:18:32] [config] lr-decay: 0
[2018-12-08 17:18:32] [config] lr-decay-freq: 50000
[2018-12-08 17:18:32] [config] lr-decay-inv-sqrt: 16000
[2018-12-08 17:18:32] [config] lr-decay-repeat-warmup: false
[2018-12-08 17:18:32] [config] lr-decay-reset-optimizer: false
[2018-12-08 17:18:32] [config] lr-decay-start:
[2018-12-08 17:18:32] [config]   - 10
[2018-12-08 17:18:32] [config]   - 1
[2018-12-08 17:18:32] [config] lr-decay-strategy: epoch+stalled
[2018-12-08 17:18:32] [config] lr-report: true
[2018-12-08 17:18:32] [config] lr-warmup: 16000
[2018-12-08 17:18:32] [config] lr-warmup-at-reload: false
[2018-12-08 17:18:32] [config] lr-warmup-cycle: false
[2018-12-08 17:18:32] [config] lr-warmup-start-rate: 0
[2018-12-08 17:18:32] [config] max-length: 80
[2018-12-08 17:18:32] [config] max-length-crop: false
[2018-12-08 17:18:32] [config] max-length-factor: 3
[2018-12-08 17:18:32] [config] maxi-batch: 1000
[2018-12-08 17:18:32] [config] maxi-batch-sort: trg
[2018-12-08 17:18:32] [config] mini-batch: 1000
[2018-12-08 17:18:32] [config] mini-batch-fit: true
[2018-12-08 17:18:32] [config] mini-batch-fit-step: 10
[2018-12-08 17:18:32] [config] mini-batch-words: 0
[2018-12-08 17:18:32] [config] model: model/model.src0tgt0.npz
[2018-12-08 17:18:32] [config] multi-node: false
[2018-12-08 17:18:32] [config] multi-node-overlap: true
[2018-12-08 17:18:32] [config] n-best: false
[2018-12-08 17:18:32] [config] no-nccl: false
[2018-12-08 17:18:32] [config] no-reload: false
[2018-12-08 17:18:32] [config] no-restore-corpus: false
[2018-12-08 17:18:32] [config] no-shuffle: false
[2018-12-08 17:18:32] [config] normalize: 0.6
[2018-12-08 17:18:32] [config] optimizer: adam
[2018-12-08 17:18:32] [config] optimizer-delay: 4
[2018-12-08 17:18:32] [config] optimizer-params:
[2018-12-08 17:18:32] [config]   - 0.9
[2018-12-08 17:18:32] [config]   - 0.98
[2018-12-08 17:18:32] [config]   - 1e-09
[2018-12-08 17:18:32] [config] overwrite: true
[2018-12-08 17:18:32] [config] quiet: false
[2018-12-08 17:18:32] [config] quiet-translation: true
[2018-12-08 17:18:32] [config] relative-paths: false
[2018-12-08 17:18:32] [config] right-left: false
[2018-12-08 17:18:32] [config] save-freq: 5000
[2018-12-08 17:18:32] [config] seed: 1111
[2018-12-08 17:18:32] [config] shuffle-in-ram: false
[2018-12-08 17:18:32] [config] skip: false
[2018-12-08 17:18:32] [config] sqlite: ""
[2018-12-08 17:18:32] [config] sqlite-drop: false
[2018-12-08 17:18:32] [config] sync-sgd: true
[2018-12-08 17:18:32] [config] tempdir: /tmp
[2018-12-08 17:18:32] [config] tied-embeddings: false
[2018-12-08 17:18:32] [config] tied-embeddings-all: true
[2018-12-08 17:18:32] [config] tied-embeddings-src: false
[2018-12-08 17:18:32] [config] train-sets:
[2018-12-08 17:18:32] [config]   - corp/europarl.cs-en.docs.train.en.bpe
[2018-12-08 17:18:32] [config]   - corp/europarl.cs-en.docs.train.cz.bpe
[2018-12-08 17:18:32] [config] transformer-aan-activation: swish
[2018-12-08 17:18:32] [config] transformer-aan-depth: 2
[2018-12-08 17:18:32] [config] transformer-aan-nogate: false
[2018-12-08 17:18:32] [config] transformer-decoder-autoreg: self-attention
[2018-12-08 17:18:32] [config] transformer-dim-aan: 2048
[2018-12-08 17:18:32] [config] transformer-dim-ffn: 2048
[2018-12-08 17:18:32] [config] transformer-dropout: 0.1
[2018-12-08 17:18:32] [config] transformer-dropout-attention: 0
[2018-12-08 17:18:32] [config] transformer-dropout-ffn: 0
[2018-12-08 17:18:32] [config] transformer-ffn-activation: swish
[2018-12-08 17:18:32] [config] transformer-ffn-depth: 2
[2018-12-08 17:18:32] [config] transformer-guided-alignment-layer: last
[2018-12-08 17:18:32] [config] transformer-heads: 8
[2018-12-08 17:18:32] [config] transformer-no-projection: false
[2018-12-08 17:18:32] [config] transformer-postprocess: dan
[2018-12-08 17:18:32] [config] transformer-postprocess-emb: d
[2018-12-08 17:18:32] [config] transformer-preprocess: ""
[2018-12-08 17:18:32] [config] transformer-tied-layers:
[2018-12-08 17:18:32] [config]   []
[2018-12-08 17:18:32] [config] type: s2s
[2018-12-08 17:18:32] [config] ulr: false
[2018-12-08 17:18:32] [config] ulr-dim-emb: 0
[2018-12-08 17:18:32] [config] ulr-dropout: 0
[2018-12-08 17:18:32] [config] ulr-keys-vectors: ""
[2018-12-08 17:18:32] [config] ulr-query-vectors: ""
[2018-12-08 17:18:32] [config] ulr-softmax-temperature: 1
[2018-12-08 17:18:32] [config] ulr-trainable-transformation: false
[2018-12-08 17:18:32] [config] valid-freq: 5000
[2018-12-08 17:18:32] [config] valid-log: model/valid_trans.log
[2018-12-08 17:18:32] [config] valid-max-length: 1000
[2018-12-08 17:18:32] [config] valid-metrics:
[2018-12-08 17:18:32] [config]   - cross-entropy
[2018-12-08 17:18:32] [config]   - perplexity
[2018-12-08 17:18:32] [config]   - translation
[2018-12-08 17:18:32] [config] valid-mini-batch: 64
[2018-12-08 17:18:32] [config] valid-script-path: ./val.sh
[2018-12-08 17:18:32] [config] valid-sets:
[2018-12-08 17:18:32] [config]   - corp/europarl.cs-en.docs.dev.en.bpe
[2018-12-08 17:18:32] [config]   - corp/europarl.cs-en.docs.dev.cz.bpe
[2018-12-08 17:18:32] [config] valid-translation-output: data/valid.bpe.en.output
[2018-12-08 17:18:32] [config] version: v1.7.2 1714781 2018-12-04 08:56:46 -0800
[2018-12-08 17:18:32] [config] vocabs:
[2018-12-08 17:18:32] [config]   - corp/vocab.encs.europarl.yml
[2018-12-08 17:18:32] [config]   - corp/vocab.encs.europarl.yml
[2018-12-08 17:18:32] [config] word-penalty: 0
[2018-12-08 17:18:32] [config] workspace: 9400
[2018-12-08 17:18:32] [config] Loaded model has been created with Marian v1.7.2 1714781 2018-12-04 08:56:46 -0800, will be overwritten with current version v1.7.3 3efcfdf 2018-12-05 21:03:05 -0800 at saving
[2018-12-08 17:18:32] Using synchronous training
[2018-12-08 17:18:32] [data] Loading vocabulary from JSON/Yaml file corp/vocab.encs.europarl.yml
[2018-12-08 17:18:33] [data] Setting vocabulary size for input 0 to 32000
[2018-12-08 17:18:33] [data] Loading vocabulary from JSON/Yaml file corp/vocab.encs.europarl.yml
[2018-12-08 17:18:33] [data] Setting vocabulary size for input 1 to 32000
[2018-12-08 17:18:33] [batching] Collecting statistics for batch fitting with step size 10
[2018-12-08 17:18:33] Compiled without MPI support. Falling back to FakeMPIWrapper
[2018-12-08 17:18:33] [memory] Extending reserved space to 9472 MB (device gpu1)
[2018-12-08 17:18:34] [memory] Extending reserved space to 9472 MB (device gpu2)
[2018-12-08 17:18:34] [comm] Using NCCL 2.3.7 for GPU communication
[2018-12-08 17:18:34] [memory] Reserving 336 MB, device gpu1
[2018-12-08 17:18:34] [memory] Reserving 336 MB, device gpu1
[2018-12-08 17:19:00] [batching] Done
[2018-12-08 17:19:00] [memory] Extending reserved space to 9472 MB (device gpu1)
[2018-12-08 17:19:00] [memory] Extending reserved space to 9472 MB (device gpu2)
[2018-12-08 17:19:00] [comm] Using NCCL 2.3.7 for GPU communication
[2018-12-08 17:19:00] Loading model from model/model.src0tgt0.npz.orig.npz
[2018-12-08 17:19:06] Loading model from model/model.src0tgt0.npz.orig.npz
[2018-12-08 17:19:06] Loading Adam parameters from model/model.src0tgt0.npz.optimizer.npz
[2018-12-08 17:19:18] [memory] Reserving 336 MB, device gpu1
[2018-12-08 17:19:18] [memory] Reserving 336 MB, device gpu2
[2018-12-08 17:19:18] [data] Restoring the corpus state to epoch 30, batch 50000
[2018-12-08 17:19:18] [data] Shuffling files
[2018-12-08 17:19:21] [data] Done reading 620637 sentences
[2018-12-08 17:19:23] [data] Done shuffling 620637 sentences to temp files
[2018-12-08 17:19:56] Training started
[2018-12-08 17:19:56] [memory] Reserving 336 MB, device gpu1
[2018-12-08 17:19:56] [memory] Reserving 336 MB, device gpu2
[2018-12-08 17:19:57] Loading model from model/model.src0tgt0.npz
[2018-12-08 17:19:59] [memory] Reserving 336 MB, device cpu0
[2018-12-08 17:19:59] [memory] Reserving 168 MB, device gpu1
[2018-12-08 17:19:59] [memory] Reserving 168 MB, device gpu2
[2018-12-08 17:20:00] [memory] Reserving 336 MB, device gpu2
[2018-12-08 17:20:00] [memory] Reserving 336 MB, device gpu1
[2018-12-08 17:41:39] Seen 533634 samples
[2018-12-08 17:41:39] Starting epoch 31
[2018-12-08 17:41:39] [data] Shuffling files
[2018-12-08 17:41:40] [data] Done reading 620637 sentences
[2018-12-08 17:41:41] [data] Done shuffling 620637 sentences to temp files
[2018-12-08 18:07:48] Seen 609664 samples
[2018-12-08 18:07:48] Starting epoch 32
[2018-12-08 18:07:48] [data] Shuffling files
[2018-12-08 18:07:48] [data] Done reading 620637 sentences
[2018-12-08 18:07:50] [data] Done shuffling 620637 sentences to temp files
[2018-12-08 18:25:13] Ep. 32 : Up. 51000 : Sen. 391,818 : Cost 1.89849293 : Time 3973.15s : 11345.70 words/s : L.r. 1.6803e-04
[2018-12-08 18:34:30] Seen 609664 samples
[2018-12-08 18:34:30] Starting epoch 33
[2018-12-08 18:34:30] [data] Shuffling files
[2018-12-08 18:34:30] [data] Done reading 620637 sentences
[2018-12-08 18:34:32] [data] Done shuffling 620637 sentences to temp files
[2018-12-08 19:01:21] Seen 609664 samples
[2018-12-08 19:01:21] Starting epoch 34
[2018-12-08 19:01:21] [data] Shuffling files
[2018-12-08 19:01:22] [data] Done reading 620637 sentences
[2018-12-08 19:01:23] [data] Done shuffling 620637 sentences to temp files
[2018-12-08 19:28:44] Seen 609664 samples
[2018-12-08 19:28:44] Starting epoch 35
[2018-12-08 19:28:44] [data] Shuffling files
[2018-12-08 19:28:44] [data] Done reading 620637 sentences
[2018-12-08 19:28:46] [data] Done shuffling 620637 sentences to temp files
[2018-12-08 19:32:44] Ep. 35 : Up. 52000 : Sen. 82,199 : Cost 1.87670207 : Time 4051.39s : 11050.75 words/s : L.r. 1.6641e-04
[2018-12-08 19:56:19] Seen 609664 samples
[2018-12-08 19:56:19] Starting epoch 36
[2018-12-08 19:56:19] [data] Shuffling files
[2018-12-08 19:56:20] [data] Done reading 620637 sentences
[2018-12-08 19:56:22] [data] Done shuffling 620637 sentences to temp files
[2018-12-08 20:24:30] Seen 609664 samples
[2018-12-08 20:24:30] Starting epoch 37
[2018-12-08 20:24:30] [data] Shuffling files
[2018-12-08 20:24:30] [data] Done reading 620637 sentences
[2018-12-08 20:24:32] [data] Done shuffling 620637 sentences to temp files
[2018-12-08 20:42:33] Ep. 37 : Up. 53000 : Sen. 375,742 : Cost 1.86130214 : Time 4188.37s : 10688.95 words/s : L.r. 1.6483e-04
[2018-12-08 20:53:39] Seen 609664 samples
[2018-12-08 20:53:39] Starting epoch 38
[2018-12-08 20:53:39] [data] Shuffling files
[2018-12-08 20:53:39] [data] Done reading 620637 sentences
[2018-12-08 20:53:41] [data] Done shuffling 620637 sentences to temp files
[2018-12-08 21:23:33] Seen 609664 samples
[2018-12-08 21:23:33] Starting epoch 39
[2018-12-08 21:23:33] [data] Shuffling files
[2018-12-08 21:23:34] [data] Done reading 620637 sentences
[2018-12-08 21:23:35] [data] Done shuffling 620637 sentences to temp files
[2018-12-08 21:54:04] Seen 609664 samples
[2018-12-08 21:54:04] Starting epoch 40
[2018-12-08 21:54:04] [data] Shuffling files
[2018-12-08 21:54:04] [data] Done reading 620637 sentences
[2018-12-08 21:54:06] [data] Done shuffling 620637 sentences to temp files
[2018-12-08 21:57:22] Ep. 40 : Up. 54000 : Sen. 58,845 : Cost 1.85159791 : Time 4489.88s : 9961.58 words/s : L.r. 1.6330e-04
[2018-12-08 22:24:23] Seen 609664 samples
[2018-12-08 22:24:23] Starting epoch 41
[2018-12-08 22:24:23] [data] Shuffling files
[2018-12-08 22:24:23] [data] Done reading 620637 sentences
[2018-12-08 22:24:25] [data] Done shuffling 620637 sentences to temp files
[2018-12-08 22:54:31] Seen 609664 samples
[2018-12-08 22:54:31] Starting epoch 42
[2018-12-08 22:54:31] [data] Shuffling files
[2018-12-08 22:54:31] [data] Done reading 620637 sentences
[2018-12-08 22:54:33] [data] Done shuffling 620637 sentences to temp files
[2018-12-08 23:12:40] Ep. 42 : Up. 55000 : Sen. 358,800 : Cost 1.83858871 : Time 4517.24s : 9938.21 words/s : L.r. 1.6181e-04
[2018-12-08 23:12:40] Saving model weights and runtime parameters to model/model.src0tgt0.npz.orig.npz
[2018-12-08 23:12:47] Saving model weights and runtime parameters to model/model.src0tgt0.npz
[2018-12-08 23:12:54] Saving Adam parameters to model/model.src0tgt0.npz.optimizer.npz
[2018-12-08 23:13:16] Saving model weights and runtime parameters to model/model.src0tgt0.npz.best-cross-entropy.npz
[2018-12-08 23:13:22] [valid] Ep. 42 : Up. 55000 : cross-entropy : 50.2476 : new best
[2018-12-08 23:13:30] [valid] Ep. 42 : Up. 55000 : perplexity : 5.06924 : stalled 6 times
Detokenizer Version $Revision: 4134 $
Language: en
./val.sh: line 11: python3.6: command not found
[2018-12-08 23:14:35] [valid] Ep. 42 : Up. 55000 : translation : 0 : stalled 6 times
[2018-12-08 23:26:37] Seen 609664 samples
[2018-12-08 23:26:37] Starting epoch 43
[2018-12-08 23:26:37] [data] Shuffling files
[2018-12-08 23:26:37] [data] Done reading 620637 sentences
[2018-12-08 23:26:39] [data] Done shuffling 620637 sentences to temp files
[2018-12-08 23:57:22] Seen 609664 samples
[2018-12-08 23:57:22] Starting epoch 44
[2018-12-08 23:57:22] [data] Shuffling files
[2018-12-08 23:57:23] [data] Done reading 620637 sentences
[2018-12-08 23:57:25] [data] Done shuffling 620637 sentences to temp files
[2018-12-09 00:28:22] Seen 609664 samples
[2018-12-09 00:28:22] Starting epoch 45
[2018-12-09 00:28:22] [data] Shuffling files
[2018-12-09 00:28:23] [data] Done reading 620637 sentences
[2018-12-09 00:28:24] [data] Done shuffling 620637 sentences to temp files
[2018-12-09 00:30:58] Ep. 45 : Up. 56000 : Sen. 45,158 : Cost 1.83162045 : Time 4698.64s : 9517.86 words/s : L.r. 1.6036e-04
[2018-12-09 00:59:18] Seen 609664 samples
[2018-12-09 00:59:18] Starting epoch 46
[2018-12-09 00:59:18] [data] Shuffling files
[2018-12-09 00:59:19] [data] Done reading 620637 sentences
[2018-12-09 00:59:20] [data] Done shuffling 620637 sentences to temp files
[2018-12-09 01:30:38] Seen 609664 samples
[2018-12-09 01:30:38] Starting epoch 47
[2018-12-09 01:30:38] [data] Shuffling files
[2018-12-09 01:30:38] [data] Done reading 620637 sentences
[2018-12-09 01:30:40] [data] Done shuffling 620637 sentences to temp files
[2018-12-09 01:48:52] Ep. 47 : Up. 57000 : Sen. 344,598 : Cost 1.82372785 : Time 4673.46s : 9657.87 words/s : L.r. 1.5894e-04
[2018-12-09 02:02:14] Seen 609664 samples
[2018-12-09 02:02:14] Starting epoch 48
[2018-12-09 02:02:14] [data] Shuffling files
[2018-12-09 02:02:14] [data] Done reading 620637 sentences
[2018-12-09 02:02:16] [data] Done shuffling 620637 sentences to temp files
[2018-12-09 02:34:03] Seen 609664 samples
[2018-12-09 02:34:03] Starting epoch 49
[2018-12-09 02:34:03] [data] Shuffling files
[2018-12-09 02:34:03] [data] Done reading 620637 sentences
[2018-12-09 02:34:05] [data] Done shuffling 620637 sentences to temp files
[2018-12-09 03:06:01] Seen 609664 samples
[2018-12-09 03:06:01] Starting epoch 50
[2018-12-09 03:06:01] [data] Shuffling files
[2018-12-09 03:06:01] [data] Done reading 620637 sentences
[2018-12-09 03:06:03] [data] Done shuffling 620637 sentences to temp files
[2018-12-09 03:07:59] Ep. 50 : Up. 58000 : Sen. 38,666 : Cost 1.81386685 : Time 4747.33s : 9404.73 words/s : L.r. 1.5757e-04
[2018-12-09 03:38:13] Seen 609664 samples
[2018-12-09 03:38:13] Starting epoch 51
[2018-12-09 03:38:13] [data] Shuffling files
[2018-12-09 03:38:13] [data] Done reading 620637 sentences
[2018-12-09 03:38:15] [data] Done shuffling 620637 sentences to temp files
[2018-12-09 04:09:58] Seen 609664 samples
[2018-12-09 04:09:58] Starting epoch 52
[2018-12-09 04:09:58] [data] Shuffling files
[2018-12-09 04:09:58] [data] Done reading 620637 sentences
[2018-12-09 04:10:00] [data] Done shuffling 620637 sentences to temp files
[2018-12-09 04:27:44] Ep. 52 : Up. 59000 : Sen. 317,094 : Cost 1.80719507 : Time 4784.68s : 9372.98 words/s : L.r. 1.5623e-04
[2018-12-09 04:42:22] Seen 609664 samples
[2018-12-09 04:42:22] Starting epoch 53
[2018-12-09 04:42:22] [data] Shuffling files
[2018-12-09 04:42:22] [data] Done reading 620637 sentences
[2018-12-09 04:42:24] [data] Done shuffling 620637 sentences to temp files
[2018-12-09 05:14:46] Seen 609664 samples
[2018-12-09 05:14:46] Starting epoch 54
[2018-12-09 05:14:46] [data] Shuffling files
[2018-12-09 05:14:47] [data] Done reading 620637 sentences
[2018-12-09 05:14:49] [data] Done shuffling 620637 sentences to temp files
[2018-12-09 05:47:01] Seen 609664 samples
[2018-12-09 05:47:01] Starting epoch 55
[2018-12-09 05:47:01] [data] Shuffling files
[2018-12-09 05:47:02] [data] Done reading 620637 sentences
[2018-12-09 05:47:04] [data] Done shuffling 620637 sentences to temp files
[2018-12-09 05:48:18] Ep. 55 : Up. 60000 : Sen. 15,709 : Cost 1.80118120 : Time 4834.27s : 9257.66 words/s : L.r. 1.5492e-04
[2018-12-09 05:48:18] Saving model weights and runtime parameters to model/model.src0tgt0.npz.orig.npz
[2018-12-09 05:48:25] Saving model weights and runtime parameters to model/model.src0tgt0.npz
[2018-12-09 05:48:32] Saving Adam parameters to model/model.src0tgt0.npz.optimizer.npz
[2018-12-09 05:48:55] [valid] Ep. 55 : Up. 60000 : cross-entropy : 51.3807 : stalled 1 times
[2018-12-09 05:49:03] [valid] Ep. 55 : Up. 60000 : perplexity : 5.25823 : stalled 7 times
Detokenizer Version $Revision: 4134 $
Language: en
./val.sh: line 11: python3.6: command not found
[2018-12-09 05:50:11] [valid] Ep. 55 : Up. 60000 : translation : 0 : stalled 7 times
[2018-12-09 06:21:08] Seen 609664 samples
[2018-12-09 06:21:08] Starting epoch 56
[2018-12-09 06:21:08] [data] Shuffling files
[2018-12-09 06:21:08] [data] Done reading 620637 sentences
[2018-12-09 06:21:10] [data] Done shuffling 620637 sentences to temp files
[2018-12-09 06:53:20] Seen 609664 samples
[2018-12-09 06:53:20] Starting epoch 57
[2018-12-09 06:53:20] [data] Shuffling files
[2018-12-09 06:53:20] [data] Done reading 620637 sentences
[2018-12-09 06:53:22] [data] Done shuffling 620637 sentences to temp files
[2018-12-09 07:09:57] Ep. 57 : Up. 61000 : Sen. 318,850 : Cost 1.79247546 : Time 4899.06s : 9139.42 words/s : L.r. 1.5364e-04
[2018-12-09 07:25:28] Seen 609664 samples
[2018-12-09 07:25:29] Starting epoch 58
[2018-12-09 07:25:29] [data] Shuffling files
[2018-12-09 07:25:29] [data] Done reading 620637 sentences
[2018-12-09 07:25:31] [data] Done shuffling 620637 sentences to temp files
[2018-12-09 07:57:17] Seen 609664 samples
[2018-12-09 07:57:17] Starting epoch 59
[2018-12-09 07:57:17] [data] Shuffling files
[2018-12-09 07:57:17] [data] Done reading 620637 sentences
[2018-12-09 07:57:19] [data] Done shuffling 620637 sentences to temp files
[2018-12-09 08:28:51] Seen 609664 samples
[2018-12-09 08:28:51] Starting epoch 60
[2018-12-09 08:28:51] [data] Shuffling files
[2018-12-09 08:28:51] [data] Done reading 620637 sentences
[2018-12-09 08:28:53] [data] Done shuffling 620637 sentences to temp files
[2018-12-09 08:29:29] Ep. 60 : Up. 62000 : Sen. 2,152 : Cost 1.79028714 : Time 4771.53s : 9404.61 words/s : L.r. 1.5240e-04
[2018-12-09 09:00:16] Seen 609664 samples
[2018-12-09 09:00:16] Starting epoch 61
[2018-12-09 09:00:16] [data] Shuffling files
[2018-12-09 09:00:16] [data] Done reading 620637 sentences
[2018-12-09 09:00:18] [data] Done shuffling 620637 sentences to temp files
[2018-12-09 09:31:31] Seen 609664 samples
[2018-12-09 09:31:31] Starting epoch 62
[2018-12-09 09:31:31] [data] Shuffling files
[2018-12-09 09:31:31] [data] Done reading 620637 sentences
[2018-12-09 09:31:33] [data] Done shuffling 620637 sentences to temp files
[2018-12-09 09:47:10] Ep. 62 : Up. 63000 : Sen. 293,462 : Cost 1.78204441 : Time 4661.34s : 9625.66 words/s : L.r. 1.5119e-04
[2018-12-09 10:02:31] Seen 609664 samples
[2018-12-09 10:02:31] Starting epoch 63
[2018-12-09 10:02:31] [data] Shuffling files
[2018-12-09 10:02:31] [data] Done reading 620637 sentences
[2018-12-09 10:02:33] [data] Done shuffling 620637 sentences to temp files
[2018-12-09 10:33:15] Seen 609664 samples
[2018-12-09 10:33:15] Starting epoch 64
[2018-12-09 10:33:15] [data] Shuffling files
[2018-12-09 10:33:15] [data] Done reading 620637 sentences
[2018-12-09 10:33:17] [data] Done shuffling 620637 sentences to temp files
[2018-12-09 11:03:19] Ep. 64 : Up. 64000 : Sen. 593,199 : Cost 1.77831423 : Time 4568.93s : 9796.69 words/s : L.r. 1.5000e-04
[2018-12-09 11:03:52] Seen 609664 samples
[2018-12-09 11:03:52] Starting epoch 65
[2018-12-09 11:03:52] [data] Shuffling files
[2018-12-09 11:03:52] [data] Done reading 620637 sentences
[2018-12-09 11:03:54] [data] Done shuffling 620637 sentences to temp files
[2018-12-09 11:34:26] Seen 609664 samples
[2018-12-09 11:34:26] Starting epoch 66
[2018-12-09 11:34:26] [data] Shuffling files
[2018-12-09 11:34:27] [data] Done reading 620637 sentences
[2018-12-09 11:34:28] [data] Done shuffling 620637 sentences to temp files
[2018-12-09 12:04:38] Seen 609664 samples
[2018-12-09 12:04:38] Starting epoch 67
[2018-12-09 12:04:38] [data] Shuffling files
[2018-12-09 12:04:39] [data] Done reading 620637 sentences
[2018-12-09 12:04:40] [data] Done shuffling 620637 sentences to temp files
[2018-12-09 12:18:06] Ep. 67 : Up. 65000 : Sen. 294,771 : Cost 1.76954520 : Time 4487.15s : 9904.34 words/s : L.r. 1.4884e-04
[2018-12-09 12:18:06] Saving model weights and runtime parameters to model/model.src0tgt0.npz.orig.npz
[2018-12-09 12:18:13] Saving model weights and runtime parameters to model/model.src0tgt0.npz
[2018-12-09 12:18:19] Saving Adam parameters to model/model.src0tgt0.npz.optimizer.npz
[2018-12-09 12:18:42] [valid] Ep. 67 : Up. 65000 : cross-entropy : 52.5017 : stalled 2 times
[2018-12-09 12:18:50] [valid] Ep. 67 : Up. 65000 : perplexity : 5.45214 : stalled 8 times
Detokenizer Version $Revision: 4134 $
Language: en
./val.sh: line 11: python3.6: command not found
[2018-12-09 12:19:54] [valid] Ep. 67 : Up. 65000 : translation : 0 : stalled 8 times
[2018-12-09 12:36:17] Seen 609664 samples
[2018-12-09 12:36:17] Starting epoch 68
[2018-12-09 12:36:17] [data] Shuffling files
[2018-12-09 12:36:18] [data] Done reading 620637 sentences
[2018-12-09 12:36:19] [data] Done shuffling 620637 sentences to temp files
[2018-12-09 13:06:25] Seen 609664 samples
[2018-12-09 13:06:25] Starting epoch 69
[2018-12-09 13:06:25] [data] Shuffling files
[2018-12-09 13:06:25] [data] Done reading 620637 sentences
[2018-12-09 13:06:27] [data] Done shuffling 620637 sentences to temp files
[2018-12-09 13:35:16] Ep. 69 : Up. 66000 : Sen. 583,816 : Cost 1.77046359 : Time 4630.06s : 9759.85 words/s : L.r. 1.4771e-04
[2018-12-09 13:36:40] Seen 609664 samples
[2018-12-09 13:36:40] Starting epoch 70
[2018-12-09 13:36:40] [data] Shuffling files
[2018-12-09 13:36:40] [data] Done reading 620637 sentences
[2018-12-09 13:36:42] [data] Done shuffling 620637 sentences to temp files
[2018-12-09 14:07:00] Seen 609664 samples
[2018-12-09 14:07:00] Starting epoch 71
[2018-12-09 14:07:00] [data] Shuffling files
[2018-12-09 14:07:00] [data] Done reading 620637 sentences
[2018-12-09 14:07:02] [data] Done shuffling 620637 sentences to temp files
[2018-12-09 14:36:59] Seen 609664 samples
[2018-12-09 14:36:59] Starting epoch 72
[2018-12-09 14:36:59] [data] Shuffling files
[2018-12-09 14:36:59] [data] Done reading 620637 sentences
[2018-12-09 14:37:01] [data] Done shuffling 620637 sentences to temp files
[2018-12-09 14:50:37] Ep. 72 : Up. 67000 : Sen. 265,952 : Cost 1.76257277 : Time 4520.48s : 9937.51 words/s : L.r. 1.4660e-04
[2018-12-09 15:07:00] Seen 609664 samples
[2018-12-09 15:07:00] Starting epoch 73
[2018-12-09 15:07:00] [data] Shuffling files
[2018-12-09 15:07:00] [data] Done reading 620637 sentences
[2018-12-09 15:07:02] [data] Done shuffling 620637 sentences to temp files
[2018-12-09 15:37:07] Seen 609664 samples
[2018-12-09 15:37:07] Starting epoch 74
[2018-12-09 15:37:07] [data] Shuffling files
[2018-12-09 15:37:07] [data] Done reading 620637 sentences
[2018-12-09 15:37:09] [data] Done shuffling 620637 sentences to temp files
[2018-12-09 16:05:15] Ep. 74 : Up. 68000 : Sen. 566,265 : Cost 1.75992954 : Time 4478.33s : 9999.56 words/s : L.r. 1.4552e-04
[2018-12-09 16:07:18] Seen 609664 samples
[2018-12-09 16:07:18] Starting epoch 75
[2018-12-09 16:07:18] [data] Shuffling files
[2018-12-09 16:07:18] [data] Done reading 620637 sentences
[2018-12-09 16:07:19] [data] Done shuffling 620637 sentences to temp files
[2018-12-09 16:37:19] Seen 609664 samples
[2018-12-09 16:37:19] Starting epoch 76
[2018-12-09 16:37:19] [data] Shuffling files
[2018-12-09 16:37:19] [data] Done reading 620637 sentences
[2018-12-09 16:37:21] [data] Done shuffling 620637 sentences to temp files
[2018-12-09 17:07:13] Seen 609664 samples
[2018-12-09 17:07:13] Starting epoch 77
[2018-12-09 17:07:13] [data] Shuffling files
[2018-12-09 17:07:13] [data] Done reading 620637 sentences
[2018-12-09 17:07:15] [data] Done shuffling 620637 sentences to temp files
[2018-12-09 17:19:57] Ep. 77 : Up. 69000 : Sen. 249,234 : Cost 1.75514150 : Time 4482.38s : 10031.94 words/s : L.r. 1.4446e-04
[2018-12-09 17:36:25] Seen 609664 samples
[2018-12-09 17:36:25] Starting epoch 78
[2018-12-09 17:36:25] [data] Shuffling files
[2018-12-09 17:36:25] [data] Done reading 620637 sentences
[2018-12-09 17:36:27] [data] Done shuffling 620637 sentences to temp files
[2018-12-09 18:05:47] Seen 609664 samples
[2018-12-09 18:05:47] Starting epoch 79
[2018-12-09 18:05:47] [data] Shuffling files
[2018-12-09 18:05:47] [data] Done reading 620637 sentences
[2018-12-09 18:05:49] [data] Done shuffling 620637 sentences to temp files
[2018-12-09 18:32:16] Ep. 79 : Up. 70000 : Sen. 552,942 : Cost 1.74955237 : Time 4338.95s : 10264.49 words/s : L.r. 1.4343e-04
[2018-12-09 18:32:16] Saving model weights and runtime parameters to model/model.src0tgt0.npz.orig.npz
[2018-12-09 18:32:22] Saving model weights and runtime parameters to model/model.src0tgt0.npz
[2018-12-09 18:32:28] Saving Adam parameters to model/model.src0tgt0.npz.optimizer.npz
[2018-12-09 18:32:49] [valid] Ep. 79 : Up. 70000 : cross-entropy : 53.4999 : stalled 3 times
[2018-12-09 18:32:57] [valid] Ep. 79 : Up. 70000 : perplexity : 5.63081 : stalled 9 times
Detokenizer Version $Revision: 4134 $
Language: en
[2018-12-09 18:34:09] [valid] Ep. 79 : Up. 70000 : translation : 27.91 : stalled 9 times
[2018-12-09 18:36:57] Seen 609664 samples
[2018-12-09 18:36:57] Starting epoch 80
[2018-12-09 18:36:57] [data] Shuffling files
[2018-12-09 18:36:58] [data] Done reading 620637 sentences
[2018-12-09 18:36:59] [data] Done shuffling 620637 sentences to temp files
[2018-12-09 19:06:40] Seen 609664 samples
[2018-12-09 19:06:40] Starting epoch 81
[2018-12-09 19:06:40] [data] Shuffling files
[2018-12-09 19:06:40] [data] Done reading 620637 sentences
[2018-12-09 19:06:42] [data] Done shuffling 620637 sentences to temp files
[2018-12-09 19:36:15] Seen 609664 samples
[2018-12-09 19:36:15] Starting epoch 82
[2018-12-09 19:36:15] [data] Shuffling files
[2018-12-09 19:36:15] [data] Done reading 620637 sentences
[2018-12-09 19:36:17] [data] Done shuffling 620637 sentences to temp files
[2018-12-09 19:48:11] Ep. 82 : Up. 71000 : Sen. 226,810 : Cost 1.74760973 : Time 4554.49s : 9858.18 words/s : L.r. 1.4241e-04
[2018-12-09 20:05:53] Seen 609664 samples
[2018-12-09 20:05:53] Starting epoch 83
[2018-12-09 20:05:53] [data] Shuffling files
[2018-12-09 20:05:53] [data] Done reading 620637 sentences
[2018-12-09 20:05:55] [data] Done shuffling 620637 sentences to temp files
[2018-12-09 20:35:36] Seen 609664 samples
[2018-12-09 20:35:36] Starting epoch 84
[2018-12-09 20:35:36] [data] Shuffling files
[2018-12-09 20:35:36] [data] Done reading 620637 sentences
[2018-12-09 20:35:38] [data] Done shuffling 620637 sentences to temp files
[2018-12-09 21:01:52] Ep. 84 : Up. 72000 : Sen. 536,263 : Cost 1.74259079 : Time 4421.18s : 10134.35 words/s : L.r. 1.4142e-04
[2018-12-09 21:05:22] Seen 609664 samples
[2018-12-09 21:05:22] Starting epoch 85
[2018-12-09 21:05:22] [data] Shuffling files
[2018-12-09 21:05:22] [data] Done reading 620637 sentences
[2018-12-09 21:05:24] [data] Done shuffling 620637 sentences to temp files
[2018-12-09 21:35:23] Seen 609664 samples
[2018-12-09 21:35:23] Starting epoch 86
[2018-12-09 21:35:23] [data] Shuffling files
[2018-12-09 21:35:23] [data] Done reading 620637 sentences
[2018-12-09 21:35:25] [data] Done shuffling 620637 sentences to temp files
[2018-12-09 22:04:57] Seen 609664 samples
[2018-12-09 22:04:57] Starting epoch 87
[2018-12-09 22:04:57] [data] Shuffling files
[2018-12-09 22:04:58] [data] Done reading 620637 sentences
[2018-12-09 22:04:59] [data] Done shuffling 620637 sentences to temp files
[2018-12-09 22:16:16] Ep. 87 : Up. 73000 : Sen. 214,944 : Cost 1.73973083 : Time 4464.06s : 10034.04 words/s : L.r. 1.4045e-04
[2018-12-09 22:34:38] Seen 609664 samples
[2018-12-09 22:34:38] Starting epoch 88
[2018-12-09 22:34:38] [data] Shuffling files
[2018-12-09 22:34:38] [data] Done reading 620637 sentences
[2018-12-09 22:34:40] [data] Done shuffling 620637 sentences to temp files
[2018-12-09 23:04:02] Seen 609664 samples
[2018-12-09 23:04:02] Starting epoch 89
[2018-12-09 23:04:02] [data] Shuffling files
[2018-12-09 23:04:03] [data] Done reading 620637 sentences
[2018-12-09 23:04:04] [data] Done shuffling 620637 sentences to temp files
[2018-12-09 23:28:28] Ep. 89 : Up. 74000 : Sen. 527,089 : Cost 1.73616433 : Time 4331.97s : 10334.78 words/s : L.r. 1.3950e-04
[2018-12-09 23:32:43] Seen 609664 samples
[2018-12-09 23:32:43] Starting epoch 90
[2018-12-09 23:32:43] [data] Shuffling files
[2018-12-09 23:32:43] [data] Done reading 620637 sentences
[2018-12-09 23:32:45] [data] Done shuffling 620637 sentences to temp files
[2018-12-10 00:01:52] Seen 609664 samples
[2018-12-10 00:01:52] Starting epoch 91
[2018-12-10 00:01:52] [data] Shuffling files
[2018-12-10 00:01:53] [data] Done reading 620637 sentences
[2018-12-10 00:01:54] [data] Done shuffling 620637 sentences to temp files
[2018-12-10 00:31:14] Seen 609664 samples
[2018-12-10 00:31:14] Starting epoch 92
[2018-12-10 00:31:14] [data] Shuffling files
[2018-12-10 00:31:15] [data] Done reading 620637 sentences
[2018-12-10 00:31:17] [data] Done shuffling 620637 sentences to temp files
[2018-12-10 00:41:42] Ep. 92 : Up. 75000 : Sen. 208,395 : Cost 1.73423660 : Time 4394.29s : 10242.37 words/s : L.r. 1.3856e-04
[2018-12-10 00:41:42] Saving model weights and runtime parameters to model/model.src0tgt0.npz.orig.npz
[2018-12-10 00:41:48] Saving model weights and runtime parameters to model/model.src0tgt0.npz
[2018-12-10 00:41:54] Saving Adam parameters to model/model.src0tgt0.npz.optimizer.npz
[2018-12-10 00:42:15] [valid] Ep. 92 : Up. 75000 : cross-entropy : 54.3842 : stalled 4 times
[2018-12-10 00:42:23] [valid] Ep. 92 : Up. 75000 : perplexity : 5.79398 : stalled 10 times
Detokenizer Version $Revision: 4134 $
Language: en
[2018-12-10 00:43:34] [valid] Ep. 92 : Up. 75000 : translation : 27.78 : stalled 10 times
[2018-12-10 01:02:14] Seen 609664 samples
[2018-12-10 01:02:14] Starting epoch 93
[2018-12-10 01:02:14] [data] Shuffling files
[2018-12-10 01:02:14] [data] Done reading 620637 sentences
[2018-12-10 01:02:16] [data] Done shuffling 620637 sentences to temp files
[2018-12-10 01:31:25] Seen 609664 samples
[2018-12-10 01:31:25] Starting epoch 94
[2018-12-10 01:31:25] [data] Shuffling files
[2018-12-10 01:31:26] [data] Done reading 620637 sentences
[2018-12-10 01:31:28] [data] Done shuffling 620637 sentences to temp files
[2018-12-10 01:56:09] Ep. 94 : Up. 76000 : Sen. 504,300 : Cost 1.73099577 : Time 4467.19s : 10029.25 words/s : L.r. 1.3765e-04
[2018-12-10 02:00:56] Seen 609664 samples
[2018-12-10 02:00:56] Starting epoch 95
[2018-12-10 02:00:56] [data] Shuffling files
[2018-12-10 02:00:56] [data] Done reading 620637 sentences
[2018-12-10 02:00:58] [data] Done shuffling 620637 sentences to temp files
[2018-12-10 02:30:20] Seen 609664 samples
[2018-12-10 02:30:20] Starting epoch 96
[2018-12-10 02:30:20] [data] Shuffling files
[2018-12-10 02:30:21] [data] Done reading 620637 sentences
[2018-12-10 02:30:22] [data] Done shuffling 620637 sentences to temp files
[2018-12-10 03:00:20] Seen 609664 samples
[2018-12-10 03:00:20] Starting epoch 97
[2018-12-10 03:00:20] [data] Shuffling files
[2018-12-10 03:00:20] [data] Done reading 620637 sentences
[2018-12-10 03:00:22] [data] Done shuffling 620637 sentences to temp files
[2018-12-10 03:09:53] Ep. 97 : Up. 77000 : Sen. 203,184 : Cost 1.72451758 : Time 4424.06s : 10096.14 words/s : L.r. 1.3675e-04
[2018-12-10 03:30:29] Seen 609664 samples
[2018-12-10 03:30:29] Starting epoch 98
[2018-12-10 03:30:29] [data] Shuffling files
[2018-12-10 03:30:30] [data] Done reading 620637 sentences
[2018-12-10 03:30:31] [data] Done shuffling 620637 sentences to temp files
[2018-12-10 04:00:49] Seen 609664 samples
[2018-12-10 04:00:49] Starting epoch 99
[2018-12-10 04:00:49] [data] Shuffling files
[2018-12-10 04:00:50] [data] Done reading 620637 sentences
[2018-12-10 04:00:51] [data] Done shuffling 620637 sentences to temp files
[2018-12-10 04:25:18] Ep. 99 : Up. 78000 : Sen. 495,927 : Cost 1.72512579 : Time 4524.21s : 9917.76 words/s : L.r. 1.3587e-04
[2018-12-10 04:31:14] Seen 609664 samples
[2018-12-10 04:31:14] Starting epoch 100
[2018-12-10 04:31:14] [data] Shuffling files
[2018-12-10 04:31:14] [data] Done reading 620637 sentences
[2018-12-10 04:31:16] [data] Done shuffling 620637 sentences to temp files
[2018-12-10 05:01:43] Seen 609664 samples
[2018-12-10 05:01:43] Starting epoch 101
[2018-12-10 05:01:43] [data] Shuffling files
[2018-12-10 05:01:43] [data] Done reading 620637 sentences
[2018-12-10 05:01:45] [data] Done shuffling 620637 sentences to temp files
[2018-12-10 05:32:33] Seen 609664 samples
[2018-12-10 05:32:33] Starting epoch 102
[2018-12-10 05:32:33] [data] Shuffling files
[2018-12-10 05:32:34] [data] Done reading 620637 sentences
[2018-12-10 05:32:35] [data] Done shuffling 620637 sentences to temp files
[2018-12-10 05:41:34] Ep. 102 : Up. 79000 : Sen. 180,831 : Cost 1.72103584 : Time 4576.72s : 9775.89 words/s : L.r. 1.3501e-04
[2018-12-10 06:03:16] Seen 609664 samples
[2018-12-10 06:03:16] Starting epoch 103
[2018-12-10 06:03:16] [data] Shuffling files
[2018-12-10 06:03:17] [data] Done reading 620637 sentences
[2018-12-10 06:03:18] [data] Done shuffling 620637 sentences to temp files
[2018-12-10 06:34:10] Seen 609664 samples
[2018-12-10 06:34:10] Starting epoch 104
[2018-12-10 06:34:10] [data] Shuffling files
[2018-12-10 06:34:10] [data] Done reading 620637 sentences
[2018-12-10 06:34:12] [data] Done shuffling 620637 sentences to temp files
[2018-12-10 06:58:02] Ep. 104 : Up. 80000 : Sen. 478,731 : Cost 1.71905804 : Time 4587.29s : 9779.40 words/s : L.r. 1.3416e-04
[2018-12-10 06:58:02] Saving model weights and runtime parameters to model/model.src0tgt0.npz.orig.npz
[2018-12-10 06:58:08] Saving model weights and runtime parameters to model/model.src0tgt0.npz
[2018-12-10 06:58:14] Saving Adam parameters to model/model.src0tgt0.npz.optimizer.npz
[2018-12-10 06:58:35] [valid] Ep. 104 : Up. 80000 : cross-entropy : 55.1499 : stalled 5 times
[2018-12-10 06:58:43] [valid] Ep. 104 : Up. 80000 : perplexity : 5.93908 : stalled 11 times
Detokenizer Version $Revision: 4134 $
Language: en
[2018-12-10 06:59:57] [valid] Ep. 104 : Up. 80000 : translation : 27.69 : stalled 11 times
[2018-12-10 07:06:28] Seen 609664 samples
[2018-12-10 07:06:28] Starting epoch 105
[2018-12-10 07:06:28] [data] Shuffling files
[2018-12-10 07:06:29] [data] Done reading 620637 sentences
[2018-12-10 07:06:30] [data] Done shuffling 620637 sentences to temp files
[2018-12-10 07:37:03] Seen 609664 samples
[2018-12-10 07:37:03] Starting epoch 106
[2018-12-10 07:37:03] [data] Shuffling files
[2018-12-10 07:37:03] [data] Done reading 620637 sentences
[2018-12-10 07:37:05] [data] Done shuffling 620637 sentences to temp files
[2018-12-10 08:07:52] Seen 609664 samples
[2018-12-10 08:07:52] Starting epoch 107
[2018-12-10 08:07:52] [data] Shuffling files
[2018-12-10 08:07:52] [data] Done reading 620637 sentences
[2018-12-10 08:07:54] [data] Done shuffling 620637 sentences to temp files
[2018-12-10 08:16:18] Ep. 107 : Up. 81000 : Sen. 158,483 : Cost 1.71590853 : Time 4695.94s : 9528.79 words/s : L.r. 1.3333e-04
[2018-12-10 08:38:44] Seen 609664 samples
[2018-12-10 08:38:44] Starting epoch 108
[2018-12-10 08:38:44] [data] Shuffling files
[2018-12-10 08:38:44] [data] Done reading 620637 sentences
[2018-12-10 08:38:46] [data] Done shuffling 620637 sentences to temp files
[2018-12-10 09:09:35] Seen 609664 samples
[2018-12-10 09:09:35] Starting epoch 109
[2018-12-10 09:09:35] [data] Shuffling files
[2018-12-10 09:09:35] [data] Done reading 620637 sentences
[2018-12-10 09:09:37] [data] Done shuffling 620637 sentences to temp files
[2018-12-10 09:33:09] Ep. 109 : Up. 82000 : Sen. 455,776 : Cost 1.71478081 : Time 4611.27s : 9756.09 words/s : L.r. 1.3252e-04
[2018-12-10 09:40:26] Seen 609664 samples
[2018-12-10 09:40:26] Starting epoch 110
[2018-12-10 09:40:26] [data] Shuffling files
[2018-12-10 09:40:26] [data] Done reading 620637 sentences
[2018-12-10 09:40:28] [data] Done shuffling 620637 sentences to temp files
[2018-12-10 10:10:31] Seen 609664 samples
[2018-12-10 10:10:31] Starting epoch 111
[2018-12-10 10:10:31] [data] Shuffling files
[2018-12-10 10:10:31] [data] Done reading 620637 sentences
[2018-12-10 10:10:33] [data] Done shuffling 620637 sentences to temp files
[2018-12-10 10:38:50] Seen 609664 samples
[2018-12-10 10:38:50] Starting epoch 112
[2018-12-10 10:38:50] [data] Shuffling files
[2018-12-10 10:38:51] [data] Done reading 620637 sentences
[2018-12-10 10:38:52] [data] Done shuffling 620637 sentences to temp files
[2018-12-10 10:46:34] Ep. 112 : Up. 83000 : Sen. 139,809 : Cost 1.71084356 : Time 4405.15s : 10156.32 words/s : L.r. 1.3172e-04
[2018-12-10 11:10:20] Seen 609664 samples
[2018-12-10 11:10:20] Starting epoch 113
[2018-12-10 11:10:20] [data] Shuffling files
[2018-12-10 11:10:21] [data] Done reading 620637 sentences
[2018-12-10 11:10:22] [data] Done shuffling 620637 sentences to temp files
[2018-12-10 11:41:51] Seen 609664 samples
[2018-12-10 11:41:51] Starting epoch 114
[2018-12-10 11:41:51] [data] Shuffling files
[2018-12-10 11:41:51] [data] Done reading 620637 sentences
[2018-12-10 11:41:53] [data] Done shuffling 620637 sentences to temp files
[2018-12-10 12:04:51] Ep. 114 : Up. 84000 : Sen. 441,206 : Cost 1.70998013 : Time 4697.21s : 9557.41 words/s : L.r. 1.3093e-04
[2018-12-10 12:13:17] Seen 609664 samples
[2018-12-10 12:13:17] Starting epoch 115
[2018-12-10 12:13:17] [data] Shuffling files
[2018-12-10 12:13:17] [data] Done reading 620637 sentences
[2018-12-10 12:13:19] [data] Done shuffling 620637 sentences to temp files
[2018-12-10 12:45:12] Seen 609664 samples
[2018-12-10 12:45:12] Starting epoch 116
[2018-12-10 12:45:12] [data] Shuffling files
[2018-12-10 12:45:12] [data] Done reading 620637 sentences
[2018-12-10 12:45:14] [data] Done shuffling 620637 sentences to temp files
[2018-12-10 13:16:58] Seen 609664 samples
[2018-12-10 13:16:58] Starting epoch 117
[2018-12-10 13:16:58] [data] Shuffling files
[2018-12-10 13:16:58] [data] Done reading 620637 sentences
[2018-12-10 13:17:00] [data] Done shuffling 620637 sentences to temp files
[2018-12-10 13:23:49] Ep. 117 : Up. 85000 : Sen. 129,195 : Cost 1.70559335 : Time 4738.09s : 9425.45 words/s : L.r. 1.3016e-04
[2018-12-10 13:23:49] Saving model weights and runtime parameters to model/model.src0tgt0.npz.orig.npz
[2018-12-10 13:23:56] Saving model weights and runtime parameters to model/model.src0tgt0.npz
[2018-12-10 13:24:02] Saving Adam parameters to model/model.src0tgt0.npz.optimizer.npz
[2018-12-10 13:24:24] [valid] Ep. 117 : Up. 85000 : cross-entropy : 55.7941 : stalled 6 times
[2018-12-10 13:24:32] [valid] Ep. 117 : Up. 85000 : perplexity : 6.06396 : stalled 12 times
Detokenizer Version $Revision: 4134 $
Language: en
[2018-12-10 13:25:47] [valid] Ep. 117 : Up. 85000 : translation : 27.58 : stalled 12 times
[2018-12-10 13:50:23] Seen 609664 samples
[2018-12-10 13:50:23] Starting epoch 118
[2018-12-10 13:50:23] [data] Shuffling files
[2018-12-10 13:50:23] [data] Done reading 620637 sentences
[2018-12-10 13:50:25] [data] Done shuffling 620637 sentences to temp files
[2018-12-10 14:22:15] Seen 609664 samples
[2018-12-10 14:22:15] Starting epoch 119
[2018-12-10 14:22:15] [data] Shuffling files
[2018-12-10 14:22:15] [data] Done reading 620637 sentences
[2018-12-10 14:22:17] [data] Done shuffling 620637 sentences to temp files
[2018-12-10 14:44:56] Ep. 119 : Up. 86000 : Sen. 426,085 : Cost 1.70333147 : Time 4866.17s : 9207.01 words/s : L.r. 1.2940e-04
[2018-12-10 14:54:21] Seen 609664 samples
[2018-12-10 14:54:21] Starting epoch 120
[2018-12-10 14:54:21] [data] Shuffling files
[2018-12-10 14:54:22] [data] Done reading 620637 sentences
[2018-12-10 14:54:23] [data] Done shuffling 620637 sentences to temp files
[2018-12-10 15:26:37] Seen 609664 samples
[2018-12-10 15:26:37] Starting epoch 121
[2018-12-10 15:26:37] [data] Shuffling files
[2018-12-10 15:26:37] [data] Done reading 620637 sentences
[2018-12-10 15:26:39] [data] Done shuffling 620637 sentences to temp files
[2018-12-10 15:58:40] Seen 609664 samples
[2018-12-10 15:58:40] Starting epoch 122
[2018-12-10 15:58:40] [data] Shuffling files
[2018-12-10 15:58:40] [data] Done reading 620637 sentences
[2018-12-10 15:58:42] [data] Done shuffling 620637 sentences to temp files
[2018-12-10 16:05:11] Ep. 122 : Up. 87000 : Sen. 117,919 : Cost 1.70309985 : Time 4815.98s : 9353.78 words/s : L.r. 1.2865e-04
[2018-12-10 16:30:32] Seen 609664 samples
[2018-12-10 16:30:32] Starting epoch 123
[2018-12-10 16:30:32] [data] Shuffling files
[2018-12-10 16:30:32] [data] Done reading 620637 sentences
[2018-12-10 16:30:34] [data] Done shuffling 620637 sentences to temp files
[2018-12-10 17:02:14] Seen 609664 samples
[2018-12-10 17:02:14] Starting epoch 124
[2018-12-10 17:02:14] [data] Shuffling files
[2018-12-10 17:02:14] [data] Done reading 620637 sentences
[2018-12-10 17:02:16] [data] Done shuffling 620637 sentences to temp files
[2018-12-10 17:24:15] Ep. 124 : Up. 88000 : Sen. 408,692 : Cost 1.70164382 : Time 4743.73s : 9471.61 words/s : L.r. 1.2792e-04
[2018-12-10 17:33:55] Seen 609664 samples
[2018-12-10 17:33:55] Starting epoch 125
[2018-12-10 17:33:55] [data] Shuffling files
[2018-12-10 17:33:55] [data] Done reading 620637 sentences
[2018-12-10 17:33:57] [data] Done shuffling 620637 sentences to temp files
[2018-12-10 18:05:43] Seen 609664 samples
[2018-12-10 18:05:43] Starting epoch 126
[2018-12-10 18:05:43] [data] Shuffling files
[2018-12-10 18:05:43] [data] Done reading 620637 sentences
[2018-12-10 18:05:45] [data] Done shuffling 620637 sentences to temp files
[2018-12-10 18:37:14] Seen 609664 samples
[2018-12-10 18:37:14] Starting epoch 127
[2018-12-10 18:37:14] [data] Shuffling files
[2018-12-10 18:37:15] [data] Done reading 620637 sentences
[2018-12-10 18:37:16] [data] Done shuffling 620637 sentences to temp files
[2018-12-10 18:42:50] Ep. 127 : Up. 89000 : Sen. 100,290 : Cost 1.69709015 : Time 4714.87s : 9460.77 words/s : L.r. 1.2720e-04
[2018-12-10 19:09:17] Seen 609664 samples
[2018-12-10 19:09:17] Starting epoch 128
[2018-12-10 19:09:17] [data] Shuffling files
[2018-12-10 19:09:17] [data] Done reading 620637 sentences
[2018-12-10 19:09:19] [data] Done shuffling 620637 sentences to temp files
[2018-12-10 19:41:07] Seen 609664 samples
[2018-12-10 19:41:07] Starting epoch 129
[2018-12-10 19:41:07] [data] Shuffling files
[2018-12-10 19:41:07] [data] Done reading 620637 sentences
[2018-12-10 19:41:09] [data] Done shuffling 620637 sentences to temp files
[2018-12-10 20:02:06] Ep. 129 : Up. 90000 : Sen. 406,968 : Cost 1.69668138 : Time 4755.86s : 9498.00 words/s : L.r. 1.2649e-04
[2018-12-10 20:02:06] Saving model weights and runtime parameters to model/model.src0tgt0.npz.orig.npz
[2018-12-10 20:02:12] Saving model weights and runtime parameters to model/model.src0tgt0.npz
[2018-12-10 20:02:18] Saving Adam parameters to model/model.src0tgt0.npz.optimizer.npz
[2018-12-10 20:02:39] [valid] Ep. 129 : Up. 90000 : cross-entropy : 56.3627 : stalled 7 times
[2018-12-10 20:02:47] [valid] Ep. 129 : Up. 90000 : perplexity : 6.17638 : stalled 13 times
Detokenizer Version $Revision: 4134 $
Language: en
[2018-12-10 20:04:01] [valid] Ep. 129 : Up. 90000 : translation : 27.45 : stalled 13 times
[2018-12-10 20:13:58] Seen 609664 samples
[2018-12-10 20:13:58] Starting epoch 130
[2018-12-10 20:13:58] [data] Shuffling files
[2018-12-10 20:13:58] [data] Done reading 620637 sentences
[2018-12-10 20:14:00] [data] Done shuffling 620637 sentences to temp files
[2018-12-10 20:44:50] Seen 609664 samples
[2018-12-10 20:44:50] Starting epoch 131
[2018-12-10 20:44:50] [data] Shuffling files
[2018-12-10 20:44:50] [data] Done reading 620637 sentences
[2018-12-10 20:44:52] [data] Done shuffling 620637 sentences to temp files
[2018-12-10 21:15:31] Seen 609664 samples
[2018-12-10 21:15:31] Starting epoch 132
[2018-12-10 21:15:31] [data] Shuffling files
[2018-12-10 21:15:31] [data] Done reading 620637 sentences
[2018-12-10 21:15:33] [data] Done shuffling 620637 sentences to temp files
[2018-12-10 21:20:04] Ep. 132 : Up. 91000 : Sen. 90,497 : Cost 1.69324327 : Time 4677.92s : 9515.36 words/s : L.r. 1.2579e-04
[2018-12-10 21:46:21] Seen 609664 samples
[2018-12-10 21:46:21] Starting epoch 133
[2018-12-10 21:46:21] [data] Shuffling files
[2018-12-10 21:46:22] [data] Done reading 620637 sentences
[2018-12-10 21:46:23] [data] Done shuffling 620637 sentences to temp files
[2018-12-10 22:16:59] Seen 609664 samples
[2018-12-10 22:16:59] Starting epoch 134
[2018-12-10 22:16:59] [data] Shuffling files
[2018-12-10 22:16:59] [data] Done reading 620637 sentences
[2018-12-10 22:17:01] [data] Done shuffling 620637 sentences to temp files
[2018-12-10 22:36:21] Ep. 134 : Up. 92000 : Sen. 386,943 : Cost 1.69203293 : Time 4577.34s : 9802.79 words/s : L.r. 1.2511e-04
[2018-12-10 22:47:27] Seen 609664 samples
[2018-12-10 22:47:27] Starting epoch 135
[2018-12-10 22:47:27] [data] Shuffling files
[2018-12-10 22:47:27] [data] Done reading 620637 sentences
[2018-12-10 22:47:29] [data] Done shuffling 620637 sentences to temp files
[2018-12-10 23:17:59] Seen 609664 samples
[2018-12-10 23:17:59] Starting epoch 136
[2018-12-10 23:17:59] [data] Shuffling files
[2018-12-10 23:18:00] [data] Done reading 620637 sentences
[2018-12-10 23:18:01] [data] Done shuffling 620637 sentences to temp files
[2018-12-10 23:48:45] Seen 609664 samples
[2018-12-10 23:48:45] Starting epoch 137
[2018-12-10 23:48:45] [data] Shuffling files
[2018-12-10 23:48:45] [data] Done reading 620637 sentences
[2018-12-10 23:48:47] [data] Done shuffling 620637 sentences to temp files
[2018-12-10 23:52:35] Ep. 137 : Up. 93000 : Sen. 77,980 : Cost 1.69040537 : Time 4573.45s : 9801.04 words/s : L.r. 1.2443e-04
[2018-12-11 00:18:48] Seen 609664 samples
[2018-12-11 00:18:48] Starting epoch 138
[2018-12-11 00:18:48] [data] Shuffling files
[2018-12-11 00:18:48] [data] Done reading 620637 sentences
[2018-12-11 00:18:50] [data] Done shuffling 620637 sentences to temp files
[2018-12-11 00:48:42] Seen 609664 samples
[2018-12-11 00:48:42] Starting epoch 139
[2018-12-11 00:48:42] [data] Shuffling files
[2018-12-11 00:48:43] [data] Done reading 620637 sentences
[2018-12-11 00:48:44] [data] Done shuffling 620637 sentences to temp files
[2018-12-11 01:06:54] Ep. 139 : Up. 94000 : Sen. 376,712 : Cost 1.68721151 : Time 4459.18s : 10021.47 words/s : L.r. 1.2377e-04
[2018-12-11 01:18:45] Seen 609664 samples
[2018-12-11 01:18:45] Starting epoch 140
[2018-12-11 01:18:45] [data] Shuffling files
[2018-12-11 01:18:46] [data] Done reading 620637 sentences
[2018-12-11 01:18:47] [data] Done shuffling 620637 sentences to temp files
[2018-12-11 01:48:45] Seen 609664 samples
[2018-12-11 01:48:45] Starting epoch 141
[2018-12-11 01:48:45] [data] Shuffling files
[2018-12-11 01:48:45] [data] Done reading 620637 sentences
[2018-12-11 01:48:47] [data] Done shuffling 620637 sentences to temp files
[2018-12-11 02:18:44] Seen 609664 samples
[2018-12-11 02:18:44] Starting epoch 142
[2018-12-11 02:18:44] [data] Shuffling files
[2018-12-11 02:18:44] [data] Done reading 620637 sentences
[2018-12-11 02:18:46] [data] Done shuffling 620637 sentences to temp files
[2018-12-11 02:21:45] Ep. 142 : Up. 95000 : Sen. 61,903 : Cost 1.68787587 : Time 4491.30s : 9987.49 words/s : L.r. 1.2312e-04
[2018-12-11 02:21:45] Saving model weights and runtime parameters to model/model.src0tgt0.npz.orig.npz
[2018-12-11 02:21:51] Saving model weights and runtime parameters to model/model.src0tgt0.npz
[2018-12-11 02:21:57] Saving Adam parameters to model/model.src0tgt0.npz.optimizer.npz
[2018-12-11 02:22:18] [valid] Ep. 142 : Up. 95000 : cross-entropy : 56.8886 : stalled 8 times
[2018-12-11 02:22:26] [valid] Ep. 142 : Up. 95000 : perplexity : 6.2822 : stalled 14 times
Detokenizer Version $Revision: 4134 $
Language: en
[2018-12-11 02:23:40] [valid] Ep. 142 : Up. 95000 : translation : 27.43 : stalled 14 times
[2018-12-11 02:50:33] Seen 609664 samples
[2018-12-11 02:50:33] Starting epoch 143
[2018-12-11 02:50:33] [data] Shuffling files
[2018-12-11 02:50:33] [data] Done reading 620637 sentences
[2018-12-11 02:50:35] [data] Done shuffling 620637 sentences to temp files
[2018-12-11 03:20:06] Seen 609664 samples
[2018-12-11 03:20:06] Starting epoch 144
[2018-12-11 03:20:06] [data] Shuffling files
[2018-12-11 03:20:06] [data] Done reading 620637 sentences
[2018-12-11 03:20:08] [data] Done shuffling 620637 sentences to temp files
[2018-12-11 03:37:27] Ep. 144 : Up. 96000 : Sen. 351,989 : Cost 1.68449199 : Time 4542.21s : 9852.89 words/s : L.r. 1.2247e-04
[2018-12-11 03:50:00] Seen 609664 samples
[2018-12-11 03:50:00] Starting epoch 145
[2018-12-11 03:50:00] [data] Shuffling files
[2018-12-11 03:50:01] [data] Done reading 620637 sentences
[2018-12-11 03:50:02] [data] Done shuffling 620637 sentences to temp files
[2018-12-11 04:19:56] Seen 609664 samples
[2018-12-11 04:19:56] Starting epoch 146
[2018-12-11 04:19:56] [data] Shuffling files
[2018-12-11 04:19:56] [data] Done reading 620637 sentences
[2018-12-11 04:19:58] [data] Done shuffling 620637 sentences to temp files
[2018-12-11 04:49:51] Seen 609664 samples
[2018-12-11 04:49:51] Starting epoch 147
[2018-12-11 04:49:51] [data] Shuffling files
[2018-12-11 04:49:51] [data] Done reading 620637 sentences
[2018-12-11 04:49:53] [data] Done shuffling 620637 sentences to temp files
[2018-12-11 04:52:23] Ep. 147 : Up. 97000 : Sen. 34,277 : Cost 1.68488967 : Time 4496.08s : 9999.39 words/s : L.r. 1.2184e-04
[2018-12-11 05:19:46] Seen 609664 samples
[2018-12-11 05:19:46] Starting epoch 148
[2018-12-11 05:19:46] [data] Shuffling files
[2018-12-11 05:19:46] [data] Done reading 620637 sentences
[2018-12-11 05:19:48] [data] Done shuffling 620637 sentences to temp files
[2018-12-11 05:49:37] Seen 609664 samples
[2018-12-11 05:49:37] Starting epoch 149
[2018-12-11 05:49:37] [data] Shuffling files
[2018-12-11 05:49:38] [data] Done reading 620637 sentences
[2018-12-11 05:49:40] [data] Done shuffling 620637 sentences to temp files
[2018-12-11 06:06:43] Ep. 149 : Up. 98000 : Sen. 334,656 : Cost 1.68177962 : Time 4459.40s : 10088.80 words/s : L.r. 1.2122e-04
[2018-12-11 06:19:19] Seen 609664 samples
[2018-12-11 06:19:20] Starting epoch 150
[2018-12-11 06:19:20] [data] Shuffling files
[2018-12-11 06:19:20] [data] Done reading 620637 sentences
[2018-12-11 06:19:21] [data] Done shuffling 620637 sentences to temp files
[2018-12-11 06:49:12] Seen 609664 samples
[2018-12-11 06:49:12] Starting epoch 151
[2018-12-11 06:49:12] [data] Shuffling files
[2018-12-11 06:49:12] [data] Done reading 620637 sentences
[2018-12-11 06:49:14] [data] Done shuffling 620637 sentences to temp files
[2018-12-11 07:18:44] Seen 609664 samples
[2018-12-11 07:18:44] Starting epoch 152
[2018-12-11 07:18:44] [data] Shuffling files
[2018-12-11 07:18:45] [data] Done reading 620637 sentences
[2018-12-11 07:18:46] [data] Done shuffling 620637 sentences to temp files
[2018-12-11 07:20:19] Ep. 152 : Up. 99000 : Sen. 27,807 : Cost 1.67940545 : Time 4415.99s : 10084.68 words/s : L.r. 1.2060e-04
[2018-12-11 07:47:22] Seen 609664 samples
[2018-12-11 07:47:22] Starting epoch 153
[2018-12-11 07:47:22] [data] Shuffling files
[2018-12-11 07:47:23] [data] Done reading 620637 sentences
[2018-12-11 07:47:24] [data] Done shuffling 620637 sentences to temp files
[2018-12-11 08:15:13] Seen 609664 samples
[2018-12-11 08:15:13] Starting epoch 154
[2018-12-11 08:15:13] [data] Shuffling files
[2018-12-11 08:15:13] [data] Done reading 620637 sentences
[2018-12-11 08:15:15] [data] Done shuffling 620637 sentences to temp files
[2018-12-11 08:30:03] Ep. 154 : Up. 100000 : Sen. 342,037 : Cost 1.67802536 : Time 4183.80s : 10729.10 words/s : L.r. 1.2000e-04
[2018-12-11 08:30:03] Saving model weights and runtime parameters to model/model.src0tgt0.npz.orig.npz
[2018-12-11 08:30:09] Saving model weights and runtime parameters to model/model.src0tgt0.npz
[2018-12-11 08:30:15] Saving Adam parameters to model/model.src0tgt0.npz.optimizer.npz
[2018-12-11 08:30:35] [valid] Ep. 154 : Up. 100000 : cross-entropy : 57.3819 : stalled 9 times
[2018-12-11 08:30:42] [valid] Ep. 154 : Up. 100000 : perplexity : 6.38312 : stalled 15 times
Detokenizer Version $Revision: 4134 $
Language: en
[2018-12-11 08:31:57] [valid] Ep. 154 : Up. 100000 : translation : 27.37 : stalled 15 times
[2018-12-11 08:44:51] Seen 609664 samples
[2018-12-11 08:44:51] Starting epoch 155
[2018-12-11 08:44:51] [data] Shuffling files
[2018-12-11 08:44:51] [data] Done reading 620637 sentences
[2018-12-11 08:44:53] [data] Done shuffling 620637 sentences to temp files
[2018-12-11 09:13:10] Seen 609664 samples
[2018-12-11 09:13:10] Starting epoch 156
[2018-12-11 09:13:10] [data] Shuffling files
[2018-12-11 09:13:11] [data] Done reading 620637 sentences
[2018-12-11 09:13:12] [data] Done shuffling 620637 sentences to temp files
[2018-12-11 09:41:49] Seen 609664 samples
[2018-12-11 09:41:49] Starting epoch 157
[2018-12-11 09:41:49] [data] Shuffling files
[2018-12-11 09:41:50] [data] Done reading 620637 sentences
[2018-12-11 09:41:51] [data] Done shuffling 620637 sentences to temp files
[2018-12-11 09:42:45] Ep. 157 : Up. 101000 : Sen. 12,248 : Cost 1.67897666 : Time 4362.77s : 10269.54 words/s : L.r. 1.1940e-04
[2018-12-11 10:10:36] Seen 609664 samples
[2018-12-11 10:10:36] Starting epoch 158
[2018-12-11 10:10:36] [data] Shuffling files
[2018-12-11 10:10:36] [data] Done reading 620637 sentences
[2018-12-11 10:10:38] [data] Done shuffling 620637 sentences to temp files
[2018-12-11 10:39:40] Seen 609664 samples
[2018-12-11 10:39:40] Starting epoch 159
[2018-12-11 10:39:40] [data] Shuffling files
[2018-12-11 10:39:40] [data] Done reading 620637 sentences
[2018-12-11 10:39:42] [data] Done shuffling 620637 sentences to temp files
[2018-12-11 10:54:32] Ep. 159 : Up. 102000 : Sen. 307,759 : Cost 1.67563200 : Time 4306.85s : 10405.65 words/s : L.r. 1.1882e-04
[2018-12-11 11:08:42] Seen 609664 samples
[2018-12-11 11:08:42] Starting epoch 160
[2018-12-11 11:08:42] [data] Shuffling files
[2018-12-11 11:08:42] [data] Done reading 620637 sentences
[2018-12-11 11:08:43] [data] Done shuffling 620637 sentences to temp files
[2018-12-11 11:37:46] Seen 609664 samples
[2018-12-11 11:37:46] Starting epoch 161
[2018-12-11 11:37:46] [data] Shuffling files
[2018-12-11 11:37:46] [data] Done reading 620637 sentences
[2018-12-11 11:37:48] [data] Done shuffling 620637 sentences to temp files
[2018-12-11 12:06:39] Ep. 161 : Up. 103000 : Sen. 607,008 : Cost 1.67465961 : Time 4326.62s : 10351.24 words/s : L.r. 1.1824e-04
[2018-12-11 12:06:50] Seen 609664 samples
[2018-12-11 12:06:50] Starting epoch 162
[2018-12-11 12:06:50] [data] Shuffling files
[2018-12-11 12:06:50] [data] Done reading 620637 sentences
[2018-12-11 12:06:52] [data] Done shuffling 620637 sentences to temp files
[2018-12-11 12:35:26] Seen 609664 samples
[2018-12-11 12:35:26] Starting epoch 163
[2018-12-11 12:35:26] [data] Shuffling files
[2018-12-11 12:35:26] [data] Done reading 620637 sentences
[2018-12-11 12:35:28] [data] Done shuffling 620637 sentences to temp files
[2018-12-11 13:04:45] Seen 609664 samples
[2018-12-11 13:04:45] Starting epoch 164
[2018-12-11 13:04:45] [data] Shuffling files
[2018-12-11 13:04:45] [data] Done reading 620637 sentences
[2018-12-11 13:04:47] [data] Done shuffling 620637 sentences to temp files
[2018-12-11 13:19:02] Ep. 164 : Up. 104000 : Sen. 293,278 : Cost 1.67272711 : Time 4343.26s : 10331.13 words/s : L.r. 1.1767e-04
[2018-12-11 13:33:55] Seen 609664 samples
[2018-12-11 13:33:55] Starting epoch 165
[2018-12-11 13:33:55] [data] Shuffling files
[2018-12-11 13:33:55] [data] Done reading 620637 sentences
[2018-12-11 13:33:57] [data] Done shuffling 620637 sentences to temp files
[2018-12-11 14:03:20] Seen 609664 samples
[2018-12-11 14:03:20] Starting epoch 166
[2018-12-11 14:03:20] [data] Shuffling files
[2018-12-11 14:03:20] [data] Done reading 620637 sentences
[2018-12-11 14:03:22] [data] Done shuffling 620637 sentences to temp files
[2018-12-11 14:31:46] Ep. 166 : Up. 105000 : Sen. 590,064 : Cost 1.67222416 : Time 4364.36s : 10273.31 words/s : L.r. 1.1711e-04
[2018-12-11 14:31:46] Saving model weights and runtime parameters to model/model.src0tgt0.npz.orig.npz
[2018-12-11 14:31:52] Saving model weights and runtime parameters to model/model.src0tgt0.npz
[2018-12-11 14:31:58] Saving Adam parameters to model/model.src0tgt0.npz.optimizer.npz
[2018-12-11 14:32:19] [valid] Ep. 166 : Up. 105000 : cross-entropy : 57.8124 : stalled 10 times
[2018-12-11 14:32:27] [valid] Ep. 166 : Up. 105000 : perplexity : 6.4725 : stalled 16 times
Detokenizer Version $Revision: 4134 $
Language: en
[2018-12-11 14:33:41] [valid] Ep. 166 : Up. 105000 : translation : 27.24 : stalled 16 times
[2018-12-11 14:33:42] Training finished
[2018-12-11 14:33:44] Saving model weights and runtime parameters to model/model.src0tgt0.npz.orig.npz
[2018-12-11 14:33:50] Saving model weights and runtime parameters to model/model.src0tgt0.npz
[2018-12-11 14:33:56] Saving Adam parameters to model/model.src0tgt0.npz.optimizer.npz
