[2018-11-17 13:50:57] [config] after-batches: 0
[2018-11-17 13:50:57] [config] after-epochs: 0
[2018-11-17 13:50:57] [config] allow-unk: false
[2018-11-17 13:50:57] [config] beam-size: 6
[2018-11-17 13:50:57] [config] best-deep: false
[2018-11-17 13:50:57] [config] clip-gemm: 0
[2018-11-17 13:50:57] [config] clip-norm: 5
[2018-11-17 13:50:57] [config] cost-type: ce-mean-words
[2018-11-17 13:50:57] [config] cpu-threads: 0
[2018-11-17 13:50:57] [config] data-weighting-type: sentence
[2018-11-17 13:50:57] [config] dec-cell: gru
[2018-11-17 13:50:57] [config] dec-cell-base-depth: 8
[2018-11-17 13:50:57] [config] dec-cell-high-depth: 1
[2018-11-17 13:50:57] [config] dec-depth: 1
[2018-11-17 13:50:57] [config] devices:
[2018-11-17 13:50:57] [config]   - 2
[2018-11-17 13:50:57] [config] dim-emb: 512
[2018-11-17 13:50:57] [config] dim-rnn: 1024
[2018-11-17 13:50:57] [config] dim-vocabs:
[2018-11-17 13:50:57] [config]   - 0
[2018-11-17 13:50:57] [config]   - 0
[2018-11-17 13:50:57] [config] disp-freq: 500
[2018-11-17 13:50:57] [config] disp-label-counts: false
[2018-11-17 13:50:57] [config] dropout-rnn: 0.1
[2018-11-17 13:50:57] [config] dropout-src: 0
[2018-11-17 13:50:57] [config] dropout-trg: 0
[2018-11-17 13:50:57] [config] dump-config: false
[2018-11-17 13:50:57] [config] early-stopping: 5
[2018-11-17 13:50:57] [config] embedding-fix-src: false
[2018-11-17 13:50:57] [config] embedding-fix-trg: false
[2018-11-17 13:50:57] [config] embedding-normalization: false
[2018-11-17 13:50:57] [config] enc-cell: gru
[2018-11-17 13:50:57] [config] enc-cell-depth: 4
[2018-11-17 13:50:57] [config] enc-depth: 1
[2018-11-17 13:50:57] [config] enc-type: bidirectional
[2018-11-17 13:50:57] [config] exponential-smoothing: 0.0001
[2018-11-17 13:50:57] [config] grad-dropping-momentum: 0
[2018-11-17 13:50:57] [config] grad-dropping-rate: 0
[2018-11-17 13:50:57] [config] grad-dropping-warmup: 100
[2018-11-17 13:50:57] [config] guided-alignment-cost: ce
[2018-11-17 13:50:57] [config] guided-alignment-weight: 1
[2018-11-17 13:50:57] [config] ignore-model-config: false
[2018-11-17 13:50:57] [config] interpolate-env-vars: false
[2018-11-17 13:50:57] [config] keep-best: true
[2018-11-17 13:50:57] [config] label-smoothing: 0.1
[2018-11-17 13:50:57] [config] layer-normalization: true
[2018-11-17 13:50:57] [config] learn-rate: 0.0003
[2018-11-17 13:50:57] [config] log: model/train.2.log
[2018-11-17 13:50:57] [config] log-level: info
[2018-11-17 13:50:57] [config] lr-decay: 0
[2018-11-17 13:50:57] [config] lr-decay-freq: 50000
[2018-11-17 13:50:57] [config] lr-decay-inv-sqrt: 16000
[2018-11-17 13:50:57] [config] lr-decay-repeat-warmup: false
[2018-11-17 13:50:57] [config] lr-decay-reset-optimizer: false
[2018-11-17 13:50:57] [config] lr-decay-start:
[2018-11-17 13:50:57] [config]   - 10
[2018-11-17 13:50:57] [config]   - 1
[2018-11-17 13:50:57] [config] lr-decay-strategy: epoch+stalled
[2018-11-17 13:50:57] [config] lr-report: true
[2018-11-17 13:50:57] [config] lr-warmup: 0
[2018-11-17 13:50:57] [config] lr-warmup-at-reload: false
[2018-11-17 13:50:57] [config] lr-warmup-cycle: false
[2018-11-17 13:50:57] [config] lr-warmup-start-rate: 0
[2018-11-17 13:50:57] [config] max-length: 100
[2018-11-17 13:50:57] [config] max-length-crop: false
[2018-11-17 13:50:57] [config] max-length-factor: 3
[2018-11-17 13:50:57] [config] maxi-batch: 1000
[2018-11-17 13:50:57] [config] maxi-batch-sort: trg
[2018-11-17 13:50:57] [config] mini-batch: 1000
[2018-11-17 13:50:57] [config] mini-batch-fit: true
[2018-11-17 13:50:57] [config] mini-batch-fit-step: 10
[2018-11-17 13:50:57] [config] mini-batch-words: 0
[2018-11-17 13:50:57] [config] model: model/model.src0tgt0.3.npz
[2018-11-17 13:50:57] [config] multi-node: false
[2018-11-17 13:50:57] [config] multi-node-overlap: true
[2018-11-17 13:50:57] [config] n-best: false
[2018-11-17 13:50:57] [config] no-nccl: false
[2018-11-17 13:50:57] [config] no-reload: false
[2018-11-17 13:50:57] [config] no-restore-corpus: false
[2018-11-17 13:50:57] [config] no-shuffle: false
[2018-11-17 13:50:57] [config] normalize: 1
[2018-11-17 13:50:57] [config] optimizer: adam
[2018-11-17 13:50:57] [config] optimizer-delay: 1
[2018-11-17 13:50:57] [config] optimizer-params:
[2018-11-17 13:50:57] [config]   - 0.9
[2018-11-17 13:50:57] [config]   - 0.98
[2018-11-17 13:50:57] [config]   - 1e-09
[2018-11-17 13:50:57] [config] overwrite: true
[2018-11-17 13:50:57] [config] quiet: false
[2018-11-17 13:50:57] [config] quiet-translation: true
[2018-11-17 13:50:57] [config] relative-paths: false
[2018-11-17 13:50:57] [config] right-left: false
[2018-11-17 13:50:57] [config] save-freq: 5000
[2018-11-17 13:50:57] [config] seed: 1234
[2018-11-17 13:50:57] [config] skip: false
[2018-11-17 13:50:57] [config] sqlite: ""
[2018-11-17 13:50:57] [config] sqlite-drop: false
[2018-11-17 13:50:57] [config] sync-sgd: true
[2018-11-17 13:50:57] [config] tempdir: /tmp
[2018-11-17 13:50:57] [config] tied-embeddings: false
[2018-11-17 13:50:57] [config] tied-embeddings-all: true
[2018-11-17 13:50:57] [config] tied-embeddings-src: false
[2018-11-17 13:50:57] [config] train-sets:
[2018-11-17 13:50:57] [config]   - corp/europarl.cs-en.docs.train.en.bpe
[2018-11-17 13:50:57] [config]   - corp/europarl.cs-en.docs.train.cz.bpe
[2018-11-17 13:50:57] [config] transformer-aan-activation: swish
[2018-11-17 13:50:57] [config] transformer-aan-depth: 2
[2018-11-17 13:50:57] [config] transformer-aan-nogate: false
[2018-11-17 13:50:57] [config] transformer-decoder-autoreg: self-attention
[2018-11-17 13:50:57] [config] transformer-dim-aan: 2048
[2018-11-17 13:50:57] [config] transformer-dim-ffn: 2048
[2018-11-17 13:50:57] [config] transformer-dropout: 0
[2018-11-17 13:50:57] [config] transformer-dropout-attention: 0
[2018-11-17 13:50:57] [config] transformer-dropout-ffn: 0
[2018-11-17 13:50:57] [config] transformer-ffn-activation: swish
[2018-11-17 13:50:57] [config] transformer-ffn-depth: 2
[2018-11-17 13:50:57] [config] transformer-guided-alignment-layer: last
[2018-11-17 13:50:57] [config] transformer-heads: 8
[2018-11-17 13:50:57] [config] transformer-no-projection: false
[2018-11-17 13:50:57] [config] transformer-postprocess: dan
[2018-11-17 13:50:57] [config] transformer-postprocess-emb: d
[2018-11-17 13:50:57] [config] transformer-preprocess: ""
[2018-11-17 13:50:57] [config] transformer-tied-layers:
[2018-11-17 13:50:57] [config]   []
[2018-11-17 13:50:57] [config] type: s2s
[2018-11-17 13:50:57] [config] valid-freq: 5000
[2018-11-17 13:50:57] [config] valid-log: model/valid.log
[2018-11-17 13:50:57] [config] valid-max-length: 1000
[2018-11-17 13:50:57] [config] valid-metrics:
[2018-11-17 13:50:57] [config]   - ce-mean-words
[2018-11-17 13:50:57] [config]   - perplexity
[2018-11-17 13:50:57] [config]   - translation
[2018-11-17 13:50:57] [config] valid-mini-batch: 64
[2018-11-17 13:50:57] [config] valid-script-path: ./val.sh
[2018-11-17 13:50:57] [config] valid-sets:
[2018-11-17 13:50:57] [config]   - corp/europarl.cs-en.docs.dev.en.bpe
[2018-11-17 13:50:57] [config]   - corp/europarl.cs-en.docs.dev.cz.bpe
[2018-11-17 13:50:57] [config] valid-translation-output: data/valid.bpe.en.output
[2018-11-17 13:50:57] [config] vocabs:
[2018-11-17 13:50:57] [config]   - corp/vocab.encs.europarl.yml
[2018-11-17 13:50:57] [config]   - corp/vocab.encs.europarl.yml
[2018-11-17 13:50:57] [config] word-penalty: 0
[2018-11-17 13:50:57] [config] workspace: 8500
[2018-11-17 13:50:57] [config] Model is being created with Marian v1.6.0+59e69a8
[2018-11-17 13:50:57] [data] Loading vocabulary from JSON/Yaml file corp/vocab.encs.europarl.yml
[2018-11-17 13:50:58] [data] Setting vocabulary size for input 0 to 32000
[2018-11-17 13:50:58] [data] Loading vocabulary from JSON/Yaml file corp/vocab.encs.europarl.yml
[2018-11-17 13:50:58] [data] Setting vocabulary size for input 1 to 32000
[2018-11-17 13:50:58] [batching] Collecting statistics for batch fitting with step size 10
[2018-11-17 13:50:58] [memory] Extending reserved space to 8576 MB (device gpu2)
[2018-11-17 13:50:58] [memory] Reserving 336 MB, device gpu2
[2018-11-17 13:50:59] [memory] Reserving 336 MB, device gpu2
[2018-11-17 13:51:29] [batching] Done
[2018-11-17 13:51:29] [memory] Extending reserved space to 8576 MB (device gpu2)
[2018-11-17 13:51:30] Training started
[2018-11-17 13:51:30] [data] Shuffling files
[2018-11-17 13:51:31] [data] Done
[2018-11-17 13:51:52] [memory] Reserving 336 MB, device gpu2
[2018-11-17 13:51:53] [memory] Reserving 336 MB, device gpu2
[2018-11-17 13:51:54] [memory] Reserving 672 MB, device gpu2
[2018-11-17 13:51:54] [memory] Reserving 336 MB, device gpu2
[2018-11-17 13:59:03] Ep. 1 : Up. 500 : Sen. 91178 : Cost 6.86 : Time 453.43s : 6013.91 words/s : L.r. 3.0000e-04
[2018-11-17 14:06:16] Ep. 1 : Up. 1000 : Sen. 184783 : Cost 5.15 : Time 433.29s : 6379.13 words/s : L.r. 3.0000e-04
[2018-11-17 14:13:26] Ep. 1 : Up. 1500 : Sen. 277115 : Cost 4.29 : Time 430.40s : 6365.51 words/s : L.r. 3.0000e-04
[2018-11-17 14:20:48] Ep. 1 : Up. 2000 : Sen. 364794 : Cost 3.82 : Time 441.78s : 6256.51 words/s : L.r. 3.0000e-04
[2018-11-17 14:28:05] Ep. 1 : Up. 2500 : Sen. 454667 : Cost 3.51 : Time 437.01s : 6314.94 words/s : L.r. 3.0000e-04
[2018-11-17 14:35:17] Ep. 1 : Up. 3000 : Sen. 546038 : Cost 3.28 : Time 431.58s : 6342.92 words/s : L.r. 3.0000e-04
[2018-11-17 14:41:03] Seen 617625 samples
[2018-11-17 14:41:03] Starting epoch 2
[2018-11-17 14:41:03] [data] Shuffling files
[2018-11-17 14:41:05] [data] Done
[2018-11-17 14:42:57] Ep. 2 : Up. 3500 : Sen. 16149 : Cost 3.17 : Time 459.74s : 5979.55 words/s : L.r. 3.0000e-04
[2018-11-17 14:50:14] Ep. 2 : Up. 4000 : Sen. 107194 : Cost 3.02 : Time 437.89s : 6371.83 words/s : L.r. 3.0000e-04
[2018-11-17 14:57:23] Ep. 2 : Up. 4500 : Sen. 196992 : Cost 2.98 : Time 429.03s : 6302.35 words/s : L.r. 3.0000e-04
[2018-11-17 15:04:43] Ep. 2 : Up. 5000 : Sen. 285340 : Cost 2.92 : Time 439.80s : 6230.26 words/s : L.r. 3.0000e-04
[2018-11-17 15:04:56] Saving model weights and runtime parameters to model/model.src0tgt0.3.npz.best-ce-mean-words.npz
[2018-11-17 15:04:59] [valid] Ep. 2 : Up. 5000 : ce-mean-words : 2.06904 : new best
[2018-11-17 15:05:11] Saving model weights and runtime parameters to model/model.src0tgt0.3.npz.best-perplexity.npz
[2018-11-17 15:05:12] [valid] Ep. 2 : Up. 5000 : perplexity : 7.91719 : new best
Detokenizer Version $Revision: 4134 $
Language: en
[2018-11-17 15:07:23] Saving model weights and runtime parameters to model/model.src0tgt0.3.npz.best-translation.npz
[2018-11-17 15:07:24] [valid] Ep. 2 : Up. 5000 : translation : 23.99 : new best
[2018-11-17 15:07:24] Saving model weights and runtime parameters to model/model.src0tgt0.3.npz.orig.npz
[2018-11-17 15:07:25] Saving model weights and runtime parameters to model/model.src0tgt0.3.npz
[2018-11-17 15:07:26] Saving Adam parameters to model/model.src0tgt0.3.npz.optimizer.npz
[2018-11-17 15:14:53] Ep. 2 : Up. 5500 : Sen. 378532 : Cost 2.84 : Time 610.19s : 4515.42 words/s : L.r. 3.0000e-04
[2018-11-17 15:22:11] Ep. 2 : Up. 6000 : Sen. 471282 : Cost 2.82 : Time 437.89s : 6286.99 words/s : L.r. 3.0000e-04
[2018-11-17 15:29:29] Ep. 2 : Up. 6500 : Sen. 562853 : Cost 2.80 : Time 436.81s : 6262.91 words/s : L.r. 3.0000e-04
[2018-11-17 15:33:53] Seen 617625 samples
[2018-11-17 15:33:53] Starting epoch 3
[2018-11-17 15:33:53] [data] Shuffling files
[2018-11-17 15:33:55] [data] Done
[2018-11-17 15:37:06] Ep. 3 : Up. 7000 : Sen. 38592 : Cost 2.72 : Time 457.34s : 5974.66 words/s : L.r. 3.0000e-04
[2018-11-17 15:44:25] Ep. 3 : Up. 7500 : Sen. 128011 : Cost 2.69 : Time 438.61s : 6252.74 words/s : L.r. 3.0000e-04
[2018-11-17 15:51:37] Ep. 3 : Up. 8000 : Sen. 222567 : Cost 2.66 : Time 432.31s : 6375.57 words/s : L.r. 3.0000e-04
[2018-11-17 15:59:00] Ep. 3 : Up. 8500 : Sen. 312979 : Cost 2.63 : Time 443.09s : 6210.14 words/s : L.r. 3.0000e-04
[2018-11-17 16:06:23] Ep. 3 : Up. 9000 : Sen. 401817 : Cost 2.65 : Time 443.49s : 6281.78 words/s : L.r. 3.0000e-04
[2018-11-17 16:13:45] Ep. 3 : Up. 9500 : Sen. 492747 : Cost 2.62 : Time 441.60s : 6233.86 words/s : L.r. 3.0000e-04
[2018-11-17 16:21:04] Ep. 3 : Up. 10000 : Sen. 583056 : Cost 2.62 : Time 438.63s : 6268.88 words/s : L.r. 3.0000e-04
[2018-11-17 16:21:16] Saving model weights and runtime parameters to model/model.src0tgt0.3.npz.best-ce-mean-words.npz
[2018-11-17 16:21:18] [valid] Ep. 3 : Up. 10000 : ce-mean-words : 1.73648 : new best
[2018-11-17 16:21:31] Saving model weights and runtime parameters to model/model.src0tgt0.3.npz.best-perplexity.npz
[2018-11-17 16:21:33] [valid] Ep. 3 : Up. 10000 : perplexity : 5.67733 : new best
Detokenizer Version $Revision: 4134 $
Language: en
[2018-11-17 16:23:27] Saving model weights and runtime parameters to model/model.src0tgt0.3.npz.best-translation.npz
[2018-11-17 16:23:29] [valid] Ep. 3 : Up. 10000 : translation : 27.04 : new best
[2018-11-17 16:23:29] Saving model weights and runtime parameters to model/model.src0tgt0.3.npz.orig.npz
[2018-11-17 16:23:31] Saving model weights and runtime parameters to model/model.src0tgt0.3.npz
[2018-11-17 16:23:33] Saving Adam parameters to model/model.src0tgt0.3.npz.optimizer.npz
[2018-11-17 16:26:33] Seen 617625 samples
[2018-11-17 16:26:33] Starting epoch 4
[2018-11-17 16:26:33] [data] Shuffling files
[2018-11-17 16:26:35] [data] Done
[2018-11-17 16:31:11] Ep. 4 : Up. 10500 : Sen. 57184 : Cost 2.56 : Time 607.59s : 4423.07 words/s : L.r. 3.0000e-04
[2018-11-17 16:38:31] Ep. 4 : Up. 11000 : Sen. 145819 : Cost 2.55 : Time 439.45s : 6284.14 words/s : L.r. 3.0000e-04
[2018-11-17 16:45:46] Ep. 4 : Up. 11500 : Sen. 236089 : Cost 2.53 : Time 435.66s : 6341.73 words/s : L.r. 3.0000e-04
[2018-11-17 16:53:07] Ep. 4 : Up. 12000 : Sen. 328505 : Cost 2.52 : Time 440.76s : 6283.63 words/s : L.r. 3.0000e-04
[2018-11-17 17:00:25] Ep. 4 : Up. 12500 : Sen. 418984 : Cost 2.52 : Time 438.11s : 6231.13 words/s : L.r. 3.0000e-04
[2018-11-17 17:07:52] Ep. 4 : Up. 13000 : Sen. 508345 : Cost 2.53 : Time 446.99s : 6225.43 words/s : L.r. 3.0000e-04
[2018-11-17 17:15:07] Ep. 4 : Up. 13500 : Sen. 599882 : Cost 2.51 : Time 434.68s : 6241.30 words/s : L.r. 3.0000e-04
[2018-11-17 17:16:36] Seen 617625 samples
[2018-11-17 17:16:36] Starting epoch 5
[2018-11-17 17:16:36] [data] Shuffling files
[2018-11-17 17:16:38] [data] Done
[2018-11-17 17:22:50] Ep. 5 : Up. 14000 : Sen. 73734 : Cost 2.44 : Time 463.09s : 5938.06 words/s : L.r. 3.0000e-04
[2018-11-17 17:30:00] Ep. 5 : Up. 14500 : Sen. 170320 : Cost 2.42 : Time 429.55s : 6315.27 words/s : L.r. 3.0000e-04
[2018-11-17 17:37:21] Ep. 5 : Up. 15000 : Sen. 259046 : Cost 2.46 : Time 440.97s : 6220.37 words/s : L.r. 3.0000e-04
[2018-11-17 17:37:33] Saving model weights and runtime parameters to model/model.src0tgt0.3.npz.best-ce-mean-words.npz
[2018-11-17 17:37:35] [valid] Ep. 5 : Up. 15000 : ce-mean-words : 1.62443 : new best
[2018-11-17 17:37:48] Saving model weights and runtime parameters to model/model.src0tgt0.3.npz.best-perplexity.npz
[2018-11-17 17:37:50] [valid] Ep. 5 : Up. 15000 : perplexity : 5.07554 : new best
Detokenizer Version $Revision: 4134 $
Language: en
[2018-11-17 17:39:41] Saving model weights and runtime parameters to model/model.src0tgt0.3.npz.best-translation.npz
[2018-11-17 17:39:43] [valid] Ep. 5 : Up. 15000 : translation : 28.1 : new best
[2018-11-17 17:39:43] Saving model weights and runtime parameters to model/model.src0tgt0.3.npz.orig.npz
[2018-11-17 17:39:45] Saving model weights and runtime parameters to model/model.src0tgt0.3.npz
[2018-11-17 17:39:47] Saving Adam parameters to model/model.src0tgt0.3.npz.optimizer.npz
[2018-11-17 17:47:18] Ep. 5 : Up. 15500 : Sen. 346911 : Cost 2.47 : Time 597.08s : 4681.17 words/s : L.r. 3.0000e-04
[2018-11-17 17:54:41] Ep. 5 : Up. 16000 : Sen. 435575 : Cost 2.45 : Time 443.00s : 6205.13 words/s : L.r. 3.0000e-04
[2018-11-17 18:01:58] Ep. 5 : Up. 16500 : Sen. 524411 : Cost 2.45 : Time 437.48s : 6223.32 words/s : L.r. 2.9542e-04
[2018-11-17 18:09:10] Ep. 5 : Up. 17000 : Sen. 617625 : Cost 2.45 : Time 432.36s : 6376.03 words/s : L.r. 2.9104e-04
[2018-11-17 18:09:10] Seen 617625 samples
[2018-11-17 18:09:10] Starting epoch 6
[2018-11-17 18:09:10] [data] Shuffling files
[2018-11-17 18:09:12] [data] Done
[2018-11-17 18:16:50] Ep. 6 : Up. 17500 : Sen. 91024 : Cost 2.36 : Time 459.94s : 5959.25 words/s : L.r. 2.8685e-04
[2018-11-17 18:24:01] Ep. 6 : Up. 18000 : Sen. 186564 : Cost 2.36 : Time 430.90s : 6322.20 words/s : L.r. 2.8284e-04
[2018-11-17 18:31:14] Ep. 6 : Up. 18500 : Sen. 279148 : Cost 2.38 : Time 432.75s : 6372.47 words/s : L.r. 2.7899e-04
[2018-11-17 18:38:37] Ep. 6 : Up. 19000 : Sen. 369544 : Cost 2.38 : Time 442.69s : 6237.50 words/s : L.r. 2.7530e-04
[2018-11-17 18:46:07] Ep. 6 : Up. 19500 : Sen. 457093 : Cost 2.39 : Time 449.91s : 6198.65 words/s : L.r. 2.7175e-04
[2018-11-17 18:53:20] Ep. 6 : Up. 20000 : Sen. 549181 : Cost 2.38 : Time 433.52s : 6281.60 words/s : L.r. 2.6833e-04
[2018-11-17 18:53:33] Saving model weights and runtime parameters to model/model.src0tgt0.3.npz.best-ce-mean-words.npz
[2018-11-17 18:53:35] [valid] Ep. 6 : Up. 20000 : ce-mean-words : 1.5686 : new best
[2018-11-17 18:53:47] Saving model weights and runtime parameters to model/model.src0tgt0.3.npz.best-perplexity.npz
[2018-11-17 18:53:49] [valid] Ep. 6 : Up. 20000 : perplexity : 4.79991 : new best
Detokenizer Version $Revision: 4134 $
Language: en
[2018-11-17 18:55:26] Saving model weights and runtime parameters to model/model.src0tgt0.3.npz.best-translation.npz
[2018-11-17 18:55:28] [valid] Ep. 6 : Up. 20000 : translation : 28.73 : new best
[2018-11-17 18:55:28] Saving model weights and runtime parameters to model/model.src0tgt0.3.npz.orig.npz
[2018-11-17 18:55:30] Saving model weights and runtime parameters to model/model.src0tgt0.3.npz
[2018-11-17 18:55:32] Saving Adam parameters to model/model.src0tgt0.3.npz.optimizer.npz
[2018-11-17 19:01:31] Seen 617625 samples
[2018-11-17 19:01:31] Starting epoch 7
[2018-11-17 19:01:31] [data] Shuffling files
[2018-11-17 19:01:33] [data] Done
[2018-11-17 19:03:20] Ep. 7 : Up. 20500 : Sen. 18915 : Cost 2.38 : Time 599.43s : 4558.53 words/s : L.r. 2.6504e-04
[2018-11-17 19:10:39] Ep. 7 : Up. 21000 : Sen. 111434 : Cost 2.30 : Time 439.13s : 6292.74 words/s : L.r. 2.6186e-04
[2018-11-17 19:17:52] Ep. 7 : Up. 21500 : Sen. 200524 : Cost 2.33 : Time 433.08s : 6303.06 words/s : L.r. 2.5880e-04
[2018-11-17 19:25:08] Ep. 7 : Up. 22000 : Sen. 292673 : Cost 2.31 : Time 436.63s : 6272.05 words/s : L.r. 2.5584e-04
[2018-11-17 19:32:30] Ep. 7 : Up. 22500 : Sen. 383287 : Cost 2.33 : Time 441.38s : 6216.65 words/s : L.r. 2.5298e-04
[2018-11-17 19:39:52] Ep. 7 : Up. 23000 : Sen. 474539 : Cost 2.33 : Time 442.50s : 6220.00 words/s : L.r. 2.5022e-04
[2018-11-17 19:47:11] Ep. 7 : Up. 23500 : Sen. 564340 : Cost 2.34 : Time 438.71s : 6300.94 words/s : L.r. 2.4754e-04
[2018-11-17 19:51:38] Seen 617625 samples
[2018-11-17 19:51:38] Starting epoch 8
[2018-11-17 19:51:38] [data] Shuffling files
[2018-11-17 19:51:40] [data] Done
[2018-11-17 19:55:02] Ep. 8 : Up. 24000 : Sen. 35878 : Cost 2.31 : Time 470.92s : 5907.01 words/s : L.r. 2.4495e-04
[2018-11-17 20:02:17] Ep. 8 : Up. 24500 : Sen. 127598 : Cost 2.26 : Time 435.20s : 6274.75 words/s : L.r. 2.4244e-04
[2018-11-17 20:09:38] Ep. 8 : Up. 25000 : Sen. 218729 : Cost 2.27 : Time 440.86s : 6236.59 words/s : L.r. 2.4000e-04
[2018-11-17 20:09:51] Saving model weights and runtime parameters to model/model.src0tgt0.3.npz.best-ce-mean-words.npz
[2018-11-17 20:09:52] [valid] Ep. 8 : Up. 25000 : ce-mean-words : 1.54218 : new best
[2018-11-17 20:10:05] Saving model weights and runtime parameters to model/model.src0tgt0.3.npz.best-perplexity.npz
[2018-11-17 20:10:07] [valid] Ep. 8 : Up. 25000 : perplexity : 4.67476 : new best
Detokenizer Version $Revision: 4134 $
Language: en
[2018-11-17 20:11:47] Saving model weights and runtime parameters to model/model.src0tgt0.3.npz.best-translation.npz
[2018-11-17 20:11:49] [valid] Ep. 8 : Up. 25000 : translation : 28.9 : new best
[2018-11-17 20:11:49] Saving model weights and runtime parameters to model/model.src0tgt0.3.npz.orig.npz
[2018-11-17 20:11:51] Saving model weights and runtime parameters to model/model.src0tgt0.3.npz
[2018-11-17 20:11:53] Saving Adam parameters to model/model.src0tgt0.3.npz.optimizer.npz
[2018-11-17 20:19:08] Ep. 8 : Up. 25500 : Sen. 309822 : Cost 2.27 : Time 569.99s : 4758.48 words/s : L.r. 2.3764e-04
[2018-11-17 20:26:33] Ep. 8 : Up. 26000 : Sen. 396865 : Cost 2.30 : Time 444.91s : 6230.89 words/s : L.r. 2.3534e-04
[2018-11-17 20:33:46] Ep. 8 : Up. 26500 : Sen. 489693 : Cost 2.30 : Time 433.43s : 6334.29 words/s : L.r. 2.3311e-04
[2018-11-17 20:41:07] Ep. 8 : Up. 27000 : Sen. 579876 : Cost 2.30 : Time 441.07s : 6199.68 words/s : L.r. 2.3094e-04
[2018-11-17 20:44:02] Seen 617625 samples
[2018-11-17 20:44:02] Starting epoch 9
[2018-11-17 20:44:02] [data] Shuffling files
[2018-11-17 20:44:04] [data] Done
[2018-11-17 20:48:44] Ep. 9 : Up. 27500 : Sen. 54602 : Cost 2.24 : Time 456.36s : 6019.47 words/s : L.r. 2.2883e-04
[2018-11-17 20:56:00] Ep. 9 : Up. 28000 : Sen. 148283 : Cost 2.21 : Time 436.07s : 6298.25 words/s : L.r. 2.2678e-04
[2018-11-17 21:03:23] Ep. 9 : Up. 28500 : Sen. 236017 : Cost 2.25 : Time 443.32s : 6241.57 words/s : L.r. 2.2478e-04
[2018-11-17 21:10:46] Ep. 9 : Up. 29000 : Sen. 326959 : Cost 2.25 : Time 442.70s : 6319.55 words/s : L.r. 2.2283e-04
[2018-11-17 21:18:02] Ep. 9 : Up. 29500 : Sen. 415159 : Cost 2.25 : Time 436.55s : 6225.71 words/s : L.r. 2.2094e-04
[2018-11-17 21:25:17] Ep. 9 : Up. 30000 : Sen. 506405 : Cost 2.25 : Time 435.06s : 6276.98 words/s : L.r. 2.1909e-04
[2018-11-17 21:25:30] Saving model weights and runtime parameters to model/model.src0tgt0.3.npz.best-ce-mean-words.npz
[2018-11-17 21:25:32] [valid] Ep. 9 : Up. 30000 : ce-mean-words : 1.53182 : new best
[2018-11-17 21:25:45] Saving model weights and runtime parameters to model/model.src0tgt0.3.npz.best-perplexity.npz
[2018-11-17 21:25:47] [valid] Ep. 9 : Up. 30000 : perplexity : 4.62661 : new best
Detokenizer Version $Revision: 4134 $
Language: en
[2018-11-17 21:27:21] Saving model weights and runtime parameters to model/model.src0tgt0.3.npz.best-translation.npz
[2018-11-17 21:27:24] [valid] Ep. 9 : Up. 30000 : translation : 29.08 : new best
[2018-11-17 21:27:24] Saving model weights and runtime parameters to model/model.src0tgt0.3.npz.orig.npz
[2018-11-17 21:27:26] Saving model weights and runtime parameters to model/model.src0tgt0.3.npz
[2018-11-17 21:27:28] Saving Adam parameters to model/model.src0tgt0.3.npz.optimizer.npz
[2018-11-17 21:34:45] Ep. 9 : Up. 30500 : Sen. 600209 : Cost 2.26 : Time 567.57s : 4808.91 words/s : L.r. 2.1729e-04
[2018-11-17 21:36:14] Seen 617625 samples
[2018-11-17 21:36:14] Starting epoch 10
[2018-11-17 21:36:14] [data] Shuffling files
[2018-11-17 21:36:16] [data] Done
[2018-11-17 21:42:28] Ep. 10 : Up. 31000 : Sen. 72594 : Cost 2.19 : Time 462.74s : 5974.93 words/s : L.r. 2.1553e-04
[2018-11-17 21:49:46] Ep. 10 : Up. 31500 : Sen. 161859 : Cost 2.20 : Time 438.54s : 6293.31 words/s : L.r. 2.1381e-04
[2018-11-17 21:57:06] Ep. 10 : Up. 32000 : Sen. 250946 : Cost 2.21 : Time 439.37s : 6306.31 words/s : L.r. 2.1213e-04
[2018-11-17 22:04:29] Ep. 10 : Up. 32500 : Sen. 342523 : Cost 2.20 : Time 443.38s : 6175.61 words/s : L.r. 2.1049e-04
[2018-11-17 22:11:46] Ep. 10 : Up. 33000 : Sen. 433496 : Cost 2.22 : Time 436.84s : 6311.05 words/s : L.r. 2.0889e-04
[2018-11-17 22:18:56] Ep. 10 : Up. 33500 : Sen. 528877 : Cost 2.22 : Time 430.33s : 6311.71 words/s : L.r. 2.0733e-04
[2018-11-17 22:26:15] Ep. 10 : Up. 34000 : Sen. 617625 : Cost 2.23 : Time 438.83s : 6234.37 words/s : L.r. 2.0580e-04
[2018-11-17 22:26:15] Seen 617625 samples
[2018-11-17 22:26:15] Starting epoch 11
[2018-11-17 22:26:15] [data] Shuffling files
[2018-11-17 22:26:17] [data] Done
[2018-11-17 22:33:58] Ep. 11 : Up. 34500 : Sen. 91132 : Cost 2.16 : Time 463.20s : 5906.12 words/s : L.r. 2.0430e-04
[2018-11-17 22:41:13] Ep. 11 : Up. 35000 : Sen. 182038 : Cost 2.17 : Time 434.34s : 6342.29 words/s : L.r. 2.0284e-04
[2018-11-17 22:41:25] Saving model weights and runtime parameters to model/model.src0tgt0.3.npz.best-ce-mean-words.npz
[2018-11-17 22:41:27] [valid] Ep. 11 : Up. 35000 : ce-mean-words : 1.52848 : new best
[2018-11-17 22:41:40] Saving model weights and runtime parameters to model/model.src0tgt0.3.npz.best-perplexity.npz
[2018-11-17 22:41:42] [valid] Ep. 11 : Up. 35000 : perplexity : 4.61118 : new best
Detokenizer Version $Revision: 4134 $
Language: en
[2018-11-17 22:43:16] [valid] Ep. 11 : Up. 35000 : translation : 29.03 : stalled 1 times
[2018-11-17 22:43:16] Saving model weights and runtime parameters to model/model.src0tgt0.3.npz.orig.npz
[2018-11-17 22:43:18] Saving model weights and runtime parameters to model/model.src0tgt0.3.npz
[2018-11-17 22:43:20] Saving Adam parameters to model/model.src0tgt0.3.npz.optimizer.npz
[2018-11-17 22:50:43] Ep. 11 : Up. 35500 : Sen. 271681 : Cost 2.18 : Time 570.22s : 4794.48 words/s : L.r. 2.0140e-04
[2018-11-17 22:58:02] Ep. 11 : Up. 36000 : Sen. 362586 : Cost 2.19 : Time 439.44s : 6268.67 words/s : L.r. 2.0000e-04
[2018-11-17 23:05:24] Ep. 11 : Up. 36500 : Sen. 455281 : Cost 2.19 : Time 441.90s : 6273.60 words/s : L.r. 1.9863e-04
[2018-11-17 23:12:43] Ep. 11 : Up. 37000 : Sen. 546563 : Cost 2.20 : Time 438.72s : 6296.41 words/s : L.r. 1.9728e-04
[2018-11-17 23:18:34] Seen 617625 samples
[2018-11-17 23:18:34] Starting epoch 12
[2018-11-17 23:18:34] [data] Shuffling files
[2018-11-17 23:18:36] [data] Done
[2018-11-17 23:20:24] Ep. 12 : Up. 37500 : Sen. 18736 : Cost 2.18 : Time 460.95s : 5894.15 words/s : L.r. 1.9596e-04
[2018-11-17 23:27:42] Ep. 12 : Up. 38000 : Sen. 111875 : Cost 2.14 : Time 438.52s : 6311.60 words/s : L.r. 1.9467e-04
[2018-11-17 23:35:02] Ep. 12 : Up. 38500 : Sen. 201642 : Cost 2.15 : Time 439.38s : 6213.85 words/s : L.r. 1.9340e-04
[2018-11-17 23:42:21] Ep. 12 : Up. 39000 : Sen. 291389 : Cost 2.16 : Time 439.30s : 6269.26 words/s : L.r. 1.9215e-04
[2018-11-17 23:49:46] Ep. 12 : Up. 39500 : Sen. 380847 : Cost 2.16 : Time 444.56s : 6221.41 words/s : L.r. 1.9093e-04
[2018-11-17 23:56:59] Ep. 12 : Up. 40000 : Sen. 471838 : Cost 2.17 : Time 433.70s : 6295.26 words/s : L.r. 1.8974e-04
[2018-11-17 23:57:12] [valid] Ep. 12 : Up. 40000 : ce-mean-words : 1.52981 : stalled 1 times
[2018-11-17 23:57:24] [valid] Ep. 12 : Up. 40000 : perplexity : 4.61731 : stalled 1 times
Detokenizer Version $Revision: 4134 $
Language: en
[2018-11-17 23:58:58] [valid] Ep. 12 : Up. 40000 : translation : 29.01 : stalled 2 times
[2018-11-17 23:58:58] Saving model weights and runtime parameters to model/model.src0tgt0.3.npz.orig.npz
[2018-11-17 23:59:00] Saving model weights and runtime parameters to model/model.src0tgt0.3.npz
[2018-11-17 23:59:02] Saving Adam parameters to model/model.src0tgt0.3.npz.optimizer.npz
[2018-11-18 00:06:23] Ep. 12 : Up. 40500 : Sen. 562922 : Cost 2.18 : Time 564.14s : 4866.51 words/s : L.r. 1.8856e-04
[2018-11-18 00:10:47] Seen 617625 samples
[2018-11-18 00:10:47] Starting epoch 13
[2018-11-18 00:10:47] [data] Shuffling files
[2018-11-18 00:10:49] [data] Done
[2018-11-18 00:14:04] Ep. 13 : Up. 41000 : Sen. 36558 : Cost 2.14 : Time 460.80s : 5937.09 words/s : L.r. 1.8741e-04
[2018-11-18 00:21:21] Ep. 13 : Up. 41500 : Sen. 123837 : Cost 2.12 : Time 436.57s : 6256.29 words/s : L.r. 1.8628e-04
[2018-11-18 00:28:43] Ep. 13 : Up. 42000 : Sen. 214559 : Cost 2.13 : Time 442.57s : 6224.70 words/s : L.r. 1.8516e-04
[2018-11-18 00:35:59] Ep. 13 : Up. 42500 : Sen. 304461 : Cost 2.14 : Time 436.04s : 6283.00 words/s : L.r. 1.8407e-04
[2018-11-18 00:43:15] Ep. 13 : Up. 43000 : Sen. 394982 : Cost 2.14 : Time 436.01s : 6275.57 words/s : L.r. 1.8300e-04
[2018-11-18 00:50:35] Ep. 13 : Up. 43500 : Sen. 486890 : Cost 2.14 : Time 439.99s : 6292.19 words/s : L.r. 1.8194e-04
[2018-11-18 00:57:52] Ep. 13 : Up. 44000 : Sen. 580908 : Cost 2.15 : Time 436.60s : 6339.99 words/s : L.r. 1.8091e-04
[2018-11-18 01:00:44] Seen 617625 samples
[2018-11-18 01:00:44] Starting epoch 14
[2018-11-18 01:00:44] [data] Shuffling files
[2018-11-18 01:00:46] [data] Done
[2018-11-18 01:05:33] Ep. 14 : Up. 44500 : Sen. 50653 : Cost 2.12 : Time 461.07s : 5974.83 words/s : L.r. 1.7989e-04
[2018-11-18 01:12:57] Ep. 14 : Up. 45000 : Sen. 142320 : Cost 2.08 : Time 443.64s : 6212.29 words/s : L.r. 1.7889e-04
[2018-11-18 01:13:09] [valid] Ep. 14 : Up. 45000 : ce-mean-words : 1.53493 : stalled 2 times
[2018-11-18 01:13:22] [valid] Ep. 14 : Up. 45000 : perplexity : 4.64102 : stalled 2 times
Detokenizer Version $Revision: 4134 $
Language: en
[2018-11-18 01:14:53] [valid] Ep. 14 : Up. 45000 : translation : 29.04 : stalled 3 times
[2018-11-18 01:14:53] Saving model weights and runtime parameters to model/model.src0tgt0.3.npz.orig.npz
[2018-11-18 01:14:55] Saving model weights and runtime parameters to model/model.src0tgt0.3.npz
[2018-11-18 01:14:57] Saving Adam parameters to model/model.src0tgt0.3.npz.optimizer.npz
[2018-11-18 01:22:21] Ep. 14 : Up. 45500 : Sen. 233386 : Cost 2.10 : Time 563.86s : 4886.13 words/s : L.r. 1.7790e-04
[2018-11-18 01:29:35] Ep. 14 : Up. 46000 : Sen. 327426 : Cost 2.11 : Time 434.32s : 6314.36 words/s : L.r. 1.7693e-04
[2018-11-18 01:36:54] Ep. 14 : Up. 46500 : Sen. 414894 : Cost 2.13 : Time 439.24s : 6244.65 words/s : L.r. 1.7598e-04
[2018-11-18 01:44:09] Ep. 14 : Up. 47000 : Sen. 505559 : Cost 2.13 : Time 434.38s : 6284.04 words/s : L.r. 1.7504e-04
[2018-11-18 01:51:20] Ep. 14 : Up. 47500 : Sen. 599750 : Cost 2.13 : Time 431.43s : 6376.21 words/s : L.r. 1.7411e-04
[2018-11-18 01:52:49] Seen 617625 samples
[2018-11-18 01:52:49] Starting epoch 15
[2018-11-18 01:52:49] [data] Shuffling files
[2018-11-18 01:52:51] [data] Done
[2018-11-18 01:59:10] Ep. 15 : Up. 48000 : Sen. 70762 : Cost 2.09 : Time 470.42s : 5910.78 words/s : L.r. 1.7321e-04
[2018-11-18 02:06:25] Ep. 15 : Up. 48500 : Sen. 164498 : Cost 2.07 : Time 435.05s : 6351.99 words/s : L.r. 1.7231e-04
[2018-11-18 02:13:38] Ep. 15 : Up. 49000 : Sen. 255473 : Cost 2.09 : Time 432.86s : 6264.61 words/s : L.r. 1.7143e-04
[2018-11-18 02:20:57] Ep. 15 : Up. 49500 : Sen. 345079 : Cost 2.10 : Time 438.32s : 6259.28 words/s : L.r. 1.7056e-04
[2018-11-18 02:28:13] Ep. 15 : Up. 50000 : Sen. 435069 : Cost 2.10 : Time 436.60s : 6289.01 words/s : L.r. 1.6971e-04
[2018-11-18 02:28:26] [valid] Ep. 15 : Up. 50000 : ce-mean-words : 1.54196 : stalled 3 times
[2018-11-18 02:28:38] [valid] Ep. 15 : Up. 50000 : perplexity : 4.67374 : stalled 3 times
Detokenizer Version $Revision: 4134 $
Language: en
[2018-11-18 02:30:12] [valid] Ep. 15 : Up. 50000 : translation : 29.06 : stalled 4 times
[2018-11-18 02:30:12] Saving model weights and runtime parameters to model/model.src0tgt0.3.npz.orig.npz
[2018-11-18 02:30:14] Saving model weights and runtime parameters to model/model.src0tgt0.3.npz
[2018-11-18 02:30:16] Saving Adam parameters to model/model.src0tgt0.3.npz.optimizer.npz
[2018-11-18 02:37:37] Ep. 15 : Up. 50500 : Sen. 527162 : Cost 2.11 : Time 564.22s : 4867.75 words/s : L.r. 1.6886e-04
[2018-11-18 02:44:57] Ep. 15 : Up. 51000 : Sen. 617625 : Cost 2.12 : Time 439.64s : 6241.62 words/s : L.r. 1.6803e-04
[2018-11-18 02:44:57] Seen 617625 samples
[2018-11-18 02:44:57] Starting epoch 16
[2018-11-18 02:44:57] [data] Shuffling files
[2018-11-18 02:44:59] [data] Done
[2018-11-18 02:52:34] Ep. 16 : Up. 51500 : Sen. 93816 : Cost 2.06 : Time 457.33s : 6042.31 words/s : L.r. 1.6722e-04
[2018-11-18 02:59:55] Ep. 16 : Up. 52000 : Sen. 181172 : Cost 2.06 : Time 440.32s : 6149.35 words/s : L.r. 1.6641e-04
[2018-11-18 03:07:14] Ep. 16 : Up. 52500 : Sen. 271388 : Cost 2.08 : Time 439.27s : 6306.42 words/s : L.r. 1.6562e-04
[2018-11-18 03:14:32] Ep. 16 : Up. 53000 : Sen. 360773 : Cost 2.08 : Time 438.50s : 6250.51 words/s : L.r. 1.6483e-04
[2018-11-18 03:21:55] Ep. 16 : Up. 53500 : Sen. 450833 : Cost 2.09 : Time 442.62s : 6252.17 words/s : L.r. 1.6406e-04
[2018-11-18 03:29:09] Ep. 16 : Up. 54000 : Sen. 545177 : Cost 2.10 : Time 434.15s : 6315.20 words/s : L.r. 1.6330e-04
[2018-11-18 03:34:57] Seen 617625 samples
[2018-11-18 03:34:57] Starting epoch 17
[2018-11-18 03:34:57] [data] Shuffling files
[2018-11-18 03:34:59] [data] Done
[2018-11-18 03:36:49] Ep. 17 : Up. 54500 : Sen. 18040 : Cost 2.09 : Time 459.89s : 5978.18 words/s : L.r. 1.6255e-04
[2018-11-18 03:44:09] Ep. 17 : Up. 55000 : Sen. 107254 : Cost 2.04 : Time 439.40s : 6263.46 words/s : L.r. 1.6181e-04
[2018-11-18 03:44:21] [valid] Ep. 17 : Up. 55000 : ce-mean-words : 1.54932 : stalled 4 times
[2018-11-18 03:44:34] [valid] Ep. 17 : Up. 55000 : perplexity : 4.70828 : stalled 4 times
Detokenizer Version $Revision: 4134 $
Language: en
[2018-11-18 03:46:07] [valid] Ep. 17 : Up. 55000 : translation : 29.01 : stalled 5 times
[2018-11-18 03:46:07] Saving model weights and runtime parameters to model/model.src0tgt0.3.npz.orig.npz
[2018-11-18 03:46:09] Saving model weights and runtime parameters to model/model.src0tgt0.3.npz
[2018-11-18 03:46:11] Saving Adam parameters to model/model.src0tgt0.3.npz.optimizer.npz
[2018-11-18 03:53:37] Ep. 17 : Up. 55500 : Sen. 197070 : Cost 2.05 : Time 568.51s : 4800.05 words/s : L.r. 1.6108e-04
[2018-11-18 04:00:51] Ep. 17 : Up. 56000 : Sen. 290630 : Cost 2.06 : Time 433.78s : 6342.82 words/s : L.r. 1.6036e-04
[2018-11-18 04:08:06] Ep. 17 : Up. 56500 : Sen. 382918 : Cost 2.07 : Time 435.00s : 6358.61 words/s : L.r. 1.5965e-04
[2018-11-18 04:15:25] Ep. 17 : Up. 57000 : Sen. 471554 : Cost 2.08 : Time 439.44s : 6287.08 words/s : L.r. 1.5894e-04
[2018-11-18 04:22:44] Ep. 17 : Up. 57500 : Sen. 562750 : Cost 2.08 : Time 438.97s : 6231.86 words/s : L.r. 1.5825e-04
[2018-11-18 04:27:05] Seen 617625 samples
[2018-11-18 04:27:05] Starting epoch 18
[2018-11-18 04:27:05] [data] Shuffling files
[2018-11-18 04:27:07] [data] Done
[2018-11-18 04:30:22] Ep. 18 : Up. 58000 : Sen. 37278 : Cost 2.05 : Time 457.73s : 5951.81 words/s : L.r. 1.5757e-04
[2018-11-18 04:37:38] Ep. 18 : Up. 58500 : Sen. 127263 : Cost 2.03 : Time 435.93s : 6214.00 words/s : L.r. 1.5689e-04
[2018-11-18 04:44:58] Ep. 18 : Up. 59000 : Sen. 217966 : Cost 2.05 : Time 439.78s : 6316.17 words/s : L.r. 1.5623e-04
[2018-11-18 04:52:16] Ep. 18 : Up. 59500 : Sen. 307831 : Cost 2.05 : Time 438.26s : 6278.68 words/s : L.r. 1.5557e-04
[2018-11-18 04:59:33] Ep. 18 : Up. 60000 : Sen. 399589 : Cost 2.05 : Time 437.44s : 6262.88 words/s : L.r. 1.5492e-04
[2018-11-18 04:59:46] [valid] Ep. 18 : Up. 60000 : ce-mean-words : 1.55728 : stalled 5 times
[2018-11-18 04:59:59] [valid] Ep. 18 : Up. 60000 : perplexity : 4.74591 : stalled 5 times
Detokenizer Version $Revision: 4134 $
Language: en
[2018-11-18 05:01:30] [valid] Ep. 18 : Up. 60000 : translation : 28.91 : stalled 6 times
[2018-11-18 05:01:30] Saving model weights and runtime parameters to model/model.src0tgt0.3.npz.orig.npz
[2018-11-18 05:01:32] Saving model weights and runtime parameters to model/model.src0tgt0.3.npz
[2018-11-18 05:01:34] Saving Adam parameters to model/model.src0tgt0.3.npz.optimizer.npz
[2018-11-18 05:01:38] Training finished
[2018-11-18 05:01:38] Saving model weights and runtime parameters to model/model.src0tgt0.3.npz.orig.npz
[2018-11-18 05:01:40] Saving model weights and runtime parameters to model/model.src0tgt0.3.npz
[2018-11-18 05:01:42] Saving Adam parameters to model/model.src0tgt0.3.npz.optimizer.npz
