[2018-11-28 03:16:41] [config] after-batches: 0
[2018-11-28 03:16:41] [config] after-epochs: 0
[2018-11-28 03:16:41] [config] allow-unk: false
[2018-11-28 03:16:41] [config] batch-flexible-lr: false
[2018-11-28 03:16:41] [config] batch-normal-words: 1920
[2018-11-28 03:16:41] [config] beam-size: 6
[2018-11-28 03:16:41] [config] best-deep: false
[2018-11-28 03:16:41] [config] clip-gemm: 0
[2018-11-28 03:16:41] [config] clip-norm: 5
[2018-11-28 03:16:41] [config] cost-type: ce-mean
[2018-11-28 03:16:41] [config] cpu-threads: 0
[2018-11-28 03:16:41] [config] data-weighting-type: sentence
[2018-11-28 03:16:41] [config] dec-cell: gru
[2018-11-28 03:16:41] [config] dec-cell-base-depth: 2
[2018-11-28 03:16:41] [config] dec-cell-high-depth: 1
[2018-11-28 03:16:41] [config] dec-depth: 6
[2018-11-28 03:16:41] [config] devices:
[2018-11-28 03:16:41] [config]   - 0
[2018-11-28 03:16:41] [config] dim-emb: 512
[2018-11-28 03:16:41] [config] dim-rnn: 1024
[2018-11-28 03:16:41] [config] dim-vocabs:
[2018-11-28 03:16:41] [config]   - 0
[2018-11-28 03:16:41] [config]   - 0
[2018-11-28 03:16:41] [config] disp-freq: 1000
[2018-11-28 03:16:41] [config] disp-label-counts: false
[2018-11-28 03:16:41] [config] dropout-rnn: 0
[2018-11-28 03:16:41] [config] dropout-src: 0
[2018-11-28 03:16:41] [config] dropout-trg: 0
[2018-11-28 03:16:41] [config] dump-config: false
[2018-11-28 03:16:41] [config] early-stopping: 15
[2018-11-28 03:16:41] [config] embedding-fix-src: false
[2018-11-28 03:16:41] [config] embedding-fix-trg: false
[2018-11-28 03:16:41] [config] embedding-normalization: false
[2018-11-28 03:16:41] [config] enc-cell: gru
[2018-11-28 03:16:41] [config] enc-cell-depth: 1
[2018-11-28 03:16:41] [config] enc-depth: 6
[2018-11-28 03:16:41] [config] enc-type: bidirectional
[2018-11-28 03:16:41] [config] exponential-smoothing: 0.0001
[2018-11-28 03:16:41] [config] grad-dropping-momentum: 0
[2018-11-28 03:16:41] [config] grad-dropping-rate: 0
[2018-11-28 03:16:41] [config] grad-dropping-warmup: 100
[2018-11-28 03:16:41] [config] guided-alignment-cost: ce
[2018-11-28 03:16:41] [config] guided-alignment-weight: 1
[2018-11-28 03:16:41] [config] ignore-model-config: false
[2018-11-28 03:16:41] [config] interpolate-env-vars: false
[2018-11-28 03:16:41] [config] keep-best: false
[2018-11-28 03:16:41] [config] label-smoothing: 0.1
[2018-11-28 03:16:41] [config] layer-normalization: false
[2018-11-28 03:16:41] [config] learn-rate: 0.0003
[2018-11-28 03:16:41] [config] log: model/train_trans.log
[2018-11-28 03:16:41] [config] log-level: info
[2018-11-28 03:16:41] [config] lr-decay: 0
[2018-11-28 03:16:41] [config] lr-decay-freq: 50000
[2018-11-28 03:16:41] [config] lr-decay-inv-sqrt: 16000
[2018-11-28 03:16:41] [config] lr-decay-repeat-warmup: false
[2018-11-28 03:16:41] [config] lr-decay-reset-optimizer: false
[2018-11-28 03:16:41] [config] lr-decay-start:
[2018-11-28 03:16:41] [config]   - 10
[2018-11-28 03:16:41] [config]   - 1
[2018-11-28 03:16:41] [config] lr-decay-strategy: epoch+stalled
[2018-11-28 03:16:41] [config] lr-report: true
[2018-11-28 03:16:41] [config] lr-warmup: 16000
[2018-11-28 03:16:41] [config] lr-warmup-at-reload: false
[2018-11-28 03:16:41] [config] lr-warmup-cycle: false
[2018-11-28 03:16:41] [config] lr-warmup-start-rate: 0
[2018-11-28 03:16:41] [config] max-length: 80
[2018-11-28 03:16:41] [config] max-length-crop: false
[2018-11-28 03:16:41] [config] max-length-factor: 3
[2018-11-28 03:16:41] [config] maxi-batch: 1000
[2018-11-28 03:16:41] [config] maxi-batch-sort: trg
[2018-11-28 03:16:41] [config] mini-batch: 70
[2018-11-28 03:16:41] [config] mini-batch-fit: false
[2018-11-28 03:16:41] [config] mini-batch-fit-step: 10
[2018-11-28 03:16:41] [config] mini-batch-words: 0
[2018-11-28 03:16:41] [config] model: model/model.src0tgt0.trans.batch70.opt64.npz
[2018-11-28 03:16:41] [config] multi-node: false
[2018-11-28 03:16:41] [config] multi-node-overlap: true
[2018-11-28 03:16:41] [config] n-best: false
[2018-11-28 03:16:41] [config] no-reload: false
[2018-11-28 03:16:41] [config] no-restore-corpus: false
[2018-11-28 03:16:41] [config] no-shuffle: false
[2018-11-28 03:16:41] [config] normalize: 0.6
[2018-11-28 03:16:41] [config] optimizer: adam
[2018-11-28 03:16:41] [config] optimizer-delay: 64
[2018-11-28 03:16:41] [config] optimizer-params:
[2018-11-28 03:16:41] [config]   - 0.9
[2018-11-28 03:16:41] [config]   - 0.98
[2018-11-28 03:16:41] [config]   - 1e-09
[2018-11-28 03:16:41] [config] overwrite: false
[2018-11-28 03:16:41] [config] quiet: false
[2018-11-28 03:16:41] [config] quiet-translation: true
[2018-11-28 03:16:41] [config] relative-paths: false
[2018-11-28 03:16:41] [config] right-left: false
[2018-11-28 03:16:41] [config] save-freq: 15000
[2018-11-28 03:16:41] [config] seed: 1111
[2018-11-28 03:16:41] [config] skip: false
[2018-11-28 03:16:41] [config] sqlite: ""
[2018-11-28 03:16:41] [config] sqlite-drop: false
[2018-11-28 03:16:41] [config] sync-sgd: true
[2018-11-28 03:16:41] [config] tempdir: /tmp
[2018-11-28 03:16:41] [config] tied-embeddings: false
[2018-11-28 03:16:41] [config] tied-embeddings-all: true
[2018-11-28 03:16:41] [config] tied-embeddings-src: false
[2018-11-28 03:16:41] [config] train-sets:
[2018-11-28 03:16:41] [config]   - corp/europarl.cs-en.docs.train.en.bpe
[2018-11-28 03:16:41] [config]   - corp/europarl.cs-en.docs.train.cz.bpe
[2018-11-28 03:16:41] [config] transformer-aan-activation: swish
[2018-11-28 03:16:41] [config] transformer-aan-depth: 2
[2018-11-28 03:16:41] [config] transformer-aan-nogate: false
[2018-11-28 03:16:41] [config] transformer-decoder-autoreg: self-attention
[2018-11-28 03:16:41] [config] transformer-dim-aan: 2048
[2018-11-28 03:16:41] [config] transformer-dim-ffn: 2048
[2018-11-28 03:16:41] [config] transformer-dropout: 0.1
[2018-11-28 03:16:41] [config] transformer-dropout-attention: 0
[2018-11-28 03:16:41] [config] transformer-dropout-ffn: 0
[2018-11-28 03:16:41] [config] transformer-ffn-activation: swish
[2018-11-28 03:16:41] [config] transformer-ffn-depth: 2
[2018-11-28 03:16:41] [config] transformer-guided-alignment-layer: last
[2018-11-28 03:16:41] [config] transformer-heads: 8
[2018-11-28 03:16:41] [config] transformer-no-projection: false
[2018-11-28 03:16:41] [config] transformer-postprocess: dan
[2018-11-28 03:16:41] [config] transformer-postprocess-emb: d
[2018-11-28 03:16:41] [config] transformer-preprocess: ""
[2018-11-28 03:16:41] [config] transformer-tied-layers:
[2018-11-28 03:16:41] [config]   []
[2018-11-28 03:16:41] [config] type: transformer
[2018-11-28 03:16:41] [config] valid-freq: 15000
[2018-11-28 03:16:41] [config] valid-log: model/valid_trans.log
[2018-11-28 03:16:41] [config] valid-max-length: 1000
[2018-11-28 03:16:41] [config] valid-metrics:
[2018-11-28 03:16:41] [config]   - cross-entropy
[2018-11-28 03:16:41] [config]   - perplexity
[2018-11-28 03:16:41] [config]   - translation
[2018-11-28 03:16:41] [config] valid-mini-batch: 16
[2018-11-28 03:16:41] [config] valid-script-path: ./val.sh
[2018-11-28 03:16:41] [config] valid-sets:
[2018-11-28 03:16:41] [config]   - corp/europarl.cs-en.docs.dev.en.bpe
[2018-11-28 03:16:41] [config]   - corp/europarl.cs-en.docs.dev.cz.bpe
[2018-11-28 03:16:41] [config] valid-translation-output: data/valid32.bpe.en.output
[2018-11-28 03:16:41] [config] version: false
[2018-11-28 03:16:41] [config] vocabs:
[2018-11-28 03:16:41] [config]   - corp/vocab.encs.europarl.yml
[2018-11-28 03:16:41] [config]   - corp/vocab.encs.europarl.yml
[2018-11-28 03:16:41] [config] word-penalty: 0
[2018-11-28 03:16:41] [config] workspace: 2048
[2018-11-28 03:16:41] [config] Model created with Marian false
[2018-11-28 03:16:41] [data] Loading vocabulary from JSON/Yaml file corp/vocab.encs.europarl.yml
[2018-11-28 03:16:41] [data] Setting vocabulary size for input 0 to 32000
[2018-11-28 03:16:41] [data] Loading vocabulary from JSON/Yaml file corp/vocab.encs.europarl.yml
[2018-11-28 03:16:41] [data] Setting vocabulary size for input 1 to 32000
[2018-11-28 03:16:43] [memory] Extending reserved space to 2048 MB (device gpu0)
[2018-11-28 03:16:43] Training started
[2018-11-28 03:16:43] [data] Shuffling files
[2018-11-28 03:16:46] [data] Done
[2018-11-28 03:16:50] [memory] Reserving 230 MB, device gpu0
[2018-11-28 03:16:54] [memory] Reserving 230 MB, device gpu0
[2018-11-28 03:17:03] [memory] Reserving 461 MB, device gpu0
[2018-11-28 03:17:03] [memory] Reserving 230 MB, device gpu0
[2018-11-28 03:23:11] Ep. 1 : Up. 1000 : Sen. 70000 : Cost 269.64 : Time 389.36s : 5310.41 words/s : L.r. 1.8750e-05
[2018-11-28 03:26:17] Ep. 1 : Up. 2000 : Sen. 140000 : Cost 230.22 : Time 186.64s : 11087.31 words/s : L.r. 3.7500e-05
[2018-11-28 03:29:23] Ep. 1 : Up. 3000 : Sen. 210000 : Cost 215.66 : Time 185.61s : 11116.42 words/s : L.r. 5.6250e-05
[2018-11-28 03:32:28] Ep. 1 : Up. 4000 : Sen. 280000 : Cost 200.25 : Time 184.74s : 11203.78 words/s : L.r. 7.5000e-05
[2018-11-28 03:35:32] Ep. 1 : Up. 5000 : Sen. 350000 : Cost 187.12 : Time 184.88s : 11191.65 words/s : L.r. 9.3750e-05
[2018-11-28 03:38:38] Ep. 1 : Up. 6000 : Sen. 420000 : Cost 176.04 : Time 185.78s : 11168.87 words/s : L.r. 1.1250e-04
[2018-11-28 03:41:43] Ep. 1 : Up. 7000 : Sen. 490000 : Cost 164.95 : Time 185.17s : 11152.41 words/s : L.r. 1.3125e-04
[2018-11-28 03:44:49] Ep. 1 : Up. 8000 : Sen. 560000 : Cost 155.79 : Time 185.99s : 11130.67 words/s : L.r. 1.5000e-04
[2018-11-28 03:47:02] Seen 609664 samples
[2018-11-28 03:47:02] Starting epoch 2
[2018-11-28 03:47:02] [data] Shuffling files
[2018-11-28 03:47:04] [data] Done
[2018-11-28 03:48:02] Ep. 2 : Up. 9000 : Sen. 20300 : Cost 144.25 : Time 192.74s : 10760.50 words/s : L.r. 1.6875e-04
[2018-11-28 03:51:07] Ep. 2 : Up. 10000 : Sen. 90300 : Cost 130.44 : Time 184.58s : 11083.82 words/s : L.r. 1.8750e-04
[2018-11-28 03:54:14] Ep. 2 : Up. 11000 : Sen. 160300 : Cost 123.16 : Time 187.73s : 11141.52 words/s : L.r. 2.0625e-04
[2018-11-28 03:57:20] Ep. 2 : Up. 12000 : Sen. 230300 : Cost 114.67 : Time 185.87s : 11167.23 words/s : L.r. 2.2500e-04
[2018-11-28 04:00:25] Ep. 2 : Up. 13000 : Sen. 300300 : Cost 108.31 : Time 184.27s : 11151.56 words/s : L.r. 2.4375e-04
[2018-11-28 04:03:29] Ep. 2 : Up. 14000 : Sen. 370300 : Cost 104.97 : Time 184.52s : 11166.88 words/s : L.r. 2.6250e-04
[2018-11-28 04:06:36] Ep. 2 : Up. 15000 : Sen. 440300 : Cost 103.62 : Time 186.65s : 11163.47 words/s : L.r. 2.8125e-04
[2018-11-28 04:06:45] [valid] Ep. 2 : Up. 15000 : cross-entropy : 75.1546 : new best
[2018-11-28 04:06:54] [valid] Ep. 2 : Up. 15000 : perplexity : 11.3337 : new best
Detokenizer Version $Revision: 4134 $
Language: en
[2018-11-28 04:11:29] [valid] Ep. 2 : Up. 15000 : translation : 19.41 : new best
[2018-11-28 04:11:29] Saving model weights and runtime parameters to model/model.src0tgt0.trans.batch70.opt64.npz.orig.npz
[2018-11-28 04:11:33] Saving model weights and runtime parameters to model/model.src0tgt0.trans.batch70.opt64.iter15000.npz
[2018-11-28 04:11:37] Saving model weights and runtime parameters to model/model.src0tgt0.trans.batch70.opt64.npz
[2018-11-28 04:11:42] Saving Adam parameters to model/model.src0tgt0.trans.batch70.opt64.npz.optimizer.npz
[2018-11-28 04:14:57] Ep. 2 : Up. 16000 : Sen. 510300 : Cost 100.88 : Time 501.06s : 4122.29 words/s : L.r. 3.0000e-04
[2018-11-28 04:18:04] Ep. 2 : Up. 17000 : Sen. 580264 : Cost 98.85 : Time 186.75s : 11037.61 words/s : L.r. 2.9104e-04
[2018-11-28 04:19:22] Seen 609664 samples
[2018-11-28 04:19:22] Starting epoch 3
[2018-11-28 04:19:22] [data] Shuffling files
[2018-11-28 04:19:24] [data] Done
[2018-11-28 04:21:18] Ep. 3 : Up. 18000 : Sen. 40600 : Cost 96.95 : Time 193.98s : 10748.79 words/s : L.r. 2.8284e-04
[2018-11-28 04:24:22] Ep. 3 : Up. 19000 : Sen. 110600 : Cost 93.62 : Time 184.92s : 11096.50 words/s : L.r. 2.7530e-04
[2018-11-28 04:27:30] Ep. 3 : Up. 20000 : Sen. 180600 : Cost 94.24 : Time 187.03s : 11164.26 words/s : L.r. 2.6833e-04
[2018-11-28 04:30:34] Ep. 3 : Up. 21000 : Sen. 250600 : Cost 91.72 : Time 184.92s : 11137.80 words/s : L.r. 2.6186e-04
[2018-11-28 04:33:42] Ep. 3 : Up. 22000 : Sen. 320600 : Cost 92.41 : Time 187.76s : 11173.86 words/s : L.r. 2.5584e-04
[2018-11-28 04:36:45] Ep. 3 : Up. 23000 : Sen. 390600 : Cost 88.10 : Time 182.66s : 11099.15 words/s : L.r. 2.5022e-04
[2018-11-28 04:39:51] Ep. 3 : Up. 24000 : Sen. 460600 : Cost 89.53 : Time 186.08s : 11164.79 words/s : L.r. 2.4495e-04
[2018-11-28 04:42:55] Ep. 3 : Up. 25000 : Sen. 530600 : Cost 87.80 : Time 183.94s : 11144.43 words/s : L.r. 2.4000e-04
[2018-11-28 04:46:01] Ep. 3 : Up. 26000 : Sen. 600564 : Cost 88.54 : Time 186.15s : 11143.98 words/s : L.r. 2.3534e-04
[2018-11-28 04:46:26] Seen 609664 samples
[2018-11-28 04:46:27] Starting epoch 4
[2018-11-28 04:46:27] [data] Shuffling files
[2018-11-28 04:46:29] [data] Done
[2018-11-28 04:49:12] Ep. 4 : Up. 27000 : Sen. 60900 : Cost 85.24 : Time 190.84s : 10747.76 words/s : L.r. 2.3094e-04
[2018-11-28 04:52:19] Ep. 4 : Up. 28000 : Sen. 130900 : Cost 86.23 : Time 186.14s : 11187.17 words/s : L.r. 2.2678e-04
[2018-11-28 04:55:25] Ep. 4 : Up. 29000 : Sen. 200900 : Cost 86.11 : Time 186.79s : 11161.08 words/s : L.r. 2.2283e-04
[2018-11-28 04:58:31] Ep. 4 : Up. 30000 : Sen. 270900 : Cost 84.73 : Time 185.23s : 11134.22 words/s : L.r. 2.1909e-04
[2018-11-28 04:58:40] [valid] Ep. 4 : Up. 30000 : cross-entropy : 56.5199 : new best
[2018-11-28 04:58:49] [valid] Ep. 4 : Up. 30000 : perplexity : 6.20782 : new best
Detokenizer Version $Revision: 4134 $
Language: en
[2018-11-28 05:02:30] [valid] Ep. 4 : Up. 30000 : translation : 25.71 : new best
[2018-11-28 05:02:30] Saving model weights and runtime parameters to model/model.src0tgt0.trans.batch70.opt64.npz.orig.npz
[2018-11-28 05:02:34] Saving model weights and runtime parameters to model/model.src0tgt0.trans.batch70.opt64.iter30000.npz
[2018-11-28 05:02:38] Saving model weights and runtime parameters to model/model.src0tgt0.trans.batch70.opt64.npz
[2018-11-28 05:02:43] Saving Adam parameters to model/model.src0tgt0.trans.batch70.opt64.npz.optimizer.npz
[2018-11-28 05:06:00] Ep. 4 : Up. 31000 : Sen. 340900 : Cost 85.01 : Time 449.02s : 4632.19 words/s : L.r. 2.1553e-04
[2018-11-28 05:09:05] Ep. 4 : Up. 32000 : Sen. 410900 : Cost 83.36 : Time 185.71s : 11013.72 words/s : L.r. 2.1213e-04
[2018-11-28 05:12:12] Ep. 4 : Up. 33000 : Sen. 480900 : Cost 84.66 : Time 186.65s : 11166.65 words/s : L.r. 2.0889e-04
[2018-11-28 05:15:18] Ep. 4 : Up. 34000 : Sen. 550900 : Cost 83.73 : Time 186.26s : 11142.70 words/s : L.r. 2.0580e-04
[2018-11-28 05:17:54] Seen 609664 samples
[2018-11-28 05:17:54] Starting epoch 5
[2018-11-28 05:17:54] [data] Shuffling files
[2018-11-28 05:17:56] [data] Done
[2018-11-28 05:18:31] Ep. 5 : Up. 35000 : Sen. 11200 : Cost 83.02 : Time 192.50s : 10732.37 words/s : L.r. 2.0284e-04
[2018-11-28 05:21:38] Ep. 5 : Up. 36000 : Sen. 81200 : Cost 82.02 : Time 187.12s : 11114.68 words/s : L.r. 2.0000e-04
[2018-11-28 05:24:41] Ep. 5 : Up. 37000 : Sen. 151200 : Cost 80.25 : Time 183.51s : 11086.77 words/s : L.r. 1.9728e-04
[2018-11-28 05:27:49] Ep. 5 : Up. 38000 : Sen. 221200 : Cost 82.45 : Time 187.30s : 11172.08 words/s : L.r. 1.9467e-04
[2018-11-28 05:30:54] Ep. 5 : Up. 39000 : Sen. 291200 : Cost 81.17 : Time 185.08s : 11151.82 words/s : L.r. 1.9215e-04
[2018-11-28 05:33:58] Ep. 5 : Up. 40000 : Sen. 361200 : Cost 80.41 : Time 184.14s : 11119.37 words/s : L.r. 1.8974e-04
[2018-11-28 05:37:04] Ep. 5 : Up. 41000 : Sen. 431200 : Cost 81.57 : Time 186.21s : 11153.25 words/s : L.r. 1.8741e-04
[2018-11-28 05:40:10] Ep. 5 : Up. 42000 : Sen. 501200 : Cost 81.42 : Time 186.40s : 11140.87 words/s : L.r. 1.8516e-04
[2018-11-28 05:43:14] Ep. 5 : Up. 43000 : Sen. 571200 : Cost 80.11 : Time 184.01s : 11134.14 words/s : L.r. 1.8300e-04
[2018-11-28 05:44:59] Seen 609664 samples
[2018-11-28 05:44:59] Starting epoch 6
[2018-11-28 05:44:59] [data] Shuffling files
[2018-11-28 05:45:01] [data] Done
[2018-11-28 05:46:28] Ep. 6 : Up. 44000 : Sen. 31500 : Cost 80.32 : Time 193.16s : 10749.66 words/s : L.r. 1.8091e-04
[2018-11-28 05:49:36] Ep. 6 : Up. 45000 : Sen. 101500 : Cost 80.22 : Time 188.44s : 11134.99 words/s : L.r. 1.7889e-04
[2018-11-28 05:49:45] [valid] Ep. 6 : Up. 45000 : cross-entropy : 51.986 : new best
[2018-11-28 05:49:54] [valid] Ep. 6 : Up. 45000 : perplexity : 5.36207 : new best
Detokenizer Version $Revision: 4134 $
Language: en
[2018-11-28 05:53:36] [valid] Ep. 6 : Up. 45000 : translation : 27.3 : new best
[2018-11-28 05:53:36] Saving model weights and runtime parameters to model/model.src0tgt0.trans.batch70.opt64.npz.orig.npz
[2018-11-28 05:53:39] Saving model weights and runtime parameters to model/model.src0tgt0.trans.batch70.opt64.iter45000.npz
[2018-11-28 05:53:43] Saving model weights and runtime parameters to model/model.src0tgt0.trans.batch70.opt64.npz
[2018-11-28 05:53:48] Saving Adam parameters to model/model.src0tgt0.trans.batch70.opt64.npz.optimizer.npz
[2018-11-28 05:56:59] Ep. 6 : Up. 46000 : Sen. 171500 : Cost 77.32 : Time 443.02s : 4561.65 words/s : L.r. 1.7693e-04
[2018-11-28 06:00:05] Ep. 6 : Up. 47000 : Sen. 241500 : Cost 79.80 : Time 186.30s : 11181.29 words/s : L.r. 1.7504e-04
[2018-11-28 06:03:11] Ep. 6 : Up. 48000 : Sen. 311500 : Cost 79.33 : Time 185.29s : 11162.63 words/s : L.r. 1.7321e-04
[2018-11-28 06:06:17] Ep. 6 : Up. 49000 : Sen. 381500 : Cost 80.07 : Time 186.38s : 11193.10 words/s : L.r. 1.7143e-04
[2018-11-28 06:09:21] Ep. 6 : Up. 50000 : Sen. 451500 : Cost 78.62 : Time 183.97s : 11171.77 words/s : L.r. 1.6971e-04
[2018-11-28 06:12:26] Ep. 6 : Up. 51000 : Sen. 521500 : Cost 78.94 : Time 184.62s : 11183.82 words/s : L.r. 1.6803e-04
[2018-11-28 06:15:32] Ep. 6 : Up. 52000 : Sen. 591464 : Cost 79.66 : Time 186.49s : 11161.66 words/s : L.r. 1.6641e-04
[2018-11-28 06:16:21] Seen 609664 samples
[2018-11-28 06:16:21] Starting epoch 7
[2018-11-28 06:16:21] [data] Shuffling files
[2018-11-28 06:16:23] [data] Done
[2018-11-28 06:18:46] Ep. 7 : Up. 53000 : Sen. 51800 : Cost 78.78 : Time 193.80s : 10841.41 words/s : L.r. 1.6483e-04
[2018-11-28 06:21:47] Ep. 7 : Up. 54000 : Sen. 121800 : Cost 75.34 : Time 181.23s : 11126.92 words/s : L.r. 1.6330e-04
[2018-11-28 06:24:52] Ep. 7 : Up. 55000 : Sen. 191800 : Cost 77.80 : Time 184.73s : 11196.85 words/s : L.r. 1.6181e-04
[2018-11-28 06:27:59] Ep. 7 : Up. 56000 : Sen. 261800 : Cost 78.61 : Time 186.76s : 11220.82 words/s : L.r. 1.6036e-04
[2018-11-28 06:31:02] Ep. 7 : Up. 57000 : Sen. 331800 : Cost 76.82 : Time 183.03s : 11164.43 words/s : L.r. 1.5894e-04
[2018-11-28 06:34:08] Ep. 7 : Up. 58000 : Sen. 401800 : Cost 78.44 : Time 186.41s : 11218.67 words/s : L.r. 1.5757e-04
[2018-11-28 06:37:13] Ep. 7 : Up. 59000 : Sen. 471800 : Cost 77.32 : Time 184.45s : 11167.73 words/s : L.r. 1.5623e-04
[2018-11-28 06:40:18] Ep. 7 : Up. 60000 : Sen. 541800 : Cost 78.12 : Time 185.43s : 11220.33 words/s : L.r. 1.5492e-04
[2018-11-28 06:40:27] [valid] Ep. 7 : Up. 60000 : cross-entropy : 49.7209 : new best
[2018-11-28 06:40:36] [valid] Ep. 7 : Up. 60000 : perplexity : 4.98371 : new best
Detokenizer Version $Revision: 4134 $
Language: en
[2018-11-28 06:44:28] [valid] Ep. 7 : Up. 60000 : translation : 27.96 : new best
[2018-11-28 06:44:28] Saving model weights and runtime parameters to model/model.src0tgt0.trans.batch70.opt64.npz.orig.npz
[2018-11-28 06:44:31] Saving model weights and runtime parameters to model/model.src0tgt0.trans.batch70.opt64.iter60000.npz
[2018-11-28 06:44:36] Saving model weights and runtime parameters to model/model.src0tgt0.trans.batch70.opt64.npz
[2018-11-28 06:44:40] Saving Adam parameters to model/model.src0tgt0.trans.batch70.opt64.npz.optimizer.npz
[2018-11-28 06:47:51] Seen 609664 samples
[2018-11-28 06:47:51] Starting epoch 8
[2018-11-28 06:47:51] [data] Shuffling files
[2018-11-28 06:47:53] [data] Done
[2018-11-28 06:48:02] Ep. 8 : Up. 61000 : Sen. 2100 : Cost 77.58 : Time 464.30s : 4454.53 words/s : L.r. 1.5364e-04
[2018-11-28 06:51:08] Ep. 8 : Up. 62000 : Sen. 72100 : Cost 75.39 : Time 185.39s : 11115.56 words/s : L.r. 1.5240e-04
[2018-11-28 06:54:14] Ep. 8 : Up. 63000 : Sen. 142100 : Cost 76.63 : Time 186.46s : 11157.48 words/s : L.r. 1.5119e-04
[2018-11-28 06:57:20] Ep. 8 : Up. 64000 : Sen. 212100 : Cost 76.48 : Time 185.69s : 11146.33 words/s : L.r. 1.5000e-04
[2018-11-28 07:00:26] Ep. 8 : Up. 65000 : Sen. 282100 : Cost 76.81 : Time 185.90s : 11168.80 words/s : L.r. 1.4884e-04
[2018-11-28 07:03:31] Ep. 8 : Up. 66000 : Sen. 352100 : Cost 76.68 : Time 185.17s : 11194.72 words/s : L.r. 1.4771e-04
[2018-11-28 07:06:35] Ep. 8 : Up. 67000 : Sen. 422100 : Cost 75.80 : Time 184.09s : 11140.61 words/s : L.r. 1.4660e-04
[2018-11-28 07:09:41] Ep. 8 : Up. 68000 : Sen. 492100 : Cost 76.78 : Time 185.76s : 11170.65 words/s : L.r. 1.4552e-04
[2018-11-28 07:12:46] Ep. 8 : Up. 69000 : Sen. 562100 : Cost 76.46 : Time 184.92s : 11159.15 words/s : L.r. 1.4446e-04
[2018-11-28 07:14:52] Seen 609664 samples
[2018-11-28 07:14:52] Starting epoch 9
[2018-11-28 07:14:52] [data] Shuffling files
[2018-11-28 07:14:54] [data] Done
[2018-11-28 07:15:56] Ep. 9 : Up. 70000 : Sen. 22400 : Cost 75.54 : Time 190.79s : 10777.08 words/s : L.r. 1.4343e-04
[2018-11-28 07:19:02] Ep. 9 : Up. 71000 : Sen. 92400 : Cost 74.91 : Time 185.99s : 11124.77 words/s : L.r. 1.4241e-04
[2018-11-28 07:22:07] Ep. 9 : Up. 72000 : Sen. 162400 : Cost 74.97 : Time 184.64s : 11128.62 words/s : L.r. 1.4142e-04
[2018-11-28 07:25:14] Ep. 9 : Up. 73000 : Sen. 232400 : Cost 76.17 : Time 186.54s : 11212.68 words/s : L.r. 1.4045e-04
[2018-11-28 07:28:20] Ep. 9 : Up. 74000 : Sen. 302400 : Cost 75.68 : Time 186.08s : 11141.50 words/s : L.r. 1.3950e-04
[2018-11-28 07:31:25] Ep. 9 : Up. 75000 : Sen. 372400 : Cost 75.46 : Time 185.33s : 11155.75 words/s : L.r. 1.3856e-04
[2018-11-28 07:31:34] [valid] Ep. 9 : Up. 75000 : cross-entropy : 48.5147 : new best
[2018-11-28 07:31:43] [valid] Ep. 9 : Up. 75000 : perplexity : 4.79326 : new best
Detokenizer Version $Revision: 4134 $
Language: en
[2018-11-28 07:35:35] [valid] Ep. 9 : Up. 75000 : translation : 28.32 : new best
[2018-11-28 07:35:35] Saving model weights and runtime parameters to model/model.src0tgt0.trans.batch70.opt64.npz.orig.npz
[2018-11-28 07:35:39] Saving model weights and runtime parameters to model/model.src0tgt0.trans.batch70.opt64.iter75000.npz
[2018-11-28 07:35:43] Saving model weights and runtime parameters to model/model.src0tgt0.trans.batch70.opt64.npz
[2018-11-28 07:35:48] Saving Adam parameters to model/model.src0tgt0.trans.batch70.opt64.npz.optimizer.npz
[2018-11-28 07:39:01] Ep. 9 : Up. 76000 : Sen. 442400 : Cost 74.74 : Time 456.12s : 4488.13 words/s : L.r. 1.3765e-04
[2018-11-28 07:42:09] Ep. 9 : Up. 77000 : Sen. 512400 : Cost 76.81 : Time 187.97s : 11163.10 words/s : L.r. 1.3675e-04
[2018-11-28 07:45:14] Ep. 9 : Up. 78000 : Sen. 582364 : Cost 75.16 : Time 184.92s : 11112.39 words/s : L.r. 1.3587e-04
[2018-11-28 07:46:27] Seen 609664 samples
[2018-11-28 07:46:27] Starting epoch 10
[2018-11-28 07:46:27] [data] Shuffling files
[2018-11-28 07:46:29] [data] Done
[2018-11-28 07:48:29] Ep. 10 : Up. 79000 : Sen. 42700 : Cost 75.74 : Time 194.55s : 10808.47 words/s : L.r. 1.3501e-04
[2018-11-28 07:51:31] Ep. 10 : Up. 80000 : Sen. 112700 : Cost 72.64 : Time 182.58s : 11113.18 words/s : L.r. 1.3416e-04
[2018-11-28 07:54:36] Ep. 10 : Up. 81000 : Sen. 182700 : Cost 74.19 : Time 185.24s : 11122.06 words/s : L.r. 1.3333e-04
[2018-11-28 07:57:42] Ep. 10 : Up. 82000 : Sen. 252700 : Cost 75.15 : Time 185.87s : 11207.13 words/s : L.r. 1.3252e-04
[2018-11-28 08:00:47] Ep. 10 : Up. 83000 : Sen. 322700 : Cost 74.20 : Time 184.73s : 11128.08 words/s : L.r. 1.3172e-04
[2018-11-28 08:03:54] Ep. 10 : Up. 84000 : Sen. 392700 : Cost 76.18 : Time 187.20s : 11229.09 words/s : L.r. 1.3093e-04
[2018-11-28 08:06:56] Ep. 10 : Up. 85000 : Sen. 462700 : Cost 73.42 : Time 181.91s : 11155.87 words/s : L.r. 1.3016e-04
[2018-11-28 08:10:03] Ep. 10 : Up. 86000 : Sen. 532700 : Cost 75.81 : Time 186.46s : 11221.84 words/s : L.r. 1.2940e-04
[2018-11-28 08:13:08] Ep. 10 : Up. 87000 : Sen. 602700 : Cost 74.90 : Time 185.61s : 11143.58 words/s : L.r. 1.2865e-04
[2018-11-28 08:13:27] Seen 609664 samples
[2018-11-28 08:13:27] Starting epoch 11
[2018-11-28 08:13:27] [data] Shuffling files
[2018-11-28 08:13:29] [data] Done
[2018-11-28 08:16:20] Ep. 11 : Up. 88000 : Sen. 63000 : Cost 73.55 : Time 191.50s : 10807.31 words/s : L.r. 1.2792e-04
[2018-11-28 08:19:25] Ep. 11 : Up. 89000 : Sen. 133000 : Cost 73.19 : Time 185.16s : 11137.35 words/s : L.r. 1.2720e-04
[2018-11-28 08:22:29] Ep. 11 : Up. 90000 : Sen. 203000 : Cost 73.29 : Time 183.82s : 11159.41 words/s : L.r. 1.2649e-04
[2018-11-28 08:22:38] [valid] Ep. 11 : Up. 90000 : cross-entropy : 47.6963 : new best
[2018-11-28 08:22:47] [valid] Ep. 11 : Up. 90000 : perplexity : 4.6682 : new best
Detokenizer Version $Revision: 4134 $
Language: en
[2018-11-28 08:26:45] [valid] Ep. 11 : Up. 90000 : translation : 28.67 : new best
[2018-11-28 08:26:45] Saving model weights and runtime parameters to model/model.src0tgt0.trans.batch70.opt64.npz.orig.npz
[2018-11-28 08:26:49] Saving model weights and runtime parameters to model/model.src0tgt0.trans.batch70.opt64.iter90000.npz
[2018-11-28 08:26:53] Saving model weights and runtime parameters to model/model.src0tgt0.trans.batch70.opt64.npz
[2018-11-28 08:26:57] Saving Adam parameters to model/model.src0tgt0.trans.batch70.opt64.npz.optimizer.npz
[2018-11-28 08:30:13] Ep. 11 : Up. 91000 : Sen. 273000 : Cost 74.47 : Time 464.80s : 4479.27 words/s : L.r. 1.2579e-04
[2018-11-28 08:33:20] Ep. 11 : Up. 92000 : Sen. 343000 : Cost 74.03 : Time 186.30s : 11092.81 words/s : L.r. 1.2511e-04
[2018-11-28 08:36:26] Ep. 11 : Up. 93000 : Sen. 413000 : Cost 74.58 : Time 186.27s : 11151.94 words/s : L.r. 1.2443e-04
[2018-11-28 08:39:31] Ep. 11 : Up. 94000 : Sen. 483000 : Cost 74.11 : Time 184.98s : 11191.62 words/s : L.r. 1.2377e-04
[2018-11-28 08:42:35] Ep. 11 : Up. 95000 : Sen. 553000 : Cost 73.81 : Time 184.19s : 11171.58 words/s : L.r. 1.2312e-04
[2018-11-28 08:45:06] Seen 609664 samples
[2018-11-28 08:45:06] Starting epoch 12
[2018-11-28 08:45:06] [data] Shuffling files
[2018-11-28 08:45:08] [data] Done
[2018-11-28 08:45:47] Ep. 12 : Up. 96000 : Sen. 13300 : Cost 74.22 : Time 192.15s : 10799.81 words/s : L.r. 1.2247e-04
[2018-11-28 08:48:54] Ep. 12 : Up. 97000 : Sen. 83300 : Cost 73.33 : Time 186.45s : 11172.13 words/s : L.r. 1.2184e-04
[2018-11-28 08:51:57] Ep. 12 : Up. 98000 : Sen. 153300 : Cost 72.18 : Time 183.40s : 11158.96 words/s : L.r. 1.2122e-04
[2018-11-28 08:55:03] Ep. 12 : Up. 99000 : Sen. 223300 : Cost 73.81 : Time 186.03s : 11203.33 words/s : L.r. 1.2060e-04
[2018-11-28 08:58:09] Ep. 12 : Up. 100000 : Sen. 293300 : Cost 73.84 : Time 185.78s : 11199.17 words/s : L.r. 1.2000e-04
[2018-11-28 09:01:11] Ep. 12 : Up. 101000 : Sen. 363300 : Cost 72.41 : Time 182.08s : 11193.12 words/s : L.r. 1.1940e-04
[2018-11-28 09:04:18] Ep. 12 : Up. 102000 : Sen. 433300 : Cost 74.48 : Time 186.64s : 11223.51 words/s : L.r. 1.1882e-04
[2018-11-28 09:07:22] Ep. 12 : Up. 103000 : Sen. 503300 : Cost 73.36 : Time 184.40s : 11166.64 words/s : L.r. 1.1824e-04
[2018-11-28 09:10:27] Ep. 12 : Up. 104000 : Sen. 573300 : Cost 73.40 : Time 184.60s : 11144.90 words/s : L.r. 1.1767e-04
[2018-11-28 09:12:04] Seen 609664 samples
[2018-11-28 09:12:04] Starting epoch 13
[2018-11-28 09:12:04] [data] Shuffling files
[2018-11-28 09:12:06] [data] Done
[2018-11-28 09:13:36] Ep. 13 : Up. 105000 : Sen. 33600 : Cost 72.19 : Time 189.38s : 10813.52 words/s : L.r. 1.1711e-04
[2018-11-28 09:13:45] [valid] Ep. 13 : Up. 105000 : cross-entropy : 47.1405 : new best
[2018-11-28 09:13:54] [valid] Ep. 13 : Up. 105000 : perplexity : 4.58513 : new best
Detokenizer Version $Revision: 4134 $
Language: en
[2018-11-28 09:17:55] [valid] Ep. 13 : Up. 105000 : translation : 28.86 : new best
[2018-11-28 09:17:55] Saving model weights and runtime parameters to model/model.src0tgt0.trans.batch70.opt64.npz.orig.npz
[2018-11-28 09:17:59] Saving model weights and runtime parameters to model/model.src0tgt0.trans.batch70.opt64.iter105000.npz
[2018-11-28 09:18:03] Saving model weights and runtime parameters to model/model.src0tgt0.trans.batch70.opt64.npz
[2018-11-28 09:18:08] Saving Adam parameters to model/model.src0tgt0.trans.batch70.opt64.npz.optimizer.npz
[2018-11-28 09:21:27] Ep. 13 : Up. 106000 : Sen. 103600 : Cost 74.56 : Time 471.21s : 4514.24 words/s : L.r. 1.1655e-04
[2018-11-28 09:24:32] Ep. 13 : Up. 107000 : Sen. 173600 : Cost 71.97 : Time 185.14s : 11082.22 words/s : L.r. 1.1601e-04
[2018-11-28 09:27:35] Ep. 13 : Up. 108000 : Sen. 243600 : Cost 71.87 : Time 182.99s : 11186.77 words/s : L.r. 1.1547e-04
[2018-11-28 09:30:44] Ep. 13 : Up. 109000 : Sen. 313600 : Cost 74.25 : Time 188.11s : 11193.17 words/s : L.r. 1.1494e-04
[2018-11-28 09:33:44] Ep. 13 : Up. 110000 : Sen. 383600 : Cost 70.51 : Time 180.10s : 11111.57 words/s : L.r. 1.1442e-04
[2018-11-28 09:36:52] Ep. 13 : Up. 111000 : Sen. 453600 : Cost 74.64 : Time 188.16s : 11202.63 words/s : L.r. 1.1390e-04
[2018-11-28 09:39:56] Ep. 13 : Up. 112000 : Sen. 523600 : Cost 72.89 : Time 184.28s : 11178.39 words/s : L.r. 1.1339e-04
[2018-11-28 09:43:03] Ep. 13 : Up. 113000 : Sen. 593600 : Cost 74.22 : Time 186.84s : 11185.67 words/s : L.r. 1.1289e-04
[2018-11-28 09:43:44] Seen 609664 samples
[2018-11-28 09:43:44] Starting epoch 14
[2018-11-28 09:43:44] [data] Shuffling files
[2018-11-28 09:43:47] [data] Done
[2018-11-28 09:46:13] Ep. 14 : Up. 114000 : Sen. 53900 : Cost 71.32 : Time 190.08s : 10785.37 words/s : L.r. 1.1239e-04
[2018-11-28 09:49:18] Ep. 14 : Up. 115000 : Sen. 123900 : Cost 72.09 : Time 185.36s : 11179.71 words/s : L.r. 1.1190e-04
[2018-11-28 09:52:25] Ep. 14 : Up. 116000 : Sen. 193900 : Cost 72.70 : Time 186.19s : 11195.16 words/s : L.r. 1.1142e-04
[2018-11-28 09:55:29] Ep. 14 : Up. 117000 : Sen. 263900 : Cost 72.22 : Time 184.67s : 11168.92 words/s : L.r. 1.1094e-04
[2018-11-28 09:58:34] Ep. 14 : Up. 118000 : Sen. 333900 : Cost 72.22 : Time 184.67s : 11160.75 words/s : L.r. 1.1047e-04
[2018-11-28 10:01:38] Ep. 14 : Up. 119000 : Sen. 403900 : Cost 72.40 : Time 183.95s : 11222.87 words/s : L.r. 1.1000e-04
[2018-11-28 10:04:43] Ep. 14 : Up. 120000 : Sen. 473900 : Cost 72.95 : Time 185.42s : 11155.54 words/s : L.r. 1.0954e-04
[2018-11-28 10:04:52] [valid] Ep. 14 : Up. 120000 : cross-entropy : 46.7876 : new best
[2018-11-28 10:05:01] [valid] Ep. 14 : Up. 120000 : perplexity : 4.53316 : new best
Detokenizer Version $Revision: 4134 $
Language: en
[2018-11-28 10:08:54] [valid] Ep. 14 : Up. 120000 : translation : 28.89 : new best
[2018-11-28 10:08:54] Saving model weights and runtime parameters to model/model.src0tgt0.trans.batch70.opt64.npz.orig.npz
[2018-11-28 10:08:58] Saving model weights and runtime parameters to model/model.src0tgt0.trans.batch70.opt64.iter120000.npz
[2018-11-28 10:09:02] Saving model weights and runtime parameters to model/model.src0tgt0.trans.batch70.opt64.npz
[2018-11-28 10:09:07] Saving Adam parameters to model/model.src0tgt0.trans.batch70.opt64.npz.optimizer.npz
[2018-11-28 10:12:21] Ep. 14 : Up. 121000 : Sen. 543900 : Cost 72.27 : Time 457.76s : 4493.56 words/s : L.r. 1.0909e-04
[2018-11-28 10:15:18] Seen 609664 samples
[2018-11-28 10:15:18] Starting epoch 15
[2018-11-28 10:15:18] [data] Shuffling files
[2018-11-28 10:15:20] [data] Done
[2018-11-28 10:15:35] Ep. 15 : Up. 122000 : Sen. 4200 : Cost 73.37 : Time 194.19s : 10754.94 words/s : L.r. 1.0864e-04
[2018-11-28 10:18:40] Ep. 15 : Up. 123000 : Sen. 74200 : Cost 70.52 : Time 184.52s : 11123.27 words/s : L.r. 1.0820e-04
[2018-11-28 10:21:46] Ep. 15 : Up. 124000 : Sen. 144200 : Cost 72.04 : Time 186.43s : 11163.94 words/s : L.r. 1.0776e-04
[2018-11-28 10:24:52] Ep. 15 : Up. 125000 : Sen. 214200 : Cost 72.10 : Time 185.69s : 11170.58 words/s : L.r. 1.0733e-04
[2018-11-28 10:27:56] Ep. 15 : Up. 126000 : Sen. 284200 : Cost 71.42 : Time 184.10s : 11155.08 words/s : L.r. 1.0690e-04
[2018-11-28 10:31:00] Ep. 15 : Up. 127000 : Sen. 354200 : Cost 71.76 : Time 184.44s : 11145.84 words/s : L.r. 1.0648e-04
[2018-11-28 10:34:06] Ep. 15 : Up. 128000 : Sen. 424200 : Cost 72.47 : Time 185.58s : 11184.64 words/s : L.r. 1.0607e-04
[2018-11-28 10:37:12] Ep. 15 : Up. 129000 : Sen. 494200 : Cost 72.61 : Time 185.66s : 11181.83 words/s : L.r. 1.0565e-04
[2018-11-28 10:40:17] Ep. 15 : Up. 130000 : Sen. 564200 : Cost 72.50 : Time 185.10s : 11181.22 words/s : L.r. 1.0525e-04
[2018-11-28 10:42:18] Seen 609664 samples
[2018-11-28 10:42:18] Starting epoch 16
[2018-11-28 10:42:18] [data] Shuffling files
[2018-11-28 10:42:20] [data] Done
[2018-11-28 10:43:30] Ep. 16 : Up. 131000 : Sen. 24500 : Cost 72.51 : Time 193.28s : 10785.01 words/s : L.r. 1.0484e-04
[2018-11-28 10:46:35] Ep. 16 : Up. 132000 : Sen. 94500 : Cost 70.37 : Time 184.74s : 11133.60 words/s : L.r. 1.0445e-04
[2018-11-28 10:49:43] Ep. 16 : Up. 133000 : Sen. 164500 : Cost 72.75 : Time 188.31s : 11199.52 words/s : L.r. 1.0405e-04
[2018-11-28 10:52:46] Ep. 16 : Up. 134000 : Sen. 234500 : Cost 70.35 : Time 182.98s : 11156.71 words/s : L.r. 1.0366e-04
[2018-11-28 10:55:50] Ep. 16 : Up. 135000 : Sen. 304500 : Cost 71.47 : Time 184.35s : 11204.11 words/s : L.r. 1.0328e-04
[2018-11-28 10:55:59] [valid] Ep. 16 : Up. 135000 : cross-entropy : 46.5887 : new best
[2018-11-28 10:56:08] [valid] Ep. 16 : Up. 135000 : perplexity : 4.50412 : new best
Detokenizer Version $Revision: 4134 $
Language: en
[2018-11-28 11:00:01] [valid] Ep. 16 : Up. 135000 : translation : 29.01 : new best
[2018-11-28 11:00:01] Saving model weights and runtime parameters to model/model.src0tgt0.trans.batch70.opt64.npz.orig.npz
[2018-11-28 11:00:05] Saving model weights and runtime parameters to model/model.src0tgt0.trans.batch70.opt64.iter135000.npz
[2018-11-28 11:00:09] Saving model weights and runtime parameters to model/model.src0tgt0.trans.batch70.opt64.npz
[2018-11-28 11:00:14] Saving Adam parameters to model/model.src0tgt0.trans.batch70.opt64.npz.optimizer.npz
[2018-11-28 11:03:27] Ep. 16 : Up. 136000 : Sen. 374500 : Cost 70.72 : Time 456.40s : 4464.98 words/s : L.r. 1.0290e-04
[2018-11-28 11:06:37] Ep. 16 : Up. 137000 : Sen. 444500 : Cost 74.33 : Time 190.14s : 11202.93 words/s : L.r. 1.0252e-04
[2018-11-28 11:09:37] Ep. 16 : Up. 138000 : Sen. 514500 : Cost 69.37 : Time 179.86s : 11106.91 words/s : L.r. 1.0215e-04
[2018-11-28 11:12:44] Ep. 16 : Up. 139000 : Sen. 584500 : Cost 73.01 : Time 187.38s : 11169.75 words/s : L.r. 1.0178e-04
[2018-11-28 11:13:51] Seen 609664 samples
[2018-11-28 11:13:51] Starting epoch 17
[2018-11-28 11:13:51] [data] Shuffling files
[2018-11-28 11:13:53] [data] Done
[2018-11-28 11:15:56] Ep. 17 : Up. 140000 : Sen. 44800 : Cost 71.35 : Time 192.03s : 10822.12 words/s : L.r. 1.0142e-04
[2018-11-28 11:18:59] Ep. 17 : Up. 141000 : Sen. 114800 : Cost 69.84 : Time 182.83s : 11182.72 words/s : L.r. 1.0106e-04
[2018-11-28 11:22:06] Ep. 17 : Up. 142000 : Sen. 184800 : Cost 71.90 : Time 186.60s : 11206.13 words/s : L.r. 1.0070e-04
[2018-11-28 11:25:10] Ep. 17 : Up. 143000 : Sen. 254800 : Cost 71.00 : Time 184.49s : 11184.06 words/s : L.r. 1.0035e-04
[2018-11-28 11:28:14] Ep. 17 : Up. 144000 : Sen. 324800 : Cost 70.48 : Time 183.31s : 11164.56 words/s : L.r. 1.0000e-04
[2018-11-28 11:31:20] Ep. 17 : Up. 145000 : Sen. 394800 : Cost 72.44 : Time 186.75s : 11217.86 words/s : L.r. 9.9655e-05
[2018-11-28 11:34:26] Ep. 17 : Up. 146000 : Sen. 464800 : Cost 71.93 : Time 185.68s : 11199.46 words/s : L.r. 9.9313e-05
[2018-11-28 11:37:31] Ep. 17 : Up. 147000 : Sen. 534800 : Cost 71.55 : Time 185.00s : 11157.19 words/s : L.r. 9.8974e-05
[2018-11-28 11:40:35] Ep. 17 : Up. 148000 : Sen. 604764 : Cost 71.19 : Time 184.51s : 11128.44 words/s : L.r. 9.8639e-05
[2018-11-28 11:40:49] Seen 609664 samples
[2018-11-28 11:40:49] Starting epoch 18
[2018-11-28 11:40:49] [data] Shuffling files
[2018-11-28 11:40:51] [data] Done
[2018-11-28 11:43:48] Ep. 18 : Up. 149000 : Sen. 65100 : Cost 70.99 : Time 192.51s : 10858.15 words/s : L.r. 9.8308e-05
[2018-11-28 11:46:53] Ep. 18 : Up. 150000 : Sen. 135100 : Cost 70.49 : Time 185.25s : 11176.04 words/s : L.r. 9.7980e-05
[2018-11-28 11:47:02] [valid] Ep. 18 : Up. 150000 : cross-entropy : 46.3971 : new best
[2018-11-28 11:47:11] [valid] Ep. 18 : Up. 150000 : perplexity : 4.47633 : new best
Detokenizer Version $Revision: 4134 $
Language: en
[2018-11-28 11:50:56] [valid] Ep. 18 : Up. 150000 : translation : 29.12 : new best
[2018-11-28 11:50:56] Saving model weights and runtime parameters to model/model.src0tgt0.trans.batch70.opt64.npz.orig.npz
[2018-11-28 11:51:00] Saving model weights and runtime parameters to model/model.src0tgt0.trans.batch70.opt64.iter150000.npz
[2018-11-28 11:51:04] Saving model weights and runtime parameters to model/model.src0tgt0.trans.batch70.opt64.npz
[2018-11-28 11:51:08] Saving Adam parameters to model/model.src0tgt0.trans.batch70.opt64.npz.optimizer.npz
[2018-11-28 11:54:21] Ep. 18 : Up. 151000 : Sen. 205100 : Cost 70.01 : Time 448.17s : 4572.90 words/s : L.r. 9.7655e-05
[2018-11-28 11:57:26] Ep. 18 : Up. 152000 : Sen. 275100 : Cost 70.76 : Time 185.00s : 11151.15 words/s : L.r. 9.7333e-05
[2018-11-28 12:00:30] Ep. 18 : Up. 153000 : Sen. 345100 : Cost 70.42 : Time 183.32s : 11197.26 words/s : L.r. 9.7014e-05
[2018-11-28 12:03:37] Ep. 18 : Up. 154000 : Sen. 415100 : Cost 72.26 : Time 186.81s : 11229.40 words/s : L.r. 9.6699e-05
[2018-11-28 12:06:42] Ep. 18 : Up. 155000 : Sen. 485100 : Cost 71.35 : Time 185.14s : 11193.34 words/s : L.r. 9.6386e-05
[2018-11-28 12:09:45] Ep. 18 : Up. 156000 : Sen. 555100 : Cost 70.63 : Time 183.19s : 11188.05 words/s : L.r. 9.6077e-05
[2018-11-28 12:12:10] Seen 609664 samples
[2018-11-28 12:12:10] Starting epoch 19
[2018-11-28 12:12:10] [data] Shuffling files
[2018-11-28 12:12:12] [data] Done
[2018-11-28 12:12:57] Ep. 19 : Up. 157000 : Sen. 15400 : Cost 71.55 : Time 192.00s : 10836.36 words/s : L.r. 9.5770e-05
[2018-11-28 12:16:02] Ep. 19 : Up. 158000 : Sen. 85400 : Cost 69.80 : Time 185.44s : 11142.54 words/s : L.r. 9.5467e-05
[2018-11-28 12:19:08] Ep. 19 : Up. 159000 : Sen. 155400 : Cost 70.55 : Time 185.70s : 11178.24 words/s : L.r. 9.5166e-05
[2018-11-28 12:22:10] Ep. 19 : Up. 160000 : Sen. 225400 : Cost 69.13 : Time 182.44s : 11141.25 words/s : L.r. 9.4868e-05
[2018-11-28 12:25:15] Ep. 19 : Up. 161000 : Sen. 295400 : Cost 70.57 : Time 184.64s : 11189.24 words/s : L.r. 9.4573e-05
[2018-11-28 12:28:21] Ep. 19 : Up. 162000 : Sen. 365400 : Cost 71.25 : Time 186.05s : 11190.63 words/s : L.r. 9.4281e-05
[2018-11-28 12:31:26] Ep. 19 : Up. 163000 : Sen. 435400 : Cost 70.74 : Time 184.95s : 11173.60 words/s : L.r. 9.3991e-05
[2018-11-28 12:34:32] Ep. 19 : Up. 164000 : Sen. 505400 : Cost 71.27 : Time 185.50s : 11178.75 words/s : L.r. 9.3704e-05
[2018-11-28 12:37:37] Ep. 19 : Up. 165000 : Sen. 575400 : Cost 71.45 : Time 185.41s : 11201.52 words/s : L.r. 9.3420e-05
[2018-11-28 12:37:47] [valid] Ep. 19 : Up. 165000 : cross-entropy : 46.3257 : new best
[2018-11-28 12:37:57] [valid] Ep. 19 : Up. 165000 : perplexity : 4.46603 : new best
Detokenizer Version $Revision: 4134 $
Language: en
[2018-11-28 12:42:06] [valid] Ep. 19 : Up. 165000 : translation : 29.23 : new best
[2018-11-28 12:42:06] Saving model weights and runtime parameters to model/model.src0tgt0.trans.batch70.opt64.npz.orig.npz
[2018-11-28 12:42:10] Saving model weights and runtime parameters to model/model.src0tgt0.trans.batch70.opt64.iter165000.npz
[2018-11-28 12:42:18] Saving model weights and runtime parameters to model/model.src0tgt0.trans.batch70.opt64.npz
[2018-11-28 12:42:26] Saving Adam parameters to model/model.src0tgt0.trans.batch70.opt64.npz.optimizer.npz
[2018-11-28 12:44:09] Seen 609664 samples
[2018-11-28 12:44:09] Starting epoch 20
[2018-11-28 12:44:09] [data] Shuffling files
[2018-11-28 12:44:11] [data] Done
[2018-11-28 12:45:50] Ep. 20 : Up. 166000 : Sen. 35700 : Cost 70.18 : Time 492.65s : 4187.47 words/s : L.r. 9.3138e-05
[2018-11-28 12:48:54] Ep. 20 : Up. 167000 : Sen. 105700 : Cost 69.09 : Time 184.62s : 11093.40 words/s : L.r. 9.2859e-05
[2018-11-28 12:52:02] Ep. 20 : Up. 168000 : Sen. 175700 : Cost 71.73 : Time 187.87s : 11286.01 words/s : L.r. 9.2582e-05
[2018-11-28 12:55:07] Ep. 20 : Up. 169000 : Sen. 245700 : Cost 70.10 : Time 184.51s : 11191.74 words/s : L.r. 9.2308e-05
[2018-11-28 12:58:10] Ep. 20 : Up. 170000 : Sen. 315700 : Cost 69.72 : Time 182.64s : 11207.82 words/s : L.r. 9.2036e-05
[2018-11-28 13:01:17] Ep. 20 : Up. 171000 : Sen. 385700 : Cost 71.75 : Time 186.86s : 11243.33 words/s : L.r. 9.1766e-05
[2018-11-28 13:04:18] Ep. 20 : Up. 172000 : Sen. 455700 : Cost 69.26 : Time 181.69s : 11190.77 words/s : L.r. 9.1499e-05
[2018-11-28 13:07:23] Ep. 20 : Up. 173000 : Sen. 525700 : Cost 71.32 : Time 184.81s : 11252.36 words/s : L.r. 9.1234e-05
[2018-11-28 13:10:29] Ep. 20 : Up. 174000 : Sen. 595664 : Cost 71.17 : Time 186.11s : 11159.15 words/s : L.r. 9.0972e-05
[2018-11-28 13:11:05] Seen 609664 samples
[2018-11-28 13:11:05] Starting epoch 21
[2018-11-28 13:11:05] [data] Shuffling files
[2018-11-28 13:11:07] [data] Done
[2018-11-28 13:13:38] Ep. 21 : Up. 175000 : Sen. 56000 : Cost 68.89 : Time 189.19s : 10840.33 words/s : L.r. 9.0711e-05
[2018-11-28 13:16:45] Ep. 21 : Up. 176000 : Sen. 126000 : Cost 70.66 : Time 186.36s : 11252.26 words/s : L.r. 9.0453e-05
[2018-11-28 13:19:47] Ep. 21 : Up. 177000 : Sen. 196000 : Cost 68.85 : Time 182.61s : 11175.95 words/s : L.r. 9.0198e-05
[2018-11-28 13:22:52] Ep. 21 : Up. 178000 : Sen. 266000 : Cost 70.05 : Time 184.56s : 11230.38 words/s : L.r. 8.9944e-05
[2018-11-28 13:25:56] Ep. 21 : Up. 179000 : Sen. 336000 : Cost 70.33 : Time 184.38s : 11217.80 words/s : L.r. 8.9692e-05
[2018-11-28 13:29:02] Ep. 21 : Up. 180000 : Sen. 406000 : Cost 70.81 : Time 185.83s : 11211.25 words/s : L.r. 8.9443e-05
[2018-11-28 13:29:11] [valid] Ep. 21 : Up. 180000 : cross-entropy : 46.2917 : new best
[2018-11-28 13:29:20] [valid] Ep. 21 : Up. 180000 : perplexity : 4.46112 : new best
Detokenizer Version $Revision: 4134 $
Language: en
[2018-11-28 13:33:20] [valid] Ep. 21 : Up. 180000 : translation : 29.25 : new best
[2018-11-28 13:33:20] Saving model weights and runtime parameters to model/model.src0tgt0.trans.batch70.opt64.npz.orig.npz
[2018-11-28 13:33:24] Saving model weights and runtime parameters to model/model.src0tgt0.trans.batch70.opt64.iter180000.npz
[2018-11-28 13:33:28] Saving model weights and runtime parameters to model/model.src0tgt0.trans.batch70.opt64.npz
[2018-11-28 13:33:32] Saving Adam parameters to model/model.src0tgt0.trans.batch70.opt64.npz.optimizer.npz
[2018-11-28 13:36:46] Ep. 21 : Up. 181000 : Sen. 476000 : Cost 69.92 : Time 463.52s : 4430.39 words/s : L.r. 8.9195e-05
[2018-11-28 13:39:53] Ep. 21 : Up. 182000 : Sen. 546000 : Cost 71.63 : Time 187.67s : 11166.15 words/s : L.r. 8.8950e-05
[2018-11-28 13:42:41] Seen 609664 samples
[2018-11-28 13:42:41] Starting epoch 22
[2018-11-28 13:42:41] [data] Shuffling files
[2018-11-28 13:42:43] [data] Done
[2018-11-28 13:43:04] Ep. 22 : Up. 183000 : Sen. 6300 : Cost 69.78 : Time 190.31s : 10776.67 words/s : L.r. 8.8707e-05
[2018-11-28 13:46:09] Ep. 22 : Up. 184000 : Sen. 76300 : Cost 69.26 : Time 185.09s : 11186.17 words/s : L.r. 8.8465e-05
[2018-11-28 13:49:13] Ep. 22 : Up. 185000 : Sen. 146300 : Cost 69.19 : Time 184.22s : 11188.48 words/s : L.r. 8.8226e-05
[2018-11-28 13:52:18] Ep. 22 : Up. 186000 : Sen. 216300 : Cost 69.65 : Time 184.93s : 11195.73 words/s : L.r. 8.7988e-05
[2018-11-28 13:55:21] Ep. 22 : Up. 187000 : Sen. 286300 : Cost 68.94 : Time 183.11s : 11162.72 words/s : L.r. 8.7753e-05
[2018-11-28 13:58:27] Ep. 22 : Up. 188000 : Sen. 356300 : Cost 70.78 : Time 186.06s : 11228.80 words/s : L.r. 8.7519e-05
[2018-11-28 14:01:32] Ep. 22 : Up. 189000 : Sen. 426300 : Cost 70.00 : Time 184.66s : 11170.67 words/s : L.r. 8.7287e-05
[2018-11-28 14:04:36] Ep. 22 : Up. 190000 : Sen. 496300 : Cost 70.02 : Time 184.18s : 11190.87 words/s : L.r. 8.7057e-05
[2018-11-28 14:07:42] Ep. 22 : Up. 191000 : Sen. 566300 : Cost 70.68 : Time 185.66s : 11197.33 words/s : L.r. 8.6829e-05
[2018-11-28 14:09:37] Seen 609664 samples
[2018-11-28 14:09:37] Starting epoch 23
[2018-11-28 14:09:37] [data] Shuffling files
[2018-11-28 14:09:39] [data] Done
[2018-11-28 14:10:53] Ep. 23 : Up. 192000 : Sen. 26600 : Cost 69.74 : Time 191.13s : 10827.13 words/s : L.r. 8.6603e-05
[2018-11-28 14:13:58] Ep. 23 : Up. 193000 : Sen. 96600 : Cost 68.81 : Time 184.97s : 11166.27 words/s : L.r. 8.6378e-05
[2018-11-28 14:17:06] Ep. 23 : Up. 194000 : Sen. 166600 : Cost 70.40 : Time 187.85s : 11165.98 words/s : L.r. 8.6155e-05
[2018-11-28 14:20:10] Ep. 23 : Up. 195000 : Sen. 236600 : Cost 69.42 : Time 184.65s : 11184.94 words/s : L.r. 8.5934e-05
[2018-11-28 14:20:19] [valid] Ep. 23 : Up. 195000 : cross-entropy : 46.3184 : stalled 1 times
[2018-11-28 14:20:28] [valid] Ep. 23 : Up. 195000 : perplexity : 4.46497 : stalled 1 times
Detokenizer Version $Revision: 4134 $
Language: en
[2018-11-28 14:24:28] [valid] Ep. 23 : Up. 195000 : translation : 29.32 : new best
[2018-11-28 14:24:28] Saving model weights and runtime parameters to model/model.src0tgt0.trans.batch70.opt64.npz.orig.npz
[2018-11-28 14:24:32] Saving model weights and runtime parameters to model/model.src0tgt0.trans.batch70.opt64.iter195000.npz
[2018-11-28 14:24:36] Saving model weights and runtime parameters to model/model.src0tgt0.trans.batch70.opt64.npz
[2018-11-28 14:24:40] Saving Adam parameters to model/model.src0tgt0.trans.batch70.opt64.npz.optimizer.npz
[2018-11-28 14:27:54] Ep. 23 : Up. 196000 : Sen. 306600 : Cost 69.41 : Time 463.43s : 4452.10 words/s : L.r. 8.5714e-05
[2018-11-28 14:30:58] Ep. 23 : Up. 197000 : Sen. 376600 : Cost 69.37 : Time 184.74s : 11105.73 words/s : L.r. 8.5496e-05
[2018-11-28 14:34:04] Ep. 23 : Up. 198000 : Sen. 446600 : Cost 70.40 : Time 185.68s : 11223.08 words/s : L.r. 8.5280e-05
[2018-11-28 14:37:07] Ep. 23 : Up. 199000 : Sen. 516600 : Cost 69.22 : Time 182.83s : 11194.59 words/s : L.r. 8.5066e-05
[2018-11-28 14:40:12] Ep. 23 : Up. 200000 : Sen. 586600 : Cost 70.73 : Time 185.18s : 11248.89 words/s : L.r. 8.4853e-05
[2018-11-28 14:41:13] Seen 609664 samples
[2018-11-28 14:41:13] Starting epoch 24
[2018-11-28 14:41:13] [data] Shuffling files
[2018-11-28 14:41:15] [data] Done
[2018-11-28 14:43:23] Ep. 24 : Up. 201000 : Sen. 46900 : Cost 69.39 : Time 190.92s : 10870.47 words/s : L.r. 8.4641e-05
[2018-11-28 14:46:44] Ep. 24 : Up. 202000 : Sen. 116900 : Cost 68.19 : Time 200.97s : 10193.94 words/s : L.r. 8.4432e-05
[2018-11-28 14:49:55] Ep. 24 : Up. 203000 : Sen. 186900 : Cost 69.39 : Time 190.89s : 10865.14 words/s : L.r. 8.4223e-05
[2018-11-28 14:53:00] Ep. 24 : Up. 204000 : Sen. 256900 : Cost 69.11 : Time 184.81s : 11160.00 words/s : L.r. 8.4017e-05
[2018-11-28 14:56:04] Ep. 24 : Up. 205000 : Sen. 326900 : Cost 69.33 : Time 184.53s : 11193.81 words/s : L.r. 8.3812e-05
[2018-11-28 14:59:08] Ep. 24 : Up. 206000 : Sen. 396900 : Cost 69.37 : Time 183.41s : 11214.24 words/s : L.r. 8.3608e-05
[2018-11-28 15:02:19] Ep. 24 : Up. 207000 : Sen. 466900 : Cost 71.13 : Time 191.45s : 10991.44 words/s : L.r. 8.3406e-05
[2018-11-28 15:05:40] Ep. 24 : Up. 208000 : Sen. 536900 : Cost 68.55 : Time 200.75s : 10113.78 words/s : L.r. 8.3205e-05
[2018-11-28 15:08:46] Ep. 24 : Up. 209000 : Sen. 606900 : Cost 70.40 : Time 186.67s : 11151.20 words/s : L.r. 8.3006e-05
[2018-11-28 15:08:55] Seen 609664 samples
[2018-11-28 15:08:55] Starting epoch 25
[2018-11-28 15:08:55] [data] Shuffling files
[2018-11-28 15:08:57] [data] Done
[2018-11-28 15:11:58] Ep. 25 : Up. 210000 : Sen. 67200 : Cost 68.91 : Time 191.69s : 10842.04 words/s : L.r. 8.2808e-05
[2018-11-28 15:12:08] [valid] Ep. 25 : Up. 210000 : cross-entropy : 46.3493 : stalled 2 times
[2018-11-28 15:12:17] [valid] Ep. 25 : Up. 210000 : perplexity : 4.46943 : stalled 2 times
Detokenizer Version $Revision: 4134 $
Language: en
[2018-11-28 15:16:18] [valid] Ep. 25 : Up. 210000 : translation : 29.38 : new best
[2018-11-28 15:16:18] Saving model weights and runtime parameters to model/model.src0tgt0.trans.batch70.opt64.npz.orig.npz
[2018-11-28 15:16:25] Saving model weights and runtime parameters to model/model.src0tgt0.trans.batch70.opt64.iter210000.npz
[2018-11-28 15:16:30] Saving model weights and runtime parameters to model/model.src0tgt0.trans.batch70.opt64.npz
[2018-11-28 15:16:36] Saving Adam parameters to model/model.src0tgt0.trans.batch70.opt64.npz.optimizer.npz
[2018-11-28 15:19:49] Ep. 25 : Up. 211000 : Sen. 137200 : Cost 68.71 : Time 470.57s : 4391.92 words/s : L.r. 8.2611e-05
[2018-11-28 15:22:54] Ep. 25 : Up. 212000 : Sen. 207200 : Cost 69.05 : Time 185.01s : 11181.33 words/s : L.r. 8.2416e-05
[2018-11-28 15:26:01] Ep. 25 : Up. 213000 : Sen. 277200 : Cost 69.61 : Time 186.58s : 11150.32 words/s : L.r. 8.2223e-05
[2018-11-28 15:29:08] Ep. 25 : Up. 214000 : Sen. 347200 : Cost 68.74 : Time 187.79s : 10915.78 words/s : L.r. 8.2030e-05
[2018-11-28 15:32:18] Ep. 25 : Up. 215000 : Sen. 417200 : Cost 69.88 : Time 189.59s : 10951.02 words/s : L.r. 8.1839e-05
[2018-11-28 15:35:27] Ep. 25 : Up. 216000 : Sen. 487200 : Cost 69.93 : Time 189.28s : 10973.23 words/s : L.r. 8.1650e-05
[2018-11-28 15:38:36] Ep. 25 : Up. 217000 : Sen. 557200 : Cost 69.51 : Time 188.56s : 10945.37 words/s : L.r. 8.1461e-05
[2018-11-28 15:40:58] Seen 609664 samples
[2018-11-28 15:40:58] Starting epoch 26
[2018-11-28 15:40:58] [data] Shuffling files
[2018-11-28 15:41:00] [data] Done
[2018-11-28 15:41:50] Ep. 26 : Up. 218000 : Sen. 17500 : Cost 68.78 : Time 194.09s : 10557.59 words/s : L.r. 8.1274e-05
[2018-11-28 15:45:00] Ep. 26 : Up. 219000 : Sen. 87500 : Cost 68.87 : Time 190.02s : 10964.42 words/s : L.r. 8.1088e-05
[2018-11-28 15:48:08] Ep. 26 : Up. 220000 : Sen. 157500 : Cost 68.62 : Time 188.22s : 10980.83 words/s : L.r. 8.0904e-05
[2018-11-28 15:51:17] Ep. 26 : Up. 221000 : Sen. 227500 : Cost 68.75 : Time 188.57s : 10951.25 words/s : L.r. 8.0721e-05
[2018-11-28 15:54:27] Ep. 26 : Up. 222000 : Sen. 297500 : Cost 69.90 : Time 189.98s : 10974.55 words/s : L.r. 8.0539e-05
[2018-11-28 15:57:35] Ep. 26 : Up. 223000 : Sen. 367500 : Cost 69.08 : Time 188.13s : 10981.34 words/s : L.r. 8.0358e-05
[2018-11-28 16:00:43] Ep. 26 : Up. 224000 : Sen. 437500 : Cost 68.89 : Time 188.25s : 10930.98 words/s : L.r. 8.0178e-05
[2018-11-28 16:03:54] Ep. 26 : Up. 225000 : Sen. 507500 : Cost 70.14 : Time 190.51s : 10960.19 words/s : L.r. 8.0000e-05
[2018-11-28 16:04:03] [valid] Ep. 26 : Up. 225000 : cross-entropy : 46.4041 : stalled 3 times
[2018-11-28 16:04:12] [valid] Ep. 26 : Up. 225000 : perplexity : 4.47734 : stalled 3 times
Detokenizer Version $Revision: 4134 $
Language: en
[2018-11-28 16:08:29] [valid] Ep. 26 : Up. 225000 : translation : 29.37 : stalled 1 times
[2018-11-28 16:08:29] Saving model weights and runtime parameters to model/model.src0tgt0.trans.batch70.opt64.npz.orig.npz
[2018-11-28 16:08:33] Saving model weights and runtime parameters to model/model.src0tgt0.trans.batch70.opt64.iter225000.npz
[2018-11-28 16:08:37] Saving model weights and runtime parameters to model/model.src0tgt0.trans.batch70.opt64.npz
[2018-11-28 16:08:41] Saving Adam parameters to model/model.src0tgt0.trans.batch70.opt64.npz.optimizer.npz
[2018-11-28 16:11:59] Ep. 26 : Up. 226000 : Sen. 577464 : Cost 69.99 : Time 485.61s : 4276.37 words/s : L.r. 7.9823e-05
[2018-11-28 16:13:25] Seen 609664 samples
[2018-11-28 16:13:25] Starting epoch 27
[2018-11-28 16:13:25] [data] Shuffling files
[2018-11-28 16:13:27] [data] Done
[2018-11-28 16:15:13] Ep. 27 : Up. 227000 : Sen. 37800 : Cost 67.68 : Time 193.79s : 10531.11 words/s : L.r. 7.9647e-05
[2018-11-28 16:18:23] Ep. 27 : Up. 228000 : Sen. 107800 : Cost 68.54 : Time 190.09s : 10892.80 words/s : L.r. 7.9472e-05
[2018-11-28 16:21:32] Ep. 27 : Up. 229000 : Sen. 177800 : Cost 68.89 : Time 189.23s : 10986.80 words/s : L.r. 7.9298e-05
[2018-11-28 16:24:41] Ep. 27 : Up. 230000 : Sen. 247800 : Cost 68.46 : Time 188.52s : 10910.79 words/s : L.r. 7.9126e-05
[2018-11-28 16:27:49] Ep. 27 : Up. 231000 : Sen. 317800 : Cost 68.75 : Time 187.92s : 10970.62 words/s : L.r. 7.8954e-05
[2018-11-28 16:30:59] Ep. 27 : Up. 232000 : Sen. 387800 : Cost 69.54 : Time 190.02s : 10945.51 words/s : L.r. 7.8784e-05
[2018-11-28 16:34:08] Ep. 27 : Up. 233000 : Sen. 457800 : Cost 69.35 : Time 189.28s : 10959.97 words/s : L.r. 7.8615e-05
[2018-11-28 16:37:16] Ep. 27 : Up. 234000 : Sen. 527800 : Cost 69.11 : Time 188.04s : 10967.37 words/s : L.r. 7.8446e-05
[2018-11-28 16:40:25] Ep. 27 : Up. 235000 : Sen. 597764 : Cost 69.42 : Time 189.01s : 10929.64 words/s : L.r. 7.8279e-05
[2018-11-28 16:40:58] Seen 609664 samples
[2018-11-28 16:40:58] Starting epoch 28
[2018-11-28 16:40:58] [data] Shuffling files
[2018-11-28 16:41:00] [data] Done
[2018-11-28 16:43:41] Ep. 28 : Up. 236000 : Sen. 58100 : Cost 68.54 : Time 195.99s : 10622.88 words/s : L.r. 7.8113e-05
[2018-11-28 16:46:48] Ep. 28 : Up. 237000 : Sen. 128100 : Cost 67.01 : Time 186.49s : 10902.25 words/s : L.r. 7.7948e-05
[2018-11-28 16:49:59] Ep. 28 : Up. 238000 : Sen. 198100 : Cost 69.80 : Time 191.34s : 10990.32 words/s : L.r. 7.7784e-05
[2018-11-28 16:53:07] Ep. 28 : Up. 239000 : Sen. 268100 : Cost 67.93 : Time 187.84s : 10911.60 words/s : L.r. 7.7622e-05
[2018-11-28 16:56:15] Ep. 28 : Up. 240000 : Sen. 338100 : Cost 68.53 : Time 187.92s : 10942.13 words/s : L.r. 7.7460e-05
[2018-11-28 16:56:24] [valid] Ep. 28 : Up. 240000 : cross-entropy : 46.4999 : stalled 4 times
[2018-11-28 16:56:33] [valid] Ep. 28 : Up. 240000 : perplexity : 4.49122 : stalled 4 times
Detokenizer Version $Revision: 4134 $
Language: en
[2018-11-28 17:00:49] [valid] Ep. 28 : Up. 240000 : translation : 29.28 : stalled 2 times
[2018-11-28 17:00:49] Saving model weights and runtime parameters to model/model.src0tgt0.trans.batch70.opt64.npz.orig.npz
[2018-11-28 17:00:54] Saving model weights and runtime parameters to model/model.src0tgt0.trans.batch70.opt64.iter240000.npz
[2018-11-28 17:00:58] Saving model weights and runtime parameters to model/model.src0tgt0.trans.batch70.opt64.npz
[2018-11-28 17:01:02] Saving Adam parameters to model/model.src0tgt0.trans.batch70.opt64.npz.optimizer.npz
[2018-11-28 17:04:21] Ep. 28 : Up. 241000 : Sen. 408100 : Cost 69.07 : Time 486.68s : 4254.20 words/s : L.r. 7.7299e-05
[2018-11-28 17:07:33] Ep. 28 : Up. 242000 : Sen. 478100 : Cost 70.00 : Time 191.63s : 10928.21 words/s : L.r. 7.7139e-05
[2018-11-28 17:10:41] Ep. 28 : Up. 243000 : Sen. 548100 : Cost 68.33 : Time 187.77s : 10894.13 words/s : L.r. 7.6980e-05
[2018-11-28 17:13:29] Seen 609664 samples
[2018-11-28 17:13:29] Starting epoch 29
[2018-11-28 17:13:29] [data] Shuffling files
[2018-11-28 17:13:32] [data] Done
[2018-11-28 17:13:59] Ep. 29 : Up. 244000 : Sen. 8400 : Cost 70.18 : Time 197.97s : 10598.93 words/s : L.r. 7.6822e-05
[2018-11-28 17:17:08] Ep. 29 : Up. 245000 : Sen. 78400 : Cost 68.09 : Time 189.68s : 10945.81 words/s : L.r. 7.6665e-05
[2018-11-28 17:20:16] Ep. 29 : Up. 246000 : Sen. 148400 : Cost 67.54 : Time 187.60s : 10923.69 words/s : L.r. 7.6509e-05
[2018-11-28 17:23:26] Ep. 29 : Up. 247000 : Sen. 218400 : Cost 69.08 : Time 189.53s : 11011.07 words/s : L.r. 7.6354e-05
[2018-11-28 17:26:33] Ep. 29 : Up. 248000 : Sen. 288400 : Cost 68.01 : Time 187.84s : 10936.06 words/s : L.r. 7.6200e-05
[2018-11-28 17:29:44] Ep. 29 : Up. 249000 : Sen. 358400 : Cost 69.41 : Time 190.17s : 10983.16 words/s : L.r. 7.6047e-05
[2018-11-28 17:32:50] Ep. 29 : Up. 250000 : Sen. 428400 : Cost 68.05 : Time 186.70s : 10934.53 words/s : L.r. 7.5895e-05
[2018-11-28 17:36:00] Ep. 29 : Up. 251000 : Sen. 498400 : Cost 69.41 : Time 189.58s : 10985.20 words/s : L.r. 7.5743e-05
[2018-11-28 17:39:08] Ep. 29 : Up. 252000 : Sen. 568400 : Cost 68.81 : Time 187.84s : 10970.04 words/s : L.r. 7.5593e-05
[2018-11-28 17:40:59] Seen 609664 samples
[2018-11-28 17:40:59] Starting epoch 30
[2018-11-28 17:40:59] [data] Shuffling files
[2018-11-28 17:41:02] [data] Done
[2018-11-28 17:42:21] Ep. 30 : Up. 253000 : Sen. 28700 : Cost 67.84 : Time 193.50s : 10580.04 words/s : L.r. 7.5443e-05
[2018-11-28 17:45:32] Ep. 30 : Up. 254000 : Sen. 98700 : Cost 68.39 : Time 191.10s : 10913.15 words/s : L.r. 7.5295e-05
[2018-11-28 17:48:42] Ep. 30 : Up. 255000 : Sen. 168700 : Cost 68.26 : Time 189.84s : 10923.69 words/s : L.r. 7.5147e-05
[2018-11-28 17:48:51] [valid] Ep. 30 : Up. 255000 : cross-entropy : 46.6746 : stalled 5 times
[2018-11-28 17:49:00] [valid] Ep. 30 : Up. 255000 : perplexity : 4.51664 : stalled 5 times
Detokenizer Version $Revision: 4134 $
Language: en
[2018-11-28 17:53:09] [valid] Ep. 30 : Up. 255000 : translation : 29.32 : stalled 3 times
[2018-11-28 17:53:09] Saving model weights and runtime parameters to model/model.src0tgt0.trans.batch70.opt64.npz.orig.npz
[2018-11-28 17:53:15] Saving model weights and runtime parameters to model/model.src0tgt0.trans.batch70.opt64.iter255000.npz
[2018-11-28 17:53:19] Saving model weights and runtime parameters to model/model.src0tgt0.trans.batch70.opt64.npz
[2018-11-28 17:53:24] Saving Adam parameters to model/model.src0tgt0.trans.batch70.opt64.npz.optimizer.npz
[2018-11-28 17:56:45] Ep. 30 : Up. 256000 : Sen. 238700 : Cost 68.04 : Time 483.30s : 4267.19 words/s : L.r. 7.5000e-05
[2018-11-28 17:59:52] Ep. 30 : Up. 257000 : Sen. 308700 : Cost 67.43 : Time 186.68s : 10936.09 words/s : L.r. 7.4854e-05
[2018-11-28 18:02:59] Ep. 30 : Up. 258000 : Sen. 378700 : Cost 69.21 : Time 186.94s : 11146.47 words/s : L.r. 7.4709e-05
[2018-11-28 18:06:07] Ep. 30 : Up. 259000 : Sen. 448700 : Cost 69.73 : Time 187.39s : 11180.20 words/s : L.r. 7.4564e-05
[2018-11-28 18:09:12] Ep. 30 : Up. 260000 : Sen. 518700 : Cost 68.85 : Time 184.98s : 11178.43 words/s : L.r. 7.4421e-05
[2018-11-28 18:12:19] Ep. 30 : Up. 261000 : Sen. 588700 : Cost 69.08 : Time 187.26s : 11069.33 words/s : L.r. 7.4278e-05
[2018-11-28 18:13:14] Seen 609664 samples
[2018-11-28 18:13:14] Starting epoch 31
[2018-11-28 18:13:14] [data] Shuffling files
[2018-11-28 18:13:20] [data] Done
[2018-11-28 18:15:35] Ep. 31 : Up. 262000 : Sen. 49000 : Cost 67.21 : Time 195.42s : 10467.50 words/s : L.r. 7.4136e-05
[2018-11-28 18:18:45] Ep. 31 : Up. 263000 : Sen. 119000 : Cost 68.62 : Time 190.38s : 10983.83 words/s : L.r. 7.3995e-05
[2018-11-28 18:21:55] Ep. 31 : Up. 264000 : Sen. 189000 : Cost 68.34 : Time 189.98s : 10955.52 words/s : L.r. 7.3855e-05
[2018-11-28 18:25:03] Ep. 31 : Up. 265000 : Sen. 259000 : Cost 67.29 : Time 187.66s : 10879.67 words/s : L.r. 7.3715e-05
[2018-11-28 18:28:10] Ep. 31 : Up. 266000 : Sen. 329000 : Cost 67.73 : Time 187.27s : 10967.26 words/s : L.r. 7.3577e-05
[2018-11-28 18:31:21] Ep. 31 : Up. 267000 : Sen. 399000 : Cost 69.35 : Time 190.90s : 10952.93 words/s : L.r. 7.3439e-05
[2018-11-28 18:34:29] Ep. 31 : Up. 268000 : Sen. 469000 : Cost 68.20 : Time 187.71s : 10942.52 words/s : L.r. 7.3302e-05
[2018-11-28 18:37:37] Ep. 31 : Up. 269000 : Sen. 539000 : Cost 68.40 : Time 188.35s : 10922.41 words/s : L.r. 7.3165e-05
[2018-11-28 18:40:47] Ep. 31 : Up. 270000 : Sen. 608964 : Cost 69.48 : Time 190.13s : 10965.40 words/s : L.r. 7.3030e-05
[2018-11-28 18:40:56] [valid] Ep. 31 : Up. 270000 : cross-entropy : 46.5372 : stalled 6 times
[2018-11-28 18:41:05] [valid] Ep. 31 : Up. 270000 : perplexity : 4.49664 : stalled 6 times
Detokenizer Version $Revision: 4134 $
Language: en
[2018-11-28 18:45:18] [valid] Ep. 31 : Up. 270000 : translation : 29.4 : new best
[2018-11-28 18:45:18] Saving model weights and runtime parameters to model/model.src0tgt0.trans.batch70.opt64.npz.orig.npz
[2018-11-28 18:45:23] Saving model weights and runtime parameters to model/model.src0tgt0.trans.batch70.opt64.iter270000.npz
[2018-11-28 18:45:27] Saving model weights and runtime parameters to model/model.src0tgt0.trans.batch70.opt64.npz
[2018-11-28 18:45:31] Saving Adam parameters to model/model.src0tgt0.trans.batch70.opt64.npz.optimizer.npz
[2018-11-28 18:45:42] Seen 609664 samples
[2018-11-28 18:45:42] Starting epoch 32
[2018-11-28 18:45:42] [data] Shuffling files
[2018-11-28 18:45:44] [data] Done
[2018-11-28 18:48:55] Ep. 32 : Up. 271000 : Sen. 69300 : Cost 67.48 : Time 488.30s : 4241.58 words/s : L.r. 7.2895e-05
[2018-11-28 18:52:03] Ep. 32 : Up. 272000 : Sen. 139300 : Cost 67.54 : Time 187.87s : 10974.10 words/s : L.r. 7.2761e-05
[2018-11-28 18:55:12] Ep. 32 : Up. 273000 : Sen. 209300 : Cost 67.77 : Time 188.34s : 10961.20 words/s : L.r. 7.2627e-05
[2018-11-28 18:58:20] Ep. 32 : Up. 274000 : Sen. 279300 : Cost 68.26 : Time 188.31s : 10994.91 words/s : L.r. 7.2495e-05
[2018-11-28 19:01:29] Ep. 32 : Up. 275000 : Sen. 349300 : Cost 68.30 : Time 188.81s : 10954.71 words/s : L.r. 7.2363e-05
[2018-11-28 19:04:38] Ep. 32 : Up. 276000 : Sen. 419300 : Cost 68.63 : Time 188.99s : 10965.65 words/s : L.r. 7.2232e-05
[2018-11-28 19:07:47] Ep. 32 : Up. 277000 : Sen. 489300 : Cost 68.54 : Time 189.48s : 10930.55 words/s : L.r. 7.2101e-05
[2018-11-28 19:10:56] Ep. 32 : Up. 278000 : Sen. 559300 : Cost 68.79 : Time 188.43s : 10997.47 words/s : L.r. 7.1971e-05
[2018-11-28 19:13:12] Seen 609664 samples
[2018-11-28 19:13:12] Starting epoch 33
[2018-11-28 19:13:12] [data] Shuffling files
[2018-11-28 19:13:15] [data] Done
[2018-11-28 19:14:11] Ep. 33 : Up. 279000 : Sen. 19600 : Cost 67.84 : Time 195.10s : 10547.43 words/s : L.r. 7.1842e-05
[2018-11-28 19:17:21] Ep. 33 : Up. 280000 : Sen. 89600 : Cost 67.74 : Time 190.21s : 10928.12 words/s : L.r. 7.1714e-05
[2018-11-28 19:20:29] Ep. 33 : Up. 281000 : Sen. 159600 : Cost 67.75 : Time 187.82s : 11014.64 words/s : L.r. 7.1586e-05
[2018-11-28 19:23:36] Ep. 33 : Up. 282000 : Sen. 229600 : Cost 66.79 : Time 186.81s : 10925.96 words/s : L.r. 7.1459e-05
[2018-11-28 19:26:46] Ep. 33 : Up. 283000 : Sen. 299600 : Cost 69.41 : Time 189.94s : 11079.12 words/s : L.r. 7.1333e-05
[2018-11-28 19:29:55] Ep. 33 : Up. 284000 : Sen. 369600 : Cost 68.61 : Time 189.39s : 10976.40 words/s : L.r. 7.1207e-05
[2018-11-28 19:33:04] Ep. 33 : Up. 285000 : Sen. 439600 : Cost 68.48 : Time 188.87s : 10974.44 words/s : L.r. 7.1082e-05
[2018-11-28 19:33:13] [valid] Ep. 33 : Up. 285000 : cross-entropy : 46.6758 : stalled 7 times
[2018-11-28 19:33:22] [valid] Ep. 33 : Up. 285000 : perplexity : 4.51681 : stalled 7 times
Detokenizer Version $Revision: 4134 $
Language: en
[2018-11-28 19:37:33] [valid] Ep. 33 : Up. 285000 : translation : 29.37 : stalled 1 times
[2018-11-28 19:37:33] Saving model weights and runtime parameters to model/model.src0tgt0.trans.batch70.opt64.npz.orig.npz
[2018-11-28 19:37:37] Saving model weights and runtime parameters to model/model.src0tgt0.trans.batch70.opt64.iter285000.npz
[2018-11-28 19:37:41] Saving model weights and runtime parameters to model/model.src0tgt0.trans.batch70.opt64.npz
[2018-11-28 19:37:46] Saving Adam parameters to model/model.src0tgt0.trans.batch70.opt64.npz.optimizer.npz
[2018-11-28 19:41:00] Ep. 33 : Up. 286000 : Sen. 509600 : Cost 67.36 : Time 476.49s : 4273.34 words/s : L.r. 7.0957e-05
[2018-11-28 19:44:12] Ep. 33 : Up. 287000 : Sen. 579600 : Cost 69.10 : Time 191.22s : 10892.77 words/s : L.r. 7.0834e-05
[2018-11-28 19:45:32] Seen 609664 samples
[2018-11-28 19:45:32] Starting epoch 34
[2018-11-28 19:45:32] [data] Shuffling files
[2018-11-28 19:45:35] [data] Done
[2018-11-28 19:47:25] Ep. 34 : Up. 288000 : Sen. 39900 : Cost 67.14 : Time 193.14s : 10601.45 words/s : L.r. 7.0711e-05
[2018-11-28 19:50:34] Ep. 34 : Up. 289000 : Sen. 109900 : Cost 67.62 : Time 189.48s : 10965.64 words/s : L.r. 7.0588e-05
[2018-11-28 19:53:43] Ep. 34 : Up. 290000 : Sen. 179900 : Cost 67.43 : Time 188.49s : 10942.38 words/s : L.r. 7.0466e-05
[2018-11-28 19:56:53] Ep. 34 : Up. 291000 : Sen. 249900 : Cost 68.80 : Time 190.11s : 11012.58 words/s : L.r. 7.0345e-05
[2018-11-28 19:59:59] Ep. 34 : Up. 292000 : Sen. 319900 : Cost 67.00 : Time 186.41s : 10943.21 words/s : L.r. 7.0225e-05
[2018-11-28 20:03:07] Ep. 34 : Up. 293000 : Sen. 389900 : Cost 67.99 : Time 187.56s : 11002.73 words/s : L.r. 7.0105e-05
[2018-11-28 20:06:17] Ep. 34 : Up. 294000 : Sen. 459900 : Cost 69.03 : Time 190.26s : 10988.14 words/s : L.r. 6.9985e-05
[2018-11-28 20:09:26] Ep. 34 : Up. 295000 : Sen. 529900 : Cost 68.41 : Time 188.72s : 10967.63 words/s : L.r. 6.9867e-05
[2018-11-28 20:12:34] Ep. 34 : Up. 296000 : Sen. 599864 : Cost 68.57 : Time 188.61s : 10964.76 words/s : L.r. 6.9749e-05
[2018-11-28 20:13:00] Seen 609664 samples
[2018-11-28 20:13:00] Starting epoch 35
[2018-11-28 20:13:00] [data] Shuffling files
[2018-11-28 20:13:03] [data] Done
[2018-11-28 20:15:47] Ep. 35 : Up. 297000 : Sen. 60200 : Cost 67.14 : Time 192.92s : 10711.76 words/s : L.r. 6.9631e-05
[2018-11-28 20:18:53] Ep. 35 : Up. 298000 : Sen. 130200 : Cost 67.57 : Time 185.63s : 11166.83 words/s : L.r. 6.9514e-05
[2018-11-28 20:21:59] Ep. 35 : Up. 299000 : Sen. 200200 : Cost 68.29 : Time 186.50s : 11180.31 words/s : L.r. 6.9398e-05
[2018-11-28 20:25:04] Ep. 35 : Up. 300000 : Sen. 270200 : Cost 67.26 : Time 184.21s : 11153.80 words/s : L.r. 6.9282e-05
[2018-11-28 20:25:13] [valid] Ep. 35 : Up. 300000 : cross-entropy : 46.7978 : stalled 8 times
[2018-11-28 20:25:22] [valid] Ep. 35 : Up. 300000 : perplexity : 4.53466 : stalled 8 times
Detokenizer Version $Revision: 4134 $
Language: en
[2018-11-28 20:29:39] [valid] Ep. 35 : Up. 300000 : translation : 29.32 : stalled 2 times
[2018-11-28 20:29:39] Saving model weights and runtime parameters to model/model.src0tgt0.trans.batch70.opt64.npz.orig.npz
[2018-11-28 20:29:43] Saving model weights and runtime parameters to model/model.src0tgt0.trans.batch70.opt64.iter300000.npz
[2018-11-28 20:29:48] Saving model weights and runtime parameters to model/model.src0tgt0.trans.batch70.opt64.npz
[2018-11-28 20:29:52] Saving Adam parameters to model/model.src0tgt0.trans.batch70.opt64.npz.optimizer.npz
[2018-11-28 20:33:05] Ep. 35 : Up. 301000 : Sen. 340200 : Cost 67.60 : Time 481.60s : 4275.62 words/s : L.r. 6.9167e-05
[2018-11-28 20:36:12] Ep. 35 : Up. 302000 : Sen. 410200 : Cost 68.75 : Time 186.91s : 11171.14 words/s : L.r. 6.9052e-05
[2018-11-28 20:39:17] Ep. 35 : Up. 303000 : Sen. 480200 : Cost 67.91 : Time 184.63s : 11168.14 words/s : L.r. 6.8938e-05
[2018-11-28 20:42:23] Ep. 35 : Up. 304000 : Sen. 550200 : Cost 69.04 : Time 186.28s : 11225.17 words/s : L.r. 6.8825e-05
[2018-11-28 20:44:59] Seen 609664 samples
[2018-11-28 20:44:59] Starting epoch 36
[2018-11-28 20:44:59] [data] Shuffling files
[2018-11-28 20:45:01] [data] Done
[2018-11-28 20:45:33] Ep. 36 : Up. 305000 : Sen. 10500 : Cost 67.27 : Time 190.03s : 10764.50 words/s : L.r. 6.8712e-05
[2018-11-28 20:48:37] Ep. 36 : Up. 306000 : Sen. 80500 : Cost 66.09 : Time 183.52s : 11135.04 words/s : L.r. 6.8599e-05
[2018-11-28 20:51:42] Ep. 36 : Up. 307000 : Sen. 150500 : Cost 67.79 : Time 185.57s : 11201.37 words/s : L.r. 6.8488e-05
[2018-11-28 20:54:48] Ep. 36 : Up. 308000 : Sen. 220500 : Cost 68.25 : Time 186.11s : 11215.71 words/s : L.r. 6.8376e-05
[2018-11-28 20:57:51] Ep. 36 : Up. 309000 : Sen. 290500 : Cost 66.87 : Time 182.74s : 11185.92 words/s : L.r. 6.8266e-05
[2018-11-28 21:00:57] Ep. 36 : Up. 310000 : Sen. 360500 : Cost 68.21 : Time 185.94s : 11185.00 words/s : L.r. 6.8155e-05
[2018-11-28 21:04:04] Ep. 36 : Up. 311000 : Sen. 430500 : Cost 68.73 : Time 186.68s : 11185.93 words/s : L.r. 6.8046e-05
[2018-11-28 21:07:07] Ep. 36 : Up. 312000 : Sen. 500500 : Cost 67.31 : Time 182.95s : 11181.57 words/s : L.r. 6.7937e-05
[2018-11-28 21:10:13] Ep. 36 : Up. 313000 : Sen. 570500 : Cost 69.07 : Time 186.75s : 11210.42 words/s : L.r. 6.7828e-05
[2018-11-28 21:11:56] Seen 609664 samples
[2018-11-28 21:11:56] Starting epoch 37
[2018-11-28 21:11:56] [data] Shuffling files
[2018-11-28 21:11:58] [data] Done
[2018-11-28 21:13:24] Ep. 37 : Up. 314000 : Sen. 30800 : Cost 67.10 : Time 191.15s : 10769.46 words/s : L.r. 6.7720e-05
[2018-11-28 21:16:28] Ep. 37 : Up. 315000 : Sen. 100800 : Cost 65.76 : Time 183.23s : 11093.50 words/s : L.r. 6.7612e-05
[2018-11-28 21:16:37] [valid] Ep. 37 : Up. 315000 : cross-entropy : 46.9034 : stalled 9 times
[2018-11-28 21:16:46] [valid] Ep. 37 : Up. 315000 : perplexity : 4.55014 : stalled 9 times
Detokenizer Version $Revision: 4134 $
Language: en
[2018-11-28 21:21:01] [valid] Ep. 37 : Up. 315000 : translation : 29.26 : stalled 3 times
[2018-11-28 21:21:01] Saving model weights and runtime parameters to model/model.src0tgt0.trans.batch70.opt64.npz.orig.npz
[2018-11-28 21:21:05] Saving model weights and runtime parameters to model/model.src0tgt0.trans.batch70.opt64.iter315000.npz
[2018-11-28 21:21:09] Saving model weights and runtime parameters to model/model.src0tgt0.trans.batch70.opt64.npz
[2018-11-28 21:21:14] Saving Adam parameters to model/model.src0tgt0.trans.batch70.opt64.npz.optimizer.npz
[2018-11-28 21:24:31] Ep. 37 : Up. 316000 : Sen. 170800 : Cost 68.49 : Time 483.18s : 4354.54 words/s : L.r. 6.7505e-05
[2018-11-28 21:27:35] Ep. 37 : Up. 317000 : Sen. 240800 : Cost 66.48 : Time 184.06s : 11078.80 words/s : L.r. 6.7399e-05
[2018-11-28 21:30:42] Ep. 37 : Up. 318000 : Sen. 310800 : Cost 68.47 : Time 186.58s : 11207.45 words/s : L.r. 6.7293e-05
[2018-11-28 21:33:46] Ep. 37 : Up. 319000 : Sen. 380800 : Cost 67.62 : Time 184.34s : 11175.34 words/s : L.r. 6.7187e-05
[2018-11-28 21:36:52] Ep. 37 : Up. 320000 : Sen. 450800 : Cost 68.01 : Time 185.68s : 11175.09 words/s : L.r. 6.7082e-05
[2018-11-28 21:39:58] Ep. 37 : Up. 321000 : Sen. 520800 : Cost 68.48 : Time 186.53s : 11155.84 words/s : L.r. 6.6977e-05
[2018-11-28 21:43:04] Ep. 37 : Up. 322000 : Sen. 590764 : Cost 68.08 : Time 185.47s : 11144.27 words/s : L.r. 6.6873e-05
[2018-11-28 21:43:53] Seen 609664 samples
[2018-11-28 21:43:53] Starting epoch 38
[2018-11-28 21:43:53] [data] Shuffling files
[2018-11-28 21:43:55] [data] Done
[2018-11-28 21:46:14] Ep. 38 : Up. 323000 : Sen. 51100 : Cost 66.57 : Time 190.87s : 10762.20 words/s : L.r. 6.6770e-05
[2018-11-28 21:49:22] Ep. 38 : Up. 324000 : Sen. 121100 : Cost 68.04 : Time 187.43s : 11193.65 words/s : L.r. 6.6667e-05
[2018-11-28 21:52:27] Ep. 38 : Up. 325000 : Sen. 191100 : Cost 66.90 : Time 184.91s : 11161.19 words/s : L.r. 6.6564e-05
[2018-11-28 21:55:30] Ep. 38 : Up. 326000 : Sen. 261100 : Cost 66.36 : Time 183.00s : 11159.35 words/s : L.r. 6.6462e-05
[2018-11-28 21:58:37] Ep. 38 : Up. 327000 : Sen. 331100 : Cost 68.18 : Time 186.83s : 11155.07 words/s : L.r. 6.6360e-05
[2018-11-28 22:01:39] Ep. 38 : Up. 328000 : Sen. 401100 : Cost 66.80 : Time 182.67s : 11184.21 words/s : L.r. 6.6259e-05
[2018-11-28 22:04:44] Ep. 38 : Up. 329000 : Sen. 471100 : Cost 68.00 : Time 185.10s : 11190.23 words/s : L.r. 6.6158e-05
[2018-11-28 22:07:50] Ep. 38 : Up. 330000 : Sen. 541100 : Cost 68.20 : Time 185.23s : 11214.37 words/s : L.r. 6.6058e-05
[2018-11-28 22:08:00] [valid] Ep. 38 : Up. 330000 : cross-entropy : 46.9747 : stalled 10 times
[2018-11-28 22:08:10] [valid] Ep. 38 : Up. 330000 : perplexity : 4.56064 : stalled 10 times
Detokenizer Version $Revision: 4134 $
Language: en
[2018-11-28 22:12:30] [valid] Ep. 38 : Up. 330000 : translation : 29.41 : new best
[2018-11-28 22:12:30] Saving model weights and runtime parameters to model/model.src0tgt0.trans.batch70.opt64.npz.orig.npz
[2018-11-28 22:12:40] Saving model weights and runtime parameters to model/model.src0tgt0.trans.batch70.opt64.iter330000.npz
[2018-11-28 22:12:51] Saving model weights and runtime parameters to model/model.src0tgt0.trans.batch70.opt64.npz
[2018-11-28 22:13:00] Saving Adam parameters to model/model.src0tgt0.trans.batch70.opt64.npz.optimizer.npz
[2018-11-28 22:16:45] Seen 609664 samples
[2018-11-28 22:16:45] Starting epoch 39
[2018-11-28 22:16:45] [data] Shuffling files
[2018-11-28 22:16:48] [data] Done
[2018-11-28 22:16:55] Ep. 39 : Up. 331000 : Sen. 1400 : Cost 67.85 : Time 545.31s : 3784.73 words/s : L.r. 6.5958e-05
[2018-11-28 22:19:58] Ep. 39 : Up. 332000 : Sen. 71400 : Cost 66.86 : Time 182.91s : 11345.85 words/s : L.r. 6.5859e-05
[2018-11-28 22:23:03] Ep. 39 : Up. 333000 : Sen. 141400 : Cost 66.88 : Time 184.70s : 11190.73 words/s : L.r. 6.5760e-05
[2018-11-28 22:26:08] Ep. 39 : Up. 334000 : Sen. 211400 : Cost 67.09 : Time 185.30s : 11143.10 words/s : L.r. 6.5661e-05
[2018-11-28 22:29:14] Ep. 39 : Up. 335000 : Sen. 281400 : Cost 67.55 : Time 185.81s : 11178.23 words/s : L.r. 6.5563e-05
[2018-11-28 22:32:19] Ep. 39 : Up. 336000 : Sen. 351400 : Cost 67.69 : Time 185.04s : 11210.75 words/s : L.r. 6.5465e-05
[2018-11-28 22:35:24] Ep. 39 : Up. 337000 : Sen. 421400 : Cost 67.60 : Time 185.00s : 11183.00 words/s : L.r. 6.5368e-05
[2018-11-28 22:38:28] Ep. 39 : Up. 338000 : Sen. 491400 : Cost 67.64 : Time 184.18s : 11202.96 words/s : L.r. 6.5271e-05
[2018-11-28 22:41:32] Ep. 39 : Up. 339000 : Sen. 561400 : Cost 67.69 : Time 184.36s : 11201.27 words/s : L.r. 6.5175e-05
[2018-11-28 22:43:41] Seen 609664 samples
[2018-11-28 22:43:41] Starting epoch 40
[2018-11-28 22:43:41] [data] Shuffling files
[2018-11-28 22:43:43] [data] Done
[2018-11-28 22:44:44] Ep. 40 : Up. 340000 : Sen. 21700 : Cost 67.53 : Time 191.62s : 10809.23 words/s : L.r. 6.5079e-05
[2018-11-28 22:47:50] Ep. 40 : Up. 341000 : Sen. 91700 : Cost 66.58 : Time 185.87s : 11127.94 words/s : L.r. 6.4984e-05
[2018-11-28 22:50:56] Ep. 40 : Up. 342000 : Sen. 161700 : Cost 67.36 : Time 186.06s : 11199.09 words/s : L.r. 6.4889e-05
[2018-11-28 22:53:59] Ep. 40 : Up. 343000 : Sen. 231700 : Cost 66.07 : Time 183.27s : 11117.78 words/s : L.r. 6.4794e-05
[2018-11-28 22:57:07] Ep. 40 : Up. 344000 : Sen. 301700 : Cost 68.35 : Time 187.35s : 11185.10 words/s : L.r. 6.4700e-05
[2018-11-28 23:00:12] Ep. 40 : Up. 345000 : Sen. 371700 : Cost 67.17 : Time 185.60s : 11131.87 words/s : L.r. 6.4606e-05
[2018-11-28 23:00:21] [valid] Ep. 40 : Up. 345000 : cross-entropy : 47.0382 : stalled 11 times
[2018-11-28 23:00:30] [valid] Ep. 40 : Up. 345000 : perplexity : 4.57001 : stalled 11 times
Detokenizer Version $Revision: 4134 $
Language: en
[2018-11-28 23:05:04] [valid] Ep. 40 : Up. 345000 : translation : 29.34 : stalled 1 times
[2018-11-28 23:05:04] Saving model weights and runtime parameters to model/model.src0tgt0.trans.batch70.opt64.npz.orig.npz
[2018-11-28 23:05:08] Saving model weights and runtime parameters to model/model.src0tgt0.trans.batch70.opt64.iter345000.npz
[2018-11-28 23:05:12] Saving model weights and runtime parameters to model/model.src0tgt0.trans.batch70.opt64.npz
[2018-11-28 23:05:16] Saving Adam parameters to model/model.src0tgt0.trans.batch70.opt64.npz.optimizer.npz
[2018-11-28 23:08:32] Ep. 40 : Up. 346000 : Sen. 441700 : Cost 67.21 : Time 499.70s : 4120.16 words/s : L.r. 6.4512e-05
[2018-11-28 23:11:35] Ep. 40 : Up. 347000 : Sen. 511700 : Cost 67.49 : Time 183.21s : 11259.26 words/s : L.r. 6.4419e-05
[2018-11-28 23:14:41] Ep. 40 : Up. 348000 : Sen. 581664 : Cost 68.32 : Time 186.24s : 11196.79 words/s : L.r. 6.4327e-05
[2018-11-28 23:15:55] Seen 609664 samples
[2018-11-28 23:15:55] Starting epoch 41
[2018-11-28 23:15:55] [data] Shuffling files
[2018-11-28 23:15:57] [data] Done
[2018-11-28 23:17:51] Ep. 41 : Up. 349000 : Sen. 42000 : Cost 66.40 : Time 190.01s : 10819.49 words/s : L.r. 6.4235e-05
[2018-11-28 23:20:59] Ep. 41 : Up. 350000 : Sen. 112000 : Cost 67.67 : Time 187.63s : 11202.97 words/s : L.r. 6.4143e-05
[2018-11-28 23:24:01] Ep. 41 : Up. 351000 : Sen. 182000 : Cost 65.07 : Time 181.85s : 11086.99 words/s : L.r. 6.4051e-05
[2018-11-28 23:27:10] Ep. 41 : Up. 352000 : Sen. 252000 : Cost 68.85 : Time 188.78s : 11231.81 words/s : L.r. 6.3960e-05
[2018-11-28 23:30:13] Ep. 41 : Up. 353000 : Sen. 322000 : Cost 66.57 : Time 183.51s : 11169.38 words/s : L.r. 6.3870e-05
[2018-11-28 23:33:18] Ep. 41 : Up. 354000 : Sen. 392000 : Cost 66.91 : Time 184.56s : 11145.62 words/s : L.r. 6.3779e-05
[2018-11-28 23:36:23] Ep. 41 : Up. 355000 : Sen. 462000 : Cost 67.71 : Time 184.92s : 11233.50 words/s : L.r. 6.3689e-05
[2018-11-28 23:39:28] Ep. 41 : Up. 356000 : Sen. 532000 : Cost 68.09 : Time 185.78s : 11194.02 words/s : L.r. 6.3600e-05
[2018-11-28 23:42:31] Ep. 41 : Up. 357000 : Sen. 601964 : Cost 66.35 : Time 182.25s : 11144.57 words/s : L.r. 6.3511e-05
[2018-11-28 23:42:52] Seen 609664 samples
[2018-11-28 23:42:52] Starting epoch 42
[2018-11-28 23:42:52] [data] Shuffling files
[2018-11-28 23:42:54] [data] Done
[2018-11-28 23:45:42] Ep. 42 : Up. 358000 : Sen. 62300 : Cost 66.67 : Time 190.91s : 10862.79 words/s : L.r. 6.3422e-05
[2018-11-28 23:48:48] Ep. 42 : Up. 359000 : Sen. 132300 : Cost 67.00 : Time 186.17s : 11177.55 words/s : L.r. 6.3334e-05
[2018-11-28 23:51:52] Ep. 42 : Up. 360000 : Sen. 202300 : Cost 66.28 : Time 183.76s : 11170.04 words/s : L.r. 6.3246e-05
[2018-11-28 23:52:01] [valid] Ep. 42 : Up. 360000 : cross-entropy : 47.109 : stalled 12 times
[2018-11-28 23:52:10] [valid] Ep. 42 : Up. 360000 : perplexity : 4.58046 : stalled 12 times
Detokenizer Version $Revision: 4134 $
Language: en
[2018-11-28 23:56:47] [valid] Ep. 42 : Up. 360000 : translation : 29.27 : stalled 2 times
[2018-11-28 23:56:47] Saving model weights and runtime parameters to model/model.src0tgt0.trans.batch70.opt64.npz.orig.npz
[2018-11-28 23:56:52] Saving model weights and runtime parameters to model/model.src0tgt0.trans.batch70.opt64.iter360000.npz
[2018-11-28 23:56:56] Saving model weights and runtime parameters to model/model.src0tgt0.trans.batch70.opt64.npz
[2018-11-28 23:57:00] Saving Adam parameters to model/model.src0tgt0.trans.batch70.opt64.npz.optimizer.npz
[2018-11-29 00:00:18] Ep. 42 : Up. 361000 : Sen. 272300 : Cost 67.37 : Time 506.54s : 4107.61 words/s : L.r. 6.3158e-05
[2018-11-29 00:03:27] Ep. 42 : Up. 362000 : Sen. 342300 : Cost 68.06 : Time 188.68s : 11105.31 words/s : L.r. 6.3071e-05
[2018-11-29 00:06:31] Ep. 42 : Up. 363000 : Sen. 412300 : Cost 67.00 : Time 184.07s : 11207.24 words/s : L.r. 6.2984e-05
[2018-11-29 00:09:34] Ep. 42 : Up. 364000 : Sen. 482300 : Cost 66.70 : Time 183.01s : 11188.90 words/s : L.r. 6.2897e-05
[2018-11-29 00:12:39] Ep. 42 : Up. 365000 : Sen. 552300 : Cost 67.58 : Time 184.88s : 11205.48 words/s : L.r. 6.2811e-05
[2018-11-29 00:15:11] Seen 609664 samples
[2018-11-29 00:15:11] Starting epoch 43
[2018-11-29 00:15:11] [data] Shuffling files
[2018-11-29 00:15:13] [data] Done
[2018-11-29 00:15:48] Ep. 43 : Up. 366000 : Sen. 12600 : Cost 66.18 : Time 189.18s : 10777.94 words/s : L.r. 6.2725e-05
[2018-11-29 00:18:54] Ep. 43 : Up. 367000 : Sen. 82600 : Cost 67.43 : Time 186.48s : 11267.36 words/s : L.r. 6.2639e-05
[2018-11-29 00:21:57] Ep. 43 : Up. 368000 : Sen. 152600 : Cost 65.81 : Time 182.79s : 11222.38 words/s : L.r. 6.2554e-05
[2018-11-29 00:25:03] Ep. 43 : Up. 369000 : Sen. 222600 : Cost 67.25 : Time 185.97s : 11189.52 words/s : L.r. 6.2470e-05
[2018-11-29 00:28:06] Ep. 43 : Up. 370000 : Sen. 292600 : Cost 65.84 : Time 182.47s : 11171.06 words/s : L.r. 6.2385e-05
train_trans_batch70.opt32.sh: line 26: 18419 Terminated              $marian_home/marian --model model/model.src0tgt0.trans.batch70.opt64.npz --type transformer --train-sets corp/europarl.cs-en.docs.train.en.bpe corp/europarl.cs-en.docs.train.cz.bpe --max-length 80 --vocabs corp/vocab.encs.europarl.yml corp/vocab.encs.europarl.yml --mini-batch 70 --maxi-batch 1000 --early-stopping 15 --valid-freq 15000 --save-freq 15000 --disp-freq 1000 --valid-metrics cross-entropy perplexity translation --valid-sets corp/europarl.cs-en.docs.dev.en.bpe corp/europarl.cs-en.docs.dev.cz.bpe --valid-script-path ./val.sh --valid-translation-output data/valid32.bpe.en.output --quiet-translation --valid-mini-batch 16 --beam-size 6 --normalize 0.6 --log model/train_trans.log --valid-log model/valid_trans.log --enc-depth 6 --dec-depth 6 --transformer-heads 8 --transformer-postprocess-emb d --transformer-postprocess dan --transformer-dropout 0.1 --label-smoothing 0.1 --learn-rate 0.0003 --lr-warmup 16000 --lr-decay-inv-sqrt 16000 --lr-report --optimizer-params 0.9 0.98 1e-09 --clip-norm 5 --tied-embeddings-all --optimizer-delay 64 --devices 0 --sync-sgd --seed 1111 --exponential-smoothing
