[2018-12-08 17:13:45] [marian] Marian v1.7.2 1714781 2018-12-04 08:56:46 -0800
[2018-12-08 17:13:45] [marian] Running on poseidon.lingea.cz as process 28478 with command line:
[2018-12-08 17:13:45] [marian] /home/big_maggie/usr/marian_poseidon/marian-dev/build//marian --model model/model.src0tgt0.run1.npz --type s2s --train-sets corp/europarl.cs-en.docs.train.en.bpe corp/europarl.cs-en.docs.train.cz.bpe --max-length 100 --vocabs corp/vocab.encs.europarl.yml corp/vocab.encs.europarl.yml --mini-batch-fit -w 8500 --mini-batch 1000 --maxi-batch 1000 --valid-freq 5000 --save-freq 5000 --disp-freq 500 --valid-metrics ce-mean-words perplexity translation --valid-sets corp/europarl.cs-en.docs.dev.en.bpe corp/europarl.cs-en.docs.dev.cz.bpe --valid-script-path ./val.sh --valid-translation-output data/valid.bpe.en.output --quiet-translation --beam-size 6 --normalize=1 --valid-mini-batch 64 --overwrite --keep-best --early-stopping 5 --cost-type=ce-mean-words --log model/train.log --valid-log model/valid.log --enc-type bidirectional --enc-depth 1 --enc-cell-depth 4 --dec-depth 1 --dec-cell-base-depth 8 --dec-cell-high-depth 1 --tied-embeddings-all --layer-normalization --dropout-rnn 0.1 --label-smoothing 0.1 --learn-rate 0.0003 --lr-decay-inv-sqrt 16000 --lr-report --optimizer-params 0.9 0.98 1e-09 --clip-norm 5 --devices 0 1 --sync-sgd --seed 1234 --exponential-smoothing
[2018-12-08 17:13:45] [config] after-batches: 0
[2018-12-08 17:13:45] [config] after-epochs: 0
[2018-12-08 17:13:45] [config] allow-unk: false
[2018-12-08 17:13:45] [config] beam-size: 6
[2018-12-08 17:13:45] [config] best-deep: false
[2018-12-08 17:13:45] [config] clip-gemm: 0
[2018-12-08 17:13:45] [config] clip-norm: 5
[2018-12-08 17:13:45] [config] cost-type: ce-mean-words
[2018-12-08 17:13:45] [config] cpu-threads: 0
[2018-12-08 17:13:45] [config] data-weighting-type: sentence
[2018-12-08 17:13:45] [config] dec-cell: gru
[2018-12-08 17:13:45] [config] dec-cell-base-depth: 8
[2018-12-08 17:13:45] [config] dec-cell-high-depth: 1
[2018-12-08 17:13:45] [config] dec-depth: 1
[2018-12-08 17:13:45] [config] devices:
[2018-12-08 17:13:45] [config]   - 0
[2018-12-08 17:13:45] [config]   - 1
[2018-12-08 17:13:45] [config] dim-emb: 512
[2018-12-08 17:13:45] [config] dim-rnn: 1024
[2018-12-08 17:13:45] [config] dim-vocabs:
[2018-12-08 17:13:45] [config]   - 0
[2018-12-08 17:13:45] [config]   - 0
[2018-12-08 17:13:45] [config] disp-first: 0
[2018-12-08 17:13:45] [config] disp-freq: 500
[2018-12-08 17:13:45] [config] disp-label-counts: false
[2018-12-08 17:13:45] [config] dropout-rnn: 0.1
[2018-12-08 17:13:45] [config] dropout-src: 0
[2018-12-08 17:13:45] [config] dropout-trg: 0
[2018-12-08 17:13:45] [config] early-stopping: 5
[2018-12-08 17:13:45] [config] embedding-fix-src: false
[2018-12-08 17:13:45] [config] embedding-fix-trg: false
[2018-12-08 17:13:45] [config] embedding-normalization: false
[2018-12-08 17:13:45] [config] enc-cell: gru
[2018-12-08 17:13:45] [config] enc-cell-depth: 4
[2018-12-08 17:13:45] [config] enc-depth: 1
[2018-12-08 17:13:45] [config] enc-type: bidirectional
[2018-12-08 17:13:45] [config] exponential-smoothing: 0.0001
[2018-12-08 17:13:45] [config] grad-dropping-momentum: 0
[2018-12-08 17:13:45] [config] grad-dropping-rate: 0
[2018-12-08 17:13:45] [config] grad-dropping-warmup: 100
[2018-12-08 17:13:45] [config] guided-alignment: none
[2018-12-08 17:13:45] [config] guided-alignment-cost: mse
[2018-12-08 17:13:45] [config] guided-alignment-weight: 0.1
[2018-12-08 17:13:45] [config] ignore-model-config: false
[2018-12-08 17:13:45] [config] interpolate-env-vars: false
[2018-12-08 17:13:45] [config] keep-best: true
[2018-12-08 17:13:45] [config] label-smoothing: 0.1
[2018-12-08 17:13:45] [config] layer-normalization: true
[2018-12-08 17:13:45] [config] learn-rate: 0.0003
[2018-12-08 17:13:45] [config] log: model/train.log
[2018-12-08 17:13:45] [config] log-level: info
[2018-12-08 17:13:45] [config] lr-decay: 0
[2018-12-08 17:13:45] [config] lr-decay-freq: 50000
[2018-12-08 17:13:45] [config] lr-decay-inv-sqrt: 16000
[2018-12-08 17:13:45] [config] lr-decay-repeat-warmup: false
[2018-12-08 17:13:45] [config] lr-decay-reset-optimizer: false
[2018-12-08 17:13:45] [config] lr-decay-start:
[2018-12-08 17:13:45] [config]   - 10
[2018-12-08 17:13:45] [config]   - 1
[2018-12-08 17:13:45] [config] lr-decay-strategy: epoch+stalled
[2018-12-08 17:13:45] [config] lr-report: true
[2018-12-08 17:13:45] [config] lr-warmup: 0
[2018-12-08 17:13:45] [config] lr-warmup-at-reload: false
[2018-12-08 17:13:45] [config] lr-warmup-cycle: false
[2018-12-08 17:13:45] [config] lr-warmup-start-rate: 0
[2018-12-08 17:13:45] [config] max-length: 100
[2018-12-08 17:13:45] [config] max-length-crop: false
[2018-12-08 17:13:45] [config] max-length-factor: 3
[2018-12-08 17:13:45] [config] maxi-batch: 1000
[2018-12-08 17:13:45] [config] maxi-batch-sort: trg
[2018-12-08 17:13:45] [config] mini-batch: 1000
[2018-12-08 17:13:45] [config] mini-batch-fit: true
[2018-12-08 17:13:45] [config] mini-batch-fit-step: 10
[2018-12-08 17:13:45] [config] mini-batch-words: 0
[2018-12-08 17:13:45] [config] model: model/model.src0tgt0.run1.npz
[2018-12-08 17:13:45] [config] multi-node: false
[2018-12-08 17:13:45] [config] multi-node-overlap: true
[2018-12-08 17:13:45] [config] n-best: false
[2018-12-08 17:13:45] [config] no-reload: false
[2018-12-08 17:13:45] [config] no-restore-corpus: false
[2018-12-08 17:13:45] [config] no-shuffle: false
[2018-12-08 17:13:45] [config] normalize: 1
[2018-12-08 17:13:45] [config] optimizer: adam
[2018-12-08 17:13:45] [config] optimizer-delay: 1
[2018-12-08 17:13:45] [config] optimizer-params:
[2018-12-08 17:13:45] [config]   - 0.9
[2018-12-08 17:13:45] [config]   - 0.98
[2018-12-08 17:13:45] [config]   - 1e-09
[2018-12-08 17:13:45] [config] overwrite: true
[2018-12-08 17:13:45] [config] quiet: false
[2018-12-08 17:13:45] [config] quiet-translation: true
[2018-12-08 17:13:45] [config] relative-paths: false
[2018-12-08 17:13:45] [config] right-left: false
[2018-12-08 17:13:45] [config] save-freq: 5000
[2018-12-08 17:13:45] [config] seed: 1234
[2018-12-08 17:13:45] [config] shuffle-in-ram: false
[2018-12-08 17:13:45] [config] skip: false
[2018-12-08 17:13:45] [config] sqlite: ""
[2018-12-08 17:13:45] [config] sqlite-drop: false
[2018-12-08 17:13:45] [config] sync-sgd: true
[2018-12-08 17:13:45] [config] tempdir: /tmp
[2018-12-08 17:13:45] [config] tied-embeddings: false
[2018-12-08 17:13:45] [config] tied-embeddings-all: true
[2018-12-08 17:13:45] [config] tied-embeddings-src: false
[2018-12-08 17:13:45] [config] train-sets:
[2018-12-08 17:13:45] [config]   - corp/europarl.cs-en.docs.train.en.bpe
[2018-12-08 17:13:45] [config]   - corp/europarl.cs-en.docs.train.cz.bpe
[2018-12-08 17:13:45] [config] transformer-aan-activation: swish
[2018-12-08 17:13:45] [config] transformer-aan-depth: 2
[2018-12-08 17:13:45] [config] transformer-aan-nogate: false
[2018-12-08 17:13:45] [config] transformer-decoder-autoreg: self-attention
[2018-12-08 17:13:45] [config] transformer-dim-aan: 2048
[2018-12-08 17:13:45] [config] transformer-dim-ffn: 2048
[2018-12-08 17:13:45] [config] transformer-dropout: 0
[2018-12-08 17:13:45] [config] transformer-dropout-attention: 0
[2018-12-08 17:13:45] [config] transformer-dropout-ffn: 0
[2018-12-08 17:13:45] [config] transformer-ffn-activation: swish
[2018-12-08 17:13:45] [config] transformer-ffn-depth: 2
[2018-12-08 17:13:45] [config] transformer-guided-alignment-layer: last
[2018-12-08 17:13:45] [config] transformer-heads: 8
[2018-12-08 17:13:45] [config] transformer-no-projection: false
[2018-12-08 17:13:45] [config] transformer-postprocess: dan
[2018-12-08 17:13:45] [config] transformer-postprocess-emb: d
[2018-12-08 17:13:45] [config] transformer-preprocess: ""
[2018-12-08 17:13:45] [config] transformer-tied-layers:
[2018-12-08 17:13:45] [config]   []
[2018-12-08 17:13:45] [config] type: s2s
[2018-12-08 17:13:45] [config] ulr: false
[2018-12-08 17:13:45] [config] ulr-dim-emb: 0
[2018-12-08 17:13:45] [config] ulr-dropout: 0
[2018-12-08 17:13:45] [config] ulr-keys-vectors: ""
[2018-12-08 17:13:45] [config] ulr-query-vectors: ""
[2018-12-08 17:13:45] [config] ulr-softmax-temperature: 1
[2018-12-08 17:13:45] [config] ulr-trainable-transformation: false
[2018-12-08 17:13:45] [config] valid-freq: 5000
[2018-12-08 17:13:45] [config] valid-log: model/valid.log
[2018-12-08 17:13:45] [config] valid-max-length: 1000
[2018-12-08 17:13:45] [config] valid-metrics:
[2018-12-08 17:13:45] [config]   - ce-mean-words
[2018-12-08 17:13:45] [config]   - perplexity
[2018-12-08 17:13:45] [config]   - translation
[2018-12-08 17:13:45] [config] valid-mini-batch: 64
[2018-12-08 17:13:45] [config] valid-script-path: ./val.sh
[2018-12-08 17:13:45] [config] valid-sets:
[2018-12-08 17:13:45] [config]   - corp/europarl.cs-en.docs.dev.en.bpe
[2018-12-08 17:13:45] [config]   - corp/europarl.cs-en.docs.dev.cz.bpe
[2018-12-08 17:13:45] [config] valid-translation-output: data/valid.bpe.en.output
[2018-12-08 17:13:45] [config] vocabs:
[2018-12-08 17:13:45] [config]   - corp/vocab.encs.europarl.yml
[2018-12-08 17:13:45] [config]   - corp/vocab.encs.europarl.yml
[2018-12-08 17:13:45] [config] word-penalty: 0
[2018-12-08 17:13:45] [config] workspace: 8500
[2018-12-08 17:13:45] [config] Model is being created with Marian v1.7.2 1714781 2018-12-04 08:56:46 -0800
[2018-12-08 17:13:45] Using synchronous training
[2018-12-08 17:13:45] [data] Loading vocabulary from JSON/Yaml file corp/vocab.encs.europarl.yml
[2018-12-08 17:13:45] [data] Setting vocabulary size for input 0 to 32000
[2018-12-08 17:13:45] [data] Loading vocabulary from JSON/Yaml file corp/vocab.encs.europarl.yml
[2018-12-08 17:13:45] [data] Setting vocabulary size for input 1 to 32000
[2018-12-08 17:13:45] [batching] Collecting statistics for batch fitting with step size 10
[2018-12-08 17:13:45] Compiled without MPI support. Falling back to FakeMPIWrapper
[2018-12-08 17:13:46] [memory] Extending reserved space to 8576 MB (device gpu0)
[2018-12-08 17:13:47] [memory] Extending reserved space to 8576 MB (device gpu1)
[2018-12-08 17:13:47] [memory] Reserving 336 MB, device gpu0
[2018-12-08 17:13:49] [memory] Reserving 336 MB, device gpu0
[2018-12-08 17:14:19] [batching] Done
[2018-12-08 17:14:19] [memory] Extending reserved space to 8576 MB (device gpu0)
[2018-12-08 17:14:19] [memory] Extending reserved space to 8576 MB (device gpu1)
[2018-12-08 17:14:20] Training started
[2018-12-08 17:14:20] [data] Shuffling files
[2018-12-08 17:14:20] [data] Done reading 620637 sentences
[2018-12-08 17:14:24] [data] Done shuffling 620637 sentences to temp files
[2018-12-08 17:14:55] [memory] Reserving 336 MB, device gpu0
[2018-12-08 17:14:55] [memory] Reserving 336 MB, device gpu1
[2018-12-08 17:14:55] [memory] Reserving 168 MB, device gpu0
[2018-12-08 17:14:55] [memory] Reserving 168 MB, device gpu1
[2018-12-08 17:14:56] [memory] Reserving 336 MB, device gpu0
[2018-12-08 17:14:56] [memory] Reserving 336 MB, device gpu1
[2018-12-08 17:14:57] [memory] Reserving 168 MB, device gpu0
[2018-12-08 17:14:57] [memory] Reserving 168 MB, device gpu1
[2018-12-08 17:14:57] [memory] Reserving 336 MB, device gpu1
[2018-12-08 17:14:57] [memory] Reserving 336 MB, device gpu0
[2018-12-08 17:23:17] Ep. 1 : Up. 500 : Sen. 180,689 : Cost 6.75937939 : Time 537.46s : 10056.25 words/s : L.r. 3.0000e-04
[2018-12-08 17:32:40] Ep. 1 : Up. 1000 : Sen. 362,643 : Cost 5.00615168 : Time 563.03s : 9584.43 words/s : L.r. 3.0000e-04
[2018-12-08 17:42:06] Ep. 1 : Up. 1500 : Sen. 540,973 : Cost 4.07841969 : Time 565.83s : 9664.60 words/s : L.r. 3.0000e-04
[2018-12-08 17:46:13] Seen 617625 samples
[2018-12-08 17:46:13] Starting epoch 2
[2018-12-08 17:46:13] [data] Shuffling files
[2018-12-08 17:46:13] [data] Done reading 620637 sentences
[2018-12-08 17:46:16] [data] Done shuffling 620637 sentences to temp files
[2018-12-08 17:51:42] Ep. 2 : Up. 2000 : Sen. 102,905 : Cost 3.54503679 : Time 575.98s : 9395.35 words/s : L.r. 3.0000e-04
[2018-12-08 18:01:12] Ep. 2 : Up. 2500 : Sen. 278,390 : Cost 3.27826357 : Time 570.89s : 9545.82 words/s : L.r. 3.0000e-04
[2018-12-08 18:10:27] Ep. 2 : Up. 3000 : Sen. 461,381 : Cost 3.07736182 : Time 554.70s : 9843.62 words/s : L.r. 3.0000e-04
[2018-12-08 18:18:45] Seen 617625 samples
[2018-12-08 18:18:45] Starting epoch 3
[2018-12-08 18:18:45] [data] Shuffling files
[2018-12-08 18:18:46] [data] Done reading 620637 sentences
[2018-12-08 18:18:49] [data] Done shuffling 620637 sentences to temp files
[2018-12-08 18:20:15] Ep. 3 : Up. 3500 : Sen. 20,418 : Cost 2.97922492 : Time 588.26s : 9192.88 words/s : L.r. 3.0000e-04
[2018-12-08 18:29:30] Ep. 3 : Up. 4000 : Sen. 202,429 : Cost 2.83472991 : Time 554.91s : 9755.16 words/s : L.r. 3.0000e-04
[2018-12-08 18:38:56] Ep. 3 : Up. 4500 : Sen. 380,208 : Cost 2.80423403 : Time 565.63s : 9573.12 words/s : L.r. 3.0000e-04
[2018-12-08 18:48:20] Ep. 3 : Up. 5000 : Sen. 559,679 : Cost 2.74414706 : Time 563.64s : 9670.02 words/s : L.r. 3.0000e-04
[2018-12-08 18:48:20] Saving model weights and runtime parameters to model/model.src0tgt0.run1.npz.orig.npz
[2018-12-08 18:48:26] Saving model weights and runtime parameters to model/model.src0tgt0.run1.npz
[2018-12-08 18:48:32] Saving Adam parameters to model/model.src0tgt0.run1.npz.optimizer.npz
[2018-12-08 18:48:53] Saving model weights and runtime parameters to model/model.src0tgt0.run1.npz.best-ce-mean-words.npz
[2018-12-08 18:48:59] [valid] Ep. 3 : Up. 5000 : ce-mean-words : 1.88991 : new best
[2018-12-08 18:49:06] Saving model weights and runtime parameters to model/model.src0tgt0.run1.npz.best-perplexity.npz
[2018-12-08 18:49:13] [valid] Ep. 3 : Up. 5000 : perplexity : 6.6188 : new best
Detokenizer Version $Revision: 4134 $
Language: en
[2018-12-08 18:52:09] Saving model weights and runtime parameters to model/model.src0tgt0.run1.npz.best-translation.npz
[2018-12-08 18:52:17] [valid] Ep. 3 : Up. 5000 : translation : 25.52 : new best
[2018-12-08 18:55:04] Seen 617625 samples
[2018-12-08 18:55:04] Starting epoch 4
[2018-12-08 18:55:04] [data] Shuffling files
[2018-12-08 18:55:04] [data] Done reading 620637 sentences
[2018-12-08 18:55:07] [data] Done shuffling 620637 sentences to temp files
[2018-12-08 19:01:51] Ep. 4 : Up. 5500 : Sen. 117,377 : Cost 2.67486644 : Time 811.35s : 6716.24 words/s : L.r. 3.0000e-04
[2018-12-08 19:11:10] Ep. 4 : Up. 6000 : Sen. 294,266 : Cost 2.64173746 : Time 559.21s : 9602.28 words/s : L.r. 3.0000e-04
[2018-12-08 19:20:44] Ep. 4 : Up. 6500 : Sen. 472,737 : Cost 2.62331676 : Time 573.68s : 9587.22 words/s : L.r. 3.0000e-04
[2018-12-08 19:27:59] Seen 617625 samples
[2018-12-08 19:27:59] Starting epoch 5
[2018-12-08 19:27:59] [data] Shuffling files
[2018-12-08 19:28:00] [data] Done reading 620637 sentences
[2018-12-08 19:28:03] [data] Done shuffling 620637 sentences to temp files
[2018-12-08 19:30:28] Ep. 5 : Up. 7000 : Sen. 36,623 : Cost 2.57142997 : Time 584.66s : 9200.91 words/s : L.r. 3.0000e-04
[2018-12-08 19:39:59] Ep. 5 : Up. 7500 : Sen. 217,389 : Cost 2.52578831 : Time 570.12s : 9560.89 words/s : L.r. 3.0000e-04
[2018-12-08 19:49:20] Ep. 5 : Up. 8000 : Sen. 399,538 : Cost 2.50524950 : Time 561.52s : 9609.79 words/s : L.r. 3.0000e-04
[2018-12-08 19:58:50] Ep. 5 : Up. 8500 : Sen. 577,404 : Cost 2.53210163 : Time 570.29s : 9507.34 words/s : L.r. 3.0000e-04
[2018-12-08 20:00:54] Seen 617625 samples
[2018-12-08 20:00:54] Starting epoch 6
[2018-12-08 20:00:54] [data] Shuffling files
[2018-12-08 20:00:55] [data] Done reading 620637 sentences
[2018-12-08 20:00:58] [data] Done shuffling 620637 sentences to temp files
[2018-12-08 20:08:37] Ep. 6 : Up. 9000 : Sen. 149,204 : Cost 2.44197989 : Time 586.14s : 9262.49 words/s : L.r. 3.0000e-04
[2018-12-08 20:18:09] Ep. 6 : Up. 9500 : Sen. 325,567 : Cost 2.46137714 : Time 572.12s : 9480.48 words/s : L.r. 3.0000e-04
[2018-12-08 20:27:46] Ep. 6 : Up. 10000 : Sen. 505,227 : Cost 2.44584250 : Time 577.45s : 9405.68 words/s : L.r. 3.0000e-04
[2018-12-08 20:27:46] Saving model weights and runtime parameters to model/model.src0tgt0.run1.npz.orig.npz
[2018-12-08 20:27:52] Saving model weights and runtime parameters to model/model.src0tgt0.run1.npz
[2018-12-08 20:27:59] Saving Adam parameters to model/model.src0tgt0.run1.npz.optimizer.npz
[2018-12-08 20:28:19] Saving model weights and runtime parameters to model/model.src0tgt0.run1.npz.best-ce-mean-words.npz
[2018-12-08 20:28:25] [valid] Ep. 6 : Up. 10000 : ce-mean-words : 1.62448 : new best
[2018-12-08 20:28:33] Saving model weights and runtime parameters to model/model.src0tgt0.run1.npz.best-perplexity.npz
[2018-12-08 20:28:39] [valid] Ep. 6 : Up. 10000 : perplexity : 5.07579 : new best
Detokenizer Version $Revision: 4134 $
Language: en
[2018-12-08 20:31:40] Saving model weights and runtime parameters to model/model.src0tgt0.run1.npz.best-translation.npz
[2018-12-08 20:31:46] [valid] Ep. 6 : Up. 10000 : translation : 28.06 : new best
[2018-12-08 20:37:48] Seen 617625 samples
[2018-12-08 20:37:48] Starting epoch 7
[2018-12-08 20:37:48] [data] Shuffling files
[2018-12-08 20:37:48] [data] Done reading 620637 sentences
[2018-12-08 20:37:52] [data] Done shuffling 620637 sentences to temp files
[2018-12-08 20:41:20] Ep. 7 : Up. 10500 : Sen. 58,176 : Cost 2.43279409 : Time 813.60s : 6645.83 words/s : L.r. 3.0000e-04
[2018-12-08 20:50:56] Ep. 7 : Up. 11000 : Sen. 239,871 : Cost 2.37628818 : Time 576.04s : 9319.50 words/s : L.r. 3.0000e-04
[2018-12-08 21:00:29] Ep. 7 : Up. 11500 : Sen. 422,848 : Cost 2.40084648 : Time 572.95s : 9507.20 words/s : L.r. 3.0000e-04
[2018-12-08 21:10:12] Ep. 7 : Up. 12000 : Sen. 597,519 : Cost 2.41040182 : Time 583.64s : 9334.66 words/s : L.r. 3.0000e-04
[2018-12-08 21:11:11] Seen 617625 samples
[2018-12-08 21:11:11] Starting epoch 8
[2018-12-08 21:11:11] [data] Shuffling files
[2018-12-08 21:11:12] [data] Done reading 620637 sentences
[2018-12-08 21:11:15] [data] Done shuffling 620637 sentences to temp files
[2018-12-08 21:19:59] Ep. 8 : Up. 12500 : Sen. 167,719 : Cost 2.32570529 : Time 586.68s : 9241.71 words/s : L.r. 3.0000e-04
[2018-12-08 21:29:37] Ep. 8 : Up. 13000 : Sen. 346,072 : Cost 2.34926057 : Time 578.26s : 9367.32 words/s : L.r. 3.0000e-04
[2018-12-08 21:39:29] Ep. 8 : Up. 13500 : Sen. 520,810 : Cost 2.36122322 : Time 591.78s : 9252.63 words/s : L.r. 3.0000e-04
[2018-12-08 21:44:52] Seen 617625 samples
[2018-12-08 21:44:52] Starting epoch 9
[2018-12-08 21:44:52] [data] Shuffling files
[2018-12-08 21:44:53] [data] Done reading 620637 sentences
[2018-12-08 21:44:56] [data] Done shuffling 620637 sentences to temp files
[2018-12-08 21:49:37] Ep. 9 : Up. 14000 : Sen. 79,622 : Cost 2.33123875 : Time 608.30s : 8961.51 words/s : L.r. 3.0000e-04
[2018-12-08 21:59:20] Ep. 9 : Up. 14500 : Sen. 258,890 : Cost 2.30275440 : Time 582.50s : 9358.31 words/s : L.r. 3.0000e-04
[2018-12-08 22:09:12] Ep. 9 : Up. 15000 : Sen. 434,799 : Cost 2.31595016 : Time 592.00s : 9152.21 words/s : L.r. 3.0000e-04
[2018-12-08 22:09:12] Saving model weights and runtime parameters to model/model.src0tgt0.run1.npz.orig.npz
[2018-12-08 22:09:19] Saving model weights and runtime parameters to model/model.src0tgt0.run1.npz
[2018-12-08 22:09:25] Saving Adam parameters to model/model.src0tgt0.run1.npz.optimizer.npz
[2018-12-08 22:09:46] Saving model weights and runtime parameters to model/model.src0tgt0.run1.npz.best-ce-mean-words.npz
[2018-12-08 22:09:52] [valid] Ep. 9 : Up. 15000 : ce-mean-words : 1.54854 : new best
[2018-12-08 22:10:00] Saving model weights and runtime parameters to model/model.src0tgt0.run1.npz.best-perplexity.npz
[2018-12-08 22:10:06] [valid] Ep. 9 : Up. 15000 : perplexity : 4.7046 : new best
Detokenizer Version $Revision: 4134 $
Language: en
[2018-12-08 22:13:17] Saving model weights and runtime parameters to model/model.src0tgt0.run1.npz.best-translation.npz
[2018-12-08 22:13:23] [valid] Ep. 9 : Up. 15000 : translation : 28.91 : new best
[2018-12-08 22:22:33] Seen 617625 samples
[2018-12-08 22:22:33] Starting epoch 10
[2018-12-08 22:22:33] [data] Shuffling files
[2018-12-08 22:22:33] [data] Done reading 620637 sentences
[2018-12-08 22:22:36] [data] Done shuffling 620637 sentences to temp files
[2018-12-08 22:23:07] Ep. 10 : Up. 15500 : Sen. 600 : Cost 2.31832051 : Time 834.74s : 6416.16 words/s : L.r. 3.0000e-04
[2018-12-08 22:32:31] Ep. 10 : Up. 16000 : Sen. 182,975 : Cost 2.24812675 : Time 563.99s : 9516.31 words/s : L.r. 3.0000e-04
[2018-12-08 22:42:18] Ep. 10 : Up. 16500 : Sen. 358,640 : Cost 2.27857828 : Time 587.63s : 9219.77 words/s : L.r. 2.9542e-04
[2018-12-08 22:52:16] Ep. 10 : Up. 17000 : Sen. 540,357 : Cost 2.28027558 : Time 597.81s : 9131.43 words/s : L.r. 2.9104e-04
[2018-12-08 22:56:40] Seen 617625 samples
[2018-12-08 22:56:40] Starting epoch 11
[2018-12-08 22:56:40] [data] Shuffling files
[2018-12-08 22:56:40] [data] Done reading 620637 sentences
[2018-12-08 22:56:44] [data] Done shuffling 620637 sentences to temp files
[2018-12-08 23:02:31] Ep. 11 : Up. 17500 : Sen. 102,906 : Cost 2.24748969 : Time 615.29s : 8941.33 words/s : L.r. 2.8685e-04
[2018-12-08 23:12:22] Ep. 11 : Up. 18000 : Sen. 282,479 : Cost 2.23060846 : Time 591.04s : 9102.65 words/s : L.r. 2.8284e-04
[2018-12-08 23:22:08] Ep. 11 : Up. 18500 : Sen. 459,438 : Cost 2.25631762 : Time 585.22s : 9324.78 words/s : L.r. 2.7899e-04
[2018-12-08 23:30:46] Seen 617625 samples
[2018-12-08 23:30:46] Starting epoch 12
[2018-12-08 23:30:46] [data] Shuffling files
[2018-12-08 23:30:47] [data] Done reading 620637 sentences
[2018-12-08 23:30:50] [data] Done shuffling 620637 sentences to temp files
[2018-12-08 23:32:18] Ep. 12 : Up. 19000 : Sen. 19,430 : Cost 2.23814726 : Time 609.92s : 8884.77 words/s : L.r. 2.7530e-04
[2018-12-08 23:42:00] Ep. 12 : Up. 19500 : Sen. 198,200 : Cost 2.19283986 : Time 582.04s : 9395.68 words/s : L.r. 2.7175e-04
[2018-12-08 23:51:51] Ep. 12 : Up. 20000 : Sen. 375,153 : Cost 2.20683670 : Time 591.24s : 9164.98 words/s : L.r. 2.6833e-04
[2018-12-08 23:51:51] Saving model weights and runtime parameters to model/model.src0tgt0.run1.npz.orig.npz
[2018-12-08 23:51:57] Saving model weights and runtime parameters to model/model.src0tgt0.run1.npz
[2018-12-08 23:52:04] Saving Adam parameters to model/model.src0tgt0.run1.npz.optimizer.npz
[2018-12-08 23:52:24] Saving model weights and runtime parameters to model/model.src0tgt0.run1.npz.best-ce-mean-words.npz
[2018-12-08 23:52:30] [valid] Ep. 12 : Up. 20000 : ce-mean-words : 1.52371 : new best
[2018-12-08 23:52:38] Saving model weights and runtime parameters to model/model.src0tgt0.run1.npz.best-perplexity.npz
[2018-12-08 23:52:43] [valid] Ep. 12 : Up. 20000 : perplexity : 4.58921 : new best
Detokenizer Version $Revision: 4134 $
Language: en
[2018-12-08 23:55:44] Saving model weights and runtime parameters to model/model.src0tgt0.run1.npz.best-translation.npz
[2018-12-08 23:55:50] [valid] Ep. 12 : Up. 20000 : translation : 29.09 : new best
[2018-12-09 00:05:15] Ep. 12 : Up. 20500 : Sen. 555,642 : Cost 2.22211027 : Time 804.19s : 6739.11 words/s : L.r. 2.6504e-04
[2018-12-09 00:08:24] Seen 617625 samples
[2018-12-09 00:08:24] Starting epoch 13
[2018-12-09 00:08:24] [data] Shuffling files
[2018-12-09 00:08:24] [data] Done reading 620637 sentences
[2018-12-09 00:08:27] [data] Done shuffling 620637 sentences to temp files
[2018-12-09 00:15:13] Ep. 13 : Up. 21000 : Sen. 121,118 : Cost 2.17524076 : Time 597.82s : 8926.80 words/s : L.r. 2.6186e-04
[2018-12-09 00:25:06] Ep. 13 : Up. 21500 : Sen. 304,349 : Cost 2.16699553 : Time 593.02s : 9227.45 words/s : L.r. 2.5880e-04
[2018-12-09 00:34:59] Ep. 13 : Up. 22000 : Sen. 481,621 : Cost 2.19006014 : Time 592.92s : 9122.34 words/s : L.r. 2.5584e-04
[2018-12-09 00:42:38] Seen 617625 samples
[2018-12-09 00:42:38] Starting epoch 14
[2018-12-09 00:42:38] [data] Shuffling files
[2018-12-09 00:42:38] [data] Done reading 620637 sentences
[2018-12-09 00:42:42] [data] Done shuffling 620637 sentences to temp files
[2018-12-09 00:45:04] Ep. 14 : Up. 22500 : Sen. 44,628 : Cost 2.17618251 : Time 605.30s : 8908.14 words/s : L.r. 2.5298e-04
[2018-12-09 00:55:05] Ep. 14 : Up. 23000 : Sen. 218,726 : Cost 2.15060925 : Time 600.80s : 9147.53 words/s : L.r. 2.5022e-04
[2018-12-09 01:05:10] Ep. 14 : Up. 23500 : Sen. 396,701 : Cost 2.15336275 : Time 604.85s : 8990.30 words/s : L.r. 2.4754e-04
[2018-12-09 01:15:09] Ep. 14 : Up. 24000 : Sen. 576,377 : Cost 2.16535759 : Time 598.81s : 8993.93 words/s : L.r. 2.4495e-04
[2018-12-09 01:17:19] Seen 617625 samples
[2018-12-09 01:17:19] Starting epoch 15
[2018-12-09 01:17:19] [data] Shuffling files
[2018-12-09 01:17:20] [data] Done reading 620637 sentences
[2018-12-09 01:17:24] [data] Done shuffling 620637 sentences to temp files
[2018-12-09 01:25:26] Ep. 15 : Up. 24500 : Sen. 144,253 : Cost 2.11390662 : Time 617.08s : 8762.66 words/s : L.r. 2.4244e-04
[2018-12-09 01:35:32] Ep. 15 : Up. 25000 : Sen. 321,875 : Cost 2.13251591 : Time 606.72s : 8929.10 words/s : L.r. 2.4000e-04
[2018-12-09 01:35:32] Saving model weights and runtime parameters to model/model.src0tgt0.run1.npz.orig.npz
[2018-12-09 01:35:39] Saving model weights and runtime parameters to model/model.src0tgt0.run1.npz
[2018-12-09 01:35:46] Saving Adam parameters to model/model.src0tgt0.run1.npz.optimizer.npz
[2018-12-09 01:36:07] [valid] Ep. 15 : Up. 25000 : ce-mean-words : 1.52382 : stalled 1 times
[2018-12-09 01:36:15] [valid] Ep. 15 : Up. 25000 : perplexity : 4.58972 : stalled 1 times
Detokenizer Version $Revision: 4134 $
Language: en
[2018-12-09 01:39:17] Saving model weights and runtime parameters to model/model.src0tgt0.run1.npz.best-translation.npz
[2018-12-09 01:39:23] [valid] Ep. 15 : Up. 25000 : translation : 29.16 : new best
[2018-12-09 01:49:14] Ep. 15 : Up. 25500 : Sen. 496,278 : Cost 2.14427614 : Time 821.20s : 6632.19 words/s : L.r. 2.3764e-04
[2018-12-09 01:55:54] Seen 617625 samples
[2018-12-09 01:55:54] Starting epoch 16
[2018-12-09 01:55:54] [data] Shuffling files
[2018-12-09 01:55:54] [data] Done reading 620637 sentences
[2018-12-09 01:55:58] [data] Done shuffling 620637 sentences to temp files
[2018-12-09 01:59:33] Ep. 16 : Up. 26000 : Sen. 64,760 : Cost 2.11886096 : Time 619.47s : 8719.60 words/s : L.r. 2.3534e-04
[2018-12-09 02:09:43] Ep. 16 : Up. 26500 : Sen. 239,554 : Cost 2.10449362 : Time 609.70s : 8942.45 words/s : L.r. 2.3311e-04
[2018-12-09 02:20:01] Ep. 16 : Up. 27000 : Sen. 422,156 : Cost 2.11222863 : Time 618.49s : 8808.79 words/s : L.r. 2.3094e-04
[2018-12-09 02:30:14] Ep. 16 : Up. 27500 : Sen. 599,521 : Cost 2.12582064 : Time 612.36s : 8833.11 words/s : L.r. 2.2883e-04
[2018-12-09 02:31:14] Seen 617625 samples
[2018-12-09 02:31:14] Starting epoch 17
[2018-12-09 02:31:14] [data] Shuffling files
[2018-12-09 02:31:15] [data] Done reading 620637 sentences
[2018-12-09 02:31:18] [data] Done shuffling 620637 sentences to temp files
[2018-12-09 02:40:41] Ep. 17 : Up. 28000 : Sen. 160,841 : Cost 2.07897806 : Time 627.60s : 8627.45 words/s : L.r. 2.2678e-04
[2018-12-09 02:50:46] Ep. 17 : Up. 28500 : Sen. 339,116 : Cost 2.09224701 : Time 605.35s : 8944.75 words/s : L.r. 2.2478e-04
[2018-12-09 03:01:10] Ep. 17 : Up. 29000 : Sen. 517,249 : Cost 2.09899139 : Time 623.31s : 8744.54 words/s : L.r. 2.2283e-04
[2018-12-09 03:06:40] Seen 617625 samples
[2018-12-09 03:06:40] Starting epoch 18
[2018-12-09 03:06:40] [data] Shuffling files
[2018-12-09 03:06:40] [data] Done reading 620637 sentences
[2018-12-09 03:06:44] [data] Done shuffling 620637 sentences to temp files
[2018-12-09 03:11:31] Ep. 18 : Up. 29500 : Sen. 83,642 : Cost 2.07892275 : Time 621.32s : 8700.13 words/s : L.r. 2.2094e-04
[2018-12-09 03:21:53] Ep. 18 : Up. 30000 : Sen. 264,347 : Cost 2.06965995 : Time 621.47s : 8787.07 words/s : L.r. 2.1909e-04
[2018-12-09 03:21:53] Saving model weights and runtime parameters to model/model.src0tgt0.run1.npz.orig.npz
[2018-12-09 03:21:59] Saving model weights and runtime parameters to model/model.src0tgt0.run1.npz
[2018-12-09 03:22:06] Saving Adam parameters to model/model.src0tgt0.run1.npz.optimizer.npz
[2018-12-09 03:22:28] [valid] Ep. 18 : Up. 30000 : ce-mean-words : 1.53385 : stalled 2 times
[2018-12-09 03:22:35] [valid] Ep. 18 : Up. 30000 : perplexity : 4.63598 : stalled 2 times
Detokenizer Version $Revision: 4134 $
Language: en
[2018-12-09 03:25:37] [valid] Ep. 18 : Up. 30000 : translation : 29.08 : stalled 1 times
[2018-12-09 03:35:23] Ep. 18 : Up. 30500 : Sen. 443,330 : Cost 2.08246183 : Time 810.87s : 6688.02 words/s : L.r. 2.1729e-04
[2018-12-09 03:45:38] Seen 617625 samples
[2018-12-09 03:45:38] Starting epoch 19
[2018-12-09 03:45:38] [data] Shuffling files
[2018-12-09 03:45:38] [data] Done reading 620637 sentences
[2018-12-09 03:45:42] [data] Done shuffling 620637 sentences to temp files
[2018-12-09 03:46:16] Ep. 19 : Up. 31000 : Sen. 1,088 : Cost 2.08775687 : Time 652.64s : 8270.29 words/s : L.r. 2.1553e-04
[2018-12-09 03:56:17] Ep. 19 : Up. 31500 : Sen. 181,879 : Cost 2.03361344 : Time 600.90s : 9034.01 words/s : L.r. 2.1381e-04
[2018-12-09 04:06:31] Ep. 19 : Up. 32000 : Sen. 358,403 : Cost 2.05999064 : Time 613.87s : 8862.33 words/s : L.r. 2.1213e-04
[2018-12-09 04:16:45] Ep. 19 : Up. 32500 : Sen. 535,798 : Cost 2.07551789 : Time 614.43s : 8800.76 words/s : L.r. 2.1049e-04
[2018-12-09 04:21:10] Seen 617625 samples
[2018-12-09 04:21:10] Starting epoch 20
[2018-12-09 04:21:10] [data] Shuffling files
[2018-12-09 04:21:10] [data] Done reading 620637 sentences
[2018-12-09 04:21:14] [data] Done shuffling 620637 sentences to temp files
[2018-12-09 04:27:15] Ep. 20 : Up. 33000 : Sen. 108,859 : Cost 2.03901124 : Time 629.61s : 8732.49 words/s : L.r. 2.0889e-04
[2018-12-09 04:37:27] Ep. 20 : Up. 33500 : Sen. 288,650 : Cost 2.03430152 : Time 611.78s : 8757.70 words/s : L.r. 2.0733e-04
[2018-12-09 04:47:44] Ep. 20 : Up. 34000 : Sen. 465,813 : Cost 2.04895496 : Time 617.18s : 8735.72 words/s : L.r. 2.0580e-04
[2018-12-09 04:56:57] Seen 617625 samples
[2018-12-09 04:56:57] Starting epoch 21
[2018-12-09 04:56:57] [data] Shuffling files
[2018-12-09 04:56:57] [data] Done reading 620637 sentences
[2018-12-09 04:57:01] [data] Done shuffling 620637 sentences to temp files
[2018-12-09 04:58:33] Ep. 21 : Up. 34500 : Sen. 22,059 : Cost 2.05655313 : Time 648.74s : 8402.00 words/s : L.r. 2.0430e-04
[2018-12-09 05:08:47] Ep. 21 : Up. 35000 : Sen. 201,970 : Cost 2.01717925 : Time 614.65s : 8776.60 words/s : L.r. 2.0284e-04
[2018-12-09 05:08:47] Saving model weights and runtime parameters to model/model.src0tgt0.run1.npz.orig.npz
[2018-12-09 05:08:54] Saving model weights and runtime parameters to model/model.src0tgt0.run1.npz
[2018-12-09 05:09:00] Saving Adam parameters to model/model.src0tgt0.run1.npz.optimizer.npz
[2018-12-09 05:09:22] [valid] Ep. 21 : Up. 35000 : ce-mean-words : 1.54724 : stalled 3 times
[2018-12-09 05:09:30] [valid] Ep. 21 : Up. 35000 : perplexity : 4.69849 : stalled 3 times
Detokenizer Version $Revision: 4134 $
Language: en
[2018-12-09 05:12:41] [valid] Ep. 21 : Up. 35000 : translation : 29.03 : stalled 2 times
