[2018-11-22 13:42:46] [config] after-batches: 0
[2018-11-22 13:42:46] [config] after-epochs: 0
[2018-11-22 13:42:46] [config] allow-unk: false
[2018-11-22 13:42:46] [config] batch-flexible-lr: false
[2018-11-22 13:42:46] [config] batch-normal-words: 1920
[2018-11-22 13:42:46] [config] beam-size: 6
[2018-11-22 13:42:46] [config] best-deep: false
[2018-11-22 13:42:46] [config] clip-gemm: 0
[2018-11-22 13:42:46] [config] clip-norm: 5
[2018-11-22 13:42:46] [config] cost-type: ce-mean-words
[2018-11-22 13:42:46] [config] cpu-threads: 0
[2018-11-22 13:42:46] [config] data-weighting-type: sentence
[2018-11-22 13:42:46] [config] dec-cell: gru
[2018-11-22 13:42:46] [config] dec-cell-base-depth: 8
[2018-11-22 13:42:46] [config] dec-cell-high-depth: 1
[2018-11-22 13:42:46] [config] dec-depth: 1
[2018-11-22 13:42:46] [config] devices:
[2018-11-22 13:42:46] [config]   - 0
[2018-11-22 13:42:46] [config] dim-emb: 512
[2018-11-22 13:42:46] [config] dim-rnn: 1024
[2018-11-22 13:42:46] [config] dim-vocabs:
[2018-11-22 13:42:46] [config]   - 0
[2018-11-22 13:42:46] [config]   - 0
[2018-11-22 13:42:46] [config] disp-freq: 500
[2018-11-22 13:42:46] [config] disp-label-counts: false
[2018-11-22 13:42:46] [config] dropout-rnn: 0.1
[2018-11-22 13:42:46] [config] dropout-src: 0
[2018-11-22 13:42:46] [config] dropout-trg: 0
[2018-11-22 13:42:46] [config] dump-config: false
[2018-11-22 13:42:46] [config] early-stopping: 5
[2018-11-22 13:42:46] [config] embedding-fix-src: false
[2018-11-22 13:42:46] [config] embedding-fix-trg: false
[2018-11-22 13:42:46] [config] embedding-normalization: false
[2018-11-22 13:42:46] [config] enc-cell: gru
[2018-11-22 13:42:46] [config] enc-cell-depth: 4
[2018-11-22 13:42:46] [config] enc-depth: 1
[2018-11-22 13:42:46] [config] enc-type: bidirectional
[2018-11-22 13:42:46] [config] exponential-smoothing: 0.0001
[2018-11-22 13:42:46] [config] grad-dropping-momentum: 0
[2018-11-22 13:42:46] [config] grad-dropping-rate: 0
[2018-11-22 13:42:46] [config] grad-dropping-warmup: 100
[2018-11-22 13:42:46] [config] guided-alignment-cost: ce
[2018-11-22 13:42:46] [config] guided-alignment-weight: 1
[2018-11-22 13:42:46] [config] ignore-model-config: false
[2018-11-22 13:42:46] [config] interpolate-env-vars: false
[2018-11-22 13:42:46] [config] keep-best: true
[2018-11-22 13:42:46] [config] label-smoothing: 0.1
[2018-11-22 13:42:46] [config] layer-normalization: true
[2018-11-22 13:42:46] [config] learn-rate: 0.0003
[2018-11-22 13:42:46] [config] log: model/train.2.log
[2018-11-22 13:42:46] [config] log-level: info
[2018-11-22 13:42:46] [config] lr-decay: 0
[2018-11-22 13:42:46] [config] lr-decay-freq: 50000
[2018-11-22 13:42:46] [config] lr-decay-inv-sqrt: 16000
[2018-11-22 13:42:46] [config] lr-decay-repeat-warmup: false
[2018-11-22 13:42:46] [config] lr-decay-reset-optimizer: false
[2018-11-22 13:42:46] [config] lr-decay-start:
[2018-11-22 13:42:46] [config]   - 10
[2018-11-22 13:42:46] [config]   - 1
[2018-11-22 13:42:46] [config] lr-decay-strategy: epoch+stalled
[2018-11-22 13:42:46] [config] lr-report: true
[2018-11-22 13:42:46] [config] lr-warmup: 0
[2018-11-22 13:42:46] [config] lr-warmup-at-reload: false
[2018-11-22 13:42:46] [config] lr-warmup-cycle: false
[2018-11-22 13:42:46] [config] lr-warmup-start-rate: 0
[2018-11-22 13:42:46] [config] max-length: 100
[2018-11-22 13:42:46] [config] max-length-crop: false
[2018-11-22 13:42:46] [config] max-length-factor: 3
[2018-11-22 13:42:46] [config] maxi-batch: 1000
[2018-11-22 13:42:46] [config] maxi-batch-sort: trg
[2018-11-22 13:42:46] [config] mini-batch: 70
[2018-11-22 13:42:46] [config] mini-batch-fit: false
[2018-11-22 13:42:46] [config] mini-batch-fit-step: 10
[2018-11-22 13:42:46] [config] mini-batch-words: 0
[2018-11-22 13:42:46] [config] model: model/model.src0tgt0.batch70.npz
[2018-11-22 13:42:46] [config] multi-node: false
[2018-11-22 13:42:46] [config] multi-node-overlap: true
[2018-11-22 13:42:46] [config] n-best: false
[2018-11-22 13:42:46] [config] no-reload: false
[2018-11-22 13:42:46] [config] no-restore-corpus: false
[2018-11-22 13:42:46] [config] no-shuffle: false
[2018-11-22 13:42:46] [config] normalize: 1
[2018-11-22 13:42:46] [config] optimizer: adam
[2018-11-22 13:42:46] [config] optimizer-delay: 8
[2018-11-22 13:42:46] [config] optimizer-params:
[2018-11-22 13:42:46] [config]   - 0.9
[2018-11-22 13:42:46] [config]   - 0.98
[2018-11-22 13:42:46] [config]   - 1e-09
[2018-11-22 13:42:46] [config] overwrite: true
[2018-11-22 13:42:46] [config] quiet: false
[2018-11-22 13:42:46] [config] quiet-translation: true
[2018-11-22 13:42:46] [config] relative-paths: false
[2018-11-22 13:42:46] [config] right-left: false
[2018-11-22 13:42:46] [config] save-freq: 5000
[2018-11-22 13:42:46] [config] seed: 1234
[2018-11-22 13:42:46] [config] skip: false
[2018-11-22 13:42:46] [config] sqlite: ""
[2018-11-22 13:42:46] [config] sqlite-drop: false
[2018-11-22 13:42:46] [config] sync-sgd: true
[2018-11-22 13:42:46] [config] tempdir: /tmp
[2018-11-22 13:42:46] [config] tied-embeddings: false
[2018-11-22 13:42:46] [config] tied-embeddings-all: true
[2018-11-22 13:42:46] [config] tied-embeddings-src: false
[2018-11-22 13:42:46] [config] train-sets:
[2018-11-22 13:42:46] [config]   - corp/europarl.cs-en.docs.train.en.bpe
[2018-11-22 13:42:46] [config]   - corp/europarl.cs-en.docs.train.cz.bpe
[2018-11-22 13:42:46] [config] transformer-aan-activation: swish
[2018-11-22 13:42:46] [config] transformer-aan-depth: 2
[2018-11-22 13:42:46] [config] transformer-aan-nogate: false
[2018-11-22 13:42:46] [config] transformer-decoder-autoreg: self-attention
[2018-11-22 13:42:46] [config] transformer-dim-aan: 2048
[2018-11-22 13:42:46] [config] transformer-dim-ffn: 2048
[2018-11-22 13:42:46] [config] transformer-dropout: 0
[2018-11-22 13:42:46] [config] transformer-dropout-attention: 0
[2018-11-22 13:42:46] [config] transformer-dropout-ffn: 0
[2018-11-22 13:42:46] [config] transformer-ffn-activation: swish
[2018-11-22 13:42:46] [config] transformer-ffn-depth: 2
[2018-11-22 13:42:46] [config] transformer-guided-alignment-layer: last
[2018-11-22 13:42:46] [config] transformer-heads: 8
[2018-11-22 13:42:46] [config] transformer-no-projection: false
[2018-11-22 13:42:46] [config] transformer-postprocess: dan
[2018-11-22 13:42:46] [config] transformer-postprocess-emb: d
[2018-11-22 13:42:46] [config] transformer-preprocess: ""
[2018-11-22 13:42:46] [config] transformer-tied-layers:
[2018-11-22 13:42:46] [config]   []
[2018-11-22 13:42:46] [config] type: s2s
[2018-11-22 13:42:46] [config] valid-freq: 5000
[2018-11-22 13:42:46] [config] valid-log: model/valid.log
[2018-11-22 13:42:46] [config] valid-max-length: 1000
[2018-11-22 13:42:46] [config] valid-metrics:
[2018-11-22 13:42:46] [config]   - ce-mean-words
[2018-11-22 13:42:46] [config]   - perplexity
[2018-11-22 13:42:46] [config]   - translation
[2018-11-22 13:42:46] [config] valid-mini-batch: 64
[2018-11-22 13:42:46] [config] valid-script-path: ./val.sh
[2018-11-22 13:42:46] [config] valid-sets:
[2018-11-22 13:42:46] [config]   - corp/europarl.cs-en.docs.dev.en.bpe
[2018-11-22 13:42:46] [config]   - corp/europarl.cs-en.docs.dev.cz.bpe
[2018-11-22 13:42:46] [config] valid-translation-output: data/valid.bpe.en.output
[2018-11-22 13:42:46] [config] version: false
[2018-11-22 13:42:46] [config] vocabs:
[2018-11-22 13:42:46] [config]   - corp/vocab.encs.europarl.yml
[2018-11-22 13:42:46] [config]   - corp/vocab.encs.europarl.yml
[2018-11-22 13:42:46] [config] word-penalty: 0
[2018-11-22 13:42:46] [config] workspace: 2048
[2018-11-22 13:42:46] [config] Model created with Marian false
[2018-11-22 13:42:46] [data] Loading vocabulary from JSON/Yaml file corp/vocab.encs.europarl.yml
[2018-11-22 13:42:46] [data] Setting vocabulary size for input 0 to 32000
[2018-11-22 13:42:46] [data] Loading vocabulary from JSON/Yaml file corp/vocab.encs.europarl.yml
[2018-11-22 13:42:46] [data] Setting vocabulary size for input 1 to 32000
[2018-11-22 13:42:47] [memory] Extending reserved space to 2048 MB (device gpu0)
[2018-11-22 13:42:47] Training started
[2018-11-22 13:42:47] [data] Shuffling files
[2018-11-22 13:42:49] [data] Done
[2018-11-22 13:42:54] [memory] Reserving 336 MB, device gpu0
[2018-11-22 13:43:21] [memory] Reserving 336 MB, device gpu0
[2018-11-22 13:43:41] [memory] Reserving 672 MB, device gpu0
[2018-11-22 13:43:41] [memory] Reserving 336 MB, device gpu0
[2018-11-22 13:49:36] Ep. 1 : Up. 500 : Sen. 35000 : Cost 7.14 : Time 409.20s : 2632.01 words/s : L.r. 3.0000e-04
[2018-11-22 13:53:06] Ep. 1 : Up. 1000 : Sen. 70000 : Cost 5.74 : Time 210.30s : 4953.84 words/s : L.r. 3.0000e-04
[2018-11-22 13:56:48] Ep. 1 : Up. 1500 : Sen. 105000 : Cost 5.04 : Time 222.24s : 4949.83 words/s : L.r. 3.0000e-04
[2018-11-22 14:00:13] Ep. 1 : Up. 2000 : Sen. 140000 : Cost 4.49 : Time 204.79s : 4984.68 words/s : L.r. 3.0000e-04
[2018-11-22 14:03:46] Ep. 1 : Up. 2500 : Sen. 175000 : Cost 4.13 : Time 212.77s : 4954.37 words/s : L.r. 3.0000e-04
[2018-11-22 14:07:19] Ep. 1 : Up. 3000 : Sen. 210000 : Cost 3.88 : Time 212.86s : 4997.47 words/s : L.r. 3.0000e-04
[2018-11-22 14:11:02] Ep. 1 : Up. 3500 : Sen. 245000 : Cost 3.69 : Time 223.60s : 4931.41 words/s : L.r. 3.0000e-04
[2018-11-22 14:14:25] Ep. 1 : Up. 4000 : Sen. 280000 : Cost 3.52 : Time 202.71s : 5027.17 words/s : L.r. 3.0000e-04
[2018-11-22 14:18:02] Ep. 1 : Up. 4500 : Sen. 315000 : Cost 3.41 : Time 216.57s : 4945.25 words/s : L.r. 3.0000e-04
[2018-11-22 14:21:30] Ep. 1 : Up. 5000 : Sen. 350000 : Cost 3.33 : Time 208.73s : 5002.11 words/s : L.r. 3.0000e-04
[2018-11-22 14:21:43] Saving model weights and runtime parameters to model/model.src0tgt0.batch70.npz.best-ce-mean-words.npz
[2018-11-22 14:21:49] [valid] Ep. 1 : Up. 5000 : ce-mean-words : 2.57484 : new best
[2018-11-22 14:22:01] Saving model weights and runtime parameters to model/model.src0tgt0.batch70.npz.best-perplexity.npz
[2018-11-22 14:22:07] [valid] Ep. 1 : Up. 5000 : perplexity : 13.1292 : new best
Detokenizer Version $Revision: 4134 $
Language: en
[2018-11-22 14:24:52] Saving model weights and runtime parameters to model/model.src0tgt0.batch70.npz.best-translation.npz
[2018-11-22 14:24:57] [valid] Ep. 1 : Up. 5000 : translation : 18.19 : new best
[2018-11-22 14:24:57] Saving model weights and runtime parameters to model/model.src0tgt0.batch70.npz.orig.npz
[2018-11-22 14:25:03] Saving model weights and runtime parameters to model/model.src0tgt0.batch70.npz
[2018-11-22 14:25:08] Saving Adam parameters to model/model.src0tgt0.batch70.npz.optimizer.npz
[2018-11-22 14:28:55] Ep. 1 : Up. 5500 : Sen. 385000 : Cost 3.27 : Time 444.95s : 2397.82 words/s : L.r. 3.0000e-04
[2018-11-22 14:32:24] Ep. 1 : Up. 6000 : Sen. 420000 : Cost 3.19 : Time 209.13s : 5002.16 words/s : L.r. 3.0000e-04
[2018-11-22 14:36:00] Ep. 1 : Up. 6500 : Sen. 455000 : Cost 3.16 : Time 215.45s : 4979.09 words/s : L.r. 3.0000e-04
[2018-11-22 14:39:30] Ep. 1 : Up. 7000 : Sen. 490000 : Cost 3.10 : Time 210.65s : 4985.69 words/s : L.r. 3.0000e-04
[2018-11-22 14:43:03] Ep. 1 : Up. 7500 : Sen. 525000 : Cost 3.06 : Time 212.45s : 5001.41 words/s : L.r. 3.0000e-04
[2018-11-22 14:46:35] Ep. 1 : Up. 8000 : Sen. 560000 : Cost 3.02 : Time 211.68s : 4964.25 words/s : L.r. 3.0000e-04
[2018-11-22 14:50:07] Ep. 1 : Up. 8500 : Sen. 594945 : Cost 3.02 : Time 212.07s : 4963.42 words/s : L.r. 3.0000e-04
[2018-11-22 14:52:27] Seen 617625 samples
[2018-11-22 14:52:27] Starting epoch 2
[2018-11-22 14:52:27] [data] Shuffling files
[2018-11-22 14:52:29] [data] Done
[2018-11-22 14:53:45] Ep. 2 : Up. 9000 : Sen. 12320 : Cost 2.96 : Time 218.14s : 4807.98 words/s : L.r. 3.0000e-04
[2018-11-22 14:57:22] Ep. 2 : Up. 9500 : Sen. 47320 : Cost 2.89 : Time 216.88s : 4952.06 words/s : L.r. 3.0000e-04
[2018-11-22 15:00:53] Ep. 2 : Up. 10000 : Sen. 82320 : Cost 2.88 : Time 211.72s : 4981.92 words/s : L.r. 3.0000e-04
[2018-11-22 15:01:06] Saving model weights and runtime parameters to model/model.src0tgt0.batch70.npz.best-ce-mean-words.npz
[2018-11-22 15:01:12] [valid] Ep. 2 : Up. 10000 : ce-mean-words : 2.08879 : new best
[2018-11-22 15:01:24] Saving model weights and runtime parameters to model/model.src0tgt0.batch70.npz.best-perplexity.npz
[2018-11-22 15:01:30] [valid] Ep. 2 : Up. 10000 : perplexity : 8.07511 : new best
Detokenizer Version $Revision: 4134 $
Language: en
[2018-11-22 15:03:51] Saving model weights and runtime parameters to model/model.src0tgt0.batch70.npz.best-translation.npz
[2018-11-22 15:03:57] [valid] Ep. 2 : Up. 10000 : translation : 24.07 : new best
[2018-11-22 15:03:57] Saving model weights and runtime parameters to model/model.src0tgt0.batch70.npz.orig.npz
[2018-11-22 15:04:02] Saving model weights and runtime parameters to model/model.src0tgt0.batch70.npz
[2018-11-22 15:04:08] Saving Adam parameters to model/model.src0tgt0.batch70.npz.optimizer.npz
[2018-11-22 15:08:00] Ep. 2 : Up. 10500 : Sen. 117320 : Cost 2.88 : Time 426.58s : 2538.68 words/s : L.r. 3.0000e-04
[2018-11-22 15:11:28] Ep. 2 : Up. 11000 : Sen. 152320 : Cost 2.84 : Time 208.24s : 5006.52 words/s : L.r. 3.0000e-04
[2018-11-22 15:14:57] Ep. 2 : Up. 11500 : Sen. 187320 : Cost 2.84 : Time 209.00s : 4978.34 words/s : L.r. 3.0000e-04
[2018-11-22 15:18:36] Ep. 2 : Up. 12000 : Sen. 222320 : Cost 2.84 : Time 219.20s : 4929.81 words/s : L.r. 3.0000e-04
[2018-11-22 15:22:08] Ep. 2 : Up. 12500 : Sen. 257320 : Cost 2.82 : Time 211.53s : 4990.64 words/s : L.r. 3.0000e-04
[2018-11-22 15:25:37] Ep. 2 : Up. 13000 : Sen. 292320 : Cost 2.80 : Time 208.59s : 5004.52 words/s : L.r. 3.0000e-04
[2018-11-22 15:29:12] Ep. 2 : Up. 13500 : Sen. 327320 : Cost 2.80 : Time 215.01s : 4945.79 words/s : L.r. 3.0000e-04
[2018-11-22 15:32:50] Ep. 2 : Up. 14000 : Sen. 362320 : Cost 2.80 : Time 218.07s : 4968.01 words/s : L.r. 3.0000e-04
[2018-11-22 15:36:23] Ep. 2 : Up. 14500 : Sen. 397320 : Cost 2.77 : Time 213.33s : 4957.06 words/s : L.r. 3.0000e-04
[2018-11-22 15:39:49] Ep. 2 : Up. 15000 : Sen. 432320 : Cost 2.75 : Time 206.36s : 5000.38 words/s : L.r. 3.0000e-04
[2018-11-22 15:40:02] Saving model weights and runtime parameters to model/model.src0tgt0.batch70.npz.best-ce-mean-words.npz
[2018-11-22 15:40:07] [valid] Ep. 2 : Up. 15000 : ce-mean-words : 1.90984 : new best
[2018-11-22 15:40:20] Saving model weights and runtime parameters to model/model.src0tgt0.batch70.npz.best-perplexity.npz
[2018-11-22 15:40:26] [valid] Ep. 2 : Up. 15000 : perplexity : 6.75201 : new best
Detokenizer Version $Revision: 4134 $
Language: en
[2018-11-22 15:42:37] Saving model weights and runtime parameters to model/model.src0tgt0.batch70.npz.best-translation.npz
[2018-11-22 15:42:43] [valid] Ep. 2 : Up. 15000 : translation : 25.77 : new best
[2018-11-22 15:42:43] Saving model weights and runtime parameters to model/model.src0tgt0.batch70.npz.orig.npz
[2018-11-22 15:42:49] Saving model weights and runtime parameters to model/model.src0tgt0.batch70.npz
[2018-11-22 15:42:55] Saving Adam parameters to model/model.src0tgt0.batch70.npz.optimizer.npz
[2018-11-22 15:46:43] Ep. 2 : Up. 15500 : Sen. 467320 : Cost 2.77 : Time 414.02s : 2597.36 words/s : L.r. 3.0000e-04
[2018-11-22 15:50:15] Ep. 2 : Up. 16000 : Sen. 502320 : Cost 2.74 : Time 211.25s : 4954.59 words/s : L.r. 3.0000e-04
[2018-11-22 15:53:52] Ep. 2 : Up. 16500 : Sen. 537320 : Cost 2.75 : Time 217.52s : 4983.82 words/s : L.r. 2.9542e-04
[2018-11-22 15:57:22] Ep. 2 : Up. 17000 : Sen. 572320 : Cost 2.74 : Time 209.79s : 4935.16 words/s : L.r. 2.9104e-04
[2018-11-22 16:00:58] Ep. 2 : Up. 17500 : Sen. 607265 : Cost 2.72 : Time 216.40s : 4957.02 words/s : L.r. 2.8685e-04
[2018-11-22 16:01:59] Seen 617625 samples
[2018-11-22 16:01:59] Starting epoch 3
[2018-11-22 16:01:59] [data] Shuffling files
[2018-11-22 16:02:01] [data] Done
[2018-11-22 16:04:33] Ep. 3 : Up. 18000 : Sen. 24640 : Cost 2.65 : Time 214.76s : 4840.30 words/s : L.r. 2.8284e-04
[2018-11-22 16:08:05] Ep. 3 : Up. 18500 : Sen. 59640 : Cost 2.63 : Time 211.90s : 4970.93 words/s : L.r. 2.7899e-04
[2018-11-22 16:11:41] Ep. 3 : Up. 19000 : Sen. 94640 : Cost 2.63 : Time 216.40s : 4996.18 words/s : L.r. 2.7530e-04
[2018-11-22 16:15:11] Ep. 3 : Up. 19500 : Sen. 129640 : Cost 2.62 : Time 209.31s : 4990.04 words/s : L.r. 2.7175e-04
[2018-11-22 16:18:38] Ep. 3 : Up. 20000 : Sen. 164640 : Cost 2.61 : Time 207.31s : 4949.89 words/s : L.r. 2.6833e-04
[2018-11-22 16:18:51] Saving model weights and runtime parameters to model/model.src0tgt0.batch70.npz.best-ce-mean-words.npz
[2018-11-22 16:18:59] [valid] Ep. 3 : Up. 20000 : ce-mean-words : 1.81259 : new best
[2018-11-22 16:19:11] Saving model weights and runtime parameters to model/model.src0tgt0.batch70.npz.best-perplexity.npz
[2018-11-22 16:19:21] [valid] Ep. 3 : Up. 20000 : perplexity : 6.12631 : new best
Detokenizer Version $Revision: 4134 $
Language: en
[2018-11-22 16:21:29] Saving model weights and runtime parameters to model/model.src0tgt0.batch70.npz.best-translation.npz
[2018-11-22 16:21:34] [valid] Ep. 3 : Up. 20000 : translation : 26.65 : new best
[2018-11-22 16:21:34] Saving model weights and runtime parameters to model/model.src0tgt0.batch70.npz.orig.npz
[2018-11-22 16:21:39] Saving model weights and runtime parameters to model/model.src0tgt0.batch70.npz
[2018-11-22 16:21:45] Saving Adam parameters to model/model.src0tgt0.batch70.npz.optimizer.npz
[2018-11-22 16:25:37] Ep. 3 : Up. 20500 : Sen. 199640 : Cost 2.64 : Time 419.32s : 2600.28 words/s : L.r. 2.6504e-04
[2018-11-22 16:29:15] Ep. 3 : Up. 21000 : Sen. 234640 : Cost 2.62 : Time 218.19s : 4927.36 words/s : L.r. 2.6186e-04
[2018-11-22 16:32:46] Ep. 3 : Up. 21500 : Sen. 269640 : Cost 2.61 : Time 210.75s : 4964.38 words/s : L.r. 2.5880e-04
[2018-11-22 16:36:17] Ep. 3 : Up. 22000 : Sen. 304640 : Cost 2.62 : Time 210.35s : 5002.08 words/s : L.r. 2.5584e-04
[2018-11-22 16:39:53] Ep. 3 : Up. 22500 : Sen. 339640 : Cost 2.62 : Time 216.79s : 4949.67 words/s : L.r. 2.5298e-04
[2018-11-22 16:43:22] Ep. 3 : Up. 23000 : Sen. 374640 : Cost 2.61 : Time 208.39s : 5016.28 words/s : L.r. 2.5022e-04
[2018-11-22 16:46:56] Ep. 3 : Up. 23500 : Sen. 409640 : Cost 2.61 : Time 214.40s : 4970.67 words/s : L.r. 2.4754e-04
[2018-11-22 16:50:32] Ep. 3 : Up. 24000 : Sen. 444640 : Cost 2.60 : Time 216.14s : 4966.60 words/s : L.r. 2.4495e-04
[2018-11-22 16:54:05] Ep. 3 : Up. 24500 : Sen. 479640 : Cost 2.60 : Time 212.69s : 4994.61 words/s : L.r. 2.4244e-04
[2018-11-22 16:57:40] Ep. 3 : Up. 25000 : Sen. 514640 : Cost 2.60 : Time 215.17s : 5020.22 words/s : L.r. 2.4000e-04
[2018-11-22 16:57:53] Saving model weights and runtime parameters to model/model.src0tgt0.batch70.npz.best-ce-mean-words.npz
[2018-11-22 16:57:58] [valid] Ep. 3 : Up. 25000 : ce-mean-words : 1.7507 : new best
[2018-11-22 16:58:11] Saving model weights and runtime parameters to model/model.src0tgt0.batch70.npz.best-perplexity.npz
[2018-11-22 16:58:16] [valid] Ep. 3 : Up. 25000 : perplexity : 5.75861 : new best
Detokenizer Version $Revision: 4134 $
Language: en
[2018-11-22 17:00:24] Saving model weights and runtime parameters to model/model.src0tgt0.batch70.npz.best-translation.npz
[2018-11-22 17:00:29] [valid] Ep. 3 : Up. 25000 : translation : 27.22 : new best
[2018-11-22 17:00:29] Saving model weights and runtime parameters to model/model.src0tgt0.batch70.npz.orig.npz
[2018-11-22 17:00:35] Saving model weights and runtime parameters to model/model.src0tgt0.batch70.npz
[2018-11-22 17:00:41] Saving Adam parameters to model/model.src0tgt0.batch70.npz.optimizer.npz
[2018-11-22 17:04:26] Ep. 3 : Up. 25500 : Sen. 549640 : Cost 2.59 : Time 406.15s : 2607.85 words/s : L.r. 2.3764e-04
[2018-11-22 17:07:48] Ep. 3 : Up. 26000 : Sen. 584585 : Cost 2.58 : Time 201.98s : 4999.73 words/s : L.r. 2.3534e-04
[2018-11-22 17:11:12] Seen 617625 samples
[2018-11-22 17:11:12] Starting epoch 4
[2018-11-22 17:11:12] [data] Shuffling files
[2018-11-22 17:11:14] [data] Done
[2018-11-22 17:11:28] Ep. 4 : Up. 26500 : Sen. 1960 : Cost 2.59 : Time 219.54s : 4797.55 words/s : L.r. 2.3311e-04
[2018-11-22 17:15:02] Ep. 4 : Up. 27000 : Sen. 36960 : Cost 2.50 : Time 214.06s : 5033.52 words/s : L.r. 2.3094e-04
[2018-11-22 17:18:33] Ep. 4 : Up. 27500 : Sen. 71960 : Cost 2.48 : Time 211.27s : 4968.10 words/s : L.r. 2.2883e-04
[2018-11-22 17:22:14] Ep. 4 : Up. 28000 : Sen. 106960 : Cost 2.51 : Time 220.59s : 4967.61 words/s : L.r. 2.2678e-04
[2018-11-22 17:25:40] Ep. 4 : Up. 28500 : Sen. 141960 : Cost 2.48 : Time 206.23s : 5038.27 words/s : L.r. 2.2478e-04
[2018-11-22 17:29:10] Ep. 4 : Up. 29000 : Sen. 176960 : Cost 2.50 : Time 210.07s : 5010.44 words/s : L.r. 2.2283e-04
[2018-11-22 17:32:42] Ep. 4 : Up. 29500 : Sen. 211960 : Cost 2.50 : Time 211.85s : 5011.34 words/s : L.r. 2.2094e-04
[2018-11-22 17:36:09] Ep. 4 : Up. 30000 : Sen. 246960 : Cost 2.50 : Time 206.85s : 5036.57 words/s : L.r. 2.1909e-04
[2018-11-22 17:36:21] Saving model weights and runtime parameters to model/model.src0tgt0.batch70.npz.best-ce-mean-words.npz
[2018-11-22 17:36:27] [valid] Ep. 4 : Up. 30000 : ce-mean-words : 1.71582 : new best
[2018-11-22 17:36:39] Saving model weights and runtime parameters to model/model.src0tgt0.batch70.npz.best-perplexity.npz
[2018-11-22 17:36:45] [valid] Ep. 4 : Up. 30000 : perplexity : 5.56125 : new best
Detokenizer Version $Revision: 4134 $
Language: en
[2018-11-22 17:38:54] Saving model weights and runtime parameters to model/model.src0tgt0.batch70.npz.best-translation.npz
[2018-11-22 17:39:00] [valid] Ep. 4 : Up. 30000 : translation : 27.58 : new best
[2018-11-22 17:39:00] Saving model weights and runtime parameters to model/model.src0tgt0.batch70.npz.orig.npz
[2018-11-22 17:39:06] Saving model weights and runtime parameters to model/model.src0tgt0.batch70.npz
[2018-11-22 17:39:11] Saving Adam parameters to model/model.src0tgt0.batch70.npz.optimizer.npz
[2018-11-22 17:42:58] Ep. 4 : Up. 30500 : Sen. 281960 : Cost 2.51 : Time 409.14s : 2600.79 words/s : L.r. 2.1729e-04
[2018-11-22 17:46:22] Ep. 4 : Up. 31000 : Sen. 316960 : Cost 2.50 : Time 203.80s : 5002.31 words/s : L.r. 2.1553e-04
[2018-11-22 17:50:03] Ep. 4 : Up. 31500 : Sen. 351960 : Cost 2.51 : Time 221.16s : 4992.13 words/s : L.r. 2.1381e-04
[2018-11-22 17:53:36] Ep. 4 : Up. 32000 : Sen. 386960 : Cost 2.51 : Time 212.94s : 4998.41 words/s : L.r. 2.1213e-04
[2018-11-22 17:57:08] Ep. 4 : Up. 32500 : Sen. 421960 : Cost 2.50 : Time 211.88s : 4989.18 words/s : L.r. 2.1049e-04
[2018-11-22 18:00:44] Ep. 4 : Up. 33000 : Sen. 456960 : Cost 2.51 : Time 216.22s : 4997.18 words/s : L.r. 2.0889e-04
[2018-11-22 18:04:10] Ep. 4 : Up. 33500 : Sen. 491960 : Cost 2.50 : Time 205.65s : 5055.12 words/s : L.r. 2.0733e-04
[2018-11-22 18:07:40] Ep. 4 : Up. 34000 : Sen. 526960 : Cost 2.51 : Time 210.71s : 4993.88 words/s : L.r. 2.0580e-04
[2018-11-22 18:11:13] Ep. 4 : Up. 34500 : Sen. 561960 : Cost 2.50 : Time 212.75s : 4992.96 words/s : L.r. 2.0430e-04
[2018-11-22 18:14:39] Ep. 4 : Up. 35000 : Sen. 596905 : Cost 2.50 : Time 206.19s : 5006.46 words/s : L.r. 2.0284e-04
[2018-11-22 18:14:52] Saving model weights and runtime parameters to model/model.src0tgt0.batch70.npz.best-ce-mean-words.npz
[2018-11-22 18:14:57] [valid] Ep. 4 : Up. 35000 : ce-mean-words : 1.68772 : new best
[2018-11-22 18:15:09] Saving model weights and runtime parameters to model/model.src0tgt0.batch70.npz.best-perplexity.npz
[2018-11-22 18:15:15] [valid] Ep. 4 : Up. 35000 : perplexity : 5.40712 : new best
Detokenizer Version $Revision: 4134 $
Language: en
[2018-11-22 18:17:14] Saving model weights and runtime parameters to model/model.src0tgt0.batch70.npz.best-translation.npz
[2018-11-22 18:17:20] [valid] Ep. 4 : Up. 35000 : translation : 27.8 : new best
[2018-11-22 18:17:20] Saving model weights and runtime parameters to model/model.src0tgt0.batch70.npz.orig.npz
[2018-11-22 18:17:25] Saving model weights and runtime parameters to model/model.src0tgt0.batch70.npz
[2018-11-22 18:17:31] Saving Adam parameters to model/model.src0tgt0.batch70.npz.optimizer.npz
[2018-11-22 18:19:55] Seen 617625 samples
[2018-11-22 18:19:55] Starting epoch 5
[2018-11-22 18:19:55] [data] Shuffling files
[2018-11-22 18:19:57] [data] Done
[2018-11-22 18:21:30] Ep. 5 : Up. 35500 : Sen. 14280 : Cost 2.47 : Time 410.46s : 2651.53 words/s : L.r. 2.0140e-04
[2018-11-22 18:25:08] Ep. 5 : Up. 36000 : Sen. 49280 : Cost 2.41 : Time 218.33s : 4939.02 words/s : L.r. 2.0000e-04
[2018-11-22 18:28:33] Ep. 5 : Up. 36500 : Sen. 84280 : Cost 2.40 : Time 205.46s : 5001.71 words/s : L.r. 1.9863e-04
[2018-11-22 18:32:06] Ep. 5 : Up. 37000 : Sen. 119280 : Cost 2.42 : Time 212.54s : 5025.02 words/s : L.r. 1.9728e-04
[2018-11-22 18:35:36] Ep. 5 : Up. 37500 : Sen. 154280 : Cost 2.42 : Time 210.42s : 5010.28 words/s : L.r. 1.9596e-04
[2018-11-22 18:39:13] Ep. 5 : Up. 38000 : Sen. 189280 : Cost 2.43 : Time 216.46s : 5032.27 words/s : L.r. 1.9467e-04
[2018-11-22 18:42:38] Ep. 5 : Up. 38500 : Sen. 224280 : Cost 2.43 : Time 204.97s : 5001.85 words/s : L.r. 1.9340e-04
[2018-11-22 18:46:06] Ep. 5 : Up. 39000 : Sen. 259280 : Cost 2.43 : Time 208.07s : 5017.32 words/s : L.r. 1.9215e-04
[2018-11-22 18:49:47] Ep. 5 : Up. 39500 : Sen. 294280 : Cost 2.43 : Time 221.30s : 4975.76 words/s : L.r. 1.9093e-04
[2018-11-22 18:53:14] Ep. 5 : Up. 40000 : Sen. 329280 : Cost 2.44 : Time 207.01s : 4996.30 words/s : L.r. 1.8974e-04
[2018-11-22 18:53:27] Saving model weights and runtime parameters to model/model.src0tgt0.batch70.npz.best-ce-mean-words.npz
[2018-11-22 18:53:33] [valid] Ep. 5 : Up. 40000 : ce-mean-words : 1.67105 : new best
[2018-11-22 18:53:45] Saving model weights and runtime parameters to model/model.src0tgt0.batch70.npz.best-perplexity.npz
[2018-11-22 18:53:51] [valid] Ep. 5 : Up. 40000 : perplexity : 5.31773 : new best
Detokenizer Version $Revision: 4134 $
Language: en
[2018-11-22 18:55:52] Saving model weights and runtime parameters to model/model.src0tgt0.batch70.npz.best-translation.npz
[2018-11-22 18:55:58] [valid] Ep. 5 : Up. 40000 : translation : 28.03 : new best
[2018-11-22 18:55:58] Saving model weights and runtime parameters to model/model.src0tgt0.batch70.npz.orig.npz
[2018-11-22 18:56:04] Saving model weights and runtime parameters to model/model.src0tgt0.batch70.npz
[2018-11-22 18:56:09] Saving Adam parameters to model/model.src0tgt0.batch70.npz.optimizer.npz
[2018-11-22 18:59:57] Ep. 5 : Up. 40500 : Sen. 364280 : Cost 2.43 : Time 403.04s : 2654.91 words/s : L.r. 1.8856e-04
[2018-11-22 19:03:29] Ep. 5 : Up. 41000 : Sen. 399280 : Cost 2.44 : Time 211.28s : 4976.68 words/s : L.r. 1.8741e-04
[2018-11-22 19:06:50] Ep. 5 : Up. 41500 : Sen. 434280 : Cost 2.43 : Time 201.88s : 5007.43 words/s : L.r. 1.8628e-04
[2018-11-22 19:10:26] Ep. 5 : Up. 42000 : Sen. 469280 : Cost 2.44 : Time 215.98s : 5006.04 words/s : L.r. 1.8516e-04
[2018-11-22 19:14:03] Ep. 5 : Up. 42500 : Sen. 504280 : Cost 2.45 : Time 216.31s : 5010.56 words/s : L.r. 1.8407e-04
[2018-11-22 19:17:35] Ep. 5 : Up. 43000 : Sen. 539280 : Cost 2.43 : Time 212.70s : 4987.42 words/s : L.r. 1.8300e-04
[2018-11-22 19:21:07] Ep. 5 : Up. 43500 : Sen. 574280 : Cost 2.44 : Time 211.15s : 4988.03 words/s : L.r. 1.8194e-04
[2018-11-22 19:24:38] Ep. 5 : Up. 44000 : Sen. 609225 : Cost 2.44 : Time 211.32s : 4962.16 words/s : L.r. 1.8091e-04
[2018-11-22 19:25:30] Seen 617625 samples
[2018-11-22 19:25:30] Starting epoch 6
[2018-11-22 19:25:30] [data] Shuffling files
[2018-11-22 19:25:32] [data] Done
[2018-11-22 19:28:17] Ep. 6 : Up. 44500 : Sen. 26600 : Cost 2.37 : Time 218.72s : 4843.46 words/s : L.r. 1.7989e-04
[2018-11-22 19:31:50] Ep. 6 : Up. 45000 : Sen. 61600 : Cost 2.36 : Time 213.52s : 5010.52 words/s : L.r. 1.7889e-04
[2018-11-22 19:32:03] Saving model weights and runtime parameters to model/model.src0tgt0.batch70.npz.best-ce-mean-words.npz
[2018-11-22 19:32:09] [valid] Ep. 6 : Up. 45000 : ce-mean-words : 1.65476 : new best
[2018-11-22 19:32:21] Saving model weights and runtime parameters to model/model.src0tgt0.batch70.npz.best-perplexity.npz
[2018-11-22 19:32:27] [valid] Ep. 6 : Up. 45000 : perplexity : 5.23184 : new best
Detokenizer Version $Revision: 4134 $
Language: en
[2018-11-22 19:34:21] Saving model weights and runtime parameters to model/model.src0tgt0.batch70.npz.best-translation.npz
[2018-11-22 19:34:26] [valid] Ep. 6 : Up. 45000 : translation : 28.21 : new best
[2018-11-22 19:34:26] Saving model weights and runtime parameters to model/model.src0tgt0.batch70.npz.orig.npz
[2018-11-22 19:34:32] Saving model weights and runtime parameters to model/model.src0tgt0.batch70.npz
[2018-11-22 19:34:38] Saving Adam parameters to model/model.src0tgt0.batch70.npz.optimizer.npz
[2018-11-22 19:38:27] Ep. 6 : Up. 45500 : Sen. 96600 : Cost 2.36 : Time 397.04s : 2691.09 words/s : L.r. 1.7790e-04
[2018-11-22 19:42:02] Ep. 6 : Up. 46000 : Sen. 131600 : Cost 2.36 : Time 214.42s : 4929.72 words/s : L.r. 1.7693e-04
[2018-11-22 19:45:30] Ep. 6 : Up. 46500 : Sen. 166600 : Cost 2.36 : Time 208.69s : 4987.47 words/s : L.r. 1.7598e-04
[2018-11-22 19:49:03] Ep. 6 : Up. 47000 : Sen. 201600 : Cost 2.38 : Time 212.82s : 5009.44 words/s : L.r. 1.7504e-04
[2018-11-22 19:52:35] Ep. 6 : Up. 47500 : Sen. 236600 : Cost 2.37 : Time 212.35s : 5040.32 words/s : L.r. 1.7411e-04
[2018-11-22 19:56:09] Ep. 6 : Up. 48000 : Sen. 271600 : Cost 2.37 : Time 214.00s : 4957.76 words/s : L.r. 1.7321e-04
[2018-11-22 19:59:35] Ep. 6 : Up. 48500 : Sen. 306600 : Cost 2.37 : Time 205.72s : 4999.80 words/s : L.r. 1.7231e-04
[2018-11-22 20:03:11] Ep. 6 : Up. 49000 : Sen. 341600 : Cost 2.38 : Time 215.68s : 5004.21 words/s : L.r. 1.7143e-04
[2018-11-22 20:06:43] Ep. 6 : Up. 49500 : Sen. 376600 : Cost 2.38 : Time 211.95s : 4977.68 words/s : L.r. 1.7056e-04
[2018-11-22 20:10:12] Ep. 6 : Up. 50000 : Sen. 411600 : Cost 2.38 : Time 209.22s : 4995.98 words/s : L.r. 1.6971e-04
[2018-11-22 20:10:25] Saving model weights and runtime parameters to model/model.src0tgt0.batch70.npz.best-ce-mean-words.npz
[2018-11-22 20:10:30] [valid] Ep. 6 : Up. 50000 : ce-mean-words : 1.64732 : new best
[2018-11-22 20:10:42] Saving model weights and runtime parameters to model/model.src0tgt0.batch70.npz.best-perplexity.npz
[2018-11-22 20:10:48] [valid] Ep. 6 : Up. 50000 : perplexity : 5.19304 : new best
Detokenizer Version $Revision: 4134 $
Language: en
[2018-11-22 20:12:43] Saving model weights and runtime parameters to model/model.src0tgt0.batch70.npz.best-translation.npz
[2018-11-22 20:12:49] [valid] Ep. 6 : Up. 50000 : translation : 28.31 : new best
[2018-11-22 20:12:49] Saving model weights and runtime parameters to model/model.src0tgt0.batch70.npz.orig.npz
[2018-11-22 20:12:55] Saving model weights and runtime parameters to model/model.src0tgt0.batch70.npz
[2018-11-22 20:13:01] Saving Adam parameters to model/model.src0tgt0.batch70.npz.optimizer.npz
[2018-11-22 20:16:48] Ep. 6 : Up. 50500 : Sen. 446600 : Cost 2.38 : Time 396.25s : 2662.56 words/s : L.r. 1.6886e-04
[2018-11-22 20:20:26] Ep. 6 : Up. 51000 : Sen. 481600 : Cost 2.39 : Time 217.30s : 4934.10 words/s : L.r. 1.6803e-04
[2018-11-22 20:23:59] Ep. 6 : Up. 51500 : Sen. 516600 : Cost 2.38 : Time 213.69s : 4980.57 words/s : L.r. 1.6722e-04
[2018-11-22 20:27:32] Ep. 6 : Up. 52000 : Sen. 551600 : Cost 2.39 : Time 212.64s : 4995.53 words/s : L.r. 1.6641e-04
[2018-11-22 20:30:57] Ep. 6 : Up. 52500 : Sen. 586545 : Cost 2.38 : Time 205.49s : 4995.92 words/s : L.r. 1.6562e-04
[2018-11-22 20:34:13] Seen 617625 samples
[2018-11-22 20:34:13] Starting epoch 7
[2018-11-22 20:34:13] [data] Shuffling files
[2018-11-22 20:34:15] [data] Done
[2018-11-22 20:34:44] Ep. 7 : Up. 53000 : Sen. 3920 : Cost 2.39 : Time 226.91s : 4809.95 words/s : L.r. 1.6483e-04
[2018-11-22 20:38:14] Ep. 7 : Up. 53500 : Sen. 38920 : Cost 2.30 : Time 209.60s : 5010.76 words/s : L.r. 1.6406e-04
[2018-11-22 20:41:46] Ep. 7 : Up. 54000 : Sen. 73920 : Cost 2.31 : Time 212.38s : 4959.44 words/s : L.r. 1.6330e-04
[2018-11-22 20:45:19] Ep. 7 : Up. 54500 : Sen. 108920 : Cost 2.32 : Time 212.90s : 4982.08 words/s : L.r. 1.6255e-04
[2018-11-22 20:48:52] Ep. 7 : Up. 55000 : Sen. 143920 : Cost 2.32 : Time 212.56s : 5000.77 words/s : L.r. 1.6181e-04
[2018-11-22 20:49:04] Saving model weights and runtime parameters to model/model.src0tgt0.batch70.npz.best-ce-mean-words.npz
[2018-11-22 20:49:10] [valid] Ep. 7 : Up. 55000 : ce-mean-words : 1.64069 : new best
[2018-11-22 20:49:22] Saving model weights and runtime parameters to model/model.src0tgt0.batch70.npz.best-perplexity.npz
[2018-11-22 20:49:28] [valid] Ep. 7 : Up. 55000 : perplexity : 5.15873 : new best
Detokenizer Version $Revision: 4134 $
Language: en
[2018-11-22 20:51:25] Saving model weights and runtime parameters to model/model.src0tgt0.batch70.npz.best-translation.npz
[2018-11-22 20:51:30] [valid] Ep. 7 : Up. 55000 : translation : 28.4 : new best
[2018-11-22 20:51:30] Saving model weights and runtime parameters to model/model.src0tgt0.batch70.npz.orig.npz
[2018-11-22 20:51:36] Saving model weights and runtime parameters to model/model.src0tgt0.batch70.npz
[2018-11-22 20:51:41] Saving Adam parameters to model/model.src0tgt0.batch70.npz.optimizer.npz
[2018-11-22 20:55:22] Ep. 7 : Up. 55500 : Sen. 178920 : Cost 2.32 : Time 390.70s : 2679.80 words/s : L.r. 1.6108e-04
[2018-11-22 20:59:00] Ep. 7 : Up. 56000 : Sen. 213920 : Cost 2.34 : Time 217.41s : 4994.32 words/s : L.r. 1.6036e-04
[2018-11-22 21:02:33] Ep. 7 : Up. 56500 : Sen. 248920 : Cost 2.33 : Time 213.12s : 4953.69 words/s : L.r. 1.5965e-04
[2018-11-22 21:06:00] Ep. 7 : Up. 57000 : Sen. 283920 : Cost 2.33 : Time 207.48s : 5023.43 words/s : L.r. 1.5894e-04
[2018-11-22 21:09:36] Ep. 7 : Up. 57500 : Sen. 318920 : Cost 2.34 : Time 215.49s : 4997.73 words/s : L.r. 1.5825e-04
[2018-11-22 21:13:08] Ep. 7 : Up. 58000 : Sen. 353920 : Cost 2.34 : Time 211.62s : 4976.45 words/s : L.r. 1.5757e-04
[2018-11-22 21:16:46] Ep. 7 : Up. 58500 : Sen. 388920 : Cost 2.34 : Time 218.38s : 4977.07 words/s : L.r. 1.5689e-04
[2018-11-22 21:20:11] Ep. 7 : Up. 59000 : Sen. 423920 : Cost 2.34 : Time 205.38s : 4996.81 words/s : L.r. 1.5623e-04
[2018-11-22 21:23:45] Ep. 7 : Up. 59500 : Sen. 458920 : Cost 2.35 : Time 213.29s : 5022.38 words/s : L.r. 1.5557e-04
[2018-11-22 21:27:11] Ep. 7 : Up. 60000 : Sen. 493920 : Cost 2.34 : Time 206.17s : 5021.56 words/s : L.r. 1.5492e-04
[2018-11-22 21:27:23] Saving model weights and runtime parameters to model/model.src0tgt0.batch70.npz.best-ce-mean-words.npz
[2018-11-22 21:27:29] [valid] Ep. 7 : Up. 60000 : ce-mean-words : 1.63624 : new best
[2018-11-22 21:27:41] Saving model weights and runtime parameters to model/model.src0tgt0.batch70.npz.best-perplexity.npz
[2018-11-22 21:27:47] [valid] Ep. 7 : Up. 60000 : perplexity : 5.13581 : new best
Detokenizer Version $Revision: 4134 $
Language: en
[2018-11-22 21:29:41] Saving model weights and runtime parameters to model/model.src0tgt0.batch70.npz.best-translation.npz
[2018-11-22 21:29:47] [valid] Ep. 7 : Up. 60000 : translation : 28.44 : new best
[2018-11-22 21:29:47] Saving model weights and runtime parameters to model/model.src0tgt0.batch70.npz.orig.npz
[2018-11-22 21:29:52] Saving model weights and runtime parameters to model/model.src0tgt0.batch70.npz
[2018-11-22 21:29:58] Saving Adam parameters to model/model.src0tgt0.batch70.npz.optimizer.npz
[2018-11-22 21:33:50] Ep. 7 : Up. 60500 : Sen. 528920 : Cost 2.35 : Time 399.65s : 2701.05 words/s : L.r. 1.5428e-04
[2018-11-22 21:37:23] Ep. 7 : Up. 61000 : Sen. 563920 : Cost 2.34 : Time 212.35s : 4925.13 words/s : L.r. 1.5364e-04
[2018-11-22 21:40:48] Ep. 7 : Up. 61500 : Sen. 598865 : Cost 2.34 : Time 205.39s : 4959.27 words/s : L.r. 1.5302e-04
[2018-11-22 21:42:52] Seen 617625 samples
[2018-11-22 21:42:52] Starting epoch 8
[2018-11-22 21:42:52] [data] Shuffling files
[2018-11-22 21:42:54] [data] Done
[2018-11-22 21:44:32] Ep. 8 : Up. 62000 : Sen. 16240 : Cost 2.31 : Time 223.62s : 4832.60 words/s : L.r. 1.5240e-04
[2018-11-22 21:48:12] Ep. 8 : Up. 62500 : Sen. 51240 : Cost 2.28 : Time 219.71s : 4955.17 words/s : L.r. 1.5179e-04
[2018-11-22 21:51:41] Ep. 8 : Up. 63000 : Sen. 86240 : Cost 2.27 : Time 209.50s : 4966.11 words/s : L.r. 1.5119e-04
[2018-11-22 21:55:15] Ep. 8 : Up. 63500 : Sen. 121240 : Cost 2.28 : Time 214.18s : 4967.56 words/s : L.r. 1.5059e-04
[2018-11-22 21:58:54] Ep. 8 : Up. 64000 : Sen. 156240 : Cost 2.29 : Time 219.06s : 4981.72 words/s : L.r. 1.5000e-04
[2018-11-22 22:02:20] Ep. 8 : Up. 64500 : Sen. 191240 : Cost 2.28 : Time 206.02s : 5011.81 words/s : L.r. 1.4942e-04
[2018-11-22 22:05:53] Ep. 8 : Up. 65000 : Sen. 226240 : Cost 2.29 : Time 213.21s : 4986.57 words/s : L.r. 1.4884e-04
[2018-11-22 22:06:06] Saving model weights and runtime parameters to model/model.src0tgt0.batch70.npz.best-ce-mean-words.npz
[2018-11-22 22:06:11] [valid] Ep. 8 : Up. 65000 : ce-mean-words : 1.63367 : new best
[2018-11-22 22:06:24] Saving model weights and runtime parameters to model/model.src0tgt0.batch70.npz.best-perplexity.npz
[2018-11-22 22:06:30] [valid] Ep. 8 : Up. 65000 : perplexity : 5.12262 : new best
Detokenizer Version $Revision: 4134 $
Language: en
[2018-11-22 22:08:19] Saving model weights and runtime parameters to model/model.src0tgt0.batch70.npz.best-translation.npz
[2018-11-22 22:08:26] [valid] Ep. 8 : Up. 65000 : translation : 28.5 : new best
[2018-11-22 22:08:26] Saving model weights and runtime parameters to model/model.src0tgt0.batch70.npz.orig.npz
[2018-11-22 22:08:31] Saving model weights and runtime parameters to model/model.src0tgt0.batch70.npz
[2018-11-22 22:08:38] Saving Adam parameters to model/model.src0tgt0.batch70.npz.optimizer.npz
[2018-11-22 22:12:22] Ep. 8 : Up. 65500 : Sen. 261240 : Cost 2.29 : Time 388.25s : 2675.42 words/s : L.r. 1.4827e-04
[2018-11-22 22:15:59] Ep. 8 : Up. 66000 : Sen. 296240 : Cost 2.30 : Time 216.77s : 4979.89 words/s : L.r. 1.4771e-04
[2018-11-22 22:19:31] Ep. 8 : Up. 66500 : Sen. 331240 : Cost 2.29 : Time 212.14s : 4966.43 words/s : L.r. 1.4715e-04
[2018-11-22 22:23:02] Ep. 8 : Up. 67000 : Sen. 366240 : Cost 2.30 : Time 211.80s : 4930.65 words/s : L.r. 1.4660e-04
[2018-11-22 22:26:40] Ep. 8 : Up. 67500 : Sen. 401240 : Cost 2.31 : Time 217.06s : 4969.50 words/s : L.r. 1.4606e-04
[2018-11-22 22:30:12] Ep. 8 : Up. 68000 : Sen. 436240 : Cost 2.30 : Time 212.31s : 4958.23 words/s : L.r. 1.4552e-04
[2018-11-22 22:33:43] Ep. 8 : Up. 68500 : Sen. 471240 : Cost 2.32 : Time 211.65s : 4974.24 words/s : L.r. 1.4499e-04
[2018-11-22 22:37:17] Ep. 8 : Up. 69000 : Sen. 506240 : Cost 2.31 : Time 213.36s : 4970.00 words/s : L.r. 1.4446e-04
[2018-11-22 22:40:54] Ep. 8 : Up. 69500 : Sen. 541240 : Cost 2.32 : Time 216.94s : 4972.70 words/s : L.r. 1.4394e-04
[2018-11-22 22:44:25] Ep. 8 : Up. 70000 : Sen. 576240 : Cost 2.30 : Time 211.00s : 4942.04 words/s : L.r. 1.4343e-04
[2018-11-22 22:44:38] Saving model weights and runtime parameters to model/model.src0tgt0.batch70.npz.best-ce-mean-words.npz
[2018-11-22 22:44:46] [valid] Ep. 8 : Up. 70000 : ce-mean-words : 1.63181 : new best
[2018-11-22 22:44:59] Saving model weights and runtime parameters to model/model.src0tgt0.batch70.npz.best-perplexity.npz
[2018-11-22 22:45:06] [valid] Ep. 8 : Up. 70000 : perplexity : 5.1131 : new best
Detokenizer Version $Revision: 4134 $
Language: en
[2018-11-22 22:46:59] [valid] Ep. 8 : Up. 70000 : translation : 28.5 : stalled 1 times
[2018-11-22 22:46:59] Saving model weights and runtime parameters to model/model.src0tgt0.batch70.npz.orig.npz
[2018-11-22 22:47:04] Saving model weights and runtime parameters to model/model.src0tgt0.batch70.npz
[2018-11-22 22:47:10] Saving Adam parameters to model/model.src0tgt0.batch70.npz.optimizer.npz
[2018-11-22 22:50:58] Ep. 8 : Up. 70500 : Sen. 611185 : Cost 2.32 : Time 392.75s : 2677.62 words/s : L.r. 1.4292e-04
[2018-11-22 22:51:38] Seen 617625 samples
[2018-11-22 22:51:38] Starting epoch 9
[2018-11-22 22:51:38] [data] Shuffling files
[2018-11-22 22:51:40] [data] Done
[2018-11-22 22:54:36] Ep. 9 : Up. 71000 : Sen. 28560 : Cost 2.25 : Time 218.38s : 4801.93 words/s : L.r. 1.4241e-04
[2018-11-22 22:58:12] Ep. 9 : Up. 71500 : Sen. 63560 : Cost 2.25 : Time 216.39s : 4961.45 words/s : L.r. 1.4191e-04
[2018-11-22 23:01:46] Ep. 9 : Up. 72000 : Sen. 98560 : Cost 2.25 : Time 214.20s : 4967.23 words/s : L.r. 1.4142e-04
[2018-11-22 23:05:15] Ep. 9 : Up. 72500 : Sen. 133560 : Cost 2.25 : Time 208.74s : 4981.51 words/s : L.r. 1.4093e-04
[2018-11-22 23:08:54] Ep. 9 : Up. 73000 : Sen. 168560 : Cost 2.26 : Time 218.80s : 4989.55 words/s : L.r. 1.4045e-04
[2018-11-22 23:12:24] Ep. 9 : Up. 73500 : Sen. 203560 : Cost 2.26 : Time 209.97s : 5000.11 words/s : L.r. 1.3997e-04
[2018-11-22 23:15:49] Ep. 9 : Up. 74000 : Sen. 238560 : Cost 2.25 : Time 204.60s : 4983.68 words/s : L.r. 1.3950e-04
[2018-11-22 23:19:26] Ep. 9 : Up. 74500 : Sen. 273560 : Cost 2.28 : Time 217.71s : 5007.95 words/s : L.r. 1.3903e-04
[2018-11-22 23:22:57] Ep. 9 : Up. 75000 : Sen. 308560 : Cost 2.27 : Time 210.62s : 5009.16 words/s : L.r. 1.3856e-04
[2018-11-22 23:23:09] Saving model weights and runtime parameters to model/model.src0tgt0.batch70.npz.best-ce-mean-words.npz
[2018-11-22 23:23:15] [valid] Ep. 9 : Up. 75000 : ce-mean-words : 1.6308 : new best
[2018-11-22 23:23:27] Saving model weights and runtime parameters to model/model.src0tgt0.batch70.npz.best-perplexity.npz
[2018-11-22 23:23:33] [valid] Ep. 9 : Up. 75000 : perplexity : 5.10796 : new best
Detokenizer Version $Revision: 4134 $
Language: en
[2018-11-22 23:25:27] [valid] Ep. 9 : Up. 75000 : translation : 28.49 : stalled 2 times
[2018-11-22 23:25:27] Saving model weights and runtime parameters to model/model.src0tgt0.batch70.npz.orig.npz
[2018-11-22 23:25:32] Saving model weights and runtime parameters to model/model.src0tgt0.batch70.npz
[2018-11-22 23:25:38] Saving Adam parameters to model/model.src0tgt0.batch70.npz.optimizer.npz
[2018-11-22 23:29:27] Ep. 9 : Up. 75500 : Sen. 343560 : Cost 2.27 : Time 390.52s : 2750.77 words/s : L.r. 1.3810e-04
[2018-11-22 23:33:01] Ep. 9 : Up. 76000 : Sen. 378560 : Cost 2.27 : Time 213.96s : 4942.50 words/s : L.r. 1.3765e-04
[2018-11-22 23:36:29] Ep. 9 : Up. 76500 : Sen. 413560 : Cost 2.27 : Time 207.56s : 5021.46 words/s : L.r. 1.3720e-04
[2018-11-22 23:40:00] Ep. 9 : Up. 77000 : Sen. 448560 : Cost 2.28 : Time 211.14s : 4948.71 words/s : L.r. 1.3675e-04
[2018-11-22 23:43:36] Ep. 9 : Up. 77500 : Sen. 483560 : Cost 2.28 : Time 215.82s : 4998.76 words/s : L.r. 1.3631e-04
[2018-11-22 23:47:11] Ep. 9 : Up. 78000 : Sen. 518560 : Cost 2.29 : Time 214.93s : 5007.78 words/s : L.r. 1.3587e-04
[2018-11-22 23:50:41] Ep. 9 : Up. 78500 : Sen. 553560 : Cost 2.28 : Time 209.67s : 4964.18 words/s : L.r. 1.3544e-04
[2018-11-22 23:54:14] Ep. 9 : Up. 79000 : Sen. 588505 : Cost 2.28 : Time 212.96s : 4920.79 words/s : L.r. 1.3501e-04
[2018-11-22 23:57:12] Seen 617625 samples
[2018-11-22 23:57:12] Starting epoch 10
[2018-11-22 23:57:12] [data] Shuffling files
[2018-11-22 23:57:14] [data] Done
[2018-11-22 23:57:49] Ep. 10 : Up. 79500 : Sen. 5880 : Cost 2.27 : Time 215.44s : 4840.93 words/s : L.r. 1.3459e-04
[2018-11-23 00:01:18] Ep. 10 : Up. 80000 : Sen. 40880 : Cost 2.21 : Time 209.16s : 4991.87 words/s : L.r. 1.3416e-04
[2018-11-23 00:01:31] Saving model weights and runtime parameters to model/model.src0tgt0.batch70.npz.best-ce-mean-words.npz
[2018-11-23 00:01:36] [valid] Ep. 10 : Up. 80000 : ce-mean-words : 1.62934 : new best
[2018-11-23 00:01:49] Saving model weights and runtime parameters to model/model.src0tgt0.batch70.npz.best-perplexity.npz
[2018-11-23 00:01:54] [valid] Ep. 10 : Up. 80000 : perplexity : 5.10051 : new best
Detokenizer Version $Revision: 4134 $
Language: en
[2018-11-23 00:03:47] Saving model weights and runtime parameters to model/model.src0tgt0.batch70.npz.best-translation.npz
[2018-11-23 00:03:53] [valid] Ep. 10 : Up. 80000 : translation : 28.54 : new best
[2018-11-23 00:03:53] Saving model weights and runtime parameters to model/model.src0tgt0.batch70.npz.orig.npz
[2018-11-23 00:03:59] Saving model weights and runtime parameters to model/model.src0tgt0.batch70.npz
[2018-11-23 00:04:05] Saving Adam parameters to model/model.src0tgt0.batch70.npz.optimizer.npz
[2018-11-23 00:08:01] Ep. 10 : Up. 80500 : Sen. 75880 : Cost 2.23 : Time 403.33s : 2729.03 words/s : L.r. 1.3375e-04
[2018-11-23 00:11:36] Ep. 10 : Up. 81000 : Sen. 110880 : Cost 2.22 : Time 214.43s : 4965.00 words/s : L.r. 1.3333e-04
[2018-11-23 00:15:07] Ep. 10 : Up. 81500 : Sen. 145880 : Cost 2.23 : Time 211.62s : 4961.41 words/s : L.r. 1.3292e-04
[2018-11-23 00:18:39] Ep. 10 : Up. 82000 : Sen. 180880 : Cost 2.23 : Time 211.20s : 4990.74 words/s : L.r. 1.3252e-04
[2018-11-23 00:22:15] Ep. 10 : Up. 82500 : Sen. 215880 : Cost 2.24 : Time 216.45s : 5000.45 words/s : L.r. 1.3212e-04
[2018-11-23 00:25:43] Ep. 10 : Up. 83000 : Sen. 250880 : Cost 2.23 : Time 207.89s : 4980.02 words/s : L.r. 1.3172e-04
[2018-11-23 00:29:15] Ep. 10 : Up. 83500 : Sen. 285880 : Cost 2.24 : Time 212.13s : 4992.49 words/s : L.r. 1.3132e-04
[2018-11-23 00:32:51] Ep. 10 : Up. 84000 : Sen. 320880 : Cost 2.25 : Time 215.57s : 4975.95 words/s : L.r. 1.3093e-04
[2018-11-23 00:36:24] Ep. 10 : Up. 84500 : Sen. 355880 : Cost 2.24 : Time 213.03s : 4952.66 words/s : L.r. 1.3054e-04
[2018-11-23 00:39:58] Ep. 10 : Up. 85000 : Sen. 390880 : Cost 2.25 : Time 214.43s : 4980.43 words/s : L.r. 1.3016e-04
[2018-11-23 00:40:11] [valid] Ep. 10 : Up. 85000 : ce-mean-words : 1.6306 : stalled 1 times
[2018-11-23 00:40:23] [valid] Ep. 10 : Up. 85000 : perplexity : 5.10694 : stalled 1 times
Detokenizer Version $Revision: 4134 $
Language: en
[2018-11-23 00:42:14] Saving model weights and runtime parameters to model/model.src0tgt0.batch70.npz.best-translation.npz
[2018-11-23 00:42:27] [valid] Ep. 10 : Up. 85000 : translation : 28.58 : new best
[2018-11-23 00:42:27] Saving model weights and runtime parameters to model/model.src0tgt0.batch70.npz.orig.npz
[2018-11-23 00:42:33] Saving model weights and runtime parameters to model/model.src0tgt0.batch70.npz
[2018-11-23 00:42:38] Saving Adam parameters to model/model.src0tgt0.batch70.npz.optimizer.npz
[2018-11-23 00:46:24] Ep. 10 : Up. 85500 : Sen. 425880 : Cost 2.24 : Time 385.74s : 2699.95 words/s : L.r. 1.2978e-04
[2018-11-23 00:49:50] Ep. 10 : Up. 86000 : Sen. 460880 : Cost 2.24 : Time 206.47s : 5024.08 words/s : L.r. 1.2940e-04
[2018-11-23 00:53:28] Ep. 10 : Up. 86500 : Sen. 495880 : Cost 2.26 : Time 217.31s : 4972.53 words/s : L.r. 1.2902e-04
[2018-11-23 00:56:58] Ep. 10 : Up. 87000 : Sen. 530880 : Cost 2.26 : Time 210.36s : 5014.39 words/s : L.r. 1.2865e-04
[2018-11-23 01:00:30] Ep. 10 : Up. 87500 : Sen. 565880 : Cost 2.25 : Time 211.97s : 4954.22 words/s : L.r. 1.2829e-04
[2018-11-23 01:04:07] Ep. 10 : Up. 88000 : Sen. 600880 : Cost 2.26 : Time 217.23s : 4948.49 words/s : L.r. 1.2792e-04
[2018-11-23 01:05:49] Seen 617625 samples
[2018-11-23 01:05:49] Starting epoch 11
[2018-11-23 01:05:49] [data] Shuffling files
[2018-11-23 01:05:51] [data] Done
[2018-11-23 01:07:39] Ep. 11 : Up. 88500 : Sen. 18200 : Cost 2.21 : Time 211.85s : 4853.87 words/s : L.r. 1.2756e-04
[2018-11-23 01:11:18] Ep. 11 : Up. 89000 : Sen. 53200 : Cost 2.20 : Time 218.82s : 4972.11 words/s : L.r. 1.2720e-04
[2018-11-23 01:14:55] Ep. 11 : Up. 89500 : Sen. 88200 : Cost 2.20 : Time 217.03s : 4939.64 words/s : L.r. 1.2684e-04
[2018-11-23 01:18:24] Ep. 11 : Up. 90000 : Sen. 123200 : Cost 2.20 : Time 209.39s : 4991.42 words/s : L.r. 1.2649e-04
[2018-11-23 01:18:37] [valid] Ep. 11 : Up. 90000 : ce-mean-words : 1.63011 : stalled 2 times
[2018-11-23 01:18:50] [valid] Ep. 11 : Up. 90000 : perplexity : 5.10441 : stalled 2 times
Detokenizer Version $Revision: 4134 $
Language: en
[2018-11-23 01:20:41] Saving model weights and runtime parameters to model/model.src0tgt0.batch70.npz.best-translation.npz
[2018-11-23 01:20:47] [valid] Ep. 11 : Up. 90000 : translation : 28.69 : new best
[2018-11-23 01:20:47] Saving model weights and runtime parameters to model/model.src0tgt0.batch70.npz.orig.npz
[2018-11-23 01:20:54] Saving model weights and runtime parameters to model/model.src0tgt0.batch70.npz
[2018-11-23 01:21:00] Saving Adam parameters to model/model.src0tgt0.batch70.npz.optimizer.npz
[2018-11-23 01:24:46] Ep. 11 : Up. 90500 : Sen. 158200 : Cost 2.20 : Time 381.18s : 2762.88 words/s : L.r. 1.2614e-04
[2018-11-23 01:28:23] Ep. 11 : Up. 91000 : Sen. 193200 : Cost 2.21 : Time 217.84s : 4932.09 words/s : L.r. 1.2579e-04
[2018-11-23 01:31:51] Ep. 11 : Up. 91500 : Sen. 228200 : Cost 2.21 : Time 207.20s : 5013.36 words/s : L.r. 1.2545e-04
[2018-11-23 01:35:26] Ep. 11 : Up. 92000 : Sen. 263200 : Cost 2.22 : Time 215.17s : 5001.41 words/s : L.r. 1.2511e-04
[2018-11-23 01:38:52] Ep. 11 : Up. 92500 : Sen. 298200 : Cost 2.21 : Time 206.56s : 4943.23 words/s : L.r. 1.2477e-04
[2018-11-23 01:42:33] Ep. 11 : Up. 93000 : Sen. 333200 : Cost 2.23 : Time 220.79s : 4968.56 words/s : L.r. 1.2443e-04
[2018-11-23 01:45:58] Ep. 11 : Up. 93500 : Sen. 368200 : Cost 2.22 : Time 205.19s : 5029.84 words/s : L.r. 1.2410e-04
[2018-11-23 01:49:31] Ep. 11 : Up. 94000 : Sen. 403200 : Cost 2.22 : Time 212.32s : 4964.41 words/s : L.r. 1.2377e-04
[2018-11-23 01:53:03] Ep. 11 : Up. 94500 : Sen. 438200 : Cost 2.23 : Time 212.28s : 4996.69 words/s : L.r. 1.2344e-04
[2018-11-23 01:56:37] Ep. 11 : Up. 95000 : Sen. 473200 : Cost 2.23 : Time 214.34s : 4961.55 words/s : L.r. 1.2312e-04
[2018-11-23 01:56:50] [valid] Ep. 11 : Up. 95000 : ce-mean-words : 1.63098 : stalled 3 times
[2018-11-23 01:57:02] [valid] Ep. 11 : Up. 95000 : perplexity : 5.1089 : stalled 3 times
Detokenizer Version $Revision: 4134 $
Language: en
[2018-11-23 01:58:53] [valid] Ep. 11 : Up. 95000 : translation : 28.64 : stalled 1 times
[2018-11-23 01:58:53] Saving model weights and runtime parameters to model/model.src0tgt0.batch70.npz.orig.npz
[2018-11-23 01:58:59] Saving model weights and runtime parameters to model/model.src0tgt0.batch70.npz
[2018-11-23 01:59:05] Saving Adam parameters to model/model.src0tgt0.batch70.npz.optimizer.npz
[2018-11-23 02:02:56] Ep. 11 : Up. 95500 : Sen. 508200 : Cost 2.23 : Time 378.72s : 2828.68 words/s : L.r. 1.2279e-04
[2018-11-23 02:06:31] Ep. 11 : Up. 96000 : Sen. 543200 : Cost 2.23 : Time 215.31s : 4962.57 words/s : L.r. 1.2247e-04
[2018-11-23 02:10:11] Ep. 11 : Up. 96500 : Sen. 578145 : Cost 2.24 : Time 219.78s : 4889.55 words/s : L.r. 1.2216e-04
[2018-11-23 02:13:41] Ep. 11 : Up. 97000 : Sen. 613145 : Cost 2.23 : Time 210.35s : 4968.95 words/s : L.r. 1.2184e-04
[2018-11-23 02:14:06] Seen 617625 samples
[2018-11-23 02:14:06] Starting epoch 12
[2018-11-23 02:14:06] [data] Shuffling files
[2018-11-23 02:14:08] [data] Done
[2018-11-23 02:17:16] Ep. 12 : Up. 97500 : Sen. 30520 : Cost 2.18 : Time 214.48s : 4831.99 words/s : L.r. 1.2153e-04
[2018-11-23 02:20:49] Ep. 12 : Up. 98000 : Sen. 65520 : Cost 2.17 : Time 213.50s : 4956.51 words/s : L.r. 1.2122e-04
[2018-11-23 02:24:21] Ep. 12 : Up. 98500 : Sen. 100520 : Cost 2.18 : Time 211.87s : 4978.02 words/s : L.r. 1.2091e-04
[2018-11-23 02:27:57] Ep. 12 : Up. 99000 : Sen. 135520 : Cost 2.18 : Time 216.23s : 4958.88 words/s : L.r. 1.2060e-04
[2018-11-23 02:31:33] Ep. 12 : Up. 99500 : Sen. 170520 : Cost 2.20 : Time 215.28s : 4984.82 words/s : L.r. 1.2030e-04
[2018-11-23 02:35:02] Ep. 12 : Up. 100000 : Sen. 205520 : Cost 2.18 : Time 208.75s : 4998.12 words/s : L.r. 1.2000e-04
[2018-11-23 02:35:14] [valid] Ep. 12 : Up. 100000 : ce-mean-words : 1.63218 : stalled 4 times
[2018-11-23 02:35:27] [valid] Ep. 12 : Up. 100000 : perplexity : 5.115 : stalled 4 times
Detokenizer Version $Revision: 4134 $
Language: en
[2018-11-23 02:37:16] [valid] Ep. 12 : Up. 100000 : translation : 28.67 : stalled 2 times
[2018-11-23 02:37:16] Saving model weights and runtime parameters to model/model.src0tgt0.batch70.npz.orig.npz
[2018-11-23 02:37:22] Saving model weights and runtime parameters to model/model.src0tgt0.batch70.npz
[2018-11-23 02:37:28] Saving Adam parameters to model/model.src0tgt0.batch70.npz.optimizer.npz
[2018-11-23 02:41:25] Ep. 12 : Up. 100500 : Sen. 240520 : Cost 2.20 : Time 383.18s : 2848.45 words/s : L.r. 1.1970e-04
[2018-11-23 02:44:58] Ep. 12 : Up. 101000 : Sen. 275520 : Cost 2.19 : Time 213.69s : 4889.87 words/s : L.r. 1.1940e-04
[2018-11-23 02:48:31] Ep. 12 : Up. 101500 : Sen. 310520 : Cost 2.20 : Time 212.51s : 4982.66 words/s : L.r. 1.1911e-04
[2018-11-23 02:52:05] Ep. 12 : Up. 102000 : Sen. 345520 : Cost 2.20 : Time 213.76s : 4923.01 words/s : L.r. 1.1882e-04
[2018-11-23 02:55:42] Ep. 12 : Up. 102500 : Sen. 380520 : Cost 2.21 : Time 217.36s : 4968.33 words/s : L.r. 1.1853e-04
[2018-11-23 02:59:10] Ep. 12 : Up. 103000 : Sen. 415520 : Cost 2.20 : Time 207.56s : 5002.92 words/s : L.r. 1.1824e-04
[2018-11-23 03:02:37] Ep. 12 : Up. 103500 : Sen. 450520 : Cost 2.20 : Time 207.19s : 4994.89 words/s : L.r. 1.1795e-04
[2018-11-23 03:06:15] Ep. 12 : Up. 104000 : Sen. 485520 : Cost 2.22 : Time 217.93s : 4989.45 words/s : L.r. 1.1767e-04
[2018-11-23 03:09:45] Ep. 12 : Up. 104500 : Sen. 520520 : Cost 2.20 : Time 210.59s : 4972.07 words/s : L.r. 1.1739e-04
[2018-11-23 03:13:19] Ep. 12 : Up. 105000 : Sen. 555520 : Cost 2.22 : Time 213.26s : 4975.01 words/s : L.r. 1.1711e-04
[2018-11-23 03:13:31] [valid] Ep. 12 : Up. 105000 : ce-mean-words : 1.63412 : stalled 5 times
[2018-11-23 03:13:44] [valid] Ep. 12 : Up. 105000 : perplexity : 5.12493 : stalled 5 times
Detokenizer Version $Revision: 4134 $
Language: en
[2018-11-23 03:15:32] Saving model weights and runtime parameters to model/model.src0tgt0.batch70.npz.best-translation.npz
[2018-11-23 03:15:38] [valid] Ep. 12 : Up. 105000 : translation : 28.71 : new best
[2018-11-23 03:15:38] Saving model weights and runtime parameters to model/model.src0tgt0.batch70.npz.orig.npz
[2018-11-23 03:15:44] Saving model weights and runtime parameters to model/model.src0tgt0.batch70.npz
[2018-11-23 03:15:50] Saving Adam parameters to model/model.src0tgt0.batch70.npz.optimizer.npz
[2018-11-23 03:16:01] Training finished
[2018-11-23 03:16:01] Saving model weights and runtime parameters to model/model.src0tgt0.batch70.npz.orig.npz
[2018-11-23 03:16:07] Saving model weights and runtime parameters to model/model.src0tgt0.batch70.npz
[2018-11-23 03:16:13] Saving Adam parameters to model/model.src0tgt0.batch70.npz.optimizer.npz
